 INFO 2016-05-04 13:24:31,016 [main] (ServiceGrouper.java:84) - Building indices for 
 INFO 2016-05-04 13:24:31,016 [main] (ServiceGrouper.java:84) - Building indices for 
 INFO 2016-05-04 13:24:31,018 [main] (ServiceGrouper.java:85) - {?region igeo:codeRegion ?v . 
?region igeo:subdivisionDirecte ?departement . 
?departement igeo:nom ?nom . 
?departement igeo:subdivisionDirecte ?arrondissement . 
?arrondissement igeo:subdivisionDirecte ?canton . 
?canton igeo:nom ?cantonNom . 
filter (?v = '11') 
filter (?cantonNom = 'Paris 14e  canton') }
 INFO 2016-05-04 13:24:31,018 [main] (ServiceGrouper.java:85) - {?region igeo:codeRegion ?v . 
?region igeo:subdivisionDirecte ?departement . 
?departement igeo:nom ?nom . 
?departement igeo:subdivisionDirecte ?arrondissement . 
?arrondissement igeo:subdivisionDirecte ?canton . 
?canton igeo:nom ?cantonNom . 
filter (?v = '11') 
filter (?cantonNom = 'Paris 14e  canton') }
 INFO 2016-05-04 13:24:31,149 [main] (ServiceGrouper.java:559) - Edge index
 INFO 2016-05-04 13:24:31,149 [main] (ServiceGrouper.java:559) - Edge index
 INFO 2016-05-04 13:24:31,149 [main] (ServiceGrouper.java:575) - Source index
 INFO 2016-05-04 13:24:31,149 [main] (ServiceGrouper.java:575) - Source index
 INFO 2016-05-04 13:24:31,150 [main] (ServiceGrouper.java:259) - Found consecutive triple patterns into {?region igeo:codeRegion ?v . 
?region igeo:subdivisionDirecte ?departement . 
?departement igeo:nom ?nom . 
?departement igeo:subdivisionDirecte ?arrondissement . 
?arrondissement igeo:subdivisionDirecte ?canton . 
?canton igeo:nom ?cantonNom . 
filter (?v = '11') 
filter (?cantonNom = 'Paris 14e  canton') }
 INFO 2016-05-04 13:24:31,150 [main] (ServiceGrouper.java:259) - Found consecutive triple patterns into {?region igeo:codeRegion ?v . 
?region igeo:subdivisionDirecte ?departement . 
?departement igeo:nom ?nom . 
?departement igeo:subdivisionDirecte ?arrondissement . 
?arrondissement igeo:subdivisionDirecte ?canton . 
?canton igeo:nom ?cantonNom . 
filter (?v = '11') 
filter (?cantonNom = 'Paris 14e  canton') }
 INFO 2016-05-04 13:24:31,150 [main] (ServiceGrouper.java:426) - Processing
[?region igeo:codeRegion ?v . , ?region igeo:subdivisionDirecte ?departement . , ?departement igeo:nom ?nom . , ?departement igeo:subdivisionDirecte ?arrondissement . , ?arrondissement igeo:subdivisionDirecte ?canton . , ?canton igeo:nom ?cantonNom . ]
 INFO 2016-05-04 13:24:31,150 [main] (ServiceGrouper.java:426) - Processing
[?region igeo:codeRegion ?v . , ?region igeo:subdivisionDirecte ?departement . , ?departement igeo:nom ?nom . , ?departement igeo:subdivisionDirecte ?arrondissement . , ?arrondissement igeo:subdivisionDirecte ?canton . , ?canton igeo:nom ?cantonNom . ]
 WARN 2016-05-04 13:24:31,150 [main] (ServiceGrouper.java:446) - Triple pattern ?region igeo:codeRegion ?v .  appears in more than one data source, excluded from SERVICE.
 WARN 2016-05-04 13:24:31,150 [main] (ServiceGrouper.java:446) - Triple pattern ?region igeo:codeRegion ?v .  appears in more than one data source, excluded from SERVICE.
 WARN 2016-05-04 13:24:31,151 [main] (ServiceGrouper.java:446) - Triple pattern ?region igeo:subdivisionDirecte ?departement .  appears in more than one data source, excluded from SERVICE.
 WARN 2016-05-04 13:24:31,151 [main] (ServiceGrouper.java:446) - Triple pattern ?region igeo:subdivisionDirecte ?departement .  appears in more than one data source, excluded from SERVICE.
 WARN 2016-05-04 13:24:31,151 [main] (ServiceGrouper.java:446) - Triple pattern ?departement igeo:subdivisionDirecte ?arrondissement .  appears in more than one data source, excluded from SERVICE.
 WARN 2016-05-04 13:24:31,151 [main] (ServiceGrouper.java:446) - Triple pattern ?departement igeo:subdivisionDirecte ?arrondissement .  appears in more than one data source, excluded from SERVICE.
 WARN 2016-05-04 13:24:31,151 [main] (ServiceGrouper.java:446) - Triple pattern ?arrondissement igeo:subdivisionDirecte ?canton .  appears in more than one data source, excluded from SERVICE.
 WARN 2016-05-04 13:24:31,151 [main] (ServiceGrouper.java:446) - Triple pattern ?arrondissement igeo:subdivisionDirecte ?canton .  appears in more than one data source, excluded from SERVICE.
 WARN 2016-05-04 13:24:31,152 [main] (ServiceGrouper.java:446) - Triple pattern ?region igeo:subdivisionDirecte ?departement .  appears in more than one data source, excluded from SERVICE.
 WARN 2016-05-04 13:24:31,152 [main] (ServiceGrouper.java:446) - Triple pattern ?region igeo:subdivisionDirecte ?departement .  appears in more than one data source, excluded from SERVICE.
 WARN 2016-05-04 13:24:31,152 [main] (ServiceGrouper.java:446) - Triple pattern ?departement igeo:nom ?nom .  appears in more than one data source, excluded from SERVICE.
 WARN 2016-05-04 13:24:31,152 [main] (ServiceGrouper.java:446) - Triple pattern ?departement igeo:nom ?nom .  appears in more than one data source, excluded from SERVICE.
 WARN 2016-05-04 13:24:31,152 [main] (ServiceGrouper.java:446) - Triple pattern ?departement igeo:subdivisionDirecte ?arrondissement .  appears in more than one data source, excluded from SERVICE.
 WARN 2016-05-04 13:24:31,152 [main] (ServiceGrouper.java:446) - Triple pattern ?departement igeo:subdivisionDirecte ?arrondissement .  appears in more than one data source, excluded from SERVICE.
 WARN 2016-05-04 13:24:31,152 [main] (ServiceGrouper.java:446) - Triple pattern ?arrondissement igeo:subdivisionDirecte ?canton .  appears in more than one data source, excluded from SERVICE.
 WARN 2016-05-04 13:24:31,152 [main] (ServiceGrouper.java:446) - Triple pattern ?arrondissement igeo:subdivisionDirecte ?canton .  appears in more than one data source, excluded from SERVICE.
 WARN 2016-05-04 13:24:31,153 [main] (ServiceGrouper.java:446) - Triple pattern ?canton igeo:nom ?cantonNom .  appears in more than one data source, excluded from SERVICE.
 WARN 2016-05-04 13:24:31,153 [main] (ServiceGrouper.java:446) - Triple pattern ?canton igeo:nom ?cantonNom .  appears in more than one data source, excluded from SERVICE.
 WARN 2016-05-04 13:24:31,153 [main] (ServiceGrouper.java:446) - Triple pattern ?region igeo:codeRegion ?v .  appears in more than one data source, excluded from SERVICE.
 WARN 2016-05-04 13:24:31,153 [main] (ServiceGrouper.java:446) - Triple pattern ?region igeo:codeRegion ?v .  appears in more than one data source, excluded from SERVICE.
 WARN 2016-05-04 13:24:31,153 [main] (ServiceGrouper.java:446) - Triple pattern ?departement igeo:nom ?nom .  appears in more than one data source, excluded from SERVICE.
 WARN 2016-05-04 13:24:31,153 [main] (ServiceGrouper.java:446) - Triple pattern ?departement igeo:nom ?nom .  appears in more than one data source, excluded from SERVICE.
 WARN 2016-05-04 13:24:31,153 [main] (ServiceGrouper.java:446) - Triple pattern ?canton igeo:nom ?cantonNom .  appears in more than one data source, excluded from SERVICE.
 WARN 2016-05-04 13:24:31,153 [main] (ServiceGrouper.java:446) - Triple pattern ?canton igeo:nom ?cantonNom .  appears in more than one data source, excluded from SERVICE.
 INFO 2016-05-04 13:24:31,153 [main] (ServiceGrouper.java:271) - Ranking : 
 INFO 2016-05-04 13:24:31,153 [main] (ServiceGrouper.java:271) - Ranking : 
 INFO 2016-05-04 13:24:31,154 [main] (ServiceGrouper.java:272) - {?region igeo:codeRegion ?v . 
?region igeo:subdivisionDirecte ?departement . 
?departement igeo:subdivisionDirecte ?arrondissement . 
?arrondissement igeo:subdivisionDirecte ?canton . 
?departement igeo:nom ?nom . 
?canton igeo:nom ?cantonNom . }
 INFO 2016-05-04 13:24:31,154 [main] (ServiceGrouper.java:272) - {?region igeo:codeRegion ?v . 
?region igeo:subdivisionDirecte ?departement . 
?departement igeo:subdivisionDirecte ?arrondissement . 
?arrondissement igeo:subdivisionDirecte ?canton . 
?departement igeo:nom ?nom . 
?canton igeo:nom ?cantonNom . }
 INFO 2016-05-04 13:24:31,154 [main] (ServiceGrouper.java:277) - 2 free variables for ?region igeo:codeRegion ?v . 
 INFO 2016-05-04 13:24:31,154 [main] (ServiceGrouper.java:277) - 2 free variables for ?region igeo:codeRegion ?v . 
 INFO 2016-05-04 13:24:31,154 [main] (ServiceGrouper.java:277) - 2 free variables for ?region igeo:subdivisionDirecte ?departement . 
 INFO 2016-05-04 13:24:31,154 [main] (ServiceGrouper.java:277) - 2 free variables for ?region igeo:subdivisionDirecte ?departement . 
 INFO 2016-05-04 13:24:31,154 [main] (ServiceGrouper.java:277) - 2 free variables for ?departement igeo:subdivisionDirecte ?arrondissement . 
 INFO 2016-05-04 13:24:31,154 [main] (ServiceGrouper.java:277) - 2 free variables for ?departement igeo:subdivisionDirecte ?arrondissement . 
 INFO 2016-05-04 13:24:31,155 [main] (ServiceGrouper.java:277) - 2 free variables for ?arrondissement igeo:subdivisionDirecte ?canton . 
 INFO 2016-05-04 13:24:31,155 [main] (ServiceGrouper.java:277) - 2 free variables for ?arrondissement igeo:subdivisionDirecte ?canton . 
 INFO 2016-05-04 13:24:31,155 [main] (ServiceGrouper.java:277) - 2 free variables for ?departement igeo:nom ?nom . 
 INFO 2016-05-04 13:24:31,155 [main] (ServiceGrouper.java:277) - 2 free variables for ?departement igeo:nom ?nom . 
 INFO 2016-05-04 13:24:31,155 [main] (ServiceGrouper.java:277) - 2 free variables for ?canton igeo:nom ?cantonNom . 
 INFO 2016-05-04 13:24:31,155 [main] (ServiceGrouper.java:277) - 2 free variables for ?canton igeo:nom ?cantonNom . 
 INFO 2016-05-04 13:24:31,155 [main] (ServiceGrouper.java:286) - Sorting services possibly with the same score
 INFO 2016-05-04 13:24:31,155 [main] (ServiceGrouper.java:286) - Sorting services possibly with the same score
 WARN 2016-05-04 13:24:31,156 [main] (ServiceGrouper.java:353) - Searching for ?region igeo:subdivisionDirecte ?departement .  in [?region igeo:codeRegion ?v . , ?region igeo:subdivisionDirecte ?departement . , ?departement igeo:nom ?nom . , ?departement igeo:subdivisionDirecte ?arrondissement . , ?arrondissement igeo:subdivisionDirecte ?canton . , ?canton igeo:nom ?cantonNom . ]
 WARN 2016-05-04 13:24:31,156 [main] (ServiceGrouper.java:353) - Searching for ?region igeo:subdivisionDirecte ?departement .  in [?region igeo:codeRegion ?v . , ?region igeo:subdivisionDirecte ?departement . , ?departement igeo:nom ?nom . , ?departement igeo:subdivisionDirecte ?arrondissement . , ?arrondissement igeo:subdivisionDirecte ?canton . , ?canton igeo:nom ?cantonNom . ]
 WARN 2016-05-04 13:24:31,156 [main] (ServiceGrouper.java:353) - Searching for ?canton igeo:nom ?cantonNom .  in [?region igeo:codeRegion ?v . , ?region igeo:subdivisionDirecte ?departement . , ?departement igeo:nom ?nom . , ?departement igeo:subdivisionDirecte ?arrondissement . , ?arrondissement igeo:subdivisionDirecte ?canton . , ?canton igeo:nom ?cantonNom . ]
 WARN 2016-05-04 13:24:31,156 [main] (ServiceGrouper.java:353) - Searching for ?canton igeo:nom ?cantonNom .  in [?region igeo:codeRegion ?v . , ?region igeo:subdivisionDirecte ?departement . , ?departement igeo:nom ?nom . , ?departement igeo:subdivisionDirecte ?arrondissement . , ?arrondissement igeo:subdivisionDirecte ?canton . , ?canton igeo:nom ?cantonNom . ]
 INFO 2016-05-04 13:24:31,156 [main] (ServiceGrouper.java:328) - Comparing : ?region igeo:subdivisionDirecte ?departement .  with ?canton igeo:nom ?cantonNom . 
 INFO 2016-05-04 13:24:31,156 [main] (ServiceGrouper.java:328) - Comparing : ?region igeo:subdivisionDirecte ?departement .  with ?canton igeo:nom ?cantonNom . 
 WARN 2016-05-04 13:24:31,157 [main] (ServiceGrouper.java:353) - Searching for ?departement igeo:nom ?nom .  in [?region igeo:codeRegion ?v . , ?region igeo:subdivisionDirecte ?departement . , ?departement igeo:nom ?nom . , ?departement igeo:subdivisionDirecte ?arrondissement . , ?arrondissement igeo:subdivisionDirecte ?canton . , ?canton igeo:nom ?cantonNom . ]
 WARN 2016-05-04 13:24:31,157 [main] (ServiceGrouper.java:353) - Searching for ?departement igeo:nom ?nom .  in [?region igeo:codeRegion ?v . , ?region igeo:subdivisionDirecte ?departement . , ?departement igeo:nom ?nom . , ?departement igeo:subdivisionDirecte ?arrondissement . , ?arrondissement igeo:subdivisionDirecte ?canton . , ?canton igeo:nom ?cantonNom . ]
 WARN 2016-05-04 13:24:31,157 [main] (ServiceGrouper.java:353) - Searching for ?region igeo:subdivisionDirecte ?departement .  in [?region igeo:codeRegion ?v . , ?region igeo:subdivisionDirecte ?departement . , ?departement igeo:nom ?nom . , ?departement igeo:subdivisionDirecte ?arrondissement . , ?arrondissement igeo:subdivisionDirecte ?canton . , ?canton igeo:nom ?cantonNom . ]
 WARN 2016-05-04 13:24:31,157 [main] (ServiceGrouper.java:353) - Searching for ?region igeo:subdivisionDirecte ?departement .  in [?region igeo:codeRegion ?v . , ?region igeo:subdivisionDirecte ?departement . , ?departement igeo:nom ?nom . , ?departement igeo:subdivisionDirecte ?arrondissement . , ?arrondissement igeo:subdivisionDirecte ?canton . , ?canton igeo:nom ?cantonNom . ]
 INFO 2016-05-04 13:24:31,157 [main] (ServiceGrouper.java:328) - Comparing : ?departement igeo:nom ?nom .  with ?region igeo:subdivisionDirecte ?departement . 
 INFO 2016-05-04 13:24:31,157 [main] (ServiceGrouper.java:328) - Comparing : ?departement igeo:nom ?nom .  with ?region igeo:subdivisionDirecte ?departement . 
 WARN 2016-05-04 13:24:31,157 [main] (ServiceGrouper.java:353) - Searching for ?departement igeo:nom ?nom .  in [?region igeo:codeRegion ?v . , ?region igeo:subdivisionDirecte ?departement . , ?departement igeo:nom ?nom . , ?departement igeo:subdivisionDirecte ?arrondissement . , ?arrondissement igeo:subdivisionDirecte ?canton . , ?canton igeo:nom ?cantonNom . ]
 WARN 2016-05-04 13:24:31,157 [main] (ServiceGrouper.java:353) - Searching for ?departement igeo:nom ?nom .  in [?region igeo:codeRegion ?v . , ?region igeo:subdivisionDirecte ?departement . , ?departement igeo:nom ?nom . , ?departement igeo:subdivisionDirecte ?arrondissement . , ?arrondissement igeo:subdivisionDirecte ?canton . , ?canton igeo:nom ?cantonNom . ]
 WARN 2016-05-04 13:24:31,158 [main] (ServiceGrouper.java:353) - Searching for ?canton igeo:nom ?cantonNom .  in [?region igeo:codeRegion ?v . , ?region igeo:subdivisionDirecte ?departement . , ?departement igeo:nom ?nom . , ?departement igeo:subdivisionDirecte ?arrondissement . , ?arrondissement igeo:subdivisionDirecte ?canton . , ?canton igeo:nom ?cantonNom . ]
 WARN 2016-05-04 13:24:31,158 [main] (ServiceGrouper.java:353) - Searching for ?canton igeo:nom ?cantonNom .  in [?region igeo:codeRegion ?v . , ?region igeo:subdivisionDirecte ?departement . , ?departement igeo:nom ?nom . , ?departement igeo:subdivisionDirecte ?arrondissement . , ?arrondissement igeo:subdivisionDirecte ?canton . , ?canton igeo:nom ?cantonNom . ]
 INFO 2016-05-04 13:24:31,158 [main] (ServiceGrouper.java:328) - Comparing : ?departement igeo:nom ?nom .  with ?canton igeo:nom ?cantonNom . 
 INFO 2016-05-04 13:24:31,158 [main] (ServiceGrouper.java:328) - Comparing : ?departement igeo:nom ?nom .  with ?canton igeo:nom ?cantonNom . 
 WARN 2016-05-04 13:24:31,158 [main] (ServiceGrouper.java:353) - Searching for ?departement igeo:nom ?nom .  in [?region igeo:codeRegion ?v . , ?region igeo:subdivisionDirecte ?departement . , ?departement igeo:nom ?nom . , ?departement igeo:subdivisionDirecte ?arrondissement . , ?arrondissement igeo:subdivisionDirecte ?canton . , ?canton igeo:nom ?cantonNom . ]
 WARN 2016-05-04 13:24:31,158 [main] (ServiceGrouper.java:353) - Searching for ?departement igeo:nom ?nom .  in [?region igeo:codeRegion ?v . , ?region igeo:subdivisionDirecte ?departement . , ?departement igeo:nom ?nom . , ?departement igeo:subdivisionDirecte ?arrondissement . , ?arrondissement igeo:subdivisionDirecte ?canton . , ?canton igeo:nom ?cantonNom . ]
 WARN 2016-05-04 13:24:31,158 [main] (ServiceGrouper.java:353) - Searching for ?region igeo:subdivisionDirecte ?departement .  in [?region igeo:codeRegion ?v . , ?region igeo:subdivisionDirecte ?departement . , ?departement igeo:nom ?nom . , ?departement igeo:subdivisionDirecte ?arrondissement . , ?arrondissement igeo:subdivisionDirecte ?canton . , ?canton igeo:nom ?cantonNom . ]
 WARN 2016-05-04 13:24:31,158 [main] (ServiceGrouper.java:353) - Searching for ?region igeo:subdivisionDirecte ?departement .  in [?region igeo:codeRegion ?v . , ?region igeo:subdivisionDirecte ?departement . , ?departement igeo:nom ?nom . , ?departement igeo:subdivisionDirecte ?arrondissement . , ?arrondissement igeo:subdivisionDirecte ?canton . , ?canton igeo:nom ?cantonNom . ]
 INFO 2016-05-04 13:24:31,158 [main] (ServiceGrouper.java:328) - Comparing : ?departement igeo:nom ?nom .  with ?region igeo:subdivisionDirecte ?departement . 
 INFO 2016-05-04 13:24:31,158 [main] (ServiceGrouper.java:328) - Comparing : ?departement igeo:nom ?nom .  with ?region igeo:subdivisionDirecte ?departement . 
 WARN 2016-05-04 13:24:31,159 [main] (ServiceGrouper.java:353) - Searching for ?arrondissement igeo:subdivisionDirecte ?canton .  in [?region igeo:codeRegion ?v . , ?region igeo:subdivisionDirecte ?departement . , ?departement igeo:nom ?nom . , ?departement igeo:subdivisionDirecte ?arrondissement . , ?arrondissement igeo:subdivisionDirecte ?canton . , ?canton igeo:nom ?cantonNom . ]
 WARN 2016-05-04 13:24:31,159 [main] (ServiceGrouper.java:353) - Searching for ?arrondissement igeo:subdivisionDirecte ?canton .  in [?region igeo:codeRegion ?v . , ?region igeo:subdivisionDirecte ?departement . , ?departement igeo:nom ?nom . , ?departement igeo:subdivisionDirecte ?arrondissement . , ?arrondissement igeo:subdivisionDirecte ?canton . , ?canton igeo:nom ?cantonNom . ]
 WARN 2016-05-04 13:24:31,159 [main] (ServiceGrouper.java:353) - Searching for ?departement igeo:nom ?nom .  in [?region igeo:codeRegion ?v . , ?region igeo:subdivisionDirecte ?departement . , ?departement igeo:nom ?nom . , ?departement igeo:subdivisionDirecte ?arrondissement . , ?arrondissement igeo:subdivisionDirecte ?canton . , ?canton igeo:nom ?cantonNom . ]
 WARN 2016-05-04 13:24:31,159 [main] (ServiceGrouper.java:353) - Searching for ?departement igeo:nom ?nom .  in [?region igeo:codeRegion ?v . , ?region igeo:subdivisionDirecte ?departement . , ?departement igeo:nom ?nom . , ?departement igeo:subdivisionDirecte ?arrondissement . , ?arrondissement igeo:subdivisionDirecte ?canton . , ?canton igeo:nom ?cantonNom . ]
 INFO 2016-05-04 13:24:31,159 [main] (ServiceGrouper.java:328) - Comparing : ?arrondissement igeo:subdivisionDirecte ?canton .  with ?departement igeo:nom ?nom . 
 INFO 2016-05-04 13:24:31,159 [main] (ServiceGrouper.java:328) - Comparing : ?arrondissement igeo:subdivisionDirecte ?canton .  with ?departement igeo:nom ?nom . 
 WARN 2016-05-04 13:24:31,159 [main] (ServiceGrouper.java:353) - Searching for ?arrondissement igeo:subdivisionDirecte ?canton .  in [?region igeo:codeRegion ?v . , ?region igeo:subdivisionDirecte ?departement . , ?departement igeo:nom ?nom . , ?departement igeo:subdivisionDirecte ?arrondissement . , ?arrondissement igeo:subdivisionDirecte ?canton . , ?canton igeo:nom ?cantonNom . ]
 WARN 2016-05-04 13:24:31,159 [main] (ServiceGrouper.java:353) - Searching for ?arrondissement igeo:subdivisionDirecte ?canton .  in [?region igeo:codeRegion ?v . , ?region igeo:subdivisionDirecte ?departement . , ?departement igeo:nom ?nom . , ?departement igeo:subdivisionDirecte ?arrondissement . , ?arrondissement igeo:subdivisionDirecte ?canton . , ?canton igeo:nom ?cantonNom . ]
 WARN 2016-05-04 13:24:31,159 [main] (ServiceGrouper.java:353) - Searching for ?canton igeo:nom ?cantonNom .  in [?region igeo:codeRegion ?v . , ?region igeo:subdivisionDirecte ?departement . , ?departement igeo:nom ?nom . , ?departement igeo:subdivisionDirecte ?arrondissement . , ?arrondissement igeo:subdivisionDirecte ?canton . , ?canton igeo:nom ?cantonNom . ]
 WARN 2016-05-04 13:24:31,159 [main] (ServiceGrouper.java:353) - Searching for ?canton igeo:nom ?cantonNom .  in [?region igeo:codeRegion ?v . , ?region igeo:subdivisionDirecte ?departement . , ?departement igeo:nom ?nom . , ?departement igeo:subdivisionDirecte ?arrondissement . , ?arrondissement igeo:subdivisionDirecte ?canton . , ?canton igeo:nom ?cantonNom . ]
 INFO 2016-05-04 13:24:31,160 [main] (ServiceGrouper.java:328) - Comparing : ?arrondissement igeo:subdivisionDirecte ?canton .  with ?canton igeo:nom ?cantonNom . 
 INFO 2016-05-04 13:24:31,160 [main] (ServiceGrouper.java:328) - Comparing : ?arrondissement igeo:subdivisionDirecte ?canton .  with ?canton igeo:nom ?cantonNom . 
 WARN 2016-05-04 13:24:31,160 [main] (ServiceGrouper.java:353) - Searching for ?departement igeo:subdivisionDirecte ?arrondissement .  in [?region igeo:codeRegion ?v . , ?region igeo:subdivisionDirecte ?departement . , ?departement igeo:nom ?nom . , ?departement igeo:subdivisionDirecte ?arrondissement . , ?arrondissement igeo:subdivisionDirecte ?canton . , ?canton igeo:nom ?cantonNom . ]
 WARN 2016-05-04 13:24:31,160 [main] (ServiceGrouper.java:353) - Searching for ?departement igeo:subdivisionDirecte ?arrondissement .  in [?region igeo:codeRegion ?v . , ?region igeo:subdivisionDirecte ?departement . , ?departement igeo:nom ?nom . , ?departement igeo:subdivisionDirecte ?arrondissement . , ?arrondissement igeo:subdivisionDirecte ?canton . , ?canton igeo:nom ?cantonNom . ]
 WARN 2016-05-04 13:24:31,160 [main] (ServiceGrouper.java:353) - Searching for ?arrondissement igeo:subdivisionDirecte ?canton .  in [?region igeo:codeRegion ?v . , ?region igeo:subdivisionDirecte ?departement . , ?departement igeo:nom ?nom . , ?departement igeo:subdivisionDirecte ?arrondissement . , ?arrondissement igeo:subdivisionDirecte ?canton . , ?canton igeo:nom ?cantonNom . ]
 WARN 2016-05-04 13:24:31,160 [main] (ServiceGrouper.java:353) - Searching for ?arrondissement igeo:subdivisionDirecte ?canton .  in [?region igeo:codeRegion ?v . , ?region igeo:subdivisionDirecte ?departement . , ?departement igeo:nom ?nom . , ?departement igeo:subdivisionDirecte ?arrondissement . , ?arrondissement igeo:subdivisionDirecte ?canton . , ?canton igeo:nom ?cantonNom . ]
 INFO 2016-05-04 13:24:31,160 [main] (ServiceGrouper.java:328) - Comparing : ?departement igeo:subdivisionDirecte ?arrondissement .  with ?arrondissement igeo:subdivisionDirecte ?canton . 
 INFO 2016-05-04 13:24:31,160 [main] (ServiceGrouper.java:328) - Comparing : ?departement igeo:subdivisionDirecte ?arrondissement .  with ?arrondissement igeo:subdivisionDirecte ?canton . 
 WARN 2016-05-04 13:24:31,161 [main] (ServiceGrouper.java:353) - Searching for ?departement igeo:subdivisionDirecte ?arrondissement .  in [?region igeo:codeRegion ?v . , ?region igeo:subdivisionDirecte ?departement . , ?departement igeo:nom ?nom . , ?departement igeo:subdivisionDirecte ?arrondissement . , ?arrondissement igeo:subdivisionDirecte ?canton . , ?canton igeo:nom ?cantonNom . ]
 WARN 2016-05-04 13:24:31,161 [main] (ServiceGrouper.java:353) - Searching for ?departement igeo:subdivisionDirecte ?arrondissement .  in [?region igeo:codeRegion ?v . , ?region igeo:subdivisionDirecte ?departement . , ?departement igeo:nom ?nom . , ?departement igeo:subdivisionDirecte ?arrondissement . , ?arrondissement igeo:subdivisionDirecte ?canton . , ?canton igeo:nom ?cantonNom . ]
 WARN 2016-05-04 13:24:31,161 [main] (ServiceGrouper.java:353) - Searching for ?departement igeo:nom ?nom .  in [?region igeo:codeRegion ?v . , ?region igeo:subdivisionDirecte ?departement . , ?departement igeo:nom ?nom . , ?departement igeo:subdivisionDirecte ?arrondissement . , ?arrondissement igeo:subdivisionDirecte ?canton . , ?canton igeo:nom ?cantonNom . ]
 WARN 2016-05-04 13:24:31,161 [main] (ServiceGrouper.java:353) - Searching for ?departement igeo:nom ?nom .  in [?region igeo:codeRegion ?v . , ?region igeo:subdivisionDirecte ?departement . , ?departement igeo:nom ?nom . , ?departement igeo:subdivisionDirecte ?arrondissement . , ?arrondissement igeo:subdivisionDirecte ?canton . , ?canton igeo:nom ?cantonNom . ]
 INFO 2016-05-04 13:24:31,161 [main] (ServiceGrouper.java:328) - Comparing : ?departement igeo:subdivisionDirecte ?arrondissement .  with ?departement igeo:nom ?nom . 
 INFO 2016-05-04 13:24:31,161 [main] (ServiceGrouper.java:328) - Comparing : ?departement igeo:subdivisionDirecte ?arrondissement .  with ?departement igeo:nom ?nom . 
 WARN 2016-05-04 13:24:31,161 [main] (ServiceGrouper.java:353) - Searching for ?region igeo:codeRegion ?v .  in [?region igeo:codeRegion ?v . , ?region igeo:subdivisionDirecte ?departement . , ?departement igeo:nom ?nom . , ?departement igeo:subdivisionDirecte ?arrondissement . , ?arrondissement igeo:subdivisionDirecte ?canton . , ?canton igeo:nom ?cantonNom . ]
 WARN 2016-05-04 13:24:31,161 [main] (ServiceGrouper.java:353) - Searching for ?region igeo:codeRegion ?v .  in [?region igeo:codeRegion ?v . , ?region igeo:subdivisionDirecte ?departement . , ?departement igeo:nom ?nom . , ?departement igeo:subdivisionDirecte ?arrondissement . , ?arrondissement igeo:subdivisionDirecte ?canton . , ?canton igeo:nom ?cantonNom . ]
 WARN 2016-05-04 13:24:31,162 [main] (ServiceGrouper.java:353) - Searching for ?departement igeo:subdivisionDirecte ?arrondissement .  in [?region igeo:codeRegion ?v . , ?region igeo:subdivisionDirecte ?departement . , ?departement igeo:nom ?nom . , ?departement igeo:subdivisionDirecte ?arrondissement . , ?arrondissement igeo:subdivisionDirecte ?canton . , ?canton igeo:nom ?cantonNom . ]
 WARN 2016-05-04 13:24:31,162 [main] (ServiceGrouper.java:353) - Searching for ?departement igeo:subdivisionDirecte ?arrondissement .  in [?region igeo:codeRegion ?v . , ?region igeo:subdivisionDirecte ?departement . , ?departement igeo:nom ?nom . , ?departement igeo:subdivisionDirecte ?arrondissement . , ?arrondissement igeo:subdivisionDirecte ?canton . , ?canton igeo:nom ?cantonNom . ]
 INFO 2016-05-04 13:24:31,162 [main] (ServiceGrouper.java:328) - Comparing : ?region igeo:codeRegion ?v .  with ?departement igeo:subdivisionDirecte ?arrondissement . 
 INFO 2016-05-04 13:24:31,162 [main] (ServiceGrouper.java:328) - Comparing : ?region igeo:codeRegion ?v .  with ?departement igeo:subdivisionDirecte ?arrondissement . 
 WARN 2016-05-04 13:24:31,162 [main] (ServiceGrouper.java:353) - Searching for ?region igeo:codeRegion ?v .  in [?region igeo:codeRegion ?v . , ?region igeo:subdivisionDirecte ?departement . , ?departement igeo:nom ?nom . , ?departement igeo:subdivisionDirecte ?arrondissement . , ?arrondissement igeo:subdivisionDirecte ?canton . , ?canton igeo:nom ?cantonNom . ]
 WARN 2016-05-04 13:24:31,162 [main] (ServiceGrouper.java:353) - Searching for ?region igeo:codeRegion ?v .  in [?region igeo:codeRegion ?v . , ?region igeo:subdivisionDirecte ?departement . , ?departement igeo:nom ?nom . , ?departement igeo:subdivisionDirecte ?arrondissement . , ?arrondissement igeo:subdivisionDirecte ?canton . , ?canton igeo:nom ?cantonNom . ]
 WARN 2016-05-04 13:24:31,162 [main] (ServiceGrouper.java:353) - Searching for ?departement igeo:nom ?nom .  in [?region igeo:codeRegion ?v . , ?region igeo:subdivisionDirecte ?departement . , ?departement igeo:nom ?nom . , ?departement igeo:subdivisionDirecte ?arrondissement . , ?arrondissement igeo:subdivisionDirecte ?canton . , ?canton igeo:nom ?cantonNom . ]
 WARN 2016-05-04 13:24:31,162 [main] (ServiceGrouper.java:353) - Searching for ?departement igeo:nom ?nom .  in [?region igeo:codeRegion ?v . , ?region igeo:subdivisionDirecte ?departement . , ?departement igeo:nom ?nom . , ?departement igeo:subdivisionDirecte ?arrondissement . , ?arrondissement igeo:subdivisionDirecte ?canton . , ?canton igeo:nom ?cantonNom . ]
 INFO 2016-05-04 13:24:31,162 [main] (ServiceGrouper.java:328) - Comparing : ?region igeo:codeRegion ?v .  with ?departement igeo:nom ?nom . 
 INFO 2016-05-04 13:24:31,162 [main] (ServiceGrouper.java:328) - Comparing : ?region igeo:codeRegion ?v .  with ?departement igeo:nom ?nom . 
 WARN 2016-05-04 13:24:31,163 [main] (ServiceGrouper.java:353) - Searching for ?region igeo:codeRegion ?v .  in [?region igeo:codeRegion ?v . , ?region igeo:subdivisionDirecte ?departement . , ?departement igeo:nom ?nom . , ?departement igeo:subdivisionDirecte ?arrondissement . , ?arrondissement igeo:subdivisionDirecte ?canton . , ?canton igeo:nom ?cantonNom . ]
 WARN 2016-05-04 13:24:31,163 [main] (ServiceGrouper.java:353) - Searching for ?region igeo:codeRegion ?v .  in [?region igeo:codeRegion ?v . , ?region igeo:subdivisionDirecte ?departement . , ?departement igeo:nom ?nom . , ?departement igeo:subdivisionDirecte ?arrondissement . , ?arrondissement igeo:subdivisionDirecte ?canton . , ?canton igeo:nom ?cantonNom . ]
 WARN 2016-05-04 13:24:31,163 [main] (ServiceGrouper.java:353) - Searching for ?region igeo:subdivisionDirecte ?departement .  in [?region igeo:codeRegion ?v . , ?region igeo:subdivisionDirecte ?departement . , ?departement igeo:nom ?nom . , ?departement igeo:subdivisionDirecte ?arrondissement . , ?arrondissement igeo:subdivisionDirecte ?canton . , ?canton igeo:nom ?cantonNom . ]
 WARN 2016-05-04 13:24:31,163 [main] (ServiceGrouper.java:353) - Searching for ?region igeo:subdivisionDirecte ?departement .  in [?region igeo:codeRegion ?v . , ?region igeo:subdivisionDirecte ?departement . , ?departement igeo:nom ?nom . , ?departement igeo:subdivisionDirecte ?arrondissement . , ?arrondissement igeo:subdivisionDirecte ?canton . , ?canton igeo:nom ?cantonNom . ]
 INFO 2016-05-04 13:24:31,163 [main] (ServiceGrouper.java:328) - Comparing : ?region igeo:codeRegion ?v .  with ?region igeo:subdivisionDirecte ?departement . 
 INFO 2016-05-04 13:24:31,163 [main] (ServiceGrouper.java:328) - Comparing : ?region igeo:codeRegion ?v .  with ?region igeo:subdivisionDirecte ?departement . 
 INFO 2016-05-04 13:24:31,163 [main] (ServiceGrouper.java:340) - {filter (?v = '11') 
filter (?cantonNom = 'Paris 14e  canton') 
?region igeo:codeRegion ?v . 
?region igeo:subdivisionDirecte ?departement . 
?departement igeo:nom ?nom . 
?departement igeo:subdivisionDirecte ?arrondissement . 
?arrondissement igeo:subdivisionDirecte ?canton . 
?canton igeo:nom ?cantonNom . }
 INFO 2016-05-04 13:24:31,163 [main] (ServiceGrouper.java:340) - {filter (?v = '11') 
filter (?cantonNom = 'Paris 14e  canton') 
?region igeo:codeRegion ?v . 
?region igeo:subdivisionDirecte ?departement . 
?departement igeo:nom ?nom . 
?departement igeo:subdivisionDirecte ?arrondissement . 
?arrondissement igeo:subdivisionDirecte ?canton . 
?canton igeo:nom ?cantonNom . }
 INFO 2016-05-04 13:24:31,164 [main] (ServiceGrouper.java:118) - Final rewritten query
 INFO 2016-05-04 13:24:31,164 [main] (ServiceGrouper.java:118) - Final rewritten query
 INFO 2016-05-04 13:24:31,165 [main] (ServiceGrouper.java:119) - prefix idemo: <http://rdf.insee.fr/def/demo#>
prefix igeo: <http://rdf.insee.fr/def/geo#>
select ?arrondissement ?cantonNom 
where
{filter (?v = '11') 
filter (?cantonNom = 'Paris 14e  canton') 
?region igeo:codeRegion ?v . 
?region igeo:subdivisionDirecte ?departement . 
?departement igeo:nom ?nom . 
?departement igeo:subdivisionDirecte ?arrondissement . 
?arrondissement igeo:subdivisionDirecte ?canton . 
?canton igeo:nom ?cantonNom . }
order by ?popTotale 


 INFO 2016-05-04 13:24:31,165 [main] (ServiceGrouper.java:119) - prefix idemo: <http://rdf.insee.fr/def/demo#>
prefix igeo: <http://rdf.insee.fr/def/geo#>
select ?arrondissement ?cantonNom 
where
{filter (?v = '11') 
filter (?cantonNom = 'Paris 14e  canton') 
?region igeo:codeRegion ?v . 
?region igeo:subdivisionDirecte ?departement . 
?departement igeo:nom ?nom . 
?departement igeo:subdivisionDirecte ?arrondissement . 
?arrondissement igeo:subdivisionDirecte ?canton . 
?canton igeo:nom ?cantonNom . }
order by ?popTotale 


ERROR 2016-05-04 13:24:31,167 [main] (ASTQuery.java:623) - OrderBy GroupBy Undefined exp: ?popTotale
ERROR 2016-05-04 13:24:31,167 [main] (ASTQuery.java:623) - OrderBy GroupBy Undefined exp: ?popTotale
 INFO 2016-05-04 13:24:31,168 [main] (ServiceGrouper.java:57) - Building predicates indices for AND{FILTER{(?v = '11')} FILTER{(?cantonNom = 'Paris 14e  canton')} EDGE{?region igeo:codeRegion ?v} EDGE{?region igeo:subdivisionDirecte ?departement} EDGE{?departement igeo:nom ?nom} EDGE{?departement igeo:subdivisionDirecte ?arrondissement} EDGE{?arrondissement igeo:subdivisionDirecte ?canton} EDGE{?canton igeo:nom ?cantonNom} }
 INFO 2016-05-04 13:24:31,168 [main] (ServiceGrouper.java:57) - Building predicates indices for AND{FILTER{(?v = '11')} FILTER{(?cantonNom = 'Paris 14e  canton')} EDGE{?region igeo:codeRegion ?v} EDGE{?region igeo:subdivisionDirecte ?departement} EDGE{?departement igeo:nom ?nom} EDGE{?departement igeo:subdivisionDirecte ?arrondissement} EDGE{?arrondissement igeo:subdivisionDirecte ?canton} EDGE{?canton igeo:nom ?cantonNom} }
 INFO 2016-05-04 13:24:31,169 [main] (ServiceGrouper.java:65) - END of building index!
 INFO 2016-05-04 13:24:31,169 [main] (ServiceGrouper.java:65) - END of building index!
 INFO 2016-05-04 13:24:31,183 [main] (ParallelMetaProducerLessBlocking.java:214) - Searching for BGP : BGP{EDGE{?region igeo:codeRegion ?v} EDGE{?region igeo:subdivisionDirecte ?departement} EDGE{?departement igeo:subdivisionDirecte ?arrondissement} EDGE{?arrondissement igeo:subdivisionDirecte ?canton} }
 INFO 2016-05-04 13:24:31,183 [main] (ParallelMetaProducerLessBlocking.java:214) - Searching for BGP : BGP{EDGE{?region igeo:codeRegion ?v} EDGE{?region igeo:subdivisionDirecte ?departement} EDGE{?departement igeo:subdivisionDirecte ?arrondissement} EDGE{?arrondissement igeo:subdivisionDirecte ?canton} }
 INFO 2016-05-04 13:24:31,185 [pool-1-thread-1] (CallableResult.java:56) - CallableResult for GetMappings
 INFO 2016-05-04 13:24:31,185 [pool-1-thread-1] (CallableResult.java:56) - CallableResult for GetMappings
 INFO 2016-05-04 13:24:31,186 [pool-1-thread-1] (RemoteQueryOptimizerFull.java:144) - BGP QUERY: 
 SELECT * WHERE { 
	 ?region igeo:codeRegion ?v . 
 	  FILTER ((?v = '11'))
	 ?region igeo:subdivisionDirecte ?departement . 
 	 ?departement igeo:subdivisionDirecte ?arrondissement . 
 	 ?arrondissement igeo:subdivisionDirecte ?canton . 
 } 
 INFO 2016-05-04 13:24:31,186 [pool-1-thread-1] (RemoteQueryOptimizerFull.java:144) - BGP QUERY: 
 SELECT * WHERE { 
	 ?region igeo:codeRegion ?v . 
 	  FILTER ((?v = '11'))
	 ?region igeo:subdivisionDirecte ?departement . 
 	 ?departement igeo:subdivisionDirecte ?arrondissement . 
 	 ?arrondissement igeo:subdivisionDirecte ?canton . 
 } 
 INFO 2016-05-04 13:24:31,203 [pool-1-thread-1] (CallableResult.java:59) - RESULTS: 0 FROM http://localhost:8085/sparql
 INFO 2016-05-04 13:24:31,203 [pool-1-thread-1] (CallableResult.java:59) - RESULTS: 0 FROM http://localhost:8085/sparql
 INFO 2016-05-04 13:24:31,203 [pool-1-thread-1] (CallableResult.java:63) - Finished CallableResult in 18 ms.
 INFO 2016-05-04 13:24:31,203 [pool-1-thread-1] (CallableResult.java:63) - Finished CallableResult in 18 ms.
 INFO 2016-05-04 13:24:31,204 [main] (ParallelMetaProducerLessBlocking.java:255) - Global results retrieved in getMappings 19ms.
 INFO 2016-05-04 13:24:31,204 [main] (ParallelMetaProducerLessBlocking.java:255) - Global results retrieved in getMappings 19ms.
 INFO 2016-05-04 13:24:31,204 [main] (Eval.java:1671) - 
	GET MAPPINGS in 23ms.
	 FOR BGP{EDGE{?region igeo:codeRegion ?v} EDGE{?region igeo:subdivisionDirecte ?departement} EDGE{?departement igeo:subdivisionDirecte ?arrondissement} EDGE{?arrondissement igeo:subdivisionDirecte ?canton} }

 INFO 2016-05-04 13:24:31,204 [main] (Eval.java:1671) - 
	GET MAPPINGS in 23ms.
	 FOR BGP{EDGE{?region igeo:codeRegion ?v} EDGE{?region igeo:subdivisionDirecte ?departement} EDGE{?departement igeo:subdivisionDirecte ?arrondissement} EDGE{?arrondissement igeo:subdivisionDirecte ?canton} }

 INFO 2016-05-04 13:24:31,207 [main] (ParallelMetaProducerLessBlocking.java:61) - Searching for edge : ?region igeo:codeRegion ?v
 INFO 2016-05-04 13:24:31,207 [main] (ParallelMetaProducerLessBlocking.java:61) - Searching for edge : ?region igeo:codeRegion ?v
 INFO 2016-05-04 13:24:31,207 [pool-2-thread-1] (CallableResult.java:52) - CallableResult for GetEdge
 INFO 2016-05-04 13:24:31,207 [pool-2-thread-1] (CallableResult.java:52) - CallableResult for GetEdge
 INFO 2016-05-04 13:24:31,207 [pool-2-thread-2] (CallableResult.java:52) - CallableResult for GetEdge
 INFO 2016-05-04 13:24:31,207 [pool-2-thread-2] (CallableResult.java:52) - CallableResult for GetEdge
 INFO 2016-05-04 13:24:31,286 [pool-2-thread-1] (CallableResult.java:63) - Finished CallableResult in 79 ms.
 INFO 2016-05-04 13:24:31,286 [pool-2-thread-1] (CallableResult.java:63) - Finished CallableResult in 79 ms.
 INFO 2016-05-04 13:24:31,302 [pool-2-thread-2] (CallableResult.java:63) - Finished CallableResult in 95 ms.
 INFO 2016-05-04 13:24:31,302 [pool-2-thread-2] (CallableResult.java:63) - Finished CallableResult in 95 ms.
 INFO 2016-05-04 13:24:31,302 [main] (ParallelMetaProducerLessBlocking.java:193) - Global results retrieved in getEdges 95ms.
 INFO 2016-05-04 13:24:31,302 [main] (ParallelMetaProducerLessBlocking.java:193) - Global results retrieved in getEdges 95ms.
 INFO 2016-05-04 13:24:31,303 [main] (ParallelMetaProducerLessBlocking.java:61) - Searching for edge : ?region igeo:subdivisionDirecte ?departement
 INFO 2016-05-04 13:24:31,303 [main] (ParallelMetaProducerLessBlocking.java:61) - Searching for edge : ?region igeo:subdivisionDirecte ?departement
 INFO 2016-05-04 13:24:31,304 [pool-3-thread-1] (CallableResult.java:52) - CallableResult for GetEdge
 INFO 2016-05-04 13:24:31,304 [pool-3-thread-1] (CallableResult.java:52) - CallableResult for GetEdge
 INFO 2016-05-04 13:24:31,304 [pool-3-thread-2] (CallableResult.java:52) - CallableResult for GetEdge
 INFO 2016-05-04 13:24:31,304 [pool-3-thread-2] (CallableResult.java:52) - CallableResult for GetEdge
 INFO 2016-05-04 13:24:31,312 [pool-3-thread-1] (CallableResult.java:63) - Finished CallableResult in 8 ms.
 INFO 2016-05-04 13:24:31,312 [pool-3-thread-1] (CallableResult.java:63) - Finished CallableResult in 8 ms.
 INFO 2016-05-04 13:24:31,328 [pool-3-thread-2] (CallableResult.java:63) - Finished CallableResult in 24 ms.
 INFO 2016-05-04 13:24:31,328 [pool-3-thread-2] (CallableResult.java:63) - Finished CallableResult in 24 ms.
 INFO 2016-05-04 13:24:31,329 [main] (ParallelMetaProducerLessBlocking.java:193) - Global results retrieved in getEdges 25ms.
 INFO 2016-05-04 13:24:31,329 [main] (ParallelMetaProducerLessBlocking.java:193) - Global results retrieved in getEdges 25ms.
 INFO 2016-05-04 13:24:31,329 [main] (ParallelMetaProducerLessBlocking.java:61) - Searching for edge : ?departement igeo:subdivisionDirecte ?arrondissement
 INFO 2016-05-04 13:24:31,329 [main] (ParallelMetaProducerLessBlocking.java:61) - Searching for edge : ?departement igeo:subdivisionDirecte ?arrondissement
 INFO 2016-05-04 13:24:31,330 [pool-4-thread-1] (CallableResult.java:52) - CallableResult for GetEdge
 INFO 2016-05-04 13:24:31,330 [pool-4-thread-1] (CallableResult.java:52) - CallableResult for GetEdge
 INFO 2016-05-04 13:24:31,330 [pool-4-thread-2] (CallableResult.java:52) - CallableResult for GetEdge
 INFO 2016-05-04 13:24:31,330 [pool-4-thread-2] (CallableResult.java:52) - CallableResult for GetEdge
 INFO 2016-05-04 13:24:31,335 [pool-4-thread-2] (CallableResult.java:63) - Finished CallableResult in 5 ms.
 INFO 2016-05-04 13:24:31,335 [pool-4-thread-2] (CallableResult.java:63) - Finished CallableResult in 5 ms.
 INFO 2016-05-04 13:24:31,356 [pool-4-thread-1] (CallableResult.java:63) - Finished CallableResult in 26 ms.
 INFO 2016-05-04 13:24:31,356 [pool-4-thread-1] (CallableResult.java:63) - Finished CallableResult in 26 ms.
 INFO 2016-05-04 13:24:31,356 [main] (ParallelMetaProducerLessBlocking.java:193) - Global results retrieved in getEdges 26ms.
 INFO 2016-05-04 13:24:31,356 [main] (ParallelMetaProducerLessBlocking.java:193) - Global results retrieved in getEdges 26ms.
 INFO 2016-05-04 13:24:31,357 [main] (ParallelMetaProducerLessBlocking.java:61) - Searching for edge : ?arrondissement igeo:subdivisionDirecte ?canton
 INFO 2016-05-04 13:24:31,357 [main] (ParallelMetaProducerLessBlocking.java:61) - Searching for edge : ?arrondissement igeo:subdivisionDirecte ?canton
 INFO 2016-05-04 13:24:31,357 [pool-5-thread-1] (CallableResult.java:52) - CallableResult for GetEdge
 INFO 2016-05-04 13:24:31,357 [pool-5-thread-1] (CallableResult.java:52) - CallableResult for GetEdge
 INFO 2016-05-04 13:24:31,357 [pool-5-thread-2] (CallableResult.java:52) - CallableResult for GetEdge
 INFO 2016-05-04 13:24:31,357 [pool-5-thread-2] (CallableResult.java:52) - CallableResult for GetEdge
 INFO 2016-05-04 13:24:31,365 [pool-5-thread-2] (CallableResult.java:63) - Finished CallableResult in 8 ms.
 INFO 2016-05-04 13:24:31,365 [pool-5-thread-2] (CallableResult.java:63) - Finished CallableResult in 8 ms.
 INFO 2016-05-04 13:24:31,489 [pool-5-thread-1] (CallableResult.java:63) - Finished CallableResult in 132 ms.
 INFO 2016-05-04 13:24:31,489 [pool-5-thread-1] (CallableResult.java:63) - Finished CallableResult in 132 ms.
 INFO 2016-05-04 13:24:31,491 [main] (ParallelMetaProducerLessBlocking.java:193) - Global results retrieved in getEdges 134ms.
 INFO 2016-05-04 13:24:31,491 [main] (ParallelMetaProducerLessBlocking.java:193) - Global results retrieved in getEdges 134ms.
 INFO 2016-05-04 13:24:31,492 [main] (Eval.java:2177) - 
	Get EDGE in 136ms.  
	FOR EDGE{?arrondissement igeo:subdivisionDirecte ?canton}

 INFO 2016-05-04 13:24:31,492 [main] (Eval.java:2177) - 
	Get EDGE in 136ms.  
	FOR EDGE{?arrondissement igeo:subdivisionDirecte ?canton}

 INFO 2016-05-04 13:24:31,492 [main] (ParallelMetaProducerLessBlocking.java:61) - Searching for edge : ?arrondissement igeo:subdivisionDirecte ?canton
 INFO 2016-05-04 13:24:31,492 [main] (ParallelMetaProducerLessBlocking.java:61) - Searching for edge : ?arrondissement igeo:subdivisionDirecte ?canton
 INFO 2016-05-04 13:24:31,493 [pool-6-thread-1] (CallableResult.java:52) - CallableResult for GetEdge
 INFO 2016-05-04 13:24:31,493 [pool-6-thread-1] (CallableResult.java:52) - CallableResult for GetEdge
 INFO 2016-05-04 13:24:31,493 [pool-6-thread-2] (CallableResult.java:52) - CallableResult for GetEdge
 INFO 2016-05-04 13:24:31,493 [pool-6-thread-2] (CallableResult.java:52) - CallableResult for GetEdge
 INFO 2016-05-04 13:24:31,497 [pool-6-thread-2] (CallableResult.java:63) - Finished CallableResult in 4 ms.
 INFO 2016-05-04 13:24:31,497 [pool-6-thread-2] (CallableResult.java:63) - Finished CallableResult in 4 ms.
 INFO 2016-05-04 13:24:31,575 [pool-6-thread-1] (CallableResult.java:63) - Finished CallableResult in 82 ms.
 INFO 2016-05-04 13:24:31,575 [pool-6-thread-1] (CallableResult.java:63) - Finished CallableResult in 82 ms.
 INFO 2016-05-04 13:24:31,577 [main] (ParallelMetaProducerLessBlocking.java:193) - Global results retrieved in getEdges 84ms.
 INFO 2016-05-04 13:24:31,577 [main] (ParallelMetaProducerLessBlocking.java:193) - Global results retrieved in getEdges 84ms.
 INFO 2016-05-04 13:24:31,578 [main] (Eval.java:2177) - 
	Get EDGE in 86ms.  
	FOR EDGE{?arrondissement igeo:subdivisionDirecte ?canton}

 INFO 2016-05-04 13:24:31,578 [main] (Eval.java:2177) - 
	Get EDGE in 86ms.  
	FOR EDGE{?arrondissement igeo:subdivisionDirecte ?canton}

 INFO 2016-05-04 13:24:31,579 [main] (ParallelMetaProducerLessBlocking.java:61) - Searching for edge : ?arrondissement igeo:subdivisionDirecte ?canton
 INFO 2016-05-04 13:24:31,579 [main] (ParallelMetaProducerLessBlocking.java:61) - Searching for edge : ?arrondissement igeo:subdivisionDirecte ?canton
 INFO 2016-05-04 13:24:31,579 [pool-7-thread-1] (CallableResult.java:52) - CallableResult for GetEdge
 INFO 2016-05-04 13:24:31,579 [pool-7-thread-1] (CallableResult.java:52) - CallableResult for GetEdge
 INFO 2016-05-04 13:24:31,579 [pool-7-thread-2] (CallableResult.java:52) - CallableResult for GetEdge
 INFO 2016-05-04 13:24:31,579 [pool-7-thread-2] (CallableResult.java:52) - CallableResult for GetEdge
 INFO 2016-05-04 13:24:31,583 [pool-7-thread-2] (CallableResult.java:63) - Finished CallableResult in 4 ms.
 INFO 2016-05-04 13:24:31,583 [pool-7-thread-2] (CallableResult.java:63) - Finished CallableResult in 4 ms.
 INFO 2016-05-04 13:24:31,697 [pool-7-thread-1] (CallableResult.java:63) - Finished CallableResult in 118 ms.
 INFO 2016-05-04 13:24:31,697 [pool-7-thread-1] (CallableResult.java:63) - Finished CallableResult in 118 ms.
 INFO 2016-05-04 13:24:31,699 [main] (ParallelMetaProducerLessBlocking.java:193) - Global results retrieved in getEdges 120ms.
 INFO 2016-05-04 13:24:31,699 [main] (ParallelMetaProducerLessBlocking.java:193) - Global results retrieved in getEdges 120ms.
 INFO 2016-05-04 13:24:31,700 [main] (Eval.java:2177) - 
	Get EDGE in 121ms.  
	FOR EDGE{?arrondissement igeo:subdivisionDirecte ?canton}

 INFO 2016-05-04 13:24:31,700 [main] (Eval.java:2177) - 
	Get EDGE in 121ms.  
	FOR EDGE{?arrondissement igeo:subdivisionDirecte ?canton}

 INFO 2016-05-04 13:24:31,701 [main] (ParallelMetaProducerLessBlocking.java:61) - Searching for edge : ?arrondissement igeo:subdivisionDirecte ?canton
 INFO 2016-05-04 13:24:31,701 [main] (ParallelMetaProducerLessBlocking.java:61) - Searching for edge : ?arrondissement igeo:subdivisionDirecte ?canton
 INFO 2016-05-04 13:24:31,701 [pool-8-thread-1] (CallableResult.java:52) - CallableResult for GetEdge
 INFO 2016-05-04 13:24:31,701 [pool-8-thread-1] (CallableResult.java:52) - CallableResult for GetEdge
 INFO 2016-05-04 13:24:31,701 [pool-8-thread-2] (CallableResult.java:52) - CallableResult for GetEdge
 INFO 2016-05-04 13:24:31,701 [pool-8-thread-2] (CallableResult.java:52) - CallableResult for GetEdge
 INFO 2016-05-04 13:24:31,705 [pool-8-thread-2] (CallableResult.java:63) - Finished CallableResult in 4 ms.
 INFO 2016-05-04 13:24:31,705 [pool-8-thread-2] (CallableResult.java:63) - Finished CallableResult in 4 ms.
 INFO 2016-05-04 13:24:31,736 [pool-8-thread-1] (CallableResult.java:63) - Finished CallableResult in 35 ms.
 INFO 2016-05-04 13:24:31,736 [pool-8-thread-1] (CallableResult.java:63) - Finished CallableResult in 35 ms.
 INFO 2016-05-04 13:24:31,737 [main] (ParallelMetaProducerLessBlocking.java:193) - Global results retrieved in getEdges 36ms.
 INFO 2016-05-04 13:24:31,737 [main] (ParallelMetaProducerLessBlocking.java:193) - Global results retrieved in getEdges 36ms.
 INFO 2016-05-04 13:24:31,738 [main] (Eval.java:2177) - 
	Get EDGE in 37ms.  
	FOR EDGE{?arrondissement igeo:subdivisionDirecte ?canton}

 INFO 2016-05-04 13:24:31,738 [main] (Eval.java:2177) - 
	Get EDGE in 37ms.  
	FOR EDGE{?arrondissement igeo:subdivisionDirecte ?canton}

 INFO 2016-05-04 13:24:31,738 [main] (Eval.java:2177) - 
	Get EDGE in 409ms.  
	FOR EDGE{?departement igeo:subdivisionDirecte ?arrondissement}

 INFO 2016-05-04 13:24:31,738 [main] (Eval.java:2177) - 
	Get EDGE in 409ms.  
	FOR EDGE{?departement igeo:subdivisionDirecte ?arrondissement}

 INFO 2016-05-04 13:24:31,738 [main] (ParallelMetaProducerLessBlocking.java:61) - Searching for edge : ?departement igeo:subdivisionDirecte ?arrondissement
 INFO 2016-05-04 13:24:31,738 [main] (ParallelMetaProducerLessBlocking.java:61) - Searching for edge : ?departement igeo:subdivisionDirecte ?arrondissement
 INFO 2016-05-04 13:24:31,739 [pool-9-thread-1] (CallableResult.java:52) - CallableResult for GetEdge
 INFO 2016-05-04 13:24:31,739 [pool-9-thread-1] (CallableResult.java:52) - CallableResult for GetEdge
 INFO 2016-05-04 13:24:31,739 [pool-9-thread-2] (CallableResult.java:52) - CallableResult for GetEdge
 INFO 2016-05-04 13:24:31,739 [pool-9-thread-2] (CallableResult.java:52) - CallableResult for GetEdge
 INFO 2016-05-04 13:24:31,743 [pool-9-thread-2] (CallableResult.java:63) - Finished CallableResult in 4 ms.
 INFO 2016-05-04 13:24:31,743 [pool-9-thread-2] (CallableResult.java:63) - Finished CallableResult in 4 ms.
 INFO 2016-05-04 13:24:31,747 [pool-9-thread-1] (CallableResult.java:63) - Finished CallableResult in 8 ms.
 INFO 2016-05-04 13:24:31,747 [pool-9-thread-1] (CallableResult.java:63) - Finished CallableResult in 8 ms.
 INFO 2016-05-04 13:24:31,747 [main] (ParallelMetaProducerLessBlocking.java:193) - Global results retrieved in getEdges 8ms.
 INFO 2016-05-04 13:24:31,747 [main] (ParallelMetaProducerLessBlocking.java:193) - Global results retrieved in getEdges 8ms.
 INFO 2016-05-04 13:24:31,748 [main] (ParallelMetaProducerLessBlocking.java:61) - Searching for edge : ?arrondissement igeo:subdivisionDirecte ?canton
 INFO 2016-05-04 13:24:31,748 [main] (ParallelMetaProducerLessBlocking.java:61) - Searching for edge : ?arrondissement igeo:subdivisionDirecte ?canton
 INFO 2016-05-04 13:24:31,748 [pool-10-thread-1] (CallableResult.java:52) - CallableResult for GetEdge
 INFO 2016-05-04 13:24:31,748 [pool-10-thread-1] (CallableResult.java:52) - CallableResult for GetEdge
 INFO 2016-05-04 13:24:31,748 [pool-10-thread-2] (CallableResult.java:52) - CallableResult for GetEdge
 INFO 2016-05-04 13:24:31,748 [pool-10-thread-2] (CallableResult.java:52) - CallableResult for GetEdge
 INFO 2016-05-04 13:24:31,752 [pool-10-thread-2] (CallableResult.java:63) - Finished CallableResult in 4 ms.
 INFO 2016-05-04 13:24:31,752 [pool-10-thread-2] (CallableResult.java:63) - Finished CallableResult in 4 ms.
 INFO 2016-05-04 13:24:31,753 [pool-10-thread-1] (CallableResult.java:63) - Finished CallableResult in 5 ms.
 INFO 2016-05-04 13:24:31,753 [pool-10-thread-1] (CallableResult.java:63) - Finished CallableResult in 5 ms.
 INFO 2016-05-04 13:24:31,753 [main] (ParallelMetaProducerLessBlocking.java:193) - Global results retrieved in getEdges 5ms.
 INFO 2016-05-04 13:24:31,753 [main] (ParallelMetaProducerLessBlocking.java:193) - Global results retrieved in getEdges 5ms.
 INFO 2016-05-04 13:24:31,753 [main] (Eval.java:2177) - 
	Get EDGE in 6ms.  
	FOR EDGE{?arrondissement igeo:subdivisionDirecte ?canton}

 INFO 2016-05-04 13:24:31,753 [main] (Eval.java:2177) - 
	Get EDGE in 6ms.  
	FOR EDGE{?arrondissement igeo:subdivisionDirecte ?canton}

 INFO 2016-05-04 13:24:31,753 [main] (Eval.java:2177) - 
	Get EDGE in 15ms.  
	FOR EDGE{?departement igeo:subdivisionDirecte ?arrondissement}

 INFO 2016-05-04 13:24:31,753 [main] (Eval.java:2177) - 
	Get EDGE in 15ms.  
	FOR EDGE{?departement igeo:subdivisionDirecte ?arrondissement}

 INFO 2016-05-04 13:24:31,754 [main] (ParallelMetaProducerLessBlocking.java:61) - Searching for edge : ?departement igeo:subdivisionDirecte ?arrondissement
 INFO 2016-05-04 13:24:31,754 [main] (ParallelMetaProducerLessBlocking.java:61) - Searching for edge : ?departement igeo:subdivisionDirecte ?arrondissement
 INFO 2016-05-04 13:24:31,754 [pool-11-thread-1] (CallableResult.java:52) - CallableResult for GetEdge
 INFO 2016-05-04 13:24:31,754 [pool-11-thread-1] (CallableResult.java:52) - CallableResult for GetEdge
 INFO 2016-05-04 13:24:31,754 [pool-11-thread-2] (CallableResult.java:52) - CallableResult for GetEdge
 INFO 2016-05-04 13:24:31,754 [pool-11-thread-2] (CallableResult.java:52) - CallableResult for GetEdge
 INFO 2016-05-04 13:24:31,758 [pool-11-thread-2] (CallableResult.java:63) - Finished CallableResult in 4 ms.
 INFO 2016-05-04 13:24:31,758 [pool-11-thread-2] (CallableResult.java:63) - Finished CallableResult in 4 ms.
 INFO 2016-05-04 13:24:31,762 [pool-11-thread-1] (CallableResult.java:63) - Finished CallableResult in 8 ms.
 INFO 2016-05-04 13:24:31,762 [pool-11-thread-1] (CallableResult.java:63) - Finished CallableResult in 8 ms.
 INFO 2016-05-04 13:24:31,762 [main] (ParallelMetaProducerLessBlocking.java:193) - Global results retrieved in getEdges 8ms.
 INFO 2016-05-04 13:24:31,762 [main] (ParallelMetaProducerLessBlocking.java:193) - Global results retrieved in getEdges 8ms.
 INFO 2016-05-04 13:24:31,763 [main] (ParallelMetaProducerLessBlocking.java:61) - Searching for edge : ?arrondissement igeo:subdivisionDirecte ?canton
 INFO 2016-05-04 13:24:31,763 [main] (ParallelMetaProducerLessBlocking.java:61) - Searching for edge : ?arrondissement igeo:subdivisionDirecte ?canton
 INFO 2016-05-04 13:24:31,763 [pool-12-thread-1] (CallableResult.java:52) - CallableResult for GetEdge
 INFO 2016-05-04 13:24:31,763 [pool-12-thread-1] (CallableResult.java:52) - CallableResult for GetEdge
 INFO 2016-05-04 13:24:31,785 [pool-12-thread-2] (CallableResult.java:52) - CallableResult for GetEdge
 INFO 2016-05-04 13:24:31,785 [pool-12-thread-2] (CallableResult.java:52) - CallableResult for GetEdge
 INFO 2016-05-04 13:24:31,788 [pool-12-thread-2] (CallableResult.java:63) - Finished CallableResult in 3 ms.
 INFO 2016-05-04 13:24:31,788 [pool-12-thread-2] (CallableResult.java:63) - Finished CallableResult in 3 ms.
 INFO 2016-05-04 13:24:31,920 [pool-12-thread-1] (CallableResult.java:63) - Finished CallableResult in 157 ms.
 INFO 2016-05-04 13:24:31,920 [pool-12-thread-1] (CallableResult.java:63) - Finished CallableResult in 157 ms.
 INFO 2016-05-04 13:24:31,921 [main] (ParallelMetaProducerLessBlocking.java:193) - Global results retrieved in getEdges 158ms.
 INFO 2016-05-04 13:24:31,921 [main] (ParallelMetaProducerLessBlocking.java:193) - Global results retrieved in getEdges 158ms.
 INFO 2016-05-04 13:24:31,923 [main] (Eval.java:2177) - 
	Get EDGE in 160ms.  
	FOR EDGE{?arrondissement igeo:subdivisionDirecte ?canton}

 INFO 2016-05-04 13:24:31,923 [main] (Eval.java:2177) - 
	Get EDGE in 160ms.  
	FOR EDGE{?arrondissement igeo:subdivisionDirecte ?canton}

 INFO 2016-05-04 13:24:31,923 [main] (ParallelMetaProducerLessBlocking.java:61) - Searching for edge : ?arrondissement igeo:subdivisionDirecte ?canton
 INFO 2016-05-04 13:24:31,923 [main] (ParallelMetaProducerLessBlocking.java:61) - Searching for edge : ?arrondissement igeo:subdivisionDirecte ?canton
 INFO 2016-05-04 13:24:31,924 [pool-13-thread-1] (CallableResult.java:52) - CallableResult for GetEdge
 INFO 2016-05-04 13:24:31,924 [pool-13-thread-1] (CallableResult.java:52) - CallableResult for GetEdge
 INFO 2016-05-04 13:24:31,924 [pool-13-thread-2] (CallableResult.java:52) - CallableResult for GetEdge
 INFO 2016-05-04 13:24:31,924 [pool-13-thread-2] (CallableResult.java:52) - CallableResult for GetEdge
 INFO 2016-05-04 13:24:31,927 [pool-13-thread-2] (CallableResult.java:63) - Finished CallableResult in 3 ms.
 INFO 2016-05-04 13:24:31,927 [pool-13-thread-2] (CallableResult.java:63) - Finished CallableResult in 3 ms.
 INFO 2016-05-04 13:24:31,965 [pool-13-thread-1] (CallableResult.java:63) - Finished CallableResult in 41 ms.
 INFO 2016-05-04 13:24:31,965 [pool-13-thread-1] (CallableResult.java:63) - Finished CallableResult in 41 ms.
 INFO 2016-05-04 13:24:31,966 [main] (ParallelMetaProducerLessBlocking.java:193) - Global results retrieved in getEdges 42ms.
 INFO 2016-05-04 13:24:31,966 [main] (ParallelMetaProducerLessBlocking.java:193) - Global results retrieved in getEdges 42ms.
 INFO 2016-05-04 13:24:31,966 [main] (Eval.java:2177) - 
	Get EDGE in 43ms.  
	FOR EDGE{?arrondissement igeo:subdivisionDirecte ?canton}

 INFO 2016-05-04 13:24:31,966 [main] (Eval.java:2177) - 
	Get EDGE in 43ms.  
	FOR EDGE{?arrondissement igeo:subdivisionDirecte ?canton}

 INFO 2016-05-04 13:24:31,967 [main] (ParallelMetaProducerLessBlocking.java:61) - Searching for edge : ?arrondissement igeo:subdivisionDirecte ?canton
 INFO 2016-05-04 13:24:31,967 [main] (ParallelMetaProducerLessBlocking.java:61) - Searching for edge : ?arrondissement igeo:subdivisionDirecte ?canton
 INFO 2016-05-04 13:24:31,967 [pool-14-thread-2] (CallableResult.java:52) - CallableResult for GetEdge
 INFO 2016-05-04 13:24:31,967 [pool-14-thread-2] (CallableResult.java:52) - CallableResult for GetEdge
 INFO 2016-05-04 13:24:31,968 [pool-14-thread-1] (CallableResult.java:52) - CallableResult for GetEdge
 INFO 2016-05-04 13:24:31,968 [pool-14-thread-1] (CallableResult.java:52) - CallableResult for GetEdge
 INFO 2016-05-04 13:24:31,971 [pool-14-thread-2] (CallableResult.java:63) - Finished CallableResult in 4 ms.
 INFO 2016-05-04 13:24:31,971 [pool-14-thread-2] (CallableResult.java:63) - Finished CallableResult in 4 ms.
 INFO 2016-05-04 13:24:32,043 [pool-14-thread-1] (CallableResult.java:63) - Finished CallableResult in 75 ms.
 INFO 2016-05-04 13:24:32,043 [pool-14-thread-1] (CallableResult.java:63) - Finished CallableResult in 75 ms.
 INFO 2016-05-04 13:24:32,045 [main] (ParallelMetaProducerLessBlocking.java:193) - Global results retrieved in getEdges 78ms.
 INFO 2016-05-04 13:24:32,045 [main] (ParallelMetaProducerLessBlocking.java:193) - Global results retrieved in getEdges 78ms.
 INFO 2016-05-04 13:24:32,046 [main] (Eval.java:2177) - 
	Get EDGE in 79ms.  
	FOR EDGE{?arrondissement igeo:subdivisionDirecte ?canton}

 INFO 2016-05-04 13:24:32,046 [main] (Eval.java:2177) - 
	Get EDGE in 79ms.  
	FOR EDGE{?arrondissement igeo:subdivisionDirecte ?canton}

 INFO 2016-05-04 13:24:32,046 [main] (ParallelMetaProducerLessBlocking.java:61) - Searching for edge : ?arrondissement igeo:subdivisionDirecte ?canton
 INFO 2016-05-04 13:24:32,046 [main] (ParallelMetaProducerLessBlocking.java:61) - Searching for edge : ?arrondissement igeo:subdivisionDirecte ?canton
 INFO 2016-05-04 13:24:32,047 [pool-15-thread-1] (CallableResult.java:52) - CallableResult for GetEdge
 INFO 2016-05-04 13:24:32,047 [pool-15-thread-1] (CallableResult.java:52) - CallableResult for GetEdge
 INFO 2016-05-04 13:24:32,047 [pool-15-thread-2] (CallableResult.java:52) - CallableResult for GetEdge
 INFO 2016-05-04 13:24:32,047 [pool-15-thread-2] (CallableResult.java:52) - CallableResult for GetEdge
 INFO 2016-05-04 13:24:32,051 [pool-15-thread-2] (CallableResult.java:63) - Finished CallableResult in 4 ms.
 INFO 2016-05-04 13:24:32,051 [pool-15-thread-2] (CallableResult.java:63) - Finished CallableResult in 4 ms.
 INFO 2016-05-04 13:24:32,119 [pool-15-thread-1] (CallableResult.java:63) - Finished CallableResult in 72 ms.
 INFO 2016-05-04 13:24:32,119 [pool-15-thread-1] (CallableResult.java:63) - Finished CallableResult in 72 ms.
 INFO 2016-05-04 13:24:32,120 [main] (ParallelMetaProducerLessBlocking.java:193) - Global results retrieved in getEdges 73ms.
 INFO 2016-05-04 13:24:32,120 [main] (ParallelMetaProducerLessBlocking.java:193) - Global results retrieved in getEdges 73ms.
 INFO 2016-05-04 13:24:32,121 [main] (Eval.java:2177) - 
	Get EDGE in 75ms.  
	FOR EDGE{?arrondissement igeo:subdivisionDirecte ?canton}

 INFO 2016-05-04 13:24:32,121 [main] (Eval.java:2177) - 
	Get EDGE in 75ms.  
	FOR EDGE{?arrondissement igeo:subdivisionDirecte ?canton}

 INFO 2016-05-04 13:24:32,121 [main] (ParallelMetaProducerLessBlocking.java:61) - Searching for edge : ?arrondissement igeo:subdivisionDirecte ?canton
 INFO 2016-05-04 13:24:32,121 [main] (ParallelMetaProducerLessBlocking.java:61) - Searching for edge : ?arrondissement igeo:subdivisionDirecte ?canton
 INFO 2016-05-04 13:24:32,122 [pool-16-thread-1] (CallableResult.java:52) - CallableResult for GetEdge
 INFO 2016-05-04 13:24:32,122 [pool-16-thread-1] (CallableResult.java:52) - CallableResult for GetEdge
 INFO 2016-05-04 13:24:32,122 [pool-16-thread-2] (CallableResult.java:52) - CallableResult for GetEdge
 INFO 2016-05-04 13:24:32,122 [pool-16-thread-2] (CallableResult.java:52) - CallableResult for GetEdge
 INFO 2016-05-04 13:24:32,125 [pool-16-thread-2] (CallableResult.java:63) - Finished CallableResult in 3 ms.
 INFO 2016-05-04 13:24:32,125 [pool-16-thread-2] (CallableResult.java:63) - Finished CallableResult in 3 ms.
 INFO 2016-05-04 13:24:32,194 [pool-16-thread-1] (CallableResult.java:63) - Finished CallableResult in 71 ms.
 INFO 2016-05-04 13:24:32,194 [pool-16-thread-1] (CallableResult.java:63) - Finished CallableResult in 71 ms.
 INFO 2016-05-04 13:24:32,195 [main] (ParallelMetaProducerLessBlocking.java:193) - Global results retrieved in getEdges 73ms.
 INFO 2016-05-04 13:24:32,195 [main] (ParallelMetaProducerLessBlocking.java:193) - Global results retrieved in getEdges 73ms.
 INFO 2016-05-04 13:24:32,195 [main] (Eval.java:2177) - 
	Get EDGE in 74ms.  
	FOR EDGE{?arrondissement igeo:subdivisionDirecte ?canton}

 INFO 2016-05-04 13:24:32,195 [main] (Eval.java:2177) - 
	Get EDGE in 74ms.  
	FOR EDGE{?arrondissement igeo:subdivisionDirecte ?canton}

 INFO 2016-05-04 13:24:32,195 [main] (Eval.java:2177) - 
	Get EDGE in 441ms.  
	FOR EDGE{?departement igeo:subdivisionDirecte ?arrondissement}

 INFO 2016-05-04 13:24:32,195 [main] (Eval.java:2177) - 
	Get EDGE in 441ms.  
	FOR EDGE{?departement igeo:subdivisionDirecte ?arrondissement}

 INFO 2016-05-04 13:24:32,196 [main] (ParallelMetaProducerLessBlocking.java:61) - Searching for edge : ?departement igeo:subdivisionDirecte ?arrondissement
 INFO 2016-05-04 13:24:32,196 [main] (ParallelMetaProducerLessBlocking.java:61) - Searching for edge : ?departement igeo:subdivisionDirecte ?arrondissement
 INFO 2016-05-04 13:24:32,196 [pool-17-thread-1] (CallableResult.java:52) - CallableResult for GetEdge
 INFO 2016-05-04 13:24:32,196 [pool-17-thread-1] (CallableResult.java:52) - CallableResult for GetEdge
 INFO 2016-05-04 13:24:32,196 [pool-17-thread-2] (CallableResult.java:52) - CallableResult for GetEdge
 INFO 2016-05-04 13:24:32,196 [pool-17-thread-2] (CallableResult.java:52) - CallableResult for GetEdge
 INFO 2016-05-04 13:24:32,199 [pool-17-thread-2] (CallableResult.java:63) - Finished CallableResult in 3 ms.
 INFO 2016-05-04 13:24:32,199 [pool-17-thread-2] (CallableResult.java:63) - Finished CallableResult in 3 ms.
 INFO 2016-05-04 13:24:32,202 [pool-17-thread-1] (CallableResult.java:63) - Finished CallableResult in 6 ms.
 INFO 2016-05-04 13:24:32,202 [pool-17-thread-1] (CallableResult.java:63) - Finished CallableResult in 6 ms.
 INFO 2016-05-04 13:24:32,202 [main] (ParallelMetaProducerLessBlocking.java:193) - Global results retrieved in getEdges 6ms.
 INFO 2016-05-04 13:24:32,202 [main] (ParallelMetaProducerLessBlocking.java:193) - Global results retrieved in getEdges 6ms.
 INFO 2016-05-04 13:24:32,203 [main] (ParallelMetaProducerLessBlocking.java:61) - Searching for edge : ?arrondissement igeo:subdivisionDirecte ?canton
 INFO 2016-05-04 13:24:32,203 [main] (ParallelMetaProducerLessBlocking.java:61) - Searching for edge : ?arrondissement igeo:subdivisionDirecte ?canton
 INFO 2016-05-04 13:24:32,203 [pool-18-thread-1] (CallableResult.java:52) - CallableResult for GetEdge
 INFO 2016-05-04 13:24:32,203 [pool-18-thread-1] (CallableResult.java:52) - CallableResult for GetEdge
 INFO 2016-05-04 13:24:32,203 [pool-18-thread-2] (CallableResult.java:52) - CallableResult for GetEdge
 INFO 2016-05-04 13:24:32,203 [pool-18-thread-2] (CallableResult.java:52) - CallableResult for GetEdge
 INFO 2016-05-04 13:24:32,206 [pool-18-thread-2] (CallableResult.java:63) - Finished CallableResult in 3 ms.
 INFO 2016-05-04 13:24:32,206 [pool-18-thread-2] (CallableResult.java:63) - Finished CallableResult in 3 ms.
 INFO 2016-05-04 13:24:32,210 [pool-18-thread-1] (CallableResult.java:63) - Finished CallableResult in 7 ms.
 INFO 2016-05-04 13:24:32,210 [pool-18-thread-1] (CallableResult.java:63) - Finished CallableResult in 7 ms.
 INFO 2016-05-04 13:24:32,210 [main] (ParallelMetaProducerLessBlocking.java:193) - Global results retrieved in getEdges 7ms.
 INFO 2016-05-04 13:24:32,210 [main] (ParallelMetaProducerLessBlocking.java:193) - Global results retrieved in getEdges 7ms.
 INFO 2016-05-04 13:24:32,210 [main] (Eval.java:2177) - 
	Get EDGE in 7ms.  
	FOR EDGE{?arrondissement igeo:subdivisionDirecte ?canton}

 INFO 2016-05-04 13:24:32,210 [main] (Eval.java:2177) - 
	Get EDGE in 7ms.  
	FOR EDGE{?arrondissement igeo:subdivisionDirecte ?canton}

 INFO 2016-05-04 13:24:32,210 [main] (ParallelMetaProducerLessBlocking.java:61) - Searching for edge : ?arrondissement igeo:subdivisionDirecte ?canton
 INFO 2016-05-04 13:24:32,210 [main] (ParallelMetaProducerLessBlocking.java:61) - Searching for edge : ?arrondissement igeo:subdivisionDirecte ?canton
 INFO 2016-05-04 13:24:32,211 [pool-19-thread-1] (CallableResult.java:52) - CallableResult for GetEdge
 INFO 2016-05-04 13:24:32,211 [pool-19-thread-1] (CallableResult.java:52) - CallableResult for GetEdge
 INFO 2016-05-04 13:24:32,211 [pool-19-thread-2] (CallableResult.java:52) - CallableResult for GetEdge
 INFO 2016-05-04 13:24:32,211 [pool-19-thread-2] (CallableResult.java:52) - CallableResult for GetEdge
 INFO 2016-05-04 13:24:32,215 [pool-19-thread-1] (CallableResult.java:63) - Finished CallableResult in 4 ms.
 INFO 2016-05-04 13:24:32,215 [pool-19-thread-1] (CallableResult.java:63) - Finished CallableResult in 4 ms.
 INFO 2016-05-04 13:24:32,225 [pool-19-thread-2] (CallableResult.java:63) - Finished CallableResult in 14 ms.
 INFO 2016-05-04 13:24:32,225 [pool-19-thread-2] (CallableResult.java:63) - Finished CallableResult in 14 ms.
 INFO 2016-05-04 13:24:32,226 [main] (ParallelMetaProducerLessBlocking.java:193) - Global results retrieved in getEdges 15ms.
 INFO 2016-05-04 13:24:32,226 [main] (ParallelMetaProducerLessBlocking.java:193) - Global results retrieved in getEdges 15ms.
 INFO 2016-05-04 13:24:32,226 [main] (Eval.java:2177) - 
	Get EDGE in 16ms.  
	FOR EDGE{?arrondissement igeo:subdivisionDirecte ?canton}

 INFO 2016-05-04 13:24:32,226 [main] (Eval.java:2177) - 
	Get EDGE in 16ms.  
	FOR EDGE{?arrondissement igeo:subdivisionDirecte ?canton}

 INFO 2016-05-04 13:24:32,226 [main] (ParallelMetaProducerLessBlocking.java:61) - Searching for edge : ?arrondissement igeo:subdivisionDirecte ?canton
 INFO 2016-05-04 13:24:32,226 [main] (ParallelMetaProducerLessBlocking.java:61) - Searching for edge : ?arrondissement igeo:subdivisionDirecte ?canton
 INFO 2016-05-04 13:24:32,226 [pool-20-thread-1] (CallableResult.java:52) - CallableResult for GetEdge
 INFO 2016-05-04 13:24:32,226 [pool-20-thread-1] (CallableResult.java:52) - CallableResult for GetEdge
 INFO 2016-05-04 13:24:32,226 [pool-20-thread-2] (CallableResult.java:52) - CallableResult for GetEdge
 INFO 2016-05-04 13:24:32,226 [pool-20-thread-2] (CallableResult.java:52) - CallableResult for GetEdge
 INFO 2016-05-04 13:24:32,230 [pool-20-thread-2] (CallableResult.java:63) - Finished CallableResult in 4 ms.
 INFO 2016-05-04 13:24:32,230 [pool-20-thread-2] (CallableResult.java:63) - Finished CallableResult in 4 ms.
 INFO 2016-05-04 13:24:32,231 [pool-20-thread-1] (CallableResult.java:63) - Finished CallableResult in 5 ms.
 INFO 2016-05-04 13:24:32,231 [pool-20-thread-1] (CallableResult.java:63) - Finished CallableResult in 5 ms.
 INFO 2016-05-04 13:24:32,231 [main] (ParallelMetaProducerLessBlocking.java:193) - Global results retrieved in getEdges 5ms.
 INFO 2016-05-04 13:24:32,231 [main] (ParallelMetaProducerLessBlocking.java:193) - Global results retrieved in getEdges 5ms.
 INFO 2016-05-04 13:24:32,231 [main] (Eval.java:2177) - 
	Get EDGE in 5ms.  
	FOR EDGE{?arrondissement igeo:subdivisionDirecte ?canton}

 INFO 2016-05-04 13:24:32,231 [main] (Eval.java:2177) - 
	Get EDGE in 5ms.  
	FOR EDGE{?arrondissement igeo:subdivisionDirecte ?canton}

 INFO 2016-05-04 13:24:32,232 [main] (Eval.java:2177) - 
	Get EDGE in 36ms.  
	FOR EDGE{?departement igeo:subdivisionDirecte ?arrondissement}

 INFO 2016-05-04 13:24:32,232 [main] (Eval.java:2177) - 
	Get EDGE in 36ms.  
	FOR EDGE{?departement igeo:subdivisionDirecte ?arrondissement}

 INFO 2016-05-04 13:24:32,232 [main] (Eval.java:2177) - 
	Get EDGE in 929ms.  
	FOR EDGE{?region igeo:subdivisionDirecte ?departement}

 INFO 2016-05-04 13:24:32,232 [main] (Eval.java:2177) - 
	Get EDGE in 929ms.  
	FOR EDGE{?region igeo:subdivisionDirecte ?departement}

 INFO 2016-05-04 13:24:32,232 [main] (Eval.java:2177) - 
	Get EDGE in 1028ms.  
	FOR EDGE{?region igeo:codeRegion ?v}

 INFO 2016-05-04 13:24:32,232 [main] (Eval.java:2177) - 
	Get EDGE in 1028ms.  
	FOR EDGE{?region igeo:codeRegion ?v}

 INFO 2016-05-04 13:24:32,232 [main] (ParallelMetaProducerLessBlocking.java:214) - Searching for BGP : BGP{EDGE{?departement igeo:nom ?nom} EDGE{?canton igeo:nom ?cantonNom} }
 INFO 2016-05-04 13:24:32,232 [main] (ParallelMetaProducerLessBlocking.java:214) - Searching for BGP : BGP{EDGE{?departement igeo:nom ?nom} EDGE{?canton igeo:nom ?cantonNom} }
 INFO 2016-05-04 13:24:32,233 [pool-21-thread-1] (CallableResult.java:56) - CallableResult for GetMappings
 INFO 2016-05-04 13:24:32,233 [pool-21-thread-1] (CallableResult.java:56) - CallableResult for GetMappings
 INFO 2016-05-04 13:24:32,233 [pool-21-thread-1] (RemoteQueryOptimizerFull.java:144) - BGP QUERY: 
 SELECT * WHERE { 
	 ?departement igeo:nom ?nom . 
 	 ?canton igeo:nom ?cantonNom . 
 	  FILTER ((?cantonNom = 'Paris 14e  canton'))
} 
 INFO 2016-05-04 13:24:32,233 [pool-21-thread-1] (RemoteQueryOptimizerFull.java:144) - BGP QUERY: 
 SELECT * WHERE { 
	 ?departement igeo:nom ?nom . 
 	 ?canton igeo:nom ?cantonNom . 
 	  FILTER ((?cantonNom = 'Paris 14e  canton'))
} 
 INFO 2016-05-04 13:24:32,234 [pool-21-thread-2] (CallableResult.java:56) - CallableResult for GetMappings
 INFO 2016-05-04 13:24:32,234 [pool-21-thread-2] (CallableResult.java:56) - CallableResult for GetMappings
 INFO 2016-05-04 13:24:32,234 [pool-21-thread-2] (RemoteQueryOptimizerFull.java:144) - BGP QUERY: 
 SELECT * WHERE { 
	 ?departement igeo:nom ?nom . 
 	 ?canton igeo:nom ?cantonNom . 
 	  FILTER ((?cantonNom = 'Paris 14e  canton'))
} 
 INFO 2016-05-04 13:24:32,234 [pool-21-thread-2] (RemoteQueryOptimizerFull.java:144) - BGP QUERY: 
 SELECT * WHERE { 
	 ?departement igeo:nom ?nom . 
 	 ?canton igeo:nom ?cantonNom . 
 	  FILTER ((?cantonNom = 'Paris 14e  canton'))
} 
 INFO 2016-05-04 13:24:32,244 [pool-21-thread-2] (CallableResult.java:59) - RESULTS: 0 FROM http://localhost:8087/sparql
 INFO 2016-05-04 13:24:32,244 [pool-21-thread-2] (CallableResult.java:59) - RESULTS: 0 FROM http://localhost:8087/sparql
 INFO 2016-05-04 13:24:32,244 [pool-21-thread-2] (CallableResult.java:63) - Finished CallableResult in 10 ms.
 INFO 2016-05-04 13:24:32,244 [pool-21-thread-2] (CallableResult.java:63) - Finished CallableResult in 10 ms.
 INFO 2016-05-04 13:24:32,250 [pool-21-thread-1] (CallableResult.java:59) - RESULTS: 0 FROM http://localhost:8086/sparql
 INFO 2016-05-04 13:24:32,250 [pool-21-thread-1] (CallableResult.java:59) - RESULTS: 0 FROM http://localhost:8086/sparql
 INFO 2016-05-04 13:24:32,250 [pool-21-thread-1] (CallableResult.java:63) - Finished CallableResult in 17 ms.
 INFO 2016-05-04 13:24:32,250 [pool-21-thread-1] (CallableResult.java:63) - Finished CallableResult in 17 ms.
 INFO 2016-05-04 13:24:32,251 [main] (ParallelMetaProducerLessBlocking.java:255) - Global results retrieved in getMappings 18ms.
 INFO 2016-05-04 13:24:32,251 [main] (ParallelMetaProducerLessBlocking.java:255) - Global results retrieved in getMappings 18ms.
 INFO 2016-05-04 13:24:32,251 [main] (Eval.java:1671) - 
	GET MAPPINGS in 19ms.
	 FOR BGP{EDGE{?departement igeo:nom ?nom} EDGE{?canton igeo:nom ?cantonNom} }

 INFO 2016-05-04 13:24:32,251 [main] (Eval.java:1671) - 
	GET MAPPINGS in 19ms.
	 FOR BGP{EDGE{?departement igeo:nom ?nom} EDGE{?canton igeo:nom ?cantonNom} }

 INFO 2016-05-04 13:24:32,251 [main] (ParallelMetaProducerLessBlocking.java:61) - Searching for edge : ?departement igeo:nom ?nom
 INFO 2016-05-04 13:24:32,251 [main] (ParallelMetaProducerLessBlocking.java:61) - Searching for edge : ?departement igeo:nom ?nom
 INFO 2016-05-04 13:24:32,251 [pool-22-thread-1] (CallableResult.java:52) - CallableResult for GetEdge
 INFO 2016-05-04 13:24:32,251 [pool-22-thread-1] (CallableResult.java:52) - CallableResult for GetEdge
 INFO 2016-05-04 13:24:32,252 [pool-22-thread-2] (CallableResult.java:52) - CallableResult for GetEdge
 INFO 2016-05-04 13:24:32,252 [pool-22-thread-2] (CallableResult.java:52) - CallableResult for GetEdge
 INFO 2016-05-04 13:24:32,268 [pool-22-thread-2] (CallableResult.java:63) - Finished CallableResult in 16 ms.
 INFO 2016-05-04 13:24:32,268 [pool-22-thread-2] (CallableResult.java:63) - Finished CallableResult in 16 ms.
 INFO 2016-05-04 13:24:32,310 [pool-22-thread-1] (CallableResult.java:63) - Finished CallableResult in 59 ms.
 INFO 2016-05-04 13:24:32,310 [pool-22-thread-1] (CallableResult.java:63) - Finished CallableResult in 59 ms.
 INFO 2016-05-04 13:24:32,319 [main] (ParallelMetaProducerLessBlocking.java:193) - Global results retrieved in getEdges 67ms.
 INFO 2016-05-04 13:24:32,319 [main] (ParallelMetaProducerLessBlocking.java:193) - Global results retrieved in getEdges 67ms.
 INFO 2016-05-04 13:24:32,319 [main] (ParallelMetaProducerLessBlocking.java:61) - Searching for edge : ?canton igeo:nom ?cantonNom
 INFO 2016-05-04 13:24:32,319 [main] (ParallelMetaProducerLessBlocking.java:61) - Searching for edge : ?canton igeo:nom ?cantonNom
 INFO 2016-05-04 13:24:32,320 [pool-23-thread-1] (CallableResult.java:52) - CallableResult for GetEdge
 INFO 2016-05-04 13:24:32,320 [pool-23-thread-1] (CallableResult.java:52) - CallableResult for GetEdge
 INFO 2016-05-04 13:24:32,320 [pool-23-thread-2] (CallableResult.java:52) - CallableResult for GetEdge
 INFO 2016-05-04 13:24:32,320 [pool-23-thread-2] (CallableResult.java:52) - CallableResult for GetEdge
 INFO 2016-05-04 13:24:32,323 [pool-23-thread-2] (CallableResult.java:63) - Finished CallableResult in 3 ms.
 INFO 2016-05-04 13:24:32,323 [pool-23-thread-2] (CallableResult.java:63) - Finished CallableResult in 3 ms.
 INFO 2016-05-04 13:24:32,324 [pool-23-thread-1] (CallableResult.java:63) - Finished CallableResult in 4 ms.
 INFO 2016-05-04 13:24:32,324 [pool-23-thread-1] (CallableResult.java:63) - Finished CallableResult in 4 ms.
 INFO 2016-05-04 13:24:32,325 [main] (ParallelMetaProducerLessBlocking.java:193) - Global results retrieved in getEdges 5ms.
 INFO 2016-05-04 13:24:32,325 [main] (ParallelMetaProducerLessBlocking.java:193) - Global results retrieved in getEdges 5ms.
 INFO 2016-05-04 13:24:32,325 [main] (Eval.java:2177) - 
	Get EDGE in 6ms.  
	FOR EDGE{?canton igeo:nom ?cantonNom}

 INFO 2016-05-04 13:24:32,325 [main] (Eval.java:2177) - 
	Get EDGE in 6ms.  
	FOR EDGE{?canton igeo:nom ?cantonNom}

 INFO 2016-05-04 13:24:32,325 [main] (TestDQP.java:248) - 0 results in 1311 ms
 INFO 2016-05-04 13:24:32,325 [main] (TestDQP.java:249) - 

 INFO 2016-05-04 13:24:32,326 [main] (TestDQP.java:250) - Remote queries
 INFO 2016-05-04 13:24:32,326 [main] (TestDQP.java:251) - =========
	?region igeo:subdivisionDirecte ?departement
	2
--
	?region igeo:codeRegion ?v
	2
--
	?arrondissement igeo:subdivisionDirecte ?canton
	26
--
	BGP{EDGE{?region igeo:codeRegion ?v} EDGE{?region igeo:subdivisionDirecte ?departement} EDGE{?departement igeo:subdivisionDirecte ?arrondissement} EDGE{?arrondissement igeo:subdivisionDirecte ?canton} }
	1
--
	BGP{EDGE{?departement igeo:nom ?nom} EDGE{?canton igeo:nom ?cantonNom} }
	2
--
	?departement igeo:nom ?nom
	2
--
	?departement igeo:subdivisionDirecte ?arrondissement
	8
--
	?canton igeo:nom ?cantonNom
	2
--
	>====  Sum = 45  =====

 INFO 2016-05-04 13:24:32,327 [main] (TestDQP.java:252) - Transferred results per query
 INFO 2016-05-04 13:24:32,327 [main] (TestDQP.java:253) - =========
	?region igeo:subdivisionDirecte ?departement
	4
--
	?region igeo:codeRegion ?v
	1
--
	?arrondissement igeo:subdivisionDirecte ?canton
	858
--
	BGP{EDGE{?region igeo:codeRegion ?v} EDGE{?region igeo:subdivisionDirecte ?departement} EDGE{?departement igeo:subdivisionDirecte ?arrondissement} EDGE{?arrondissement igeo:subdivisionDirecte ?canton} }
	0
--
	BGP{EDGE{?departement igeo:nom ?nom} EDGE{?canton igeo:nom ?cantonNom} }
	0
--
	?departement igeo:nom ?nom
	57
--
	?departement igeo:subdivisionDirecte ?arrondissement
	13
--
	?canton igeo:nom ?cantonNom
	0
--
	>====  Sum = 933  =====

 INFO 2016-05-04 13:24:32,327 [main] (TestDQP.java:254) - Remote queries per data source
 INFO 2016-05-04 13:24:32,327 [main] (TestDQP.java:255) - =========
	http://localhost:8085/sparql
	20
--
	http://localhost:8086/sparql
	21
--
	http://localhost:8087/sparql
	4
--
	>====  Sum = 45  =====

 INFO 2016-05-04 13:24:32,327 [main] (TestDQP.java:256) - Transferred results per source
 INFO 2016-05-04 13:24:32,327 [main] (TestDQP.java:257) - =========
	http://localhost:8085/sparql
	871
--
	http://localhost:8086/sparql
	49
--
	http://localhost:8087/sparql
	13
--
	>====  Sum = 933  =====

