 INFO 2016-05-04 13:24:50,542 [main] (ServiceGrouper.java:84) - Building indices for 
 INFO 2016-05-04 13:24:50,542 [main] (ServiceGrouper.java:84) - Building indices for 
 INFO 2016-05-04 13:24:50,544 [main] (ServiceGrouper.java:85) - {?region igeo:codeRegion ?v . 
?region igeo:subdivisionDirecte ?departement . 
?departement igeo:nom ?nom . 
?departement igeo:subdivisionDirecte ?arrondissement . 
?arrondissement igeo:subdivisionDirecte ?canton . 
?canton igeo:nom ?cantonNom . 
filter (?v = '11') 
filter (?cantonNom = 'Paris 14e  canton') }
 INFO 2016-05-04 13:24:50,544 [main] (ServiceGrouper.java:85) - {?region igeo:codeRegion ?v . 
?region igeo:subdivisionDirecte ?departement . 
?departement igeo:nom ?nom . 
?departement igeo:subdivisionDirecte ?arrondissement . 
?arrondissement igeo:subdivisionDirecte ?canton . 
?canton igeo:nom ?cantonNom . 
filter (?v = '11') 
filter (?cantonNom = 'Paris 14e  canton') }
 INFO 2016-05-04 13:24:50,677 [main] (ServiceGrouper.java:559) - Edge index
 INFO 2016-05-04 13:24:50,677 [main] (ServiceGrouper.java:559) - Edge index
 INFO 2016-05-04 13:24:50,678 [main] (ServiceGrouper.java:575) - Source index
 INFO 2016-05-04 13:24:50,678 [main] (ServiceGrouper.java:575) - Source index
 INFO 2016-05-04 13:24:50,678 [main] (ServiceGrouper.java:259) - Found consecutive triple patterns into {?region igeo:codeRegion ?v . 
?region igeo:subdivisionDirecte ?departement . 
?departement igeo:nom ?nom . 
?departement igeo:subdivisionDirecte ?arrondissement . 
?arrondissement igeo:subdivisionDirecte ?canton . 
?canton igeo:nom ?cantonNom . 
filter (?v = '11') 
filter (?cantonNom = 'Paris 14e  canton') }
 INFO 2016-05-04 13:24:50,678 [main] (ServiceGrouper.java:259) - Found consecutive triple patterns into {?region igeo:codeRegion ?v . 
?region igeo:subdivisionDirecte ?departement . 
?departement igeo:nom ?nom . 
?departement igeo:subdivisionDirecte ?arrondissement . 
?arrondissement igeo:subdivisionDirecte ?canton . 
?canton igeo:nom ?cantonNom . 
filter (?v = '11') 
filter (?cantonNom = 'Paris 14e  canton') }
 INFO 2016-05-04 13:24:50,678 [main] (ServiceGrouper.java:426) - Processing
[?region igeo:codeRegion ?v . , ?region igeo:subdivisionDirecte ?departement . , ?departement igeo:nom ?nom . , ?departement igeo:subdivisionDirecte ?arrondissement . , ?arrondissement igeo:subdivisionDirecte ?canton . , ?canton igeo:nom ?cantonNom . ]
 INFO 2016-05-04 13:24:50,678 [main] (ServiceGrouper.java:426) - Processing
[?region igeo:codeRegion ?v . , ?region igeo:subdivisionDirecte ?departement . , ?departement igeo:nom ?nom . , ?departement igeo:subdivisionDirecte ?arrondissement . , ?arrondissement igeo:subdivisionDirecte ?canton . , ?canton igeo:nom ?cantonNom . ]
 WARN 2016-05-04 13:24:50,679 [main] (ServiceGrouper.java:446) - Triple pattern ?region igeo:codeRegion ?v .  appears in more than one data source, excluded from SERVICE.
 WARN 2016-05-04 13:24:50,679 [main] (ServiceGrouper.java:446) - Triple pattern ?region igeo:codeRegion ?v .  appears in more than one data source, excluded from SERVICE.
 WARN 2016-05-04 13:24:50,679 [main] (ServiceGrouper.java:446) - Triple pattern ?region igeo:subdivisionDirecte ?departement .  appears in more than one data source, excluded from SERVICE.
 WARN 2016-05-04 13:24:50,679 [main] (ServiceGrouper.java:446) - Triple pattern ?region igeo:subdivisionDirecte ?departement .  appears in more than one data source, excluded from SERVICE.
 WARN 2016-05-04 13:24:50,679 [main] (ServiceGrouper.java:446) - Triple pattern ?departement igeo:subdivisionDirecte ?arrondissement .  appears in more than one data source, excluded from SERVICE.
 WARN 2016-05-04 13:24:50,679 [main] (ServiceGrouper.java:446) - Triple pattern ?departement igeo:subdivisionDirecte ?arrondissement .  appears in more than one data source, excluded from SERVICE.
 WARN 2016-05-04 13:24:50,679 [main] (ServiceGrouper.java:446) - Triple pattern ?arrondissement igeo:subdivisionDirecte ?canton .  appears in more than one data source, excluded from SERVICE.
 WARN 2016-05-04 13:24:50,679 [main] (ServiceGrouper.java:446) - Triple pattern ?arrondissement igeo:subdivisionDirecte ?canton .  appears in more than one data source, excluded from SERVICE.
 WARN 2016-05-04 13:24:50,680 [main] (ServiceGrouper.java:446) - Triple pattern ?region igeo:subdivisionDirecte ?departement .  appears in more than one data source, excluded from SERVICE.
 WARN 2016-05-04 13:24:50,680 [main] (ServiceGrouper.java:446) - Triple pattern ?region igeo:subdivisionDirecte ?departement .  appears in more than one data source, excluded from SERVICE.
 WARN 2016-05-04 13:24:50,680 [main] (ServiceGrouper.java:446) - Triple pattern ?departement igeo:nom ?nom .  appears in more than one data source, excluded from SERVICE.
 WARN 2016-05-04 13:24:50,680 [main] (ServiceGrouper.java:446) - Triple pattern ?departement igeo:nom ?nom .  appears in more than one data source, excluded from SERVICE.
 WARN 2016-05-04 13:24:50,680 [main] (ServiceGrouper.java:446) - Triple pattern ?departement igeo:subdivisionDirecte ?arrondissement .  appears in more than one data source, excluded from SERVICE.
 WARN 2016-05-04 13:24:50,680 [main] (ServiceGrouper.java:446) - Triple pattern ?departement igeo:subdivisionDirecte ?arrondissement .  appears in more than one data source, excluded from SERVICE.
 WARN 2016-05-04 13:24:50,680 [main] (ServiceGrouper.java:446) - Triple pattern ?arrondissement igeo:subdivisionDirecte ?canton .  appears in more than one data source, excluded from SERVICE.
 WARN 2016-05-04 13:24:50,680 [main] (ServiceGrouper.java:446) - Triple pattern ?arrondissement igeo:subdivisionDirecte ?canton .  appears in more than one data source, excluded from SERVICE.
 WARN 2016-05-04 13:24:50,681 [main] (ServiceGrouper.java:446) - Triple pattern ?canton igeo:nom ?cantonNom .  appears in more than one data source, excluded from SERVICE.
 WARN 2016-05-04 13:24:50,681 [main] (ServiceGrouper.java:446) - Triple pattern ?canton igeo:nom ?cantonNom .  appears in more than one data source, excluded from SERVICE.
 WARN 2016-05-04 13:24:50,681 [main] (ServiceGrouper.java:446) - Triple pattern ?region igeo:codeRegion ?v .  appears in more than one data source, excluded from SERVICE.
 WARN 2016-05-04 13:24:50,681 [main] (ServiceGrouper.java:446) - Triple pattern ?region igeo:codeRegion ?v .  appears in more than one data source, excluded from SERVICE.
 WARN 2016-05-04 13:24:50,681 [main] (ServiceGrouper.java:446) - Triple pattern ?departement igeo:nom ?nom .  appears in more than one data source, excluded from SERVICE.
 WARN 2016-05-04 13:24:50,681 [main] (ServiceGrouper.java:446) - Triple pattern ?departement igeo:nom ?nom .  appears in more than one data source, excluded from SERVICE.
 WARN 2016-05-04 13:24:50,681 [main] (ServiceGrouper.java:446) - Triple pattern ?canton igeo:nom ?cantonNom .  appears in more than one data source, excluded from SERVICE.
 WARN 2016-05-04 13:24:50,681 [main] (ServiceGrouper.java:446) - Triple pattern ?canton igeo:nom ?cantonNom .  appears in more than one data source, excluded from SERVICE.
 INFO 2016-05-04 13:24:50,681 [main] (ServiceGrouper.java:271) - Ranking : 
 INFO 2016-05-04 13:24:50,681 [main] (ServiceGrouper.java:271) - Ranking : 
 INFO 2016-05-04 13:24:50,682 [main] (ServiceGrouper.java:272) - {?region igeo:codeRegion ?v . 
?region igeo:subdivisionDirecte ?departement . 
?departement igeo:subdivisionDirecte ?arrondissement . 
?arrondissement igeo:subdivisionDirecte ?canton . 
?departement igeo:nom ?nom . 
?canton igeo:nom ?cantonNom . }
 INFO 2016-05-04 13:24:50,682 [main] (ServiceGrouper.java:272) - {?region igeo:codeRegion ?v . 
?region igeo:subdivisionDirecte ?departement . 
?departement igeo:subdivisionDirecte ?arrondissement . 
?arrondissement igeo:subdivisionDirecte ?canton . 
?departement igeo:nom ?nom . 
?canton igeo:nom ?cantonNom . }
 INFO 2016-05-04 13:24:50,682 [main] (ServiceGrouper.java:277) - 2 free variables for ?region igeo:codeRegion ?v . 
 INFO 2016-05-04 13:24:50,682 [main] (ServiceGrouper.java:277) - 2 free variables for ?region igeo:codeRegion ?v . 
 INFO 2016-05-04 13:24:50,682 [main] (ServiceGrouper.java:277) - 2 free variables for ?region igeo:subdivisionDirecte ?departement . 
 INFO 2016-05-04 13:24:50,682 [main] (ServiceGrouper.java:277) - 2 free variables for ?region igeo:subdivisionDirecte ?departement . 
 INFO 2016-05-04 13:24:50,682 [main] (ServiceGrouper.java:277) - 2 free variables for ?departement igeo:subdivisionDirecte ?arrondissement . 
 INFO 2016-05-04 13:24:50,682 [main] (ServiceGrouper.java:277) - 2 free variables for ?departement igeo:subdivisionDirecte ?arrondissement . 
 INFO 2016-05-04 13:24:50,682 [main] (ServiceGrouper.java:277) - 2 free variables for ?arrondissement igeo:subdivisionDirecte ?canton . 
 INFO 2016-05-04 13:24:50,682 [main] (ServiceGrouper.java:277) - 2 free variables for ?arrondissement igeo:subdivisionDirecte ?canton . 
 INFO 2016-05-04 13:24:50,682 [main] (ServiceGrouper.java:277) - 2 free variables for ?departement igeo:nom ?nom . 
 INFO 2016-05-04 13:24:50,682 [main] (ServiceGrouper.java:277) - 2 free variables for ?departement igeo:nom ?nom . 
 INFO 2016-05-04 13:24:50,683 [main] (ServiceGrouper.java:277) - 2 free variables for ?canton igeo:nom ?cantonNom . 
 INFO 2016-05-04 13:24:50,683 [main] (ServiceGrouper.java:277) - 2 free variables for ?canton igeo:nom ?cantonNom . 
 INFO 2016-05-04 13:24:50,683 [main] (ServiceGrouper.java:286) - Sorting services possibly with the same score
 INFO 2016-05-04 13:24:50,683 [main] (ServiceGrouper.java:286) - Sorting services possibly with the same score
 WARN 2016-05-04 13:24:50,683 [main] (ServiceGrouper.java:353) - Searching for ?region igeo:subdivisionDirecte ?departement .  in [?region igeo:codeRegion ?v . , ?region igeo:subdivisionDirecte ?departement . , ?departement igeo:nom ?nom . , ?departement igeo:subdivisionDirecte ?arrondissement . , ?arrondissement igeo:subdivisionDirecte ?canton . , ?canton igeo:nom ?cantonNom . ]
 WARN 2016-05-04 13:24:50,683 [main] (ServiceGrouper.java:353) - Searching for ?region igeo:subdivisionDirecte ?departement .  in [?region igeo:codeRegion ?v . , ?region igeo:subdivisionDirecte ?departement . , ?departement igeo:nom ?nom . , ?departement igeo:subdivisionDirecte ?arrondissement . , ?arrondissement igeo:subdivisionDirecte ?canton . , ?canton igeo:nom ?cantonNom . ]
 WARN 2016-05-04 13:24:50,684 [main] (ServiceGrouper.java:353) - Searching for ?canton igeo:nom ?cantonNom .  in [?region igeo:codeRegion ?v . , ?region igeo:subdivisionDirecte ?departement . , ?departement igeo:nom ?nom . , ?departement igeo:subdivisionDirecte ?arrondissement . , ?arrondissement igeo:subdivisionDirecte ?canton . , ?canton igeo:nom ?cantonNom . ]
 WARN 2016-05-04 13:24:50,684 [main] (ServiceGrouper.java:353) - Searching for ?canton igeo:nom ?cantonNom .  in [?region igeo:codeRegion ?v . , ?region igeo:subdivisionDirecte ?departement . , ?departement igeo:nom ?nom . , ?departement igeo:subdivisionDirecte ?arrondissement . , ?arrondissement igeo:subdivisionDirecte ?canton . , ?canton igeo:nom ?cantonNom . ]
 INFO 2016-05-04 13:24:50,684 [main] (ServiceGrouper.java:328) - Comparing : ?region igeo:subdivisionDirecte ?departement .  with ?canton igeo:nom ?cantonNom . 
 INFO 2016-05-04 13:24:50,684 [main] (ServiceGrouper.java:328) - Comparing : ?region igeo:subdivisionDirecte ?departement .  with ?canton igeo:nom ?cantonNom . 
 WARN 2016-05-04 13:24:50,684 [main] (ServiceGrouper.java:353) - Searching for ?departement igeo:nom ?nom .  in [?region igeo:codeRegion ?v . , ?region igeo:subdivisionDirecte ?departement . , ?departement igeo:nom ?nom . , ?departement igeo:subdivisionDirecte ?arrondissement . , ?arrondissement igeo:subdivisionDirecte ?canton . , ?canton igeo:nom ?cantonNom . ]
 WARN 2016-05-04 13:24:50,684 [main] (ServiceGrouper.java:353) - Searching for ?departement igeo:nom ?nom .  in [?region igeo:codeRegion ?v . , ?region igeo:subdivisionDirecte ?departement . , ?departement igeo:nom ?nom . , ?departement igeo:subdivisionDirecte ?arrondissement . , ?arrondissement igeo:subdivisionDirecte ?canton . , ?canton igeo:nom ?cantonNom . ]
 WARN 2016-05-04 13:24:50,684 [main] (ServiceGrouper.java:353) - Searching for ?region igeo:subdivisionDirecte ?departement .  in [?region igeo:codeRegion ?v . , ?region igeo:subdivisionDirecte ?departement . , ?departement igeo:nom ?nom . , ?departement igeo:subdivisionDirecte ?arrondissement . , ?arrondissement igeo:subdivisionDirecte ?canton . , ?canton igeo:nom ?cantonNom . ]
 WARN 2016-05-04 13:24:50,684 [main] (ServiceGrouper.java:353) - Searching for ?region igeo:subdivisionDirecte ?departement .  in [?region igeo:codeRegion ?v . , ?region igeo:subdivisionDirecte ?departement . , ?departement igeo:nom ?nom . , ?departement igeo:subdivisionDirecte ?arrondissement . , ?arrondissement igeo:subdivisionDirecte ?canton . , ?canton igeo:nom ?cantonNom . ]
 INFO 2016-05-04 13:24:50,684 [main] (ServiceGrouper.java:328) - Comparing : ?departement igeo:nom ?nom .  with ?region igeo:subdivisionDirecte ?departement . 
 INFO 2016-05-04 13:24:50,684 [main] (ServiceGrouper.java:328) - Comparing : ?departement igeo:nom ?nom .  with ?region igeo:subdivisionDirecte ?departement . 
 WARN 2016-05-04 13:24:50,684 [main] (ServiceGrouper.java:353) - Searching for ?departement igeo:nom ?nom .  in [?region igeo:codeRegion ?v . , ?region igeo:subdivisionDirecte ?departement . , ?departement igeo:nom ?nom . , ?departement igeo:subdivisionDirecte ?arrondissement . , ?arrondissement igeo:subdivisionDirecte ?canton . , ?canton igeo:nom ?cantonNom . ]
 WARN 2016-05-04 13:24:50,684 [main] (ServiceGrouper.java:353) - Searching for ?departement igeo:nom ?nom .  in [?region igeo:codeRegion ?v . , ?region igeo:subdivisionDirecte ?departement . , ?departement igeo:nom ?nom . , ?departement igeo:subdivisionDirecte ?arrondissement . , ?arrondissement igeo:subdivisionDirecte ?canton . , ?canton igeo:nom ?cantonNom . ]
 WARN 2016-05-04 13:24:50,685 [main] (ServiceGrouper.java:353) - Searching for ?canton igeo:nom ?cantonNom .  in [?region igeo:codeRegion ?v . , ?region igeo:subdivisionDirecte ?departement . , ?departement igeo:nom ?nom . , ?departement igeo:subdivisionDirecte ?arrondissement . , ?arrondissement igeo:subdivisionDirecte ?canton . , ?canton igeo:nom ?cantonNom . ]
 WARN 2016-05-04 13:24:50,685 [main] (ServiceGrouper.java:353) - Searching for ?canton igeo:nom ?cantonNom .  in [?region igeo:codeRegion ?v . , ?region igeo:subdivisionDirecte ?departement . , ?departement igeo:nom ?nom . , ?departement igeo:subdivisionDirecte ?arrondissement . , ?arrondissement igeo:subdivisionDirecte ?canton . , ?canton igeo:nom ?cantonNom . ]
 INFO 2016-05-04 13:24:50,685 [main] (ServiceGrouper.java:328) - Comparing : ?departement igeo:nom ?nom .  with ?canton igeo:nom ?cantonNom . 
 INFO 2016-05-04 13:24:50,685 [main] (ServiceGrouper.java:328) - Comparing : ?departement igeo:nom ?nom .  with ?canton igeo:nom ?cantonNom . 
 WARN 2016-05-04 13:24:50,685 [main] (ServiceGrouper.java:353) - Searching for ?departement igeo:nom ?nom .  in [?region igeo:codeRegion ?v . , ?region igeo:subdivisionDirecte ?departement . , ?departement igeo:nom ?nom . , ?departement igeo:subdivisionDirecte ?arrondissement . , ?arrondissement igeo:subdivisionDirecte ?canton . , ?canton igeo:nom ?cantonNom . ]
 WARN 2016-05-04 13:24:50,685 [main] (ServiceGrouper.java:353) - Searching for ?departement igeo:nom ?nom .  in [?region igeo:codeRegion ?v . , ?region igeo:subdivisionDirecte ?departement . , ?departement igeo:nom ?nom . , ?departement igeo:subdivisionDirecte ?arrondissement . , ?arrondissement igeo:subdivisionDirecte ?canton . , ?canton igeo:nom ?cantonNom . ]
 WARN 2016-05-04 13:24:50,685 [main] (ServiceGrouper.java:353) - Searching for ?region igeo:subdivisionDirecte ?departement .  in [?region igeo:codeRegion ?v . , ?region igeo:subdivisionDirecte ?departement . , ?departement igeo:nom ?nom . , ?departement igeo:subdivisionDirecte ?arrondissement . , ?arrondissement igeo:subdivisionDirecte ?canton . , ?canton igeo:nom ?cantonNom . ]
 WARN 2016-05-04 13:24:50,685 [main] (ServiceGrouper.java:353) - Searching for ?region igeo:subdivisionDirecte ?departement .  in [?region igeo:codeRegion ?v . , ?region igeo:subdivisionDirecte ?departement . , ?departement igeo:nom ?nom . , ?departement igeo:subdivisionDirecte ?arrondissement . , ?arrondissement igeo:subdivisionDirecte ?canton . , ?canton igeo:nom ?cantonNom . ]
 INFO 2016-05-04 13:24:50,685 [main] (ServiceGrouper.java:328) - Comparing : ?departement igeo:nom ?nom .  with ?region igeo:subdivisionDirecte ?departement . 
 INFO 2016-05-04 13:24:50,685 [main] (ServiceGrouper.java:328) - Comparing : ?departement igeo:nom ?nom .  with ?region igeo:subdivisionDirecte ?departement . 
 WARN 2016-05-04 13:24:50,685 [main] (ServiceGrouper.java:353) - Searching for ?arrondissement igeo:subdivisionDirecte ?canton .  in [?region igeo:codeRegion ?v . , ?region igeo:subdivisionDirecte ?departement . , ?departement igeo:nom ?nom . , ?departement igeo:subdivisionDirecte ?arrondissement . , ?arrondissement igeo:subdivisionDirecte ?canton . , ?canton igeo:nom ?cantonNom . ]
 WARN 2016-05-04 13:24:50,685 [main] (ServiceGrouper.java:353) - Searching for ?arrondissement igeo:subdivisionDirecte ?canton .  in [?region igeo:codeRegion ?v . , ?region igeo:subdivisionDirecte ?departement . , ?departement igeo:nom ?nom . , ?departement igeo:subdivisionDirecte ?arrondissement . , ?arrondissement igeo:subdivisionDirecte ?canton . , ?canton igeo:nom ?cantonNom . ]
 WARN 2016-05-04 13:24:50,686 [main] (ServiceGrouper.java:353) - Searching for ?departement igeo:nom ?nom .  in [?region igeo:codeRegion ?v . , ?region igeo:subdivisionDirecte ?departement . , ?departement igeo:nom ?nom . , ?departement igeo:subdivisionDirecte ?arrondissement . , ?arrondissement igeo:subdivisionDirecte ?canton . , ?canton igeo:nom ?cantonNom . ]
 WARN 2016-05-04 13:24:50,686 [main] (ServiceGrouper.java:353) - Searching for ?departement igeo:nom ?nom .  in [?region igeo:codeRegion ?v . , ?region igeo:subdivisionDirecte ?departement . , ?departement igeo:nom ?nom . , ?departement igeo:subdivisionDirecte ?arrondissement . , ?arrondissement igeo:subdivisionDirecte ?canton . , ?canton igeo:nom ?cantonNom . ]
 INFO 2016-05-04 13:24:50,686 [main] (ServiceGrouper.java:328) - Comparing : ?arrondissement igeo:subdivisionDirecte ?canton .  with ?departement igeo:nom ?nom . 
 INFO 2016-05-04 13:24:50,686 [main] (ServiceGrouper.java:328) - Comparing : ?arrondissement igeo:subdivisionDirecte ?canton .  with ?departement igeo:nom ?nom . 
 WARN 2016-05-04 13:24:50,686 [main] (ServiceGrouper.java:353) - Searching for ?arrondissement igeo:subdivisionDirecte ?canton .  in [?region igeo:codeRegion ?v . , ?region igeo:subdivisionDirecte ?departement . , ?departement igeo:nom ?nom . , ?departement igeo:subdivisionDirecte ?arrondissement . , ?arrondissement igeo:subdivisionDirecte ?canton . , ?canton igeo:nom ?cantonNom . ]
 WARN 2016-05-04 13:24:50,686 [main] (ServiceGrouper.java:353) - Searching for ?arrondissement igeo:subdivisionDirecte ?canton .  in [?region igeo:codeRegion ?v . , ?region igeo:subdivisionDirecte ?departement . , ?departement igeo:nom ?nom . , ?departement igeo:subdivisionDirecte ?arrondissement . , ?arrondissement igeo:subdivisionDirecte ?canton . , ?canton igeo:nom ?cantonNom . ]
 WARN 2016-05-04 13:24:50,686 [main] (ServiceGrouper.java:353) - Searching for ?canton igeo:nom ?cantonNom .  in [?region igeo:codeRegion ?v . , ?region igeo:subdivisionDirecte ?departement . , ?departement igeo:nom ?nom . , ?departement igeo:subdivisionDirecte ?arrondissement . , ?arrondissement igeo:subdivisionDirecte ?canton . , ?canton igeo:nom ?cantonNom . ]
 WARN 2016-05-04 13:24:50,686 [main] (ServiceGrouper.java:353) - Searching for ?canton igeo:nom ?cantonNom .  in [?region igeo:codeRegion ?v . , ?region igeo:subdivisionDirecte ?departement . , ?departement igeo:nom ?nom . , ?departement igeo:subdivisionDirecte ?arrondissement . , ?arrondissement igeo:subdivisionDirecte ?canton . , ?canton igeo:nom ?cantonNom . ]
 INFO 2016-05-04 13:24:50,686 [main] (ServiceGrouper.java:328) - Comparing : ?arrondissement igeo:subdivisionDirecte ?canton .  with ?canton igeo:nom ?cantonNom . 
 INFO 2016-05-04 13:24:50,686 [main] (ServiceGrouper.java:328) - Comparing : ?arrondissement igeo:subdivisionDirecte ?canton .  with ?canton igeo:nom ?cantonNom . 
 WARN 2016-05-04 13:24:50,686 [main] (ServiceGrouper.java:353) - Searching for ?departement igeo:subdivisionDirecte ?arrondissement .  in [?region igeo:codeRegion ?v . , ?region igeo:subdivisionDirecte ?departement . , ?departement igeo:nom ?nom . , ?departement igeo:subdivisionDirecte ?arrondissement . , ?arrondissement igeo:subdivisionDirecte ?canton . , ?canton igeo:nom ?cantonNom . ]
 WARN 2016-05-04 13:24:50,686 [main] (ServiceGrouper.java:353) - Searching for ?departement igeo:subdivisionDirecte ?arrondissement .  in [?region igeo:codeRegion ?v . , ?region igeo:subdivisionDirecte ?departement . , ?departement igeo:nom ?nom . , ?departement igeo:subdivisionDirecte ?arrondissement . , ?arrondissement igeo:subdivisionDirecte ?canton . , ?canton igeo:nom ?cantonNom . ]
 WARN 2016-05-04 13:24:50,687 [main] (ServiceGrouper.java:353) - Searching for ?arrondissement igeo:subdivisionDirecte ?canton .  in [?region igeo:codeRegion ?v . , ?region igeo:subdivisionDirecte ?departement . , ?departement igeo:nom ?nom . , ?departement igeo:subdivisionDirecte ?arrondissement . , ?arrondissement igeo:subdivisionDirecte ?canton . , ?canton igeo:nom ?cantonNom . ]
 WARN 2016-05-04 13:24:50,687 [main] (ServiceGrouper.java:353) - Searching for ?arrondissement igeo:subdivisionDirecte ?canton .  in [?region igeo:codeRegion ?v . , ?region igeo:subdivisionDirecte ?departement . , ?departement igeo:nom ?nom . , ?departement igeo:subdivisionDirecte ?arrondissement . , ?arrondissement igeo:subdivisionDirecte ?canton . , ?canton igeo:nom ?cantonNom . ]
 INFO 2016-05-04 13:24:50,687 [main] (ServiceGrouper.java:328) - Comparing : ?departement igeo:subdivisionDirecte ?arrondissement .  with ?arrondissement igeo:subdivisionDirecte ?canton . 
 INFO 2016-05-04 13:24:50,687 [main] (ServiceGrouper.java:328) - Comparing : ?departement igeo:subdivisionDirecte ?arrondissement .  with ?arrondissement igeo:subdivisionDirecte ?canton . 
 WARN 2016-05-04 13:24:50,687 [main] (ServiceGrouper.java:353) - Searching for ?departement igeo:subdivisionDirecte ?arrondissement .  in [?region igeo:codeRegion ?v . , ?region igeo:subdivisionDirecte ?departement . , ?departement igeo:nom ?nom . , ?departement igeo:subdivisionDirecte ?arrondissement . , ?arrondissement igeo:subdivisionDirecte ?canton . , ?canton igeo:nom ?cantonNom . ]
 WARN 2016-05-04 13:24:50,687 [main] (ServiceGrouper.java:353) - Searching for ?departement igeo:subdivisionDirecte ?arrondissement .  in [?region igeo:codeRegion ?v . , ?region igeo:subdivisionDirecte ?departement . , ?departement igeo:nom ?nom . , ?departement igeo:subdivisionDirecte ?arrondissement . , ?arrondissement igeo:subdivisionDirecte ?canton . , ?canton igeo:nom ?cantonNom . ]
 WARN 2016-05-04 13:24:50,687 [main] (ServiceGrouper.java:353) - Searching for ?departement igeo:nom ?nom .  in [?region igeo:codeRegion ?v . , ?region igeo:subdivisionDirecte ?departement . , ?departement igeo:nom ?nom . , ?departement igeo:subdivisionDirecte ?arrondissement . , ?arrondissement igeo:subdivisionDirecte ?canton . , ?canton igeo:nom ?cantonNom . ]
 WARN 2016-05-04 13:24:50,687 [main] (ServiceGrouper.java:353) - Searching for ?departement igeo:nom ?nom .  in [?region igeo:codeRegion ?v . , ?region igeo:subdivisionDirecte ?departement . , ?departement igeo:nom ?nom . , ?departement igeo:subdivisionDirecte ?arrondissement . , ?arrondissement igeo:subdivisionDirecte ?canton . , ?canton igeo:nom ?cantonNom . ]
 INFO 2016-05-04 13:24:50,687 [main] (ServiceGrouper.java:328) - Comparing : ?departement igeo:subdivisionDirecte ?arrondissement .  with ?departement igeo:nom ?nom . 
 INFO 2016-05-04 13:24:50,687 [main] (ServiceGrouper.java:328) - Comparing : ?departement igeo:subdivisionDirecte ?arrondissement .  with ?departement igeo:nom ?nom . 
 WARN 2016-05-04 13:24:50,687 [main] (ServiceGrouper.java:353) - Searching for ?region igeo:codeRegion ?v .  in [?region igeo:codeRegion ?v . , ?region igeo:subdivisionDirecte ?departement . , ?departement igeo:nom ?nom . , ?departement igeo:subdivisionDirecte ?arrondissement . , ?arrondissement igeo:subdivisionDirecte ?canton . , ?canton igeo:nom ?cantonNom . ]
 WARN 2016-05-04 13:24:50,687 [main] (ServiceGrouper.java:353) - Searching for ?region igeo:codeRegion ?v .  in [?region igeo:codeRegion ?v . , ?region igeo:subdivisionDirecte ?departement . , ?departement igeo:nom ?nom . , ?departement igeo:subdivisionDirecte ?arrondissement . , ?arrondissement igeo:subdivisionDirecte ?canton . , ?canton igeo:nom ?cantonNom . ]
 WARN 2016-05-04 13:24:50,688 [main] (ServiceGrouper.java:353) - Searching for ?departement igeo:subdivisionDirecte ?arrondissement .  in [?region igeo:codeRegion ?v . , ?region igeo:subdivisionDirecte ?departement . , ?departement igeo:nom ?nom . , ?departement igeo:subdivisionDirecte ?arrondissement . , ?arrondissement igeo:subdivisionDirecte ?canton . , ?canton igeo:nom ?cantonNom . ]
 WARN 2016-05-04 13:24:50,688 [main] (ServiceGrouper.java:353) - Searching for ?departement igeo:subdivisionDirecte ?arrondissement .  in [?region igeo:codeRegion ?v . , ?region igeo:subdivisionDirecte ?departement . , ?departement igeo:nom ?nom . , ?departement igeo:subdivisionDirecte ?arrondissement . , ?arrondissement igeo:subdivisionDirecte ?canton . , ?canton igeo:nom ?cantonNom . ]
 INFO 2016-05-04 13:24:50,688 [main] (ServiceGrouper.java:328) - Comparing : ?region igeo:codeRegion ?v .  with ?departement igeo:subdivisionDirecte ?arrondissement . 
 INFO 2016-05-04 13:24:50,688 [main] (ServiceGrouper.java:328) - Comparing : ?region igeo:codeRegion ?v .  with ?departement igeo:subdivisionDirecte ?arrondissement . 
 WARN 2016-05-04 13:24:50,688 [main] (ServiceGrouper.java:353) - Searching for ?region igeo:codeRegion ?v .  in [?region igeo:codeRegion ?v . , ?region igeo:subdivisionDirecte ?departement . , ?departement igeo:nom ?nom . , ?departement igeo:subdivisionDirecte ?arrondissement . , ?arrondissement igeo:subdivisionDirecte ?canton . , ?canton igeo:nom ?cantonNom . ]
 WARN 2016-05-04 13:24:50,688 [main] (ServiceGrouper.java:353) - Searching for ?region igeo:codeRegion ?v .  in [?region igeo:codeRegion ?v . , ?region igeo:subdivisionDirecte ?departement . , ?departement igeo:nom ?nom . , ?departement igeo:subdivisionDirecte ?arrondissement . , ?arrondissement igeo:subdivisionDirecte ?canton . , ?canton igeo:nom ?cantonNom . ]
 WARN 2016-05-04 13:24:50,688 [main] (ServiceGrouper.java:353) - Searching for ?departement igeo:nom ?nom .  in [?region igeo:codeRegion ?v . , ?region igeo:subdivisionDirecte ?departement . , ?departement igeo:nom ?nom . , ?departement igeo:subdivisionDirecte ?arrondissement . , ?arrondissement igeo:subdivisionDirecte ?canton . , ?canton igeo:nom ?cantonNom . ]
 WARN 2016-05-04 13:24:50,688 [main] (ServiceGrouper.java:353) - Searching for ?departement igeo:nom ?nom .  in [?region igeo:codeRegion ?v . , ?region igeo:subdivisionDirecte ?departement . , ?departement igeo:nom ?nom . , ?departement igeo:subdivisionDirecte ?arrondissement . , ?arrondissement igeo:subdivisionDirecte ?canton . , ?canton igeo:nom ?cantonNom . ]
 INFO 2016-05-04 13:24:50,688 [main] (ServiceGrouper.java:328) - Comparing : ?region igeo:codeRegion ?v .  with ?departement igeo:nom ?nom . 
 INFO 2016-05-04 13:24:50,688 [main] (ServiceGrouper.java:328) - Comparing : ?region igeo:codeRegion ?v .  with ?departement igeo:nom ?nom . 
 WARN 2016-05-04 13:24:50,688 [main] (ServiceGrouper.java:353) - Searching for ?region igeo:codeRegion ?v .  in [?region igeo:codeRegion ?v . , ?region igeo:subdivisionDirecte ?departement . , ?departement igeo:nom ?nom . , ?departement igeo:subdivisionDirecte ?arrondissement . , ?arrondissement igeo:subdivisionDirecte ?canton . , ?canton igeo:nom ?cantonNom . ]
 WARN 2016-05-04 13:24:50,688 [main] (ServiceGrouper.java:353) - Searching for ?region igeo:codeRegion ?v .  in [?region igeo:codeRegion ?v . , ?region igeo:subdivisionDirecte ?departement . , ?departement igeo:nom ?nom . , ?departement igeo:subdivisionDirecte ?arrondissement . , ?arrondissement igeo:subdivisionDirecte ?canton . , ?canton igeo:nom ?cantonNom . ]
 WARN 2016-05-04 13:24:50,688 [main] (ServiceGrouper.java:353) - Searching for ?region igeo:subdivisionDirecte ?departement .  in [?region igeo:codeRegion ?v . , ?region igeo:subdivisionDirecte ?departement . , ?departement igeo:nom ?nom . , ?departement igeo:subdivisionDirecte ?arrondissement . , ?arrondissement igeo:subdivisionDirecte ?canton . , ?canton igeo:nom ?cantonNom . ]
 WARN 2016-05-04 13:24:50,688 [main] (ServiceGrouper.java:353) - Searching for ?region igeo:subdivisionDirecte ?departement .  in [?region igeo:codeRegion ?v . , ?region igeo:subdivisionDirecte ?departement . , ?departement igeo:nom ?nom . , ?departement igeo:subdivisionDirecte ?arrondissement . , ?arrondissement igeo:subdivisionDirecte ?canton . , ?canton igeo:nom ?cantonNom . ]
 INFO 2016-05-04 13:24:50,688 [main] (ServiceGrouper.java:328) - Comparing : ?region igeo:codeRegion ?v .  with ?region igeo:subdivisionDirecte ?departement . 
 INFO 2016-05-04 13:24:50,688 [main] (ServiceGrouper.java:328) - Comparing : ?region igeo:codeRegion ?v .  with ?region igeo:subdivisionDirecte ?departement . 
 INFO 2016-05-04 13:24:50,689 [main] (ServiceGrouper.java:340) - {filter (?v = '11') 
filter (?cantonNom = 'Paris 14e  canton') 
?region igeo:codeRegion ?v . 
?region igeo:subdivisionDirecte ?departement . 
?departement igeo:nom ?nom . 
?departement igeo:subdivisionDirecte ?arrondissement . 
?arrondissement igeo:subdivisionDirecte ?canton . 
?canton igeo:nom ?cantonNom . }
 INFO 2016-05-04 13:24:50,689 [main] (ServiceGrouper.java:340) - {filter (?v = '11') 
filter (?cantonNom = 'Paris 14e  canton') 
?region igeo:codeRegion ?v . 
?region igeo:subdivisionDirecte ?departement . 
?departement igeo:nom ?nom . 
?departement igeo:subdivisionDirecte ?arrondissement . 
?arrondissement igeo:subdivisionDirecte ?canton . 
?canton igeo:nom ?cantonNom . }
 INFO 2016-05-04 13:24:50,689 [main] (ServiceGrouper.java:118) - Final rewritten query
 INFO 2016-05-04 13:24:50,689 [main] (ServiceGrouper.java:118) - Final rewritten query
 INFO 2016-05-04 13:24:50,690 [main] (ServiceGrouper.java:119) - prefix idemo: <http://rdf.insee.fr/def/demo#>
prefix igeo: <http://rdf.insee.fr/def/geo#>
select ?arrondissement ?cantonNom 
where
{filter (?v = '11') 
filter (?cantonNom = 'Paris 14e  canton') 
?region igeo:codeRegion ?v . 
?region igeo:subdivisionDirecte ?departement . 
?departement igeo:nom ?nom . 
?departement igeo:subdivisionDirecte ?arrondissement . 
?arrondissement igeo:subdivisionDirecte ?canton . 
?canton igeo:nom ?cantonNom . }
order by ?popTotale 


 INFO 2016-05-04 13:24:50,690 [main] (ServiceGrouper.java:119) - prefix idemo: <http://rdf.insee.fr/def/demo#>
prefix igeo: <http://rdf.insee.fr/def/geo#>
select ?arrondissement ?cantonNom 
where
{filter (?v = '11') 
filter (?cantonNom = 'Paris 14e  canton') 
?region igeo:codeRegion ?v . 
?region igeo:subdivisionDirecte ?departement . 
?departement igeo:nom ?nom . 
?departement igeo:subdivisionDirecte ?arrondissement . 
?arrondissement igeo:subdivisionDirecte ?canton . 
?canton igeo:nom ?cantonNom . }
order by ?popTotale 


ERROR 2016-05-04 13:24:50,691 [main] (ASTQuery.java:623) - OrderBy GroupBy Undefined exp: ?popTotale
ERROR 2016-05-04 13:24:50,691 [main] (ASTQuery.java:623) - OrderBy GroupBy Undefined exp: ?popTotale
 INFO 2016-05-04 13:24:50,691 [main] (ServiceGrouper.java:57) - Building predicates indices for AND{FILTER{(?v = '11')} FILTER{(?cantonNom = 'Paris 14e  canton')} EDGE{?region igeo:codeRegion ?v} EDGE{?region igeo:subdivisionDirecte ?departement} EDGE{?departement igeo:nom ?nom} EDGE{?departement igeo:subdivisionDirecte ?arrondissement} EDGE{?arrondissement igeo:subdivisionDirecte ?canton} EDGE{?canton igeo:nom ?cantonNom} }
 INFO 2016-05-04 13:24:50,691 [main] (ServiceGrouper.java:57) - Building predicates indices for AND{FILTER{(?v = '11')} FILTER{(?cantonNom = 'Paris 14e  canton')} EDGE{?region igeo:codeRegion ?v} EDGE{?region igeo:subdivisionDirecte ?departement} EDGE{?departement igeo:nom ?nom} EDGE{?departement igeo:subdivisionDirecte ?arrondissement} EDGE{?arrondissement igeo:subdivisionDirecte ?canton} EDGE{?canton igeo:nom ?cantonNom} }
 INFO 2016-05-04 13:24:50,692 [main] (ServiceGrouper.java:65) - END of building index!
 INFO 2016-05-04 13:24:50,692 [main] (ServiceGrouper.java:65) - END of building index!
 INFO 2016-05-04 13:24:50,704 [main] (ParallelMetaProducerLessBlocking.java:214) - Searching for BGP : BGP{EDGE{?region igeo:codeRegion ?v} EDGE{?region igeo:subdivisionDirecte ?departement} EDGE{?departement igeo:subdivisionDirecte ?arrondissement} EDGE{?arrondissement igeo:subdivisionDirecte ?canton} }
 INFO 2016-05-04 13:24:50,704 [main] (ParallelMetaProducerLessBlocking.java:214) - Searching for BGP : BGP{EDGE{?region igeo:codeRegion ?v} EDGE{?region igeo:subdivisionDirecte ?departement} EDGE{?departement igeo:subdivisionDirecte ?arrondissement} EDGE{?arrondissement igeo:subdivisionDirecte ?canton} }
 INFO 2016-05-04 13:24:50,706 [pool-1-thread-1] (CallableResult.java:56) - CallableResult for GetMappings
 INFO 2016-05-04 13:24:50,706 [pool-1-thread-1] (CallableResult.java:56) - CallableResult for GetMappings
 INFO 2016-05-04 13:24:50,707 [pool-1-thread-1] (RemoteQueryOptimizerFull.java:144) - BGP QUERY: 
 SELECT * WHERE { 
	 ?region igeo:codeRegion ?v . 
 	  FILTER ((?v = '11'))
	 ?region igeo:subdivisionDirecte ?departement . 
 	 ?departement igeo:subdivisionDirecte ?arrondissement . 
 	 ?arrondissement igeo:subdivisionDirecte ?canton . 
 } 
 INFO 2016-05-04 13:24:50,707 [pool-1-thread-1] (RemoteQueryOptimizerFull.java:144) - BGP QUERY: 
 SELECT * WHERE { 
	 ?region igeo:codeRegion ?v . 
 	  FILTER ((?v = '11'))
	 ?region igeo:subdivisionDirecte ?departement . 
 	 ?departement igeo:subdivisionDirecte ?arrondissement . 
 	 ?arrondissement igeo:subdivisionDirecte ?canton . 
 } 
 INFO 2016-05-04 13:24:50,719 [pool-1-thread-1] (CallableResult.java:59) - RESULTS: 0 FROM http://localhost:8085/sparql
 INFO 2016-05-04 13:24:50,719 [pool-1-thread-1] (CallableResult.java:59) - RESULTS: 0 FROM http://localhost:8085/sparql
 INFO 2016-05-04 13:24:50,720 [pool-1-thread-1] (CallableResult.java:63) - Finished CallableResult in 14 ms.
 INFO 2016-05-04 13:24:50,720 [pool-1-thread-1] (CallableResult.java:63) - Finished CallableResult in 14 ms.
 INFO 2016-05-04 13:24:50,720 [main] (ParallelMetaProducerLessBlocking.java:255) - Global results retrieved in getMappings 15ms.
 INFO 2016-05-04 13:24:50,720 [main] (ParallelMetaProducerLessBlocking.java:255) - Global results retrieved in getMappings 15ms.
 INFO 2016-05-04 13:24:50,720 [main] (Eval.java:1671) - 
	GET MAPPINGS in 18ms.
	 FOR BGP{EDGE{?region igeo:codeRegion ?v} EDGE{?region igeo:subdivisionDirecte ?departement} EDGE{?departement igeo:subdivisionDirecte ?arrondissement} EDGE{?arrondissement igeo:subdivisionDirecte ?canton} }

 INFO 2016-05-04 13:24:50,720 [main] (Eval.java:1671) - 
	GET MAPPINGS in 18ms.
	 FOR BGP{EDGE{?region igeo:codeRegion ?v} EDGE{?region igeo:subdivisionDirecte ?departement} EDGE{?departement igeo:subdivisionDirecte ?arrondissement} EDGE{?arrondissement igeo:subdivisionDirecte ?canton} }

 INFO 2016-05-04 13:24:50,722 [main] (ParallelMetaProducerLessBlocking.java:61) - Searching for edge : ?region igeo:codeRegion ?v
 INFO 2016-05-04 13:24:50,722 [main] (ParallelMetaProducerLessBlocking.java:61) - Searching for edge : ?region igeo:codeRegion ?v
 INFO 2016-05-04 13:24:50,723 [pool-2-thread-1] (CallableResult.java:52) - CallableResult for GetEdge
 INFO 2016-05-04 13:24:50,723 [pool-2-thread-1] (CallableResult.java:52) - CallableResult for GetEdge
 INFO 2016-05-04 13:24:50,723 [pool-2-thread-2] (CallableResult.java:52) - CallableResult for GetEdge
 INFO 2016-05-04 13:24:50,723 [pool-2-thread-2] (CallableResult.java:52) - CallableResult for GetEdge
 INFO 2016-05-04 13:24:50,801 [pool-2-thread-1] (CallableResult.java:63) - Finished CallableResult in 78 ms.
 INFO 2016-05-04 13:24:50,801 [pool-2-thread-1] (CallableResult.java:63) - Finished CallableResult in 78 ms.
 INFO 2016-05-04 13:24:50,812 [pool-2-thread-2] (CallableResult.java:63) - Finished CallableResult in 89 ms.
 INFO 2016-05-04 13:24:50,812 [pool-2-thread-2] (CallableResult.java:63) - Finished CallableResult in 89 ms.
 INFO 2016-05-04 13:24:50,812 [main] (ParallelMetaProducerLessBlocking.java:193) - Global results retrieved in getEdges 89ms.
 INFO 2016-05-04 13:24:50,812 [main] (ParallelMetaProducerLessBlocking.java:193) - Global results retrieved in getEdges 89ms.
 INFO 2016-05-04 13:24:50,813 [main] (ParallelMetaProducerLessBlocking.java:61) - Searching for edge : ?region igeo:subdivisionDirecte ?departement
 INFO 2016-05-04 13:24:50,813 [main] (ParallelMetaProducerLessBlocking.java:61) - Searching for edge : ?region igeo:subdivisionDirecte ?departement
 INFO 2016-05-04 13:24:50,813 [pool-3-thread-1] (CallableResult.java:52) - CallableResult for GetEdge
 INFO 2016-05-04 13:24:50,813 [pool-3-thread-1] (CallableResult.java:52) - CallableResult for GetEdge
 INFO 2016-05-04 13:24:50,813 [pool-3-thread-2] (CallableResult.java:52) - CallableResult for GetEdge
 INFO 2016-05-04 13:24:50,813 [pool-3-thread-2] (CallableResult.java:52) - CallableResult for GetEdge
 INFO 2016-05-04 13:24:50,818 [pool-3-thread-1] (CallableResult.java:63) - Finished CallableResult in 5 ms.
 INFO 2016-05-04 13:24:50,818 [pool-3-thread-1] (CallableResult.java:63) - Finished CallableResult in 5 ms.
 INFO 2016-05-04 13:24:50,833 [pool-3-thread-2] (CallableResult.java:63) - Finished CallableResult in 20 ms.
 INFO 2016-05-04 13:24:50,833 [pool-3-thread-2] (CallableResult.java:63) - Finished CallableResult in 20 ms.
 INFO 2016-05-04 13:24:50,833 [main] (ParallelMetaProducerLessBlocking.java:193) - Global results retrieved in getEdges 20ms.
 INFO 2016-05-04 13:24:50,833 [main] (ParallelMetaProducerLessBlocking.java:193) - Global results retrieved in getEdges 20ms.
 INFO 2016-05-04 13:24:50,834 [main] (ParallelMetaProducerLessBlocking.java:61) - Searching for edge : ?departement igeo:subdivisionDirecte ?arrondissement
 INFO 2016-05-04 13:24:50,834 [main] (ParallelMetaProducerLessBlocking.java:61) - Searching for edge : ?departement igeo:subdivisionDirecte ?arrondissement
 INFO 2016-05-04 13:24:50,834 [pool-4-thread-1] (CallableResult.java:52) - CallableResult for GetEdge
 INFO 2016-05-04 13:24:50,834 [pool-4-thread-1] (CallableResult.java:52) - CallableResult for GetEdge
 INFO 2016-05-04 13:24:50,834 [pool-4-thread-2] (CallableResult.java:52) - CallableResult for GetEdge
 INFO 2016-05-04 13:24:50,834 [pool-4-thread-2] (CallableResult.java:52) - CallableResult for GetEdge
 INFO 2016-05-04 13:24:50,839 [pool-4-thread-2] (CallableResult.java:63) - Finished CallableResult in 5 ms.
 INFO 2016-05-04 13:24:50,839 [pool-4-thread-2] (CallableResult.java:63) - Finished CallableResult in 5 ms.
 INFO 2016-05-04 13:24:50,853 [pool-4-thread-1] (CallableResult.java:63) - Finished CallableResult in 19 ms.
 INFO 2016-05-04 13:24:50,853 [pool-4-thread-1] (CallableResult.java:63) - Finished CallableResult in 19 ms.
 INFO 2016-05-04 13:24:50,853 [main] (ParallelMetaProducerLessBlocking.java:193) - Global results retrieved in getEdges 19ms.
 INFO 2016-05-04 13:24:50,853 [main] (ParallelMetaProducerLessBlocking.java:193) - Global results retrieved in getEdges 19ms.
 INFO 2016-05-04 13:24:50,854 [main] (ParallelMetaProducerLessBlocking.java:61) - Searching for edge : ?arrondissement igeo:subdivisionDirecte ?canton
 INFO 2016-05-04 13:24:50,854 [main] (ParallelMetaProducerLessBlocking.java:61) - Searching for edge : ?arrondissement igeo:subdivisionDirecte ?canton
 INFO 2016-05-04 13:24:50,855 [pool-5-thread-1] (CallableResult.java:52) - CallableResult for GetEdge
 INFO 2016-05-04 13:24:50,855 [pool-5-thread-1] (CallableResult.java:52) - CallableResult for GetEdge
 INFO 2016-05-04 13:24:50,855 [pool-5-thread-2] (CallableResult.java:52) - CallableResult for GetEdge
 INFO 2016-05-04 13:24:50,855 [pool-5-thread-2] (CallableResult.java:52) - CallableResult for GetEdge
 INFO 2016-05-04 13:24:50,861 [pool-5-thread-2] (CallableResult.java:63) - Finished CallableResult in 6 ms.
 INFO 2016-05-04 13:24:50,861 [pool-5-thread-2] (CallableResult.java:63) - Finished CallableResult in 6 ms.
 INFO 2016-05-04 13:24:50,986 [pool-5-thread-1] (CallableResult.java:63) - Finished CallableResult in 131 ms.
 INFO 2016-05-04 13:24:50,986 [pool-5-thread-1] (CallableResult.java:63) - Finished CallableResult in 131 ms.
 INFO 2016-05-04 13:24:50,988 [main] (ParallelMetaProducerLessBlocking.java:193) - Global results retrieved in getEdges 133ms.
 INFO 2016-05-04 13:24:50,988 [main] (ParallelMetaProducerLessBlocking.java:193) - Global results retrieved in getEdges 133ms.
 INFO 2016-05-04 13:24:50,990 [main] (Eval.java:2177) - 
	Get EDGE in 136ms.  
	FOR EDGE{?arrondissement igeo:subdivisionDirecte ?canton}

 INFO 2016-05-04 13:24:50,990 [main] (Eval.java:2177) - 
	Get EDGE in 136ms.  
	FOR EDGE{?arrondissement igeo:subdivisionDirecte ?canton}

 INFO 2016-05-04 13:24:50,990 [main] (ParallelMetaProducerLessBlocking.java:61) - Searching for edge : ?arrondissement igeo:subdivisionDirecte ?canton
 INFO 2016-05-04 13:24:50,990 [main] (ParallelMetaProducerLessBlocking.java:61) - Searching for edge : ?arrondissement igeo:subdivisionDirecte ?canton
 INFO 2016-05-04 13:24:50,990 [pool-6-thread-1] (CallableResult.java:52) - CallableResult for GetEdge
 INFO 2016-05-04 13:24:50,990 [pool-6-thread-1] (CallableResult.java:52) - CallableResult for GetEdge
 INFO 2016-05-04 13:24:50,990 [pool-6-thread-2] (CallableResult.java:52) - CallableResult for GetEdge
 INFO 2016-05-04 13:24:50,990 [pool-6-thread-2] (CallableResult.java:52) - CallableResult for GetEdge
 INFO 2016-05-04 13:24:50,995 [pool-6-thread-2] (CallableResult.java:63) - Finished CallableResult in 5 ms.
 INFO 2016-05-04 13:24:50,995 [pool-6-thread-2] (CallableResult.java:63) - Finished CallableResult in 5 ms.
 INFO 2016-05-04 13:24:51,070 [pool-6-thread-1] (CallableResult.java:63) - Finished CallableResult in 80 ms.
 INFO 2016-05-04 13:24:51,070 [pool-6-thread-1] (CallableResult.java:63) - Finished CallableResult in 80 ms.
 INFO 2016-05-04 13:24:51,071 [main] (ParallelMetaProducerLessBlocking.java:193) - Global results retrieved in getEdges 81ms.
 INFO 2016-05-04 13:24:51,071 [main] (ParallelMetaProducerLessBlocking.java:193) - Global results retrieved in getEdges 81ms.
 INFO 2016-05-04 13:24:51,073 [main] (Eval.java:2177) - 
	Get EDGE in 83ms.  
	FOR EDGE{?arrondissement igeo:subdivisionDirecte ?canton}

 INFO 2016-05-04 13:24:51,073 [main] (Eval.java:2177) - 
	Get EDGE in 83ms.  
	FOR EDGE{?arrondissement igeo:subdivisionDirecte ?canton}

 INFO 2016-05-04 13:24:51,073 [main] (ParallelMetaProducerLessBlocking.java:61) - Searching for edge : ?arrondissement igeo:subdivisionDirecte ?canton
 INFO 2016-05-04 13:24:51,073 [main] (ParallelMetaProducerLessBlocking.java:61) - Searching for edge : ?arrondissement igeo:subdivisionDirecte ?canton
 INFO 2016-05-04 13:24:51,073 [pool-7-thread-1] (CallableResult.java:52) - CallableResult for GetEdge
 INFO 2016-05-04 13:24:51,073 [pool-7-thread-1] (CallableResult.java:52) - CallableResult for GetEdge
 INFO 2016-05-04 13:24:51,073 [pool-7-thread-2] (CallableResult.java:52) - CallableResult for GetEdge
 INFO 2016-05-04 13:24:51,073 [pool-7-thread-2] (CallableResult.java:52) - CallableResult for GetEdge
 INFO 2016-05-04 13:24:51,078 [pool-7-thread-2] (CallableResult.java:63) - Finished CallableResult in 5 ms.
 INFO 2016-05-04 13:24:51,078 [pool-7-thread-2] (CallableResult.java:63) - Finished CallableResult in 5 ms.
 INFO 2016-05-04 13:24:51,189 [pool-7-thread-1] (CallableResult.java:63) - Finished CallableResult in 116 ms.
 INFO 2016-05-04 13:24:51,189 [pool-7-thread-1] (CallableResult.java:63) - Finished CallableResult in 116 ms.
 INFO 2016-05-04 13:24:51,191 [main] (ParallelMetaProducerLessBlocking.java:193) - Global results retrieved in getEdges 118ms.
 INFO 2016-05-04 13:24:51,191 [main] (ParallelMetaProducerLessBlocking.java:193) - Global results retrieved in getEdges 118ms.
 INFO 2016-05-04 13:24:51,193 [main] (Eval.java:2177) - 
	Get EDGE in 120ms.  
	FOR EDGE{?arrondissement igeo:subdivisionDirecte ?canton}

 INFO 2016-05-04 13:24:51,193 [main] (Eval.java:2177) - 
	Get EDGE in 120ms.  
	FOR EDGE{?arrondissement igeo:subdivisionDirecte ?canton}

 INFO 2016-05-04 13:24:51,193 [main] (ParallelMetaProducerLessBlocking.java:61) - Searching for edge : ?arrondissement igeo:subdivisionDirecte ?canton
 INFO 2016-05-04 13:24:51,193 [main] (ParallelMetaProducerLessBlocking.java:61) - Searching for edge : ?arrondissement igeo:subdivisionDirecte ?canton
 INFO 2016-05-04 13:24:51,194 [pool-8-thread-1] (CallableResult.java:52) - CallableResult for GetEdge
 INFO 2016-05-04 13:24:51,194 [pool-8-thread-1] (CallableResult.java:52) - CallableResult for GetEdge
 INFO 2016-05-04 13:24:51,194 [pool-8-thread-2] (CallableResult.java:52) - CallableResult for GetEdge
 INFO 2016-05-04 13:24:51,194 [pool-8-thread-2] (CallableResult.java:52) - CallableResult for GetEdge
 INFO 2016-05-04 13:24:51,199 [pool-8-thread-2] (CallableResult.java:63) - Finished CallableResult in 5 ms.
 INFO 2016-05-04 13:24:51,199 [pool-8-thread-2] (CallableResult.java:63) - Finished CallableResult in 5 ms.
 INFO 2016-05-04 13:24:51,223 [pool-8-thread-1] (CallableResult.java:63) - Finished CallableResult in 29 ms.
 INFO 2016-05-04 13:24:51,223 [pool-8-thread-1] (CallableResult.java:63) - Finished CallableResult in 29 ms.
 INFO 2016-05-04 13:24:51,224 [main] (ParallelMetaProducerLessBlocking.java:193) - Global results retrieved in getEdges 30ms.
 INFO 2016-05-04 13:24:51,224 [main] (ParallelMetaProducerLessBlocking.java:193) - Global results retrieved in getEdges 30ms.
 INFO 2016-05-04 13:24:51,225 [main] (Eval.java:2177) - 
	Get EDGE in 32ms.  
	FOR EDGE{?arrondissement igeo:subdivisionDirecte ?canton}

 INFO 2016-05-04 13:24:51,225 [main] (Eval.java:2177) - 
	Get EDGE in 32ms.  
	FOR EDGE{?arrondissement igeo:subdivisionDirecte ?canton}

 INFO 2016-05-04 13:24:51,225 [main] (Eval.java:2177) - 
	Get EDGE in 391ms.  
	FOR EDGE{?departement igeo:subdivisionDirecte ?arrondissement}

 INFO 2016-05-04 13:24:51,225 [main] (Eval.java:2177) - 
	Get EDGE in 391ms.  
	FOR EDGE{?departement igeo:subdivisionDirecte ?arrondissement}

 INFO 2016-05-04 13:24:51,225 [main] (ParallelMetaProducerLessBlocking.java:61) - Searching for edge : ?departement igeo:subdivisionDirecte ?arrondissement
 INFO 2016-05-04 13:24:51,225 [main] (ParallelMetaProducerLessBlocking.java:61) - Searching for edge : ?departement igeo:subdivisionDirecte ?arrondissement
 INFO 2016-05-04 13:24:51,225 [pool-9-thread-1] (CallableResult.java:52) - CallableResult for GetEdge
 INFO 2016-05-04 13:24:51,225 [pool-9-thread-1] (CallableResult.java:52) - CallableResult for GetEdge
 INFO 2016-05-04 13:24:51,225 [pool-9-thread-2] (CallableResult.java:52) - CallableResult for GetEdge
 INFO 2016-05-04 13:24:51,225 [pool-9-thread-2] (CallableResult.java:52) - CallableResult for GetEdge
 INFO 2016-05-04 13:24:51,229 [pool-9-thread-2] (CallableResult.java:63) - Finished CallableResult in 4 ms.
 INFO 2016-05-04 13:24:51,229 [pool-9-thread-2] (CallableResult.java:63) - Finished CallableResult in 4 ms.
 INFO 2016-05-04 13:24:51,230 [pool-9-thread-1] (CallableResult.java:63) - Finished CallableResult in 5 ms.
 INFO 2016-05-04 13:24:51,230 [pool-9-thread-1] (CallableResult.java:63) - Finished CallableResult in 5 ms.
 INFO 2016-05-04 13:24:51,230 [main] (ParallelMetaProducerLessBlocking.java:193) - Global results retrieved in getEdges 5ms.
 INFO 2016-05-04 13:24:51,230 [main] (ParallelMetaProducerLessBlocking.java:193) - Global results retrieved in getEdges 5ms.
 INFO 2016-05-04 13:24:51,231 [main] (ParallelMetaProducerLessBlocking.java:61) - Searching for edge : ?arrondissement igeo:subdivisionDirecte ?canton
 INFO 2016-05-04 13:24:51,231 [main] (ParallelMetaProducerLessBlocking.java:61) - Searching for edge : ?arrondissement igeo:subdivisionDirecte ?canton
 INFO 2016-05-04 13:24:51,231 [pool-10-thread-1] (CallableResult.java:52) - CallableResult for GetEdge
 INFO 2016-05-04 13:24:51,231 [pool-10-thread-1] (CallableResult.java:52) - CallableResult for GetEdge
 INFO 2016-05-04 13:24:51,231 [pool-10-thread-2] (CallableResult.java:52) - CallableResult for GetEdge
 INFO 2016-05-04 13:24:51,231 [pool-10-thread-2] (CallableResult.java:52) - CallableResult for GetEdge
 INFO 2016-05-04 13:24:51,235 [pool-10-thread-1] (CallableResult.java:63) - Finished CallableResult in 4 ms.
 INFO 2016-05-04 13:24:51,235 [pool-10-thread-1] (CallableResult.java:63) - Finished CallableResult in 4 ms.
 INFO 2016-05-04 13:24:51,235 [pool-10-thread-2] (CallableResult.java:63) - Finished CallableResult in 4 ms.
 INFO 2016-05-04 13:24:51,235 [pool-10-thread-2] (CallableResult.java:63) - Finished CallableResult in 4 ms.
 INFO 2016-05-04 13:24:51,236 [main] (ParallelMetaProducerLessBlocking.java:193) - Global results retrieved in getEdges 5ms.
 INFO 2016-05-04 13:24:51,236 [main] (ParallelMetaProducerLessBlocking.java:193) - Global results retrieved in getEdges 5ms.
 INFO 2016-05-04 13:24:51,236 [main] (Eval.java:2177) - 
	Get EDGE in 5ms.  
	FOR EDGE{?arrondissement igeo:subdivisionDirecte ?canton}

 INFO 2016-05-04 13:24:51,236 [main] (Eval.java:2177) - 
	Get EDGE in 5ms.  
	FOR EDGE{?arrondissement igeo:subdivisionDirecte ?canton}

 INFO 2016-05-04 13:24:51,236 [main] (Eval.java:2177) - 
	Get EDGE in 11ms.  
	FOR EDGE{?departement igeo:subdivisionDirecte ?arrondissement}

 INFO 2016-05-04 13:24:51,236 [main] (Eval.java:2177) - 
	Get EDGE in 11ms.  
	FOR EDGE{?departement igeo:subdivisionDirecte ?arrondissement}

 INFO 2016-05-04 13:24:51,237 [main] (ParallelMetaProducerLessBlocking.java:61) - Searching for edge : ?departement igeo:subdivisionDirecte ?arrondissement
 INFO 2016-05-04 13:24:51,237 [main] (ParallelMetaProducerLessBlocking.java:61) - Searching for edge : ?departement igeo:subdivisionDirecte ?arrondissement
 INFO 2016-05-04 13:24:51,237 [pool-11-thread-1] (CallableResult.java:52) - CallableResult for GetEdge
 INFO 2016-05-04 13:24:51,237 [pool-11-thread-1] (CallableResult.java:52) - CallableResult for GetEdge
 INFO 2016-05-04 13:24:51,237 [pool-11-thread-2] (CallableResult.java:52) - CallableResult for GetEdge
 INFO 2016-05-04 13:24:51,237 [pool-11-thread-2] (CallableResult.java:52) - CallableResult for GetEdge
 INFO 2016-05-04 13:24:51,242 [pool-11-thread-2] (CallableResult.java:63) - Finished CallableResult in 5 ms.
 INFO 2016-05-04 13:24:51,242 [pool-11-thread-2] (CallableResult.java:63) - Finished CallableResult in 5 ms.
 INFO 2016-05-04 13:24:51,246 [pool-11-thread-1] (CallableResult.java:63) - Finished CallableResult in 9 ms.
 INFO 2016-05-04 13:24:51,246 [pool-11-thread-1] (CallableResult.java:63) - Finished CallableResult in 9 ms.
 INFO 2016-05-04 13:24:51,246 [main] (ParallelMetaProducerLessBlocking.java:193) - Global results retrieved in getEdges 9ms.
 INFO 2016-05-04 13:24:51,246 [main] (ParallelMetaProducerLessBlocking.java:193) - Global results retrieved in getEdges 9ms.
 INFO 2016-05-04 13:24:51,246 [main] (ParallelMetaProducerLessBlocking.java:61) - Searching for edge : ?arrondissement igeo:subdivisionDirecte ?canton
 INFO 2016-05-04 13:24:51,246 [main] (ParallelMetaProducerLessBlocking.java:61) - Searching for edge : ?arrondissement igeo:subdivisionDirecte ?canton
 INFO 2016-05-04 13:24:51,247 [pool-12-thread-1] (CallableResult.java:52) - CallableResult for GetEdge
 INFO 2016-05-04 13:24:51,247 [pool-12-thread-1] (CallableResult.java:52) - CallableResult for GetEdge
 INFO 2016-05-04 13:24:51,247 [pool-12-thread-2] (CallableResult.java:52) - CallableResult for GetEdge
 INFO 2016-05-04 13:24:51,247 [pool-12-thread-2] (CallableResult.java:52) - CallableResult for GetEdge
 INFO 2016-05-04 13:24:51,252 [pool-12-thread-2] (CallableResult.java:63) - Finished CallableResult in 5 ms.
 INFO 2016-05-04 13:24:51,252 [pool-12-thread-2] (CallableResult.java:63) - Finished CallableResult in 5 ms.
 INFO 2016-05-04 13:24:51,406 [pool-12-thread-1] (CallableResult.java:63) - Finished CallableResult in 159 ms.
 INFO 2016-05-04 13:24:51,406 [pool-12-thread-1] (CallableResult.java:63) - Finished CallableResult in 159 ms.
 INFO 2016-05-04 13:24:51,408 [main] (ParallelMetaProducerLessBlocking.java:193) - Global results retrieved in getEdges 161ms.
 INFO 2016-05-04 13:24:51,408 [main] (ParallelMetaProducerLessBlocking.java:193) - Global results retrieved in getEdges 161ms.
 INFO 2016-05-04 13:24:51,410 [main] (Eval.java:2177) - 
	Get EDGE in 164ms.  
	FOR EDGE{?arrondissement igeo:subdivisionDirecte ?canton}

 INFO 2016-05-04 13:24:51,410 [main] (Eval.java:2177) - 
	Get EDGE in 164ms.  
	FOR EDGE{?arrondissement igeo:subdivisionDirecte ?canton}

 INFO 2016-05-04 13:24:51,410 [main] (ParallelMetaProducerLessBlocking.java:61) - Searching for edge : ?arrondissement igeo:subdivisionDirecte ?canton
 INFO 2016-05-04 13:24:51,410 [main] (ParallelMetaProducerLessBlocking.java:61) - Searching for edge : ?arrondissement igeo:subdivisionDirecte ?canton
 INFO 2016-05-04 13:24:51,411 [pool-13-thread-1] (CallableResult.java:52) - CallableResult for GetEdge
 INFO 2016-05-04 13:24:51,411 [pool-13-thread-1] (CallableResult.java:52) - CallableResult for GetEdge
 INFO 2016-05-04 13:24:51,411 [pool-13-thread-2] (CallableResult.java:52) - CallableResult for GetEdge
 INFO 2016-05-04 13:24:51,411 [pool-13-thread-2] (CallableResult.java:52) - CallableResult for GetEdge
 INFO 2016-05-04 13:24:51,415 [pool-13-thread-2] (CallableResult.java:63) - Finished CallableResult in 4 ms.
 INFO 2016-05-04 13:24:51,415 [pool-13-thread-2] (CallableResult.java:63) - Finished CallableResult in 4 ms.
 INFO 2016-05-04 13:24:51,451 [pool-13-thread-1] (CallableResult.java:63) - Finished CallableResult in 40 ms.
 INFO 2016-05-04 13:24:51,451 [pool-13-thread-1] (CallableResult.java:63) - Finished CallableResult in 40 ms.
 INFO 2016-05-04 13:24:51,452 [main] (ParallelMetaProducerLessBlocking.java:193) - Global results retrieved in getEdges 41ms.
 INFO 2016-05-04 13:24:51,452 [main] (ParallelMetaProducerLessBlocking.java:193) - Global results retrieved in getEdges 41ms.
 INFO 2016-05-04 13:24:51,453 [main] (Eval.java:2177) - 
	Get EDGE in 43ms.  
	FOR EDGE{?arrondissement igeo:subdivisionDirecte ?canton}

 INFO 2016-05-04 13:24:51,453 [main] (Eval.java:2177) - 
	Get EDGE in 43ms.  
	FOR EDGE{?arrondissement igeo:subdivisionDirecte ?canton}

 INFO 2016-05-04 13:24:51,453 [main] (ParallelMetaProducerLessBlocking.java:61) - Searching for edge : ?arrondissement igeo:subdivisionDirecte ?canton
 INFO 2016-05-04 13:24:51,453 [main] (ParallelMetaProducerLessBlocking.java:61) - Searching for edge : ?arrondissement igeo:subdivisionDirecte ?canton
 INFO 2016-05-04 13:24:51,453 [pool-14-thread-1] (CallableResult.java:52) - CallableResult for GetEdge
 INFO 2016-05-04 13:24:51,453 [pool-14-thread-1] (CallableResult.java:52) - CallableResult for GetEdge
 INFO 2016-05-04 13:24:51,453 [pool-14-thread-2] (CallableResult.java:52) - CallableResult for GetEdge
 INFO 2016-05-04 13:24:51,453 [pool-14-thread-2] (CallableResult.java:52) - CallableResult for GetEdge
 INFO 2016-05-04 13:24:51,457 [pool-14-thread-2] (CallableResult.java:63) - Finished CallableResult in 4 ms.
 INFO 2016-05-04 13:24:51,457 [pool-14-thread-2] (CallableResult.java:63) - Finished CallableResult in 4 ms.
 INFO 2016-05-04 13:24:51,515 [pool-14-thread-1] (CallableResult.java:63) - Finished CallableResult in 62 ms.
 INFO 2016-05-04 13:24:51,515 [pool-14-thread-1] (CallableResult.java:63) - Finished CallableResult in 62 ms.
 INFO 2016-05-04 13:24:51,517 [main] (ParallelMetaProducerLessBlocking.java:193) - Global results retrieved in getEdges 64ms.
 INFO 2016-05-04 13:24:51,517 [main] (ParallelMetaProducerLessBlocking.java:193) - Global results retrieved in getEdges 64ms.
 INFO 2016-05-04 13:24:51,517 [main] (Eval.java:2177) - 
	Get EDGE in 64ms.  
	FOR EDGE{?arrondissement igeo:subdivisionDirecte ?canton}

 INFO 2016-05-04 13:24:51,517 [main] (Eval.java:2177) - 
	Get EDGE in 64ms.  
	FOR EDGE{?arrondissement igeo:subdivisionDirecte ?canton}

 INFO 2016-05-04 13:24:51,518 [main] (ParallelMetaProducerLessBlocking.java:61) - Searching for edge : ?arrondissement igeo:subdivisionDirecte ?canton
 INFO 2016-05-04 13:24:51,518 [main] (ParallelMetaProducerLessBlocking.java:61) - Searching for edge : ?arrondissement igeo:subdivisionDirecte ?canton
 INFO 2016-05-04 13:24:51,518 [pool-15-thread-1] (CallableResult.java:52) - CallableResult for GetEdge
 INFO 2016-05-04 13:24:51,518 [pool-15-thread-1] (CallableResult.java:52) - CallableResult for GetEdge
 INFO 2016-05-04 13:24:51,518 [pool-15-thread-2] (CallableResult.java:52) - CallableResult for GetEdge
 INFO 2016-05-04 13:24:51,518 [pool-15-thread-2] (CallableResult.java:52) - CallableResult for GetEdge
 INFO 2016-05-04 13:24:51,522 [pool-15-thread-2] (CallableResult.java:63) - Finished CallableResult in 4 ms.
 INFO 2016-05-04 13:24:51,522 [pool-15-thread-2] (CallableResult.java:63) - Finished CallableResult in 4 ms.
 INFO 2016-05-04 13:24:51,606 [pool-15-thread-1] (CallableResult.java:63) - Finished CallableResult in 88 ms.
 INFO 2016-05-04 13:24:51,606 [pool-15-thread-1] (CallableResult.java:63) - Finished CallableResult in 88 ms.
 INFO 2016-05-04 13:24:51,607 [main] (ParallelMetaProducerLessBlocking.java:193) - Global results retrieved in getEdges 89ms.
 INFO 2016-05-04 13:24:51,607 [main] (ParallelMetaProducerLessBlocking.java:193) - Global results retrieved in getEdges 89ms.
 INFO 2016-05-04 13:24:51,608 [main] (Eval.java:2177) - 
	Get EDGE in 90ms.  
	FOR EDGE{?arrondissement igeo:subdivisionDirecte ?canton}

 INFO 2016-05-04 13:24:51,608 [main] (Eval.java:2177) - 
	Get EDGE in 90ms.  
	FOR EDGE{?arrondissement igeo:subdivisionDirecte ?canton}

 INFO 2016-05-04 13:24:51,608 [main] (ParallelMetaProducerLessBlocking.java:61) - Searching for edge : ?arrondissement igeo:subdivisionDirecte ?canton
 INFO 2016-05-04 13:24:51,608 [main] (ParallelMetaProducerLessBlocking.java:61) - Searching for edge : ?arrondissement igeo:subdivisionDirecte ?canton
 INFO 2016-05-04 13:24:51,608 [pool-16-thread-1] (CallableResult.java:52) - CallableResult for GetEdge
 INFO 2016-05-04 13:24:51,608 [pool-16-thread-1] (CallableResult.java:52) - CallableResult for GetEdge
 INFO 2016-05-04 13:24:51,608 [pool-16-thread-2] (CallableResult.java:52) - CallableResult for GetEdge
 INFO 2016-05-04 13:24:51,608 [pool-16-thread-2] (CallableResult.java:52) - CallableResult for GetEdge
 INFO 2016-05-04 13:24:51,612 [pool-16-thread-2] (CallableResult.java:63) - Finished CallableResult in 4 ms.
 INFO 2016-05-04 13:24:51,612 [pool-16-thread-2] (CallableResult.java:63) - Finished CallableResult in 4 ms.
 INFO 2016-05-04 13:24:51,684 [pool-16-thread-1] (CallableResult.java:63) - Finished CallableResult in 76 ms.
 INFO 2016-05-04 13:24:51,684 [pool-16-thread-1] (CallableResult.java:63) - Finished CallableResult in 76 ms.
 INFO 2016-05-04 13:24:51,686 [main] (ParallelMetaProducerLessBlocking.java:193) - Global results retrieved in getEdges 78ms.
 INFO 2016-05-04 13:24:51,686 [main] (ParallelMetaProducerLessBlocking.java:193) - Global results retrieved in getEdges 78ms.
 INFO 2016-05-04 13:24:51,687 [main] (Eval.java:2177) - 
	Get EDGE in 79ms.  
	FOR EDGE{?arrondissement igeo:subdivisionDirecte ?canton}

 INFO 2016-05-04 13:24:51,687 [main] (Eval.java:2177) - 
	Get EDGE in 79ms.  
	FOR EDGE{?arrondissement igeo:subdivisionDirecte ?canton}

 INFO 2016-05-04 13:24:51,688 [main] (Eval.java:2177) - 
	Get EDGE in 451ms.  
	FOR EDGE{?departement igeo:subdivisionDirecte ?arrondissement}

 INFO 2016-05-04 13:24:51,688 [main] (Eval.java:2177) - 
	Get EDGE in 451ms.  
	FOR EDGE{?departement igeo:subdivisionDirecte ?arrondissement}

 INFO 2016-05-04 13:24:51,688 [main] (ParallelMetaProducerLessBlocking.java:61) - Searching for edge : ?departement igeo:subdivisionDirecte ?arrondissement
 INFO 2016-05-04 13:24:51,688 [main] (ParallelMetaProducerLessBlocking.java:61) - Searching for edge : ?departement igeo:subdivisionDirecte ?arrondissement
 INFO 2016-05-04 13:24:51,688 [pool-17-thread-1] (CallableResult.java:52) - CallableResult for GetEdge
 INFO 2016-05-04 13:24:51,688 [pool-17-thread-1] (CallableResult.java:52) - CallableResult for GetEdge
 INFO 2016-05-04 13:24:51,688 [pool-17-thread-2] (CallableResult.java:52) - CallableResult for GetEdge
 INFO 2016-05-04 13:24:51,688 [pool-17-thread-2] (CallableResult.java:52) - CallableResult for GetEdge
 INFO 2016-05-04 13:24:51,692 [pool-17-thread-2] (CallableResult.java:63) - Finished CallableResult in 4 ms.
 INFO 2016-05-04 13:24:51,692 [pool-17-thread-2] (CallableResult.java:63) - Finished CallableResult in 4 ms.
 INFO 2016-05-04 13:24:51,696 [pool-17-thread-1] (CallableResult.java:63) - Finished CallableResult in 8 ms.
 INFO 2016-05-04 13:24:51,696 [pool-17-thread-1] (CallableResult.java:63) - Finished CallableResult in 8 ms.
 INFO 2016-05-04 13:24:51,696 [main] (ParallelMetaProducerLessBlocking.java:193) - Global results retrieved in getEdges 8ms.
 INFO 2016-05-04 13:24:51,696 [main] (ParallelMetaProducerLessBlocking.java:193) - Global results retrieved in getEdges 8ms.
 INFO 2016-05-04 13:24:51,696 [main] (ParallelMetaProducerLessBlocking.java:61) - Searching for edge : ?arrondissement igeo:subdivisionDirecte ?canton
 INFO 2016-05-04 13:24:51,696 [main] (ParallelMetaProducerLessBlocking.java:61) - Searching for edge : ?arrondissement igeo:subdivisionDirecte ?canton
 INFO 2016-05-04 13:24:51,697 [pool-18-thread-1] (CallableResult.java:52) - CallableResult for GetEdge
 INFO 2016-05-04 13:24:51,697 [pool-18-thread-1] (CallableResult.java:52) - CallableResult for GetEdge
 INFO 2016-05-04 13:24:51,700 [pool-18-thread-2] (CallableResult.java:52) - CallableResult for GetEdge
 INFO 2016-05-04 13:24:51,700 [pool-18-thread-2] (CallableResult.java:52) - CallableResult for GetEdge
 INFO 2016-05-04 13:24:51,703 [pool-18-thread-2] (CallableResult.java:63) - Finished CallableResult in 6 ms.
 INFO 2016-05-04 13:24:51,703 [pool-18-thread-2] (CallableResult.java:63) - Finished CallableResult in 6 ms.
 INFO 2016-05-04 13:24:51,705 [pool-18-thread-1] (CallableResult.java:63) - Finished CallableResult in 8 ms.
 INFO 2016-05-04 13:24:51,705 [pool-18-thread-1] (CallableResult.java:63) - Finished CallableResult in 8 ms.
 INFO 2016-05-04 13:24:51,705 [main] (ParallelMetaProducerLessBlocking.java:193) - Global results retrieved in getEdges 8ms.
 INFO 2016-05-04 13:24:51,705 [main] (ParallelMetaProducerLessBlocking.java:193) - Global results retrieved in getEdges 8ms.
 INFO 2016-05-04 13:24:51,705 [main] (Eval.java:2177) - 
	Get EDGE in 9ms.  
	FOR EDGE{?arrondissement igeo:subdivisionDirecte ?canton}

 INFO 2016-05-04 13:24:51,705 [main] (Eval.java:2177) - 
	Get EDGE in 9ms.  
	FOR EDGE{?arrondissement igeo:subdivisionDirecte ?canton}

 INFO 2016-05-04 13:24:51,705 [main] (ParallelMetaProducerLessBlocking.java:61) - Searching for edge : ?arrondissement igeo:subdivisionDirecte ?canton
 INFO 2016-05-04 13:24:51,705 [main] (ParallelMetaProducerLessBlocking.java:61) - Searching for edge : ?arrondissement igeo:subdivisionDirecte ?canton
 INFO 2016-05-04 13:24:51,706 [pool-19-thread-1] (CallableResult.java:52) - CallableResult for GetEdge
 INFO 2016-05-04 13:24:51,706 [pool-19-thread-1] (CallableResult.java:52) - CallableResult for GetEdge
 INFO 2016-05-04 13:24:51,706 [pool-19-thread-2] (CallableResult.java:52) - CallableResult for GetEdge
 INFO 2016-05-04 13:24:51,706 [pool-19-thread-2] (CallableResult.java:52) - CallableResult for GetEdge
 INFO 2016-05-04 13:24:51,709 [pool-19-thread-2] (CallableResult.java:63) - Finished CallableResult in 3 ms.
 INFO 2016-05-04 13:24:51,709 [pool-19-thread-2] (CallableResult.java:63) - Finished CallableResult in 3 ms.
 INFO 2016-05-04 13:24:51,709 [pool-19-thread-1] (CallableResult.java:63) - Finished CallableResult in 3 ms.
 INFO 2016-05-04 13:24:51,709 [pool-19-thread-1] (CallableResult.java:63) - Finished CallableResult in 3 ms.
 INFO 2016-05-04 13:24:51,710 [main] (ParallelMetaProducerLessBlocking.java:193) - Global results retrieved in getEdges 4ms.
 INFO 2016-05-04 13:24:51,710 [main] (ParallelMetaProducerLessBlocking.java:193) - Global results retrieved in getEdges 4ms.
 INFO 2016-05-04 13:24:51,710 [main] (Eval.java:2177) - 
	Get EDGE in 5ms.  
	FOR EDGE{?arrondissement igeo:subdivisionDirecte ?canton}

 INFO 2016-05-04 13:24:51,710 [main] (Eval.java:2177) - 
	Get EDGE in 5ms.  
	FOR EDGE{?arrondissement igeo:subdivisionDirecte ?canton}

 INFO 2016-05-04 13:24:51,710 [main] (ParallelMetaProducerLessBlocking.java:61) - Searching for edge : ?arrondissement igeo:subdivisionDirecte ?canton
 INFO 2016-05-04 13:24:51,710 [main] (ParallelMetaProducerLessBlocking.java:61) - Searching for edge : ?arrondissement igeo:subdivisionDirecte ?canton
 INFO 2016-05-04 13:24:51,710 [pool-20-thread-1] (CallableResult.java:52) - CallableResult for GetEdge
 INFO 2016-05-04 13:24:51,710 [pool-20-thread-1] (CallableResult.java:52) - CallableResult for GetEdge
 INFO 2016-05-04 13:24:51,710 [pool-20-thread-2] (CallableResult.java:52) - CallableResult for GetEdge
 INFO 2016-05-04 13:24:51,710 [pool-20-thread-2] (CallableResult.java:52) - CallableResult for GetEdge
 INFO 2016-05-04 13:24:51,713 [pool-20-thread-2] (CallableResult.java:63) - Finished CallableResult in 3 ms.
 INFO 2016-05-04 13:24:51,713 [pool-20-thread-2] (CallableResult.java:63) - Finished CallableResult in 3 ms.
 INFO 2016-05-04 13:24:51,716 [pool-20-thread-1] (CallableResult.java:63) - Finished CallableResult in 6 ms.
 INFO 2016-05-04 13:24:51,716 [pool-20-thread-1] (CallableResult.java:63) - Finished CallableResult in 6 ms.
 INFO 2016-05-04 13:24:51,716 [main] (ParallelMetaProducerLessBlocking.java:193) - Global results retrieved in getEdges 6ms.
 INFO 2016-05-04 13:24:51,716 [main] (ParallelMetaProducerLessBlocking.java:193) - Global results retrieved in getEdges 6ms.
 INFO 2016-05-04 13:24:51,717 [main] (Eval.java:2177) - 
	Get EDGE in 7ms.  
	FOR EDGE{?arrondissement igeo:subdivisionDirecte ?canton}

 INFO 2016-05-04 13:24:51,717 [main] (Eval.java:2177) - 
	Get EDGE in 7ms.  
	FOR EDGE{?arrondissement igeo:subdivisionDirecte ?canton}

 INFO 2016-05-04 13:24:51,717 [main] (Eval.java:2177) - 
	Get EDGE in 29ms.  
	FOR EDGE{?departement igeo:subdivisionDirecte ?arrondissement}

 INFO 2016-05-04 13:24:51,717 [main] (Eval.java:2177) - 
	Get EDGE in 29ms.  
	FOR EDGE{?departement igeo:subdivisionDirecte ?arrondissement}

 INFO 2016-05-04 13:24:51,717 [main] (Eval.java:2177) - 
	Get EDGE in 904ms.  
	FOR EDGE{?region igeo:subdivisionDirecte ?departement}

 INFO 2016-05-04 13:24:51,717 [main] (Eval.java:2177) - 
	Get EDGE in 904ms.  
	FOR EDGE{?region igeo:subdivisionDirecte ?departement}

 INFO 2016-05-04 13:24:51,717 [main] (Eval.java:2177) - 
	Get EDGE in 997ms.  
	FOR EDGE{?region igeo:codeRegion ?v}

 INFO 2016-05-04 13:24:51,717 [main] (Eval.java:2177) - 
	Get EDGE in 997ms.  
	FOR EDGE{?region igeo:codeRegion ?v}

 INFO 2016-05-04 13:24:51,717 [main] (ParallelMetaProducerLessBlocking.java:214) - Searching for BGP : BGP{EDGE{?departement igeo:nom ?nom} EDGE{?canton igeo:nom ?cantonNom} }
 INFO 2016-05-04 13:24:51,717 [main] (ParallelMetaProducerLessBlocking.java:214) - Searching for BGP : BGP{EDGE{?departement igeo:nom ?nom} EDGE{?canton igeo:nom ?cantonNom} }
 INFO 2016-05-04 13:24:51,718 [pool-21-thread-1] (CallableResult.java:56) - CallableResult for GetMappings
 INFO 2016-05-04 13:24:51,718 [pool-21-thread-1] (CallableResult.java:56) - CallableResult for GetMappings
 INFO 2016-05-04 13:24:51,718 [pool-21-thread-1] (RemoteQueryOptimizerFull.java:144) - BGP QUERY: 
 SELECT * WHERE { 
	 ?departement igeo:nom ?nom . 
 	 ?canton igeo:nom ?cantonNom . 
 	  FILTER ((?cantonNom = 'Paris 14e  canton'))
} 
 INFO 2016-05-04 13:24:51,718 [pool-21-thread-1] (RemoteQueryOptimizerFull.java:144) - BGP QUERY: 
 SELECT * WHERE { 
	 ?departement igeo:nom ?nom . 
 	 ?canton igeo:nom ?cantonNom . 
 	  FILTER ((?cantonNom = 'Paris 14e  canton'))
} 
 INFO 2016-05-04 13:24:51,718 [pool-21-thread-2] (CallableResult.java:56) - CallableResult for GetMappings
 INFO 2016-05-04 13:24:51,718 [pool-21-thread-2] (CallableResult.java:56) - CallableResult for GetMappings
 INFO 2016-05-04 13:24:51,719 [pool-21-thread-2] (RemoteQueryOptimizerFull.java:144) - BGP QUERY: 
 SELECT * WHERE { 
	 ?departement igeo:nom ?nom . 
 	 ?canton igeo:nom ?cantonNom . 
 	  FILTER ((?cantonNom = 'Paris 14e  canton'))
} 
 INFO 2016-05-04 13:24:51,719 [pool-21-thread-2] (RemoteQueryOptimizerFull.java:144) - BGP QUERY: 
 SELECT * WHERE { 
	 ?departement igeo:nom ?nom . 
 	 ?canton igeo:nom ?cantonNom . 
 	  FILTER ((?cantonNom = 'Paris 14e  canton'))
} 
 INFO 2016-05-04 13:24:51,726 [pool-21-thread-1] (CallableResult.java:59) - RESULTS: 0 FROM http://localhost:8086/sparql
 INFO 2016-05-04 13:24:51,726 [pool-21-thread-1] (CallableResult.java:59) - RESULTS: 0 FROM http://localhost:8086/sparql
 INFO 2016-05-04 13:24:51,726 [pool-21-thread-1] (CallableResult.java:63) - Finished CallableResult in 8 ms.
 INFO 2016-05-04 13:24:51,726 [pool-21-thread-1] (CallableResult.java:63) - Finished CallableResult in 8 ms.
 INFO 2016-05-04 13:24:51,727 [pool-21-thread-2] (CallableResult.java:59) - RESULTS: 0 FROM http://localhost:8087/sparql
 INFO 2016-05-04 13:24:51,727 [pool-21-thread-2] (CallableResult.java:59) - RESULTS: 0 FROM http://localhost:8087/sparql
 INFO 2016-05-04 13:24:51,727 [pool-21-thread-2] (CallableResult.java:63) - Finished CallableResult in 9 ms.
 INFO 2016-05-04 13:24:51,727 [pool-21-thread-2] (CallableResult.java:63) - Finished CallableResult in 9 ms.
 INFO 2016-05-04 13:24:51,727 [main] (ParallelMetaProducerLessBlocking.java:255) - Global results retrieved in getMappings 9ms.
 INFO 2016-05-04 13:24:51,727 [main] (ParallelMetaProducerLessBlocking.java:255) - Global results retrieved in getMappings 9ms.
 INFO 2016-05-04 13:24:51,727 [main] (Eval.java:1671) - 
	GET MAPPINGS in 10ms.
	 FOR BGP{EDGE{?departement igeo:nom ?nom} EDGE{?canton igeo:nom ?cantonNom} }

 INFO 2016-05-04 13:24:51,727 [main] (Eval.java:1671) - 
	GET MAPPINGS in 10ms.
	 FOR BGP{EDGE{?departement igeo:nom ?nom} EDGE{?canton igeo:nom ?cantonNom} }

 INFO 2016-05-04 13:24:51,727 [main] (ParallelMetaProducerLessBlocking.java:61) - Searching for edge : ?departement igeo:nom ?nom
 INFO 2016-05-04 13:24:51,727 [main] (ParallelMetaProducerLessBlocking.java:61) - Searching for edge : ?departement igeo:nom ?nom
 INFO 2016-05-04 13:24:51,728 [pool-22-thread-1] (CallableResult.java:52) - CallableResult for GetEdge
 INFO 2016-05-04 13:24:51,728 [pool-22-thread-1] (CallableResult.java:52) - CallableResult for GetEdge
 INFO 2016-05-04 13:24:51,728 [pool-22-thread-2] (CallableResult.java:52) - CallableResult for GetEdge
 INFO 2016-05-04 13:24:51,728 [pool-22-thread-2] (CallableResult.java:52) - CallableResult for GetEdge
 INFO 2016-05-04 13:24:51,740 [pool-22-thread-2] (CallableResult.java:63) - Finished CallableResult in 12 ms.
 INFO 2016-05-04 13:24:51,740 [pool-22-thread-2] (CallableResult.java:63) - Finished CallableResult in 12 ms.
 INFO 2016-05-04 13:24:51,788 [pool-22-thread-1] (CallableResult.java:63) - Finished CallableResult in 60 ms.
 INFO 2016-05-04 13:24:51,788 [pool-22-thread-1] (CallableResult.java:63) - Finished CallableResult in 60 ms.
 INFO 2016-05-04 13:24:51,798 [main] (ParallelMetaProducerLessBlocking.java:193) - Global results retrieved in getEdges 70ms.
 INFO 2016-05-04 13:24:51,798 [main] (ParallelMetaProducerLessBlocking.java:193) - Global results retrieved in getEdges 70ms.
 INFO 2016-05-04 13:24:51,798 [main] (ParallelMetaProducerLessBlocking.java:61) - Searching for edge : ?canton igeo:nom ?cantonNom
 INFO 2016-05-04 13:24:51,798 [main] (ParallelMetaProducerLessBlocking.java:61) - Searching for edge : ?canton igeo:nom ?cantonNom
 INFO 2016-05-04 13:24:51,799 [pool-23-thread-1] (CallableResult.java:52) - CallableResult for GetEdge
 INFO 2016-05-04 13:24:51,799 [pool-23-thread-1] (CallableResult.java:52) - CallableResult for GetEdge
 INFO 2016-05-04 13:24:51,799 [pool-23-thread-2] (CallableResult.java:52) - CallableResult for GetEdge
 INFO 2016-05-04 13:24:51,799 [pool-23-thread-2] (CallableResult.java:52) - CallableResult for GetEdge
 INFO 2016-05-04 13:24:51,802 [pool-23-thread-1] (CallableResult.java:63) - Finished CallableResult in 3 ms.
 INFO 2016-05-04 13:24:51,802 [pool-23-thread-1] (CallableResult.java:63) - Finished CallableResult in 3 ms.
 INFO 2016-05-04 13:24:51,802 [pool-23-thread-2] (CallableResult.java:63) - Finished CallableResult in 3 ms.
 INFO 2016-05-04 13:24:51,802 [pool-23-thread-2] (CallableResult.java:63) - Finished CallableResult in 3 ms.
 INFO 2016-05-04 13:24:51,802 [main] (ParallelMetaProducerLessBlocking.java:193) - Global results retrieved in getEdges 3ms.
 INFO 2016-05-04 13:24:51,802 [main] (ParallelMetaProducerLessBlocking.java:193) - Global results retrieved in getEdges 3ms.
 INFO 2016-05-04 13:24:51,802 [main] (Eval.java:2177) - 
	Get EDGE in 4ms.  
	FOR EDGE{?canton igeo:nom ?cantonNom}

 INFO 2016-05-04 13:24:51,802 [main] (Eval.java:2177) - 
	Get EDGE in 4ms.  
	FOR EDGE{?canton igeo:nom ?cantonNom}

 INFO 2016-05-04 13:24:51,803 [main] (TestDQP.java:248) - 0 results in 1263 ms
 INFO 2016-05-04 13:24:51,803 [main] (TestDQP.java:249) - 

 INFO 2016-05-04 13:24:51,803 [main] (TestDQP.java:250) - Remote queries
 INFO 2016-05-04 13:24:51,804 [main] (TestDQP.java:251) - =========
	?region igeo:subdivisionDirecte ?departement
	2
--
	?region igeo:codeRegion ?v
	2
--
	?arrondissement igeo:subdivisionDirecte ?canton
	26
--
	BGP{EDGE{?region igeo:codeRegion ?v} EDGE{?region igeo:subdivisionDirecte ?departement} EDGE{?departement igeo:subdivisionDirecte ?arrondissement} EDGE{?arrondissement igeo:subdivisionDirecte ?canton} }
	1
--
	BGP{EDGE{?departement igeo:nom ?nom} EDGE{?canton igeo:nom ?cantonNom} }
	2
--
	?departement igeo:nom ?nom
	2
--
	?departement igeo:subdivisionDirecte ?arrondissement
	8
--
	?canton igeo:nom ?cantonNom
	2
--
	>====  Sum = 45  =====

 INFO 2016-05-04 13:24:51,804 [main] (TestDQP.java:252) - Transferred results per query
 INFO 2016-05-04 13:24:51,804 [main] (TestDQP.java:253) - =========
	?region igeo:subdivisionDirecte ?departement
	4
--
	?region igeo:codeRegion ?v
	1
--
	?arrondissement igeo:subdivisionDirecte ?canton
	858
--
	BGP{EDGE{?region igeo:codeRegion ?v} EDGE{?region igeo:subdivisionDirecte ?departement} EDGE{?departement igeo:subdivisionDirecte ?arrondissement} EDGE{?arrondissement igeo:subdivisionDirecte ?canton} }
	0
--
	BGP{EDGE{?departement igeo:nom ?nom} EDGE{?canton igeo:nom ?cantonNom} }
	0
--
	?departement igeo:nom ?nom
	57
--
	?departement igeo:subdivisionDirecte ?arrondissement
	13
--
	?canton igeo:nom ?cantonNom
	0
--
	>====  Sum = 933  =====

 INFO 2016-05-04 13:24:51,804 [main] (TestDQP.java:254) - Remote queries per data source
 INFO 2016-05-04 13:24:51,804 [main] (TestDQP.java:255) - =========
	http://localhost:8085/sparql
	20
--
	http://localhost:8086/sparql
	21
--
	http://localhost:8087/sparql
	4
--
	>====  Sum = 45  =====

 INFO 2016-05-04 13:24:51,804 [main] (TestDQP.java:256) - Transferred results per source
 INFO 2016-05-04 13:24:51,804 [main] (TestDQP.java:257) - =========
	http://localhost:8085/sparql
	871
--
	http://localhost:8086/sparql
	49
--
	http://localhost:8087/sparql
	13
--
	>====  Sum = 933  =====

