 INFO 2016-05-04 13:24:58,949 [main] (ServiceGrouper.java:84) - Building indices for 
 INFO 2016-05-04 13:24:58,949 [main] (ServiceGrouper.java:84) - Building indices for 
 INFO 2016-05-04 13:24:58,951 [main] (ServiceGrouper.java:85) - {?region igeo:codeRegion ?v . 
?region igeo:subdivisionDirecte ?departement . 
?departement igeo:nom ?nom . 
?departement igeo:subdivisionDirecte ?arrondissement . 
?arrondissement igeo:subdivisionDirecte ?canton . 
?canton igeo:nom ?cantonNom . 
filter (?v = '11') 
filter (?cantonNom = 'Paris 14e  canton') }
 INFO 2016-05-04 13:24:58,951 [main] (ServiceGrouper.java:85) - {?region igeo:codeRegion ?v . 
?region igeo:subdivisionDirecte ?departement . 
?departement igeo:nom ?nom . 
?departement igeo:subdivisionDirecte ?arrondissement . 
?arrondissement igeo:subdivisionDirecte ?canton . 
?canton igeo:nom ?cantonNom . 
filter (?v = '11') 
filter (?cantonNom = 'Paris 14e  canton') }
 INFO 2016-05-04 13:24:59,122 [main] (ServiceGrouper.java:559) - Edge index
 INFO 2016-05-04 13:24:59,122 [main] (ServiceGrouper.java:559) - Edge index
 INFO 2016-05-04 13:24:59,123 [main] (ServiceGrouper.java:575) - Source index
 INFO 2016-05-04 13:24:59,123 [main] (ServiceGrouper.java:575) - Source index
 INFO 2016-05-04 13:24:59,124 [main] (ServiceGrouper.java:259) - Found consecutive triple patterns into {?region igeo:codeRegion ?v . 
?region igeo:subdivisionDirecte ?departement . 
?departement igeo:nom ?nom . 
?departement igeo:subdivisionDirecte ?arrondissement . 
?arrondissement igeo:subdivisionDirecte ?canton . 
?canton igeo:nom ?cantonNom . 
filter (?v = '11') 
filter (?cantonNom = 'Paris 14e  canton') }
 INFO 2016-05-04 13:24:59,124 [main] (ServiceGrouper.java:259) - Found consecutive triple patterns into {?region igeo:codeRegion ?v . 
?region igeo:subdivisionDirecte ?departement . 
?departement igeo:nom ?nom . 
?departement igeo:subdivisionDirecte ?arrondissement . 
?arrondissement igeo:subdivisionDirecte ?canton . 
?canton igeo:nom ?cantonNom . 
filter (?v = '11') 
filter (?cantonNom = 'Paris 14e  canton') }
 INFO 2016-05-04 13:24:59,124 [main] (ServiceGrouper.java:426) - Processing
[?region igeo:codeRegion ?v . , ?region igeo:subdivisionDirecte ?departement . , ?departement igeo:nom ?nom . , ?departement igeo:subdivisionDirecte ?arrondissement . , ?arrondissement igeo:subdivisionDirecte ?canton . , ?canton igeo:nom ?cantonNom . ]
 INFO 2016-05-04 13:24:59,124 [main] (ServiceGrouper.java:426) - Processing
[?region igeo:codeRegion ?v . , ?region igeo:subdivisionDirecte ?departement . , ?departement igeo:nom ?nom . , ?departement igeo:subdivisionDirecte ?arrondissement . , ?arrondissement igeo:subdivisionDirecte ?canton . , ?canton igeo:nom ?cantonNom . ]
 WARN 2016-05-04 13:24:59,124 [main] (ServiceGrouper.java:446) - Triple pattern ?region igeo:codeRegion ?v .  appears in more than one data source, excluded from SERVICE.
 WARN 2016-05-04 13:24:59,124 [main] (ServiceGrouper.java:446) - Triple pattern ?region igeo:codeRegion ?v .  appears in more than one data source, excluded from SERVICE.
 WARN 2016-05-04 13:24:59,124 [main] (ServiceGrouper.java:446) - Triple pattern ?region igeo:subdivisionDirecte ?departement .  appears in more than one data source, excluded from SERVICE.
 WARN 2016-05-04 13:24:59,124 [main] (ServiceGrouper.java:446) - Triple pattern ?region igeo:subdivisionDirecte ?departement .  appears in more than one data source, excluded from SERVICE.
 WARN 2016-05-04 13:24:59,125 [main] (ServiceGrouper.java:446) - Triple pattern ?departement igeo:subdivisionDirecte ?arrondissement .  appears in more than one data source, excluded from SERVICE.
 WARN 2016-05-04 13:24:59,125 [main] (ServiceGrouper.java:446) - Triple pattern ?departement igeo:subdivisionDirecte ?arrondissement .  appears in more than one data source, excluded from SERVICE.
 WARN 2016-05-04 13:24:59,125 [main] (ServiceGrouper.java:446) - Triple pattern ?arrondissement igeo:subdivisionDirecte ?canton .  appears in more than one data source, excluded from SERVICE.
 WARN 2016-05-04 13:24:59,125 [main] (ServiceGrouper.java:446) - Triple pattern ?arrondissement igeo:subdivisionDirecte ?canton .  appears in more than one data source, excluded from SERVICE.
 WARN 2016-05-04 13:24:59,126 [main] (ServiceGrouper.java:446) - Triple pattern ?region igeo:subdivisionDirecte ?departement .  appears in more than one data source, excluded from SERVICE.
 WARN 2016-05-04 13:24:59,126 [main] (ServiceGrouper.java:446) - Triple pattern ?region igeo:subdivisionDirecte ?departement .  appears in more than one data source, excluded from SERVICE.
 WARN 2016-05-04 13:24:59,126 [main] (ServiceGrouper.java:446) - Triple pattern ?departement igeo:nom ?nom .  appears in more than one data source, excluded from SERVICE.
 WARN 2016-05-04 13:24:59,126 [main] (ServiceGrouper.java:446) - Triple pattern ?departement igeo:nom ?nom .  appears in more than one data source, excluded from SERVICE.
 WARN 2016-05-04 13:24:59,127 [main] (ServiceGrouper.java:446) - Triple pattern ?departement igeo:subdivisionDirecte ?arrondissement .  appears in more than one data source, excluded from SERVICE.
 WARN 2016-05-04 13:24:59,127 [main] (ServiceGrouper.java:446) - Triple pattern ?departement igeo:subdivisionDirecte ?arrondissement .  appears in more than one data source, excluded from SERVICE.
 WARN 2016-05-04 13:24:59,127 [main] (ServiceGrouper.java:446) - Triple pattern ?arrondissement igeo:subdivisionDirecte ?canton .  appears in more than one data source, excluded from SERVICE.
 WARN 2016-05-04 13:24:59,127 [main] (ServiceGrouper.java:446) - Triple pattern ?arrondissement igeo:subdivisionDirecte ?canton .  appears in more than one data source, excluded from SERVICE.
 WARN 2016-05-04 13:24:59,127 [main] (ServiceGrouper.java:446) - Triple pattern ?canton igeo:nom ?cantonNom .  appears in more than one data source, excluded from SERVICE.
 WARN 2016-05-04 13:24:59,127 [main] (ServiceGrouper.java:446) - Triple pattern ?canton igeo:nom ?cantonNom .  appears in more than one data source, excluded from SERVICE.
 WARN 2016-05-04 13:24:59,128 [main] (ServiceGrouper.java:446) - Triple pattern ?region igeo:codeRegion ?v .  appears in more than one data source, excluded from SERVICE.
 WARN 2016-05-04 13:24:59,128 [main] (ServiceGrouper.java:446) - Triple pattern ?region igeo:codeRegion ?v .  appears in more than one data source, excluded from SERVICE.
 WARN 2016-05-04 13:24:59,128 [main] (ServiceGrouper.java:446) - Triple pattern ?departement igeo:nom ?nom .  appears in more than one data source, excluded from SERVICE.
 WARN 2016-05-04 13:24:59,128 [main] (ServiceGrouper.java:446) - Triple pattern ?departement igeo:nom ?nom .  appears in more than one data source, excluded from SERVICE.
 WARN 2016-05-04 13:24:59,128 [main] (ServiceGrouper.java:446) - Triple pattern ?canton igeo:nom ?cantonNom .  appears in more than one data source, excluded from SERVICE.
 WARN 2016-05-04 13:24:59,128 [main] (ServiceGrouper.java:446) - Triple pattern ?canton igeo:nom ?cantonNom .  appears in more than one data source, excluded from SERVICE.
 INFO 2016-05-04 13:24:59,128 [main] (ServiceGrouper.java:271) - Ranking : 
 INFO 2016-05-04 13:24:59,128 [main] (ServiceGrouper.java:271) - Ranking : 
 INFO 2016-05-04 13:24:59,129 [main] (ServiceGrouper.java:272) - {?region igeo:codeRegion ?v . 
?region igeo:subdivisionDirecte ?departement . 
?departement igeo:subdivisionDirecte ?arrondissement . 
?arrondissement igeo:subdivisionDirecte ?canton . 
?departement igeo:nom ?nom . 
?canton igeo:nom ?cantonNom . }
 INFO 2016-05-04 13:24:59,129 [main] (ServiceGrouper.java:272) - {?region igeo:codeRegion ?v . 
?region igeo:subdivisionDirecte ?departement . 
?departement igeo:subdivisionDirecte ?arrondissement . 
?arrondissement igeo:subdivisionDirecte ?canton . 
?departement igeo:nom ?nom . 
?canton igeo:nom ?cantonNom . }
 INFO 2016-05-04 13:24:59,129 [main] (ServiceGrouper.java:277) - 2 free variables for ?region igeo:codeRegion ?v . 
 INFO 2016-05-04 13:24:59,129 [main] (ServiceGrouper.java:277) - 2 free variables for ?region igeo:codeRegion ?v . 
 INFO 2016-05-04 13:24:59,129 [main] (ServiceGrouper.java:277) - 2 free variables for ?region igeo:subdivisionDirecte ?departement . 
 INFO 2016-05-04 13:24:59,129 [main] (ServiceGrouper.java:277) - 2 free variables for ?region igeo:subdivisionDirecte ?departement . 
 INFO 2016-05-04 13:24:59,129 [main] (ServiceGrouper.java:277) - 2 free variables for ?departement igeo:subdivisionDirecte ?arrondissement . 
 INFO 2016-05-04 13:24:59,129 [main] (ServiceGrouper.java:277) - 2 free variables for ?departement igeo:subdivisionDirecte ?arrondissement . 
 INFO 2016-05-04 13:24:59,129 [main] (ServiceGrouper.java:277) - 2 free variables for ?arrondissement igeo:subdivisionDirecte ?canton . 
 INFO 2016-05-04 13:24:59,129 [main] (ServiceGrouper.java:277) - 2 free variables for ?arrondissement igeo:subdivisionDirecte ?canton . 
 INFO 2016-05-04 13:24:59,130 [main] (ServiceGrouper.java:277) - 2 free variables for ?departement igeo:nom ?nom . 
 INFO 2016-05-04 13:24:59,130 [main] (ServiceGrouper.java:277) - 2 free variables for ?departement igeo:nom ?nom . 
 INFO 2016-05-04 13:24:59,130 [main] (ServiceGrouper.java:277) - 2 free variables for ?canton igeo:nom ?cantonNom . 
 INFO 2016-05-04 13:24:59,130 [main] (ServiceGrouper.java:277) - 2 free variables for ?canton igeo:nom ?cantonNom . 
 INFO 2016-05-04 13:24:59,130 [main] (ServiceGrouper.java:286) - Sorting services possibly with the same score
 INFO 2016-05-04 13:24:59,130 [main] (ServiceGrouper.java:286) - Sorting services possibly with the same score
 WARN 2016-05-04 13:24:59,130 [main] (ServiceGrouper.java:353) - Searching for ?region igeo:subdivisionDirecte ?departement .  in [?region igeo:codeRegion ?v . , ?region igeo:subdivisionDirecte ?departement . , ?departement igeo:nom ?nom . , ?departement igeo:subdivisionDirecte ?arrondissement . , ?arrondissement igeo:subdivisionDirecte ?canton . , ?canton igeo:nom ?cantonNom . ]
 WARN 2016-05-04 13:24:59,130 [main] (ServiceGrouper.java:353) - Searching for ?region igeo:subdivisionDirecte ?departement .  in [?region igeo:codeRegion ?v . , ?region igeo:subdivisionDirecte ?departement . , ?departement igeo:nom ?nom . , ?departement igeo:subdivisionDirecte ?arrondissement . , ?arrondissement igeo:subdivisionDirecte ?canton . , ?canton igeo:nom ?cantonNom . ]
 WARN 2016-05-04 13:24:59,131 [main] (ServiceGrouper.java:353) - Searching for ?canton igeo:nom ?cantonNom .  in [?region igeo:codeRegion ?v . , ?region igeo:subdivisionDirecte ?departement . , ?departement igeo:nom ?nom . , ?departement igeo:subdivisionDirecte ?arrondissement . , ?arrondissement igeo:subdivisionDirecte ?canton . , ?canton igeo:nom ?cantonNom . ]
 WARN 2016-05-04 13:24:59,131 [main] (ServiceGrouper.java:353) - Searching for ?canton igeo:nom ?cantonNom .  in [?region igeo:codeRegion ?v . , ?region igeo:subdivisionDirecte ?departement . , ?departement igeo:nom ?nom . , ?departement igeo:subdivisionDirecte ?arrondissement . , ?arrondissement igeo:subdivisionDirecte ?canton . , ?canton igeo:nom ?cantonNom . ]
 INFO 2016-05-04 13:24:59,131 [main] (ServiceGrouper.java:328) - Comparing : ?region igeo:subdivisionDirecte ?departement .  with ?canton igeo:nom ?cantonNom . 
 INFO 2016-05-04 13:24:59,131 [main] (ServiceGrouper.java:328) - Comparing : ?region igeo:subdivisionDirecte ?departement .  with ?canton igeo:nom ?cantonNom . 
 WARN 2016-05-04 13:24:59,131 [main] (ServiceGrouper.java:353) - Searching for ?departement igeo:nom ?nom .  in [?region igeo:codeRegion ?v . , ?region igeo:subdivisionDirecte ?departement . , ?departement igeo:nom ?nom . , ?departement igeo:subdivisionDirecte ?arrondissement . , ?arrondissement igeo:subdivisionDirecte ?canton . , ?canton igeo:nom ?cantonNom . ]
 WARN 2016-05-04 13:24:59,131 [main] (ServiceGrouper.java:353) - Searching for ?departement igeo:nom ?nom .  in [?region igeo:codeRegion ?v . , ?region igeo:subdivisionDirecte ?departement . , ?departement igeo:nom ?nom . , ?departement igeo:subdivisionDirecte ?arrondissement . , ?arrondissement igeo:subdivisionDirecte ?canton . , ?canton igeo:nom ?cantonNom . ]
 WARN 2016-05-04 13:24:59,131 [main] (ServiceGrouper.java:353) - Searching for ?region igeo:subdivisionDirecte ?departement .  in [?region igeo:codeRegion ?v . , ?region igeo:subdivisionDirecte ?departement . , ?departement igeo:nom ?nom . , ?departement igeo:subdivisionDirecte ?arrondissement . , ?arrondissement igeo:subdivisionDirecte ?canton . , ?canton igeo:nom ?cantonNom . ]
 WARN 2016-05-04 13:24:59,131 [main] (ServiceGrouper.java:353) - Searching for ?region igeo:subdivisionDirecte ?departement .  in [?region igeo:codeRegion ?v . , ?region igeo:subdivisionDirecte ?departement . , ?departement igeo:nom ?nom . , ?departement igeo:subdivisionDirecte ?arrondissement . , ?arrondissement igeo:subdivisionDirecte ?canton . , ?canton igeo:nom ?cantonNom . ]
 INFO 2016-05-04 13:24:59,132 [main] (ServiceGrouper.java:328) - Comparing : ?departement igeo:nom ?nom .  with ?region igeo:subdivisionDirecte ?departement . 
 INFO 2016-05-04 13:24:59,132 [main] (ServiceGrouper.java:328) - Comparing : ?departement igeo:nom ?nom .  with ?region igeo:subdivisionDirecte ?departement . 
 WARN 2016-05-04 13:24:59,132 [main] (ServiceGrouper.java:353) - Searching for ?departement igeo:nom ?nom .  in [?region igeo:codeRegion ?v . , ?region igeo:subdivisionDirecte ?departement . , ?departement igeo:nom ?nom . , ?departement igeo:subdivisionDirecte ?arrondissement . , ?arrondissement igeo:subdivisionDirecte ?canton . , ?canton igeo:nom ?cantonNom . ]
 WARN 2016-05-04 13:24:59,132 [main] (ServiceGrouper.java:353) - Searching for ?departement igeo:nom ?nom .  in [?region igeo:codeRegion ?v . , ?region igeo:subdivisionDirecte ?departement . , ?departement igeo:nom ?nom . , ?departement igeo:subdivisionDirecte ?arrondissement . , ?arrondissement igeo:subdivisionDirecte ?canton . , ?canton igeo:nom ?cantonNom . ]
 WARN 2016-05-04 13:24:59,132 [main] (ServiceGrouper.java:353) - Searching for ?canton igeo:nom ?cantonNom .  in [?region igeo:codeRegion ?v . , ?region igeo:subdivisionDirecte ?departement . , ?departement igeo:nom ?nom . , ?departement igeo:subdivisionDirecte ?arrondissement . , ?arrondissement igeo:subdivisionDirecte ?canton . , ?canton igeo:nom ?cantonNom . ]
 WARN 2016-05-04 13:24:59,132 [main] (ServiceGrouper.java:353) - Searching for ?canton igeo:nom ?cantonNom .  in [?region igeo:codeRegion ?v . , ?region igeo:subdivisionDirecte ?departement . , ?departement igeo:nom ?nom . , ?departement igeo:subdivisionDirecte ?arrondissement . , ?arrondissement igeo:subdivisionDirecte ?canton . , ?canton igeo:nom ?cantonNom . ]
 INFO 2016-05-04 13:24:59,132 [main] (ServiceGrouper.java:328) - Comparing : ?departement igeo:nom ?nom .  with ?canton igeo:nom ?cantonNom . 
 INFO 2016-05-04 13:24:59,132 [main] (ServiceGrouper.java:328) - Comparing : ?departement igeo:nom ?nom .  with ?canton igeo:nom ?cantonNom . 
 WARN 2016-05-04 13:24:59,133 [main] (ServiceGrouper.java:353) - Searching for ?departement igeo:nom ?nom .  in [?region igeo:codeRegion ?v . , ?region igeo:subdivisionDirecte ?departement . , ?departement igeo:nom ?nom . , ?departement igeo:subdivisionDirecte ?arrondissement . , ?arrondissement igeo:subdivisionDirecte ?canton . , ?canton igeo:nom ?cantonNom . ]
 WARN 2016-05-04 13:24:59,133 [main] (ServiceGrouper.java:353) - Searching for ?departement igeo:nom ?nom .  in [?region igeo:codeRegion ?v . , ?region igeo:subdivisionDirecte ?departement . , ?departement igeo:nom ?nom . , ?departement igeo:subdivisionDirecte ?arrondissement . , ?arrondissement igeo:subdivisionDirecte ?canton . , ?canton igeo:nom ?cantonNom . ]
 WARN 2016-05-04 13:24:59,133 [main] (ServiceGrouper.java:353) - Searching for ?region igeo:subdivisionDirecte ?departement .  in [?region igeo:codeRegion ?v . , ?region igeo:subdivisionDirecte ?departement . , ?departement igeo:nom ?nom . , ?departement igeo:subdivisionDirecte ?arrondissement . , ?arrondissement igeo:subdivisionDirecte ?canton . , ?canton igeo:nom ?cantonNom . ]
 WARN 2016-05-04 13:24:59,133 [main] (ServiceGrouper.java:353) - Searching for ?region igeo:subdivisionDirecte ?departement .  in [?region igeo:codeRegion ?v . , ?region igeo:subdivisionDirecte ?departement . , ?departement igeo:nom ?nom . , ?departement igeo:subdivisionDirecte ?arrondissement . , ?arrondissement igeo:subdivisionDirecte ?canton . , ?canton igeo:nom ?cantonNom . ]
 INFO 2016-05-04 13:24:59,133 [main] (ServiceGrouper.java:328) - Comparing : ?departement igeo:nom ?nom .  with ?region igeo:subdivisionDirecte ?departement . 
 INFO 2016-05-04 13:24:59,133 [main] (ServiceGrouper.java:328) - Comparing : ?departement igeo:nom ?nom .  with ?region igeo:subdivisionDirecte ?departement . 
 WARN 2016-05-04 13:24:59,133 [main] (ServiceGrouper.java:353) - Searching for ?arrondissement igeo:subdivisionDirecte ?canton .  in [?region igeo:codeRegion ?v . , ?region igeo:subdivisionDirecte ?departement . , ?departement igeo:nom ?nom . , ?departement igeo:subdivisionDirecte ?arrondissement . , ?arrondissement igeo:subdivisionDirecte ?canton . , ?canton igeo:nom ?cantonNom . ]
 WARN 2016-05-04 13:24:59,133 [main] (ServiceGrouper.java:353) - Searching for ?arrondissement igeo:subdivisionDirecte ?canton .  in [?region igeo:codeRegion ?v . , ?region igeo:subdivisionDirecte ?departement . , ?departement igeo:nom ?nom . , ?departement igeo:subdivisionDirecte ?arrondissement . , ?arrondissement igeo:subdivisionDirecte ?canton . , ?canton igeo:nom ?cantonNom . ]
 WARN 2016-05-04 13:24:59,133 [main] (ServiceGrouper.java:353) - Searching for ?departement igeo:nom ?nom .  in [?region igeo:codeRegion ?v . , ?region igeo:subdivisionDirecte ?departement . , ?departement igeo:nom ?nom . , ?departement igeo:subdivisionDirecte ?arrondissement . , ?arrondissement igeo:subdivisionDirecte ?canton . , ?canton igeo:nom ?cantonNom . ]
 WARN 2016-05-04 13:24:59,133 [main] (ServiceGrouper.java:353) - Searching for ?departement igeo:nom ?nom .  in [?region igeo:codeRegion ?v . , ?region igeo:subdivisionDirecte ?departement . , ?departement igeo:nom ?nom . , ?departement igeo:subdivisionDirecte ?arrondissement . , ?arrondissement igeo:subdivisionDirecte ?canton . , ?canton igeo:nom ?cantonNom . ]
 INFO 2016-05-04 13:24:59,134 [main] (ServiceGrouper.java:328) - Comparing : ?arrondissement igeo:subdivisionDirecte ?canton .  with ?departement igeo:nom ?nom . 
 INFO 2016-05-04 13:24:59,134 [main] (ServiceGrouper.java:328) - Comparing : ?arrondissement igeo:subdivisionDirecte ?canton .  with ?departement igeo:nom ?nom . 
 WARN 2016-05-04 13:24:59,134 [main] (ServiceGrouper.java:353) - Searching for ?arrondissement igeo:subdivisionDirecte ?canton .  in [?region igeo:codeRegion ?v . , ?region igeo:subdivisionDirecte ?departement . , ?departement igeo:nom ?nom . , ?departement igeo:subdivisionDirecte ?arrondissement . , ?arrondissement igeo:subdivisionDirecte ?canton . , ?canton igeo:nom ?cantonNom . ]
 WARN 2016-05-04 13:24:59,134 [main] (ServiceGrouper.java:353) - Searching for ?arrondissement igeo:subdivisionDirecte ?canton .  in [?region igeo:codeRegion ?v . , ?region igeo:subdivisionDirecte ?departement . , ?departement igeo:nom ?nom . , ?departement igeo:subdivisionDirecte ?arrondissement . , ?arrondissement igeo:subdivisionDirecte ?canton . , ?canton igeo:nom ?cantonNom . ]
 WARN 2016-05-04 13:24:59,134 [main] (ServiceGrouper.java:353) - Searching for ?canton igeo:nom ?cantonNom .  in [?region igeo:codeRegion ?v . , ?region igeo:subdivisionDirecte ?departement . , ?departement igeo:nom ?nom . , ?departement igeo:subdivisionDirecte ?arrondissement . , ?arrondissement igeo:subdivisionDirecte ?canton . , ?canton igeo:nom ?cantonNom . ]
 WARN 2016-05-04 13:24:59,134 [main] (ServiceGrouper.java:353) - Searching for ?canton igeo:nom ?cantonNom .  in [?region igeo:codeRegion ?v . , ?region igeo:subdivisionDirecte ?departement . , ?departement igeo:nom ?nom . , ?departement igeo:subdivisionDirecte ?arrondissement . , ?arrondissement igeo:subdivisionDirecte ?canton . , ?canton igeo:nom ?cantonNom . ]
 INFO 2016-05-04 13:24:59,134 [main] (ServiceGrouper.java:328) - Comparing : ?arrondissement igeo:subdivisionDirecte ?canton .  with ?canton igeo:nom ?cantonNom . 
 INFO 2016-05-04 13:24:59,134 [main] (ServiceGrouper.java:328) - Comparing : ?arrondissement igeo:subdivisionDirecte ?canton .  with ?canton igeo:nom ?cantonNom . 
 WARN 2016-05-04 13:24:59,135 [main] (ServiceGrouper.java:353) - Searching for ?departement igeo:subdivisionDirecte ?arrondissement .  in [?region igeo:codeRegion ?v . , ?region igeo:subdivisionDirecte ?departement . , ?departement igeo:nom ?nom . , ?departement igeo:subdivisionDirecte ?arrondissement . , ?arrondissement igeo:subdivisionDirecte ?canton . , ?canton igeo:nom ?cantonNom . ]
 WARN 2016-05-04 13:24:59,135 [main] (ServiceGrouper.java:353) - Searching for ?departement igeo:subdivisionDirecte ?arrondissement .  in [?region igeo:codeRegion ?v . , ?region igeo:subdivisionDirecte ?departement . , ?departement igeo:nom ?nom . , ?departement igeo:subdivisionDirecte ?arrondissement . , ?arrondissement igeo:subdivisionDirecte ?canton . , ?canton igeo:nom ?cantonNom . ]
 WARN 2016-05-04 13:24:59,135 [main] (ServiceGrouper.java:353) - Searching for ?arrondissement igeo:subdivisionDirecte ?canton .  in [?region igeo:codeRegion ?v . , ?region igeo:subdivisionDirecte ?departement . , ?departement igeo:nom ?nom . , ?departement igeo:subdivisionDirecte ?arrondissement . , ?arrondissement igeo:subdivisionDirecte ?canton . , ?canton igeo:nom ?cantonNom . ]
 WARN 2016-05-04 13:24:59,135 [main] (ServiceGrouper.java:353) - Searching for ?arrondissement igeo:subdivisionDirecte ?canton .  in [?region igeo:codeRegion ?v . , ?region igeo:subdivisionDirecte ?departement . , ?departement igeo:nom ?nom . , ?departement igeo:subdivisionDirecte ?arrondissement . , ?arrondissement igeo:subdivisionDirecte ?canton . , ?canton igeo:nom ?cantonNom . ]
 INFO 2016-05-04 13:24:59,135 [main] (ServiceGrouper.java:328) - Comparing : ?departement igeo:subdivisionDirecte ?arrondissement .  with ?arrondissement igeo:subdivisionDirecte ?canton . 
 INFO 2016-05-04 13:24:59,135 [main] (ServiceGrouper.java:328) - Comparing : ?departement igeo:subdivisionDirecte ?arrondissement .  with ?arrondissement igeo:subdivisionDirecte ?canton . 
 WARN 2016-05-04 13:24:59,135 [main] (ServiceGrouper.java:353) - Searching for ?departement igeo:subdivisionDirecte ?arrondissement .  in [?region igeo:codeRegion ?v . , ?region igeo:subdivisionDirecte ?departement . , ?departement igeo:nom ?nom . , ?departement igeo:subdivisionDirecte ?arrondissement . , ?arrondissement igeo:subdivisionDirecte ?canton . , ?canton igeo:nom ?cantonNom . ]
 WARN 2016-05-04 13:24:59,135 [main] (ServiceGrouper.java:353) - Searching for ?departement igeo:subdivisionDirecte ?arrondissement .  in [?region igeo:codeRegion ?v . , ?region igeo:subdivisionDirecte ?departement . , ?departement igeo:nom ?nom . , ?departement igeo:subdivisionDirecte ?arrondissement . , ?arrondissement igeo:subdivisionDirecte ?canton . , ?canton igeo:nom ?cantonNom . ]
 WARN 2016-05-04 13:24:59,136 [main] (ServiceGrouper.java:353) - Searching for ?departement igeo:nom ?nom .  in [?region igeo:codeRegion ?v . , ?region igeo:subdivisionDirecte ?departement . , ?departement igeo:nom ?nom . , ?departement igeo:subdivisionDirecte ?arrondissement . , ?arrondissement igeo:subdivisionDirecte ?canton . , ?canton igeo:nom ?cantonNom . ]
 WARN 2016-05-04 13:24:59,136 [main] (ServiceGrouper.java:353) - Searching for ?departement igeo:nom ?nom .  in [?region igeo:codeRegion ?v . , ?region igeo:subdivisionDirecte ?departement . , ?departement igeo:nom ?nom . , ?departement igeo:subdivisionDirecte ?arrondissement . , ?arrondissement igeo:subdivisionDirecte ?canton . , ?canton igeo:nom ?cantonNom . ]
 INFO 2016-05-04 13:24:59,136 [main] (ServiceGrouper.java:328) - Comparing : ?departement igeo:subdivisionDirecte ?arrondissement .  with ?departement igeo:nom ?nom . 
 INFO 2016-05-04 13:24:59,136 [main] (ServiceGrouper.java:328) - Comparing : ?departement igeo:subdivisionDirecte ?arrondissement .  with ?departement igeo:nom ?nom . 
 WARN 2016-05-04 13:24:59,136 [main] (ServiceGrouper.java:353) - Searching for ?region igeo:codeRegion ?v .  in [?region igeo:codeRegion ?v . , ?region igeo:subdivisionDirecte ?departement . , ?departement igeo:nom ?nom . , ?departement igeo:subdivisionDirecte ?arrondissement . , ?arrondissement igeo:subdivisionDirecte ?canton . , ?canton igeo:nom ?cantonNom . ]
 WARN 2016-05-04 13:24:59,136 [main] (ServiceGrouper.java:353) - Searching for ?region igeo:codeRegion ?v .  in [?region igeo:codeRegion ?v . , ?region igeo:subdivisionDirecte ?departement . , ?departement igeo:nom ?nom . , ?departement igeo:subdivisionDirecte ?arrondissement . , ?arrondissement igeo:subdivisionDirecte ?canton . , ?canton igeo:nom ?cantonNom . ]
 WARN 2016-05-04 13:24:59,136 [main] (ServiceGrouper.java:353) - Searching for ?departement igeo:subdivisionDirecte ?arrondissement .  in [?region igeo:codeRegion ?v . , ?region igeo:subdivisionDirecte ?departement . , ?departement igeo:nom ?nom . , ?departement igeo:subdivisionDirecte ?arrondissement . , ?arrondissement igeo:subdivisionDirecte ?canton . , ?canton igeo:nom ?cantonNom . ]
 WARN 2016-05-04 13:24:59,136 [main] (ServiceGrouper.java:353) - Searching for ?departement igeo:subdivisionDirecte ?arrondissement .  in [?region igeo:codeRegion ?v . , ?region igeo:subdivisionDirecte ?departement . , ?departement igeo:nom ?nom . , ?departement igeo:subdivisionDirecte ?arrondissement . , ?arrondissement igeo:subdivisionDirecte ?canton . , ?canton igeo:nom ?cantonNom . ]
 INFO 2016-05-04 13:24:59,137 [main] (ServiceGrouper.java:328) - Comparing : ?region igeo:codeRegion ?v .  with ?departement igeo:subdivisionDirecte ?arrondissement . 
 INFO 2016-05-04 13:24:59,137 [main] (ServiceGrouper.java:328) - Comparing : ?region igeo:codeRegion ?v .  with ?departement igeo:subdivisionDirecte ?arrondissement . 
 WARN 2016-05-04 13:24:59,137 [main] (ServiceGrouper.java:353) - Searching for ?region igeo:codeRegion ?v .  in [?region igeo:codeRegion ?v . , ?region igeo:subdivisionDirecte ?departement . , ?departement igeo:nom ?nom . , ?departement igeo:subdivisionDirecte ?arrondissement . , ?arrondissement igeo:subdivisionDirecte ?canton . , ?canton igeo:nom ?cantonNom . ]
 WARN 2016-05-04 13:24:59,137 [main] (ServiceGrouper.java:353) - Searching for ?region igeo:codeRegion ?v .  in [?region igeo:codeRegion ?v . , ?region igeo:subdivisionDirecte ?departement . , ?departement igeo:nom ?nom . , ?departement igeo:subdivisionDirecte ?arrondissement . , ?arrondissement igeo:subdivisionDirecte ?canton . , ?canton igeo:nom ?cantonNom . ]
 WARN 2016-05-04 13:24:59,137 [main] (ServiceGrouper.java:353) - Searching for ?departement igeo:nom ?nom .  in [?region igeo:codeRegion ?v . , ?region igeo:subdivisionDirecte ?departement . , ?departement igeo:nom ?nom . , ?departement igeo:subdivisionDirecte ?arrondissement . , ?arrondissement igeo:subdivisionDirecte ?canton . , ?canton igeo:nom ?cantonNom . ]
 WARN 2016-05-04 13:24:59,137 [main] (ServiceGrouper.java:353) - Searching for ?departement igeo:nom ?nom .  in [?region igeo:codeRegion ?v . , ?region igeo:subdivisionDirecte ?departement . , ?departement igeo:nom ?nom . , ?departement igeo:subdivisionDirecte ?arrondissement . , ?arrondissement igeo:subdivisionDirecte ?canton . , ?canton igeo:nom ?cantonNom . ]
 INFO 2016-05-04 13:24:59,137 [main] (ServiceGrouper.java:328) - Comparing : ?region igeo:codeRegion ?v .  with ?departement igeo:nom ?nom . 
 INFO 2016-05-04 13:24:59,137 [main] (ServiceGrouper.java:328) - Comparing : ?region igeo:codeRegion ?v .  with ?departement igeo:nom ?nom . 
 WARN 2016-05-04 13:24:59,137 [main] (ServiceGrouper.java:353) - Searching for ?region igeo:codeRegion ?v .  in [?region igeo:codeRegion ?v . , ?region igeo:subdivisionDirecte ?departement . , ?departement igeo:nom ?nom . , ?departement igeo:subdivisionDirecte ?arrondissement . , ?arrondissement igeo:subdivisionDirecte ?canton . , ?canton igeo:nom ?cantonNom . ]
 WARN 2016-05-04 13:24:59,137 [main] (ServiceGrouper.java:353) - Searching for ?region igeo:codeRegion ?v .  in [?region igeo:codeRegion ?v . , ?region igeo:subdivisionDirecte ?departement . , ?departement igeo:nom ?nom . , ?departement igeo:subdivisionDirecte ?arrondissement . , ?arrondissement igeo:subdivisionDirecte ?canton . , ?canton igeo:nom ?cantonNom . ]
 WARN 2016-05-04 13:24:59,138 [main] (ServiceGrouper.java:353) - Searching for ?region igeo:subdivisionDirecte ?departement .  in [?region igeo:codeRegion ?v . , ?region igeo:subdivisionDirecte ?departement . , ?departement igeo:nom ?nom . , ?departement igeo:subdivisionDirecte ?arrondissement . , ?arrondissement igeo:subdivisionDirecte ?canton . , ?canton igeo:nom ?cantonNom . ]
 WARN 2016-05-04 13:24:59,138 [main] (ServiceGrouper.java:353) - Searching for ?region igeo:subdivisionDirecte ?departement .  in [?region igeo:codeRegion ?v . , ?region igeo:subdivisionDirecte ?departement . , ?departement igeo:nom ?nom . , ?departement igeo:subdivisionDirecte ?arrondissement . , ?arrondissement igeo:subdivisionDirecte ?canton . , ?canton igeo:nom ?cantonNom . ]
 INFO 2016-05-04 13:24:59,138 [main] (ServiceGrouper.java:328) - Comparing : ?region igeo:codeRegion ?v .  with ?region igeo:subdivisionDirecte ?departement . 
 INFO 2016-05-04 13:24:59,138 [main] (ServiceGrouper.java:328) - Comparing : ?region igeo:codeRegion ?v .  with ?region igeo:subdivisionDirecte ?departement . 
 INFO 2016-05-04 13:24:59,138 [main] (ServiceGrouper.java:340) - {filter (?v = '11') 
filter (?cantonNom = 'Paris 14e  canton') 
?region igeo:codeRegion ?v . 
?region igeo:subdivisionDirecte ?departement . 
?departement igeo:nom ?nom . 
?departement igeo:subdivisionDirecte ?arrondissement . 
?arrondissement igeo:subdivisionDirecte ?canton . 
?canton igeo:nom ?cantonNom . }
 INFO 2016-05-04 13:24:59,138 [main] (ServiceGrouper.java:340) - {filter (?v = '11') 
filter (?cantonNom = 'Paris 14e  canton') 
?region igeo:codeRegion ?v . 
?region igeo:subdivisionDirecte ?departement . 
?departement igeo:nom ?nom . 
?departement igeo:subdivisionDirecte ?arrondissement . 
?arrondissement igeo:subdivisionDirecte ?canton . 
?canton igeo:nom ?cantonNom . }
 INFO 2016-05-04 13:24:59,138 [main] (ServiceGrouper.java:118) - Final rewritten query
 INFO 2016-05-04 13:24:59,138 [main] (ServiceGrouper.java:118) - Final rewritten query
 INFO 2016-05-04 13:24:59,140 [main] (ServiceGrouper.java:119) - prefix idemo: <http://rdf.insee.fr/def/demo#>
prefix igeo: <http://rdf.insee.fr/def/geo#>
select ?arrondissement ?cantonNom 
where
{filter (?v = '11') 
filter (?cantonNom = 'Paris 14e  canton') 
?region igeo:codeRegion ?v . 
?region igeo:subdivisionDirecte ?departement . 
?departement igeo:nom ?nom . 
?departement igeo:subdivisionDirecte ?arrondissement . 
?arrondissement igeo:subdivisionDirecte ?canton . 
?canton igeo:nom ?cantonNom . }
order by ?popTotale 


 INFO 2016-05-04 13:24:59,140 [main] (ServiceGrouper.java:119) - prefix idemo: <http://rdf.insee.fr/def/demo#>
prefix igeo: <http://rdf.insee.fr/def/geo#>
select ?arrondissement ?cantonNom 
where
{filter (?v = '11') 
filter (?cantonNom = 'Paris 14e  canton') 
?region igeo:codeRegion ?v . 
?region igeo:subdivisionDirecte ?departement . 
?departement igeo:nom ?nom . 
?departement igeo:subdivisionDirecte ?arrondissement . 
?arrondissement igeo:subdivisionDirecte ?canton . 
?canton igeo:nom ?cantonNom . }
order by ?popTotale 


ERROR 2016-05-04 13:24:59,141 [main] (ASTQuery.java:623) - OrderBy GroupBy Undefined exp: ?popTotale
ERROR 2016-05-04 13:24:59,141 [main] (ASTQuery.java:623) - OrderBy GroupBy Undefined exp: ?popTotale
 INFO 2016-05-04 13:24:59,142 [main] (ServiceGrouper.java:57) - Building predicates indices for AND{FILTER{(?v = '11')} FILTER{(?cantonNom = 'Paris 14e  canton')} EDGE{?region igeo:codeRegion ?v} EDGE{?region igeo:subdivisionDirecte ?departement} EDGE{?departement igeo:nom ?nom} EDGE{?departement igeo:subdivisionDirecte ?arrondissement} EDGE{?arrondissement igeo:subdivisionDirecte ?canton} EDGE{?canton igeo:nom ?cantonNom} }
 INFO 2016-05-04 13:24:59,142 [main] (ServiceGrouper.java:57) - Building predicates indices for AND{FILTER{(?v = '11')} FILTER{(?cantonNom = 'Paris 14e  canton')} EDGE{?region igeo:codeRegion ?v} EDGE{?region igeo:subdivisionDirecte ?departement} EDGE{?departement igeo:nom ?nom} EDGE{?departement igeo:subdivisionDirecte ?arrondissement} EDGE{?arrondissement igeo:subdivisionDirecte ?canton} EDGE{?canton igeo:nom ?cantonNom} }
 INFO 2016-05-04 13:24:59,142 [main] (ServiceGrouper.java:65) - END of building index!
 INFO 2016-05-04 13:24:59,142 [main] (ServiceGrouper.java:65) - END of building index!
 INFO 2016-05-04 13:24:59,158 [main] (ParallelMetaProducerLessBlocking.java:214) - Searching for BGP : BGP{EDGE{?region igeo:codeRegion ?v} EDGE{?region igeo:subdivisionDirecte ?departement} EDGE{?departement igeo:subdivisionDirecte ?arrondissement} EDGE{?arrondissement igeo:subdivisionDirecte ?canton} }
 INFO 2016-05-04 13:24:59,158 [main] (ParallelMetaProducerLessBlocking.java:214) - Searching for BGP : BGP{EDGE{?region igeo:codeRegion ?v} EDGE{?region igeo:subdivisionDirecte ?departement} EDGE{?departement igeo:subdivisionDirecte ?arrondissement} EDGE{?arrondissement igeo:subdivisionDirecte ?canton} }
 INFO 2016-05-04 13:24:59,160 [pool-1-thread-1] (CallableResult.java:56) - CallableResult for GetMappings
 INFO 2016-05-04 13:24:59,160 [pool-1-thread-1] (CallableResult.java:56) - CallableResult for GetMappings
 INFO 2016-05-04 13:24:59,162 [pool-1-thread-1] (RemoteQueryOptimizerFull.java:144) - BGP QUERY: 
 SELECT * WHERE { 
	 ?region igeo:codeRegion ?v . 
 	  FILTER ((?v = '11'))
	 ?region igeo:subdivisionDirecte ?departement . 
 	 ?departement igeo:subdivisionDirecte ?arrondissement . 
 	 ?arrondissement igeo:subdivisionDirecte ?canton . 
 } 
 INFO 2016-05-04 13:24:59,162 [pool-1-thread-1] (RemoteQueryOptimizerFull.java:144) - BGP QUERY: 
 SELECT * WHERE { 
	 ?region igeo:codeRegion ?v . 
 	  FILTER ((?v = '11'))
	 ?region igeo:subdivisionDirecte ?departement . 
 	 ?departement igeo:subdivisionDirecte ?arrondissement . 
 	 ?arrondissement igeo:subdivisionDirecte ?canton . 
 } 
 INFO 2016-05-04 13:24:59,181 [pool-1-thread-1] (CallableResult.java:59) - RESULTS: 0 FROM http://localhost:8085/sparql
 INFO 2016-05-04 13:24:59,181 [pool-1-thread-1] (CallableResult.java:59) - RESULTS: 0 FROM http://localhost:8085/sparql
 INFO 2016-05-04 13:24:59,181 [pool-1-thread-1] (CallableResult.java:63) - Finished CallableResult in 21 ms.
 INFO 2016-05-04 13:24:59,181 [pool-1-thread-1] (CallableResult.java:63) - Finished CallableResult in 21 ms.
 INFO 2016-05-04 13:24:59,182 [main] (ParallelMetaProducerLessBlocking.java:255) - Global results retrieved in getMappings 22ms.
 INFO 2016-05-04 13:24:59,182 [main] (ParallelMetaProducerLessBlocking.java:255) - Global results retrieved in getMappings 22ms.
 INFO 2016-05-04 13:24:59,182 [main] (Eval.java:1671) - 
	GET MAPPINGS in 27ms.
	 FOR BGP{EDGE{?region igeo:codeRegion ?v} EDGE{?region igeo:subdivisionDirecte ?departement} EDGE{?departement igeo:subdivisionDirecte ?arrondissement} EDGE{?arrondissement igeo:subdivisionDirecte ?canton} }

 INFO 2016-05-04 13:24:59,182 [main] (Eval.java:1671) - 
	GET MAPPINGS in 27ms.
	 FOR BGP{EDGE{?region igeo:codeRegion ?v} EDGE{?region igeo:subdivisionDirecte ?departement} EDGE{?departement igeo:subdivisionDirecte ?arrondissement} EDGE{?arrondissement igeo:subdivisionDirecte ?canton} }

 INFO 2016-05-04 13:24:59,185 [main] (ParallelMetaProducerLessBlocking.java:61) - Searching for edge : ?region igeo:codeRegion ?v
 INFO 2016-05-04 13:24:59,185 [main] (ParallelMetaProducerLessBlocking.java:61) - Searching for edge : ?region igeo:codeRegion ?v
 INFO 2016-05-04 13:24:59,186 [pool-2-thread-1] (CallableResult.java:52) - CallableResult for GetEdge
 INFO 2016-05-04 13:24:59,186 [pool-2-thread-1] (CallableResult.java:52) - CallableResult for GetEdge
 INFO 2016-05-04 13:24:59,186 [pool-2-thread-2] (CallableResult.java:52) - CallableResult for GetEdge
 INFO 2016-05-04 13:24:59,186 [pool-2-thread-2] (CallableResult.java:52) - CallableResult for GetEdge
 INFO 2016-05-04 13:24:59,268 [pool-2-thread-1] (CallableResult.java:63) - Finished CallableResult in 82 ms.
 INFO 2016-05-04 13:24:59,268 [pool-2-thread-1] (CallableResult.java:63) - Finished CallableResult in 82 ms.
 INFO 2016-05-04 13:24:59,285 [pool-2-thread-2] (CallableResult.java:63) - Finished CallableResult in 99 ms.
 INFO 2016-05-04 13:24:59,285 [pool-2-thread-2] (CallableResult.java:63) - Finished CallableResult in 99 ms.
 INFO 2016-05-04 13:24:59,285 [main] (ParallelMetaProducerLessBlocking.java:193) - Global results retrieved in getEdges 99ms.
 INFO 2016-05-04 13:24:59,285 [main] (ParallelMetaProducerLessBlocking.java:193) - Global results retrieved in getEdges 99ms.
 INFO 2016-05-04 13:24:59,286 [main] (ParallelMetaProducerLessBlocking.java:61) - Searching for edge : ?region igeo:subdivisionDirecte ?departement
 INFO 2016-05-04 13:24:59,286 [main] (ParallelMetaProducerLessBlocking.java:61) - Searching for edge : ?region igeo:subdivisionDirecte ?departement
 INFO 2016-05-04 13:24:59,286 [pool-3-thread-1] (CallableResult.java:52) - CallableResult for GetEdge
 INFO 2016-05-04 13:24:59,286 [pool-3-thread-1] (CallableResult.java:52) - CallableResult for GetEdge
 INFO 2016-05-04 13:24:59,287 [pool-3-thread-2] (CallableResult.java:52) - CallableResult for GetEdge
 INFO 2016-05-04 13:24:59,287 [pool-3-thread-2] (CallableResult.java:52) - CallableResult for GetEdge
 INFO 2016-05-04 13:24:59,294 [pool-3-thread-1] (CallableResult.java:63) - Finished CallableResult in 8 ms.
 INFO 2016-05-04 13:24:59,294 [pool-3-thread-1] (CallableResult.java:63) - Finished CallableResult in 8 ms.
 INFO 2016-05-04 13:24:59,311 [pool-3-thread-2] (CallableResult.java:63) - Finished CallableResult in 24 ms.
 INFO 2016-05-04 13:24:59,311 [pool-3-thread-2] (CallableResult.java:63) - Finished CallableResult in 24 ms.
 INFO 2016-05-04 13:24:59,312 [main] (ParallelMetaProducerLessBlocking.java:193) - Global results retrieved in getEdges 26ms.
 INFO 2016-05-04 13:24:59,312 [main] (ParallelMetaProducerLessBlocking.java:193) - Global results retrieved in getEdges 26ms.
 INFO 2016-05-04 13:24:59,312 [main] (ParallelMetaProducerLessBlocking.java:61) - Searching for edge : ?departement igeo:subdivisionDirecte ?arrondissement
 INFO 2016-05-04 13:24:59,312 [main] (ParallelMetaProducerLessBlocking.java:61) - Searching for edge : ?departement igeo:subdivisionDirecte ?arrondissement
 INFO 2016-05-04 13:24:59,313 [pool-4-thread-1] (CallableResult.java:52) - CallableResult for GetEdge
 INFO 2016-05-04 13:24:59,313 [pool-4-thread-2] (CallableResult.java:52) - CallableResult for GetEdge
 INFO 2016-05-04 13:24:59,313 [pool-4-thread-1] (CallableResult.java:52) - CallableResult for GetEdge
 INFO 2016-05-04 13:24:59,313 [pool-4-thread-2] (CallableResult.java:52) - CallableResult for GetEdge
 INFO 2016-05-04 13:24:59,318 [pool-4-thread-2] (CallableResult.java:63) - Finished CallableResult in 5 ms.
 INFO 2016-05-04 13:24:59,318 [pool-4-thread-2] (CallableResult.java:63) - Finished CallableResult in 5 ms.
 INFO 2016-05-04 13:24:59,333 [pool-4-thread-1] (CallableResult.java:63) - Finished CallableResult in 20 ms.
 INFO 2016-05-04 13:24:59,333 [pool-4-thread-1] (CallableResult.java:63) - Finished CallableResult in 20 ms.
 INFO 2016-05-04 13:24:59,333 [main] (ParallelMetaProducerLessBlocking.java:193) - Global results retrieved in getEdges 20ms.
 INFO 2016-05-04 13:24:59,333 [main] (ParallelMetaProducerLessBlocking.java:193) - Global results retrieved in getEdges 20ms.
 INFO 2016-05-04 13:24:59,334 [main] (ParallelMetaProducerLessBlocking.java:61) - Searching for edge : ?arrondissement igeo:subdivisionDirecte ?canton
 INFO 2016-05-04 13:24:59,334 [main] (ParallelMetaProducerLessBlocking.java:61) - Searching for edge : ?arrondissement igeo:subdivisionDirecte ?canton
 INFO 2016-05-04 13:24:59,334 [pool-5-thread-1] (CallableResult.java:52) - CallableResult for GetEdge
 INFO 2016-05-04 13:24:59,334 [pool-5-thread-1] (CallableResult.java:52) - CallableResult for GetEdge
 INFO 2016-05-04 13:24:59,334 [pool-5-thread-2] (CallableResult.java:52) - CallableResult for GetEdge
 INFO 2016-05-04 13:24:59,334 [pool-5-thread-2] (CallableResult.java:52) - CallableResult for GetEdge
 INFO 2016-05-04 13:24:59,340 [pool-5-thread-2] (CallableResult.java:63) - Finished CallableResult in 6 ms.
 INFO 2016-05-04 13:24:59,340 [pool-5-thread-2] (CallableResult.java:63) - Finished CallableResult in 6 ms.
 INFO 2016-05-04 13:24:59,458 [pool-5-thread-1] (CallableResult.java:63) - Finished CallableResult in 124 ms.
 INFO 2016-05-04 13:24:59,458 [pool-5-thread-1] (CallableResult.java:63) - Finished CallableResult in 124 ms.
 INFO 2016-05-04 13:24:59,461 [main] (ParallelMetaProducerLessBlocking.java:193) - Global results retrieved in getEdges 127ms.
 INFO 2016-05-04 13:24:59,461 [main] (ParallelMetaProducerLessBlocking.java:193) - Global results retrieved in getEdges 127ms.
 INFO 2016-05-04 13:24:59,463 [main] (Eval.java:2177) - 
	Get EDGE in 129ms.  
	FOR EDGE{?arrondissement igeo:subdivisionDirecte ?canton}

 INFO 2016-05-04 13:24:59,463 [main] (Eval.java:2177) - 
	Get EDGE in 129ms.  
	FOR EDGE{?arrondissement igeo:subdivisionDirecte ?canton}

 INFO 2016-05-04 13:24:59,463 [main] (ParallelMetaProducerLessBlocking.java:61) - Searching for edge : ?arrondissement igeo:subdivisionDirecte ?canton
 INFO 2016-05-04 13:24:59,463 [main] (ParallelMetaProducerLessBlocking.java:61) - Searching for edge : ?arrondissement igeo:subdivisionDirecte ?canton
 INFO 2016-05-04 13:24:59,464 [pool-6-thread-1] (CallableResult.java:52) - CallableResult for GetEdge
 INFO 2016-05-04 13:24:59,464 [pool-6-thread-1] (CallableResult.java:52) - CallableResult for GetEdge
 INFO 2016-05-04 13:24:59,464 [pool-6-thread-2] (CallableResult.java:52) - CallableResult for GetEdge
 INFO 2016-05-04 13:24:59,464 [pool-6-thread-2] (CallableResult.java:52) - CallableResult for GetEdge
 INFO 2016-05-04 13:24:59,475 [pool-6-thread-2] (CallableResult.java:63) - Finished CallableResult in 11 ms.
 INFO 2016-05-04 13:24:59,475 [pool-6-thread-2] (CallableResult.java:63) - Finished CallableResult in 11 ms.
 INFO 2016-05-04 13:24:59,546 [pool-6-thread-1] (CallableResult.java:63) - Finished CallableResult in 82 ms.
 INFO 2016-05-04 13:24:59,546 [pool-6-thread-1] (CallableResult.java:63) - Finished CallableResult in 82 ms.
 INFO 2016-05-04 13:24:59,548 [main] (ParallelMetaProducerLessBlocking.java:193) - Global results retrieved in getEdges 84ms.
 INFO 2016-05-04 13:24:59,548 [main] (ParallelMetaProducerLessBlocking.java:193) - Global results retrieved in getEdges 84ms.
 INFO 2016-05-04 13:24:59,550 [main] (Eval.java:2177) - 
	Get EDGE in 87ms.  
	FOR EDGE{?arrondissement igeo:subdivisionDirecte ?canton}

 INFO 2016-05-04 13:24:59,550 [main] (Eval.java:2177) - 
	Get EDGE in 87ms.  
	FOR EDGE{?arrondissement igeo:subdivisionDirecte ?canton}

 INFO 2016-05-04 13:24:59,550 [main] (ParallelMetaProducerLessBlocking.java:61) - Searching for edge : ?arrondissement igeo:subdivisionDirecte ?canton
 INFO 2016-05-04 13:24:59,550 [main] (ParallelMetaProducerLessBlocking.java:61) - Searching for edge : ?arrondissement igeo:subdivisionDirecte ?canton
 INFO 2016-05-04 13:24:59,551 [pool-7-thread-1] (CallableResult.java:52) - CallableResult for GetEdge
 INFO 2016-05-04 13:24:59,551 [pool-7-thread-1] (CallableResult.java:52) - CallableResult for GetEdge
 INFO 2016-05-04 13:24:59,551 [pool-7-thread-2] (CallableResult.java:52) - CallableResult for GetEdge
 INFO 2016-05-04 13:24:59,551 [pool-7-thread-2] (CallableResult.java:52) - CallableResult for GetEdge
 INFO 2016-05-04 13:24:59,554 [pool-7-thread-2] (CallableResult.java:63) - Finished CallableResult in 3 ms.
 INFO 2016-05-04 13:24:59,554 [pool-7-thread-2] (CallableResult.java:63) - Finished CallableResult in 3 ms.
 INFO 2016-05-04 13:24:59,673 [pool-7-thread-1] (CallableResult.java:63) - Finished CallableResult in 122 ms.
 INFO 2016-05-04 13:24:59,673 [pool-7-thread-1] (CallableResult.java:63) - Finished CallableResult in 122 ms.
 INFO 2016-05-04 13:24:59,675 [main] (ParallelMetaProducerLessBlocking.java:193) - Global results retrieved in getEdges 123ms.
 INFO 2016-05-04 13:24:59,675 [main] (ParallelMetaProducerLessBlocking.java:193) - Global results retrieved in getEdges 123ms.
 INFO 2016-05-04 13:24:59,676 [main] (Eval.java:2177) - 
	Get EDGE in 126ms.  
	FOR EDGE{?arrondissement igeo:subdivisionDirecte ?canton}

 INFO 2016-05-04 13:24:59,676 [main] (Eval.java:2177) - 
	Get EDGE in 126ms.  
	FOR EDGE{?arrondissement igeo:subdivisionDirecte ?canton}

 INFO 2016-05-04 13:24:59,676 [main] (ParallelMetaProducerLessBlocking.java:61) - Searching for edge : ?arrondissement igeo:subdivisionDirecte ?canton
 INFO 2016-05-04 13:24:59,676 [main] (ParallelMetaProducerLessBlocking.java:61) - Searching for edge : ?arrondissement igeo:subdivisionDirecte ?canton
 INFO 2016-05-04 13:24:59,677 [pool-8-thread-1] (CallableResult.java:52) - CallableResult for GetEdge
 INFO 2016-05-04 13:24:59,677 [pool-8-thread-1] (CallableResult.java:52) - CallableResult for GetEdge
 INFO 2016-05-04 13:24:59,677 [pool-8-thread-2] (CallableResult.java:52) - CallableResult for GetEdge
 INFO 2016-05-04 13:24:59,677 [pool-8-thread-2] (CallableResult.java:52) - CallableResult for GetEdge
 INFO 2016-05-04 13:24:59,681 [pool-8-thread-2] (CallableResult.java:63) - Finished CallableResult in 4 ms.
 INFO 2016-05-04 13:24:59,681 [pool-8-thread-2] (CallableResult.java:63) - Finished CallableResult in 4 ms.
 INFO 2016-05-04 13:24:59,710 [pool-8-thread-1] (CallableResult.java:63) - Finished CallableResult in 33 ms.
 INFO 2016-05-04 13:24:59,710 [pool-8-thread-1] (CallableResult.java:63) - Finished CallableResult in 33 ms.
 INFO 2016-05-04 13:24:59,710 [main] (ParallelMetaProducerLessBlocking.java:193) - Global results retrieved in getEdges 33ms.
 INFO 2016-05-04 13:24:59,710 [main] (ParallelMetaProducerLessBlocking.java:193) - Global results retrieved in getEdges 33ms.
 INFO 2016-05-04 13:24:59,711 [main] (Eval.java:2177) - 
	Get EDGE in 35ms.  
	FOR EDGE{?arrondissement igeo:subdivisionDirecte ?canton}

 INFO 2016-05-04 13:24:59,711 [main] (Eval.java:2177) - 
	Get EDGE in 35ms.  
	FOR EDGE{?arrondissement igeo:subdivisionDirecte ?canton}

 INFO 2016-05-04 13:24:59,711 [main] (Eval.java:2177) - 
	Get EDGE in 399ms.  
	FOR EDGE{?departement igeo:subdivisionDirecte ?arrondissement}

 INFO 2016-05-04 13:24:59,711 [main] (Eval.java:2177) - 
	Get EDGE in 399ms.  
	FOR EDGE{?departement igeo:subdivisionDirecte ?arrondissement}

 INFO 2016-05-04 13:24:59,712 [main] (ParallelMetaProducerLessBlocking.java:61) - Searching for edge : ?departement igeo:subdivisionDirecte ?arrondissement
 INFO 2016-05-04 13:24:59,712 [main] (ParallelMetaProducerLessBlocking.java:61) - Searching for edge : ?departement igeo:subdivisionDirecte ?arrondissement
 INFO 2016-05-04 13:24:59,712 [pool-9-thread-1] (CallableResult.java:52) - CallableResult for GetEdge
 INFO 2016-05-04 13:24:59,712 [pool-9-thread-1] (CallableResult.java:52) - CallableResult for GetEdge
 INFO 2016-05-04 13:24:59,712 [pool-9-thread-2] (CallableResult.java:52) - CallableResult for GetEdge
 INFO 2016-05-04 13:24:59,712 [pool-9-thread-2] (CallableResult.java:52) - CallableResult for GetEdge
 INFO 2016-05-04 13:24:59,717 [pool-9-thread-2] (CallableResult.java:63) - Finished CallableResult in 5 ms.
 INFO 2016-05-04 13:24:59,717 [pool-9-thread-2] (CallableResult.java:63) - Finished CallableResult in 5 ms.
 INFO 2016-05-04 13:24:59,718 [pool-9-thread-1] (CallableResult.java:63) - Finished CallableResult in 6 ms.
 INFO 2016-05-04 13:24:59,718 [pool-9-thread-1] (CallableResult.java:63) - Finished CallableResult in 6 ms.
 INFO 2016-05-04 13:24:59,718 [main] (ParallelMetaProducerLessBlocking.java:193) - Global results retrieved in getEdges 6ms.
 INFO 2016-05-04 13:24:59,718 [main] (ParallelMetaProducerLessBlocking.java:193) - Global results retrieved in getEdges 6ms.
 INFO 2016-05-04 13:24:59,719 [main] (ParallelMetaProducerLessBlocking.java:61) - Searching for edge : ?arrondissement igeo:subdivisionDirecte ?canton
 INFO 2016-05-04 13:24:59,719 [main] (ParallelMetaProducerLessBlocking.java:61) - Searching for edge : ?arrondissement igeo:subdivisionDirecte ?canton
 INFO 2016-05-04 13:24:59,719 [pool-10-thread-2] (CallableResult.java:52) - CallableResult for GetEdge
 INFO 2016-05-04 13:24:59,719 [pool-10-thread-2] (CallableResult.java:52) - CallableResult for GetEdge
 INFO 2016-05-04 13:24:59,719 [pool-10-thread-1] (CallableResult.java:52) - CallableResult for GetEdge
 INFO 2016-05-04 13:24:59,719 [pool-10-thread-1] (CallableResult.java:52) - CallableResult for GetEdge
 INFO 2016-05-04 13:24:59,724 [pool-10-thread-2] (CallableResult.java:63) - Finished CallableResult in 5 ms.
 INFO 2016-05-04 13:24:59,724 [pool-10-thread-2] (CallableResult.java:63) - Finished CallableResult in 5 ms.
 INFO 2016-05-04 13:24:59,724 [pool-10-thread-1] (CallableResult.java:63) - Finished CallableResult in 5 ms.
 INFO 2016-05-04 13:24:59,724 [pool-10-thread-1] (CallableResult.java:63) - Finished CallableResult in 5 ms.
 INFO 2016-05-04 13:24:59,724 [main] (ParallelMetaProducerLessBlocking.java:193) - Global results retrieved in getEdges 5ms.
 INFO 2016-05-04 13:24:59,724 [main] (ParallelMetaProducerLessBlocking.java:193) - Global results retrieved in getEdges 5ms.
 INFO 2016-05-04 13:24:59,724 [main] (Eval.java:2177) - 
	Get EDGE in 5ms.  
	FOR EDGE{?arrondissement igeo:subdivisionDirecte ?canton}

 INFO 2016-05-04 13:24:59,724 [main] (Eval.java:2177) - 
	Get EDGE in 5ms.  
	FOR EDGE{?arrondissement igeo:subdivisionDirecte ?canton}

 INFO 2016-05-04 13:24:59,725 [main] (Eval.java:2177) - 
	Get EDGE in 13ms.  
	FOR EDGE{?departement igeo:subdivisionDirecte ?arrondissement}

 INFO 2016-05-04 13:24:59,725 [main] (Eval.java:2177) - 
	Get EDGE in 13ms.  
	FOR EDGE{?departement igeo:subdivisionDirecte ?arrondissement}

 INFO 2016-05-04 13:24:59,725 [main] (ParallelMetaProducerLessBlocking.java:61) - Searching for edge : ?departement igeo:subdivisionDirecte ?arrondissement
 INFO 2016-05-04 13:24:59,725 [main] (ParallelMetaProducerLessBlocking.java:61) - Searching for edge : ?departement igeo:subdivisionDirecte ?arrondissement
 INFO 2016-05-04 13:24:59,725 [pool-11-thread-1] (CallableResult.java:52) - CallableResult for GetEdge
 INFO 2016-05-04 13:24:59,725 [pool-11-thread-1] (CallableResult.java:52) - CallableResult for GetEdge
 INFO 2016-05-04 13:24:59,727 [pool-11-thread-2] (CallableResult.java:52) - CallableResult for GetEdge
 INFO 2016-05-04 13:24:59,727 [pool-11-thread-2] (CallableResult.java:52) - CallableResult for GetEdge
 INFO 2016-05-04 13:24:59,730 [pool-11-thread-2] (CallableResult.java:63) - Finished CallableResult in 3 ms.
 INFO 2016-05-04 13:24:59,730 [pool-11-thread-2] (CallableResult.java:63) - Finished CallableResult in 3 ms.
 INFO 2016-05-04 13:24:59,735 [pool-11-thread-1] (CallableResult.java:63) - Finished CallableResult in 10 ms.
 INFO 2016-05-04 13:24:59,735 [pool-11-thread-1] (CallableResult.java:63) - Finished CallableResult in 10 ms.
 INFO 2016-05-04 13:24:59,735 [main] (ParallelMetaProducerLessBlocking.java:193) - Global results retrieved in getEdges 10ms.
 INFO 2016-05-04 13:24:59,735 [main] (ParallelMetaProducerLessBlocking.java:193) - Global results retrieved in getEdges 10ms.
 INFO 2016-05-04 13:24:59,736 [main] (ParallelMetaProducerLessBlocking.java:61) - Searching for edge : ?arrondissement igeo:subdivisionDirecte ?canton
 INFO 2016-05-04 13:24:59,736 [main] (ParallelMetaProducerLessBlocking.java:61) - Searching for edge : ?arrondissement igeo:subdivisionDirecte ?canton
 INFO 2016-05-04 13:24:59,736 [pool-12-thread-1] (CallableResult.java:52) - CallableResult for GetEdge
 INFO 2016-05-04 13:24:59,736 [pool-12-thread-1] (CallableResult.java:52) - CallableResult for GetEdge
 INFO 2016-05-04 13:24:59,736 [pool-12-thread-2] (CallableResult.java:52) - CallableResult for GetEdge
 INFO 2016-05-04 13:24:59,736 [pool-12-thread-2] (CallableResult.java:52) - CallableResult for GetEdge
 INFO 2016-05-04 13:24:59,740 [pool-12-thread-2] (CallableResult.java:63) - Finished CallableResult in 4 ms.
 INFO 2016-05-04 13:24:59,740 [pool-12-thread-2] (CallableResult.java:63) - Finished CallableResult in 4 ms.
 INFO 2016-05-04 13:24:59,885 [pool-12-thread-1] (CallableResult.java:63) - Finished CallableResult in 149 ms.
 INFO 2016-05-04 13:24:59,885 [pool-12-thread-1] (CallableResult.java:63) - Finished CallableResult in 149 ms.
 INFO 2016-05-04 13:24:59,887 [main] (ParallelMetaProducerLessBlocking.java:193) - Global results retrieved in getEdges 151ms.
 INFO 2016-05-04 13:24:59,887 [main] (ParallelMetaProducerLessBlocking.java:193) - Global results retrieved in getEdges 151ms.
 INFO 2016-05-04 13:24:59,889 [main] (Eval.java:2177) - 
	Get EDGE in 153ms.  
	FOR EDGE{?arrondissement igeo:subdivisionDirecte ?canton}

 INFO 2016-05-04 13:24:59,889 [main] (Eval.java:2177) - 
	Get EDGE in 153ms.  
	FOR EDGE{?arrondissement igeo:subdivisionDirecte ?canton}

 INFO 2016-05-04 13:24:59,889 [main] (ParallelMetaProducerLessBlocking.java:61) - Searching for edge : ?arrondissement igeo:subdivisionDirecte ?canton
 INFO 2016-05-04 13:24:59,889 [main] (ParallelMetaProducerLessBlocking.java:61) - Searching for edge : ?arrondissement igeo:subdivisionDirecte ?canton
 INFO 2016-05-04 13:24:59,890 [pool-13-thread-1] (CallableResult.java:52) - CallableResult for GetEdge
 INFO 2016-05-04 13:24:59,890 [pool-13-thread-1] (CallableResult.java:52) - CallableResult for GetEdge
 INFO 2016-05-04 13:24:59,890 [pool-13-thread-2] (CallableResult.java:52) - CallableResult for GetEdge
 INFO 2016-05-04 13:24:59,890 [pool-13-thread-2] (CallableResult.java:52) - CallableResult for GetEdge
 INFO 2016-05-04 13:24:59,894 [pool-13-thread-2] (CallableResult.java:63) - Finished CallableResult in 4 ms.
 INFO 2016-05-04 13:24:59,894 [pool-13-thread-2] (CallableResult.java:63) - Finished CallableResult in 4 ms.
 INFO 2016-05-04 13:24:59,921 [pool-13-thread-1] (CallableResult.java:63) - Finished CallableResult in 31 ms.
 INFO 2016-05-04 13:24:59,921 [pool-13-thread-1] (CallableResult.java:63) - Finished CallableResult in 31 ms.
 INFO 2016-05-04 13:24:59,922 [main] (ParallelMetaProducerLessBlocking.java:193) - Global results retrieved in getEdges 32ms.
 INFO 2016-05-04 13:24:59,922 [main] (ParallelMetaProducerLessBlocking.java:193) - Global results retrieved in getEdges 32ms.
 INFO 2016-05-04 13:24:59,923 [main] (Eval.java:2177) - 
	Get EDGE in 34ms.  
	FOR EDGE{?arrondissement igeo:subdivisionDirecte ?canton}

 INFO 2016-05-04 13:24:59,923 [main] (Eval.java:2177) - 
	Get EDGE in 34ms.  
	FOR EDGE{?arrondissement igeo:subdivisionDirecte ?canton}

 INFO 2016-05-04 13:24:59,923 [main] (ParallelMetaProducerLessBlocking.java:61) - Searching for edge : ?arrondissement igeo:subdivisionDirecte ?canton
 INFO 2016-05-04 13:24:59,923 [main] (ParallelMetaProducerLessBlocking.java:61) - Searching for edge : ?arrondissement igeo:subdivisionDirecte ?canton
 INFO 2016-05-04 13:24:59,924 [pool-14-thread-1] (CallableResult.java:52) - CallableResult for GetEdge
 INFO 2016-05-04 13:24:59,924 [pool-14-thread-1] (CallableResult.java:52) - CallableResult for GetEdge
 INFO 2016-05-04 13:24:59,924 [pool-14-thread-2] (CallableResult.java:52) - CallableResult for GetEdge
 INFO 2016-05-04 13:24:59,924 [pool-14-thread-2] (CallableResult.java:52) - CallableResult for GetEdge
 INFO 2016-05-04 13:24:59,927 [pool-14-thread-2] (CallableResult.java:63) - Finished CallableResult in 3 ms.
 INFO 2016-05-04 13:24:59,927 [pool-14-thread-2] (CallableResult.java:63) - Finished CallableResult in 3 ms.
 INFO 2016-05-04 13:24:59,971 [pool-14-thread-1] (CallableResult.java:63) - Finished CallableResult in 47 ms.
 INFO 2016-05-04 13:24:59,971 [pool-14-thread-1] (CallableResult.java:63) - Finished CallableResult in 47 ms.
 INFO 2016-05-04 13:24:59,972 [main] (ParallelMetaProducerLessBlocking.java:193) - Global results retrieved in getEdges 48ms.
 INFO 2016-05-04 13:24:59,972 [main] (ParallelMetaProducerLessBlocking.java:193) - Global results retrieved in getEdges 48ms.
 INFO 2016-05-04 13:24:59,973 [main] (Eval.java:2177) - 
	Get EDGE in 50ms.  
	FOR EDGE{?arrondissement igeo:subdivisionDirecte ?canton}

 INFO 2016-05-04 13:24:59,973 [main] (Eval.java:2177) - 
	Get EDGE in 50ms.  
	FOR EDGE{?arrondissement igeo:subdivisionDirecte ?canton}

 INFO 2016-05-04 13:24:59,974 [main] (ParallelMetaProducerLessBlocking.java:61) - Searching for edge : ?arrondissement igeo:subdivisionDirecte ?canton
 INFO 2016-05-04 13:24:59,974 [main] (ParallelMetaProducerLessBlocking.java:61) - Searching for edge : ?arrondissement igeo:subdivisionDirecte ?canton
 INFO 2016-05-04 13:24:59,974 [pool-15-thread-1] (CallableResult.java:52) - CallableResult for GetEdge
 INFO 2016-05-04 13:24:59,974 [pool-15-thread-1] (CallableResult.java:52) - CallableResult for GetEdge
 INFO 2016-05-04 13:24:59,974 [pool-15-thread-2] (CallableResult.java:52) - CallableResult for GetEdge
 INFO 2016-05-04 13:24:59,974 [pool-15-thread-2] (CallableResult.java:52) - CallableResult for GetEdge
 INFO 2016-05-04 13:24:59,978 [pool-15-thread-2] (CallableResult.java:63) - Finished CallableResult in 4 ms.
 INFO 2016-05-04 13:24:59,978 [pool-15-thread-2] (CallableResult.java:63) - Finished CallableResult in 4 ms.
 INFO 2016-05-04 13:25:00,049 [pool-15-thread-1] (CallableResult.java:63) - Finished CallableResult in 75 ms.
 INFO 2016-05-04 13:25:00,049 [pool-15-thread-1] (CallableResult.java:63) - Finished CallableResult in 75 ms.
 INFO 2016-05-04 13:25:00,050 [main] (ParallelMetaProducerLessBlocking.java:193) - Global results retrieved in getEdges 76ms.
 INFO 2016-05-04 13:25:00,050 [main] (ParallelMetaProducerLessBlocking.java:193) - Global results retrieved in getEdges 76ms.
 INFO 2016-05-04 13:25:00,050 [main] (Eval.java:2177) - 
	Get EDGE in 76ms.  
	FOR EDGE{?arrondissement igeo:subdivisionDirecte ?canton}

 INFO 2016-05-04 13:25:00,050 [main] (Eval.java:2177) - 
	Get EDGE in 76ms.  
	FOR EDGE{?arrondissement igeo:subdivisionDirecte ?canton}

 INFO 2016-05-04 13:25:00,051 [main] (ParallelMetaProducerLessBlocking.java:61) - Searching for edge : ?arrondissement igeo:subdivisionDirecte ?canton
 INFO 2016-05-04 13:25:00,051 [main] (ParallelMetaProducerLessBlocking.java:61) - Searching for edge : ?arrondissement igeo:subdivisionDirecte ?canton
 INFO 2016-05-04 13:25:00,051 [pool-16-thread-1] (CallableResult.java:52) - CallableResult for GetEdge
 INFO 2016-05-04 13:25:00,051 [pool-16-thread-1] (CallableResult.java:52) - CallableResult for GetEdge
 INFO 2016-05-04 13:25:00,051 [pool-16-thread-2] (CallableResult.java:52) - CallableResult for GetEdge
 INFO 2016-05-04 13:25:00,051 [pool-16-thread-2] (CallableResult.java:52) - CallableResult for GetEdge
 INFO 2016-05-04 13:25:00,055 [pool-16-thread-2] (CallableResult.java:63) - Finished CallableResult in 4 ms.
 INFO 2016-05-04 13:25:00,055 [pool-16-thread-2] (CallableResult.java:63) - Finished CallableResult in 4 ms.
 INFO 2016-05-04 13:25:00,119 [pool-16-thread-1] (CallableResult.java:63) - Finished CallableResult in 68 ms.
 INFO 2016-05-04 13:25:00,119 [pool-16-thread-1] (CallableResult.java:63) - Finished CallableResult in 68 ms.
 INFO 2016-05-04 13:25:00,121 [main] (ParallelMetaProducerLessBlocking.java:193) - Global results retrieved in getEdges 70ms.
 INFO 2016-05-04 13:25:00,121 [main] (ParallelMetaProducerLessBlocking.java:193) - Global results retrieved in getEdges 70ms.
 INFO 2016-05-04 13:25:00,121 [main] (Eval.java:2177) - 
	Get EDGE in 70ms.  
	FOR EDGE{?arrondissement igeo:subdivisionDirecte ?canton}

 INFO 2016-05-04 13:25:00,121 [main] (Eval.java:2177) - 
	Get EDGE in 70ms.  
	FOR EDGE{?arrondissement igeo:subdivisionDirecte ?canton}

 INFO 2016-05-04 13:25:00,121 [main] (Eval.java:2177) - 
	Get EDGE in 396ms.  
	FOR EDGE{?departement igeo:subdivisionDirecte ?arrondissement}

 INFO 2016-05-04 13:25:00,121 [main] (Eval.java:2177) - 
	Get EDGE in 396ms.  
	FOR EDGE{?departement igeo:subdivisionDirecte ?arrondissement}

 INFO 2016-05-04 13:25:00,122 [main] (ParallelMetaProducerLessBlocking.java:61) - Searching for edge : ?departement igeo:subdivisionDirecte ?arrondissement
 INFO 2016-05-04 13:25:00,122 [main] (ParallelMetaProducerLessBlocking.java:61) - Searching for edge : ?departement igeo:subdivisionDirecte ?arrondissement
 INFO 2016-05-04 13:25:00,122 [pool-17-thread-1] (CallableResult.java:52) - CallableResult for GetEdge
 INFO 2016-05-04 13:25:00,122 [pool-17-thread-1] (CallableResult.java:52) - CallableResult for GetEdge
 INFO 2016-05-04 13:25:00,122 [pool-17-thread-2] (CallableResult.java:52) - CallableResult for GetEdge
 INFO 2016-05-04 13:25:00,122 [pool-17-thread-2] (CallableResult.java:52) - CallableResult for GetEdge
 INFO 2016-05-04 13:25:00,125 [pool-17-thread-2] (CallableResult.java:63) - Finished CallableResult in 3 ms.
 INFO 2016-05-04 13:25:00,125 [pool-17-thread-2] (CallableResult.java:63) - Finished CallableResult in 3 ms.
 INFO 2016-05-04 13:25:00,126 [pool-17-thread-1] (CallableResult.java:63) - Finished CallableResult in 4 ms.
 INFO 2016-05-04 13:25:00,126 [pool-17-thread-1] (CallableResult.java:63) - Finished CallableResult in 4 ms.
 INFO 2016-05-04 13:25:00,127 [main] (ParallelMetaProducerLessBlocking.java:193) - Global results retrieved in getEdges 5ms.
 INFO 2016-05-04 13:25:00,127 [main] (ParallelMetaProducerLessBlocking.java:193) - Global results retrieved in getEdges 5ms.
 INFO 2016-05-04 13:25:00,127 [main] (ParallelMetaProducerLessBlocking.java:61) - Searching for edge : ?arrondissement igeo:subdivisionDirecte ?canton
 INFO 2016-05-04 13:25:00,127 [main] (ParallelMetaProducerLessBlocking.java:61) - Searching for edge : ?arrondissement igeo:subdivisionDirecte ?canton
 INFO 2016-05-04 13:25:00,127 [pool-18-thread-1] (CallableResult.java:52) - CallableResult for GetEdge
 INFO 2016-05-04 13:25:00,127 [pool-18-thread-1] (CallableResult.java:52) - CallableResult for GetEdge
 INFO 2016-05-04 13:25:00,127 [pool-18-thread-2] (CallableResult.java:52) - CallableResult for GetEdge
 INFO 2016-05-04 13:25:00,127 [pool-18-thread-2] (CallableResult.java:52) - CallableResult for GetEdge
 INFO 2016-05-04 13:25:00,131 [pool-18-thread-1] (CallableResult.java:63) - Finished CallableResult in 4 ms.
 INFO 2016-05-04 13:25:00,131 [pool-18-thread-1] (CallableResult.java:63) - Finished CallableResult in 4 ms.
 INFO 2016-05-04 13:25:00,132 [pool-18-thread-2] (CallableResult.java:63) - Finished CallableResult in 5 ms.
 INFO 2016-05-04 13:25:00,132 [pool-18-thread-2] (CallableResult.java:63) - Finished CallableResult in 5 ms.
 INFO 2016-05-04 13:25:00,133 [main] (ParallelMetaProducerLessBlocking.java:193) - Global results retrieved in getEdges 6ms.
 INFO 2016-05-04 13:25:00,133 [main] (ParallelMetaProducerLessBlocking.java:193) - Global results retrieved in getEdges 6ms.
 INFO 2016-05-04 13:25:00,133 [main] (Eval.java:2177) - 
	Get EDGE in 6ms.  
	FOR EDGE{?arrondissement igeo:subdivisionDirecte ?canton}

 INFO 2016-05-04 13:25:00,133 [main] (Eval.java:2177) - 
	Get EDGE in 6ms.  
	FOR EDGE{?arrondissement igeo:subdivisionDirecte ?canton}

 INFO 2016-05-04 13:25:00,133 [main] (ParallelMetaProducerLessBlocking.java:61) - Searching for edge : ?arrondissement igeo:subdivisionDirecte ?canton
 INFO 2016-05-04 13:25:00,133 [main] (ParallelMetaProducerLessBlocking.java:61) - Searching for edge : ?arrondissement igeo:subdivisionDirecte ?canton
 INFO 2016-05-04 13:25:00,134 [pool-19-thread-1] (CallableResult.java:52) - CallableResult for GetEdge
 INFO 2016-05-04 13:25:00,134 [pool-19-thread-1] (CallableResult.java:52) - CallableResult for GetEdge
 INFO 2016-05-04 13:25:00,134 [pool-19-thread-2] (CallableResult.java:52) - CallableResult for GetEdge
 INFO 2016-05-04 13:25:00,134 [pool-19-thread-2] (CallableResult.java:52) - CallableResult for GetEdge
 INFO 2016-05-04 13:25:00,137 [pool-19-thread-1] (CallableResult.java:63) - Finished CallableResult in 3 ms.
 INFO 2016-05-04 13:25:00,137 [pool-19-thread-1] (CallableResult.java:63) - Finished CallableResult in 3 ms.
 INFO 2016-05-04 13:25:00,137 [pool-19-thread-2] (CallableResult.java:63) - Finished CallableResult in 3 ms.
 INFO 2016-05-04 13:25:00,137 [pool-19-thread-2] (CallableResult.java:63) - Finished CallableResult in 3 ms.
 INFO 2016-05-04 13:25:00,137 [main] (ParallelMetaProducerLessBlocking.java:193) - Global results retrieved in getEdges 3ms.
 INFO 2016-05-04 13:25:00,137 [main] (ParallelMetaProducerLessBlocking.java:193) - Global results retrieved in getEdges 3ms.
 INFO 2016-05-04 13:25:00,138 [main] (Eval.java:2177) - 
	Get EDGE in 5ms.  
	FOR EDGE{?arrondissement igeo:subdivisionDirecte ?canton}

 INFO 2016-05-04 13:25:00,138 [main] (Eval.java:2177) - 
	Get EDGE in 5ms.  
	FOR EDGE{?arrondissement igeo:subdivisionDirecte ?canton}

 INFO 2016-05-04 13:25:00,138 [main] (ParallelMetaProducerLessBlocking.java:61) - Searching for edge : ?arrondissement igeo:subdivisionDirecte ?canton
 INFO 2016-05-04 13:25:00,138 [main] (ParallelMetaProducerLessBlocking.java:61) - Searching for edge : ?arrondissement igeo:subdivisionDirecte ?canton
 INFO 2016-05-04 13:25:00,138 [pool-20-thread-1] (CallableResult.java:52) - CallableResult for GetEdge
 INFO 2016-05-04 13:25:00,138 [pool-20-thread-1] (CallableResult.java:52) - CallableResult for GetEdge
 INFO 2016-05-04 13:25:00,138 [pool-20-thread-2] (CallableResult.java:52) - CallableResult for GetEdge
 INFO 2016-05-04 13:25:00,138 [pool-20-thread-2] (CallableResult.java:52) - CallableResult for GetEdge
 INFO 2016-05-04 13:25:00,142 [pool-20-thread-1] (CallableResult.java:63) - Finished CallableResult in 4 ms.
 INFO 2016-05-04 13:25:00,142 [pool-20-thread-1] (CallableResult.java:63) - Finished CallableResult in 4 ms.
 INFO 2016-05-04 13:25:00,142 [pool-20-thread-2] (CallableResult.java:63) - Finished CallableResult in 4 ms.
 INFO 2016-05-04 13:25:00,142 [pool-20-thread-2] (CallableResult.java:63) - Finished CallableResult in 4 ms.
 INFO 2016-05-04 13:25:00,142 [main] (ParallelMetaProducerLessBlocking.java:193) - Global results retrieved in getEdges 4ms.
 INFO 2016-05-04 13:25:00,142 [main] (ParallelMetaProducerLessBlocking.java:193) - Global results retrieved in getEdges 4ms.
 INFO 2016-05-04 13:25:00,142 [main] (Eval.java:2177) - 
	Get EDGE in 4ms.  
	FOR EDGE{?arrondissement igeo:subdivisionDirecte ?canton}

 INFO 2016-05-04 13:25:00,142 [main] (Eval.java:2177) - 
	Get EDGE in 4ms.  
	FOR EDGE{?arrondissement igeo:subdivisionDirecte ?canton}

 INFO 2016-05-04 13:25:00,142 [main] (Eval.java:2177) - 
	Get EDGE in 20ms.  
	FOR EDGE{?departement igeo:subdivisionDirecte ?arrondissement}

 INFO 2016-05-04 13:25:00,142 [main] (Eval.java:2177) - 
	Get EDGE in 20ms.  
	FOR EDGE{?departement igeo:subdivisionDirecte ?arrondissement}

 INFO 2016-05-04 13:25:00,143 [main] (Eval.java:2177) - 
	Get EDGE in 857ms.  
	FOR EDGE{?region igeo:subdivisionDirecte ?departement}

 INFO 2016-05-04 13:25:00,143 [main] (Eval.java:2177) - 
	Get EDGE in 857ms.  
	FOR EDGE{?region igeo:subdivisionDirecte ?departement}

 INFO 2016-05-04 13:25:00,143 [main] (Eval.java:2177) - 
	Get EDGE in 961ms.  
	FOR EDGE{?region igeo:codeRegion ?v}

 INFO 2016-05-04 13:25:00,143 [main] (Eval.java:2177) - 
	Get EDGE in 961ms.  
	FOR EDGE{?region igeo:codeRegion ?v}

 INFO 2016-05-04 13:25:00,143 [main] (ParallelMetaProducerLessBlocking.java:214) - Searching for BGP : BGP{EDGE{?departement igeo:nom ?nom} EDGE{?canton igeo:nom ?cantonNom} }
 INFO 2016-05-04 13:25:00,143 [main] (ParallelMetaProducerLessBlocking.java:214) - Searching for BGP : BGP{EDGE{?departement igeo:nom ?nom} EDGE{?canton igeo:nom ?cantonNom} }
 INFO 2016-05-04 13:25:00,143 [pool-21-thread-1] (CallableResult.java:56) - CallableResult for GetMappings
 INFO 2016-05-04 13:25:00,143 [pool-21-thread-1] (CallableResult.java:56) - CallableResult for GetMappings
 INFO 2016-05-04 13:25:00,143 [pool-21-thread-2] (CallableResult.java:56) - CallableResult for GetMappings
 INFO 2016-05-04 13:25:00,143 [pool-21-thread-2] (CallableResult.java:56) - CallableResult for GetMappings
 INFO 2016-05-04 13:25:00,144 [pool-21-thread-1] (RemoteQueryOptimizerFull.java:144) - BGP QUERY: 
 SELECT * WHERE { 
	 ?departement igeo:nom ?nom . 
 	 ?canton igeo:nom ?cantonNom . 
 	  FILTER ((?cantonNom = 'Paris 14e  canton'))
} 
 INFO 2016-05-04 13:25:00,144 [pool-21-thread-1] (RemoteQueryOptimizerFull.java:144) - BGP QUERY: 
 SELECT * WHERE { 
	 ?departement igeo:nom ?nom . 
 	 ?canton igeo:nom ?cantonNom . 
 	  FILTER ((?cantonNom = 'Paris 14e  canton'))
} 
 INFO 2016-05-04 13:25:00,144 [pool-21-thread-2] (RemoteQueryOptimizerFull.java:144) - BGP QUERY: 
 SELECT * WHERE { 
	 ?departement igeo:nom ?nom . 
 	 ?canton igeo:nom ?cantonNom . 
 	  FILTER ((?cantonNom = 'Paris 14e  canton'))
} 
 INFO 2016-05-04 13:25:00,144 [pool-21-thread-2] (RemoteQueryOptimizerFull.java:144) - BGP QUERY: 
 SELECT * WHERE { 
	 ?departement igeo:nom ?nom . 
 	 ?canton igeo:nom ?cantonNom . 
 	  FILTER ((?cantonNom = 'Paris 14e  canton'))
} 
 INFO 2016-05-04 13:25:00,154 [pool-21-thread-1] (CallableResult.java:59) - RESULTS: 0 FROM http://localhost:8086/sparql
 INFO 2016-05-04 13:25:00,154 [pool-21-thread-1] (CallableResult.java:59) - RESULTS: 0 FROM http://localhost:8086/sparql
 INFO 2016-05-04 13:25:00,154 [pool-21-thread-1] (CallableResult.java:63) - Finished CallableResult in 11 ms.
 INFO 2016-05-04 13:25:00,154 [pool-21-thread-1] (CallableResult.java:63) - Finished CallableResult in 11 ms.
 INFO 2016-05-04 13:25:00,155 [pool-21-thread-2] (CallableResult.java:59) - RESULTS: 0 FROM http://localhost:8087/sparql
 INFO 2016-05-04 13:25:00,155 [pool-21-thread-2] (CallableResult.java:59) - RESULTS: 0 FROM http://localhost:8087/sparql
 INFO 2016-05-04 13:25:00,155 [pool-21-thread-2] (CallableResult.java:63) - Finished CallableResult in 12 ms.
 INFO 2016-05-04 13:25:00,155 [pool-21-thread-2] (CallableResult.java:63) - Finished CallableResult in 12 ms.
 INFO 2016-05-04 13:25:00,155 [main] (ParallelMetaProducerLessBlocking.java:255) - Global results retrieved in getMappings 12ms.
 INFO 2016-05-04 13:25:00,155 [main] (ParallelMetaProducerLessBlocking.java:255) - Global results retrieved in getMappings 12ms.
 INFO 2016-05-04 13:25:00,155 [main] (Eval.java:1671) - 
	GET MAPPINGS in 12ms.
	 FOR BGP{EDGE{?departement igeo:nom ?nom} EDGE{?canton igeo:nom ?cantonNom} }

 INFO 2016-05-04 13:25:00,155 [main] (Eval.java:1671) - 
	GET MAPPINGS in 12ms.
	 FOR BGP{EDGE{?departement igeo:nom ?nom} EDGE{?canton igeo:nom ?cantonNom} }

 INFO 2016-05-04 13:25:00,156 [main] (ParallelMetaProducerLessBlocking.java:61) - Searching for edge : ?departement igeo:nom ?nom
 INFO 2016-05-04 13:25:00,156 [main] (ParallelMetaProducerLessBlocking.java:61) - Searching for edge : ?departement igeo:nom ?nom
 INFO 2016-05-04 13:25:00,156 [pool-22-thread-1] (CallableResult.java:52) - CallableResult for GetEdge
 INFO 2016-05-04 13:25:00,156 [pool-22-thread-1] (CallableResult.java:52) - CallableResult for GetEdge
 INFO 2016-05-04 13:25:00,156 [pool-22-thread-2] (CallableResult.java:52) - CallableResult for GetEdge
 INFO 2016-05-04 13:25:00,156 [pool-22-thread-2] (CallableResult.java:52) - CallableResult for GetEdge
 INFO 2016-05-04 13:25:00,169 [pool-22-thread-2] (CallableResult.java:63) - Finished CallableResult in 13 ms.
 INFO 2016-05-04 13:25:00,169 [pool-22-thread-2] (CallableResult.java:63) - Finished CallableResult in 13 ms.
 INFO 2016-05-04 13:25:00,210 [pool-22-thread-1] (CallableResult.java:63) - Finished CallableResult in 53 ms.
 INFO 2016-05-04 13:25:00,210 [pool-22-thread-1] (CallableResult.java:63) - Finished CallableResult in 53 ms.
 INFO 2016-05-04 13:25:00,218 [main] (ParallelMetaProducerLessBlocking.java:193) - Global results retrieved in getEdges 62ms.
 INFO 2016-05-04 13:25:00,218 [main] (ParallelMetaProducerLessBlocking.java:193) - Global results retrieved in getEdges 62ms.
 INFO 2016-05-04 13:25:00,218 [main] (ParallelMetaProducerLessBlocking.java:61) - Searching for edge : ?canton igeo:nom ?cantonNom
 INFO 2016-05-04 13:25:00,218 [main] (ParallelMetaProducerLessBlocking.java:61) - Searching for edge : ?canton igeo:nom ?cantonNom
 INFO 2016-05-04 13:25:00,219 [pool-23-thread-1] (CallableResult.java:52) - CallableResult for GetEdge
 INFO 2016-05-04 13:25:00,219 [pool-23-thread-1] (CallableResult.java:52) - CallableResult for GetEdge
 INFO 2016-05-04 13:25:00,219 [pool-23-thread-2] (CallableResult.java:52) - CallableResult for GetEdge
 INFO 2016-05-04 13:25:00,219 [pool-23-thread-2] (CallableResult.java:52) - CallableResult for GetEdge
 INFO 2016-05-04 13:25:00,222 [pool-23-thread-2] (CallableResult.java:63) - Finished CallableResult in 3 ms.
 INFO 2016-05-04 13:25:00,222 [pool-23-thread-2] (CallableResult.java:63) - Finished CallableResult in 3 ms.
 INFO 2016-05-04 13:25:00,222 [pool-23-thread-1] (CallableResult.java:63) - Finished CallableResult in 3 ms.
 INFO 2016-05-04 13:25:00,222 [pool-23-thread-1] (CallableResult.java:63) - Finished CallableResult in 3 ms.
 INFO 2016-05-04 13:25:00,222 [main] (ParallelMetaProducerLessBlocking.java:193) - Global results retrieved in getEdges 3ms.
 INFO 2016-05-04 13:25:00,222 [main] (ParallelMetaProducerLessBlocking.java:193) - Global results retrieved in getEdges 3ms.
 INFO 2016-05-04 13:25:00,222 [main] (Eval.java:2177) - 
	Get EDGE in 4ms.  
	FOR EDGE{?canton igeo:nom ?cantonNom}

 INFO 2016-05-04 13:25:00,222 [main] (Eval.java:2177) - 
	Get EDGE in 4ms.  
	FOR EDGE{?canton igeo:nom ?cantonNom}

 INFO 2016-05-04 13:25:00,222 [main] (TestDQP.java:248) - 0 results in 1275 ms
 INFO 2016-05-04 13:25:00,223 [main] (TestDQP.java:249) - 

 INFO 2016-05-04 13:25:00,223 [main] (TestDQP.java:250) - Remote queries
 INFO 2016-05-04 13:25:00,224 [main] (TestDQP.java:251) - =========
	?region igeo:subdivisionDirecte ?departement
	2
--
	?region igeo:codeRegion ?v
	2
--
	?arrondissement igeo:subdivisionDirecte ?canton
	26
--
	BGP{EDGE{?region igeo:codeRegion ?v} EDGE{?region igeo:subdivisionDirecte ?departement} EDGE{?departement igeo:subdivisionDirecte ?arrondissement} EDGE{?arrondissement igeo:subdivisionDirecte ?canton} }
	1
--
	BGP{EDGE{?departement igeo:nom ?nom} EDGE{?canton igeo:nom ?cantonNom} }
	2
--
	?departement igeo:nom ?nom
	2
--
	?departement igeo:subdivisionDirecte ?arrondissement
	8
--
	?canton igeo:nom ?cantonNom
	2
--
	>====  Sum = 45  =====

 INFO 2016-05-04 13:25:00,224 [main] (TestDQP.java:252) - Transferred results per query
 INFO 2016-05-04 13:25:00,224 [main] (TestDQP.java:253) - =========
	?region igeo:subdivisionDirecte ?departement
	4
--
	?region igeo:codeRegion ?v
	1
--
	?arrondissement igeo:subdivisionDirecte ?canton
	858
--
	BGP{EDGE{?region igeo:codeRegion ?v} EDGE{?region igeo:subdivisionDirecte ?departement} EDGE{?departement igeo:subdivisionDirecte ?arrondissement} EDGE{?arrondissement igeo:subdivisionDirecte ?canton} }
	0
--
	BGP{EDGE{?departement igeo:nom ?nom} EDGE{?canton igeo:nom ?cantonNom} }
	0
--
	?departement igeo:nom ?nom
	57
--
	?departement igeo:subdivisionDirecte ?arrondissement
	13
--
	?canton igeo:nom ?cantonNom
	0
--
	>====  Sum = 933  =====

 INFO 2016-05-04 13:25:00,224 [main] (TestDQP.java:254) - Remote queries per data source
 INFO 2016-05-04 13:25:00,224 [main] (TestDQP.java:255) - =========
	http://localhost:8085/sparql
	20
--
	http://localhost:8086/sparql
	21
--
	http://localhost:8087/sparql
	4
--
	>====  Sum = 45  =====

 INFO 2016-05-04 13:25:00,224 [main] (TestDQP.java:256) - Transferred results per source
 INFO 2016-05-04 13:25:00,224 [main] (TestDQP.java:257) - =========
	http://localhost:8085/sparql
	871
--
	http://localhost:8086/sparql
	49
--
	http://localhost:8087/sparql
	13
--
	>====  Sum = 933  =====

