 INFO 2016-03-29 11:14:45,598 [main] (ServiceGrouper.java:84) - Building indices for 
 INFO 2016-03-29 11:14:45,601 [main] (ServiceGrouper.java:85) - {?region igeo:codeRegion ?v . 
?region igeo:subdivisionDirecte ?departement . 
?departement igeo:nom ?nom . 
?departement idemo:population ?popLeg . 
?popLeg idemo:populationTotale ?popTotale . }
 INFO 2016-03-29 11:14:45,797 [main] (ServiceGrouper.java:559) - Edge index
 INFO 2016-03-29 11:14:45,798 [main] (ServiceGrouper.java:575) - Source index
 INFO 2016-03-29 11:14:45,799 [main] (ServiceGrouper.java:259) - Found consecutive triple patterns into {?region igeo:codeRegion ?v . 
?region igeo:subdivisionDirecte ?departement . 
?departement igeo:nom ?nom . 
?departement idemo:population ?popLeg . 
?popLeg idemo:populationTotale ?popTotale . }
 INFO 2016-03-29 11:14:45,799 [main] (ServiceGrouper.java:426) - Processing
[?region igeo:codeRegion ?v . , ?region igeo:subdivisionDirecte ?departement . , ?departement igeo:nom ?nom . , ?departement idemo:population ?popLeg . , ?popLeg idemo:populationTotale ?popTotale . ]
 WARN 2016-03-29 11:14:45,800 [main] (ServiceGrouper.java:446) - Triple pattern ?region igeo:codeRegion ?v .  appears in more than one data source, excluded from SERVICE.
 WARN 2016-03-29 11:14:45,800 [main] (ServiceGrouper.java:446) - Triple pattern ?region igeo:subdivisionDirecte ?departement .  appears in more than one data source, excluded from SERVICE.
 WARN 2016-03-29 11:14:45,800 [main] (ServiceGrouper.java:446) - Triple pattern ?departement igeo:nom ?nom .  appears in more than one data source, excluded from SERVICE.
 WARN 2016-03-29 11:14:45,801 [main] (ServiceGrouper.java:446) - Triple pattern ?region igeo:codeRegion ?v .  appears in more than one data source, excluded from SERVICE.
 WARN 2016-03-29 11:14:45,801 [main] (ServiceGrouper.java:446) - Triple pattern ?region igeo:subdivisionDirecte ?departement .  appears in more than one data source, excluded from SERVICE.
 WARN 2016-03-29 11:14:45,801 [main] (ServiceGrouper.java:446) - Triple pattern ?departement igeo:nom ?nom .  appears in more than one data source, excluded from SERVICE.
 INFO 2016-03-29 11:14:45,802 [main] (ServiceGrouper.java:271) - Ranking : 
 INFO 2016-03-29 11:14:45,802 [main] (ServiceGrouper.java:272) - {?region igeo:codeRegion ?v . 
?region igeo:subdivisionDirecte ?departement . 
?departement igeo:nom ?nom . 
service <http://localhost:8088/sparql> {?departement idemo:population ?popLeg . 
?popLeg idemo:populationTotale ?popTotale . }}
 INFO 2016-03-29 11:14:45,802 [main] (ServiceGrouper.java:277) - 2 free variables for ?region igeo:codeRegion ?v . 
 INFO 2016-03-29 11:14:45,802 [main] (ServiceGrouper.java:277) - 2 free variables for ?region igeo:subdivisionDirecte ?departement . 
 INFO 2016-03-29 11:14:45,802 [main] (ServiceGrouper.java:277) - 2 free variables for ?departement igeo:nom ?nom . 
 INFO 2016-03-29 11:14:45,803 [main] (ServiceGrouper.java:277) - 3 free variables for service <http://localhost:8088/sparql> {?departement idemo:population ?popLeg . 
?popLeg idemo:populationTotale ?popTotale . }
 INFO 2016-03-29 11:14:45,803 [main] (ServiceGrouper.java:286) - Sorting services possibly with the same score
 WARN 2016-03-29 11:14:45,804 [main] (ServiceGrouper.java:353) - Searching for ?departement igeo:nom ?nom .  in [?region igeo:codeRegion ?v . , ?region igeo:subdivisionDirecte ?departement . , ?departement igeo:nom ?nom . , ?departement idemo:population ?popLeg . , ?popLeg idemo:populationTotale ?popTotale . ]
 WARN 2016-03-29 11:14:45,804 [main] (ServiceGrouper.java:353) - Searching for ?region igeo:subdivisionDirecte ?departement .  in [?region igeo:codeRegion ?v . , ?region igeo:subdivisionDirecte ?departement . , ?departement igeo:nom ?nom . , ?departement idemo:population ?popLeg . , ?popLeg idemo:populationTotale ?popTotale . ]
 INFO 2016-03-29 11:14:45,804 [main] (ServiceGrouper.java:328) - Comparing : ?departement igeo:nom ?nom .  with ?region igeo:subdivisionDirecte ?departement . 
 WARN 2016-03-29 11:14:45,804 [main] (ServiceGrouper.java:353) - Searching for ?region igeo:codeRegion ?v .  in [?region igeo:codeRegion ?v . , ?region igeo:subdivisionDirecte ?departement . , ?departement igeo:nom ?nom . , ?departement idemo:population ?popLeg . , ?popLeg idemo:populationTotale ?popTotale . ]
 WARN 2016-03-29 11:14:45,805 [main] (ServiceGrouper.java:353) - Searching for ?departement igeo:nom ?nom .  in [?region igeo:codeRegion ?v . , ?region igeo:subdivisionDirecte ?departement . , ?departement igeo:nom ?nom . , ?departement idemo:population ?popLeg . , ?popLeg idemo:populationTotale ?popTotale . ]
 INFO 2016-03-29 11:14:45,805 [main] (ServiceGrouper.java:328) - Comparing : ?region igeo:codeRegion ?v .  with ?departement igeo:nom ?nom . 
 WARN 2016-03-29 11:14:45,805 [main] (ServiceGrouper.java:353) - Searching for ?region igeo:codeRegion ?v .  in [?region igeo:codeRegion ?v . , ?region igeo:subdivisionDirecte ?departement . , ?departement igeo:nom ?nom . , ?departement idemo:population ?popLeg . , ?popLeg idemo:populationTotale ?popTotale . ]
 WARN 2016-03-29 11:14:45,805 [main] (ServiceGrouper.java:353) - Searching for ?region igeo:subdivisionDirecte ?departement .  in [?region igeo:codeRegion ?v . , ?region igeo:subdivisionDirecte ?departement . , ?departement igeo:nom ?nom . , ?departement idemo:population ?popLeg . , ?popLeg idemo:populationTotale ?popTotale . ]
 INFO 2016-03-29 11:14:45,806 [main] (ServiceGrouper.java:328) - Comparing : ?region igeo:codeRegion ?v .  with ?region igeo:subdivisionDirecte ?departement . 
 INFO 2016-03-29 11:14:45,806 [main] (ServiceGrouper.java:340) - {?region igeo:codeRegion ?v . 
?region igeo:subdivisionDirecte ?departement . 
?departement igeo:nom ?nom . 
service <http://localhost:8088/sparql> {?departement idemo:population ?popLeg . 
?popLeg idemo:populationTotale ?popTotale . }}
 INFO 2016-03-29 11:14:45,806 [main] (ServiceGrouper.java:118) - Final rewritten query
 INFO 2016-03-29 11:14:45,806 [main] (ServiceGrouper.java:119) - prefix idemo: <http://rdf.insee.fr/def/demo#>
prefix igeo: <http://rdf.insee.fr/def/geo#>
select ?nom ?popTotale 
where
{?region igeo:codeRegion ?v . 
?region igeo:subdivisionDirecte ?departement . 
?departement igeo:nom ?nom . 
service <http://localhost:8088/sparql> {?departement idemo:population ?popLeg . 
?popLeg idemo:populationTotale ?popTotale . }}
order by ?popTotale 


 INFO 2016-03-29 11:14:45,808 [main] (ServiceGrouper.java:57) - Building predicates indices for AND{EDGE{?region igeo:codeRegion ?v} EDGE{?region igeo:subdivisionDirecte ?departement} EDGE{?departement igeo:nom ?nom} SERVICE{NODE{<http://localhost:8088/sparql> } select [NODE{?departement }, NODE{?popLeg }, NODE{?popTotale }]
QUERY{AND{EDGE{?departement idemo:population ?popLeg} EDGE{?popLeg idemo:populationTotale ?popTotale} } } } }
 INFO 2016-03-29 11:14:45,809 [main] (ServiceGrouper.java:57) - Building predicates indices for AND{EDGE{?departement idemo:population ?popLeg} EDGE{?popLeg idemo:populationTotale ?popTotale} }
 INFO 2016-03-29 11:14:45,809 [main] (ServiceGrouper.java:65) - END of building index!
 INFO 2016-03-29 11:14:45,809 [main] (ServiceGrouper.java:65) - END of building index!
 INFO 2016-03-29 11:14:45,824 [main] (ParallelMetaProducerLessBlocking.java:214) - Searching for BGP : BGP{EDGE{?region igeo:codeRegion ?v} EDGE{?region igeo:subdivisionDirecte ?departement} EDGE{?departement igeo:nom ?nom} }
 INFO 2016-03-29 11:14:45,826 [pool-1-thread-2] (CallableResult.java:56) - CallableResult for GetMappings
 INFO 2016-03-29 11:14:45,826 [pool-1-thread-1] (CallableResult.java:56) - CallableResult for GetMappings
 INFO 2016-03-29 11:14:45,828 [pool-1-thread-1] (RemoteQueryOptimizerFull.java:144) - BGP QUERY: 
 SELECT * WHERE { 
	 ?region igeo:codeRegion ?v . 
 	 ?region igeo:subdivisionDirecte ?departement . 
 	 ?departement igeo:nom ?nom . 
 } 
 INFO 2016-03-29 11:14:45,828 [pool-1-thread-2] (RemoteQueryOptimizerFull.java:144) - BGP QUERY: 
 SELECT * WHERE { 
	 ?region igeo:codeRegion ?v . 
 	 ?region igeo:subdivisionDirecte ?departement . 
 	 ?departement igeo:nom ?nom . 
 } 
 INFO 2016-03-29 11:14:45,941 [pool-1-thread-2] (CallableResult.java:59) - RESULTS: 101 FROM http://localhost:8082/sparql
 INFO 2016-03-29 11:14:45,941 [pool-1-thread-1] (CallableResult.java:59) - RESULTS: 101 FROM http://localhost:8081/sparql
 INFO 2016-03-29 11:14:45,942 [pool-1-thread-2] (CallableResult.java:63) - Finished CallableResult in 116 ms.
 INFO 2016-03-29 11:14:45,942 [pool-1-thread-1] (CallableResult.java:63) - Finished CallableResult in 116 ms.
 INFO 2016-03-29 11:14:45,955 [main] (ParallelMetaProducerLessBlocking.java:255) - Global results retrieved in getMappings 129ms.
 INFO 2016-03-29 11:14:45,958 [main] (Eval.java:1660) - 
	GET MAPPINGS in 137ms.
	 FOR BGP{EDGE{?region igeo:codeRegion ?v} EDGE{?region igeo:subdivisionDirecte ?departement} EDGE{?departement igeo:nom ?nom} }

 INFO 2016-03-29 11:14:45,959 [main] (ParallelMetaProducerLessBlocking.java:61) - Searching for edge : ?region igeo:codeRegion ?v
 INFO 2016-03-29 11:14:45,959 [pool-2-thread-1] (CallableResult.java:52) - CallableResult for GetEdge
 INFO 2016-03-29 11:14:45,960 [pool-2-thread-2] (CallableResult.java:52) - CallableResult for GetEdge
 INFO 2016-03-29 11:14:46,153 [pool-2-thread-2] (CallableResult.java:63) - Finished CallableResult in 193 ms.
 INFO 2016-03-29 11:14:46,153 [pool-2-thread-1] (CallableResult.java:63) - Finished CallableResult in 194 ms.
 INFO 2016-03-29 11:14:46,168 [main] (ParallelMetaProducerLessBlocking.java:193) - Global results retrieved in getEdges 208ms.
 INFO 2016-03-29 11:14:46,169 [main] (ParallelMetaProducerLessBlocking.java:61) - Searching for edge : ?region igeo:subdivisionDirecte ?departement
 INFO 2016-03-29 11:14:46,170 [pool-3-thread-1] (CallableResult.java:52) - CallableResult for GetEdge
 INFO 2016-03-29 11:14:46,170 [pool-3-thread-2] (CallableResult.java:52) - CallableResult for GetEdge
 INFO 2016-03-29 11:14:46,184 [pool-3-thread-1] (CallableResult.java:63) - Finished CallableResult in 14 ms.
 INFO 2016-03-29 11:14:46,184 [pool-3-thread-2] (CallableResult.java:63) - Finished CallableResult in 14 ms.
 INFO 2016-03-29 11:14:46,185 [main] (ParallelMetaProducerLessBlocking.java:193) - Global results retrieved in getEdges 15ms.
 INFO 2016-03-29 11:14:46,185 [main] (ParallelMetaProducerLessBlocking.java:61) - Searching for edge : ?departement igeo:nom ?nom
 INFO 2016-03-29 11:14:46,185 [main] (ParallelMetaProducerLessBlocking.java:193) - Global results retrieved in getEdges 0ms.
 INFO 2016-03-29 11:14:46,186 [main] (Eval.java:2158) - 
	Get EDGE in 1ms.  
	FOR EDGE{?departement igeo:nom ?nom}

 INFO 2016-03-29 11:14:46,186 [main] (ParallelMetaProducerLessBlocking.java:61) - Searching for edge : ?departement igeo:nom ?nom
 INFO 2016-03-29 11:14:46,186 [main] (ParallelMetaProducerLessBlocking.java:193) - Global results retrieved in getEdges 0ms.
 INFO 2016-03-29 11:14:46,186 [main] (Eval.java:2158) - 
	Get EDGE in 0ms.  
	FOR EDGE{?departement igeo:nom ?nom}

 INFO 2016-03-29 11:14:46,186 [main] (ParallelMetaProducerLessBlocking.java:61) - Searching for edge : ?departement igeo:nom ?nom
 INFO 2016-03-29 11:14:46,187 [main] (ParallelMetaProducerLessBlocking.java:193) - Global results retrieved in getEdges 0ms.
 INFO 2016-03-29 11:14:46,187 [main] (Eval.java:2158) - 
	Get EDGE in 1ms.  
	FOR EDGE{?departement igeo:nom ?nom}

 INFO 2016-03-29 11:14:46,187 [main] (ParallelMetaProducerLessBlocking.java:61) - Searching for edge : ?departement igeo:nom ?nom
 INFO 2016-03-29 11:14:46,188 [main] (ParallelMetaProducerLessBlocking.java:193) - Global results retrieved in getEdges 0ms.
 INFO 2016-03-29 11:14:46,188 [main] (Eval.java:2158) - 
	Get EDGE in 1ms.  
	FOR EDGE{?departement igeo:nom ?nom}

 INFO 2016-03-29 11:14:46,188 [main] (Eval.java:2158) - 
	Get EDGE in 19ms.  
	FOR EDGE{?region igeo:subdivisionDirecte ?departement}

 INFO 2016-03-29 11:14:46,188 [main] (ParallelMetaProducerLessBlocking.java:61) - Searching for edge : ?region igeo:subdivisionDirecte ?departement
 INFO 2016-03-29 11:14:46,189 [pool-8-thread-1] (CallableResult.java:52) - CallableResult for GetEdge
 INFO 2016-03-29 11:14:46,189 [pool-8-thread-2] (CallableResult.java:52) - CallableResult for GetEdge
 INFO 2016-03-29 11:14:46,203 [pool-8-thread-2] (CallableResult.java:63) - Finished CallableResult in 14 ms.
 INFO 2016-03-29 11:14:46,203 [pool-8-thread-1] (CallableResult.java:63) - Finished CallableResult in 14 ms.
 INFO 2016-03-29 11:14:46,204 [main] (ParallelMetaProducerLessBlocking.java:193) - Global results retrieved in getEdges 15ms.
 INFO 2016-03-29 11:14:46,204 [main] (ParallelMetaProducerLessBlocking.java:61) - Searching for edge : ?departement igeo:nom ?nom
 INFO 2016-03-29 11:14:46,204 [main] (ParallelMetaProducerLessBlocking.java:193) - Global results retrieved in getEdges 0ms.
 INFO 2016-03-29 11:14:46,205 [main] (Eval.java:2158) - 
	Get EDGE in 0ms.  
	FOR EDGE{?departement igeo:nom ?nom}

 INFO 2016-03-29 11:14:46,205 [main] (ParallelMetaProducerLessBlocking.java:61) - Searching for edge : ?departement igeo:nom ?nom
 INFO 2016-03-29 11:14:46,205 [main] (ParallelMetaProducerLessBlocking.java:193) - Global results retrieved in getEdges 0ms.
 INFO 2016-03-29 11:14:46,205 [main] (Eval.java:2158) - 
	Get EDGE in 0ms.  
	FOR EDGE{?departement igeo:nom ?nom}

 INFO 2016-03-29 11:14:46,205 [main] (ParallelMetaProducerLessBlocking.java:61) - Searching for edge : ?departement igeo:nom ?nom
 INFO 2016-03-29 11:14:46,206 [main] (ParallelMetaProducerLessBlocking.java:193) - Global results retrieved in getEdges 0ms.
 INFO 2016-03-29 11:14:46,206 [main] (Eval.java:2158) - 
	Get EDGE in 1ms.  
	FOR EDGE{?departement igeo:nom ?nom}

 INFO 2016-03-29 11:14:46,206 [main] (Eval.java:2158) - 
	Get EDGE in 18ms.  
	FOR EDGE{?region igeo:subdivisionDirecte ?departement}

 INFO 2016-03-29 11:14:46,206 [main] (ParallelMetaProducerLessBlocking.java:61) - Searching for edge : ?region igeo:subdivisionDirecte ?departement
 INFO 2016-03-29 11:14:46,207 [pool-12-thread-1] (CallableResult.java:52) - CallableResult for GetEdge
 INFO 2016-03-29 11:14:46,207 [pool-12-thread-2] (CallableResult.java:52) - CallableResult for GetEdge
 INFO 2016-03-29 11:14:46,217 [pool-12-thread-2] (CallableResult.java:63) - Finished CallableResult in 10 ms.
 INFO 2016-03-29 11:14:46,218 [pool-12-thread-1] (CallableResult.java:63) - Finished CallableResult in 11 ms.
 INFO 2016-03-29 11:14:46,218 [main] (ParallelMetaProducerLessBlocking.java:193) - Global results retrieved in getEdges 11ms.
 INFO 2016-03-29 11:14:46,219 [main] (ParallelMetaProducerLessBlocking.java:61) - Searching for edge : ?departement igeo:nom ?nom
 INFO 2016-03-29 11:14:46,219 [main] (ParallelMetaProducerLessBlocking.java:193) - Global results retrieved in getEdges 0ms.
 INFO 2016-03-29 11:14:46,219 [main] (Eval.java:2158) - 
	Get EDGE in 0ms.  
	FOR EDGE{?departement igeo:nom ?nom}

 INFO 2016-03-29 11:14:46,219 [main] (ParallelMetaProducerLessBlocking.java:61) - Searching for edge : ?departement igeo:nom ?nom
 INFO 2016-03-29 11:14:46,220 [main] (ParallelMetaProducerLessBlocking.java:193) - Global results retrieved in getEdges 0ms.
 INFO 2016-03-29 11:14:46,220 [main] (Eval.java:2158) - 
	Get EDGE in 1ms.  
	FOR EDGE{?departement igeo:nom ?nom}

 INFO 2016-03-29 11:14:46,220 [main] (Eval.java:2158) - 
	Get EDGE in 14ms.  
	FOR EDGE{?region igeo:subdivisionDirecte ?departement}

 INFO 2016-03-29 11:14:46,220 [main] (ParallelMetaProducerLessBlocking.java:61) - Searching for edge : ?region igeo:subdivisionDirecte ?departement
 INFO 2016-03-29 11:14:46,221 [pool-15-thread-1] (CallableResult.java:52) - CallableResult for GetEdge
 INFO 2016-03-29 11:14:46,221 [pool-15-thread-2] (CallableResult.java:52) - CallableResult for GetEdge
 INFO 2016-03-29 11:14:46,258 [pool-15-thread-2] (CallableResult.java:63) - Finished CallableResult in 37 ms.
 INFO 2016-03-29 11:14:46,264 [pool-15-thread-1] (CallableResult.java:63) - Finished CallableResult in 43 ms.
 INFO 2016-03-29 11:14:46,265 [main] (ParallelMetaProducerLessBlocking.java:193) - Global results retrieved in getEdges 44ms.
 INFO 2016-03-29 11:14:46,265 [main] (ParallelMetaProducerLessBlocking.java:61) - Searching for edge : ?departement igeo:nom ?nom
 INFO 2016-03-29 11:14:46,265 [main] (ParallelMetaProducerLessBlocking.java:193) - Global results retrieved in getEdges 0ms.
 INFO 2016-03-29 11:14:46,265 [main] (Eval.java:2158) - 
	Get EDGE in 0ms.  
	FOR EDGE{?departement igeo:nom ?nom}

 INFO 2016-03-29 11:14:46,266 [main] (ParallelMetaProducerLessBlocking.java:61) - Searching for edge : ?departement igeo:nom ?nom
 INFO 2016-03-29 11:14:46,266 [main] (ParallelMetaProducerLessBlocking.java:193) - Global results retrieved in getEdges 0ms.
 INFO 2016-03-29 11:14:46,266 [main] (Eval.java:2158) - 
	Get EDGE in 0ms.  
	FOR EDGE{?departement igeo:nom ?nom}

 INFO 2016-03-29 11:14:46,266 [main] (ParallelMetaProducerLessBlocking.java:61) - Searching for edge : ?departement igeo:nom ?nom
 INFO 2016-03-29 11:14:46,267 [main] (ParallelMetaProducerLessBlocking.java:193) - Global results retrieved in getEdges 0ms.
 INFO 2016-03-29 11:14:46,267 [main] (Eval.java:2158) - 
	Get EDGE in 1ms.  
	FOR EDGE{?departement igeo:nom ?nom}

 INFO 2016-03-29 11:14:46,267 [main] (ParallelMetaProducerLessBlocking.java:61) - Searching for edge : ?departement igeo:nom ?nom
 INFO 2016-03-29 11:14:46,267 [main] (ParallelMetaProducerLessBlocking.java:193) - Global results retrieved in getEdges 0ms.
 INFO 2016-03-29 11:14:46,267 [main] (Eval.java:2158) - 
	Get EDGE in 0ms.  
	FOR EDGE{?departement igeo:nom ?nom}

 INFO 2016-03-29 11:14:46,268 [main] (ParallelMetaProducerLessBlocking.java:61) - Searching for edge : ?departement igeo:nom ?nom
 INFO 2016-03-29 11:14:46,268 [main] (ParallelMetaProducerLessBlocking.java:193) - Global results retrieved in getEdges 0ms.
 INFO 2016-03-29 11:14:46,268 [main] (Eval.java:2158) - 
	Get EDGE in 0ms.  
	FOR EDGE{?departement igeo:nom ?nom}

 INFO 2016-03-29 11:14:46,268 [main] (ParallelMetaProducerLessBlocking.java:61) - Searching for edge : ?departement igeo:nom ?nom
 INFO 2016-03-29 11:14:46,268 [main] (ParallelMetaProducerLessBlocking.java:193) - Global results retrieved in getEdges 0ms.
 INFO 2016-03-29 11:14:46,269 [main] (Eval.java:2158) - 
	Get EDGE in 1ms.  
	FOR EDGE{?departement igeo:nom ?nom}

 INFO 2016-03-29 11:14:46,269 [main] (ParallelMetaProducerLessBlocking.java:61) - Searching for edge : ?departement igeo:nom ?nom
 INFO 2016-03-29 11:14:46,269 [main] (ParallelMetaProducerLessBlocking.java:193) - Global results retrieved in getEdges 0ms.
 INFO 2016-03-29 11:14:46,269 [main] (Eval.java:2158) - 
	Get EDGE in 0ms.  
	FOR EDGE{?departement igeo:nom ?nom}

 INFO 2016-03-29 11:14:46,270 [main] (ParallelMetaProducerLessBlocking.java:61) - Searching for edge : ?departement igeo:nom ?nom
 INFO 2016-03-29 11:14:46,270 [main] (ParallelMetaProducerLessBlocking.java:193) - Global results retrieved in getEdges 0ms.
 INFO 2016-03-29 11:14:46,270 [main] (Eval.java:2158) - 
	Get EDGE in 1ms.  
	FOR EDGE{?departement igeo:nom ?nom}

 INFO 2016-03-29 11:14:46,270 [main] (Eval.java:2158) - 
	Get EDGE in 50ms.  
	FOR EDGE{?region igeo:subdivisionDirecte ?departement}

 INFO 2016-03-29 11:14:46,270 [main] (ParallelMetaProducerLessBlocking.java:61) - Searching for edge : ?region igeo:subdivisionDirecte ?departement
 INFO 2016-03-29 11:14:46,271 [pool-24-thread-1] (CallableResult.java:52) - CallableResult for GetEdge
 INFO 2016-03-29 11:14:46,271 [pool-24-thread-2] (CallableResult.java:52) - CallableResult for GetEdge
 INFO 2016-03-29 11:14:46,289 [pool-24-thread-2] (CallableResult.java:63) - Finished CallableResult in 18 ms.
 INFO 2016-03-29 11:14:46,295 [pool-24-thread-1] (CallableResult.java:63) - Finished CallableResult in 24 ms.
 INFO 2016-03-29 11:14:46,296 [main] (ParallelMetaProducerLessBlocking.java:193) - Global results retrieved in getEdges 25ms.
 INFO 2016-03-29 11:14:46,297 [main] (ParallelMetaProducerLessBlocking.java:61) - Searching for edge : ?departement igeo:nom ?nom
 INFO 2016-03-29 11:14:46,297 [main] (ParallelMetaProducerLessBlocking.java:193) - Global results retrieved in getEdges 0ms.
 INFO 2016-03-29 11:14:46,297 [main] (Eval.java:2158) - 
	Get EDGE in 0ms.  
	FOR EDGE{?departement igeo:nom ?nom}

 INFO 2016-03-29 11:14:46,297 [main] (ParallelMetaProducerLessBlocking.java:61) - Searching for edge : ?departement igeo:nom ?nom
 INFO 2016-03-29 11:14:46,297 [main] (ParallelMetaProducerLessBlocking.java:193) - Global results retrieved in getEdges 0ms.
 INFO 2016-03-29 11:14:46,298 [main] (Eval.java:2158) - 
	Get EDGE in 1ms.  
	FOR EDGE{?departement igeo:nom ?nom}

 INFO 2016-03-29 11:14:46,298 [main] (ParallelMetaProducerLessBlocking.java:61) - Searching for edge : ?departement igeo:nom ?nom
 INFO 2016-03-29 11:14:46,298 [main] (ParallelMetaProducerLessBlocking.java:193) - Global results retrieved in getEdges 0ms.
 INFO 2016-03-29 11:14:46,298 [main] (Eval.java:2158) - 
	Get EDGE in 0ms.  
	FOR EDGE{?departement igeo:nom ?nom}

 INFO 2016-03-29 11:14:46,299 [main] (ParallelMetaProducerLessBlocking.java:61) - Searching for edge : ?departement igeo:nom ?nom
 INFO 2016-03-29 11:14:46,299 [main] (ParallelMetaProducerLessBlocking.java:193) - Global results retrieved in getEdges 0ms.
 INFO 2016-03-29 11:14:46,299 [main] (Eval.java:2158) - 
	Get EDGE in 0ms.  
	FOR EDGE{?departement igeo:nom ?nom}

 INFO 2016-03-29 11:14:46,299 [main] (ParallelMetaProducerLessBlocking.java:61) - Searching for edge : ?departement igeo:nom ?nom
 INFO 2016-03-29 11:14:46,299 [main] (ParallelMetaProducerLessBlocking.java:193) - Global results retrieved in getEdges 0ms.
 INFO 2016-03-29 11:14:46,300 [main] (Eval.java:2158) - 
	Get EDGE in 1ms.  
	FOR EDGE{?departement igeo:nom ?nom}

 INFO 2016-03-29 11:14:46,300 [main] (ParallelMetaProducerLessBlocking.java:61) - Searching for edge : ?departement igeo:nom ?nom
 INFO 2016-03-29 11:14:46,300 [main] (ParallelMetaProducerLessBlocking.java:193) - Global results retrieved in getEdges 0ms.
 INFO 2016-03-29 11:14:46,300 [main] (Eval.java:2158) - 
	Get EDGE in 0ms.  
	FOR EDGE{?departement igeo:nom ?nom}

 INFO 2016-03-29 11:14:46,300 [main] (ParallelMetaProducerLessBlocking.java:61) - Searching for edge : ?departement igeo:nom ?nom
 INFO 2016-03-29 11:14:46,300 [main] (ParallelMetaProducerLessBlocking.java:193) - Global results retrieved in getEdges 0ms.
 INFO 2016-03-29 11:14:46,301 [main] (Eval.java:2158) - 
	Get EDGE in 1ms.  
	FOR EDGE{?departement igeo:nom ?nom}

 INFO 2016-03-29 11:14:46,301 [main] (ParallelMetaProducerLessBlocking.java:61) - Searching for edge : ?departement igeo:nom ?nom
 INFO 2016-03-29 11:14:46,301 [main] (ParallelMetaProducerLessBlocking.java:193) - Global results retrieved in getEdges 0ms.
 INFO 2016-03-29 11:14:46,301 [main] (Eval.java:2158) - 
	Get EDGE in 0ms.  
	FOR EDGE{?departement igeo:nom ?nom}

 INFO 2016-03-29 11:14:46,301 [main] (Eval.java:2158) - 
	Get EDGE in 31ms.  
	FOR EDGE{?region igeo:subdivisionDirecte ?departement}

 INFO 2016-03-29 11:14:46,302 [main] (ParallelMetaProducerLessBlocking.java:61) - Searching for edge : ?region igeo:subdivisionDirecte ?departement
 INFO 2016-03-29 11:14:46,302 [pool-33-thread-1] (CallableResult.java:52) - CallableResult for GetEdge
 INFO 2016-03-29 11:14:46,302 [pool-33-thread-2] (CallableResult.java:52) - CallableResult for GetEdge
 INFO 2016-03-29 11:14:46,312 [pool-33-thread-1] (CallableResult.java:63) - Finished CallableResult in 10 ms.
 INFO 2016-03-29 11:14:46,314 [pool-33-thread-2] (CallableResult.java:63) - Finished CallableResult in 12 ms.
 INFO 2016-03-29 11:14:46,315 [main] (ParallelMetaProducerLessBlocking.java:193) - Global results retrieved in getEdges 13ms.
 INFO 2016-03-29 11:14:46,315 [main] (ParallelMetaProducerLessBlocking.java:61) - Searching for edge : ?departement igeo:nom ?nom
 INFO 2016-03-29 11:14:46,315 [main] (ParallelMetaProducerLessBlocking.java:193) - Global results retrieved in getEdges 0ms.
 INFO 2016-03-29 11:14:46,315 [main] (Eval.java:2158) - 
	Get EDGE in 0ms.  
	FOR EDGE{?departement igeo:nom ?nom}

 INFO 2016-03-29 11:14:46,316 [main] (ParallelMetaProducerLessBlocking.java:61) - Searching for edge : ?departement igeo:nom ?nom
 INFO 2016-03-29 11:14:46,316 [main] (ParallelMetaProducerLessBlocking.java:193) - Global results retrieved in getEdges 0ms.
 INFO 2016-03-29 11:14:46,316 [main] (Eval.java:2158) - 
	Get EDGE in 0ms.  
	FOR EDGE{?departement igeo:nom ?nom}

 INFO 2016-03-29 11:14:46,316 [main] (ParallelMetaProducerLessBlocking.java:61) - Searching for edge : ?departement igeo:nom ?nom
 INFO 2016-03-29 11:14:46,316 [main] (ParallelMetaProducerLessBlocking.java:193) - Global results retrieved in getEdges 0ms.
 INFO 2016-03-29 11:14:46,317 [main] (Eval.java:2158) - 
	Get EDGE in 1ms.  
	FOR EDGE{?departement igeo:nom ?nom}

 INFO 2016-03-29 11:14:46,317 [main] (ParallelMetaProducerLessBlocking.java:61) - Searching for edge : ?departement igeo:nom ?nom
 INFO 2016-03-29 11:14:46,317 [main] (ParallelMetaProducerLessBlocking.java:193) - Global results retrieved in getEdges 0ms.
 INFO 2016-03-29 11:14:46,317 [main] (Eval.java:2158) - 
	Get EDGE in 0ms.  
	FOR EDGE{?departement igeo:nom ?nom}

 INFO 2016-03-29 11:14:46,317 [main] (Eval.java:2158) - 
	Get EDGE in 15ms.  
	FOR EDGE{?region igeo:subdivisionDirecte ?departement}

 INFO 2016-03-29 11:14:46,317 [main] (ParallelMetaProducerLessBlocking.java:61) - Searching for edge : ?region igeo:subdivisionDirecte ?departement
 INFO 2016-03-29 11:14:46,318 [pool-38-thread-1] (CallableResult.java:52) - CallableResult for GetEdge
 INFO 2016-03-29 11:14:46,318 [pool-38-thread-2] (CallableResult.java:52) - CallableResult for GetEdge
 INFO 2016-03-29 11:14:46,329 [pool-38-thread-2] (CallableResult.java:63) - Finished CallableResult in 11 ms.
 INFO 2016-03-29 11:14:46,332 [pool-38-thread-1] (CallableResult.java:63) - Finished CallableResult in 14 ms.
 INFO 2016-03-29 11:14:46,333 [main] (ParallelMetaProducerLessBlocking.java:193) - Global results retrieved in getEdges 15ms.
 INFO 2016-03-29 11:14:46,333 [main] (ParallelMetaProducerLessBlocking.java:61) - Searching for edge : ?departement igeo:nom ?nom
 INFO 2016-03-29 11:14:46,333 [main] (ParallelMetaProducerLessBlocking.java:193) - Global results retrieved in getEdges 0ms.
 INFO 2016-03-29 11:14:46,333 [main] (Eval.java:2158) - 
	Get EDGE in 0ms.  
	FOR EDGE{?departement igeo:nom ?nom}

 INFO 2016-03-29 11:14:46,334 [main] (ParallelMetaProducerLessBlocking.java:61) - Searching for edge : ?departement igeo:nom ?nom
 INFO 2016-03-29 11:14:46,334 [main] (ParallelMetaProducerLessBlocking.java:193) - Global results retrieved in getEdges 0ms.
 INFO 2016-03-29 11:14:46,334 [main] (Eval.java:2158) - 
	Get EDGE in 0ms.  
	FOR EDGE{?departement igeo:nom ?nom}

 INFO 2016-03-29 11:14:46,334 [main] (ParallelMetaProducerLessBlocking.java:61) - Searching for edge : ?departement igeo:nom ?nom
 INFO 2016-03-29 11:14:46,334 [main] (ParallelMetaProducerLessBlocking.java:193) - Global results retrieved in getEdges 0ms.
 INFO 2016-03-29 11:14:46,334 [main] (Eval.java:2158) - 
	Get EDGE in 0ms.  
	FOR EDGE{?departement igeo:nom ?nom}

 INFO 2016-03-29 11:14:46,335 [main] (ParallelMetaProducerLessBlocking.java:61) - Searching for edge : ?departement igeo:nom ?nom
 INFO 2016-03-29 11:14:46,335 [main] (ParallelMetaProducerLessBlocking.java:193) - Global results retrieved in getEdges 0ms.
 INFO 2016-03-29 11:14:46,335 [main] (Eval.java:2158) - 
	Get EDGE in 0ms.  
	FOR EDGE{?departement igeo:nom ?nom}

 INFO 2016-03-29 11:14:46,335 [main] (ParallelMetaProducerLessBlocking.java:61) - Searching for edge : ?departement igeo:nom ?nom
 INFO 2016-03-29 11:14:46,336 [main] (ParallelMetaProducerLessBlocking.java:193) - Global results retrieved in getEdges 0ms.
 INFO 2016-03-29 11:14:46,336 [main] (Eval.java:2158) - 
	Get EDGE in 1ms.  
	FOR EDGE{?departement igeo:nom ?nom}

 INFO 2016-03-29 11:14:46,336 [main] (Eval.java:2158) - 
	Get EDGE in 19ms.  
	FOR EDGE{?region igeo:subdivisionDirecte ?departement}

 INFO 2016-03-29 11:14:46,336 [main] (ParallelMetaProducerLessBlocking.java:61) - Searching for edge : ?region igeo:subdivisionDirecte ?departement
 INFO 2016-03-29 11:14:46,337 [pool-44-thread-1] (CallableResult.java:52) - CallableResult for GetEdge
 INFO 2016-03-29 11:14:46,337 [pool-44-thread-2] (CallableResult.java:52) - CallableResult for GetEdge
 INFO 2016-03-29 11:14:46,348 [pool-44-thread-2] (CallableResult.java:63) - Finished CallableResult in 11 ms.
 INFO 2016-03-29 11:14:46,350 [pool-44-thread-1] (CallableResult.java:63) - Finished CallableResult in 13 ms.
 INFO 2016-03-29 11:14:46,351 [main] (ParallelMetaProducerLessBlocking.java:193) - Global results retrieved in getEdges 14ms.
 INFO 2016-03-29 11:14:46,351 [main] (ParallelMetaProducerLessBlocking.java:61) - Searching for edge : ?departement igeo:nom ?nom
 INFO 2016-03-29 11:14:46,351 [main] (ParallelMetaProducerLessBlocking.java:193) - Global results retrieved in getEdges 0ms.
 INFO 2016-03-29 11:14:46,351 [main] (Eval.java:2158) - 
	Get EDGE in 0ms.  
	FOR EDGE{?departement igeo:nom ?nom}

 INFO 2016-03-29 11:14:46,352 [main] (ParallelMetaProducerLessBlocking.java:61) - Searching for edge : ?departement igeo:nom ?nom
 INFO 2016-03-29 11:14:46,352 [main] (ParallelMetaProducerLessBlocking.java:193) - Global results retrieved in getEdges 0ms.
 INFO 2016-03-29 11:14:46,352 [main] (Eval.java:2158) - 
	Get EDGE in 0ms.  
	FOR EDGE{?departement igeo:nom ?nom}

 INFO 2016-03-29 11:14:46,352 [main] (ParallelMetaProducerLessBlocking.java:61) - Searching for edge : ?departement igeo:nom ?nom
 INFO 2016-03-29 11:14:46,352 [main] (ParallelMetaProducerLessBlocking.java:193) - Global results retrieved in getEdges 0ms.
 INFO 2016-03-29 11:14:46,353 [main] (Eval.java:2158) - 
	Get EDGE in 1ms.  
	FOR EDGE{?departement igeo:nom ?nom}

 INFO 2016-03-29 11:14:46,353 [main] (ParallelMetaProducerLessBlocking.java:61) - Searching for edge : ?departement igeo:nom ?nom
 INFO 2016-03-29 11:14:46,353 [main] (ParallelMetaProducerLessBlocking.java:193) - Global results retrieved in getEdges 0ms.
 INFO 2016-03-29 11:14:46,353 [main] (Eval.java:2158) - 
	Get EDGE in 0ms.  
	FOR EDGE{?departement igeo:nom ?nom}

 INFO 2016-03-29 11:14:46,353 [main] (Eval.java:2158) - 
	Get EDGE in 17ms.  
	FOR EDGE{?region igeo:subdivisionDirecte ?departement}

 INFO 2016-03-29 11:14:46,353 [main] (ParallelMetaProducerLessBlocking.java:61) - Searching for edge : ?region igeo:subdivisionDirecte ?departement
 INFO 2016-03-29 11:14:46,354 [pool-49-thread-1] (CallableResult.java:52) - CallableResult for GetEdge
 INFO 2016-03-29 11:14:46,355 [pool-49-thread-2] (CallableResult.java:52) - CallableResult for GetEdge
 INFO 2016-03-29 11:14:46,365 [pool-49-thread-2] (CallableResult.java:63) - Finished CallableResult in 10 ms.
 INFO 2016-03-29 11:14:46,365 [pool-49-thread-1] (CallableResult.java:63) - Finished CallableResult in 11 ms.
 INFO 2016-03-29 11:14:46,366 [main] (ParallelMetaProducerLessBlocking.java:193) - Global results retrieved in getEdges 11ms.
 INFO 2016-03-29 11:14:46,366 [main] (ParallelMetaProducerLessBlocking.java:61) - Searching for edge : ?departement igeo:nom ?nom
 INFO 2016-03-29 11:14:46,366 [main] (ParallelMetaProducerLessBlocking.java:193) - Global results retrieved in getEdges 0ms.
 INFO 2016-03-29 11:14:46,366 [main] (Eval.java:2158) - 
	Get EDGE in 0ms.  
	FOR EDGE{?departement igeo:nom ?nom}

 INFO 2016-03-29 11:14:46,367 [main] (ParallelMetaProducerLessBlocking.java:61) - Searching for edge : ?departement igeo:nom ?nom
 INFO 2016-03-29 11:14:46,367 [main] (ParallelMetaProducerLessBlocking.java:193) - Global results retrieved in getEdges 0ms.
 INFO 2016-03-29 11:14:46,367 [main] (Eval.java:2158) - 
	Get EDGE in 0ms.  
	FOR EDGE{?departement igeo:nom ?nom}

 INFO 2016-03-29 11:14:46,367 [main] (ParallelMetaProducerLessBlocking.java:61) - Searching for edge : ?departement igeo:nom ?nom
 INFO 2016-03-29 11:14:46,367 [main] (ParallelMetaProducerLessBlocking.java:193) - Global results retrieved in getEdges 0ms.
 INFO 2016-03-29 11:14:46,368 [main] (Eval.java:2158) - 
	Get EDGE in 1ms.  
	FOR EDGE{?departement igeo:nom ?nom}

 INFO 2016-03-29 11:14:46,368 [main] (Eval.java:2158) - 
	Get EDGE in 15ms.  
	FOR EDGE{?region igeo:subdivisionDirecte ?departement}

 INFO 2016-03-29 11:14:46,368 [main] (ParallelMetaProducerLessBlocking.java:61) - Searching for edge : ?region igeo:subdivisionDirecte ?departement
 INFO 2016-03-29 11:14:46,368 [pool-53-thread-1] (CallableResult.java:52) - CallableResult for GetEdge
 INFO 2016-03-29 11:14:46,375 [pool-53-thread-2] (CallableResult.java:52) - CallableResult for GetEdge
 INFO 2016-03-29 11:14:46,385 [pool-53-thread-1] (CallableResult.java:63) - Finished CallableResult in 17 ms.
 INFO 2016-03-29 11:14:46,393 [pool-53-thread-2] (CallableResult.java:63) - Finished CallableResult in 18 ms.
 INFO 2016-03-29 11:14:46,394 [main] (ParallelMetaProducerLessBlocking.java:193) - Global results retrieved in getEdges 19ms.
 INFO 2016-03-29 11:14:46,395 [main] (ParallelMetaProducerLessBlocking.java:61) - Searching for edge : ?departement igeo:nom ?nom
 INFO 2016-03-29 11:14:46,395 [main] (ParallelMetaProducerLessBlocking.java:193) - Global results retrieved in getEdges 0ms.
 INFO 2016-03-29 11:14:46,395 [main] (Eval.java:2158) - 
	Get EDGE in 0ms.  
	FOR EDGE{?departement igeo:nom ?nom}

 INFO 2016-03-29 11:14:46,396 [main] (ParallelMetaProducerLessBlocking.java:61) - Searching for edge : ?departement igeo:nom ?nom
 INFO 2016-03-29 11:14:46,396 [main] (ParallelMetaProducerLessBlocking.java:193) - Global results retrieved in getEdges 0ms.
 INFO 2016-03-29 11:14:46,396 [main] (Eval.java:2158) - 
	Get EDGE in 0ms.  
	FOR EDGE{?departement igeo:nom ?nom}

 INFO 2016-03-29 11:14:46,396 [main] (ParallelMetaProducerLessBlocking.java:61) - Searching for edge : ?departement igeo:nom ?nom
 INFO 2016-03-29 11:14:46,397 [main] (ParallelMetaProducerLessBlocking.java:193) - Global results retrieved in getEdges 0ms.
 INFO 2016-03-29 11:14:46,397 [main] (Eval.java:2158) - 
	Get EDGE in 1ms.  
	FOR EDGE{?departement igeo:nom ?nom}

 INFO 2016-03-29 11:14:46,397 [main] (ParallelMetaProducerLessBlocking.java:61) - Searching for edge : ?departement igeo:nom ?nom
 INFO 2016-03-29 11:14:46,397 [main] (ParallelMetaProducerLessBlocking.java:193) - Global results retrieved in getEdges 0ms.
 INFO 2016-03-29 11:14:46,398 [main] (Eval.java:2158) - 
	Get EDGE in 1ms.  
	FOR EDGE{?departement igeo:nom ?nom}

 INFO 2016-03-29 11:14:46,398 [main] (ParallelMetaProducerLessBlocking.java:61) - Searching for edge : ?departement igeo:nom ?nom
 INFO 2016-03-29 11:14:46,398 [main] (ParallelMetaProducerLessBlocking.java:193) - Global results retrieved in getEdges 0ms.
 INFO 2016-03-29 11:14:46,399 [main] (Eval.java:2158) - 
	Get EDGE in 1ms.  
	FOR EDGE{?departement igeo:nom ?nom}

 INFO 2016-03-29 11:14:46,399 [main] (ParallelMetaProducerLessBlocking.java:61) - Searching for edge : ?departement igeo:nom ?nom
 INFO 2016-03-29 11:14:46,399 [main] (ParallelMetaProducerLessBlocking.java:193) - Global results retrieved in getEdges 0ms.
 INFO 2016-03-29 11:14:46,399 [main] (Eval.java:2158) - 
	Get EDGE in 0ms.  
	FOR EDGE{?departement igeo:nom ?nom}

 INFO 2016-03-29 11:14:46,400 [main] (Eval.java:2158) - 
	Get EDGE in 32ms.  
	FOR EDGE{?region igeo:subdivisionDirecte ?departement}

 INFO 2016-03-29 11:14:46,400 [main] (ParallelMetaProducerLessBlocking.java:61) - Searching for edge : ?region igeo:subdivisionDirecte ?departement
 INFO 2016-03-29 11:14:46,401 [pool-60-thread-1] (CallableResult.java:52) - CallableResult for GetEdge
 INFO 2016-03-29 11:14:46,401 [pool-60-thread-2] (CallableResult.java:52) - CallableResult for GetEdge
 INFO 2016-03-29 11:14:46,409 [pool-60-thread-1] (CallableResult.java:63) - Finished CallableResult in 8 ms.
 INFO 2016-03-29 11:14:46,409 [pool-60-thread-2] (CallableResult.java:63) - Finished CallableResult in 8 ms.
 INFO 2016-03-29 11:14:46,410 [main] (ParallelMetaProducerLessBlocking.java:193) - Global results retrieved in getEdges 9ms.
 INFO 2016-03-29 11:14:46,410 [main] (ParallelMetaProducerLessBlocking.java:61) - Searching for edge : ?departement igeo:nom ?nom
 INFO 2016-03-29 11:14:46,410 [main] (ParallelMetaProducerLessBlocking.java:193) - Global results retrieved in getEdges 0ms.
 INFO 2016-03-29 11:14:46,410 [main] (Eval.java:2158) - 
	Get EDGE in 0ms.  
	FOR EDGE{?departement igeo:nom ?nom}

 INFO 2016-03-29 11:14:46,411 [main] (ParallelMetaProducerLessBlocking.java:61) - Searching for edge : ?departement igeo:nom ?nom
 INFO 2016-03-29 11:14:46,411 [main] (ParallelMetaProducerLessBlocking.java:193) - Global results retrieved in getEdges 0ms.
 INFO 2016-03-29 11:14:46,411 [main] (Eval.java:2158) - 
	Get EDGE in 0ms.  
	FOR EDGE{?departement igeo:nom ?nom}

 INFO 2016-03-29 11:14:46,411 [main] (Eval.java:2158) - 
	Get EDGE in 11ms.  
	FOR EDGE{?region igeo:subdivisionDirecte ?departement}

 INFO 2016-03-29 11:14:46,411 [main] (ParallelMetaProducerLessBlocking.java:61) - Searching for edge : ?region igeo:subdivisionDirecte ?departement
 INFO 2016-03-29 11:14:46,412 [pool-63-thread-2] (CallableResult.java:52) - CallableResult for GetEdge
 INFO 2016-03-29 11:14:46,412 [pool-63-thread-1] (CallableResult.java:52) - CallableResult for GetEdge
 INFO 2016-03-29 11:14:46,421 [pool-63-thread-2] (CallableResult.java:63) - Finished CallableResult in 8 ms.
 INFO 2016-03-29 11:14:46,423 [pool-63-thread-1] (CallableResult.java:63) - Finished CallableResult in 11 ms.
 INFO 2016-03-29 11:14:46,424 [main] (ParallelMetaProducerLessBlocking.java:193) - Global results retrieved in getEdges 12ms.
 INFO 2016-03-29 11:14:46,429 [main] (ParallelMetaProducerLessBlocking.java:61) - Searching for edge : ?departement igeo:nom ?nom
 INFO 2016-03-29 11:14:46,429 [main] (ParallelMetaProducerLessBlocking.java:193) - Global results retrieved in getEdges 0ms.
 INFO 2016-03-29 11:14:46,429 [main] (Eval.java:2158) - 
	Get EDGE in 5ms.  
	FOR EDGE{?departement igeo:nom ?nom}

 INFO 2016-03-29 11:14:46,429 [main] (ParallelMetaProducerLessBlocking.java:61) - Searching for edge : ?departement igeo:nom ?nom
 INFO 2016-03-29 11:14:46,430 [main] (ParallelMetaProducerLessBlocking.java:193) - Global results retrieved in getEdges 1ms.
 INFO 2016-03-29 11:14:46,430 [main] (Eval.java:2158) - 
	Get EDGE in 1ms.  
	FOR EDGE{?departement igeo:nom ?nom}

 INFO 2016-03-29 11:14:46,430 [main] (ParallelMetaProducerLessBlocking.java:61) - Searching for edge : ?departement igeo:nom ?nom
 INFO 2016-03-29 11:14:46,430 [main] (ParallelMetaProducerLessBlocking.java:193) - Global results retrieved in getEdges 0ms.
 INFO 2016-03-29 11:14:46,430 [main] (Eval.java:2158) - 
	Get EDGE in 0ms.  
	FOR EDGE{?departement igeo:nom ?nom}

 INFO 2016-03-29 11:14:46,430 [main] (ParallelMetaProducerLessBlocking.java:61) - Searching for edge : ?departement igeo:nom ?nom
 INFO 2016-03-29 11:14:46,430 [main] (ParallelMetaProducerLessBlocking.java:193) - Global results retrieved in getEdges 0ms.
 INFO 2016-03-29 11:14:46,431 [main] (Eval.java:2158) - 
	Get EDGE in 1ms.  
	FOR EDGE{?departement igeo:nom ?nom}

 INFO 2016-03-29 11:14:46,431 [main] (Eval.java:2158) - 
	Get EDGE in 20ms.  
	FOR EDGE{?region igeo:subdivisionDirecte ?departement}

 INFO 2016-03-29 11:14:46,431 [main] (ParallelMetaProducerLessBlocking.java:61) - Searching for edge : ?region igeo:subdivisionDirecte ?departement
 INFO 2016-03-29 11:14:46,431 [pool-68-thread-1] (CallableResult.java:52) - CallableResult for GetEdge
 INFO 2016-03-29 11:14:46,431 [pool-68-thread-2] (CallableResult.java:52) - CallableResult for GetEdge
 INFO 2016-03-29 11:14:46,441 [pool-68-thread-2] (CallableResult.java:63) - Finished CallableResult in 10 ms.
 INFO 2016-03-29 11:14:46,443 [pool-68-thread-1] (CallableResult.java:63) - Finished CallableResult in 12 ms.
 INFO 2016-03-29 11:14:46,443 [main] (ParallelMetaProducerLessBlocking.java:193) - Global results retrieved in getEdges 12ms.
 INFO 2016-03-29 11:14:46,444 [main] (ParallelMetaProducerLessBlocking.java:61) - Searching for edge : ?departement igeo:nom ?nom
 INFO 2016-03-29 11:14:46,444 [main] (ParallelMetaProducerLessBlocking.java:193) - Global results retrieved in getEdges 0ms.
 INFO 2016-03-29 11:14:46,444 [main] (Eval.java:2158) - 
	Get EDGE in 0ms.  
	FOR EDGE{?departement igeo:nom ?nom}

 INFO 2016-03-29 11:14:46,444 [main] (ParallelMetaProducerLessBlocking.java:61) - Searching for edge : ?departement igeo:nom ?nom
 INFO 2016-03-29 11:14:46,444 [main] (ParallelMetaProducerLessBlocking.java:193) - Global results retrieved in getEdges 0ms.
 INFO 2016-03-29 11:14:46,444 [main] (Eval.java:2158) - 
	Get EDGE in 0ms.  
	FOR EDGE{?departement igeo:nom ?nom}

 INFO 2016-03-29 11:14:46,445 [main] (ParallelMetaProducerLessBlocking.java:61) - Searching for edge : ?departement igeo:nom ?nom
 INFO 2016-03-29 11:14:46,445 [main] (ParallelMetaProducerLessBlocking.java:193) - Global results retrieved in getEdges 0ms.
 INFO 2016-03-29 11:14:46,445 [main] (Eval.java:2158) - 
	Get EDGE in 0ms.  
	FOR EDGE{?departement igeo:nom ?nom}

 INFO 2016-03-29 11:14:46,445 [main] (ParallelMetaProducerLessBlocking.java:61) - Searching for edge : ?departement igeo:nom ?nom
 INFO 2016-03-29 11:14:46,445 [main] (ParallelMetaProducerLessBlocking.java:193) - Global results retrieved in getEdges 0ms.
 INFO 2016-03-29 11:14:46,446 [main] (Eval.java:2158) - 
	Get EDGE in 1ms.  
	FOR EDGE{?departement igeo:nom ?nom}

 INFO 2016-03-29 11:14:46,446 [main] (Eval.java:2158) - 
	Get EDGE in 15ms.  
	FOR EDGE{?region igeo:subdivisionDirecte ?departement}

 INFO 2016-03-29 11:14:46,446 [main] (ParallelMetaProducerLessBlocking.java:61) - Searching for edge : ?region igeo:subdivisionDirecte ?departement
 INFO 2016-03-29 11:14:46,446 [pool-73-thread-1] (CallableResult.java:52) - CallableResult for GetEdge
 INFO 2016-03-29 11:14:46,446 [pool-73-thread-2] (CallableResult.java:52) - CallableResult for GetEdge
 INFO 2016-03-29 11:14:46,457 [pool-73-thread-1] (CallableResult.java:63) - Finished CallableResult in 11 ms.
 INFO 2016-03-29 11:14:46,457 [pool-73-thread-2] (CallableResult.java:63) - Finished CallableResult in 11 ms.
 INFO 2016-03-29 11:14:46,457 [main] (ParallelMetaProducerLessBlocking.java:193) - Global results retrieved in getEdges 11ms.
 INFO 2016-03-29 11:14:46,458 [main] (ParallelMetaProducerLessBlocking.java:61) - Searching for edge : ?departement igeo:nom ?nom
 INFO 2016-03-29 11:14:46,458 [main] (ParallelMetaProducerLessBlocking.java:193) - Global results retrieved in getEdges 0ms.
 INFO 2016-03-29 11:14:46,458 [main] (Eval.java:2158) - 
	Get EDGE in 1ms.  
	FOR EDGE{?departement igeo:nom ?nom}

 INFO 2016-03-29 11:14:46,458 [main] (ParallelMetaProducerLessBlocking.java:61) - Searching for edge : ?departement igeo:nom ?nom
 INFO 2016-03-29 11:14:46,458 [main] (ParallelMetaProducerLessBlocking.java:193) - Global results retrieved in getEdges 0ms.
 INFO 2016-03-29 11:14:46,458 [main] (Eval.java:2158) - 
	Get EDGE in 0ms.  
	FOR EDGE{?departement igeo:nom ?nom}

 INFO 2016-03-29 11:14:46,458 [main] (ParallelMetaProducerLessBlocking.java:61) - Searching for edge : ?departement igeo:nom ?nom
 INFO 2016-03-29 11:14:46,459 [main] (ParallelMetaProducerLessBlocking.java:193) - Global results retrieved in getEdges 0ms.
 INFO 2016-03-29 11:14:46,459 [main] (Eval.java:2158) - 
	Get EDGE in 1ms.  
	FOR EDGE{?departement igeo:nom ?nom}

 INFO 2016-03-29 11:14:46,459 [main] (Eval.java:2158) - 
	Get EDGE in 13ms.  
	FOR EDGE{?region igeo:subdivisionDirecte ?departement}

 INFO 2016-03-29 11:14:46,459 [main] (ParallelMetaProducerLessBlocking.java:61) - Searching for edge : ?region igeo:subdivisionDirecte ?departement
 INFO 2016-03-29 11:14:46,459 [pool-77-thread-1] (CallableResult.java:52) - CallableResult for GetEdge
 INFO 2016-03-29 11:14:46,459 [pool-77-thread-2] (CallableResult.java:52) - CallableResult for GetEdge
 INFO 2016-03-29 11:14:46,470 [pool-77-thread-1] (CallableResult.java:63) - Finished CallableResult in 11 ms.
 INFO 2016-03-29 11:14:46,470 [pool-77-thread-2] (CallableResult.java:63) - Finished CallableResult in 11 ms.
 INFO 2016-03-29 11:14:46,471 [main] (ParallelMetaProducerLessBlocking.java:193) - Global results retrieved in getEdges 12ms.
 INFO 2016-03-29 11:14:46,471 [main] (ParallelMetaProducerLessBlocking.java:61) - Searching for edge : ?departement igeo:nom ?nom
 INFO 2016-03-29 11:14:46,474 [main] (ParallelMetaProducerLessBlocking.java:193) - Global results retrieved in getEdges 0ms.
 INFO 2016-03-29 11:14:46,474 [main] (Eval.java:2158) - 
	Get EDGE in 3ms.  
	FOR EDGE{?departement igeo:nom ?nom}

 INFO 2016-03-29 11:14:46,474 [main] (ParallelMetaProducerLessBlocking.java:61) - Searching for edge : ?departement igeo:nom ?nom
 INFO 2016-03-29 11:14:46,475 [main] (ParallelMetaProducerLessBlocking.java:193) - Global results retrieved in getEdges 0ms.
 INFO 2016-03-29 11:14:46,475 [main] (Eval.java:2158) - 
	Get EDGE in 1ms.  
	FOR EDGE{?departement igeo:nom ?nom}

 INFO 2016-03-29 11:14:46,475 [main] (ParallelMetaProducerLessBlocking.java:61) - Searching for edge : ?departement igeo:nom ?nom
 INFO 2016-03-29 11:14:46,475 [main] (ParallelMetaProducerLessBlocking.java:193) - Global results retrieved in getEdges 0ms.
 INFO 2016-03-29 11:14:46,475 [main] (Eval.java:2158) - 
	Get EDGE in 0ms.  
	FOR EDGE{?departement igeo:nom ?nom}

 INFO 2016-03-29 11:14:46,475 [main] (ParallelMetaProducerLessBlocking.java:61) - Searching for edge : ?departement igeo:nom ?nom
 INFO 2016-03-29 11:14:46,476 [main] (ParallelMetaProducerLessBlocking.java:193) - Global results retrieved in getEdges 0ms.
 INFO 2016-03-29 11:14:46,476 [main] (Eval.java:2158) - 
	Get EDGE in 1ms.  
	FOR EDGE{?departement igeo:nom ?nom}

 INFO 2016-03-29 11:14:46,476 [main] (Eval.java:2158) - 
	Get EDGE in 17ms.  
	FOR EDGE{?region igeo:subdivisionDirecte ?departement}

 INFO 2016-03-29 11:14:46,476 [main] (ParallelMetaProducerLessBlocking.java:61) - Searching for edge : ?region igeo:subdivisionDirecte ?departement
 INFO 2016-03-29 11:14:46,477 [pool-82-thread-1] (CallableResult.java:52) - CallableResult for GetEdge
 INFO 2016-03-29 11:14:46,477 [pool-82-thread-2] (CallableResult.java:52) - CallableResult for GetEdge
 INFO 2016-03-29 11:14:46,487 [pool-82-thread-2] (CallableResult.java:63) - Finished CallableResult in 10 ms.
 INFO 2016-03-29 11:14:46,488 [pool-82-thread-1] (CallableResult.java:63) - Finished CallableResult in 11 ms.
 INFO 2016-03-29 11:14:46,489 [main] (ParallelMetaProducerLessBlocking.java:193) - Global results retrieved in getEdges 12ms.
 INFO 2016-03-29 11:14:46,489 [main] (ParallelMetaProducerLessBlocking.java:61) - Searching for edge : ?departement igeo:nom ?nom
 INFO 2016-03-29 11:14:46,489 [main] (ParallelMetaProducerLessBlocking.java:193) - Global results retrieved in getEdges 0ms.
 INFO 2016-03-29 11:14:46,490 [main] (Eval.java:2158) - 
	Get EDGE in 1ms.  
	FOR EDGE{?departement igeo:nom ?nom}

 INFO 2016-03-29 11:14:46,490 [main] (ParallelMetaProducerLessBlocking.java:61) - Searching for edge : ?departement igeo:nom ?nom
 INFO 2016-03-29 11:14:46,490 [main] (ParallelMetaProducerLessBlocking.java:193) - Global results retrieved in getEdges 0ms.
 INFO 2016-03-29 11:14:46,490 [main] (Eval.java:2158) - 
	Get EDGE in 0ms.  
	FOR EDGE{?departement igeo:nom ?nom}

 INFO 2016-03-29 11:14:46,490 [main] (ParallelMetaProducerLessBlocking.java:61) - Searching for edge : ?departement igeo:nom ?nom
 INFO 2016-03-29 11:14:46,490 [main] (ParallelMetaProducerLessBlocking.java:193) - Global results retrieved in getEdges 0ms.
 INFO 2016-03-29 11:14:46,490 [main] (Eval.java:2158) - 
	Get EDGE in 0ms.  
	FOR EDGE{?departement igeo:nom ?nom}

 INFO 2016-03-29 11:14:46,491 [main] (ParallelMetaProducerLessBlocking.java:61) - Searching for edge : ?departement igeo:nom ?nom
 INFO 2016-03-29 11:14:46,491 [main] (ParallelMetaProducerLessBlocking.java:193) - Global results retrieved in getEdges 0ms.
 INFO 2016-03-29 11:14:46,491 [main] (Eval.java:2158) - 
	Get EDGE in 0ms.  
	FOR EDGE{?departement igeo:nom ?nom}

 INFO 2016-03-29 11:14:46,491 [main] (ParallelMetaProducerLessBlocking.java:61) - Searching for edge : ?departement igeo:nom ?nom
 INFO 2016-03-29 11:14:46,491 [main] (ParallelMetaProducerLessBlocking.java:193) - Global results retrieved in getEdges 0ms.
 INFO 2016-03-29 11:14:46,491 [main] (Eval.java:2158) - 
	Get EDGE in 0ms.  
	FOR EDGE{?departement igeo:nom ?nom}

 INFO 2016-03-29 11:14:46,492 [main] (Eval.java:2158) - 
	Get EDGE in 16ms.  
	FOR EDGE{?region igeo:subdivisionDirecte ?departement}

 INFO 2016-03-29 11:14:46,492 [main] (ParallelMetaProducerLessBlocking.java:61) - Searching for edge : ?region igeo:subdivisionDirecte ?departement
 INFO 2016-03-29 11:14:46,492 [pool-88-thread-1] (CallableResult.java:52) - CallableResult for GetEdge
 INFO 2016-03-29 11:14:46,492 [pool-88-thread-2] (CallableResult.java:52) - CallableResult for GetEdge
 INFO 2016-03-29 11:14:46,504 [pool-88-thread-2] (CallableResult.java:63) - Finished CallableResult in 12 ms.
 INFO 2016-03-29 11:14:46,506 [pool-88-thread-1] (CallableResult.java:63) - Finished CallableResult in 14 ms.
 INFO 2016-03-29 11:14:46,507 [main] (ParallelMetaProducerLessBlocking.java:193) - Global results retrieved in getEdges 15ms.
 INFO 2016-03-29 11:14:46,508 [main] (ParallelMetaProducerLessBlocking.java:61) - Searching for edge : ?departement igeo:nom ?nom
 INFO 2016-03-29 11:14:46,508 [main] (ParallelMetaProducerLessBlocking.java:193) - Global results retrieved in getEdges 0ms.
 INFO 2016-03-29 11:14:46,508 [main] (Eval.java:2158) - 
	Get EDGE in 0ms.  
	FOR EDGE{?departement igeo:nom ?nom}

 INFO 2016-03-29 11:14:46,509 [main] (ParallelMetaProducerLessBlocking.java:61) - Searching for edge : ?departement igeo:nom ?nom
 INFO 2016-03-29 11:14:46,509 [main] (ParallelMetaProducerLessBlocking.java:193) - Global results retrieved in getEdges 0ms.
 INFO 2016-03-29 11:14:46,510 [main] (Eval.java:2158) - 
	Get EDGE in 1ms.  
	FOR EDGE{?departement igeo:nom ?nom}

 INFO 2016-03-29 11:14:46,510 [main] (ParallelMetaProducerLessBlocking.java:61) - Searching for edge : ?departement igeo:nom ?nom
 INFO 2016-03-29 11:14:46,510 [main] (ParallelMetaProducerLessBlocking.java:193) - Global results retrieved in getEdges 0ms.
 INFO 2016-03-29 11:14:46,510 [main] (Eval.java:2158) - 
	Get EDGE in 0ms.  
	FOR EDGE{?departement igeo:nom ?nom}

 INFO 2016-03-29 11:14:46,510 [main] (ParallelMetaProducerLessBlocking.java:61) - Searching for edge : ?departement igeo:nom ?nom
 INFO 2016-03-29 11:14:46,510 [main] (ParallelMetaProducerLessBlocking.java:193) - Global results retrieved in getEdges 0ms.
 INFO 2016-03-29 11:14:46,510 [main] (Eval.java:2158) - 
	Get EDGE in 0ms.  
	FOR EDGE{?departement igeo:nom ?nom}

 INFO 2016-03-29 11:14:46,511 [main] (Eval.java:2158) - 
	Get EDGE in 19ms.  
	FOR EDGE{?region igeo:subdivisionDirecte ?departement}

 INFO 2016-03-29 11:14:46,511 [main] (ParallelMetaProducerLessBlocking.java:61) - Searching for edge : ?region igeo:subdivisionDirecte ?departement
 INFO 2016-03-29 11:14:46,511 [pool-93-thread-1] (CallableResult.java:52) - CallableResult for GetEdge
 INFO 2016-03-29 11:14:46,512 [pool-93-thread-2] (CallableResult.java:52) - CallableResult for GetEdge
 INFO 2016-03-29 11:14:46,530 [pool-93-thread-2] (CallableResult.java:63) - Finished CallableResult in 18 ms.
 INFO 2016-03-29 11:14:46,538 [pool-93-thread-1] (CallableResult.java:63) - Finished CallableResult in 27 ms.
 INFO 2016-03-29 11:14:46,538 [main] (ParallelMetaProducerLessBlocking.java:193) - Global results retrieved in getEdges 22ms.
 INFO 2016-03-29 11:14:46,539 [main] (ParallelMetaProducerLessBlocking.java:61) - Searching for edge : ?departement igeo:nom ?nom
 INFO 2016-03-29 11:14:46,540 [main] (ParallelMetaProducerLessBlocking.java:193) - Global results retrieved in getEdges 0ms.
 INFO 2016-03-29 11:14:46,540 [main] (Eval.java:2158) - 
	Get EDGE in 1ms.  
	FOR EDGE{?departement igeo:nom ?nom}

 INFO 2016-03-29 11:14:46,540 [main] (ParallelMetaProducerLessBlocking.java:61) - Searching for edge : ?departement igeo:nom ?nom
 INFO 2016-03-29 11:14:46,540 [main] (ParallelMetaProducerLessBlocking.java:193) - Global results retrieved in getEdges 0ms.
 INFO 2016-03-29 11:14:46,540 [main] (Eval.java:2158) - 
	Get EDGE in 0ms.  
	FOR EDGE{?departement igeo:nom ?nom}

 INFO 2016-03-29 11:14:46,540 [main] (ParallelMetaProducerLessBlocking.java:61) - Searching for edge : ?departement igeo:nom ?nom
 INFO 2016-03-29 11:14:46,540 [main] (ParallelMetaProducerLessBlocking.java:193) - Global results retrieved in getEdges 0ms.
 INFO 2016-03-29 11:14:46,541 [main] (Eval.java:2158) - 
	Get EDGE in 1ms.  
	FOR EDGE{?departement igeo:nom ?nom}

 INFO 2016-03-29 11:14:46,541 [main] (ParallelMetaProducerLessBlocking.java:61) - Searching for edge : ?departement igeo:nom ?nom
 INFO 2016-03-29 11:14:46,541 [main] (ParallelMetaProducerLessBlocking.java:193) - Global results retrieved in getEdges 0ms.
 INFO 2016-03-29 11:14:46,541 [main] (Eval.java:2158) - 
	Get EDGE in 0ms.  
	FOR EDGE{?departement igeo:nom ?nom}

 INFO 2016-03-29 11:14:46,541 [main] (ParallelMetaProducerLessBlocking.java:61) - Searching for edge : ?departement igeo:nom ?nom
 INFO 2016-03-29 11:14:46,541 [main] (ParallelMetaProducerLessBlocking.java:193) - Global results retrieved in getEdges 0ms.
 INFO 2016-03-29 11:14:46,541 [main] (Eval.java:2158) - 
	Get EDGE in 0ms.  
	FOR EDGE{?departement igeo:nom ?nom}

 INFO 2016-03-29 11:14:46,542 [main] (ParallelMetaProducerLessBlocking.java:61) - Searching for edge : ?departement igeo:nom ?nom
 INFO 2016-03-29 11:14:46,542 [main] (ParallelMetaProducerLessBlocking.java:193) - Global results retrieved in getEdges 0ms.
 INFO 2016-03-29 11:14:46,542 [main] (Eval.java:2158) - 
	Get EDGE in 0ms.  
	FOR EDGE{?departement igeo:nom ?nom}

 INFO 2016-03-29 11:14:46,542 [main] (ParallelMetaProducerLessBlocking.java:61) - Searching for edge : ?departement igeo:nom ?nom
 INFO 2016-03-29 11:14:46,542 [main] (ParallelMetaProducerLessBlocking.java:193) - Global results retrieved in getEdges 0ms.
 INFO 2016-03-29 11:14:46,542 [main] (Eval.java:2158) - 
	Get EDGE in 0ms.  
	FOR EDGE{?departement igeo:nom ?nom}

 INFO 2016-03-29 11:14:46,543 [main] (ParallelMetaProducerLessBlocking.java:61) - Searching for edge : ?departement igeo:nom ?nom
 INFO 2016-03-29 11:14:46,543 [main] (ParallelMetaProducerLessBlocking.java:193) - Global results retrieved in getEdges 0ms.
 INFO 2016-03-29 11:14:46,543 [main] (Eval.java:2158) - 
	Get EDGE in 0ms.  
	FOR EDGE{?departement igeo:nom ?nom}

 INFO 2016-03-29 11:14:46,543 [main] (Eval.java:2158) - 
	Get EDGE in 32ms.  
	FOR EDGE{?region igeo:subdivisionDirecte ?departement}

 INFO 2016-03-29 11:14:46,543 [main] (ParallelMetaProducerLessBlocking.java:61) - Searching for edge : ?region igeo:subdivisionDirecte ?departement
 INFO 2016-03-29 11:14:46,545 [pool-102-thread-1] (CallableResult.java:52) - CallableResult for GetEdge
 INFO 2016-03-29 11:14:46,549 [pool-102-thread-2] (CallableResult.java:52) - CallableResult for GetEdge
 INFO 2016-03-29 11:14:46,553 [pool-102-thread-1] (CallableResult.java:63) - Finished CallableResult in 8 ms.
 INFO 2016-03-29 11:14:46,556 [pool-102-thread-2] (CallableResult.java:63) - Finished CallableResult in 7 ms.
 INFO 2016-03-29 11:14:46,560 [main] (ParallelMetaProducerLessBlocking.java:193) - Global results retrieved in getEdges 11ms.
 INFO 2016-03-29 11:14:46,560 [main] (ParallelMetaProducerLessBlocking.java:61) - Searching for edge : ?departement igeo:nom ?nom
 INFO 2016-03-29 11:14:46,560 [main] (ParallelMetaProducerLessBlocking.java:193) - Global results retrieved in getEdges 0ms.
 INFO 2016-03-29 11:14:46,560 [main] (Eval.java:2158) - 
	Get EDGE in 0ms.  
	FOR EDGE{?departement igeo:nom ?nom}

 INFO 2016-03-29 11:14:46,560 [main] (Eval.java:2158) - 
	Get EDGE in 17ms.  
	FOR EDGE{?region igeo:subdivisionDirecte ?departement}

 INFO 2016-03-29 11:14:46,561 [main] (ParallelMetaProducerLessBlocking.java:61) - Searching for edge : ?region igeo:subdivisionDirecte ?departement
 INFO 2016-03-29 11:14:46,566 [pool-104-thread-1] (CallableResult.java:52) - CallableResult for GetEdge
 INFO 2016-03-29 11:14:46,566 [pool-104-thread-2] (CallableResult.java:52) - CallableResult for GetEdge
 INFO 2016-03-29 11:14:46,577 [pool-104-thread-1] (CallableResult.java:63) - Finished CallableResult in 11 ms.
 INFO 2016-03-29 11:14:46,579 [pool-104-thread-2] (CallableResult.java:63) - Finished CallableResult in 13 ms.
 INFO 2016-03-29 11:14:46,579 [main] (ParallelMetaProducerLessBlocking.java:193) - Global results retrieved in getEdges 13ms.
 INFO 2016-03-29 11:14:46,579 [main] (ParallelMetaProducerLessBlocking.java:61) - Searching for edge : ?departement igeo:nom ?nom
 INFO 2016-03-29 11:14:46,579 [main] (ParallelMetaProducerLessBlocking.java:193) - Global results retrieved in getEdges 0ms.
 INFO 2016-03-29 11:14:46,579 [main] (Eval.java:2158) - 
	Get EDGE in 0ms.  
	FOR EDGE{?departement igeo:nom ?nom}

 INFO 2016-03-29 11:14:46,580 [main] (Eval.java:2158) - 
	Get EDGE in 19ms.  
	FOR EDGE{?region igeo:subdivisionDirecte ?departement}

 INFO 2016-03-29 11:14:46,580 [main] (ParallelMetaProducerLessBlocking.java:61) - Searching for edge : ?region igeo:subdivisionDirecte ?departement
 INFO 2016-03-29 11:14:46,580 [pool-106-thread-1] (CallableResult.java:52) - CallableResult for GetEdge
 INFO 2016-03-29 11:14:46,580 [pool-106-thread-2] (CallableResult.java:52) - CallableResult for GetEdge
 INFO 2016-03-29 11:14:46,585 [pool-106-thread-2] (CallableResult.java:63) - Finished CallableResult in 5 ms.
 INFO 2016-03-29 11:14:46,585 [pool-106-thread-1] (CallableResult.java:63) - Finished CallableResult in 5 ms.
 INFO 2016-03-29 11:14:46,585 [main] (ParallelMetaProducerLessBlocking.java:193) - Global results retrieved in getEdges 5ms.
 INFO 2016-03-29 11:14:46,586 [main] (ParallelMetaProducerLessBlocking.java:61) - Searching for edge : ?departement igeo:nom ?nom
 INFO 2016-03-29 11:14:46,586 [main] (ParallelMetaProducerLessBlocking.java:193) - Global results retrieved in getEdges 0ms.
 INFO 2016-03-29 11:14:46,586 [main] (Eval.java:2158) - 
	Get EDGE in 0ms.  
	FOR EDGE{?departement igeo:nom ?nom}

 INFO 2016-03-29 11:14:46,586 [main] (Eval.java:2158) - 
	Get EDGE in 6ms.  
	FOR EDGE{?region igeo:subdivisionDirecte ?departement}

 INFO 2016-03-29 11:14:46,586 [main] (ParallelMetaProducerLessBlocking.java:61) - Searching for edge : ?region igeo:subdivisionDirecte ?departement
 INFO 2016-03-29 11:14:46,586 [pool-108-thread-1] (CallableResult.java:52) - CallableResult for GetEdge
 INFO 2016-03-29 11:14:46,614 [pool-108-thread-2] (CallableResult.java:52) - CallableResult for GetEdge
 INFO 2016-03-29 11:14:46,620 [pool-108-thread-2] (CallableResult.java:63) - Finished CallableResult in 7 ms.
 INFO 2016-03-29 11:14:46,621 [pool-108-thread-1] (CallableResult.java:63) - Finished CallableResult in 35 ms.
 INFO 2016-03-29 11:14:46,622 [main] (ParallelMetaProducerLessBlocking.java:193) - Global results retrieved in getEdges 36ms.
 INFO 2016-03-29 11:14:46,622 [main] (ParallelMetaProducerLessBlocking.java:61) - Searching for edge : ?departement igeo:nom ?nom
 INFO 2016-03-29 11:14:46,622 [main] (ParallelMetaProducerLessBlocking.java:193) - Global results retrieved in getEdges 0ms.
 INFO 2016-03-29 11:14:46,622 [main] (Eval.java:2158) - 
	Get EDGE in 0ms.  
	FOR EDGE{?departement igeo:nom ?nom}

 INFO 2016-03-29 11:14:46,623 [main] (Eval.java:2158) - 
	Get EDGE in 37ms.  
	FOR EDGE{?region igeo:subdivisionDirecte ?departement}

 INFO 2016-03-29 11:14:46,623 [main] (ParallelMetaProducerLessBlocking.java:61) - Searching for edge : ?region igeo:subdivisionDirecte ?departement
 INFO 2016-03-29 11:14:46,624 [pool-110-thread-1] (CallableResult.java:52) - CallableResult for GetEdge
 INFO 2016-03-29 11:14:46,635 [pool-110-thread-2] (CallableResult.java:52) - CallableResult for GetEdge
 INFO 2016-03-29 11:14:46,638 [pool-110-thread-1] (CallableResult.java:63) - Finished CallableResult in 14 ms.
 INFO 2016-03-29 11:14:46,642 [pool-110-thread-2] (CallableResult.java:63) - Finished CallableResult in 7 ms.
 INFO 2016-03-29 11:14:46,643 [main] (ParallelMetaProducerLessBlocking.java:193) - Global results retrieved in getEdges 8ms.
 INFO 2016-03-29 11:14:46,643 [main] (ParallelMetaProducerLessBlocking.java:61) - Searching for edge : ?departement igeo:nom ?nom
 INFO 2016-03-29 11:14:46,644 [main] (ParallelMetaProducerLessBlocking.java:193) - Global results retrieved in getEdges 0ms.
 INFO 2016-03-29 11:14:46,644 [main] (Eval.java:2158) - 
	Get EDGE in 1ms.  
	FOR EDGE{?departement igeo:nom ?nom}

 INFO 2016-03-29 11:14:46,645 [main] (ParallelMetaProducerLessBlocking.java:61) - Searching for edge : ?departement igeo:nom ?nom
 INFO 2016-03-29 11:14:46,645 [main] (ParallelMetaProducerLessBlocking.java:193) - Global results retrieved in getEdges 0ms.
 INFO 2016-03-29 11:14:46,645 [main] (Eval.java:2158) - 
	Get EDGE in 0ms.  
	FOR EDGE{?departement igeo:nom ?nom}

 INFO 2016-03-29 11:14:46,645 [main] (Eval.java:2158) - 
	Get EDGE in 22ms.  
	FOR EDGE{?region igeo:subdivisionDirecte ?departement}

 INFO 2016-03-29 11:14:46,645 [main] (ParallelMetaProducerLessBlocking.java:61) - Searching for edge : ?region igeo:subdivisionDirecte ?departement
 INFO 2016-03-29 11:14:46,646 [pool-113-thread-1] (CallableResult.java:52) - CallableResult for GetEdge
 INFO 2016-03-29 11:14:46,646 [pool-113-thread-2] (CallableResult.java:52) - CallableResult for GetEdge
 INFO 2016-03-29 11:14:46,652 [pool-113-thread-1] (CallableResult.java:63) - Finished CallableResult in 6 ms.
 INFO 2016-03-29 11:14:46,654 [pool-113-thread-2] (CallableResult.java:63) - Finished CallableResult in 8 ms.
 INFO 2016-03-29 11:14:46,654 [main] (ParallelMetaProducerLessBlocking.java:193) - Global results retrieved in getEdges 8ms.
 INFO 2016-03-29 11:14:46,655 [main] (ParallelMetaProducerLessBlocking.java:61) - Searching for edge : ?departement igeo:nom ?nom
 INFO 2016-03-29 11:14:46,655 [main] (ParallelMetaProducerLessBlocking.java:193) - Global results retrieved in getEdges 0ms.
 INFO 2016-03-29 11:14:46,655 [main] (Eval.java:2158) - 
	Get EDGE in 0ms.  
	FOR EDGE{?departement igeo:nom ?nom}

 INFO 2016-03-29 11:14:46,655 [main] (Eval.java:2158) - 
	Get EDGE in 10ms.  
	FOR EDGE{?region igeo:subdivisionDirecte ?departement}

 INFO 2016-03-29 11:14:46,656 [main] (ParallelMetaProducerLessBlocking.java:61) - Searching for edge : ?region igeo:subdivisionDirecte ?departement
 INFO 2016-03-29 11:14:46,656 [pool-115-thread-1] (CallableResult.java:52) - CallableResult for GetEdge
 INFO 2016-03-29 11:14:46,656 [pool-115-thread-2] (CallableResult.java:52) - CallableResult for GetEdge
 INFO 2016-03-29 11:14:46,665 [pool-115-thread-1] (CallableResult.java:63) - Finished CallableResult in 9 ms.
 INFO 2016-03-29 11:14:46,669 [pool-115-thread-2] (CallableResult.java:63) - Finished CallableResult in 13 ms.
 INFO 2016-03-29 11:14:46,670 [main] (ParallelMetaProducerLessBlocking.java:193) - Global results retrieved in getEdges 14ms.
 INFO 2016-03-29 11:14:46,670 [main] (ParallelMetaProducerLessBlocking.java:61) - Searching for edge : ?departement igeo:nom ?nom
 INFO 2016-03-29 11:14:46,670 [main] (ParallelMetaProducerLessBlocking.java:193) - Global results retrieved in getEdges 0ms.
 INFO 2016-03-29 11:14:46,670 [main] (Eval.java:2158) - 
	Get EDGE in 0ms.  
	FOR EDGE{?departement igeo:nom ?nom}

 INFO 2016-03-29 11:14:46,670 [main] (ParallelMetaProducerLessBlocking.java:61) - Searching for edge : ?departement igeo:nom ?nom
 INFO 2016-03-29 11:14:46,670 [main] (ParallelMetaProducerLessBlocking.java:193) - Global results retrieved in getEdges 0ms.
 INFO 2016-03-29 11:14:46,671 [main] (Eval.java:2158) - 
	Get EDGE in 1ms.  
	FOR EDGE{?departement igeo:nom ?nom}

 INFO 2016-03-29 11:14:46,671 [main] (Eval.java:2158) - 
	Get EDGE in 15ms.  
	FOR EDGE{?region igeo:subdivisionDirecte ?departement}

 INFO 2016-03-29 11:14:46,671 [main] (ParallelMetaProducerLessBlocking.java:61) - Searching for edge : ?region igeo:subdivisionDirecte ?departement
 INFO 2016-03-29 11:14:46,671 [pool-118-thread-2] (CallableResult.java:52) - CallableResult for GetEdge
 INFO 2016-03-29 11:14:46,671 [pool-118-thread-1] (CallableResult.java:52) - CallableResult for GetEdge
 INFO 2016-03-29 11:14:46,685 [pool-118-thread-2] (CallableResult.java:63) - Finished CallableResult in 14 ms.
 INFO 2016-03-29 11:14:46,686 [pool-118-thread-1] (CallableResult.java:63) - Finished CallableResult in 15 ms.
 INFO 2016-03-29 11:14:46,686 [main] (ParallelMetaProducerLessBlocking.java:193) - Global results retrieved in getEdges 15ms.
 INFO 2016-03-29 11:14:46,687 [main] (ParallelMetaProducerLessBlocking.java:61) - Searching for edge : ?departement igeo:nom ?nom
 INFO 2016-03-29 11:14:46,687 [main] (ParallelMetaProducerLessBlocking.java:193) - Global results retrieved in getEdges 0ms.
 INFO 2016-03-29 11:14:46,687 [main] (Eval.java:2158) - 
	Get EDGE in 0ms.  
	FOR EDGE{?departement igeo:nom ?nom}

 INFO 2016-03-29 11:14:46,687 [main] (ParallelMetaProducerLessBlocking.java:61) - Searching for edge : ?departement igeo:nom ?nom
 INFO 2016-03-29 11:14:46,687 [main] (ParallelMetaProducerLessBlocking.java:193) - Global results retrieved in getEdges 0ms.
 INFO 2016-03-29 11:14:46,687 [main] (Eval.java:2158) - 
	Get EDGE in 0ms.  
	FOR EDGE{?departement igeo:nom ?nom}

 INFO 2016-03-29 11:14:46,687 [main] (ParallelMetaProducerLessBlocking.java:61) - Searching for edge : ?departement igeo:nom ?nom
 INFO 2016-03-29 11:14:46,688 [main] (ParallelMetaProducerLessBlocking.java:193) - Global results retrieved in getEdges 0ms.
 INFO 2016-03-29 11:14:46,688 [main] (Eval.java:2158) - 
	Get EDGE in 1ms.  
	FOR EDGE{?departement igeo:nom ?nom}

 INFO 2016-03-29 11:14:46,688 [main] (ParallelMetaProducerLessBlocking.java:61) - Searching for edge : ?departement igeo:nom ?nom
 INFO 2016-03-29 11:14:46,688 [main] (ParallelMetaProducerLessBlocking.java:193) - Global results retrieved in getEdges 0ms.
 INFO 2016-03-29 11:14:46,688 [main] (Eval.java:2158) - 
	Get EDGE in 0ms.  
	FOR EDGE{?departement igeo:nom ?nom}

 INFO 2016-03-29 11:14:46,688 [main] (ParallelMetaProducerLessBlocking.java:61) - Searching for edge : ?departement igeo:nom ?nom
 INFO 2016-03-29 11:14:46,688 [main] (ParallelMetaProducerLessBlocking.java:193) - Global results retrieved in getEdges 0ms.
 INFO 2016-03-29 11:14:46,689 [main] (Eval.java:2158) - 
	Get EDGE in 1ms.  
	FOR EDGE{?departement igeo:nom ?nom}

 INFO 2016-03-29 11:14:46,689 [main] (ParallelMetaProducerLessBlocking.java:61) - Searching for edge : ?departement igeo:nom ?nom
 INFO 2016-03-29 11:14:46,689 [main] (ParallelMetaProducerLessBlocking.java:193) - Global results retrieved in getEdges 0ms.
 INFO 2016-03-29 11:14:46,689 [main] (Eval.java:2158) - 
	Get EDGE in 0ms.  
	FOR EDGE{?departement igeo:nom ?nom}

 INFO 2016-03-29 11:14:46,689 [main] (Eval.java:2158) - 
	Get EDGE in 18ms.  
	FOR EDGE{?region igeo:subdivisionDirecte ?departement}

 INFO 2016-03-29 11:14:46,689 [main] (ParallelMetaProducerLessBlocking.java:61) - Searching for edge : ?region igeo:subdivisionDirecte ?departement
 INFO 2016-03-29 11:14:46,689 [pool-125-thread-1] (CallableResult.java:52) - CallableResult for GetEdge
 INFO 2016-03-29 11:14:46,689 [pool-125-thread-2] (CallableResult.java:52) - CallableResult for GetEdge
 INFO 2016-03-29 11:14:46,699 [pool-125-thread-2] (CallableResult.java:63) - Finished CallableResult in 10 ms.
 INFO 2016-03-29 11:14:46,705 [pool-125-thread-1] (CallableResult.java:63) - Finished CallableResult in 16 ms.
 INFO 2016-03-29 11:14:46,706 [main] (ParallelMetaProducerLessBlocking.java:193) - Global results retrieved in getEdges 17ms.
 INFO 2016-03-29 11:14:46,706 [main] (ParallelMetaProducerLessBlocking.java:61) - Searching for edge : ?departement igeo:nom ?nom
 INFO 2016-03-29 11:14:46,706 [main] (ParallelMetaProducerLessBlocking.java:193) - Global results retrieved in getEdges 0ms.
 INFO 2016-03-29 11:14:46,706 [main] (Eval.java:2158) - 
	Get EDGE in 0ms.  
	FOR EDGE{?departement igeo:nom ?nom}

 INFO 2016-03-29 11:14:46,706 [main] (ParallelMetaProducerLessBlocking.java:61) - Searching for edge : ?departement igeo:nom ?nom
 INFO 2016-03-29 11:14:46,707 [main] (ParallelMetaProducerLessBlocking.java:193) - Global results retrieved in getEdges 0ms.
 INFO 2016-03-29 11:14:46,707 [main] (Eval.java:2158) - 
	Get EDGE in 1ms.  
	FOR EDGE{?departement igeo:nom ?nom}

 INFO 2016-03-29 11:14:46,707 [main] (ParallelMetaProducerLessBlocking.java:61) - Searching for edge : ?departement igeo:nom ?nom
 INFO 2016-03-29 11:14:46,707 [main] (ParallelMetaProducerLessBlocking.java:193) - Global results retrieved in getEdges 0ms.
 INFO 2016-03-29 11:14:46,707 [main] (Eval.java:2158) - 
	Get EDGE in 0ms.  
	FOR EDGE{?departement igeo:nom ?nom}

 INFO 2016-03-29 11:14:46,708 [main] (ParallelMetaProducerLessBlocking.java:61) - Searching for edge : ?departement igeo:nom ?nom
 INFO 2016-03-29 11:14:46,708 [main] (ParallelMetaProducerLessBlocking.java:193) - Global results retrieved in getEdges 0ms.
 INFO 2016-03-29 11:14:46,708 [main] (Eval.java:2158) - 
	Get EDGE in 0ms.  
	FOR EDGE{?departement igeo:nom ?nom}

 INFO 2016-03-29 11:14:46,708 [main] (ParallelMetaProducerLessBlocking.java:61) - Searching for edge : ?departement igeo:nom ?nom
 INFO 2016-03-29 11:14:46,708 [main] (ParallelMetaProducerLessBlocking.java:193) - Global results retrieved in getEdges 0ms.
 INFO 2016-03-29 11:14:46,708 [main] (Eval.java:2158) - 
	Get EDGE in 0ms.  
	FOR EDGE{?departement igeo:nom ?nom}

 INFO 2016-03-29 11:14:46,709 [main] (Eval.java:2158) - 
	Get EDGE in 20ms.  
	FOR EDGE{?region igeo:subdivisionDirecte ?departement}

 INFO 2016-03-29 11:14:46,709 [main] (Eval.java:2158) - 
	Get EDGE in 751ms.  
	FOR EDGE{?region igeo:codeRegion ?v}

 INFO 2016-03-29 11:14:46,711 [main] (ProviderImplCostMonitoring.java:229) - ** Provider: 
prefix idemo: <http://rdf.insee.fr/def/demo#>
prefix igeo: <http://rdf.insee.fr/def/geo#>
select * 
where
{?departement idemo:population ?popLeg . 
?popLeg idemo:populationTotale ?popTotale . 
filter ((((((((((((((((((((?departement = <http://id.insee.fr/geo/departement/01>) || (?departement = <http://id.insee.fr/geo/departement/38>)) || (?departement = <http://id.insee.fr/geo/departement/42>)) || (?departement = <http://id.insee.fr/geo/departement/07>)) || (?departement = <http://id.insee.fr/geo/departement/74>)) || (?departement = <http://id.insee.fr/geo/departement/69>)) || (?departement = <http://id.insee.fr/geo/departement/73>)) || (?departement = <http://id.insee.fr/geo/departement/26>)) || (?departement = <http://id.insee.fr/geo/departement/95>)) || (?departement = <http://id.insee.fr/geo/departement/93>)) || (?departement = <http://id.insee.fr/geo/departement/78>)) || (?departement = <http://id.insee.fr/geo/departement/92>)) || (?departement = <http://id.insee.fr/geo/departement/75>)) || (?departement = <http://id.insee.fr/geo/departement/77>)) || (?departement = <http://id.insee.fr/geo/departement/91>)) || (?departement = <http://id.insee.fr/geo/departement/94>)) || (?departement = <http://id.insee.fr/geo/departement/58>)) || (?departement = <http://id.insee.fr/geo/departement/89>)) || (?departement = <http://id.insee.fr/geo/departement/71>)) || (?departement = <http://id.insee.fr/geo/departement/21>)) }


 INFO 2016-03-29 11:14:46,804 [main] (ProviderImplCostMonitoring.java:229) - ** Provider: 
prefix idemo: <http://rdf.insee.fr/def/demo#>
prefix igeo: <http://rdf.insee.fr/def/geo#>
select * 
where
{?departement idemo:population ?popLeg . 
?popLeg idemo:populationTotale ?popTotale . 
filter ((((((((((((((((((((?departement = <http://id.insee.fr/geo/departement/80>) || (?departement = <http://id.insee.fr/geo/departement/02>)) || (?departement = <http://id.insee.fr/geo/departement/60>)) || (?departement = <http://id.insee.fr/geo/departement/59>)) || (?departement = <http://id.insee.fr/geo/departement/62>)) || (?departement = <http://id.insee.fr/geo/departement/47>)) || (?departement = <http://id.insee.fr/geo/departement/40>)) || (?departement = <http://id.insee.fr/geo/departement/24>)) || (?departement = <http://id.insee.fr/geo/departement/33>)) || (?departement = <http://id.insee.fr/geo/departement/64>)) || (?departement = <http://id.insee.fr/geo/departement/43>)) || (?departement = <http://id.insee.fr/geo/departement/15>)) || (?departement = <http://id.insee.fr/geo/departement/03>)) || (?departement = <http://id.insee.fr/geo/departement/63>)) || (?departement = <http://id.insee.fr/geo/departement/41>)) || (?departement = <http://id.insee.fr/geo/departement/28>)) || (?departement = <http://id.insee.fr/geo/departement/45>)) || (?departement = <http://id.insee.fr/geo/departement/37>)) || (?departement = <http://id.insee.fr/geo/departement/18>)) || (?departement = <http://id.insee.fr/geo/departement/36>)) }


 INFO 2016-03-29 11:14:46,886 [main] (ProviderImplCostMonitoring.java:229) - ** Provider: 
prefix idemo: <http://rdf.insee.fr/def/demo#>
prefix igeo: <http://rdf.insee.fr/def/geo#>
select * 
where
{?departement idemo:population ?popLeg . 
?popLeg idemo:populationTotale ?popTotale . 
filter ((((((((((((((((((((?departement = <http://id.insee.fr/geo/departement/84>) || (?departement = <http://id.insee.fr/geo/departement/06>)) || (?departement = <http://id.insee.fr/geo/departement/04>)) || (?departement = <http://id.insee.fr/geo/departement/05>)) || (?departement = <http://id.insee.fr/geo/departement/83>)) || (?departement = <http://id.insee.fr/geo/departement/13>)) || (?departement = <http://id.insee.fr/geo/departement/971>)) || (?departement = <http://id.insee.fr/geo/departement/976>)) || (?departement = <http://id.insee.fr/geo/departement/972>)) || (?departement = <http://id.insee.fr/geo/departement/973>)) || (?departement = <http://id.insee.fr/geo/departement/974>)) || (?departement = <http://id.insee.fr/geo/departement/65>)) || (?departement = <http://id.insee.fr/geo/departement/81>)) || (?departement = <http://id.insee.fr/geo/departement/82>)) || (?departement = <http://id.insee.fr/geo/departement/46>)) || (?departement = <http://id.insee.fr/geo/departement/09>)) || (?departement = <http://id.insee.fr/geo/departement/32>)) || (?departement = <http://id.insee.fr/geo/departement/12>)) || (?departement = <http://id.insee.fr/geo/departement/31>)) || (?departement = <http://id.insee.fr/geo/departement/44>)) }


 INFO 2016-03-29 11:14:46,966 [main] (ProviderImplCostMonitoring.java:229) - ** Provider: 
prefix idemo: <http://rdf.insee.fr/def/demo#>
prefix igeo: <http://rdf.insee.fr/def/geo#>
select * 
where
{?departement idemo:population ?popLeg . 
?popLeg idemo:populationTotale ?popTotale . 
filter ((((((((((((((((((((?departement = <http://id.insee.fr/geo/departement/85>) || (?departement = <http://id.insee.fr/geo/departement/49>)) || (?departement = <http://id.insee.fr/geo/departement/72>)) || (?departement = <http://id.insee.fr/geo/departement/53>)) || (?departement = <http://id.insee.fr/geo/departement/52>)) || (?departement = <http://id.insee.fr/geo/departement/08>)) || (?departement = <http://id.insee.fr/geo/departement/10>)) || (?departement = <http://id.insee.fr/geo/departement/51>)) || (?departement = <http://id.insee.fr/geo/departement/19>)) || (?departement = <http://id.insee.fr/geo/departement/87>)) || (?departement = <http://id.insee.fr/geo/departement/23>)) || (?departement = <http://id.insee.fr/geo/departement/11>)) || (?departement = <http://id.insee.fr/geo/departement/48>)) || (?departement = <http://id.insee.fr/geo/departement/30>)) || (?departement = <http://id.insee.fr/geo/departement/34>)) || (?departement = <http://id.insee.fr/geo/departement/66>)) || (?departement = <http://id.insee.fr/geo/departement/79>)) || (?departement = <http://id.insee.fr/geo/departement/86>)) || (?departement = <http://id.insee.fr/geo/departement/17>)) || (?departement = <http://id.insee.fr/geo/departement/16>)) }


 INFO 2016-03-29 11:14:47,046 [main] (ProviderImplCostMonitoring.java:229) - ** Provider: 
prefix idemo: <http://rdf.insee.fr/def/demo#>
prefix igeo: <http://rdf.insee.fr/def/geo#>
select * 
where
{?departement idemo:population ?popLeg . 
?popLeg idemo:populationTotale ?popTotale . 
filter ((((((((((((((((((((?departement = <http://id.insee.fr/geo/departement/57>) || (?departement = <http://id.insee.fr/geo/departement/88>)) || (?departement = <http://id.insee.fr/geo/departement/55>)) || (?departement = <http://id.insee.fr/geo/departement/54>)) || (?departement = <http://id.insee.fr/geo/departement/70>)) || (?departement = <http://id.insee.fr/geo/departement/39>)) || (?departement = <http://id.insee.fr/geo/departement/25>)) || (?departement = <http://id.insee.fr/geo/departement/90>)) || (?departement = <http://id.insee.fr/geo/departement/27>)) || (?departement = <http://id.insee.fr/geo/departement/76>)) || (?departement = <http://id.insee.fr/geo/departement/29>)) || (?departement = <http://id.insee.fr/geo/departement/56>)) || (?departement = <http://id.insee.fr/geo/departement/35>)) || (?departement = <http://id.insee.fr/geo/departement/22>)) || (?departement = <http://id.insee.fr/geo/departement/61>)) || (?departement = <http://id.insee.fr/geo/departement/14>)) || (?departement = <http://id.insee.fr/geo/departement/50>)) || (?departement = <http://id.insee.fr/geo/departement/68>)) || (?departement = <http://id.insee.fr/geo/departement/67>)) || (?departement = <http://id.insee.fr/geo/departement/2A>)) }


 INFO 2016-03-29 11:14:47,129 [main] (ProviderImplCostMonitoring.java:229) - ** Provider: 
prefix idemo: <http://rdf.insee.fr/def/demo#>
prefix igeo: <http://rdf.insee.fr/def/geo#>
select * 
where
{?departement idemo:population ?popLeg . 
?popLeg idemo:populationTotale ?popTotale . 
filter (?departement = <http://id.insee.fr/geo/departement/2B>) }


 INFO 2016-03-29 11:14:47,154 [main] (Eval.java:1706) - 
	SERVICE in 445ms.  
	FOR [BGP{EDGE{?departement idemo:population ?popLeg} EDGE{?popLeg idemo:populationTotale ?popTotale} }]

 INFO 2016-03-29 11:14:47,159 [main] (TestDQP.java:206) - 100 results in 1565 ms
 INFO 2016-03-29 11:14:47,160 [main] (TestDQP.java:207) - 
01 ?nom = "Lozre"; ?popTotale = 80712; 
02 ?nom = "Creuse"; ?popTotale = 125714; 
03 ?nom = "Hautes-Alpes"; ?popTotale = 144640; 
04 ?nom = "Territoire de Belfort"; ?popTotale = 147777; 
05 ?nom = "Corse-du-Sud"; ?popTotale = 151621; 
06 ?nom = "Cantal"; ?popTotale = 152797; 
07 ?nom = "Arige"; ?popTotale = 158379; 
08 ?nom = "Alpes-de-Haute-Provence"; ?popTotale = 166726; 
09 ?nom = "Haute-Corse"; ?popTotale = 173889; 
10 ?nom = "Lot"; ?popTotale = 180470; 
11 ?nom = "Haute-Marne"; ?popTotale = 188083; 
12 ?nom = "Gers"; ?popTotale = 197598; 
13 ?nom = "Meuse"; ?popTotale = 198334; 
14 ?nom = "Nivre"; ?popTotale = 222688; 
15 ?nom = "Haute-Loire"; ?popTotale = 233918; 
16 ?nom = "Indre"; ?popTotale = 235181; 
17 ?nom = "Hautes-Pyrnes"; ?popTotale = 236728; 
18 ?nom = "Guyane"; ?popTotale = 246507; 
19 ?nom = "Haute-Sane"; ?popTotale = 246782; 
20 ?nom = "Corrze"; ?popTotale = 249452; 
21 ?nom = "Tarn-et-Garonne"; ?popTotale = 256867; 
22 ?nom = "Jura"; ?popTotale = 270914; 
23 ?nom = "Ardennes"; ?popTotale = 289075; 
24 ?nom = "Aveyron"; ?popTotale = 289257; 
25 ?nom = "Orne"; ?popTotale = 298248; 
26 ?nom = "Aube"; ?popTotale = 314825; 
27 ?nom = "Mayenne"; ?popTotale = 318095; 
28 ?nom = "Cher"; ?popTotale = 319693; 
29 ?nom = "Ardche"; ?popTotale = 330017; 
30 ?nom = "Loir-et-Cher"; ?popTotale = 342471; 
31 ?nom = "Lot-et-Garonne"; ?popTotale = 343645; 
32 ?nom = "Yonne"; ?popTotale = 352182; 
33 ?nom = "Allier"; ?popTotale = 353742; 
34 ?nom = "Charente"; ?popTotale = 366587; 
35 ?nom = "Aude"; ?popTotale = 374868; 
36 ?nom = "Deux-Svres"; ?popTotale = 383079; 
37 ?nom = "Haute-Vienne"; ?popTotale = 384411; 
38 ?nom = "Vosges"; ?popTotale = 388551; 
39 ?nom = "Martinique"; ?popTotale = 391837; 
40 ?nom = "Tarn"; ?popTotale = 393877; 
41 ?nom = "Guadeloupe"; ?popTotale = 409055; 
42 ?nom = "Landes"; ?popTotale = 411197; 
43 ?nom = "Dordogne"; ?popTotale = 429579; 
44 ?nom = "Savoie"; ?popTotale = 437915; 
45 ?nom = "Vienne"; ?popTotale = 442696; 
46 ?nom = "Eure-et-Loir"; ?popTotale = 444385; 
47 ?nom = "Pyrnes-Orientales"; ?popTotale = 471573; 
48 ?nom = "Drme"; ?popTotale = 509444; 
49 ?nom = "Manche"; ?popTotale = 518364; 
50 ?nom = "Cte-d\'Or"; ?popTotale = 543648; 
51 ?nom = "Doubs"; ?popTotale = 548026; 
52 ?nom = "Aisne"; ?popTotale = 554512; 
53 ?nom = "Vaucluse"; ?popTotale = 562254; 
54 ?nom = "Sane-et-Loire"; ?popTotale = 575097; 
55 ?nom = "Marne"; ?popTotale = 583691; 
56 ?nom = "Somme"; ?popTotale = 584184; 
57 ?nom = "Sarthe"; ?popTotale = 584865; 
58 ?nom = "Eure"; ?popTotale = 612518; 
59 ?nom = "Indre-et-Loire"; ?popTotale = 615557; 
60 ?nom = "Ctes-d\'Armor"; ?popTotale = 617565; 
61 ?nom = "Ain"; ?popTotale = 636916; 
62 ?nom = "Charente-Maritime"; ?popTotale = 652610; 
63 ?nom = "Puy-de-Dme"; ?popTotale = 658489; 
64 ?nom = "Vende"; ?popTotale = 674843; 
65 ?nom = "Loiret"; ?popTotale = 684104; 
66 ?nom = "Pyrnes-Atlantiques"; ?popTotale = 685564; 
67 ?nom = "Calvados"; ?popTotale = 706635; 
68 ?nom = "Meurthe-et-Moselle"; ?popTotale = 745398; 
69 ?nom = "Gard"; ?popTotale = 750025; 
70 ?nom = "Morbihan"; ?popTotale = 761433; 
71 ?nom = "Loire"; ?popTotale = 774144; 
72 ?nom = "Haut-Rhin"; ?popTotale = 774976; 
73 ?nom = "Haute-Savoie"; ?popTotale = 793342; 
74 ?nom = "Maine-et-Loire"; ?popTotale = 823546; 
75 ?nom = "Oise"; ?popTotale = 835918; 
76 ?nom = "La Runion"; ?popTotale = 844741; 
77 ?nom = "Finistre"; ?popTotale = 934625; 
78 ?nom = "Var"; ?popTotale = 1046346; 
79 ?nom = "Ille-et-Vilaine"; ?popTotale = 1047873; 
80 ?nom = "Moselle"; ?popTotale = 1068119; 
81 ?nom = "Alpes-Maritimes"; ?popTotale = 1096741; 
82 ?nom = "Hrault"; ?popTotale = 1111881; 
83 ?nom = "Bas-Rhin"; ?popTotale = 1128825; 
84 ?nom = "Val-d\'Oise"; ?popTotale = 1211138; 
85 ?nom = "Isre"; ?popTotale = 1263850; 
86 ?nom = "Essonne"; ?popTotale = 1273233; 
87 ?nom = "Seine-Maritime"; ?popTotale = 1280410; 
88 ?nom = "Haute-Garonne"; ?popTotale = 1325392; 
89 ?nom = "Loire-Atlantique"; ?popTotale = 1364453; 
90 ?nom = "Val-de-Marne"; ?popTotale = 1367091; 
91 ?nom = "Seine-et-Marne"; ?popTotale = 1387830; 
92 ?nom = "Yvelines"; ?popTotale = 1446301; 
93 ?nom = "Pas-de-Calais"; ?popTotale = 1491735; 
94 ?nom = "Gironde"; ?popTotale = 1536448; 
95 ?nom = "Seine-Saint-Denis"; ?popTotale = 1565222; 
96 ?nom = "Hauts-de-Seine"; ?popTotale = 1611290; 
97 ?nom = "Rhne"; ?popTotale = 1812196; 
98 ?nom = "Bouches-du-Rhne"; ?popTotale = 2022604; 
99 ?nom = "Paris"; ?popTotale = 2254262; 
100 ?nom = "Nord"; ?popTotale = 2635494; 

 INFO 2016-03-29 11:14:47,161 [main] (TestDQP.java:208) - Remote queries
 INFO 2016-03-29 11:14:47,162 [main] (TestDQP.java:209) - =========
	?region igeo:subdivisionDirecte ?departement
	54
--
	BGP{EDGE{?region igeo:codeRegion ?v} EDGE{?region igeo:subdivisionDirecte ?departement} EDGE{?departement igeo:nom ?nom} }
	2
--
	?region igeo:codeRegion ?v
	2
--
	prefix idemo: <http://rdf.insee.fr/def/demo#> prefix igeo: <http://rdf.insee.fr/def/geo#> select *  where {?departement idemo:population ?popLeg .  ?popLeg idemo:populationTotale ?popTotale .  filter ((((((((((((((((((((?departement = <http://id.insee.fr/geo/departement/84>) || (?departement = <http://id.insee.fr/geo/departement/06>)) || (?departement = <http://id.insee.fr/geo/departement/04>)) || (?departement = <http://id.insee.fr/geo/departement/05>)) || (?departement = <http://id.insee.fr/geo/departement/83>)) || (?departement = <http://id.insee.fr/geo/departement/13>)) || (?departement = <http://id.insee.fr/geo/departement/971>)) || (?departement = <http://id.insee.fr/geo/departement/976>)) || (?departement = <http://id.insee.fr/geo/departement/972>)) || (?departement = <http://id.insee.fr/geo/departement/973>)) || (?departement = <http://id.insee.fr/geo/departement/974>)) || (?departement = <http://id.insee.fr/geo/departement/65>)) || (?departement = <http://id.insee.fr/geo/departement/81>)) || (?departement = <http://id.insee.fr/geo/departement/82>)) || (?departement = <http://id.insee.fr/geo/departement/46>)) || (?departement = <http://id.insee.fr/geo/departement/09>)) || (?departement = <http://id.insee.fr/geo/departement/32>)) || (?departement = <http://id.insee.fr/geo/departement/12>)) || (?departement = <http://id.insee.fr/geo/departement/31>)) || (?departement = <http://id.insee.fr/geo/departement/44>)) }  
	1
--
	prefix idemo: <http://rdf.insee.fr/def/demo#> prefix igeo: <http://rdf.insee.fr/def/geo#> select *  where {?departement idemo:population ?popLeg .  ?popLeg idemo:populationTotale ?popTotale .  filter ((((((((((((((((((((?departement = <http://id.insee.fr/geo/departement/01>) || (?departement = <http://id.insee.fr/geo/departement/38>)) || (?departement = <http://id.insee.fr/geo/departement/42>)) || (?departement = <http://id.insee.fr/geo/departement/07>)) || (?departement = <http://id.insee.fr/geo/departement/74>)) || (?departement = <http://id.insee.fr/geo/departement/69>)) || (?departement = <http://id.insee.fr/geo/departement/73>)) || (?departement = <http://id.insee.fr/geo/departement/26>)) || (?departement = <http://id.insee.fr/geo/departement/95>)) || (?departement = <http://id.insee.fr/geo/departement/93>)) || (?departement = <http://id.insee.fr/geo/departement/78>)) || (?departement = <http://id.insee.fr/geo/departement/92>)) || (?departement = <http://id.insee.fr/geo/departement/75>)) || (?departement = <http://id.insee.fr/geo/departement/77>)) || (?departement = <http://id.insee.fr/geo/departement/91>)) || (?departement = <http://id.insee.fr/geo/departement/94>)) || (?departement = <http://id.insee.fr/geo/departement/58>)) || (?departement = <http://id.insee.fr/geo/departement/89>)) || (?departement = <http://id.insee.fr/geo/departement/71>)) || (?departement = <http://id.insee.fr/geo/departement/21>)) }  
	1
--
	prefix idemo: <http://rdf.insee.fr/def/demo#> prefix igeo: <http://rdf.insee.fr/def/geo#> select *  where {?departement idemo:population ?popLeg .  ?popLeg idemo:populationTotale ?popTotale .  filter ((((((((((((((((((((?departement = <http://id.insee.fr/geo/departement/57>) || (?departement = <http://id.insee.fr/geo/departement/88>)) || (?departement = <http://id.insee.fr/geo/departement/55>)) || (?departement = <http://id.insee.fr/geo/departement/54>)) || (?departement = <http://id.insee.fr/geo/departement/70>)) || (?departement = <http://id.insee.fr/geo/departement/39>)) || (?departement = <http://id.insee.fr/geo/departement/25>)) || (?departement = <http://id.insee.fr/geo/departement/90>)) || (?departement = <http://id.insee.fr/geo/departement/27>)) || (?departement = <http://id.insee.fr/geo/departement/76>)) || (?departement = <http://id.insee.fr/geo/departement/29>)) || (?departement = <http://id.insee.fr/geo/departement/56>)) || (?departement = <http://id.insee.fr/geo/departement/35>)) || (?departement = <http://id.insee.fr/geo/departement/22>)) || (?departement = <http://id.insee.fr/geo/departement/61>)) || (?departement = <http://id.insee.fr/geo/departement/14>)) || (?departement = <http://id.insee.fr/geo/departement/50>)) || (?departement = <http://id.insee.fr/geo/departement/68>)) || (?departement = <http://id.insee.fr/geo/departement/67>)) || (?departement = <http://id.insee.fr/geo/departement/2A>)) }  
	1
--
	prefix idemo: <http://rdf.insee.fr/def/demo#> prefix igeo: <http://rdf.insee.fr/def/geo#> select *  where {?departement idemo:population ?popLeg .  ?popLeg idemo:populationTotale ?popTotale .  filter (?departement = <http://id.insee.fr/geo/departement/2B>) }  
	1
--
	prefix idemo: <http://rdf.insee.fr/def/demo#> prefix igeo: <http://rdf.insee.fr/def/geo#> select *  where {?departement idemo:population ?popLeg .  ?popLeg idemo:populationTotale ?popTotale .  filter ((((((((((((((((((((?departement = <http://id.insee.fr/geo/departement/80>) || (?departement = <http://id.insee.fr/geo/departement/02>)) || (?departement = <http://id.insee.fr/geo/departement/60>)) || (?departement = <http://id.insee.fr/geo/departement/59>)) || (?departement = <http://id.insee.fr/geo/departement/62>)) || (?departement = <http://id.insee.fr/geo/departement/47>)) || (?departement = <http://id.insee.fr/geo/departement/40>)) || (?departement = <http://id.insee.fr/geo/departement/24>)) || (?departement = <http://id.insee.fr/geo/departement/33>)) || (?departement = <http://id.insee.fr/geo/departement/64>)) || (?departement = <http://id.insee.fr/geo/departement/43>)) || (?departement = <http://id.insee.fr/geo/departement/15>)) || (?departement = <http://id.insee.fr/geo/departement/03>)) || (?departement = <http://id.insee.fr/geo/departement/63>)) || (?departement = <http://id.insee.fr/geo/departement/41>)) || (?departement = <http://id.insee.fr/geo/departement/28>)) || (?departement = <http://id.insee.fr/geo/departement/45>)) || (?departement = <http://id.insee.fr/geo/departement/37>)) || (?departement = <http://id.insee.fr/geo/departement/18>)) || (?departement = <http://id.insee.fr/geo/departement/36>)) }  
	1
--
	prefix idemo: <http://rdf.insee.fr/def/demo#> prefix igeo: <http://rdf.insee.fr/def/geo#> select *  where {?departement idemo:population ?popLeg .  ?popLeg idemo:populationTotale ?popTotale .  filter ((((((((((((((((((((?departement = <http://id.insee.fr/geo/departement/85>) || (?departement = <http://id.insee.fr/geo/departement/49>)) || (?departement = <http://id.insee.fr/geo/departement/72>)) || (?departement = <http://id.insee.fr/geo/departement/53>)) || (?departement = <http://id.insee.fr/geo/departement/52>)) || (?departement = <http://id.insee.fr/geo/departement/08>)) || (?departement = <http://id.insee.fr/geo/departement/10>)) || (?departement = <http://id.insee.fr/geo/departement/51>)) || (?departement = <http://id.insee.fr/geo/departement/19>)) || (?departement = <http://id.insee.fr/geo/departement/87>)) || (?departement = <http://id.insee.fr/geo/departement/23>)) || (?departement = <http://id.insee.fr/geo/departement/11>)) || (?departement = <http://id.insee.fr/geo/departement/48>)) || (?departement = <http://id.insee.fr/geo/departement/30>)) || (?departement = <http://id.insee.fr/geo/departement/34>)) || (?departement = <http://id.insee.fr/geo/departement/66>)) || (?departement = <http://id.insee.fr/geo/departement/79>)) || (?departement = <http://id.insee.fr/geo/departement/86>)) || (?departement = <http://id.insee.fr/geo/departement/17>)) || (?departement = <http://id.insee.fr/geo/departement/16>)) }  
	1
--
	>====  Sum = 64  =====

 INFO 2016-03-29 11:14:47,162 [main] (TestDQP.java:210) - Transferred results per query
 INFO 2016-03-29 11:14:47,162 [main] (TestDQP.java:211) - =========
	?region igeo:subdivisionDirecte ?departement
	202
--
	BGP{EDGE{?region igeo:codeRegion ?v} EDGE{?region igeo:subdivisionDirecte ?departement} EDGE{?departement igeo:nom ?nom} }
	202
--
	?region igeo:codeRegion ?v
	54
--
	prefix idemo: <http://rdf.insee.fr/def/demo#> prefix igeo: <http://rdf.insee.fr/def/geo#> select *  where {?departement idemo:population ?popLeg .  ?popLeg idemo:populationTotale ?popTotale .  filter ((((((((((((((((((((?departement = <http://id.insee.fr/geo/departement/84>) || (?departement = <http://id.insee.fr/geo/departement/06>)) || (?departement = <http://id.insee.fr/geo/departement/04>)) || (?departement = <http://id.insee.fr/geo/departement/05>)) || (?departement = <http://id.insee.fr/geo/departement/83>)) || (?departement = <http://id.insee.fr/geo/departement/13>)) || (?departement = <http://id.insee.fr/geo/departement/971>)) || (?departement = <http://id.insee.fr/geo/departement/976>)) || (?departement = <http://id.insee.fr/geo/departement/972>)) || (?departement = <http://id.insee.fr/geo/departement/973>)) || (?departement = <http://id.insee.fr/geo/departement/974>)) || (?departement = <http://id.insee.fr/geo/departement/65>)) || (?departement = <http://id.insee.fr/geo/departement/81>)) || (?departement = <http://id.insee.fr/geo/departement/82>)) || (?departement = <http://id.insee.fr/geo/departement/46>)) || (?departement = <http://id.insee.fr/geo/departement/09>)) || (?departement = <http://id.insee.fr/geo/departement/32>)) || (?departement = <http://id.insee.fr/geo/departement/12>)) || (?departement = <http://id.insee.fr/geo/departement/31>)) || (?departement = <http://id.insee.fr/geo/departement/44>)) }  
	19
--
	prefix idemo: <http://rdf.insee.fr/def/demo#> prefix igeo: <http://rdf.insee.fr/def/geo#> select *  where {?departement idemo:population ?popLeg .  ?popLeg idemo:populationTotale ?popTotale .  filter ((((((((((((((((((((?departement = <http://id.insee.fr/geo/departement/01>) || (?departement = <http://id.insee.fr/geo/departement/38>)) || (?departement = <http://id.insee.fr/geo/departement/42>)) || (?departement = <http://id.insee.fr/geo/departement/07>)) || (?departement = <http://id.insee.fr/geo/departement/74>)) || (?departement = <http://id.insee.fr/geo/departement/69>)) || (?departement = <http://id.insee.fr/geo/departement/73>)) || (?departement = <http://id.insee.fr/geo/departement/26>)) || (?departement = <http://id.insee.fr/geo/departement/95>)) || (?departement = <http://id.insee.fr/geo/departement/93>)) || (?departement = <http://id.insee.fr/geo/departement/78>)) || (?departement = <http://id.insee.fr/geo/departement/92>)) || (?departement = <http://id.insee.fr/geo/departement/75>)) || (?departement = <http://id.insee.fr/geo/departement/77>)) || (?departement = <http://id.insee.fr/geo/departement/91>)) || (?departement = <http://id.insee.fr/geo/departement/94>)) || (?departement = <http://id.insee.fr/geo/departement/58>)) || (?departement = <http://id.insee.fr/geo/departement/89>)) || (?departement = <http://id.insee.fr/geo/departement/71>)) || (?departement = <http://id.insee.fr/geo/departement/21>)) }  
	20
--
	prefix idemo: <http://rdf.insee.fr/def/demo#> prefix igeo: <http://rdf.insee.fr/def/geo#> select *  where {?departement idemo:population ?popLeg .  ?popLeg idemo:populationTotale ?popTotale .  filter ((((((((((((((((((((?departement = <http://id.insee.fr/geo/departement/57>) || (?departement = <http://id.insee.fr/geo/departement/88>)) || (?departement = <http://id.insee.fr/geo/departement/55>)) || (?departement = <http://id.insee.fr/geo/departement/54>)) || (?departement = <http://id.insee.fr/geo/departement/70>)) || (?departement = <http://id.insee.fr/geo/departement/39>)) || (?departement = <http://id.insee.fr/geo/departement/25>)) || (?departement = <http://id.insee.fr/geo/departement/90>)) || (?departement = <http://id.insee.fr/geo/departement/27>)) || (?departement = <http://id.insee.fr/geo/departement/76>)) || (?departement = <http://id.insee.fr/geo/departement/29>)) || (?departement = <http://id.insee.fr/geo/departement/56>)) || (?departement = <http://id.insee.fr/geo/departement/35>)) || (?departement = <http://id.insee.fr/geo/departement/22>)) || (?departement = <http://id.insee.fr/geo/departement/61>)) || (?departement = <http://id.insee.fr/geo/departement/14>)) || (?departement = <http://id.insee.fr/geo/departement/50>)) || (?departement = <http://id.insee.fr/geo/departement/68>)) || (?departement = <http://id.insee.fr/geo/departement/67>)) || (?departement = <http://id.insee.fr/geo/departement/2A>)) }  
	20
--
	prefix idemo: <http://rdf.insee.fr/def/demo#> prefix igeo: <http://rdf.insee.fr/def/geo#> select *  where {?departement idemo:population ?popLeg .  ?popLeg idemo:populationTotale ?popTotale .  filter (?departement = <http://id.insee.fr/geo/departement/2B>) }  
	1
--
	prefix idemo: <http://rdf.insee.fr/def/demo#> prefix igeo: <http://rdf.insee.fr/def/geo#> select *  where {?departement idemo:population ?popLeg .  ?popLeg idemo:populationTotale ?popTotale .  filter ((((((((((((((((((((?departement = <http://id.insee.fr/geo/departement/80>) || (?departement = <http://id.insee.fr/geo/departement/02>)) || (?departement = <http://id.insee.fr/geo/departement/60>)) || (?departement = <http://id.insee.fr/geo/departement/59>)) || (?departement = <http://id.insee.fr/geo/departement/62>)) || (?departement = <http://id.insee.fr/geo/departement/47>)) || (?departement = <http://id.insee.fr/geo/departement/40>)) || (?departement = <http://id.insee.fr/geo/departement/24>)) || (?departement = <http://id.insee.fr/geo/departement/33>)) || (?departement = <http://id.insee.fr/geo/departement/64>)) || (?departement = <http://id.insee.fr/geo/departement/43>)) || (?departement = <http://id.insee.fr/geo/departement/15>)) || (?departement = <http://id.insee.fr/geo/departement/03>)) || (?departement = <http://id.insee.fr/geo/departement/63>)) || (?departement = <http://id.insee.fr/geo/departement/41>)) || (?departement = <http://id.insee.fr/geo/departement/28>)) || (?departement = <http://id.insee.fr/geo/departement/45>)) || (?departement = <http://id.insee.fr/geo/departement/37>)) || (?departement = <http://id.insee.fr/geo/departement/18>)) || (?departement = <http://id.insee.fr/geo/departement/36>)) }  
	20
--
	prefix idemo: <http://rdf.insee.fr/def/demo#> prefix igeo: <http://rdf.insee.fr/def/geo#> select *  where {?departement idemo:population ?popLeg .  ?popLeg idemo:populationTotale ?popTotale .  filter ((((((((((((((((((((?departement = <http://id.insee.fr/geo/departement/85>) || (?departement = <http://id.insee.fr/geo/departement/49>)) || (?departement = <http://id.insee.fr/geo/departement/72>)) || (?departement = <http://id.insee.fr/geo/departement/53>)) || (?departement = <http://id.insee.fr/geo/departement/52>)) || (?departement = <http://id.insee.fr/geo/departement/08>)) || (?departement = <http://id.insee.fr/geo/departement/10>)) || (?departement = <http://id.insee.fr/geo/departement/51>)) || (?departement = <http://id.insee.fr/geo/departement/19>)) || (?departement = <http://id.insee.fr/geo/departement/87>)) || (?departement = <http://id.insee.fr/geo/departement/23>)) || (?departement = <http://id.insee.fr/geo/departement/11>)) || (?departement = <http://id.insee.fr/geo/departement/48>)) || (?departement = <http://id.insee.fr/geo/departement/30>)) || (?departement = <http://id.insee.fr/geo/departement/34>)) || (?departement = <http://id.insee.fr/geo/departement/66>)) || (?departement = <http://id.insee.fr/geo/departement/79>)) || (?departement = <http://id.insee.fr/geo/departement/86>)) || (?departement = <http://id.insee.fr/geo/departement/17>)) || (?departement = <http://id.insee.fr/geo/departement/16>)) }  
	20
--
	>====  Sum = 558  =====

 INFO 2016-03-29 11:14:47,163 [main] (TestDQP.java:212) - Remote queries per data source
 INFO 2016-03-29 11:14:47,163 [main] (TestDQP.java:213) - =========
	http://localhost:8081/sparql
	29
--
	http://localhost:8088/sparql
	6
--
	http://localhost:8082/sparql
	29
--
	>====  Sum = 64  =====

 INFO 2016-03-29 11:14:47,163 [main] (TestDQP.java:214) - Transferred results per source
 INFO 2016-03-29 11:14:47,163 [main] (TestDQP.java:215) - =========
	http://localhost:8081/sparql
	229
--
	http://localhost:8088/sparql
	100
--
	http://localhost:8082/sparql
	229
--
	>====  Sum = 558  =====

