 INFO 2016-03-29 11:14:03,603 [main] (ServiceGrouper.java:84) - Building indices for 
 INFO 2016-03-29 11:14:03,605 [main] (ServiceGrouper.java:85) - {?region igeo:codeRegion ?v . 
?region igeo:subdivisionDirecte ?departement . 
?departement igeo:nom ?nom . 
?departement idemo:population ?popLeg . 
?popLeg idemo:populationTotale ?popTotale . }
 INFO 2016-03-29 11:14:03,755 [main] (ServiceGrouper.java:559) - Edge index
 INFO 2016-03-29 11:14:03,756 [main] (ServiceGrouper.java:575) - Source index
 INFO 2016-03-29 11:14:03,757 [main] (ServiceGrouper.java:259) - Found consecutive triple patterns into {?region igeo:codeRegion ?v . 
?region igeo:subdivisionDirecte ?departement . 
?departement igeo:nom ?nom . 
?departement idemo:population ?popLeg . 
?popLeg idemo:populationTotale ?popTotale . }
 INFO 2016-03-29 11:14:03,757 [main] (ServiceGrouper.java:426) - Processing
[?region igeo:codeRegion ?v . , ?region igeo:subdivisionDirecte ?departement . , ?departement igeo:nom ?nom . , ?departement idemo:population ?popLeg . , ?popLeg idemo:populationTotale ?popTotale . ]
 WARN 2016-03-29 11:14:03,757 [main] (ServiceGrouper.java:446) - Triple pattern ?region igeo:codeRegion ?v .  appears in more than one data source, excluded from SERVICE.
 WARN 2016-03-29 11:14:03,757 [main] (ServiceGrouper.java:446) - Triple pattern ?region igeo:subdivisionDirecte ?departement .  appears in more than one data source, excluded from SERVICE.
 WARN 2016-03-29 11:14:03,758 [main] (ServiceGrouper.java:446) - Triple pattern ?departement igeo:nom ?nom .  appears in more than one data source, excluded from SERVICE.
 WARN 2016-03-29 11:14:03,758 [main] (ServiceGrouper.java:446) - Triple pattern ?region igeo:codeRegion ?v .  appears in more than one data source, excluded from SERVICE.
 WARN 2016-03-29 11:14:03,758 [main] (ServiceGrouper.java:446) - Triple pattern ?region igeo:subdivisionDirecte ?departement .  appears in more than one data source, excluded from SERVICE.
 WARN 2016-03-29 11:14:03,759 [main] (ServiceGrouper.java:446) - Triple pattern ?departement igeo:nom ?nom .  appears in more than one data source, excluded from SERVICE.
 INFO 2016-03-29 11:14:03,759 [main] (ServiceGrouper.java:271) - Ranking : 
 INFO 2016-03-29 11:14:03,759 [main] (ServiceGrouper.java:272) - {?region igeo:codeRegion ?v . 
?region igeo:subdivisionDirecte ?departement . 
?departement igeo:nom ?nom . 
service <http://localhost:8088/sparql> {?departement idemo:population ?popLeg . 
?popLeg idemo:populationTotale ?popTotale . }}
 INFO 2016-03-29 11:14:03,759 [main] (ServiceGrouper.java:277) - 2 free variables for ?region igeo:codeRegion ?v . 
 INFO 2016-03-29 11:14:03,759 [main] (ServiceGrouper.java:277) - 2 free variables for ?region igeo:subdivisionDirecte ?departement . 
 INFO 2016-03-29 11:14:03,759 [main] (ServiceGrouper.java:277) - 2 free variables for ?departement igeo:nom ?nom . 
 INFO 2016-03-29 11:14:03,760 [main] (ServiceGrouper.java:277) - 3 free variables for service <http://localhost:8088/sparql> {?departement idemo:population ?popLeg . 
?popLeg idemo:populationTotale ?popTotale . }
 INFO 2016-03-29 11:14:03,760 [main] (ServiceGrouper.java:286) - Sorting services possibly with the same score
 WARN 2016-03-29 11:14:03,761 [main] (ServiceGrouper.java:353) - Searching for ?departement igeo:nom ?nom .  in [?region igeo:codeRegion ?v . , ?region igeo:subdivisionDirecte ?departement . , ?departement igeo:nom ?nom . , ?departement idemo:population ?popLeg . , ?popLeg idemo:populationTotale ?popTotale . ]
 WARN 2016-03-29 11:14:03,761 [main] (ServiceGrouper.java:353) - Searching for ?region igeo:subdivisionDirecte ?departement .  in [?region igeo:codeRegion ?v . , ?region igeo:subdivisionDirecte ?departement . , ?departement igeo:nom ?nom . , ?departement idemo:population ?popLeg . , ?popLeg idemo:populationTotale ?popTotale . ]
 INFO 2016-03-29 11:14:03,762 [main] (ServiceGrouper.java:328) - Comparing : ?departement igeo:nom ?nom .  with ?region igeo:subdivisionDirecte ?departement . 
 WARN 2016-03-29 11:14:03,762 [main] (ServiceGrouper.java:353) - Searching for ?region igeo:codeRegion ?v .  in [?region igeo:codeRegion ?v . , ?region igeo:subdivisionDirecte ?departement . , ?departement igeo:nom ?nom . , ?departement idemo:population ?popLeg . , ?popLeg idemo:populationTotale ?popTotale . ]
 WARN 2016-03-29 11:14:03,762 [main] (ServiceGrouper.java:353) - Searching for ?departement igeo:nom ?nom .  in [?region igeo:codeRegion ?v . , ?region igeo:subdivisionDirecte ?departement . , ?departement igeo:nom ?nom . , ?departement idemo:population ?popLeg . , ?popLeg idemo:populationTotale ?popTotale . ]
 INFO 2016-03-29 11:14:03,763 [main] (ServiceGrouper.java:328) - Comparing : ?region igeo:codeRegion ?v .  with ?departement igeo:nom ?nom . 
 WARN 2016-03-29 11:14:03,763 [main] (ServiceGrouper.java:353) - Searching for ?region igeo:codeRegion ?v .  in [?region igeo:codeRegion ?v . , ?region igeo:subdivisionDirecte ?departement . , ?departement igeo:nom ?nom . , ?departement idemo:population ?popLeg . , ?popLeg idemo:populationTotale ?popTotale . ]
 WARN 2016-03-29 11:14:03,763 [main] (ServiceGrouper.java:353) - Searching for ?region igeo:subdivisionDirecte ?departement .  in [?region igeo:codeRegion ?v . , ?region igeo:subdivisionDirecte ?departement . , ?departement igeo:nom ?nom . , ?departement idemo:population ?popLeg . , ?popLeg idemo:populationTotale ?popTotale . ]
 INFO 2016-03-29 11:14:03,763 [main] (ServiceGrouper.java:328) - Comparing : ?region igeo:codeRegion ?v .  with ?region igeo:subdivisionDirecte ?departement . 
 INFO 2016-03-29 11:14:03,763 [main] (ServiceGrouper.java:340) - {?region igeo:codeRegion ?v . 
?region igeo:subdivisionDirecte ?departement . 
?departement igeo:nom ?nom . 
service <http://localhost:8088/sparql> {?departement idemo:population ?popLeg . 
?popLeg idemo:populationTotale ?popTotale . }}
 INFO 2016-03-29 11:14:03,763 [main] (ServiceGrouper.java:118) - Final rewritten query
 INFO 2016-03-29 11:14:03,764 [main] (ServiceGrouper.java:119) - prefix idemo: <http://rdf.insee.fr/def/demo#>
prefix igeo: <http://rdf.insee.fr/def/geo#>
select ?nom ?popTotale 
where
{?region igeo:codeRegion ?v . 
?region igeo:subdivisionDirecte ?departement . 
?departement igeo:nom ?nom . 
service <http://localhost:8088/sparql> {?departement idemo:population ?popLeg . 
?popLeg idemo:populationTotale ?popTotale . }}
order by ?popTotale 


 INFO 2016-03-29 11:14:03,765 [main] (ServiceGrouper.java:57) - Building predicates indices for AND{EDGE{?region igeo:codeRegion ?v} EDGE{?region igeo:subdivisionDirecte ?departement} EDGE{?departement igeo:nom ?nom} SERVICE{NODE{<http://localhost:8088/sparql> } select [NODE{?departement }, NODE{?popLeg }, NODE{?popTotale }]
QUERY{AND{EDGE{?departement idemo:population ?popLeg} EDGE{?popLeg idemo:populationTotale ?popTotale} } } } }
 INFO 2016-03-29 11:14:03,766 [main] (ServiceGrouper.java:57) - Building predicates indices for AND{EDGE{?departement idemo:population ?popLeg} EDGE{?popLeg idemo:populationTotale ?popTotale} }
 INFO 2016-03-29 11:14:03,766 [main] (ServiceGrouper.java:65) - END of building index!
 INFO 2016-03-29 11:14:03,767 [main] (ServiceGrouper.java:65) - END of building index!
 INFO 2016-03-29 11:14:03,780 [main] (ParallelMetaProducerLessBlocking.java:214) - Searching for BGP : BGP{EDGE{?region igeo:codeRegion ?v} EDGE{?region igeo:subdivisionDirecte ?departement} EDGE{?departement igeo:nom ?nom} }
 INFO 2016-03-29 11:14:03,783 [pool-1-thread-2] (CallableResult.java:56) - CallableResult for GetMappings
 INFO 2016-03-29 11:14:03,785 [pool-1-thread-1] (CallableResult.java:56) - CallableResult for GetMappings
 INFO 2016-03-29 11:14:03,785 [pool-1-thread-2] (RemoteQueryOptimizerFull.java:144) - BGP QUERY: 
 SELECT * WHERE { 
	 ?region igeo:codeRegion ?v . 
 	 ?region igeo:subdivisionDirecte ?departement . 
 	 ?departement igeo:nom ?nom . 
 } 
 INFO 2016-03-29 11:14:03,785 [pool-1-thread-1] (RemoteQueryOptimizerFull.java:144) - BGP QUERY: 
 SELECT * WHERE { 
	 ?region igeo:codeRegion ?v . 
 	 ?region igeo:subdivisionDirecte ?departement . 
 	 ?departement igeo:nom ?nom . 
 } 
 INFO 2016-03-29 11:14:03,906 [pool-1-thread-1] (CallableResult.java:59) - RESULTS: 101 FROM http://localhost:8081/sparql
 INFO 2016-03-29 11:14:03,907 [pool-1-thread-1] (CallableResult.java:63) - Finished CallableResult in 125 ms.
 INFO 2016-03-29 11:14:03,913 [pool-1-thread-2] (CallableResult.java:59) - RESULTS: 101 FROM http://localhost:8082/sparql
 INFO 2016-03-29 11:14:03,913 [pool-1-thread-2] (CallableResult.java:63) - Finished CallableResult in 131 ms.
 INFO 2016-03-29 11:14:03,921 [main] (ParallelMetaProducerLessBlocking.java:255) - Global results retrieved in getMappings 139ms.
 INFO 2016-03-29 11:14:03,923 [main] (Eval.java:1660) - 
	GET MAPPINGS in 147ms.
	 FOR BGP{EDGE{?region igeo:codeRegion ?v} EDGE{?region igeo:subdivisionDirecte ?departement} EDGE{?departement igeo:nom ?nom} }

 INFO 2016-03-29 11:14:03,923 [main] (ParallelMetaProducerLessBlocking.java:61) - Searching for edge : ?region igeo:codeRegion ?v
 INFO 2016-03-29 11:14:03,924 [pool-2-thread-1] (CallableResult.java:52) - CallableResult for GetEdge
 INFO 2016-03-29 11:14:03,924 [pool-2-thread-2] (CallableResult.java:52) - CallableResult for GetEdge
 INFO 2016-03-29 11:14:04,103 [pool-2-thread-1] (CallableResult.java:63) - Finished CallableResult in 179 ms.
 INFO 2016-03-29 11:14:04,106 [pool-2-thread-2] (CallableResult.java:63) - Finished CallableResult in 182 ms.
 INFO 2016-03-29 11:14:04,116 [main] (ParallelMetaProducerLessBlocking.java:193) - Global results retrieved in getEdges 187ms.
 INFO 2016-03-29 11:14:04,116 [main] (ParallelMetaProducerLessBlocking.java:61) - Searching for edge : ?region igeo:subdivisionDirecte ?departement
 INFO 2016-03-29 11:14:04,117 [pool-3-thread-1] (CallableResult.java:52) - CallableResult for GetEdge
 INFO 2016-03-29 11:14:04,117 [pool-3-thread-2] (CallableResult.java:52) - CallableResult for GetEdge
 INFO 2016-03-29 11:14:04,134 [pool-3-thread-1] (CallableResult.java:63) - Finished CallableResult in 17 ms.
 INFO 2016-03-29 11:14:04,134 [pool-3-thread-2] (CallableResult.java:63) - Finished CallableResult in 17 ms.
 INFO 2016-03-29 11:14:04,134 [main] (ParallelMetaProducerLessBlocking.java:193) - Global results retrieved in getEdges 17ms.
 INFO 2016-03-29 11:14:04,135 [main] (ParallelMetaProducerLessBlocking.java:61) - Searching for edge : ?departement igeo:nom ?nom
 INFO 2016-03-29 11:14:04,135 [main] (ParallelMetaProducerLessBlocking.java:193) - Global results retrieved in getEdges 0ms.
 INFO 2016-03-29 11:14:04,135 [main] (Eval.java:2158) - 
	Get EDGE in 0ms.  
	FOR EDGE{?departement igeo:nom ?nom}

 INFO 2016-03-29 11:14:04,135 [main] (ParallelMetaProducerLessBlocking.java:61) - Searching for edge : ?departement igeo:nom ?nom
 INFO 2016-03-29 11:14:04,136 [main] (ParallelMetaProducerLessBlocking.java:193) - Global results retrieved in getEdges 0ms.
 INFO 2016-03-29 11:14:04,136 [main] (Eval.java:2158) - 
	Get EDGE in 1ms.  
	FOR EDGE{?departement igeo:nom ?nom}

 INFO 2016-03-29 11:14:04,136 [main] (ParallelMetaProducerLessBlocking.java:61) - Searching for edge : ?departement igeo:nom ?nom
 INFO 2016-03-29 11:14:04,136 [main] (ParallelMetaProducerLessBlocking.java:193) - Global results retrieved in getEdges 0ms.
 INFO 2016-03-29 11:14:04,136 [main] (Eval.java:2158) - 
	Get EDGE in 0ms.  
	FOR EDGE{?departement igeo:nom ?nom}

 INFO 2016-03-29 11:14:04,136 [main] (ParallelMetaProducerLessBlocking.java:61) - Searching for edge : ?departement igeo:nom ?nom
 INFO 2016-03-29 11:14:04,137 [main] (ParallelMetaProducerLessBlocking.java:193) - Global results retrieved in getEdges 0ms.
 INFO 2016-03-29 11:14:04,137 [main] (Eval.java:2158) - 
	Get EDGE in 1ms.  
	FOR EDGE{?departement igeo:nom ?nom}

 INFO 2016-03-29 11:14:04,137 [main] (Eval.java:2158) - 
	Get EDGE in 21ms.  
	FOR EDGE{?region igeo:subdivisionDirecte ?departement}

 INFO 2016-03-29 11:14:04,137 [main] (ParallelMetaProducerLessBlocking.java:61) - Searching for edge : ?region igeo:subdivisionDirecte ?departement
 INFO 2016-03-29 11:14:04,137 [pool-8-thread-1] (CallableResult.java:52) - CallableResult for GetEdge
 INFO 2016-03-29 11:14:04,137 [pool-8-thread-2] (CallableResult.java:52) - CallableResult for GetEdge
 INFO 2016-03-29 11:14:04,151 [pool-8-thread-1] (CallableResult.java:63) - Finished CallableResult in 14 ms.
 INFO 2016-03-29 11:14:04,151 [pool-8-thread-2] (CallableResult.java:63) - Finished CallableResult in 14 ms.
 INFO 2016-03-29 11:14:04,151 [main] (ParallelMetaProducerLessBlocking.java:193) - Global results retrieved in getEdges 14ms.
 INFO 2016-03-29 11:14:04,152 [main] (ParallelMetaProducerLessBlocking.java:61) - Searching for edge : ?departement igeo:nom ?nom
 INFO 2016-03-29 11:14:04,152 [main] (ParallelMetaProducerLessBlocking.java:193) - Global results retrieved in getEdges 0ms.
 INFO 2016-03-29 11:14:04,152 [main] (Eval.java:2158) - 
	Get EDGE in 0ms.  
	FOR EDGE{?departement igeo:nom ?nom}

 INFO 2016-03-29 11:14:04,152 [main] (ParallelMetaProducerLessBlocking.java:61) - Searching for edge : ?departement igeo:nom ?nom
 INFO 2016-03-29 11:14:04,152 [main] (ParallelMetaProducerLessBlocking.java:193) - Global results retrieved in getEdges 0ms.
 INFO 2016-03-29 11:14:04,153 [main] (Eval.java:2158) - 
	Get EDGE in 1ms.  
	FOR EDGE{?departement igeo:nom ?nom}

 INFO 2016-03-29 11:14:04,153 [main] (ParallelMetaProducerLessBlocking.java:61) - Searching for edge : ?departement igeo:nom ?nom
 INFO 2016-03-29 11:14:04,153 [main] (ParallelMetaProducerLessBlocking.java:193) - Global results retrieved in getEdges 0ms.
 INFO 2016-03-29 11:14:04,153 [main] (Eval.java:2158) - 
	Get EDGE in 0ms.  
	FOR EDGE{?departement igeo:nom ?nom}

 INFO 2016-03-29 11:14:04,153 [main] (Eval.java:2158) - 
	Get EDGE in 16ms.  
	FOR EDGE{?region igeo:subdivisionDirecte ?departement}

 INFO 2016-03-29 11:14:04,154 [main] (ParallelMetaProducerLessBlocking.java:61) - Searching for edge : ?region igeo:subdivisionDirecte ?departement
 INFO 2016-03-29 11:14:04,154 [pool-12-thread-1] (CallableResult.java:52) - CallableResult for GetEdge
 INFO 2016-03-29 11:14:04,154 [pool-12-thread-2] (CallableResult.java:52) - CallableResult for GetEdge
 INFO 2016-03-29 11:14:04,165 [pool-12-thread-2] (CallableResult.java:63) - Finished CallableResult in 11 ms.
 INFO 2016-03-29 11:14:04,165 [pool-12-thread-1] (CallableResult.java:63) - Finished CallableResult in 11 ms.
 INFO 2016-03-29 11:14:04,166 [main] (ParallelMetaProducerLessBlocking.java:193) - Global results retrieved in getEdges 12ms.
 INFO 2016-03-29 11:14:04,166 [main] (ParallelMetaProducerLessBlocking.java:61) - Searching for edge : ?departement igeo:nom ?nom
 INFO 2016-03-29 11:14:04,166 [main] (ParallelMetaProducerLessBlocking.java:193) - Global results retrieved in getEdges 0ms.
 INFO 2016-03-29 11:14:04,167 [main] (Eval.java:2158) - 
	Get EDGE in 1ms.  
	FOR EDGE{?departement igeo:nom ?nom}

 INFO 2016-03-29 11:14:04,167 [main] (ParallelMetaProducerLessBlocking.java:61) - Searching for edge : ?departement igeo:nom ?nom
 INFO 2016-03-29 11:14:04,167 [main] (ParallelMetaProducerLessBlocking.java:193) - Global results retrieved in getEdges 0ms.
 INFO 2016-03-29 11:14:04,167 [main] (Eval.java:2158) - 
	Get EDGE in 0ms.  
	FOR EDGE{?departement igeo:nom ?nom}

 INFO 2016-03-29 11:14:04,167 [main] (Eval.java:2158) - 
	Get EDGE in 13ms.  
	FOR EDGE{?region igeo:subdivisionDirecte ?departement}

 INFO 2016-03-29 11:14:04,167 [main] (ParallelMetaProducerLessBlocking.java:61) - Searching for edge : ?region igeo:subdivisionDirecte ?departement
 INFO 2016-03-29 11:14:04,168 [pool-15-thread-1] (CallableResult.java:52) - CallableResult for GetEdge
 INFO 2016-03-29 11:14:04,168 [pool-15-thread-2] (CallableResult.java:52) - CallableResult for GetEdge
 INFO 2016-03-29 11:14:04,202 [pool-15-thread-1] (CallableResult.java:63) - Finished CallableResult in 34 ms.
 INFO 2016-03-29 11:14:04,208 [pool-15-thread-2] (CallableResult.java:63) - Finished CallableResult in 40 ms.
 INFO 2016-03-29 11:14:04,209 [main] (ParallelMetaProducerLessBlocking.java:193) - Global results retrieved in getEdges 41ms.
 INFO 2016-03-29 11:14:04,209 [main] (ParallelMetaProducerLessBlocking.java:61) - Searching for edge : ?departement igeo:nom ?nom
 INFO 2016-03-29 11:14:04,209 [main] (ParallelMetaProducerLessBlocking.java:193) - Global results retrieved in getEdges 0ms.
 INFO 2016-03-29 11:14:04,209 [main] (Eval.java:2158) - 
	Get EDGE in 0ms.  
	FOR EDGE{?departement igeo:nom ?nom}

 INFO 2016-03-29 11:14:04,210 [main] (ParallelMetaProducerLessBlocking.java:61) - Searching for edge : ?departement igeo:nom ?nom
 INFO 2016-03-29 11:14:04,210 [main] (ParallelMetaProducerLessBlocking.java:193) - Global results retrieved in getEdges 0ms.
 INFO 2016-03-29 11:14:04,210 [main] (Eval.java:2158) - 
	Get EDGE in 0ms.  
	FOR EDGE{?departement igeo:nom ?nom}

 INFO 2016-03-29 11:14:04,210 [main] (ParallelMetaProducerLessBlocking.java:61) - Searching for edge : ?departement igeo:nom ?nom
 INFO 2016-03-29 11:14:04,210 [main] (ParallelMetaProducerLessBlocking.java:193) - Global results retrieved in getEdges 0ms.
 INFO 2016-03-29 11:14:04,210 [main] (Eval.java:2158) - 
	Get EDGE in 0ms.  
	FOR EDGE{?departement igeo:nom ?nom}

 INFO 2016-03-29 11:14:04,211 [main] (ParallelMetaProducerLessBlocking.java:61) - Searching for edge : ?departement igeo:nom ?nom
 INFO 2016-03-29 11:14:04,211 [main] (ParallelMetaProducerLessBlocking.java:193) - Global results retrieved in getEdges 0ms.
 INFO 2016-03-29 11:14:04,211 [main] (Eval.java:2158) - 
	Get EDGE in 0ms.  
	FOR EDGE{?departement igeo:nom ?nom}

 INFO 2016-03-29 11:14:04,211 [main] (ParallelMetaProducerLessBlocking.java:61) - Searching for edge : ?departement igeo:nom ?nom
 INFO 2016-03-29 11:14:04,211 [main] (ParallelMetaProducerLessBlocking.java:193) - Global results retrieved in getEdges 0ms.
 INFO 2016-03-29 11:14:04,212 [main] (Eval.java:2158) - 
	Get EDGE in 1ms.  
	FOR EDGE{?departement igeo:nom ?nom}

 INFO 2016-03-29 11:14:04,212 [main] (ParallelMetaProducerLessBlocking.java:61) - Searching for edge : ?departement igeo:nom ?nom
 INFO 2016-03-29 11:14:04,212 [main] (ParallelMetaProducerLessBlocking.java:193) - Global results retrieved in getEdges 0ms.
 INFO 2016-03-29 11:14:04,212 [main] (Eval.java:2158) - 
	Get EDGE in 0ms.  
	FOR EDGE{?departement igeo:nom ?nom}

 INFO 2016-03-29 11:14:04,212 [main] (ParallelMetaProducerLessBlocking.java:61) - Searching for edge : ?departement igeo:nom ?nom
 INFO 2016-03-29 11:14:04,212 [main] (ParallelMetaProducerLessBlocking.java:193) - Global results retrieved in getEdges 0ms.
 INFO 2016-03-29 11:14:04,213 [main] (Eval.java:2158) - 
	Get EDGE in 1ms.  
	FOR EDGE{?departement igeo:nom ?nom}

 INFO 2016-03-29 11:14:04,213 [main] (ParallelMetaProducerLessBlocking.java:61) - Searching for edge : ?departement igeo:nom ?nom
 INFO 2016-03-29 11:14:04,213 [main] (ParallelMetaProducerLessBlocking.java:193) - Global results retrieved in getEdges 0ms.
 INFO 2016-03-29 11:14:04,213 [main] (Eval.java:2158) - 
	Get EDGE in 0ms.  
	FOR EDGE{?departement igeo:nom ?nom}

 INFO 2016-03-29 11:14:04,213 [main] (Eval.java:2158) - 
	Get EDGE in 46ms.  
	FOR EDGE{?region igeo:subdivisionDirecte ?departement}

 INFO 2016-03-29 11:14:04,214 [main] (ParallelMetaProducerLessBlocking.java:61) - Searching for edge : ?region igeo:subdivisionDirecte ?departement
 INFO 2016-03-29 11:14:04,214 [pool-24-thread-1] (CallableResult.java:52) - CallableResult for GetEdge
 INFO 2016-03-29 11:14:04,214 [pool-24-thread-2] (CallableResult.java:52) - CallableResult for GetEdge
 INFO 2016-03-29 11:14:04,229 [pool-24-thread-2] (CallableResult.java:63) - Finished CallableResult in 15 ms.
 INFO 2016-03-29 11:14:04,234 [pool-24-thread-1] (CallableResult.java:63) - Finished CallableResult in 20 ms.
 INFO 2016-03-29 11:14:04,235 [main] (ParallelMetaProducerLessBlocking.java:193) - Global results retrieved in getEdges 21ms.
 INFO 2016-03-29 11:14:04,235 [main] (ParallelMetaProducerLessBlocking.java:61) - Searching for edge : ?departement igeo:nom ?nom
 INFO 2016-03-29 11:14:04,236 [main] (ParallelMetaProducerLessBlocking.java:193) - Global results retrieved in getEdges 0ms.
 INFO 2016-03-29 11:14:04,236 [main] (Eval.java:2158) - 
	Get EDGE in 1ms.  
	FOR EDGE{?departement igeo:nom ?nom}

 INFO 2016-03-29 11:14:04,236 [main] (ParallelMetaProducerLessBlocking.java:61) - Searching for edge : ?departement igeo:nom ?nom
 INFO 2016-03-29 11:14:04,236 [main] (ParallelMetaProducerLessBlocking.java:193) - Global results retrieved in getEdges 0ms.
 INFO 2016-03-29 11:14:04,236 [main] (Eval.java:2158) - 
	Get EDGE in 0ms.  
	FOR EDGE{?departement igeo:nom ?nom}

 INFO 2016-03-29 11:14:04,236 [main] (ParallelMetaProducerLessBlocking.java:61) - Searching for edge : ?departement igeo:nom ?nom
 INFO 2016-03-29 11:14:04,236 [main] (ParallelMetaProducerLessBlocking.java:193) - Global results retrieved in getEdges 0ms.
 INFO 2016-03-29 11:14:04,237 [main] (Eval.java:2158) - 
	Get EDGE in 1ms.  
	FOR EDGE{?departement igeo:nom ?nom}

 INFO 2016-03-29 11:14:04,237 [main] (ParallelMetaProducerLessBlocking.java:61) - Searching for edge : ?departement igeo:nom ?nom
 INFO 2016-03-29 11:14:04,237 [main] (ParallelMetaProducerLessBlocking.java:193) - Global results retrieved in getEdges 0ms.
 INFO 2016-03-29 11:14:04,237 [main] (Eval.java:2158) - 
	Get EDGE in 0ms.  
	FOR EDGE{?departement igeo:nom ?nom}

 INFO 2016-03-29 11:14:04,237 [main] (ParallelMetaProducerLessBlocking.java:61) - Searching for edge : ?departement igeo:nom ?nom
 INFO 2016-03-29 11:14:04,237 [main] (ParallelMetaProducerLessBlocking.java:193) - Global results retrieved in getEdges 0ms.
 INFO 2016-03-29 11:14:04,237 [main] (Eval.java:2158) - 
	Get EDGE in 0ms.  
	FOR EDGE{?departement igeo:nom ?nom}

 INFO 2016-03-29 11:14:04,238 [main] (ParallelMetaProducerLessBlocking.java:61) - Searching for edge : ?departement igeo:nom ?nom
 INFO 2016-03-29 11:14:04,238 [main] (ParallelMetaProducerLessBlocking.java:193) - Global results retrieved in getEdges 0ms.
 INFO 2016-03-29 11:14:04,238 [main] (Eval.java:2158) - 
	Get EDGE in 0ms.  
	FOR EDGE{?departement igeo:nom ?nom}

 INFO 2016-03-29 11:14:04,238 [main] (ParallelMetaProducerLessBlocking.java:61) - Searching for edge : ?departement igeo:nom ?nom
 INFO 2016-03-29 11:14:04,238 [main] (ParallelMetaProducerLessBlocking.java:193) - Global results retrieved in getEdges 0ms.
 INFO 2016-03-29 11:14:04,238 [main] (Eval.java:2158) - 
	Get EDGE in 0ms.  
	FOR EDGE{?departement igeo:nom ?nom}

 INFO 2016-03-29 11:14:04,239 [main] (ParallelMetaProducerLessBlocking.java:61) - Searching for edge : ?departement igeo:nom ?nom
 INFO 2016-03-29 11:14:04,239 [main] (ParallelMetaProducerLessBlocking.java:193) - Global results retrieved in getEdges 0ms.
 INFO 2016-03-29 11:14:04,239 [main] (Eval.java:2158) - 
	Get EDGE in 0ms.  
	FOR EDGE{?departement igeo:nom ?nom}

 INFO 2016-03-29 11:14:04,239 [main] (Eval.java:2158) - 
	Get EDGE in 25ms.  
	FOR EDGE{?region igeo:subdivisionDirecte ?departement}

 INFO 2016-03-29 11:14:04,239 [main] (ParallelMetaProducerLessBlocking.java:61) - Searching for edge : ?region igeo:subdivisionDirecte ?departement
 INFO 2016-03-29 11:14:04,239 [pool-33-thread-1] (CallableResult.java:52) - CallableResult for GetEdge
 INFO 2016-03-29 11:14:04,239 [pool-33-thread-2] (CallableResult.java:52) - CallableResult for GetEdge
 INFO 2016-03-29 11:14:04,252 [pool-33-thread-1] (CallableResult.java:63) - Finished CallableResult in 13 ms.
 INFO 2016-03-29 11:14:04,253 [pool-33-thread-2] (CallableResult.java:63) - Finished CallableResult in 14 ms.
 INFO 2016-03-29 11:14:04,253 [main] (ParallelMetaProducerLessBlocking.java:193) - Global results retrieved in getEdges 14ms.
 INFO 2016-03-29 11:14:04,254 [main] (ParallelMetaProducerLessBlocking.java:61) - Searching for edge : ?departement igeo:nom ?nom
 INFO 2016-03-29 11:14:04,254 [main] (ParallelMetaProducerLessBlocking.java:193) - Global results retrieved in getEdges 0ms.
 INFO 2016-03-29 11:14:04,254 [main] (Eval.java:2158) - 
	Get EDGE in 0ms.  
	FOR EDGE{?departement igeo:nom ?nom}

 INFO 2016-03-29 11:14:04,254 [main] (ParallelMetaProducerLessBlocking.java:61) - Searching for edge : ?departement igeo:nom ?nom
 INFO 2016-03-29 11:14:04,254 [main] (ParallelMetaProducerLessBlocking.java:193) - Global results retrieved in getEdges 0ms.
 INFO 2016-03-29 11:14:04,254 [main] (Eval.java:2158) - 
	Get EDGE in 0ms.  
	FOR EDGE{?departement igeo:nom ?nom}

 INFO 2016-03-29 11:14:04,255 [main] (ParallelMetaProducerLessBlocking.java:61) - Searching for edge : ?departement igeo:nom ?nom
 INFO 2016-03-29 11:14:04,255 [main] (ParallelMetaProducerLessBlocking.java:193) - Global results retrieved in getEdges 0ms.
 INFO 2016-03-29 11:14:04,255 [main] (Eval.java:2158) - 
	Get EDGE in 0ms.  
	FOR EDGE{?departement igeo:nom ?nom}

 INFO 2016-03-29 11:14:04,255 [main] (ParallelMetaProducerLessBlocking.java:61) - Searching for edge : ?departement igeo:nom ?nom
 INFO 2016-03-29 11:14:04,255 [main] (ParallelMetaProducerLessBlocking.java:193) - Global results retrieved in getEdges 0ms.
 INFO 2016-03-29 11:14:04,255 [main] (Eval.java:2158) - 
	Get EDGE in 0ms.  
	FOR EDGE{?departement igeo:nom ?nom}

 INFO 2016-03-29 11:14:04,255 [main] (Eval.java:2158) - 
	Get EDGE in 16ms.  
	FOR EDGE{?region igeo:subdivisionDirecte ?departement}

 INFO 2016-03-29 11:14:04,256 [main] (ParallelMetaProducerLessBlocking.java:61) - Searching for edge : ?region igeo:subdivisionDirecte ?departement
 INFO 2016-03-29 11:14:04,256 [pool-38-thread-1] (CallableResult.java:52) - CallableResult for GetEdge
 INFO 2016-03-29 11:14:04,256 [pool-38-thread-2] (CallableResult.java:52) - CallableResult for GetEdge
 INFO 2016-03-29 11:14:04,274 [pool-38-thread-2] (CallableResult.java:63) - Finished CallableResult in 18 ms.
 INFO 2016-03-29 11:14:04,274 [pool-38-thread-1] (CallableResult.java:63) - Finished CallableResult in 18 ms.
 INFO 2016-03-29 11:14:04,274 [main] (ParallelMetaProducerLessBlocking.java:193) - Global results retrieved in getEdges 18ms.
 INFO 2016-03-29 11:14:04,275 [main] (ParallelMetaProducerLessBlocking.java:61) - Searching for edge : ?departement igeo:nom ?nom
 INFO 2016-03-29 11:14:04,275 [main] (ParallelMetaProducerLessBlocking.java:193) - Global results retrieved in getEdges 0ms.
 INFO 2016-03-29 11:14:04,275 [main] (Eval.java:2158) - 
	Get EDGE in 0ms.  
	FOR EDGE{?departement igeo:nom ?nom}

 INFO 2016-03-29 11:14:04,275 [main] (ParallelMetaProducerLessBlocking.java:61) - Searching for edge : ?departement igeo:nom ?nom
 INFO 2016-03-29 11:14:04,275 [main] (ParallelMetaProducerLessBlocking.java:193) - Global results retrieved in getEdges 0ms.
 INFO 2016-03-29 11:14:04,275 [main] (Eval.java:2158) - 
	Get EDGE in 0ms.  
	FOR EDGE{?departement igeo:nom ?nom}

 INFO 2016-03-29 11:14:04,276 [main] (ParallelMetaProducerLessBlocking.java:61) - Searching for edge : ?departement igeo:nom ?nom
 INFO 2016-03-29 11:14:04,276 [main] (ParallelMetaProducerLessBlocking.java:193) - Global results retrieved in getEdges 0ms.
 INFO 2016-03-29 11:14:04,276 [main] (Eval.java:2158) - 
	Get EDGE in 1ms.  
	FOR EDGE{?departement igeo:nom ?nom}

 INFO 2016-03-29 11:14:04,276 [main] (ParallelMetaProducerLessBlocking.java:61) - Searching for edge : ?departement igeo:nom ?nom
 INFO 2016-03-29 11:14:04,276 [main] (ParallelMetaProducerLessBlocking.java:193) - Global results retrieved in getEdges 0ms.
 INFO 2016-03-29 11:14:04,277 [main] (Eval.java:2158) - 
	Get EDGE in 1ms.  
	FOR EDGE{?departement igeo:nom ?nom}

 INFO 2016-03-29 11:14:04,277 [main] (ParallelMetaProducerLessBlocking.java:61) - Searching for edge : ?departement igeo:nom ?nom
 INFO 2016-03-29 11:14:04,277 [main] (ParallelMetaProducerLessBlocking.java:193) - Global results retrieved in getEdges 0ms.
 INFO 2016-03-29 11:14:04,277 [main] (Eval.java:2158) - 
	Get EDGE in 0ms.  
	FOR EDGE{?departement igeo:nom ?nom}

 INFO 2016-03-29 11:14:04,278 [main] (Eval.java:2158) - 
	Get EDGE in 22ms.  
	FOR EDGE{?region igeo:subdivisionDirecte ?departement}

 INFO 2016-03-29 11:14:04,279 [main] (ParallelMetaProducerLessBlocking.java:61) - Searching for edge : ?region igeo:subdivisionDirecte ?departement
 INFO 2016-03-29 11:14:04,279 [pool-44-thread-1] (CallableResult.java:52) - CallableResult for GetEdge
 INFO 2016-03-29 11:14:04,279 [pool-44-thread-2] (CallableResult.java:52) - CallableResult for GetEdge
 INFO 2016-03-29 11:14:04,292 [pool-44-thread-1] (CallableResult.java:63) - Finished CallableResult in 13 ms.
 INFO 2016-03-29 11:14:04,298 [pool-44-thread-2] (CallableResult.java:63) - Finished CallableResult in 19 ms.
 INFO 2016-03-29 11:14:04,299 [main] (ParallelMetaProducerLessBlocking.java:193) - Global results retrieved in getEdges 20ms.
 INFO 2016-03-29 11:14:04,300 [main] (ParallelMetaProducerLessBlocking.java:61) - Searching for edge : ?departement igeo:nom ?nom
 INFO 2016-03-29 11:14:04,301 [main] (ParallelMetaProducerLessBlocking.java:193) - Global results retrieved in getEdges 1ms.
 INFO 2016-03-29 11:14:04,301 [main] (Eval.java:2158) - 
	Get EDGE in 1ms.  
	FOR EDGE{?departement igeo:nom ?nom}

 INFO 2016-03-29 11:14:04,302 [main] (ParallelMetaProducerLessBlocking.java:61) - Searching for edge : ?departement igeo:nom ?nom
 INFO 2016-03-29 11:14:04,302 [main] (ParallelMetaProducerLessBlocking.java:193) - Global results retrieved in getEdges 0ms.
 INFO 2016-03-29 11:14:04,302 [main] (Eval.java:2158) - 
	Get EDGE in 1ms.  
	FOR EDGE{?departement igeo:nom ?nom}

 INFO 2016-03-29 11:14:04,302 [main] (ParallelMetaProducerLessBlocking.java:61) - Searching for edge : ?departement igeo:nom ?nom
 INFO 2016-03-29 11:14:04,303 [main] (ParallelMetaProducerLessBlocking.java:193) - Global results retrieved in getEdges 0ms.
 INFO 2016-03-29 11:14:04,303 [main] (Eval.java:2158) - 
	Get EDGE in 1ms.  
	FOR EDGE{?departement igeo:nom ?nom}

 INFO 2016-03-29 11:14:04,303 [main] (ParallelMetaProducerLessBlocking.java:61) - Searching for edge : ?departement igeo:nom ?nom
 INFO 2016-03-29 11:14:04,304 [main] (ParallelMetaProducerLessBlocking.java:193) - Global results retrieved in getEdges 1ms.
 INFO 2016-03-29 11:14:04,304 [main] (Eval.java:2158) - 
	Get EDGE in 1ms.  
	FOR EDGE{?departement igeo:nom ?nom}

 INFO 2016-03-29 11:14:04,304 [main] (Eval.java:2158) - 
	Get EDGE in 25ms.  
	FOR EDGE{?region igeo:subdivisionDirecte ?departement}

 INFO 2016-03-29 11:14:04,304 [main] (ParallelMetaProducerLessBlocking.java:61) - Searching for edge : ?region igeo:subdivisionDirecte ?departement
 INFO 2016-03-29 11:14:04,305 [pool-49-thread-1] (CallableResult.java:52) - CallableResult for GetEdge
 INFO 2016-03-29 11:14:04,305 [pool-49-thread-2] (CallableResult.java:52) - CallableResult for GetEdge
 INFO 2016-03-29 11:14:04,319 [pool-49-thread-1] (CallableResult.java:63) - Finished CallableResult in 14 ms.
 INFO 2016-03-29 11:14:04,322 [pool-49-thread-2] (CallableResult.java:63) - Finished CallableResult in 17 ms.
 INFO 2016-03-29 11:14:04,323 [main] (ParallelMetaProducerLessBlocking.java:193) - Global results retrieved in getEdges 18ms.
 INFO 2016-03-29 11:14:04,323 [main] (ParallelMetaProducerLessBlocking.java:61) - Searching for edge : ?departement igeo:nom ?nom
 INFO 2016-03-29 11:14:04,323 [main] (ParallelMetaProducerLessBlocking.java:193) - Global results retrieved in getEdges 0ms.
 INFO 2016-03-29 11:14:04,324 [main] (Eval.java:2158) - 
	Get EDGE in 1ms.  
	FOR EDGE{?departement igeo:nom ?nom}

 INFO 2016-03-29 11:14:04,324 [main] (ParallelMetaProducerLessBlocking.java:61) - Searching for edge : ?departement igeo:nom ?nom
 INFO 2016-03-29 11:14:04,324 [main] (ParallelMetaProducerLessBlocking.java:193) - Global results retrieved in getEdges 0ms.
 INFO 2016-03-29 11:14:04,325 [main] (Eval.java:2158) - 
	Get EDGE in 1ms.  
	FOR EDGE{?departement igeo:nom ?nom}

 INFO 2016-03-29 11:14:04,325 [main] (ParallelMetaProducerLessBlocking.java:61) - Searching for edge : ?departement igeo:nom ?nom
 INFO 2016-03-29 11:14:04,326 [main] (ParallelMetaProducerLessBlocking.java:193) - Global results retrieved in getEdges 0ms.
 INFO 2016-03-29 11:14:04,326 [main] (Eval.java:2158) - 
	Get EDGE in 1ms.  
	FOR EDGE{?departement igeo:nom ?nom}

 INFO 2016-03-29 11:14:04,326 [main] (Eval.java:2158) - 
	Get EDGE in 22ms.  
	FOR EDGE{?region igeo:subdivisionDirecte ?departement}

 INFO 2016-03-29 11:14:04,326 [main] (ParallelMetaProducerLessBlocking.java:61) - Searching for edge : ?region igeo:subdivisionDirecte ?departement
 INFO 2016-03-29 11:14:04,327 [pool-53-thread-1] (CallableResult.java:52) - CallableResult for GetEdge
 INFO 2016-03-29 11:14:04,327 [pool-53-thread-2] (CallableResult.java:52) - CallableResult for GetEdge
 INFO 2016-03-29 11:14:04,340 [pool-53-thread-2] (CallableResult.java:63) - Finished CallableResult in 13 ms.
 INFO 2016-03-29 11:14:04,342 [pool-53-thread-1] (CallableResult.java:63) - Finished CallableResult in 15 ms.
 INFO 2016-03-29 11:14:04,342 [main] (ParallelMetaProducerLessBlocking.java:193) - Global results retrieved in getEdges 15ms.
 INFO 2016-03-29 11:14:04,343 [main] (ParallelMetaProducerLessBlocking.java:61) - Searching for edge : ?departement igeo:nom ?nom
 INFO 2016-03-29 11:14:04,343 [main] (ParallelMetaProducerLessBlocking.java:193) - Global results retrieved in getEdges 0ms.
 INFO 2016-03-29 11:14:04,343 [main] (Eval.java:2158) - 
	Get EDGE in 0ms.  
	FOR EDGE{?departement igeo:nom ?nom}

 INFO 2016-03-29 11:14:04,343 [main] (ParallelMetaProducerLessBlocking.java:61) - Searching for edge : ?departement igeo:nom ?nom
 INFO 2016-03-29 11:14:04,343 [main] (ParallelMetaProducerLessBlocking.java:193) - Global results retrieved in getEdges 0ms.
 INFO 2016-03-29 11:14:04,343 [main] (Eval.java:2158) - 
	Get EDGE in 0ms.  
	FOR EDGE{?departement igeo:nom ?nom}

 INFO 2016-03-29 11:14:04,344 [main] (ParallelMetaProducerLessBlocking.java:61) - Searching for edge : ?departement igeo:nom ?nom
 INFO 2016-03-29 11:14:04,344 [main] (ParallelMetaProducerLessBlocking.java:193) - Global results retrieved in getEdges 0ms.
 INFO 2016-03-29 11:14:04,344 [main] (Eval.java:2158) - 
	Get EDGE in 0ms.  
	FOR EDGE{?departement igeo:nom ?nom}

 INFO 2016-03-29 11:14:04,345 [main] (ParallelMetaProducerLessBlocking.java:61) - Searching for edge : ?departement igeo:nom ?nom
 INFO 2016-03-29 11:14:04,345 [main] (ParallelMetaProducerLessBlocking.java:193) - Global results retrieved in getEdges 0ms.
 INFO 2016-03-29 11:14:04,345 [main] (Eval.java:2158) - 
	Get EDGE in 0ms.  
	FOR EDGE{?departement igeo:nom ?nom}

 INFO 2016-03-29 11:14:04,346 [main] (ParallelMetaProducerLessBlocking.java:61) - Searching for edge : ?departement igeo:nom ?nom
 INFO 2016-03-29 11:14:04,346 [main] (ParallelMetaProducerLessBlocking.java:193) - Global results retrieved in getEdges 0ms.
 INFO 2016-03-29 11:14:04,346 [main] (Eval.java:2158) - 
	Get EDGE in 0ms.  
	FOR EDGE{?departement igeo:nom ?nom}

 INFO 2016-03-29 11:14:04,346 [main] (ParallelMetaProducerLessBlocking.java:61) - Searching for edge : ?departement igeo:nom ?nom
 INFO 2016-03-29 11:14:04,346 [main] (ParallelMetaProducerLessBlocking.java:193) - Global results retrieved in getEdges 0ms.
 INFO 2016-03-29 11:14:04,346 [main] (Eval.java:2158) - 
	Get EDGE in 0ms.  
	FOR EDGE{?departement igeo:nom ?nom}

 INFO 2016-03-29 11:14:04,346 [main] (Eval.java:2158) - 
	Get EDGE in 20ms.  
	FOR EDGE{?region igeo:subdivisionDirecte ?departement}

 INFO 2016-03-29 11:14:04,346 [main] (ParallelMetaProducerLessBlocking.java:61) - Searching for edge : ?region igeo:subdivisionDirecte ?departement
 INFO 2016-03-29 11:14:04,347 [pool-60-thread-1] (CallableResult.java:52) - CallableResult for GetEdge
 INFO 2016-03-29 11:14:04,347 [pool-60-thread-2] (CallableResult.java:52) - CallableResult for GetEdge
 INFO 2016-03-29 11:14:04,354 [pool-60-thread-1] (CallableResult.java:63) - Finished CallableResult in 7 ms.
 INFO 2016-03-29 11:14:04,356 [pool-60-thread-2] (CallableResult.java:63) - Finished CallableResult in 9 ms.
 INFO 2016-03-29 11:14:04,356 [main] (ParallelMetaProducerLessBlocking.java:193) - Global results retrieved in getEdges 9ms.
 INFO 2016-03-29 11:14:04,356 [main] (ParallelMetaProducerLessBlocking.java:61) - Searching for edge : ?departement igeo:nom ?nom
 INFO 2016-03-29 11:14:04,356 [main] (ParallelMetaProducerLessBlocking.java:193) - Global results retrieved in getEdges 0ms.
 INFO 2016-03-29 11:14:04,357 [main] (Eval.java:2158) - 
	Get EDGE in 1ms.  
	FOR EDGE{?departement igeo:nom ?nom}

 INFO 2016-03-29 11:14:04,357 [main] (ParallelMetaProducerLessBlocking.java:61) - Searching for edge : ?departement igeo:nom ?nom
 INFO 2016-03-29 11:14:04,357 [main] (ParallelMetaProducerLessBlocking.java:193) - Global results retrieved in getEdges 0ms.
 INFO 2016-03-29 11:14:04,357 [main] (Eval.java:2158) - 
	Get EDGE in 0ms.  
	FOR EDGE{?departement igeo:nom ?nom}

 INFO 2016-03-29 11:14:04,357 [main] (Eval.java:2158) - 
	Get EDGE in 11ms.  
	FOR EDGE{?region igeo:subdivisionDirecte ?departement}

 INFO 2016-03-29 11:14:04,357 [main] (ParallelMetaProducerLessBlocking.java:61) - Searching for edge : ?region igeo:subdivisionDirecte ?departement
 INFO 2016-03-29 11:14:04,357 [pool-63-thread-1] (CallableResult.java:52) - CallableResult for GetEdge
 INFO 2016-03-29 11:14:04,357 [pool-63-thread-2] (CallableResult.java:52) - CallableResult for GetEdge
 INFO 2016-03-29 11:14:04,367 [pool-63-thread-1] (CallableResult.java:63) - Finished CallableResult in 10 ms.
 INFO 2016-03-29 11:14:04,369 [pool-63-thread-2] (CallableResult.java:63) - Finished CallableResult in 12 ms.
 INFO 2016-03-29 11:14:04,369 [main] (ParallelMetaProducerLessBlocking.java:193) - Global results retrieved in getEdges 12ms.
 INFO 2016-03-29 11:14:04,369 [main] (ParallelMetaProducerLessBlocking.java:61) - Searching for edge : ?departement igeo:nom ?nom
 INFO 2016-03-29 11:14:04,370 [main] (ParallelMetaProducerLessBlocking.java:193) - Global results retrieved in getEdges 0ms.
 INFO 2016-03-29 11:14:04,370 [main] (Eval.java:2158) - 
	Get EDGE in 1ms.  
	FOR EDGE{?departement igeo:nom ?nom}

 INFO 2016-03-29 11:14:04,370 [main] (ParallelMetaProducerLessBlocking.java:61) - Searching for edge : ?departement igeo:nom ?nom
 INFO 2016-03-29 11:14:04,370 [main] (ParallelMetaProducerLessBlocking.java:193) - Global results retrieved in getEdges 0ms.
 INFO 2016-03-29 11:14:04,370 [main] (Eval.java:2158) - 
	Get EDGE in 0ms.  
	FOR EDGE{?departement igeo:nom ?nom}

 INFO 2016-03-29 11:14:04,370 [main] (ParallelMetaProducerLessBlocking.java:61) - Searching for edge : ?departement igeo:nom ?nom
 INFO 2016-03-29 11:14:04,371 [main] (ParallelMetaProducerLessBlocking.java:193) - Global results retrieved in getEdges 0ms.
 INFO 2016-03-29 11:14:04,371 [main] (Eval.java:2158) - 
	Get EDGE in 1ms.  
	FOR EDGE{?departement igeo:nom ?nom}

 INFO 2016-03-29 11:14:04,371 [main] (ParallelMetaProducerLessBlocking.java:61) - Searching for edge : ?departement igeo:nom ?nom
 INFO 2016-03-29 11:14:04,371 [main] (ParallelMetaProducerLessBlocking.java:193) - Global results retrieved in getEdges 0ms.
 INFO 2016-03-29 11:14:04,371 [main] (Eval.java:2158) - 
	Get EDGE in 0ms.  
	FOR EDGE{?departement igeo:nom ?nom}

 INFO 2016-03-29 11:14:04,372 [main] (Eval.java:2158) - 
	Get EDGE in 15ms.  
	FOR EDGE{?region igeo:subdivisionDirecte ?departement}

 INFO 2016-03-29 11:14:04,372 [main] (ParallelMetaProducerLessBlocking.java:61) - Searching for edge : ?region igeo:subdivisionDirecte ?departement
 INFO 2016-03-29 11:14:04,372 [pool-68-thread-1] (CallableResult.java:52) - CallableResult for GetEdge
 INFO 2016-03-29 11:14:04,373 [pool-68-thread-2] (CallableResult.java:52) - CallableResult for GetEdge
 INFO 2016-03-29 11:14:04,383 [pool-68-thread-1] (CallableResult.java:63) - Finished CallableResult in 11 ms.
 INFO 2016-03-29 11:14:04,384 [pool-68-thread-2] (CallableResult.java:63) - Finished CallableResult in 11 ms.
 INFO 2016-03-29 11:14:04,385 [main] (ParallelMetaProducerLessBlocking.java:193) - Global results retrieved in getEdges 12ms.
 INFO 2016-03-29 11:14:04,385 [main] (ParallelMetaProducerLessBlocking.java:61) - Searching for edge : ?departement igeo:nom ?nom
 INFO 2016-03-29 11:14:04,385 [main] (ParallelMetaProducerLessBlocking.java:193) - Global results retrieved in getEdges 0ms.
 INFO 2016-03-29 11:14:04,385 [main] (Eval.java:2158) - 
	Get EDGE in 0ms.  
	FOR EDGE{?departement igeo:nom ?nom}

 INFO 2016-03-29 11:14:04,386 [main] (ParallelMetaProducerLessBlocking.java:61) - Searching for edge : ?departement igeo:nom ?nom
 INFO 2016-03-29 11:14:04,386 [main] (ParallelMetaProducerLessBlocking.java:193) - Global results retrieved in getEdges 0ms.
 INFO 2016-03-29 11:14:04,386 [main] (Eval.java:2158) - 
	Get EDGE in 0ms.  
	FOR EDGE{?departement igeo:nom ?nom}

 INFO 2016-03-29 11:14:04,386 [main] (ParallelMetaProducerLessBlocking.java:61) - Searching for edge : ?departement igeo:nom ?nom
 INFO 2016-03-29 11:14:04,386 [main] (ParallelMetaProducerLessBlocking.java:193) - Global results retrieved in getEdges 0ms.
 INFO 2016-03-29 11:14:04,386 [main] (Eval.java:2158) - 
	Get EDGE in 0ms.  
	FOR EDGE{?departement igeo:nom ?nom}

 INFO 2016-03-29 11:14:04,387 [main] (ParallelMetaProducerLessBlocking.java:61) - Searching for edge : ?departement igeo:nom ?nom
 INFO 2016-03-29 11:14:04,387 [main] (ParallelMetaProducerLessBlocking.java:193) - Global results retrieved in getEdges 0ms.
 INFO 2016-03-29 11:14:04,387 [main] (Eval.java:2158) - 
	Get EDGE in 0ms.  
	FOR EDGE{?departement igeo:nom ?nom}

 INFO 2016-03-29 11:14:04,387 [main] (Eval.java:2158) - 
	Get EDGE in 15ms.  
	FOR EDGE{?region igeo:subdivisionDirecte ?departement}

 INFO 2016-03-29 11:14:04,387 [main] (ParallelMetaProducerLessBlocking.java:61) - Searching for edge : ?region igeo:subdivisionDirecte ?departement
 INFO 2016-03-29 11:14:04,388 [pool-73-thread-1] (CallableResult.java:52) - CallableResult for GetEdge
 INFO 2016-03-29 11:14:04,388 [pool-73-thread-2] (CallableResult.java:52) - CallableResult for GetEdge
 INFO 2016-03-29 11:14:04,397 [pool-73-thread-1] (CallableResult.java:63) - Finished CallableResult in 9 ms.
 INFO 2016-03-29 11:14:04,403 [pool-73-thread-2] (CallableResult.java:63) - Finished CallableResult in 15 ms.
 INFO 2016-03-29 11:14:04,404 [main] (ParallelMetaProducerLessBlocking.java:193) - Global results retrieved in getEdges 16ms.
 INFO 2016-03-29 11:14:04,404 [main] (ParallelMetaProducerLessBlocking.java:61) - Searching for edge : ?departement igeo:nom ?nom
 INFO 2016-03-29 11:14:04,404 [main] (ParallelMetaProducerLessBlocking.java:193) - Global results retrieved in getEdges 0ms.
 INFO 2016-03-29 11:14:04,404 [main] (Eval.java:2158) - 
	Get EDGE in 0ms.  
	FOR EDGE{?departement igeo:nom ?nom}

 INFO 2016-03-29 11:14:04,404 [main] (ParallelMetaProducerLessBlocking.java:61) - Searching for edge : ?departement igeo:nom ?nom
 INFO 2016-03-29 11:14:04,404 [main] (ParallelMetaProducerLessBlocking.java:193) - Global results retrieved in getEdges 0ms.
 INFO 2016-03-29 11:14:04,405 [main] (Eval.java:2158) - 
	Get EDGE in 0ms.  
	FOR EDGE{?departement igeo:nom ?nom}

 INFO 2016-03-29 11:14:04,405 [main] (ParallelMetaProducerLessBlocking.java:61) - Searching for edge : ?departement igeo:nom ?nom
 INFO 2016-03-29 11:14:04,405 [main] (ParallelMetaProducerLessBlocking.java:193) - Global results retrieved in getEdges 0ms.
 INFO 2016-03-29 11:14:04,405 [main] (Eval.java:2158) - 
	Get EDGE in 0ms.  
	FOR EDGE{?departement igeo:nom ?nom}

 INFO 2016-03-29 11:14:04,405 [main] (Eval.java:2158) - 
	Get EDGE in 18ms.  
	FOR EDGE{?region igeo:subdivisionDirecte ?departement}

 INFO 2016-03-29 11:14:04,405 [main] (ParallelMetaProducerLessBlocking.java:61) - Searching for edge : ?region igeo:subdivisionDirecte ?departement
 INFO 2016-03-29 11:14:04,406 [pool-77-thread-1] (CallableResult.java:52) - CallableResult for GetEdge
 INFO 2016-03-29 11:14:04,406 [pool-77-thread-2] (CallableResult.java:52) - CallableResult for GetEdge
 INFO 2016-03-29 11:14:04,413 [pool-77-thread-2] (CallableResult.java:63) - Finished CallableResult in 7 ms.
 INFO 2016-03-29 11:14:04,414 [pool-77-thread-1] (CallableResult.java:63) - Finished CallableResult in 8 ms.
 INFO 2016-03-29 11:14:04,414 [main] (ParallelMetaProducerLessBlocking.java:193) - Global results retrieved in getEdges 8ms.
 INFO 2016-03-29 11:14:04,414 [main] (ParallelMetaProducerLessBlocking.java:61) - Searching for edge : ?departement igeo:nom ?nom
 INFO 2016-03-29 11:14:04,414 [main] (ParallelMetaProducerLessBlocking.java:193) - Global results retrieved in getEdges 0ms.
 INFO 2016-03-29 11:14:04,414 [main] (Eval.java:2158) - 
	Get EDGE in 0ms.  
	FOR EDGE{?departement igeo:nom ?nom}

 INFO 2016-03-29 11:14:04,415 [main] (ParallelMetaProducerLessBlocking.java:61) - Searching for edge : ?departement igeo:nom ?nom
 INFO 2016-03-29 11:14:04,415 [main] (ParallelMetaProducerLessBlocking.java:193) - Global results retrieved in getEdges 0ms.
 INFO 2016-03-29 11:14:04,415 [main] (Eval.java:2158) - 
	Get EDGE in 0ms.  
	FOR EDGE{?departement igeo:nom ?nom}

 INFO 2016-03-29 11:14:04,415 [main] (ParallelMetaProducerLessBlocking.java:61) - Searching for edge : ?departement igeo:nom ?nom
 INFO 2016-03-29 11:14:04,415 [main] (ParallelMetaProducerLessBlocking.java:193) - Global results retrieved in getEdges 0ms.
 INFO 2016-03-29 11:14:04,415 [main] (Eval.java:2158) - 
	Get EDGE in 0ms.  
	FOR EDGE{?departement igeo:nom ?nom}

 INFO 2016-03-29 11:14:04,416 [main] (ParallelMetaProducerLessBlocking.java:61) - Searching for edge : ?departement igeo:nom ?nom
 INFO 2016-03-29 11:14:04,416 [main] (ParallelMetaProducerLessBlocking.java:193) - Global results retrieved in getEdges 0ms.
 INFO 2016-03-29 11:14:04,416 [main] (Eval.java:2158) - 
	Get EDGE in 0ms.  
	FOR EDGE{?departement igeo:nom ?nom}

 INFO 2016-03-29 11:14:04,416 [main] (Eval.java:2158) - 
	Get EDGE in 11ms.  
	FOR EDGE{?region igeo:subdivisionDirecte ?departement}

 INFO 2016-03-29 11:14:04,417 [main] (ParallelMetaProducerLessBlocking.java:61) - Searching for edge : ?region igeo:subdivisionDirecte ?departement
 INFO 2016-03-29 11:14:04,417 [pool-82-thread-1] (CallableResult.java:52) - CallableResult for GetEdge
 INFO 2016-03-29 11:14:04,417 [pool-82-thread-2] (CallableResult.java:52) - CallableResult for GetEdge
 INFO 2016-03-29 11:14:04,425 [pool-82-thread-1] (CallableResult.java:63) - Finished CallableResult in 8 ms.
 INFO 2016-03-29 11:14:04,426 [pool-82-thread-2] (CallableResult.java:63) - Finished CallableResult in 9 ms.
 INFO 2016-03-29 11:14:04,428 [main] (ParallelMetaProducerLessBlocking.java:193) - Global results retrieved in getEdges 11ms.
 INFO 2016-03-29 11:14:04,428 [main] (ParallelMetaProducerLessBlocking.java:61) - Searching for edge : ?departement igeo:nom ?nom
 INFO 2016-03-29 11:14:04,429 [main] (ParallelMetaProducerLessBlocking.java:193) - Global results retrieved in getEdges 0ms.
 INFO 2016-03-29 11:14:04,429 [main] (Eval.java:2158) - 
	Get EDGE in 1ms.  
	FOR EDGE{?departement igeo:nom ?nom}

 INFO 2016-03-29 11:14:04,429 [main] (ParallelMetaProducerLessBlocking.java:61) - Searching for edge : ?departement igeo:nom ?nom
 INFO 2016-03-29 11:14:04,429 [main] (ParallelMetaProducerLessBlocking.java:193) - Global results retrieved in getEdges 0ms.
 INFO 2016-03-29 11:14:04,430 [main] (Eval.java:2158) - 
	Get EDGE in 1ms.  
	FOR EDGE{?departement igeo:nom ?nom}

 INFO 2016-03-29 11:14:04,430 [main] (ParallelMetaProducerLessBlocking.java:61) - Searching for edge : ?departement igeo:nom ?nom
 INFO 2016-03-29 11:14:04,430 [main] (ParallelMetaProducerLessBlocking.java:193) - Global results retrieved in getEdges 0ms.
 INFO 2016-03-29 11:14:04,430 [main] (Eval.java:2158) - 
	Get EDGE in 0ms.  
	FOR EDGE{?departement igeo:nom ?nom}

 INFO 2016-03-29 11:14:04,430 [main] (ParallelMetaProducerLessBlocking.java:61) - Searching for edge : ?departement igeo:nom ?nom
 INFO 2016-03-29 11:14:04,431 [main] (ParallelMetaProducerLessBlocking.java:193) - Global results retrieved in getEdges 0ms.
 INFO 2016-03-29 11:14:04,431 [main] (Eval.java:2158) - 
	Get EDGE in 1ms.  
	FOR EDGE{?departement igeo:nom ?nom}

 INFO 2016-03-29 11:14:04,431 [main] (ParallelMetaProducerLessBlocking.java:61) - Searching for edge : ?departement igeo:nom ?nom
 INFO 2016-03-29 11:14:04,431 [main] (ParallelMetaProducerLessBlocking.java:193) - Global results retrieved in getEdges 0ms.
 INFO 2016-03-29 11:14:04,431 [main] (Eval.java:2158) - 
	Get EDGE in 0ms.  
	FOR EDGE{?departement igeo:nom ?nom}

 INFO 2016-03-29 11:14:04,431 [main] (Eval.java:2158) - 
	Get EDGE in 14ms.  
	FOR EDGE{?region igeo:subdivisionDirecte ?departement}

 INFO 2016-03-29 11:14:04,431 [main] (ParallelMetaProducerLessBlocking.java:61) - Searching for edge : ?region igeo:subdivisionDirecte ?departement
 INFO 2016-03-29 11:14:04,432 [pool-88-thread-1] (CallableResult.java:52) - CallableResult for GetEdge
 INFO 2016-03-29 11:14:04,432 [pool-88-thread-2] (CallableResult.java:52) - CallableResult for GetEdge
 INFO 2016-03-29 11:14:04,440 [pool-88-thread-1] (CallableResult.java:63) - Finished CallableResult in 8 ms.
 INFO 2016-03-29 11:14:04,441 [pool-88-thread-2] (CallableResult.java:63) - Finished CallableResult in 9 ms.
 INFO 2016-03-29 11:14:04,441 [main] (ParallelMetaProducerLessBlocking.java:193) - Global results retrieved in getEdges 9ms.
 INFO 2016-03-29 11:14:04,442 [main] (ParallelMetaProducerLessBlocking.java:61) - Searching for edge : ?departement igeo:nom ?nom
 INFO 2016-03-29 11:14:04,442 [main] (ParallelMetaProducerLessBlocking.java:193) - Global results retrieved in getEdges 0ms.
 INFO 2016-03-29 11:14:04,442 [main] (Eval.java:2158) - 
	Get EDGE in 0ms.  
	FOR EDGE{?departement igeo:nom ?nom}

 INFO 2016-03-29 11:14:04,442 [main] (ParallelMetaProducerLessBlocking.java:61) - Searching for edge : ?departement igeo:nom ?nom
 INFO 2016-03-29 11:14:04,442 [main] (ParallelMetaProducerLessBlocking.java:193) - Global results retrieved in getEdges 0ms.
 INFO 2016-03-29 11:14:04,442 [main] (Eval.java:2158) - 
	Get EDGE in 0ms.  
	FOR EDGE{?departement igeo:nom ?nom}

 INFO 2016-03-29 11:14:04,442 [main] (ParallelMetaProducerLessBlocking.java:61) - Searching for edge : ?departement igeo:nom ?nom
 INFO 2016-03-29 11:14:04,442 [main] (ParallelMetaProducerLessBlocking.java:193) - Global results retrieved in getEdges 0ms.
 INFO 2016-03-29 11:14:04,443 [main] (Eval.java:2158) - 
	Get EDGE in 1ms.  
	FOR EDGE{?departement igeo:nom ?nom}

 INFO 2016-03-29 11:14:04,443 [main] (ParallelMetaProducerLessBlocking.java:61) - Searching for edge : ?departement igeo:nom ?nom
 INFO 2016-03-29 11:14:04,443 [main] (ParallelMetaProducerLessBlocking.java:193) - Global results retrieved in getEdges 0ms.
 INFO 2016-03-29 11:14:04,443 [main] (Eval.java:2158) - 
	Get EDGE in 0ms.  
	FOR EDGE{?departement igeo:nom ?nom}

 INFO 2016-03-29 11:14:04,443 [main] (Eval.java:2158) - 
	Get EDGE in 12ms.  
	FOR EDGE{?region igeo:subdivisionDirecte ?departement}

 INFO 2016-03-29 11:14:04,443 [main] (ParallelMetaProducerLessBlocking.java:61) - Searching for edge : ?region igeo:subdivisionDirecte ?departement
 INFO 2016-03-29 11:14:04,444 [pool-93-thread-1] (CallableResult.java:52) - CallableResult for GetEdge
 INFO 2016-03-29 11:14:04,444 [pool-93-thread-2] (CallableResult.java:52) - CallableResult for GetEdge
 INFO 2016-03-29 11:14:04,457 [pool-93-thread-2] (CallableResult.java:63) - Finished CallableResult in 13 ms.
 INFO 2016-03-29 11:14:04,459 [pool-93-thread-1] (CallableResult.java:63) - Finished CallableResult in 15 ms.
 INFO 2016-03-29 11:14:04,460 [main] (ParallelMetaProducerLessBlocking.java:193) - Global results retrieved in getEdges 16ms.
 INFO 2016-03-29 11:14:04,461 [main] (ParallelMetaProducerLessBlocking.java:61) - Searching for edge : ?departement igeo:nom ?nom
 INFO 2016-03-29 11:14:04,461 [main] (ParallelMetaProducerLessBlocking.java:193) - Global results retrieved in getEdges 0ms.
 INFO 2016-03-29 11:14:04,461 [main] (Eval.java:2158) - 
	Get EDGE in 0ms.  
	FOR EDGE{?departement igeo:nom ?nom}

 INFO 2016-03-29 11:14:04,462 [main] (ParallelMetaProducerLessBlocking.java:61) - Searching for edge : ?departement igeo:nom ?nom
 INFO 2016-03-29 11:14:04,462 [main] (ParallelMetaProducerLessBlocking.java:193) - Global results retrieved in getEdges 0ms.
 INFO 2016-03-29 11:14:04,463 [main] (Eval.java:2158) - 
	Get EDGE in 1ms.  
	FOR EDGE{?departement igeo:nom ?nom}

 INFO 2016-03-29 11:14:04,463 [main] (ParallelMetaProducerLessBlocking.java:61) - Searching for edge : ?departement igeo:nom ?nom
 INFO 2016-03-29 11:14:04,463 [main] (ParallelMetaProducerLessBlocking.java:193) - Global results retrieved in getEdges 0ms.
 INFO 2016-03-29 11:14:04,464 [main] (Eval.java:2158) - 
	Get EDGE in 1ms.  
	FOR EDGE{?departement igeo:nom ?nom}

 INFO 2016-03-29 11:14:04,464 [main] (ParallelMetaProducerLessBlocking.java:61) - Searching for edge : ?departement igeo:nom ?nom
 INFO 2016-03-29 11:14:04,464 [main] (ParallelMetaProducerLessBlocking.java:193) - Global results retrieved in getEdges 0ms.
 INFO 2016-03-29 11:14:04,464 [main] (Eval.java:2158) - 
	Get EDGE in 0ms.  
	FOR EDGE{?departement igeo:nom ?nom}

 INFO 2016-03-29 11:14:04,464 [main] (ParallelMetaProducerLessBlocking.java:61) - Searching for edge : ?departement igeo:nom ?nom
 INFO 2016-03-29 11:14:04,464 [main] (ParallelMetaProducerLessBlocking.java:193) - Global results retrieved in getEdges 0ms.
 INFO 2016-03-29 11:14:04,465 [main] (Eval.java:2158) - 
	Get EDGE in 1ms.  
	FOR EDGE{?departement igeo:nom ?nom}

 INFO 2016-03-29 11:14:04,465 [main] (ParallelMetaProducerLessBlocking.java:61) - Searching for edge : ?departement igeo:nom ?nom
 INFO 2016-03-29 11:14:04,465 [main] (ParallelMetaProducerLessBlocking.java:193) - Global results retrieved in getEdges 0ms.
 INFO 2016-03-29 11:14:04,465 [main] (Eval.java:2158) - 
	Get EDGE in 0ms.  
	FOR EDGE{?departement igeo:nom ?nom}

 INFO 2016-03-29 11:14:04,465 [main] (ParallelMetaProducerLessBlocking.java:61) - Searching for edge : ?departement igeo:nom ?nom
 INFO 2016-03-29 11:14:04,465 [main] (ParallelMetaProducerLessBlocking.java:193) - Global results retrieved in getEdges 0ms.
 INFO 2016-03-29 11:14:04,466 [main] (Eval.java:2158) - 
	Get EDGE in 1ms.  
	FOR EDGE{?departement igeo:nom ?nom}

 INFO 2016-03-29 11:14:04,466 [main] (ParallelMetaProducerLessBlocking.java:61) - Searching for edge : ?departement igeo:nom ?nom
 INFO 2016-03-29 11:14:04,466 [main] (ParallelMetaProducerLessBlocking.java:193) - Global results retrieved in getEdges 0ms.
 INFO 2016-03-29 11:14:04,466 [main] (Eval.java:2158) - 
	Get EDGE in 0ms.  
	FOR EDGE{?departement igeo:nom ?nom}

 INFO 2016-03-29 11:14:04,466 [main] (Eval.java:2158) - 
	Get EDGE in 23ms.  
	FOR EDGE{?region igeo:subdivisionDirecte ?departement}

 INFO 2016-03-29 11:14:04,467 [main] (ParallelMetaProducerLessBlocking.java:61) - Searching for edge : ?region igeo:subdivisionDirecte ?departement
 INFO 2016-03-29 11:14:04,468 [pool-102-thread-1] (CallableResult.java:52) - CallableResult for GetEdge
 INFO 2016-03-29 11:14:04,468 [pool-102-thread-2] (CallableResult.java:52) - CallableResult for GetEdge
 INFO 2016-03-29 11:14:04,473 [pool-102-thread-2] (CallableResult.java:63) - Finished CallableResult in 5 ms.
 INFO 2016-03-29 11:14:04,473 [pool-102-thread-1] (CallableResult.java:63) - Finished CallableResult in 5 ms.
 INFO 2016-03-29 11:14:04,473 [main] (ParallelMetaProducerLessBlocking.java:193) - Global results retrieved in getEdges 5ms.
 INFO 2016-03-29 11:14:04,474 [main] (ParallelMetaProducerLessBlocking.java:61) - Searching for edge : ?departement igeo:nom ?nom
 INFO 2016-03-29 11:14:04,474 [main] (ParallelMetaProducerLessBlocking.java:193) - Global results retrieved in getEdges 0ms.
 INFO 2016-03-29 11:14:04,474 [main] (Eval.java:2158) - 
	Get EDGE in 0ms.  
	FOR EDGE{?departement igeo:nom ?nom}

 INFO 2016-03-29 11:14:04,474 [main] (Eval.java:2158) - 
	Get EDGE in 7ms.  
	FOR EDGE{?region igeo:subdivisionDirecte ?departement}

 INFO 2016-03-29 11:14:04,474 [main] (ParallelMetaProducerLessBlocking.java:61) - Searching for edge : ?region igeo:subdivisionDirecte ?departement
 INFO 2016-03-29 11:14:04,475 [pool-104-thread-1] (CallableResult.java:52) - CallableResult for GetEdge
 INFO 2016-03-29 11:14:04,475 [pool-104-thread-2] (CallableResult.java:52) - CallableResult for GetEdge
 INFO 2016-03-29 11:14:04,480 [pool-104-thread-2] (CallableResult.java:63) - Finished CallableResult in 5 ms.
 INFO 2016-03-29 11:14:04,480 [pool-104-thread-1] (CallableResult.java:63) - Finished CallableResult in 5 ms.
 INFO 2016-03-29 11:14:04,480 [main] (ParallelMetaProducerLessBlocking.java:193) - Global results retrieved in getEdges 5ms.
 INFO 2016-03-29 11:14:04,480 [main] (ParallelMetaProducerLessBlocking.java:61) - Searching for edge : ?departement igeo:nom ?nom
 INFO 2016-03-29 11:14:04,480 [main] (ParallelMetaProducerLessBlocking.java:193) - Global results retrieved in getEdges 0ms.
 INFO 2016-03-29 11:14:04,481 [main] (Eval.java:2158) - 
	Get EDGE in 1ms.  
	FOR EDGE{?departement igeo:nom ?nom}

 INFO 2016-03-29 11:14:04,481 [main] (Eval.java:2158) - 
	Get EDGE in 7ms.  
	FOR EDGE{?region igeo:subdivisionDirecte ?departement}

 INFO 2016-03-29 11:14:04,481 [main] (ParallelMetaProducerLessBlocking.java:61) - Searching for edge : ?region igeo:subdivisionDirecte ?departement
 INFO 2016-03-29 11:14:04,481 [pool-106-thread-2] (CallableResult.java:52) - CallableResult for GetEdge
 INFO 2016-03-29 11:14:04,481 [pool-106-thread-1] (CallableResult.java:52) - CallableResult for GetEdge
 INFO 2016-03-29 11:14:04,521 [pool-106-thread-1] (CallableResult.java:63) - Finished CallableResult in 40 ms.
 INFO 2016-03-29 11:14:04,521 [pool-106-thread-2] (CallableResult.java:63) - Finished CallableResult in 40 ms.
 INFO 2016-03-29 11:14:04,521 [main] (ParallelMetaProducerLessBlocking.java:193) - Global results retrieved in getEdges 40ms.
 INFO 2016-03-29 11:14:04,522 [main] (ParallelMetaProducerLessBlocking.java:61) - Searching for edge : ?departement igeo:nom ?nom
 INFO 2016-03-29 11:14:04,522 [main] (ParallelMetaProducerLessBlocking.java:193) - Global results retrieved in getEdges 0ms.
 INFO 2016-03-29 11:14:04,522 [main] (Eval.java:2158) - 
	Get EDGE in 0ms.  
	FOR EDGE{?departement igeo:nom ?nom}

 INFO 2016-03-29 11:14:04,522 [main] (Eval.java:2158) - 
	Get EDGE in 41ms.  
	FOR EDGE{?region igeo:subdivisionDirecte ?departement}

 INFO 2016-03-29 11:14:04,522 [main] (ParallelMetaProducerLessBlocking.java:61) - Searching for edge : ?region igeo:subdivisionDirecte ?departement
 INFO 2016-03-29 11:14:04,523 [pool-108-thread-1] (CallableResult.java:52) - CallableResult for GetEdge
 INFO 2016-03-29 11:14:04,523 [pool-108-thread-2] (CallableResult.java:52) - CallableResult for GetEdge
 INFO 2016-03-29 11:14:04,528 [pool-108-thread-1] (CallableResult.java:63) - Finished CallableResult in 5 ms.
 INFO 2016-03-29 11:14:04,528 [pool-108-thread-2] (CallableResult.java:63) - Finished CallableResult in 5 ms.
 INFO 2016-03-29 11:14:04,528 [main] (ParallelMetaProducerLessBlocking.java:193) - Global results retrieved in getEdges 5ms.
 INFO 2016-03-29 11:14:04,529 [main] (ParallelMetaProducerLessBlocking.java:61) - Searching for edge : ?departement igeo:nom ?nom
 INFO 2016-03-29 11:14:04,529 [main] (ParallelMetaProducerLessBlocking.java:193) - Global results retrieved in getEdges 0ms.
 INFO 2016-03-29 11:14:04,529 [main] (Eval.java:2158) - 
	Get EDGE in 0ms.  
	FOR EDGE{?departement igeo:nom ?nom}

 INFO 2016-03-29 11:14:04,529 [main] (Eval.java:2158) - 
	Get EDGE in 7ms.  
	FOR EDGE{?region igeo:subdivisionDirecte ?departement}

 INFO 2016-03-29 11:14:04,529 [main] (ParallelMetaProducerLessBlocking.java:61) - Searching for edge : ?region igeo:subdivisionDirecte ?departement
 INFO 2016-03-29 11:14:04,529 [pool-110-thread-1] (CallableResult.java:52) - CallableResult for GetEdge
 INFO 2016-03-29 11:14:04,529 [pool-110-thread-2] (CallableResult.java:52) - CallableResult for GetEdge
 INFO 2016-03-29 11:14:04,539 [pool-110-thread-1] (CallableResult.java:63) - Finished CallableResult in 10 ms.
 INFO 2016-03-29 11:14:04,541 [pool-110-thread-2] (CallableResult.java:63) - Finished CallableResult in 12 ms.
 INFO 2016-03-29 11:14:04,542 [main] (ParallelMetaProducerLessBlocking.java:193) - Global results retrieved in getEdges 13ms.
 INFO 2016-03-29 11:14:04,542 [main] (ParallelMetaProducerLessBlocking.java:61) - Searching for edge : ?departement igeo:nom ?nom
 INFO 2016-03-29 11:14:04,542 [main] (ParallelMetaProducerLessBlocking.java:193) - Global results retrieved in getEdges 0ms.
 INFO 2016-03-29 11:14:04,542 [main] (Eval.java:2158) - 
	Get EDGE in 0ms.  
	FOR EDGE{?departement igeo:nom ?nom}

 INFO 2016-03-29 11:14:04,542 [main] (ParallelMetaProducerLessBlocking.java:61) - Searching for edge : ?departement igeo:nom ?nom
 INFO 2016-03-29 11:14:04,543 [main] (ParallelMetaProducerLessBlocking.java:193) - Global results retrieved in getEdges 0ms.
 INFO 2016-03-29 11:14:04,543 [main] (Eval.java:2158) - 
	Get EDGE in 1ms.  
	FOR EDGE{?departement igeo:nom ?nom}

 INFO 2016-03-29 11:14:04,543 [main] (Eval.java:2158) - 
	Get EDGE in 14ms.  
	FOR EDGE{?region igeo:subdivisionDirecte ?departement}

 INFO 2016-03-29 11:14:04,543 [main] (ParallelMetaProducerLessBlocking.java:61) - Searching for edge : ?region igeo:subdivisionDirecte ?departement
 INFO 2016-03-29 11:14:04,544 [pool-113-thread-1] (CallableResult.java:52) - CallableResult for GetEdge
 INFO 2016-03-29 11:14:04,544 [pool-113-thread-2] (CallableResult.java:52) - CallableResult for GetEdge
 INFO 2016-03-29 11:14:04,548 [pool-113-thread-2] (CallableResult.java:63) - Finished CallableResult in 4 ms.
 INFO 2016-03-29 11:14:04,548 [pool-113-thread-1] (CallableResult.java:63) - Finished CallableResult in 4 ms.
 INFO 2016-03-29 11:14:04,548 [main] (ParallelMetaProducerLessBlocking.java:193) - Global results retrieved in getEdges 4ms.
 INFO 2016-03-29 11:14:04,548 [main] (ParallelMetaProducerLessBlocking.java:61) - Searching for edge : ?departement igeo:nom ?nom
 INFO 2016-03-29 11:14:04,549 [main] (ParallelMetaProducerLessBlocking.java:193) - Global results retrieved in getEdges 0ms.
 INFO 2016-03-29 11:14:04,549 [main] (Eval.java:2158) - 
	Get EDGE in 1ms.  
	FOR EDGE{?departement igeo:nom ?nom}

 INFO 2016-03-29 11:14:04,549 [main] (Eval.java:2158) - 
	Get EDGE in 6ms.  
	FOR EDGE{?region igeo:subdivisionDirecte ?departement}

 INFO 2016-03-29 11:14:04,549 [main] (ParallelMetaProducerLessBlocking.java:61) - Searching for edge : ?region igeo:subdivisionDirecte ?departement
 INFO 2016-03-29 11:14:04,549 [pool-115-thread-1] (CallableResult.java:52) - CallableResult for GetEdge
 INFO 2016-03-29 11:14:04,549 [pool-115-thread-2] (CallableResult.java:52) - CallableResult for GetEdge
 INFO 2016-03-29 11:14:04,554 [pool-115-thread-1] (CallableResult.java:63) - Finished CallableResult in 5 ms.
 INFO 2016-03-29 11:14:04,554 [pool-115-thread-2] (CallableResult.java:63) - Finished CallableResult in 5 ms.
 INFO 2016-03-29 11:14:04,554 [main] (ParallelMetaProducerLessBlocking.java:193) - Global results retrieved in getEdges 5ms.
 INFO 2016-03-29 11:14:04,555 [main] (ParallelMetaProducerLessBlocking.java:61) - Searching for edge : ?departement igeo:nom ?nom
 INFO 2016-03-29 11:14:04,555 [main] (ParallelMetaProducerLessBlocking.java:193) - Global results retrieved in getEdges 0ms.
 INFO 2016-03-29 11:14:04,555 [main] (Eval.java:2158) - 
	Get EDGE in 0ms.  
	FOR EDGE{?departement igeo:nom ?nom}

 INFO 2016-03-29 11:14:04,555 [main] (ParallelMetaProducerLessBlocking.java:61) - Searching for edge : ?departement igeo:nom ?nom
 INFO 2016-03-29 11:14:04,555 [main] (ParallelMetaProducerLessBlocking.java:193) - Global results retrieved in getEdges 0ms.
 INFO 2016-03-29 11:14:04,555 [main] (Eval.java:2158) - 
	Get EDGE in 0ms.  
	FOR EDGE{?departement igeo:nom ?nom}

 INFO 2016-03-29 11:14:04,555 [main] (Eval.java:2158) - 
	Get EDGE in 6ms.  
	FOR EDGE{?region igeo:subdivisionDirecte ?departement}

 INFO 2016-03-29 11:14:04,555 [main] (ParallelMetaProducerLessBlocking.java:61) - Searching for edge : ?region igeo:subdivisionDirecte ?departement
 INFO 2016-03-29 11:14:04,556 [pool-118-thread-1] (CallableResult.java:52) - CallableResult for GetEdge
 INFO 2016-03-29 11:14:04,556 [pool-118-thread-2] (CallableResult.java:52) - CallableResult for GetEdge
 INFO 2016-03-29 11:14:04,570 [pool-118-thread-2] (CallableResult.java:63) - Finished CallableResult in 14 ms.
 INFO 2016-03-29 11:14:04,570 [pool-118-thread-1] (CallableResult.java:63) - Finished CallableResult in 14 ms.
 INFO 2016-03-29 11:14:04,571 [main] (ParallelMetaProducerLessBlocking.java:193) - Global results retrieved in getEdges 15ms.
 INFO 2016-03-29 11:14:04,571 [main] (ParallelMetaProducerLessBlocking.java:61) - Searching for edge : ?departement igeo:nom ?nom
 INFO 2016-03-29 11:14:04,571 [main] (ParallelMetaProducerLessBlocking.java:193) - Global results retrieved in getEdges 0ms.
 INFO 2016-03-29 11:14:04,571 [main] (Eval.java:2158) - 
	Get EDGE in 0ms.  
	FOR EDGE{?departement igeo:nom ?nom}

 INFO 2016-03-29 11:14:04,571 [main] (ParallelMetaProducerLessBlocking.java:61) - Searching for edge : ?departement igeo:nom ?nom
 INFO 2016-03-29 11:14:04,572 [main] (ParallelMetaProducerLessBlocking.java:193) - Global results retrieved in getEdges 0ms.
 INFO 2016-03-29 11:14:04,572 [main] (Eval.java:2158) - 
	Get EDGE in 1ms.  
	FOR EDGE{?departement igeo:nom ?nom}

 INFO 2016-03-29 11:14:04,572 [main] (ParallelMetaProducerLessBlocking.java:61) - Searching for edge : ?departement igeo:nom ?nom
 INFO 2016-03-29 11:14:04,572 [main] (ParallelMetaProducerLessBlocking.java:193) - Global results retrieved in getEdges 0ms.
 INFO 2016-03-29 11:14:04,572 [main] (Eval.java:2158) - 
	Get EDGE in 0ms.  
	FOR EDGE{?departement igeo:nom ?nom}

 INFO 2016-03-29 11:14:04,572 [main] (ParallelMetaProducerLessBlocking.java:61) - Searching for edge : ?departement igeo:nom ?nom
 INFO 2016-03-29 11:14:04,572 [main] (ParallelMetaProducerLessBlocking.java:193) - Global results retrieved in getEdges 0ms.
 INFO 2016-03-29 11:14:04,573 [main] (Eval.java:2158) - 
	Get EDGE in 1ms.  
	FOR EDGE{?departement igeo:nom ?nom}

 INFO 2016-03-29 11:14:04,573 [main] (ParallelMetaProducerLessBlocking.java:61) - Searching for edge : ?departement igeo:nom ?nom
 INFO 2016-03-29 11:14:04,573 [main] (ParallelMetaProducerLessBlocking.java:193) - Global results retrieved in getEdges 0ms.
 INFO 2016-03-29 11:14:04,573 [main] (Eval.java:2158) - 
	Get EDGE in 0ms.  
	FOR EDGE{?departement igeo:nom ?nom}

 INFO 2016-03-29 11:14:04,573 [main] (ParallelMetaProducerLessBlocking.java:61) - Searching for edge : ?departement igeo:nom ?nom
 INFO 2016-03-29 11:14:04,573 [main] (ParallelMetaProducerLessBlocking.java:193) - Global results retrieved in getEdges 0ms.
 INFO 2016-03-29 11:14:04,573 [main] (Eval.java:2158) - 
	Get EDGE in 0ms.  
	FOR EDGE{?departement igeo:nom ?nom}

 INFO 2016-03-29 11:14:04,573 [main] (Eval.java:2158) - 
	Get EDGE in 18ms.  
	FOR EDGE{?region igeo:subdivisionDirecte ?departement}

 INFO 2016-03-29 11:14:04,573 [main] (ParallelMetaProducerLessBlocking.java:61) - Searching for edge : ?region igeo:subdivisionDirecte ?departement
 INFO 2016-03-29 11:14:04,574 [pool-125-thread-1] (CallableResult.java:52) - CallableResult for GetEdge
 INFO 2016-03-29 11:14:04,574 [pool-125-thread-2] (CallableResult.java:52) - CallableResult for GetEdge
 INFO 2016-03-29 11:14:04,584 [pool-125-thread-2] (CallableResult.java:63) - Finished CallableResult in 10 ms.
 INFO 2016-03-29 11:14:04,586 [pool-125-thread-1] (CallableResult.java:63) - Finished CallableResult in 12 ms.
 INFO 2016-03-29 11:14:04,586 [main] (ParallelMetaProducerLessBlocking.java:193) - Global results retrieved in getEdges 12ms.
 INFO 2016-03-29 11:14:04,586 [main] (ParallelMetaProducerLessBlocking.java:61) - Searching for edge : ?departement igeo:nom ?nom
 INFO 2016-03-29 11:14:04,586 [main] (ParallelMetaProducerLessBlocking.java:193) - Global results retrieved in getEdges 0ms.
 INFO 2016-03-29 11:14:04,587 [main] (Eval.java:2158) - 
	Get EDGE in 1ms.  
	FOR EDGE{?departement igeo:nom ?nom}

 INFO 2016-03-29 11:14:04,587 [main] (ParallelMetaProducerLessBlocking.java:61) - Searching for edge : ?departement igeo:nom ?nom
 INFO 2016-03-29 11:14:04,587 [main] (ParallelMetaProducerLessBlocking.java:193) - Global results retrieved in getEdges 0ms.
 INFO 2016-03-29 11:14:04,587 [main] (Eval.java:2158) - 
	Get EDGE in 0ms.  
	FOR EDGE{?departement igeo:nom ?nom}

 INFO 2016-03-29 11:14:04,587 [main] (ParallelMetaProducerLessBlocking.java:61) - Searching for edge : ?departement igeo:nom ?nom
 INFO 2016-03-29 11:14:04,587 [main] (ParallelMetaProducerLessBlocking.java:193) - Global results retrieved in getEdges 0ms.
 INFO 2016-03-29 11:14:04,587 [main] (Eval.java:2158) - 
	Get EDGE in 0ms.  
	FOR EDGE{?departement igeo:nom ?nom}

 INFO 2016-03-29 11:14:04,587 [main] (ParallelMetaProducerLessBlocking.java:61) - Searching for edge : ?departement igeo:nom ?nom
 INFO 2016-03-29 11:14:04,587 [main] (ParallelMetaProducerLessBlocking.java:193) - Global results retrieved in getEdges 0ms.
 INFO 2016-03-29 11:14:04,588 [main] (Eval.java:2158) - 
	Get EDGE in 1ms.  
	FOR EDGE{?departement igeo:nom ?nom}

 INFO 2016-03-29 11:14:04,588 [main] (ParallelMetaProducerLessBlocking.java:61) - Searching for edge : ?departement igeo:nom ?nom
 INFO 2016-03-29 11:14:04,588 [main] (ParallelMetaProducerLessBlocking.java:193) - Global results retrieved in getEdges 0ms.
 INFO 2016-03-29 11:14:04,588 [main] (Eval.java:2158) - 
	Get EDGE in 0ms.  
	FOR EDGE{?departement igeo:nom ?nom}

 INFO 2016-03-29 11:14:04,588 [main] (Eval.java:2158) - 
	Get EDGE in 15ms.  
	FOR EDGE{?region igeo:subdivisionDirecte ?departement}

 INFO 2016-03-29 11:14:04,588 [main] (Eval.java:2158) - 
	Get EDGE in 665ms.  
	FOR EDGE{?region igeo:codeRegion ?v}

 INFO 2016-03-29 11:14:04,590 [main] (ProviderImplCostMonitoring.java:229) - ** Provider: 
prefix idemo: <http://rdf.insee.fr/def/demo#>
prefix igeo: <http://rdf.insee.fr/def/geo#>
select * 
where
{?departement idemo:population ?popLeg . 
?popLeg idemo:populationTotale ?popTotale . 
filter ((((((((((((((((((((?departement = <http://id.insee.fr/geo/departement/01>) || (?departement = <http://id.insee.fr/geo/departement/38>)) || (?departement = <http://id.insee.fr/geo/departement/42>)) || (?departement = <http://id.insee.fr/geo/departement/07>)) || (?departement = <http://id.insee.fr/geo/departement/74>)) || (?departement = <http://id.insee.fr/geo/departement/69>)) || (?departement = <http://id.insee.fr/geo/departement/73>)) || (?departement = <http://id.insee.fr/geo/departement/26>)) || (?departement = <http://id.insee.fr/geo/departement/95>)) || (?departement = <http://id.insee.fr/geo/departement/93>)) || (?departement = <http://id.insee.fr/geo/departement/78>)) || (?departement = <http://id.insee.fr/geo/departement/92>)) || (?departement = <http://id.insee.fr/geo/departement/75>)) || (?departement = <http://id.insee.fr/geo/departement/77>)) || (?departement = <http://id.insee.fr/geo/departement/91>)) || (?departement = <http://id.insee.fr/geo/departement/94>)) || (?departement = <http://id.insee.fr/geo/departement/58>)) || (?departement = <http://id.insee.fr/geo/departement/89>)) || (?departement = <http://id.insee.fr/geo/departement/71>)) || (?departement = <http://id.insee.fr/geo/departement/21>)) }


 INFO 2016-03-29 11:14:04,687 [main] (ProviderImplCostMonitoring.java:229) - ** Provider: 
prefix idemo: <http://rdf.insee.fr/def/demo#>
prefix igeo: <http://rdf.insee.fr/def/geo#>
select * 
where
{?departement idemo:population ?popLeg . 
?popLeg idemo:populationTotale ?popTotale . 
filter ((((((((((((((((((((?departement = <http://id.insee.fr/geo/departement/80>) || (?departement = <http://id.insee.fr/geo/departement/02>)) || (?departement = <http://id.insee.fr/geo/departement/60>)) || (?departement = <http://id.insee.fr/geo/departement/59>)) || (?departement = <http://id.insee.fr/geo/departement/62>)) || (?departement = <http://id.insee.fr/geo/departement/47>)) || (?departement = <http://id.insee.fr/geo/departement/40>)) || (?departement = <http://id.insee.fr/geo/departement/24>)) || (?departement = <http://id.insee.fr/geo/departement/33>)) || (?departement = <http://id.insee.fr/geo/departement/64>)) || (?departement = <http://id.insee.fr/geo/departement/43>)) || (?departement = <http://id.insee.fr/geo/departement/15>)) || (?departement = <http://id.insee.fr/geo/departement/03>)) || (?departement = <http://id.insee.fr/geo/departement/63>)) || (?departement = <http://id.insee.fr/geo/departement/41>)) || (?departement = <http://id.insee.fr/geo/departement/28>)) || (?departement = <http://id.insee.fr/geo/departement/45>)) || (?departement = <http://id.insee.fr/geo/departement/37>)) || (?departement = <http://id.insee.fr/geo/departement/18>)) || (?departement = <http://id.insee.fr/geo/departement/36>)) }


 INFO 2016-03-29 11:14:04,766 [main] (ProviderImplCostMonitoring.java:229) - ** Provider: 
prefix idemo: <http://rdf.insee.fr/def/demo#>
prefix igeo: <http://rdf.insee.fr/def/geo#>
select * 
where
{?departement idemo:population ?popLeg . 
?popLeg idemo:populationTotale ?popTotale . 
filter ((((((((((((((((((((?departement = <http://id.insee.fr/geo/departement/84>) || (?departement = <http://id.insee.fr/geo/departement/06>)) || (?departement = <http://id.insee.fr/geo/departement/04>)) || (?departement = <http://id.insee.fr/geo/departement/05>)) || (?departement = <http://id.insee.fr/geo/departement/83>)) || (?departement = <http://id.insee.fr/geo/departement/13>)) || (?departement = <http://id.insee.fr/geo/departement/971>)) || (?departement = <http://id.insee.fr/geo/departement/976>)) || (?departement = <http://id.insee.fr/geo/departement/972>)) || (?departement = <http://id.insee.fr/geo/departement/973>)) || (?departement = <http://id.insee.fr/geo/departement/974>)) || (?departement = <http://id.insee.fr/geo/departement/65>)) || (?departement = <http://id.insee.fr/geo/departement/81>)) || (?departement = <http://id.insee.fr/geo/departement/82>)) || (?departement = <http://id.insee.fr/geo/departement/46>)) || (?departement = <http://id.insee.fr/geo/departement/09>)) || (?departement = <http://id.insee.fr/geo/departement/32>)) || (?departement = <http://id.insee.fr/geo/departement/12>)) || (?departement = <http://id.insee.fr/geo/departement/31>)) || (?departement = <http://id.insee.fr/geo/departement/44>)) }


 INFO 2016-03-29 11:14:04,835 [main] (ProviderImplCostMonitoring.java:229) - ** Provider: 
prefix idemo: <http://rdf.insee.fr/def/demo#>
prefix igeo: <http://rdf.insee.fr/def/geo#>
select * 
where
{?departement idemo:population ?popLeg . 
?popLeg idemo:populationTotale ?popTotale . 
filter ((((((((((((((((((((?departement = <http://id.insee.fr/geo/departement/85>) || (?departement = <http://id.insee.fr/geo/departement/49>)) || (?departement = <http://id.insee.fr/geo/departement/72>)) || (?departement = <http://id.insee.fr/geo/departement/53>)) || (?departement = <http://id.insee.fr/geo/departement/52>)) || (?departement = <http://id.insee.fr/geo/departement/08>)) || (?departement = <http://id.insee.fr/geo/departement/10>)) || (?departement = <http://id.insee.fr/geo/departement/51>)) || (?departement = <http://id.insee.fr/geo/departement/19>)) || (?departement = <http://id.insee.fr/geo/departement/87>)) || (?departement = <http://id.insee.fr/geo/departement/23>)) || (?departement = <http://id.insee.fr/geo/departement/11>)) || (?departement = <http://id.insee.fr/geo/departement/48>)) || (?departement = <http://id.insee.fr/geo/departement/30>)) || (?departement = <http://id.insee.fr/geo/departement/34>)) || (?departement = <http://id.insee.fr/geo/departement/66>)) || (?departement = <http://id.insee.fr/geo/departement/79>)) || (?departement = <http://id.insee.fr/geo/departement/86>)) || (?departement = <http://id.insee.fr/geo/departement/17>)) || (?departement = <http://id.insee.fr/geo/departement/16>)) }


 INFO 2016-03-29 11:14:04,900 [main] (ProviderImplCostMonitoring.java:229) - ** Provider: 
prefix idemo: <http://rdf.insee.fr/def/demo#>
prefix igeo: <http://rdf.insee.fr/def/geo#>
select * 
where
{?departement idemo:population ?popLeg . 
?popLeg idemo:populationTotale ?popTotale . 
filter ((((((((((((((((((((?departement = <http://id.insee.fr/geo/departement/57>) || (?departement = <http://id.insee.fr/geo/departement/88>)) || (?departement = <http://id.insee.fr/geo/departement/55>)) || (?departement = <http://id.insee.fr/geo/departement/54>)) || (?departement = <http://id.insee.fr/geo/departement/70>)) || (?departement = <http://id.insee.fr/geo/departement/39>)) || (?departement = <http://id.insee.fr/geo/departement/25>)) || (?departement = <http://id.insee.fr/geo/departement/90>)) || (?departement = <http://id.insee.fr/geo/departement/27>)) || (?departement = <http://id.insee.fr/geo/departement/76>)) || (?departement = <http://id.insee.fr/geo/departement/29>)) || (?departement = <http://id.insee.fr/geo/departement/56>)) || (?departement = <http://id.insee.fr/geo/departement/35>)) || (?departement = <http://id.insee.fr/geo/departement/22>)) || (?departement = <http://id.insee.fr/geo/departement/61>)) || (?departement = <http://id.insee.fr/geo/departement/14>)) || (?departement = <http://id.insee.fr/geo/departement/50>)) || (?departement = <http://id.insee.fr/geo/departement/68>)) || (?departement = <http://id.insee.fr/geo/departement/67>)) || (?departement = <http://id.insee.fr/geo/departement/2A>)) }


 INFO 2016-03-29 11:14:04,972 [main] (ProviderImplCostMonitoring.java:229) - ** Provider: 
prefix idemo: <http://rdf.insee.fr/def/demo#>
prefix igeo: <http://rdf.insee.fr/def/geo#>
select * 
where
{?departement idemo:population ?popLeg . 
?popLeg idemo:populationTotale ?popTotale . 
filter (?departement = <http://id.insee.fr/geo/departement/2B>) }


 INFO 2016-03-29 11:14:04,996 [main] (Eval.java:1706) - 
	SERVICE in 408ms.  
	FOR [BGP{EDGE{?departement idemo:population ?popLeg} EDGE{?popLeg idemo:populationTotale ?popTotale} }]

 INFO 2016-03-29 11:14:05,002 [main] (TestDQP.java:206) - 100 results in 1400 ms
 INFO 2016-03-29 11:14:05,002 [main] (TestDQP.java:207) - 
01 ?nom = "Lozre"; ?popTotale = 80712; 
02 ?nom = "Creuse"; ?popTotale = 125714; 
03 ?nom = "Hautes-Alpes"; ?popTotale = 144640; 
04 ?nom = "Territoire de Belfort"; ?popTotale = 147777; 
05 ?nom = "Corse-du-Sud"; ?popTotale = 151621; 
06 ?nom = "Cantal"; ?popTotale = 152797; 
07 ?nom = "Arige"; ?popTotale = 158379; 
08 ?nom = "Alpes-de-Haute-Provence"; ?popTotale = 166726; 
09 ?nom = "Haute-Corse"; ?popTotale = 173889; 
10 ?nom = "Lot"; ?popTotale = 180470; 
11 ?nom = "Haute-Marne"; ?popTotale = 188083; 
12 ?nom = "Gers"; ?popTotale = 197598; 
13 ?nom = "Meuse"; ?popTotale = 198334; 
14 ?nom = "Nivre"; ?popTotale = 222688; 
15 ?nom = "Haute-Loire"; ?popTotale = 233918; 
16 ?nom = "Indre"; ?popTotale = 235181; 
17 ?nom = "Hautes-Pyrnes"; ?popTotale = 236728; 
18 ?nom = "Guyane"; ?popTotale = 246507; 
19 ?nom = "Haute-Sane"; ?popTotale = 246782; 
20 ?nom = "Corrze"; ?popTotale = 249452; 
21 ?nom = "Tarn-et-Garonne"; ?popTotale = 256867; 
22 ?nom = "Jura"; ?popTotale = 270914; 
23 ?nom = "Ardennes"; ?popTotale = 289075; 
24 ?nom = "Aveyron"; ?popTotale = 289257; 
25 ?nom = "Orne"; ?popTotale = 298248; 
26 ?nom = "Aube"; ?popTotale = 314825; 
27 ?nom = "Mayenne"; ?popTotale = 318095; 
28 ?nom = "Cher"; ?popTotale = 319693; 
29 ?nom = "Ardche"; ?popTotale = 330017; 
30 ?nom = "Loir-et-Cher"; ?popTotale = 342471; 
31 ?nom = "Lot-et-Garonne"; ?popTotale = 343645; 
32 ?nom = "Yonne"; ?popTotale = 352182; 
33 ?nom = "Allier"; ?popTotale = 353742; 
34 ?nom = "Charente"; ?popTotale = 366587; 
35 ?nom = "Aude"; ?popTotale = 374868; 
36 ?nom = "Deux-Svres"; ?popTotale = 383079; 
37 ?nom = "Haute-Vienne"; ?popTotale = 384411; 
38 ?nom = "Vosges"; ?popTotale = 388551; 
39 ?nom = "Martinique"; ?popTotale = 391837; 
40 ?nom = "Tarn"; ?popTotale = 393877; 
41 ?nom = "Guadeloupe"; ?popTotale = 409055; 
42 ?nom = "Landes"; ?popTotale = 411197; 
43 ?nom = "Dordogne"; ?popTotale = 429579; 
44 ?nom = "Savoie"; ?popTotale = 437915; 
45 ?nom = "Vienne"; ?popTotale = 442696; 
46 ?nom = "Eure-et-Loir"; ?popTotale = 444385; 
47 ?nom = "Pyrnes-Orientales"; ?popTotale = 471573; 
48 ?nom = "Drme"; ?popTotale = 509444; 
49 ?nom = "Manche"; ?popTotale = 518364; 
50 ?nom = "Cte-d\'Or"; ?popTotale = 543648; 
51 ?nom = "Doubs"; ?popTotale = 548026; 
52 ?nom = "Aisne"; ?popTotale = 554512; 
53 ?nom = "Vaucluse"; ?popTotale = 562254; 
54 ?nom = "Sane-et-Loire"; ?popTotale = 575097; 
55 ?nom = "Marne"; ?popTotale = 583691; 
56 ?nom = "Somme"; ?popTotale = 584184; 
57 ?nom = "Sarthe"; ?popTotale = 584865; 
58 ?nom = "Eure"; ?popTotale = 612518; 
59 ?nom = "Indre-et-Loire"; ?popTotale = 615557; 
60 ?nom = "Ctes-d\'Armor"; ?popTotale = 617565; 
61 ?nom = "Ain"; ?popTotale = 636916; 
62 ?nom = "Charente-Maritime"; ?popTotale = 652610; 
63 ?nom = "Puy-de-Dme"; ?popTotale = 658489; 
64 ?nom = "Vende"; ?popTotale = 674843; 
65 ?nom = "Loiret"; ?popTotale = 684104; 
66 ?nom = "Pyrnes-Atlantiques"; ?popTotale = 685564; 
67 ?nom = "Calvados"; ?popTotale = 706635; 
68 ?nom = "Meurthe-et-Moselle"; ?popTotale = 745398; 
69 ?nom = "Gard"; ?popTotale = 750025; 
70 ?nom = "Morbihan"; ?popTotale = 761433; 
71 ?nom = "Loire"; ?popTotale = 774144; 
72 ?nom = "Haut-Rhin"; ?popTotale = 774976; 
73 ?nom = "Haute-Savoie"; ?popTotale = 793342; 
74 ?nom = "Maine-et-Loire"; ?popTotale = 823546; 
75 ?nom = "Oise"; ?popTotale = 835918; 
76 ?nom = "La Runion"; ?popTotale = 844741; 
77 ?nom = "Finistre"; ?popTotale = 934625; 
78 ?nom = "Var"; ?popTotale = 1046346; 
79 ?nom = "Ille-et-Vilaine"; ?popTotale = 1047873; 
80 ?nom = "Moselle"; ?popTotale = 1068119; 
81 ?nom = "Alpes-Maritimes"; ?popTotale = 1096741; 
82 ?nom = "Hrault"; ?popTotale = 1111881; 
83 ?nom = "Bas-Rhin"; ?popTotale = 1128825; 
84 ?nom = "Val-d\'Oise"; ?popTotale = 1211138; 
85 ?nom = "Isre"; ?popTotale = 1263850; 
86 ?nom = "Essonne"; ?popTotale = 1273233; 
87 ?nom = "Seine-Maritime"; ?popTotale = 1280410; 
88 ?nom = "Haute-Garonne"; ?popTotale = 1325392; 
89 ?nom = "Loire-Atlantique"; ?popTotale = 1364453; 
90 ?nom = "Val-de-Marne"; ?popTotale = 1367091; 
91 ?nom = "Seine-et-Marne"; ?popTotale = 1387830; 
92 ?nom = "Yvelines"; ?popTotale = 1446301; 
93 ?nom = "Pas-de-Calais"; ?popTotale = 1491735; 
94 ?nom = "Gironde"; ?popTotale = 1536448; 
95 ?nom = "Seine-Saint-Denis"; ?popTotale = 1565222; 
96 ?nom = "Hauts-de-Seine"; ?popTotale = 1611290; 
97 ?nom = "Rhne"; ?popTotale = 1812196; 
98 ?nom = "Bouches-du-Rhne"; ?popTotale = 2022604; 
99 ?nom = "Paris"; ?popTotale = 2254262; 
100 ?nom = "Nord"; ?popTotale = 2635494; 

 INFO 2016-03-29 11:14:05,003 [main] (TestDQP.java:208) - Remote queries
 INFO 2016-03-29 11:14:05,004 [main] (TestDQP.java:209) - =========
	?region igeo:subdivisionDirecte ?departement
	54
--
	BGP{EDGE{?region igeo:codeRegion ?v} EDGE{?region igeo:subdivisionDirecte ?departement} EDGE{?departement igeo:nom ?nom} }
	2
--
	?region igeo:codeRegion ?v
	2
--
	prefix idemo: <http://rdf.insee.fr/def/demo#> prefix igeo: <http://rdf.insee.fr/def/geo#> select *  where {?departement idemo:population ?popLeg .  ?popLeg idemo:populationTotale ?popTotale .  filter ((((((((((((((((((((?departement = <http://id.insee.fr/geo/departement/84>) || (?departement = <http://id.insee.fr/geo/departement/06>)) || (?departement = <http://id.insee.fr/geo/departement/04>)) || (?departement = <http://id.insee.fr/geo/departement/05>)) || (?departement = <http://id.insee.fr/geo/departement/83>)) || (?departement = <http://id.insee.fr/geo/departement/13>)) || (?departement = <http://id.insee.fr/geo/departement/971>)) || (?departement = <http://id.insee.fr/geo/departement/976>)) || (?departement = <http://id.insee.fr/geo/departement/972>)) || (?departement = <http://id.insee.fr/geo/departement/973>)) || (?departement = <http://id.insee.fr/geo/departement/974>)) || (?departement = <http://id.insee.fr/geo/departement/65>)) || (?departement = <http://id.insee.fr/geo/departement/81>)) || (?departement = <http://id.insee.fr/geo/departement/82>)) || (?departement = <http://id.insee.fr/geo/departement/46>)) || (?departement = <http://id.insee.fr/geo/departement/09>)) || (?departement = <http://id.insee.fr/geo/departement/32>)) || (?departement = <http://id.insee.fr/geo/departement/12>)) || (?departement = <http://id.insee.fr/geo/departement/31>)) || (?departement = <http://id.insee.fr/geo/departement/44>)) }  
	1
--
	prefix idemo: <http://rdf.insee.fr/def/demo#> prefix igeo: <http://rdf.insee.fr/def/geo#> select *  where {?departement idemo:population ?popLeg .  ?popLeg idemo:populationTotale ?popTotale .  filter ((((((((((((((((((((?departement = <http://id.insee.fr/geo/departement/01>) || (?departement = <http://id.insee.fr/geo/departement/38>)) || (?departement = <http://id.insee.fr/geo/departement/42>)) || (?departement = <http://id.insee.fr/geo/departement/07>)) || (?departement = <http://id.insee.fr/geo/departement/74>)) || (?departement = <http://id.insee.fr/geo/departement/69>)) || (?departement = <http://id.insee.fr/geo/departement/73>)) || (?departement = <http://id.insee.fr/geo/departement/26>)) || (?departement = <http://id.insee.fr/geo/departement/95>)) || (?departement = <http://id.insee.fr/geo/departement/93>)) || (?departement = <http://id.insee.fr/geo/departement/78>)) || (?departement = <http://id.insee.fr/geo/departement/92>)) || (?departement = <http://id.insee.fr/geo/departement/75>)) || (?departement = <http://id.insee.fr/geo/departement/77>)) || (?departement = <http://id.insee.fr/geo/departement/91>)) || (?departement = <http://id.insee.fr/geo/departement/94>)) || (?departement = <http://id.insee.fr/geo/departement/58>)) || (?departement = <http://id.insee.fr/geo/departement/89>)) || (?departement = <http://id.insee.fr/geo/departement/71>)) || (?departement = <http://id.insee.fr/geo/departement/21>)) }  
	1
--
	prefix idemo: <http://rdf.insee.fr/def/demo#> prefix igeo: <http://rdf.insee.fr/def/geo#> select *  where {?departement idemo:population ?popLeg .  ?popLeg idemo:populationTotale ?popTotale .  filter ((((((((((((((((((((?departement = <http://id.insee.fr/geo/departement/57>) || (?departement = <http://id.insee.fr/geo/departement/88>)) || (?departement = <http://id.insee.fr/geo/departement/55>)) || (?departement = <http://id.insee.fr/geo/departement/54>)) || (?departement = <http://id.insee.fr/geo/departement/70>)) || (?departement = <http://id.insee.fr/geo/departement/39>)) || (?departement = <http://id.insee.fr/geo/departement/25>)) || (?departement = <http://id.insee.fr/geo/departement/90>)) || (?departement = <http://id.insee.fr/geo/departement/27>)) || (?departement = <http://id.insee.fr/geo/departement/76>)) || (?departement = <http://id.insee.fr/geo/departement/29>)) || (?departement = <http://id.insee.fr/geo/departement/56>)) || (?departement = <http://id.insee.fr/geo/departement/35>)) || (?departement = <http://id.insee.fr/geo/departement/22>)) || (?departement = <http://id.insee.fr/geo/departement/61>)) || (?departement = <http://id.insee.fr/geo/departement/14>)) || (?departement = <http://id.insee.fr/geo/departement/50>)) || (?departement = <http://id.insee.fr/geo/departement/68>)) || (?departement = <http://id.insee.fr/geo/departement/67>)) || (?departement = <http://id.insee.fr/geo/departement/2A>)) }  
	1
--
	prefix idemo: <http://rdf.insee.fr/def/demo#> prefix igeo: <http://rdf.insee.fr/def/geo#> select *  where {?departement idemo:population ?popLeg .  ?popLeg idemo:populationTotale ?popTotale .  filter (?departement = <http://id.insee.fr/geo/departement/2B>) }  
	1
--
	prefix idemo: <http://rdf.insee.fr/def/demo#> prefix igeo: <http://rdf.insee.fr/def/geo#> select *  where {?departement idemo:population ?popLeg .  ?popLeg idemo:populationTotale ?popTotale .  filter ((((((((((((((((((((?departement = <http://id.insee.fr/geo/departement/80>) || (?departement = <http://id.insee.fr/geo/departement/02>)) || (?departement = <http://id.insee.fr/geo/departement/60>)) || (?departement = <http://id.insee.fr/geo/departement/59>)) || (?departement = <http://id.insee.fr/geo/departement/62>)) || (?departement = <http://id.insee.fr/geo/departement/47>)) || (?departement = <http://id.insee.fr/geo/departement/40>)) || (?departement = <http://id.insee.fr/geo/departement/24>)) || (?departement = <http://id.insee.fr/geo/departement/33>)) || (?departement = <http://id.insee.fr/geo/departement/64>)) || (?departement = <http://id.insee.fr/geo/departement/43>)) || (?departement = <http://id.insee.fr/geo/departement/15>)) || (?departement = <http://id.insee.fr/geo/departement/03>)) || (?departement = <http://id.insee.fr/geo/departement/63>)) || (?departement = <http://id.insee.fr/geo/departement/41>)) || (?departement = <http://id.insee.fr/geo/departement/28>)) || (?departement = <http://id.insee.fr/geo/departement/45>)) || (?departement = <http://id.insee.fr/geo/departement/37>)) || (?departement = <http://id.insee.fr/geo/departement/18>)) || (?departement = <http://id.insee.fr/geo/departement/36>)) }  
	1
--
	prefix idemo: <http://rdf.insee.fr/def/demo#> prefix igeo: <http://rdf.insee.fr/def/geo#> select *  where {?departement idemo:population ?popLeg .  ?popLeg idemo:populationTotale ?popTotale .  filter ((((((((((((((((((((?departement = <http://id.insee.fr/geo/departement/85>) || (?departement = <http://id.insee.fr/geo/departement/49>)) || (?departement = <http://id.insee.fr/geo/departement/72>)) || (?departement = <http://id.insee.fr/geo/departement/53>)) || (?departement = <http://id.insee.fr/geo/departement/52>)) || (?departement = <http://id.insee.fr/geo/departement/08>)) || (?departement = <http://id.insee.fr/geo/departement/10>)) || (?departement = <http://id.insee.fr/geo/departement/51>)) || (?departement = <http://id.insee.fr/geo/departement/19>)) || (?departement = <http://id.insee.fr/geo/departement/87>)) || (?departement = <http://id.insee.fr/geo/departement/23>)) || (?departement = <http://id.insee.fr/geo/departement/11>)) || (?departement = <http://id.insee.fr/geo/departement/48>)) || (?departement = <http://id.insee.fr/geo/departement/30>)) || (?departement = <http://id.insee.fr/geo/departement/34>)) || (?departement = <http://id.insee.fr/geo/departement/66>)) || (?departement = <http://id.insee.fr/geo/departement/79>)) || (?departement = <http://id.insee.fr/geo/departement/86>)) || (?departement = <http://id.insee.fr/geo/departement/17>)) || (?departement = <http://id.insee.fr/geo/departement/16>)) }  
	1
--
	>====  Sum = 64  =====

 INFO 2016-03-29 11:14:05,004 [main] (TestDQP.java:210) - Transferred results per query
 INFO 2016-03-29 11:14:05,004 [main] (TestDQP.java:211) - =========
	?region igeo:subdivisionDirecte ?departement
	202
--
	BGP{EDGE{?region igeo:codeRegion ?v} EDGE{?region igeo:subdivisionDirecte ?departement} EDGE{?departement igeo:nom ?nom} }
	202
--
	?region igeo:codeRegion ?v
	54
--
	prefix idemo: <http://rdf.insee.fr/def/demo#> prefix igeo: <http://rdf.insee.fr/def/geo#> select *  where {?departement idemo:population ?popLeg .  ?popLeg idemo:populationTotale ?popTotale .  filter ((((((((((((((((((((?departement = <http://id.insee.fr/geo/departement/84>) || (?departement = <http://id.insee.fr/geo/departement/06>)) || (?departement = <http://id.insee.fr/geo/departement/04>)) || (?departement = <http://id.insee.fr/geo/departement/05>)) || (?departement = <http://id.insee.fr/geo/departement/83>)) || (?departement = <http://id.insee.fr/geo/departement/13>)) || (?departement = <http://id.insee.fr/geo/departement/971>)) || (?departement = <http://id.insee.fr/geo/departement/976>)) || (?departement = <http://id.insee.fr/geo/departement/972>)) || (?departement = <http://id.insee.fr/geo/departement/973>)) || (?departement = <http://id.insee.fr/geo/departement/974>)) || (?departement = <http://id.insee.fr/geo/departement/65>)) || (?departement = <http://id.insee.fr/geo/departement/81>)) || (?departement = <http://id.insee.fr/geo/departement/82>)) || (?departement = <http://id.insee.fr/geo/departement/46>)) || (?departement = <http://id.insee.fr/geo/departement/09>)) || (?departement = <http://id.insee.fr/geo/departement/32>)) || (?departement = <http://id.insee.fr/geo/departement/12>)) || (?departement = <http://id.insee.fr/geo/departement/31>)) || (?departement = <http://id.insee.fr/geo/departement/44>)) }  
	19
--
	prefix idemo: <http://rdf.insee.fr/def/demo#> prefix igeo: <http://rdf.insee.fr/def/geo#> select *  where {?departement idemo:population ?popLeg .  ?popLeg idemo:populationTotale ?popTotale .  filter ((((((((((((((((((((?departement = <http://id.insee.fr/geo/departement/01>) || (?departement = <http://id.insee.fr/geo/departement/38>)) || (?departement = <http://id.insee.fr/geo/departement/42>)) || (?departement = <http://id.insee.fr/geo/departement/07>)) || (?departement = <http://id.insee.fr/geo/departement/74>)) || (?departement = <http://id.insee.fr/geo/departement/69>)) || (?departement = <http://id.insee.fr/geo/departement/73>)) || (?departement = <http://id.insee.fr/geo/departement/26>)) || (?departement = <http://id.insee.fr/geo/departement/95>)) || (?departement = <http://id.insee.fr/geo/departement/93>)) || (?departement = <http://id.insee.fr/geo/departement/78>)) || (?departement = <http://id.insee.fr/geo/departement/92>)) || (?departement = <http://id.insee.fr/geo/departement/75>)) || (?departement = <http://id.insee.fr/geo/departement/77>)) || (?departement = <http://id.insee.fr/geo/departement/91>)) || (?departement = <http://id.insee.fr/geo/departement/94>)) || (?departement = <http://id.insee.fr/geo/departement/58>)) || (?departement = <http://id.insee.fr/geo/departement/89>)) || (?departement = <http://id.insee.fr/geo/departement/71>)) || (?departement = <http://id.insee.fr/geo/departement/21>)) }  
	20
--
	prefix idemo: <http://rdf.insee.fr/def/demo#> prefix igeo: <http://rdf.insee.fr/def/geo#> select *  where {?departement idemo:population ?popLeg .  ?popLeg idemo:populationTotale ?popTotale .  filter ((((((((((((((((((((?departement = <http://id.insee.fr/geo/departement/57>) || (?departement = <http://id.insee.fr/geo/departement/88>)) || (?departement = <http://id.insee.fr/geo/departement/55>)) || (?departement = <http://id.insee.fr/geo/departement/54>)) || (?departement = <http://id.insee.fr/geo/departement/70>)) || (?departement = <http://id.insee.fr/geo/departement/39>)) || (?departement = <http://id.insee.fr/geo/departement/25>)) || (?departement = <http://id.insee.fr/geo/departement/90>)) || (?departement = <http://id.insee.fr/geo/departement/27>)) || (?departement = <http://id.insee.fr/geo/departement/76>)) || (?departement = <http://id.insee.fr/geo/departement/29>)) || (?departement = <http://id.insee.fr/geo/departement/56>)) || (?departement = <http://id.insee.fr/geo/departement/35>)) || (?departement = <http://id.insee.fr/geo/departement/22>)) || (?departement = <http://id.insee.fr/geo/departement/61>)) || (?departement = <http://id.insee.fr/geo/departement/14>)) || (?departement = <http://id.insee.fr/geo/departement/50>)) || (?departement = <http://id.insee.fr/geo/departement/68>)) || (?departement = <http://id.insee.fr/geo/departement/67>)) || (?departement = <http://id.insee.fr/geo/departement/2A>)) }  
	20
--
	prefix idemo: <http://rdf.insee.fr/def/demo#> prefix igeo: <http://rdf.insee.fr/def/geo#> select *  where {?departement idemo:population ?popLeg .  ?popLeg idemo:populationTotale ?popTotale .  filter (?departement = <http://id.insee.fr/geo/departement/2B>) }  
	1
--
	prefix idemo: <http://rdf.insee.fr/def/demo#> prefix igeo: <http://rdf.insee.fr/def/geo#> select *  where {?departement idemo:population ?popLeg .  ?popLeg idemo:populationTotale ?popTotale .  filter ((((((((((((((((((((?departement = <http://id.insee.fr/geo/departement/80>) || (?departement = <http://id.insee.fr/geo/departement/02>)) || (?departement = <http://id.insee.fr/geo/departement/60>)) || (?departement = <http://id.insee.fr/geo/departement/59>)) || (?departement = <http://id.insee.fr/geo/departement/62>)) || (?departement = <http://id.insee.fr/geo/departement/47>)) || (?departement = <http://id.insee.fr/geo/departement/40>)) || (?departement = <http://id.insee.fr/geo/departement/24>)) || (?departement = <http://id.insee.fr/geo/departement/33>)) || (?departement = <http://id.insee.fr/geo/departement/64>)) || (?departement = <http://id.insee.fr/geo/departement/43>)) || (?departement = <http://id.insee.fr/geo/departement/15>)) || (?departement = <http://id.insee.fr/geo/departement/03>)) || (?departement = <http://id.insee.fr/geo/departement/63>)) || (?departement = <http://id.insee.fr/geo/departement/41>)) || (?departement = <http://id.insee.fr/geo/departement/28>)) || (?departement = <http://id.insee.fr/geo/departement/45>)) || (?departement = <http://id.insee.fr/geo/departement/37>)) || (?departement = <http://id.insee.fr/geo/departement/18>)) || (?departement = <http://id.insee.fr/geo/departement/36>)) }  
	20
--
	prefix idemo: <http://rdf.insee.fr/def/demo#> prefix igeo: <http://rdf.insee.fr/def/geo#> select *  where {?departement idemo:population ?popLeg .  ?popLeg idemo:populationTotale ?popTotale .  filter ((((((((((((((((((((?departement = <http://id.insee.fr/geo/departement/85>) || (?departement = <http://id.insee.fr/geo/departement/49>)) || (?departement = <http://id.insee.fr/geo/departement/72>)) || (?departement = <http://id.insee.fr/geo/departement/53>)) || (?departement = <http://id.insee.fr/geo/departement/52>)) || (?departement = <http://id.insee.fr/geo/departement/08>)) || (?departement = <http://id.insee.fr/geo/departement/10>)) || (?departement = <http://id.insee.fr/geo/departement/51>)) || (?departement = <http://id.insee.fr/geo/departement/19>)) || (?departement = <http://id.insee.fr/geo/departement/87>)) || (?departement = <http://id.insee.fr/geo/departement/23>)) || (?departement = <http://id.insee.fr/geo/departement/11>)) || (?departement = <http://id.insee.fr/geo/departement/48>)) || (?departement = <http://id.insee.fr/geo/departement/30>)) || (?departement = <http://id.insee.fr/geo/departement/34>)) || (?departement = <http://id.insee.fr/geo/departement/66>)) || (?departement = <http://id.insee.fr/geo/departement/79>)) || (?departement = <http://id.insee.fr/geo/departement/86>)) || (?departement = <http://id.insee.fr/geo/departement/17>)) || (?departement = <http://id.insee.fr/geo/departement/16>)) }  
	20
--
	>====  Sum = 558  =====

 INFO 2016-03-29 11:14:05,004 [main] (TestDQP.java:212) - Remote queries per data source
 INFO 2016-03-29 11:14:05,004 [main] (TestDQP.java:213) - =========
	http://localhost:8081/sparql
	29
--
	http://localhost:8088/sparql
	6
--
	http://localhost:8082/sparql
	29
--
	>====  Sum = 64  =====

 INFO 2016-03-29 11:14:05,005 [main] (TestDQP.java:214) - Transferred results per source
 INFO 2016-03-29 11:14:05,005 [main] (TestDQP.java:215) - =========
	http://localhost:8081/sparql
	229
--
	http://localhost:8088/sparql
	100
--
	http://localhost:8082/sparql
	229
--
	>====  Sum = 558  =====

