 INFO 2016-03-29 11:14:13,214 [main] (ServiceGrouper.java:84) - Building indices for 
 INFO 2016-03-29 11:14:13,216 [main] (ServiceGrouper.java:85) - {?region igeo:codeRegion ?v . 
?region igeo:subdivisionDirecte ?departement . 
?departement igeo:nom ?nom . 
?departement idemo:population ?popLeg . 
?popLeg idemo:populationTotale ?popTotale . }
 INFO 2016-03-29 11:14:13,385 [main] (ServiceGrouper.java:559) - Edge index
 INFO 2016-03-29 11:14:13,386 [main] (ServiceGrouper.java:575) - Source index
 INFO 2016-03-29 11:14:13,388 [main] (ServiceGrouper.java:259) - Found consecutive triple patterns into {?region igeo:codeRegion ?v . 
?region igeo:subdivisionDirecte ?departement . 
?departement igeo:nom ?nom . 
?departement idemo:population ?popLeg . 
?popLeg idemo:populationTotale ?popTotale . }
 INFO 2016-03-29 11:14:13,388 [main] (ServiceGrouper.java:426) - Processing
[?region igeo:codeRegion ?v . , ?region igeo:subdivisionDirecte ?departement . , ?departement igeo:nom ?nom . , ?departement idemo:population ?popLeg . , ?popLeg idemo:populationTotale ?popTotale . ]
 WARN 2016-03-29 11:14:13,389 [main] (ServiceGrouper.java:446) - Triple pattern ?region igeo:codeRegion ?v .  appears in more than one data source, excluded from SERVICE.
 WARN 2016-03-29 11:14:13,389 [main] (ServiceGrouper.java:446) - Triple pattern ?region igeo:subdivisionDirecte ?departement .  appears in more than one data source, excluded from SERVICE.
 WARN 2016-03-29 11:14:13,389 [main] (ServiceGrouper.java:446) - Triple pattern ?departement igeo:nom ?nom .  appears in more than one data source, excluded from SERVICE.
 WARN 2016-03-29 11:14:13,390 [main] (ServiceGrouper.java:446) - Triple pattern ?region igeo:codeRegion ?v .  appears in more than one data source, excluded from SERVICE.
 WARN 2016-03-29 11:14:13,391 [main] (ServiceGrouper.java:446) - Triple pattern ?region igeo:subdivisionDirecte ?departement .  appears in more than one data source, excluded from SERVICE.
 WARN 2016-03-29 11:14:13,391 [main] (ServiceGrouper.java:446) - Triple pattern ?departement igeo:nom ?nom .  appears in more than one data source, excluded from SERVICE.
 INFO 2016-03-29 11:14:13,392 [main] (ServiceGrouper.java:271) - Ranking : 
 INFO 2016-03-29 11:14:13,392 [main] (ServiceGrouper.java:272) - {?region igeo:codeRegion ?v . 
?region igeo:subdivisionDirecte ?departement . 
?departement igeo:nom ?nom . 
service <http://localhost:8088/sparql> {?departement idemo:population ?popLeg . 
?popLeg idemo:populationTotale ?popTotale . }}
 INFO 2016-03-29 11:14:13,392 [main] (ServiceGrouper.java:277) - 2 free variables for ?region igeo:codeRegion ?v . 
 INFO 2016-03-29 11:14:13,393 [main] (ServiceGrouper.java:277) - 2 free variables for ?region igeo:subdivisionDirecte ?departement . 
 INFO 2016-03-29 11:14:13,393 [main] (ServiceGrouper.java:277) - 2 free variables for ?departement igeo:nom ?nom . 
 INFO 2016-03-29 11:14:13,393 [main] (ServiceGrouper.java:277) - 3 free variables for service <http://localhost:8088/sparql> {?departement idemo:population ?popLeg . 
?popLeg idemo:populationTotale ?popTotale . }
 INFO 2016-03-29 11:14:13,393 [main] (ServiceGrouper.java:286) - Sorting services possibly with the same score
 WARN 2016-03-29 11:14:13,394 [main] (ServiceGrouper.java:353) - Searching for ?departement igeo:nom ?nom .  in [?region igeo:codeRegion ?v . , ?region igeo:subdivisionDirecte ?departement . , ?departement igeo:nom ?nom . , ?departement idemo:population ?popLeg . , ?popLeg idemo:populationTotale ?popTotale . ]
 WARN 2016-03-29 11:14:13,395 [main] (ServiceGrouper.java:353) - Searching for ?region igeo:subdivisionDirecte ?departement .  in [?region igeo:codeRegion ?v . , ?region igeo:subdivisionDirecte ?departement . , ?departement igeo:nom ?nom . , ?departement idemo:population ?popLeg . , ?popLeg idemo:populationTotale ?popTotale . ]
 INFO 2016-03-29 11:14:13,395 [main] (ServiceGrouper.java:328) - Comparing : ?departement igeo:nom ?nom .  with ?region igeo:subdivisionDirecte ?departement . 
 WARN 2016-03-29 11:14:13,396 [main] (ServiceGrouper.java:353) - Searching for ?region igeo:codeRegion ?v .  in [?region igeo:codeRegion ?v . , ?region igeo:subdivisionDirecte ?departement . , ?departement igeo:nom ?nom . , ?departement idemo:population ?popLeg . , ?popLeg idemo:populationTotale ?popTotale . ]
 WARN 2016-03-29 11:14:13,396 [main] (ServiceGrouper.java:353) - Searching for ?departement igeo:nom ?nom .  in [?region igeo:codeRegion ?v . , ?region igeo:subdivisionDirecte ?departement . , ?departement igeo:nom ?nom . , ?departement idemo:population ?popLeg . , ?popLeg idemo:populationTotale ?popTotale . ]
 INFO 2016-03-29 11:14:13,396 [main] (ServiceGrouper.java:328) - Comparing : ?region igeo:codeRegion ?v .  with ?departement igeo:nom ?nom . 
 WARN 2016-03-29 11:14:13,397 [main] (ServiceGrouper.java:353) - Searching for ?region igeo:codeRegion ?v .  in [?region igeo:codeRegion ?v . , ?region igeo:subdivisionDirecte ?departement . , ?departement igeo:nom ?nom . , ?departement idemo:population ?popLeg . , ?popLeg idemo:populationTotale ?popTotale . ]
 WARN 2016-03-29 11:14:13,397 [main] (ServiceGrouper.java:353) - Searching for ?region igeo:subdivisionDirecte ?departement .  in [?region igeo:codeRegion ?v . , ?region igeo:subdivisionDirecte ?departement . , ?departement igeo:nom ?nom . , ?departement idemo:population ?popLeg . , ?popLeg idemo:populationTotale ?popTotale . ]
 INFO 2016-03-29 11:14:13,397 [main] (ServiceGrouper.java:328) - Comparing : ?region igeo:codeRegion ?v .  with ?region igeo:subdivisionDirecte ?departement . 
 INFO 2016-03-29 11:14:13,398 [main] (ServiceGrouper.java:340) - {?region igeo:codeRegion ?v . 
?region igeo:subdivisionDirecte ?departement . 
?departement igeo:nom ?nom . 
service <http://localhost:8088/sparql> {?departement idemo:population ?popLeg . 
?popLeg idemo:populationTotale ?popTotale . }}
 INFO 2016-03-29 11:14:13,398 [main] (ServiceGrouper.java:118) - Final rewritten query
 INFO 2016-03-29 11:14:13,399 [main] (ServiceGrouper.java:119) - prefix idemo: <http://rdf.insee.fr/def/demo#>
prefix igeo: <http://rdf.insee.fr/def/geo#>
select ?nom ?popTotale 
where
{?region igeo:codeRegion ?v . 
?region igeo:subdivisionDirecte ?departement . 
?departement igeo:nom ?nom . 
service <http://localhost:8088/sparql> {?departement idemo:population ?popLeg . 
?popLeg idemo:populationTotale ?popTotale . }}
order by ?popTotale 


 INFO 2016-03-29 11:14:13,401 [main] (ServiceGrouper.java:57) - Building predicates indices for AND{EDGE{?region igeo:codeRegion ?v} EDGE{?region igeo:subdivisionDirecte ?departement} EDGE{?departement igeo:nom ?nom} SERVICE{NODE{<http://localhost:8088/sparql> } select [NODE{?departement }, NODE{?popLeg }, NODE{?popTotale }]
QUERY{AND{EDGE{?departement idemo:population ?popLeg} EDGE{?popLeg idemo:populationTotale ?popTotale} } } } }
 INFO 2016-03-29 11:14:13,401 [main] (ServiceGrouper.java:57) - Building predicates indices for AND{EDGE{?departement idemo:population ?popLeg} EDGE{?popLeg idemo:populationTotale ?popTotale} }
 INFO 2016-03-29 11:14:13,402 [main] (ServiceGrouper.java:65) - END of building index!
 INFO 2016-03-29 11:14:13,402 [main] (ServiceGrouper.java:65) - END of building index!
 INFO 2016-03-29 11:14:13,416 [main] (ParallelMetaProducerLessBlocking.java:214) - Searching for BGP : BGP{EDGE{?region igeo:codeRegion ?v} EDGE{?region igeo:subdivisionDirecte ?departement} EDGE{?departement igeo:nom ?nom} }
 INFO 2016-03-29 11:14:13,419 [pool-1-thread-1] (CallableResult.java:56) - CallableResult for GetMappings
 INFO 2016-03-29 11:14:13,419 [pool-1-thread-2] (CallableResult.java:56) - CallableResult for GetMappings
 INFO 2016-03-29 11:14:13,421 [pool-1-thread-2] (RemoteQueryOptimizerFull.java:144) - BGP QUERY: 
 SELECT * WHERE { 
	 ?region igeo:codeRegion ?v . 
 	 ?region igeo:subdivisionDirecte ?departement . 
 	 ?departement igeo:nom ?nom . 
 } 
 INFO 2016-03-29 11:14:13,421 [pool-1-thread-1] (RemoteQueryOptimizerFull.java:144) - BGP QUERY: 
 SELECT * WHERE { 
	 ?region igeo:codeRegion ?v . 
 	 ?region igeo:subdivisionDirecte ?departement . 
 	 ?departement igeo:nom ?nom . 
 } 
 INFO 2016-03-29 11:14:13,542 [pool-1-thread-1] (CallableResult.java:59) - RESULTS: 101 FROM http://localhost:8081/sparql
 INFO 2016-03-29 11:14:13,543 [pool-1-thread-1] (CallableResult.java:63) - Finished CallableResult in 124 ms.
 INFO 2016-03-29 11:14:13,547 [pool-1-thread-2] (CallableResult.java:59) - RESULTS: 101 FROM http://localhost:8082/sparql
 INFO 2016-03-29 11:14:13,548 [pool-1-thread-2] (CallableResult.java:63) - Finished CallableResult in 129 ms.
 INFO 2016-03-29 11:14:13,556 [main] (ParallelMetaProducerLessBlocking.java:255) - Global results retrieved in getMappings 137ms.
 INFO 2016-03-29 11:14:13,559 [main] (Eval.java:1660) - 
	GET MAPPINGS in 146ms.
	 FOR BGP{EDGE{?region igeo:codeRegion ?v} EDGE{?region igeo:subdivisionDirecte ?departement} EDGE{?departement igeo:nom ?nom} }

 INFO 2016-03-29 11:14:13,559 [main] (ParallelMetaProducerLessBlocking.java:61) - Searching for edge : ?region igeo:codeRegion ?v
 INFO 2016-03-29 11:14:13,560 [pool-2-thread-2] (CallableResult.java:52) - CallableResult for GetEdge
 INFO 2016-03-29 11:14:13,566 [pool-2-thread-1] (CallableResult.java:52) - CallableResult for GetEdge
 INFO 2016-03-29 11:14:13,753 [pool-2-thread-1] (CallableResult.java:63) - Finished CallableResult in 187 ms.
 INFO 2016-03-29 11:14:13,774 [pool-2-thread-2] (CallableResult.java:63) - Finished CallableResult in 214 ms.
 INFO 2016-03-29 11:14:13,785 [main] (ParallelMetaProducerLessBlocking.java:193) - Global results retrieved in getEdges 225ms.
 INFO 2016-03-29 11:14:13,786 [main] (ParallelMetaProducerLessBlocking.java:61) - Searching for edge : ?region igeo:subdivisionDirecte ?departement
 INFO 2016-03-29 11:14:13,787 [pool-3-thread-1] (CallableResult.java:52) - CallableResult for GetEdge
 INFO 2016-03-29 11:14:13,787 [pool-3-thread-2] (CallableResult.java:52) - CallableResult for GetEdge
 INFO 2016-03-29 11:14:13,802 [pool-3-thread-2] (CallableResult.java:63) - Finished CallableResult in 15 ms.
 INFO 2016-03-29 11:14:13,806 [pool-3-thread-1] (CallableResult.java:63) - Finished CallableResult in 19 ms.
 INFO 2016-03-29 11:14:13,806 [main] (ParallelMetaProducerLessBlocking.java:193) - Global results retrieved in getEdges 19ms.
 INFO 2016-03-29 11:14:13,807 [main] (ParallelMetaProducerLessBlocking.java:61) - Searching for edge : ?departement igeo:nom ?nom
 INFO 2016-03-29 11:14:13,807 [main] (ParallelMetaProducerLessBlocking.java:193) - Global results retrieved in getEdges 0ms.
 INFO 2016-03-29 11:14:13,807 [main] (Eval.java:2158) - 
	Get EDGE in 0ms.  
	FOR EDGE{?departement igeo:nom ?nom}

 INFO 2016-03-29 11:14:13,808 [main] (ParallelMetaProducerLessBlocking.java:61) - Searching for edge : ?departement igeo:nom ?nom
 INFO 2016-03-29 11:14:13,808 [main] (ParallelMetaProducerLessBlocking.java:193) - Global results retrieved in getEdges 0ms.
 INFO 2016-03-29 11:14:13,808 [main] (Eval.java:2158) - 
	Get EDGE in 0ms.  
	FOR EDGE{?departement igeo:nom ?nom}

 INFO 2016-03-29 11:14:13,808 [main] (ParallelMetaProducerLessBlocking.java:61) - Searching for edge : ?departement igeo:nom ?nom
 INFO 2016-03-29 11:14:13,809 [main] (ParallelMetaProducerLessBlocking.java:193) - Global results retrieved in getEdges 0ms.
 INFO 2016-03-29 11:14:13,809 [main] (Eval.java:2158) - 
	Get EDGE in 1ms.  
	FOR EDGE{?departement igeo:nom ?nom}

 INFO 2016-03-29 11:14:13,809 [main] (ParallelMetaProducerLessBlocking.java:61) - Searching for edge : ?departement igeo:nom ?nom
 INFO 2016-03-29 11:14:13,809 [main] (ParallelMetaProducerLessBlocking.java:193) - Global results retrieved in getEdges 0ms.
 INFO 2016-03-29 11:14:13,809 [main] (Eval.java:2158) - 
	Get EDGE in 0ms.  
	FOR EDGE{?departement igeo:nom ?nom}

 INFO 2016-03-29 11:14:13,810 [main] (Eval.java:2158) - 
	Get EDGE in 24ms.  
	FOR EDGE{?region igeo:subdivisionDirecte ?departement}

 INFO 2016-03-29 11:14:13,810 [main] (ParallelMetaProducerLessBlocking.java:61) - Searching for edge : ?region igeo:subdivisionDirecte ?departement
 INFO 2016-03-29 11:14:13,810 [pool-8-thread-1] (CallableResult.java:52) - CallableResult for GetEdge
 INFO 2016-03-29 11:14:13,810 [pool-8-thread-2] (CallableResult.java:52) - CallableResult for GetEdge
 INFO 2016-03-29 11:14:13,823 [pool-8-thread-1] (CallableResult.java:63) - Finished CallableResult in 13 ms.
 INFO 2016-03-29 11:14:13,825 [pool-8-thread-2] (CallableResult.java:63) - Finished CallableResult in 15 ms.
 INFO 2016-03-29 11:14:13,825 [main] (ParallelMetaProducerLessBlocking.java:193) - Global results retrieved in getEdges 15ms.
 INFO 2016-03-29 11:14:13,826 [main] (ParallelMetaProducerLessBlocking.java:61) - Searching for edge : ?departement igeo:nom ?nom
 INFO 2016-03-29 11:14:13,826 [main] (ParallelMetaProducerLessBlocking.java:193) - Global results retrieved in getEdges 0ms.
 INFO 2016-03-29 11:14:13,826 [main] (Eval.java:2158) - 
	Get EDGE in 0ms.  
	FOR EDGE{?departement igeo:nom ?nom}

 INFO 2016-03-29 11:14:13,827 [main] (ParallelMetaProducerLessBlocking.java:61) - Searching for edge : ?departement igeo:nom ?nom
 INFO 2016-03-29 11:14:13,827 [main] (ParallelMetaProducerLessBlocking.java:193) - Global results retrieved in getEdges 0ms.
 INFO 2016-03-29 11:14:13,827 [main] (Eval.java:2158) - 
	Get EDGE in 1ms.  
	FOR EDGE{?departement igeo:nom ?nom}

 INFO 2016-03-29 11:14:13,827 [main] (ParallelMetaProducerLessBlocking.java:61) - Searching for edge : ?departement igeo:nom ?nom
 INFO 2016-03-29 11:14:13,828 [main] (ParallelMetaProducerLessBlocking.java:193) - Global results retrieved in getEdges 0ms.
 INFO 2016-03-29 11:14:13,828 [main] (Eval.java:2158) - 
	Get EDGE in 1ms.  
	FOR EDGE{?departement igeo:nom ?nom}

 INFO 2016-03-29 11:14:13,828 [main] (Eval.java:2158) - 
	Get EDGE in 18ms.  
	FOR EDGE{?region igeo:subdivisionDirecte ?departement}

 INFO 2016-03-29 11:14:13,828 [main] (ParallelMetaProducerLessBlocking.java:61) - Searching for edge : ?region igeo:subdivisionDirecte ?departement
 INFO 2016-03-29 11:14:13,829 [pool-12-thread-1] (CallableResult.java:52) - CallableResult for GetEdge
 INFO 2016-03-29 11:14:13,829 [pool-12-thread-2] (CallableResult.java:52) - CallableResult for GetEdge
 INFO 2016-03-29 11:14:13,839 [pool-12-thread-1] (CallableResult.java:63) - Finished CallableResult in 10 ms.
 INFO 2016-03-29 11:14:13,840 [pool-12-thread-2] (CallableResult.java:63) - Finished CallableResult in 11 ms.
 INFO 2016-03-29 11:14:13,841 [main] (ParallelMetaProducerLessBlocking.java:193) - Global results retrieved in getEdges 12ms.
 INFO 2016-03-29 11:14:13,841 [main] (ParallelMetaProducerLessBlocking.java:61) - Searching for edge : ?departement igeo:nom ?nom
 INFO 2016-03-29 11:14:13,841 [main] (ParallelMetaProducerLessBlocking.java:193) - Global results retrieved in getEdges 0ms.
 INFO 2016-03-29 11:14:13,841 [main] (Eval.java:2158) - 
	Get EDGE in 0ms.  
	FOR EDGE{?departement igeo:nom ?nom}

 INFO 2016-03-29 11:14:13,842 [main] (ParallelMetaProducerLessBlocking.java:61) - Searching for edge : ?departement igeo:nom ?nom
 INFO 2016-03-29 11:14:13,842 [main] (ParallelMetaProducerLessBlocking.java:193) - Global results retrieved in getEdges 0ms.
 INFO 2016-03-29 11:14:13,842 [main] (Eval.java:2158) - 
	Get EDGE in 0ms.  
	FOR EDGE{?departement igeo:nom ?nom}

 INFO 2016-03-29 11:14:13,842 [main] (Eval.java:2158) - 
	Get EDGE in 14ms.  
	FOR EDGE{?region igeo:subdivisionDirecte ?departement}

 INFO 2016-03-29 11:14:13,843 [main] (ParallelMetaProducerLessBlocking.java:61) - Searching for edge : ?region igeo:subdivisionDirecte ?departement
 INFO 2016-03-29 11:14:13,843 [pool-15-thread-1] (CallableResult.java:52) - CallableResult for GetEdge
 INFO 2016-03-29 11:14:13,843 [pool-15-thread-2] (CallableResult.java:52) - CallableResult for GetEdge
 INFO 2016-03-29 11:14:13,867 [pool-15-thread-2] (CallableResult.java:63) - Finished CallableResult in 24 ms.
 INFO 2016-03-29 11:14:13,869 [pool-15-thread-1] (CallableResult.java:63) - Finished CallableResult in 26 ms.
 INFO 2016-03-29 11:14:13,870 [main] (ParallelMetaProducerLessBlocking.java:193) - Global results retrieved in getEdges 27ms.
 INFO 2016-03-29 11:14:13,870 [main] (ParallelMetaProducerLessBlocking.java:61) - Searching for edge : ?departement igeo:nom ?nom
 INFO 2016-03-29 11:14:13,871 [main] (ParallelMetaProducerLessBlocking.java:193) - Global results retrieved in getEdges 0ms.
 INFO 2016-03-29 11:14:13,871 [main] (Eval.java:2158) - 
	Get EDGE in 1ms.  
	FOR EDGE{?departement igeo:nom ?nom}

 INFO 2016-03-29 11:14:13,871 [main] (ParallelMetaProducerLessBlocking.java:61) - Searching for edge : ?departement igeo:nom ?nom
 INFO 2016-03-29 11:14:13,872 [main] (ParallelMetaProducerLessBlocking.java:193) - Global results retrieved in getEdges 0ms.
 INFO 2016-03-29 11:14:13,872 [main] (Eval.java:2158) - 
	Get EDGE in 1ms.  
	FOR EDGE{?departement igeo:nom ?nom}

 INFO 2016-03-29 11:14:13,872 [main] (ParallelMetaProducerLessBlocking.java:61) - Searching for edge : ?departement igeo:nom ?nom
 INFO 2016-03-29 11:14:13,872 [main] (ParallelMetaProducerLessBlocking.java:193) - Global results retrieved in getEdges 0ms.
 INFO 2016-03-29 11:14:13,872 [main] (Eval.java:2158) - 
	Get EDGE in 0ms.  
	FOR EDGE{?departement igeo:nom ?nom}

 INFO 2016-03-29 11:14:13,873 [main] (ParallelMetaProducerLessBlocking.java:61) - Searching for edge : ?departement igeo:nom ?nom
 INFO 2016-03-29 11:14:13,873 [main] (ParallelMetaProducerLessBlocking.java:193) - Global results retrieved in getEdges 0ms.
 INFO 2016-03-29 11:14:13,873 [main] (Eval.java:2158) - 
	Get EDGE in 0ms.  
	FOR EDGE{?departement igeo:nom ?nom}

 INFO 2016-03-29 11:14:13,873 [main] (ParallelMetaProducerLessBlocking.java:61) - Searching for edge : ?departement igeo:nom ?nom
 INFO 2016-03-29 11:14:13,896 [main] (ParallelMetaProducerLessBlocking.java:193) - Global results retrieved in getEdges 0ms.
 INFO 2016-03-29 11:14:13,897 [main] (Eval.java:2158) - 
	Get EDGE in 24ms.  
	FOR EDGE{?departement igeo:nom ?nom}

 INFO 2016-03-29 11:14:13,897 [main] (ParallelMetaProducerLessBlocking.java:61) - Searching for edge : ?departement igeo:nom ?nom
 INFO 2016-03-29 11:14:13,897 [main] (ParallelMetaProducerLessBlocking.java:193) - Global results retrieved in getEdges 0ms.
 INFO 2016-03-29 11:14:13,898 [main] (Eval.java:2158) - 
	Get EDGE in 1ms.  
	FOR EDGE{?departement igeo:nom ?nom}

 INFO 2016-03-29 11:14:13,898 [main] (ParallelMetaProducerLessBlocking.java:61) - Searching for edge : ?departement igeo:nom ?nom
 INFO 2016-03-29 11:14:13,899 [main] (ParallelMetaProducerLessBlocking.java:193) - Global results retrieved in getEdges 0ms.
 INFO 2016-03-29 11:14:13,899 [main] (Eval.java:2158) - 
	Get EDGE in 1ms.  
	FOR EDGE{?departement igeo:nom ?nom}

 INFO 2016-03-29 11:14:13,899 [main] (ParallelMetaProducerLessBlocking.java:61) - Searching for edge : ?departement igeo:nom ?nom
 INFO 2016-03-29 11:14:13,900 [main] (ParallelMetaProducerLessBlocking.java:193) - Global results retrieved in getEdges 0ms.
 INFO 2016-03-29 11:14:13,900 [main] (Eval.java:2158) - 
	Get EDGE in 1ms.  
	FOR EDGE{?departement igeo:nom ?nom}

 INFO 2016-03-29 11:14:13,900 [main] (Eval.java:2158) - 
	Get EDGE in 58ms.  
	FOR EDGE{?region igeo:subdivisionDirecte ?departement}

 INFO 2016-03-29 11:14:13,901 [main] (ParallelMetaProducerLessBlocking.java:61) - Searching for edge : ?region igeo:subdivisionDirecte ?departement
 INFO 2016-03-29 11:14:13,901 [pool-24-thread-1] (CallableResult.java:52) - CallableResult for GetEdge
 INFO 2016-03-29 11:14:13,901 [pool-24-thread-2] (CallableResult.java:52) - CallableResult for GetEdge
 INFO 2016-03-29 11:14:13,926 [pool-24-thread-2] (CallableResult.java:63) - Finished CallableResult in 25 ms.
 INFO 2016-03-29 11:14:13,926 [pool-24-thread-1] (CallableResult.java:63) - Finished CallableResult in 25 ms.
 INFO 2016-03-29 11:14:13,928 [main] (ParallelMetaProducerLessBlocking.java:193) - Global results retrieved in getEdges 27ms.
 INFO 2016-03-29 11:14:13,928 [main] (ParallelMetaProducerLessBlocking.java:61) - Searching for edge : ?departement igeo:nom ?nom
 INFO 2016-03-29 11:14:13,928 [main] (ParallelMetaProducerLessBlocking.java:193) - Global results retrieved in getEdges 0ms.
 INFO 2016-03-29 11:14:13,929 [main] (Eval.java:2158) - 
	Get EDGE in 1ms.  
	FOR EDGE{?departement igeo:nom ?nom}

 INFO 2016-03-29 11:14:13,929 [main] (ParallelMetaProducerLessBlocking.java:61) - Searching for edge : ?departement igeo:nom ?nom
 INFO 2016-03-29 11:14:13,929 [main] (ParallelMetaProducerLessBlocking.java:193) - Global results retrieved in getEdges 0ms.
 INFO 2016-03-29 11:14:13,930 [main] (Eval.java:2158) - 
	Get EDGE in 1ms.  
	FOR EDGE{?departement igeo:nom ?nom}

 INFO 2016-03-29 11:14:13,930 [main] (ParallelMetaProducerLessBlocking.java:61) - Searching for edge : ?departement igeo:nom ?nom
 INFO 2016-03-29 11:14:13,930 [main] (ParallelMetaProducerLessBlocking.java:193) - Global results retrieved in getEdges 0ms.
 INFO 2016-03-29 11:14:13,931 [main] (Eval.java:2158) - 
	Get EDGE in 1ms.  
	FOR EDGE{?departement igeo:nom ?nom}

 INFO 2016-03-29 11:14:13,931 [main] (ParallelMetaProducerLessBlocking.java:61) - Searching for edge : ?departement igeo:nom ?nom
 INFO 2016-03-29 11:14:13,931 [main] (ParallelMetaProducerLessBlocking.java:193) - Global results retrieved in getEdges 0ms.
 INFO 2016-03-29 11:14:13,932 [main] (Eval.java:2158) - 
	Get EDGE in 1ms.  
	FOR EDGE{?departement igeo:nom ?nom}

 INFO 2016-03-29 11:14:13,932 [main] (ParallelMetaProducerLessBlocking.java:61) - Searching for edge : ?departement igeo:nom ?nom
 INFO 2016-03-29 11:14:13,932 [main] (ParallelMetaProducerLessBlocking.java:193) - Global results retrieved in getEdges 0ms.
 INFO 2016-03-29 11:14:13,933 [main] (Eval.java:2158) - 
	Get EDGE in 1ms.  
	FOR EDGE{?departement igeo:nom ?nom}

 INFO 2016-03-29 11:14:13,933 [main] (ParallelMetaProducerLessBlocking.java:61) - Searching for edge : ?departement igeo:nom ?nom
 INFO 2016-03-29 11:14:13,934 [main] (ParallelMetaProducerLessBlocking.java:193) - Global results retrieved in getEdges 0ms.
 INFO 2016-03-29 11:14:13,934 [main] (Eval.java:2158) - 
	Get EDGE in 1ms.  
	FOR EDGE{?departement igeo:nom ?nom}

 INFO 2016-03-29 11:14:13,934 [main] (ParallelMetaProducerLessBlocking.java:61) - Searching for edge : ?departement igeo:nom ?nom
 INFO 2016-03-29 11:14:13,935 [main] (ParallelMetaProducerLessBlocking.java:193) - Global results retrieved in getEdges 0ms.
 INFO 2016-03-29 11:14:13,935 [main] (Eval.java:2158) - 
	Get EDGE in 1ms.  
	FOR EDGE{?departement igeo:nom ?nom}

 INFO 2016-03-29 11:14:13,935 [main] (ParallelMetaProducerLessBlocking.java:61) - Searching for edge : ?departement igeo:nom ?nom
 INFO 2016-03-29 11:14:13,936 [main] (ParallelMetaProducerLessBlocking.java:193) - Global results retrieved in getEdges 0ms.
 INFO 2016-03-29 11:14:13,936 [main] (Eval.java:2158) - 
	Get EDGE in 1ms.  
	FOR EDGE{?departement igeo:nom ?nom}

 INFO 2016-03-29 11:14:13,936 [main] (Eval.java:2158) - 
	Get EDGE in 35ms.  
	FOR EDGE{?region igeo:subdivisionDirecte ?departement}

 INFO 2016-03-29 11:14:13,937 [main] (ParallelMetaProducerLessBlocking.java:61) - Searching for edge : ?region igeo:subdivisionDirecte ?departement
 INFO 2016-03-29 11:14:13,937 [pool-33-thread-1] (CallableResult.java:52) - CallableResult for GetEdge
 INFO 2016-03-29 11:14:13,937 [pool-33-thread-2] (CallableResult.java:52) - CallableResult for GetEdge
 INFO 2016-03-29 11:14:13,953 [pool-33-thread-2] (CallableResult.java:63) - Finished CallableResult in 16 ms.
 INFO 2016-03-29 11:14:13,953 [pool-33-thread-1] (CallableResult.java:63) - Finished CallableResult in 16 ms.
 INFO 2016-03-29 11:14:13,953 [main] (ParallelMetaProducerLessBlocking.java:193) - Global results retrieved in getEdges 16ms.
 INFO 2016-03-29 11:14:13,954 [main] (ParallelMetaProducerLessBlocking.java:61) - Searching for edge : ?departement igeo:nom ?nom
 INFO 2016-03-29 11:14:13,954 [main] (ParallelMetaProducerLessBlocking.java:193) - Global results retrieved in getEdges 0ms.
 INFO 2016-03-29 11:14:13,954 [main] (Eval.java:2158) - 
	Get EDGE in 0ms.  
	FOR EDGE{?departement igeo:nom ?nom}

 INFO 2016-03-29 11:14:13,955 [main] (ParallelMetaProducerLessBlocking.java:61) - Searching for edge : ?departement igeo:nom ?nom
 INFO 2016-03-29 11:14:13,955 [main] (ParallelMetaProducerLessBlocking.java:193) - Global results retrieved in getEdges 0ms.
 INFO 2016-03-29 11:14:13,955 [main] (Eval.java:2158) - 
	Get EDGE in 0ms.  
	FOR EDGE{?departement igeo:nom ?nom}

 INFO 2016-03-29 11:14:13,956 [main] (ParallelMetaProducerLessBlocking.java:61) - Searching for edge : ?departement igeo:nom ?nom
 INFO 2016-03-29 11:14:13,956 [main] (ParallelMetaProducerLessBlocking.java:193) - Global results retrieved in getEdges 0ms.
 INFO 2016-03-29 11:14:13,956 [main] (Eval.java:2158) - 
	Get EDGE in 0ms.  
	FOR EDGE{?departement igeo:nom ?nom}

 INFO 2016-03-29 11:14:13,957 [main] (ParallelMetaProducerLessBlocking.java:61) - Searching for edge : ?departement igeo:nom ?nom
 INFO 2016-03-29 11:14:13,957 [main] (ParallelMetaProducerLessBlocking.java:193) - Global results retrieved in getEdges 0ms.
 INFO 2016-03-29 11:14:13,957 [main] (Eval.java:2158) - 
	Get EDGE in 1ms.  
	FOR EDGE{?departement igeo:nom ?nom}

 INFO 2016-03-29 11:14:13,957 [main] (Eval.java:2158) - 
	Get EDGE in 20ms.  
	FOR EDGE{?region igeo:subdivisionDirecte ?departement}

 INFO 2016-03-29 11:14:13,958 [main] (ParallelMetaProducerLessBlocking.java:61) - Searching for edge : ?region igeo:subdivisionDirecte ?departement
 INFO 2016-03-29 11:14:13,958 [pool-38-thread-1] (CallableResult.java:52) - CallableResult for GetEdge
 INFO 2016-03-29 11:14:13,958 [pool-38-thread-2] (CallableResult.java:52) - CallableResult for GetEdge
 INFO 2016-03-29 11:14:13,974 [pool-38-thread-2] (CallableResult.java:63) - Finished CallableResult in 16 ms.
 INFO 2016-03-29 11:14:13,974 [pool-38-thread-1] (CallableResult.java:63) - Finished CallableResult in 16 ms.
 INFO 2016-03-29 11:14:13,975 [main] (ParallelMetaProducerLessBlocking.java:193) - Global results retrieved in getEdges 17ms.
 INFO 2016-03-29 11:14:13,975 [main] (ParallelMetaProducerLessBlocking.java:61) - Searching for edge : ?departement igeo:nom ?nom
 INFO 2016-03-29 11:14:13,976 [main] (ParallelMetaProducerLessBlocking.java:193) - Global results retrieved in getEdges 0ms.
 INFO 2016-03-29 11:14:13,979 [main] (Eval.java:2158) - 
	Get EDGE in 4ms.  
	FOR EDGE{?departement igeo:nom ?nom}

 INFO 2016-03-29 11:14:13,979 [main] (ParallelMetaProducerLessBlocking.java:61) - Searching for edge : ?departement igeo:nom ?nom
 INFO 2016-03-29 11:14:13,980 [main] (ParallelMetaProducerLessBlocking.java:193) - Global results retrieved in getEdges 0ms.
 INFO 2016-03-29 11:14:13,981 [main] (Eval.java:2158) - 
	Get EDGE in 2ms.  
	FOR EDGE{?departement igeo:nom ?nom}

 INFO 2016-03-29 11:14:13,982 [main] (ParallelMetaProducerLessBlocking.java:61) - Searching for edge : ?departement igeo:nom ?nom
 INFO 2016-03-29 11:14:13,982 [main] (ParallelMetaProducerLessBlocking.java:193) - Global results retrieved in getEdges 0ms.
 INFO 2016-03-29 11:14:13,982 [main] (Eval.java:2158) - 
	Get EDGE in 1ms.  
	FOR EDGE{?departement igeo:nom ?nom}

 INFO 2016-03-29 11:14:13,983 [main] (ParallelMetaProducerLessBlocking.java:61) - Searching for edge : ?departement igeo:nom ?nom
 INFO 2016-03-29 11:14:13,983 [main] (ParallelMetaProducerLessBlocking.java:193) - Global results retrieved in getEdges 0ms.
 INFO 2016-03-29 11:14:13,983 [main] (Eval.java:2158) - 
	Get EDGE in 0ms.  
	FOR EDGE{?departement igeo:nom ?nom}

 INFO 2016-03-29 11:14:13,984 [main] (ParallelMetaProducerLessBlocking.java:61) - Searching for edge : ?departement igeo:nom ?nom
 INFO 2016-03-29 11:14:13,984 [main] (ParallelMetaProducerLessBlocking.java:193) - Global results retrieved in getEdges 0ms.
 INFO 2016-03-29 11:14:13,984 [main] (Eval.java:2158) - 
	Get EDGE in 0ms.  
	FOR EDGE{?departement igeo:nom ?nom}

 INFO 2016-03-29 11:14:13,985 [main] (Eval.java:2158) - 
	Get EDGE in 27ms.  
	FOR EDGE{?region igeo:subdivisionDirecte ?departement}

 INFO 2016-03-29 11:14:13,985 [main] (ParallelMetaProducerLessBlocking.java:61) - Searching for edge : ?region igeo:subdivisionDirecte ?departement
 INFO 2016-03-29 11:14:13,986 [pool-44-thread-1] (CallableResult.java:52) - CallableResult for GetEdge
 INFO 2016-03-29 11:14:13,986 [pool-44-thread-2] (CallableResult.java:52) - CallableResult for GetEdge
 INFO 2016-03-29 11:14:13,999 [pool-44-thread-2] (CallableResult.java:63) - Finished CallableResult in 13 ms.
 INFO 2016-03-29 11:14:14,004 [pool-44-thread-1] (CallableResult.java:63) - Finished CallableResult in 18 ms.
 INFO 2016-03-29 11:14:14,005 [main] (ParallelMetaProducerLessBlocking.java:193) - Global results retrieved in getEdges 19ms.
 INFO 2016-03-29 11:14:14,005 [main] (ParallelMetaProducerLessBlocking.java:61) - Searching for edge : ?departement igeo:nom ?nom
 INFO 2016-03-29 11:14:14,006 [main] (ParallelMetaProducerLessBlocking.java:193) - Global results retrieved in getEdges 0ms.
 INFO 2016-03-29 11:14:14,006 [main] (Eval.java:2158) - 
	Get EDGE in 1ms.  
	FOR EDGE{?departement igeo:nom ?nom}

 INFO 2016-03-29 11:14:14,006 [main] (ParallelMetaProducerLessBlocking.java:61) - Searching for edge : ?departement igeo:nom ?nom
 INFO 2016-03-29 11:14:14,006 [main] (ParallelMetaProducerLessBlocking.java:193) - Global results retrieved in getEdges 0ms.
 INFO 2016-03-29 11:14:14,007 [main] (Eval.java:2158) - 
	Get EDGE in 1ms.  
	FOR EDGE{?departement igeo:nom ?nom}

 INFO 2016-03-29 11:14:14,007 [main] (ParallelMetaProducerLessBlocking.java:61) - Searching for edge : ?departement igeo:nom ?nom
 INFO 2016-03-29 11:14:14,007 [main] (ParallelMetaProducerLessBlocking.java:193) - Global results retrieved in getEdges 0ms.
 INFO 2016-03-29 11:14:14,007 [main] (Eval.java:2158) - 
	Get EDGE in 0ms.  
	FOR EDGE{?departement igeo:nom ?nom}

 INFO 2016-03-29 11:14:14,008 [main] (ParallelMetaProducerLessBlocking.java:61) - Searching for edge : ?departement igeo:nom ?nom
 INFO 2016-03-29 11:14:14,008 [main] (ParallelMetaProducerLessBlocking.java:193) - Global results retrieved in getEdges 0ms.
 INFO 2016-03-29 11:14:14,008 [main] (Eval.java:2158) - 
	Get EDGE in 0ms.  
	FOR EDGE{?departement igeo:nom ?nom}

 INFO 2016-03-29 11:14:14,008 [main] (Eval.java:2158) - 
	Get EDGE in 23ms.  
	FOR EDGE{?region igeo:subdivisionDirecte ?departement}

 INFO 2016-03-29 11:14:14,009 [main] (ParallelMetaProducerLessBlocking.java:61) - Searching for edge : ?region igeo:subdivisionDirecte ?departement
 INFO 2016-03-29 11:14:14,009 [pool-49-thread-1] (CallableResult.java:52) - CallableResult for GetEdge
 INFO 2016-03-29 11:14:14,009 [pool-49-thread-2] (CallableResult.java:52) - CallableResult for GetEdge
 INFO 2016-03-29 11:14:14,020 [pool-49-thread-2] (CallableResult.java:63) - Finished CallableResult in 11 ms.
 INFO 2016-03-29 11:14:14,023 [pool-49-thread-1] (CallableResult.java:63) - Finished CallableResult in 14 ms.
 INFO 2016-03-29 11:14:14,023 [main] (ParallelMetaProducerLessBlocking.java:193) - Global results retrieved in getEdges 14ms.
 INFO 2016-03-29 11:14:14,024 [main] (ParallelMetaProducerLessBlocking.java:61) - Searching for edge : ?departement igeo:nom ?nom
 INFO 2016-03-29 11:14:14,024 [main] (ParallelMetaProducerLessBlocking.java:193) - Global results retrieved in getEdges 0ms.
 INFO 2016-03-29 11:14:14,024 [main] (Eval.java:2158) - 
	Get EDGE in 0ms.  
	FOR EDGE{?departement igeo:nom ?nom}

 INFO 2016-03-29 11:14:14,024 [main] (ParallelMetaProducerLessBlocking.java:61) - Searching for edge : ?departement igeo:nom ?nom
 INFO 2016-03-29 11:14:14,025 [main] (ParallelMetaProducerLessBlocking.java:193) - Global results retrieved in getEdges 0ms.
 INFO 2016-03-29 11:14:14,025 [main] (Eval.java:2158) - 
	Get EDGE in 1ms.  
	FOR EDGE{?departement igeo:nom ?nom}

 INFO 2016-03-29 11:14:14,025 [main] (ParallelMetaProducerLessBlocking.java:61) - Searching for edge : ?departement igeo:nom ?nom
 INFO 2016-03-29 11:14:14,026 [main] (ParallelMetaProducerLessBlocking.java:193) - Global results retrieved in getEdges 0ms.
 INFO 2016-03-29 11:14:14,026 [main] (Eval.java:2158) - 
	Get EDGE in 1ms.  
	FOR EDGE{?departement igeo:nom ?nom}

 INFO 2016-03-29 11:14:14,026 [main] (Eval.java:2158) - 
	Get EDGE in 17ms.  
	FOR EDGE{?region igeo:subdivisionDirecte ?departement}

 INFO 2016-03-29 11:14:14,026 [main] (ParallelMetaProducerLessBlocking.java:61) - Searching for edge : ?region igeo:subdivisionDirecte ?departement
 INFO 2016-03-29 11:14:14,027 [pool-53-thread-1] (CallableResult.java:52) - CallableResult for GetEdge
 INFO 2016-03-29 11:14:14,027 [pool-53-thread-2] (CallableResult.java:52) - CallableResult for GetEdge
 INFO 2016-03-29 11:14:14,041 [pool-53-thread-1] (CallableResult.java:63) - Finished CallableResult in 14 ms.
 INFO 2016-03-29 11:14:14,041 [pool-53-thread-2] (CallableResult.java:63) - Finished CallableResult in 14 ms.
 INFO 2016-03-29 11:14:14,043 [main] (ParallelMetaProducerLessBlocking.java:193) - Global results retrieved in getEdges 16ms.
 INFO 2016-03-29 11:14:14,043 [main] (ParallelMetaProducerLessBlocking.java:61) - Searching for edge : ?departement igeo:nom ?nom
 INFO 2016-03-29 11:14:14,043 [main] (ParallelMetaProducerLessBlocking.java:193) - Global results retrieved in getEdges 0ms.
 INFO 2016-03-29 11:14:14,043 [main] (Eval.java:2158) - 
	Get EDGE in 0ms.  
	FOR EDGE{?departement igeo:nom ?nom}

 INFO 2016-03-29 11:14:14,044 [main] (ParallelMetaProducerLessBlocking.java:61) - Searching for edge : ?departement igeo:nom ?nom
 INFO 2016-03-29 11:14:14,044 [main] (ParallelMetaProducerLessBlocking.java:193) - Global results retrieved in getEdges 0ms.
 INFO 2016-03-29 11:14:14,044 [main] (Eval.java:2158) - 
	Get EDGE in 0ms.  
	FOR EDGE{?departement igeo:nom ?nom}

 INFO 2016-03-29 11:14:14,044 [main] (ParallelMetaProducerLessBlocking.java:61) - Searching for edge : ?departement igeo:nom ?nom
 INFO 2016-03-29 11:14:14,045 [main] (ParallelMetaProducerLessBlocking.java:193) - Global results retrieved in getEdges 0ms.
 INFO 2016-03-29 11:14:14,045 [main] (Eval.java:2158) - 
	Get EDGE in 1ms.  
	FOR EDGE{?departement igeo:nom ?nom}

 INFO 2016-03-29 11:14:14,045 [main] (ParallelMetaProducerLessBlocking.java:61) - Searching for edge : ?departement igeo:nom ?nom
 INFO 2016-03-29 11:14:14,045 [main] (ParallelMetaProducerLessBlocking.java:193) - Global results retrieved in getEdges 0ms.
 INFO 2016-03-29 11:14:14,046 [main] (Eval.java:2158) - 
	Get EDGE in 1ms.  
	FOR EDGE{?departement igeo:nom ?nom}

 INFO 2016-03-29 11:14:14,046 [main] (ParallelMetaProducerLessBlocking.java:61) - Searching for edge : ?departement igeo:nom ?nom
 INFO 2016-03-29 11:14:14,046 [main] (ParallelMetaProducerLessBlocking.java:193) - Global results retrieved in getEdges 0ms.
 INFO 2016-03-29 11:14:14,046 [main] (Eval.java:2158) - 
	Get EDGE in 0ms.  
	FOR EDGE{?departement igeo:nom ?nom}

 INFO 2016-03-29 11:14:14,047 [main] (ParallelMetaProducerLessBlocking.java:61) - Searching for edge : ?departement igeo:nom ?nom
 INFO 2016-03-29 11:14:14,047 [main] (ParallelMetaProducerLessBlocking.java:193) - Global results retrieved in getEdges 0ms.
 INFO 2016-03-29 11:14:14,047 [main] (Eval.java:2158) - 
	Get EDGE in 0ms.  
	FOR EDGE{?departement igeo:nom ?nom}

 INFO 2016-03-29 11:14:14,047 [main] (Eval.java:2158) - 
	Get EDGE in 21ms.  
	FOR EDGE{?region igeo:subdivisionDirecte ?departement}

 INFO 2016-03-29 11:14:14,048 [main] (ParallelMetaProducerLessBlocking.java:61) - Searching for edge : ?region igeo:subdivisionDirecte ?departement
 INFO 2016-03-29 11:14:14,048 [pool-60-thread-1] (CallableResult.java:52) - CallableResult for GetEdge
 INFO 2016-03-29 11:14:14,048 [pool-60-thread-2] (CallableResult.java:52) - CallableResult for GetEdge
 INFO 2016-03-29 11:14:14,057 [pool-60-thread-2] (CallableResult.java:63) - Finished CallableResult in 9 ms.
 INFO 2016-03-29 11:14:14,057 [pool-60-thread-1] (CallableResult.java:63) - Finished CallableResult in 9 ms.
 INFO 2016-03-29 11:14:14,058 [main] (ParallelMetaProducerLessBlocking.java:193) - Global results retrieved in getEdges 10ms.
 INFO 2016-03-29 11:14:14,058 [main] (ParallelMetaProducerLessBlocking.java:61) - Searching for edge : ?departement igeo:nom ?nom
 INFO 2016-03-29 11:14:14,059 [main] (ParallelMetaProducerLessBlocking.java:193) - Global results retrieved in getEdges 0ms.
 INFO 2016-03-29 11:14:14,059 [main] (Eval.java:2158) - 
	Get EDGE in 1ms.  
	FOR EDGE{?departement igeo:nom ?nom}

 INFO 2016-03-29 11:14:14,059 [main] (ParallelMetaProducerLessBlocking.java:61) - Searching for edge : ?departement igeo:nom ?nom
 INFO 2016-03-29 11:14:14,060 [main] (ParallelMetaProducerLessBlocking.java:193) - Global results retrieved in getEdges 0ms.
 INFO 2016-03-29 11:14:14,060 [main] (Eval.java:2158) - 
	Get EDGE in 1ms.  
	FOR EDGE{?departement igeo:nom ?nom}

 INFO 2016-03-29 11:14:14,060 [main] (Eval.java:2158) - 
	Get EDGE in 12ms.  
	FOR EDGE{?region igeo:subdivisionDirecte ?departement}

 INFO 2016-03-29 11:14:14,060 [main] (ParallelMetaProducerLessBlocking.java:61) - Searching for edge : ?region igeo:subdivisionDirecte ?departement
 INFO 2016-03-29 11:14:14,064 [pool-63-thread-1] (CallableResult.java:52) - CallableResult for GetEdge
 INFO 2016-03-29 11:14:14,069 [pool-63-thread-2] (CallableResult.java:52) - CallableResult for GetEdge
 INFO 2016-03-29 11:14:14,078 [pool-63-thread-1] (CallableResult.java:63) - Finished CallableResult in 15 ms.
 INFO 2016-03-29 11:14:14,081 [pool-63-thread-2] (CallableResult.java:63) - Finished CallableResult in 12 ms.
 INFO 2016-03-29 11:14:14,082 [main] (ParallelMetaProducerLessBlocking.java:193) - Global results retrieved in getEdges 14ms.
 INFO 2016-03-29 11:14:14,082 [main] (ParallelMetaProducerLessBlocking.java:61) - Searching for edge : ?departement igeo:nom ?nom
 INFO 2016-03-29 11:14:14,082 [main] (ParallelMetaProducerLessBlocking.java:193) - Global results retrieved in getEdges 0ms.
 INFO 2016-03-29 11:14:14,082 [main] (Eval.java:2158) - 
	Get EDGE in 0ms.  
	FOR EDGE{?departement igeo:nom ?nom}

 INFO 2016-03-29 11:14:14,083 [main] (ParallelMetaProducerLessBlocking.java:61) - Searching for edge : ?departement igeo:nom ?nom
 INFO 2016-03-29 11:14:14,083 [main] (ParallelMetaProducerLessBlocking.java:193) - Global results retrieved in getEdges 0ms.
 INFO 2016-03-29 11:14:14,083 [main] (Eval.java:2158) - 
	Get EDGE in 0ms.  
	FOR EDGE{?departement igeo:nom ?nom}

 INFO 2016-03-29 11:14:14,084 [main] (ParallelMetaProducerLessBlocking.java:61) - Searching for edge : ?departement igeo:nom ?nom
 INFO 2016-03-29 11:14:14,084 [main] (ParallelMetaProducerLessBlocking.java:193) - Global results retrieved in getEdges 0ms.
 INFO 2016-03-29 11:14:14,084 [main] (Eval.java:2158) - 
	Get EDGE in 0ms.  
	FOR EDGE{?departement igeo:nom ?nom}

 INFO 2016-03-29 11:14:14,084 [main] (ParallelMetaProducerLessBlocking.java:61) - Searching for edge : ?departement igeo:nom ?nom
 INFO 2016-03-29 11:14:14,085 [main] (ParallelMetaProducerLessBlocking.java:193) - Global results retrieved in getEdges 0ms.
 INFO 2016-03-29 11:14:14,085 [main] (Eval.java:2158) - 
	Get EDGE in 1ms.  
	FOR EDGE{?departement igeo:nom ?nom}

 INFO 2016-03-29 11:14:14,085 [main] (Eval.java:2158) - 
	Get EDGE in 25ms.  
	FOR EDGE{?region igeo:subdivisionDirecte ?departement}

 INFO 2016-03-29 11:14:14,085 [main] (ParallelMetaProducerLessBlocking.java:61) - Searching for edge : ?region igeo:subdivisionDirecte ?departement
 INFO 2016-03-29 11:14:14,091 [pool-68-thread-1] (CallableResult.java:52) - CallableResult for GetEdge
 INFO 2016-03-29 11:14:14,092 [pool-68-thread-2] (CallableResult.java:52) - CallableResult for GetEdge
 INFO 2016-03-29 11:14:14,102 [pool-68-thread-1] (CallableResult.java:63) - Finished CallableResult in 11 ms.
 INFO 2016-03-29 11:14:14,102 [pool-68-thread-2] (CallableResult.java:63) - Finished CallableResult in 10 ms.
 INFO 2016-03-29 11:14:14,102 [main] (ParallelMetaProducerLessBlocking.java:193) - Global results retrieved in getEdges 12ms.
 INFO 2016-03-29 11:14:14,103 [main] (ParallelMetaProducerLessBlocking.java:61) - Searching for edge : ?departement igeo:nom ?nom
 INFO 2016-03-29 11:14:14,103 [main] (ParallelMetaProducerLessBlocking.java:193) - Global results retrieved in getEdges 0ms.
 INFO 2016-03-29 11:14:14,103 [main] (Eval.java:2158) - 
	Get EDGE in 0ms.  
	FOR EDGE{?departement igeo:nom ?nom}

 INFO 2016-03-29 11:14:14,103 [main] (ParallelMetaProducerLessBlocking.java:61) - Searching for edge : ?departement igeo:nom ?nom
 INFO 2016-03-29 11:14:14,103 [main] (ParallelMetaProducerLessBlocking.java:193) - Global results retrieved in getEdges 0ms.
 INFO 2016-03-29 11:14:14,103 [main] (Eval.java:2158) - 
	Get EDGE in 0ms.  
	FOR EDGE{?departement igeo:nom ?nom}

 INFO 2016-03-29 11:14:14,104 [main] (ParallelMetaProducerLessBlocking.java:61) - Searching for edge : ?departement igeo:nom ?nom
 INFO 2016-03-29 11:14:14,104 [main] (ParallelMetaProducerLessBlocking.java:193) - Global results retrieved in getEdges 0ms.
 INFO 2016-03-29 11:14:14,104 [main] (Eval.java:2158) - 
	Get EDGE in 0ms.  
	FOR EDGE{?departement igeo:nom ?nom}

 INFO 2016-03-29 11:14:14,104 [main] (ParallelMetaProducerLessBlocking.java:61) - Searching for edge : ?departement igeo:nom ?nom
 INFO 2016-03-29 11:14:14,104 [main] (ParallelMetaProducerLessBlocking.java:193) - Global results retrieved in getEdges 0ms.
 INFO 2016-03-29 11:14:14,104 [main] (Eval.java:2158) - 
	Get EDGE in 0ms.  
	FOR EDGE{?departement igeo:nom ?nom}

 INFO 2016-03-29 11:14:14,104 [main] (Eval.java:2158) - 
	Get EDGE in 19ms.  
	FOR EDGE{?region igeo:subdivisionDirecte ?departement}

 INFO 2016-03-29 11:14:14,105 [main] (ParallelMetaProducerLessBlocking.java:61) - Searching for edge : ?region igeo:subdivisionDirecte ?departement
 INFO 2016-03-29 11:14:14,105 [pool-73-thread-1] (CallableResult.java:52) - CallableResult for GetEdge
 INFO 2016-03-29 11:14:14,105 [pool-73-thread-2] (CallableResult.java:52) - CallableResult for GetEdge
 INFO 2016-03-29 11:14:14,116 [pool-73-thread-2] (CallableResult.java:63) - Finished CallableResult in 11 ms.
 INFO 2016-03-29 11:14:14,131 [pool-73-thread-1] (CallableResult.java:63) - Finished CallableResult in 26 ms.
 INFO 2016-03-29 11:14:14,132 [main] (ParallelMetaProducerLessBlocking.java:193) - Global results retrieved in getEdges 26ms.
 INFO 2016-03-29 11:14:14,132 [main] (ParallelMetaProducerLessBlocking.java:61) - Searching for edge : ?departement igeo:nom ?nom
 INFO 2016-03-29 11:14:14,132 [main] (ParallelMetaProducerLessBlocking.java:193) - Global results retrieved in getEdges 0ms.
 INFO 2016-03-29 11:14:14,132 [main] (Eval.java:2158) - 
	Get EDGE in 0ms.  
	FOR EDGE{?departement igeo:nom ?nom}

 INFO 2016-03-29 11:14:14,132 [main] (ParallelMetaProducerLessBlocking.java:61) - Searching for edge : ?departement igeo:nom ?nom
 INFO 2016-03-29 11:14:14,132 [main] (ParallelMetaProducerLessBlocking.java:193) - Global results retrieved in getEdges 0ms.
 INFO 2016-03-29 11:14:14,133 [main] (Eval.java:2158) - 
	Get EDGE in 1ms.  
	FOR EDGE{?departement igeo:nom ?nom}

 INFO 2016-03-29 11:14:14,133 [main] (ParallelMetaProducerLessBlocking.java:61) - Searching for edge : ?departement igeo:nom ?nom
 INFO 2016-03-29 11:14:14,133 [main] (ParallelMetaProducerLessBlocking.java:193) - Global results retrieved in getEdges 0ms.
 INFO 2016-03-29 11:14:14,133 [main] (Eval.java:2158) - 
	Get EDGE in 0ms.  
	FOR EDGE{?departement igeo:nom ?nom}

 INFO 2016-03-29 11:14:14,133 [main] (Eval.java:2158) - 
	Get EDGE in 28ms.  
	FOR EDGE{?region igeo:subdivisionDirecte ?departement}

 INFO 2016-03-29 11:14:14,133 [main] (ParallelMetaProducerLessBlocking.java:61) - Searching for edge : ?region igeo:subdivisionDirecte ?departement
 INFO 2016-03-29 11:14:14,134 [pool-77-thread-1] (CallableResult.java:52) - CallableResult for GetEdge
 INFO 2016-03-29 11:14:14,136 [pool-77-thread-2] (CallableResult.java:52) - CallableResult for GetEdge
 INFO 2016-03-29 11:14:14,149 [pool-77-thread-1] (CallableResult.java:63) - Finished CallableResult in 15 ms.
 INFO 2016-03-29 11:14:14,155 [pool-77-thread-2] (CallableResult.java:63) - Finished CallableResult in 20 ms.
 INFO 2016-03-29 11:14:14,155 [main] (ParallelMetaProducerLessBlocking.java:193) - Global results retrieved in getEdges 21ms.
 INFO 2016-03-29 11:14:14,156 [main] (ParallelMetaProducerLessBlocking.java:61) - Searching for edge : ?departement igeo:nom ?nom
 INFO 2016-03-29 11:14:14,156 [main] (ParallelMetaProducerLessBlocking.java:193) - Global results retrieved in getEdges 0ms.
 INFO 2016-03-29 11:14:14,156 [main] (Eval.java:2158) - 
	Get EDGE in 0ms.  
	FOR EDGE{?departement igeo:nom ?nom}

 INFO 2016-03-29 11:14:14,156 [main] (ParallelMetaProducerLessBlocking.java:61) - Searching for edge : ?departement igeo:nom ?nom
 INFO 2016-03-29 11:14:14,157 [main] (ParallelMetaProducerLessBlocking.java:193) - Global results retrieved in getEdges 0ms.
 INFO 2016-03-29 11:14:14,157 [main] (Eval.java:2158) - 
	Get EDGE in 1ms.  
	FOR EDGE{?departement igeo:nom ?nom}

 INFO 2016-03-29 11:14:14,157 [main] (ParallelMetaProducerLessBlocking.java:61) - Searching for edge : ?departement igeo:nom ?nom
 INFO 2016-03-29 11:14:14,157 [main] (ParallelMetaProducerLessBlocking.java:193) - Global results retrieved in getEdges 0ms.
 INFO 2016-03-29 11:14:14,158 [main] (Eval.java:2158) - 
	Get EDGE in 1ms.  
	FOR EDGE{?departement igeo:nom ?nom}

 INFO 2016-03-29 11:14:14,158 [main] (ParallelMetaProducerLessBlocking.java:61) - Searching for edge : ?departement igeo:nom ?nom
 INFO 2016-03-29 11:14:14,158 [main] (ParallelMetaProducerLessBlocking.java:193) - Global results retrieved in getEdges 0ms.
 INFO 2016-03-29 11:14:14,159 [main] (Eval.java:2158) - 
	Get EDGE in 1ms.  
	FOR EDGE{?departement igeo:nom ?nom}

 INFO 2016-03-29 11:14:14,159 [main] (Eval.java:2158) - 
	Get EDGE in 26ms.  
	FOR EDGE{?region igeo:subdivisionDirecte ?departement}

 INFO 2016-03-29 11:14:14,159 [main] (ParallelMetaProducerLessBlocking.java:61) - Searching for edge : ?region igeo:subdivisionDirecte ?departement
 INFO 2016-03-29 11:14:14,160 [pool-82-thread-1] (CallableResult.java:52) - CallableResult for GetEdge
 INFO 2016-03-29 11:14:14,160 [pool-82-thread-2] (CallableResult.java:52) - CallableResult for GetEdge
 INFO 2016-03-29 11:14:14,174 [pool-82-thread-1] (CallableResult.java:63) - Finished CallableResult in 14 ms.
 INFO 2016-03-29 11:14:14,182 [pool-82-thread-2] (CallableResult.java:63) - Finished CallableResult in 22 ms.
 INFO 2016-03-29 11:14:14,183 [main] (ParallelMetaProducerLessBlocking.java:193) - Global results retrieved in getEdges 23ms.
 INFO 2016-03-29 11:14:14,183 [main] (ParallelMetaProducerLessBlocking.java:61) - Searching for edge : ?departement igeo:nom ?nom
 INFO 2016-03-29 11:14:14,184 [main] (ParallelMetaProducerLessBlocking.java:193) - Global results retrieved in getEdges 0ms.
 INFO 2016-03-29 11:14:14,184 [main] (Eval.java:2158) - 
	Get EDGE in 1ms.  
	FOR EDGE{?departement igeo:nom ?nom}

 INFO 2016-03-29 11:14:14,184 [main] (ParallelMetaProducerLessBlocking.java:61) - Searching for edge : ?departement igeo:nom ?nom
 INFO 2016-03-29 11:14:14,184 [main] (ParallelMetaProducerLessBlocking.java:193) - Global results retrieved in getEdges 0ms.
 INFO 2016-03-29 11:14:14,185 [main] (Eval.java:2158) - 
	Get EDGE in 1ms.  
	FOR EDGE{?departement igeo:nom ?nom}

 INFO 2016-03-29 11:14:14,185 [main] (ParallelMetaProducerLessBlocking.java:61) - Searching for edge : ?departement igeo:nom ?nom
 INFO 2016-03-29 11:14:14,185 [main] (ParallelMetaProducerLessBlocking.java:193) - Global results retrieved in getEdges 0ms.
 INFO 2016-03-29 11:14:14,185 [main] (Eval.java:2158) - 
	Get EDGE in 0ms.  
	FOR EDGE{?departement igeo:nom ?nom}

 INFO 2016-03-29 11:14:14,186 [main] (ParallelMetaProducerLessBlocking.java:61) - Searching for edge : ?departement igeo:nom ?nom
 INFO 2016-03-29 11:14:14,186 [main] (ParallelMetaProducerLessBlocking.java:193) - Global results retrieved in getEdges 0ms.
 INFO 2016-03-29 11:14:14,186 [main] (Eval.java:2158) - 
	Get EDGE in 0ms.  
	FOR EDGE{?departement igeo:nom ?nom}

 INFO 2016-03-29 11:14:14,186 [main] (ParallelMetaProducerLessBlocking.java:61) - Searching for edge : ?departement igeo:nom ?nom
 INFO 2016-03-29 11:14:14,187 [main] (ParallelMetaProducerLessBlocking.java:193) - Global results retrieved in getEdges 0ms.
 INFO 2016-03-29 11:14:14,187 [main] (Eval.java:2158) - 
	Get EDGE in 1ms.  
	FOR EDGE{?departement igeo:nom ?nom}

 INFO 2016-03-29 11:14:14,187 [main] (Eval.java:2158) - 
	Get EDGE in 28ms.  
	FOR EDGE{?region igeo:subdivisionDirecte ?departement}

 INFO 2016-03-29 11:14:14,187 [main] (ParallelMetaProducerLessBlocking.java:61) - Searching for edge : ?region igeo:subdivisionDirecte ?departement
 INFO 2016-03-29 11:14:14,187 [pool-88-thread-1] (CallableResult.java:52) - CallableResult for GetEdge
 INFO 2016-03-29 11:14:14,187 [pool-88-thread-2] (CallableResult.java:52) - CallableResult for GetEdge
 INFO 2016-03-29 11:14:14,197 [pool-88-thread-1] (CallableResult.java:63) - Finished CallableResult in 10 ms.
 INFO 2016-03-29 11:14:14,198 [pool-88-thread-2] (CallableResult.java:63) - Finished CallableResult in 11 ms.
 INFO 2016-03-29 11:14:14,198 [main] (ParallelMetaProducerLessBlocking.java:193) - Global results retrieved in getEdges 11ms.
 INFO 2016-03-29 11:14:14,199 [main] (ParallelMetaProducerLessBlocking.java:61) - Searching for edge : ?departement igeo:nom ?nom
 INFO 2016-03-29 11:14:14,199 [main] (ParallelMetaProducerLessBlocking.java:193) - Global results retrieved in getEdges 0ms.
 INFO 2016-03-29 11:14:14,199 [main] (Eval.java:2158) - 
	Get EDGE in 0ms.  
	FOR EDGE{?departement igeo:nom ?nom}

 INFO 2016-03-29 11:14:14,199 [main] (ParallelMetaProducerLessBlocking.java:61) - Searching for edge : ?departement igeo:nom ?nom
 INFO 2016-03-29 11:14:14,200 [main] (ParallelMetaProducerLessBlocking.java:193) - Global results retrieved in getEdges 0ms.
 INFO 2016-03-29 11:14:14,200 [main] (Eval.java:2158) - 
	Get EDGE in 1ms.  
	FOR EDGE{?departement igeo:nom ?nom}

 INFO 2016-03-29 11:14:14,200 [main] (ParallelMetaProducerLessBlocking.java:61) - Searching for edge : ?departement igeo:nom ?nom
 INFO 2016-03-29 11:14:14,200 [main] (ParallelMetaProducerLessBlocking.java:193) - Global results retrieved in getEdges 0ms.
 INFO 2016-03-29 11:14:14,201 [main] (Eval.java:2158) - 
	Get EDGE in 1ms.  
	FOR EDGE{?departement igeo:nom ?nom}

 INFO 2016-03-29 11:14:14,201 [main] (ParallelMetaProducerLessBlocking.java:61) - Searching for edge : ?departement igeo:nom ?nom
 INFO 2016-03-29 11:14:14,201 [main] (ParallelMetaProducerLessBlocking.java:193) - Global results retrieved in getEdges 0ms.
 INFO 2016-03-29 11:14:14,201 [main] (Eval.java:2158) - 
	Get EDGE in 0ms.  
	FOR EDGE{?departement igeo:nom ?nom}

 INFO 2016-03-29 11:14:14,201 [main] (Eval.java:2158) - 
	Get EDGE in 14ms.  
	FOR EDGE{?region igeo:subdivisionDirecte ?departement}

 INFO 2016-03-29 11:14:14,202 [main] (ParallelMetaProducerLessBlocking.java:61) - Searching for edge : ?region igeo:subdivisionDirecte ?departement
 INFO 2016-03-29 11:14:14,202 [pool-93-thread-1] (CallableResult.java:52) - CallableResult for GetEdge
 INFO 2016-03-29 11:14:14,202 [pool-93-thread-2] (CallableResult.java:52) - CallableResult for GetEdge
 INFO 2016-03-29 11:14:14,220 [pool-93-thread-2] (CallableResult.java:63) - Finished CallableResult in 18 ms.
 INFO 2016-03-29 11:14:14,237 [pool-93-thread-1] (CallableResult.java:63) - Finished CallableResult in 35 ms.
 INFO 2016-03-29 11:14:14,238 [main] (ParallelMetaProducerLessBlocking.java:193) - Global results retrieved in getEdges 36ms.
 INFO 2016-03-29 11:14:14,238 [main] (ParallelMetaProducerLessBlocking.java:61) - Searching for edge : ?departement igeo:nom ?nom
 INFO 2016-03-29 11:14:14,238 [main] (ParallelMetaProducerLessBlocking.java:193) - Global results retrieved in getEdges 0ms.
 INFO 2016-03-29 11:14:14,238 [main] (Eval.java:2158) - 
	Get EDGE in 0ms.  
	FOR EDGE{?departement igeo:nom ?nom}

 INFO 2016-03-29 11:14:14,238 [main] (ParallelMetaProducerLessBlocking.java:61) - Searching for edge : ?departement igeo:nom ?nom
 INFO 2016-03-29 11:14:14,238 [main] (ParallelMetaProducerLessBlocking.java:193) - Global results retrieved in getEdges 0ms.
 INFO 2016-03-29 11:14:14,239 [main] (Eval.java:2158) - 
	Get EDGE in 1ms.  
	FOR EDGE{?departement igeo:nom ?nom}

 INFO 2016-03-29 11:14:14,239 [main] (ParallelMetaProducerLessBlocking.java:61) - Searching for edge : ?departement igeo:nom ?nom
 INFO 2016-03-29 11:14:14,239 [main] (ParallelMetaProducerLessBlocking.java:193) - Global results retrieved in getEdges 0ms.
 INFO 2016-03-29 11:14:14,239 [main] (Eval.java:2158) - 
	Get EDGE in 0ms.  
	FOR EDGE{?departement igeo:nom ?nom}

 INFO 2016-03-29 11:14:14,239 [main] (ParallelMetaProducerLessBlocking.java:61) - Searching for edge : ?departement igeo:nom ?nom
 INFO 2016-03-29 11:14:14,239 [main] (ParallelMetaProducerLessBlocking.java:193) - Global results retrieved in getEdges 0ms.
 INFO 2016-03-29 11:14:14,240 [main] (Eval.java:2158) - 
	Get EDGE in 1ms.  
	FOR EDGE{?departement igeo:nom ?nom}

 INFO 2016-03-29 11:14:14,240 [main] (ParallelMetaProducerLessBlocking.java:61) - Searching for edge : ?departement igeo:nom ?nom
 INFO 2016-03-29 11:14:14,240 [main] (ParallelMetaProducerLessBlocking.java:193) - Global results retrieved in getEdges 0ms.
 INFO 2016-03-29 11:14:14,240 [main] (Eval.java:2158) - 
	Get EDGE in 0ms.  
	FOR EDGE{?departement igeo:nom ?nom}

 INFO 2016-03-29 11:14:14,240 [main] (ParallelMetaProducerLessBlocking.java:61) - Searching for edge : ?departement igeo:nom ?nom
 INFO 2016-03-29 11:14:14,241 [main] (ParallelMetaProducerLessBlocking.java:193) - Global results retrieved in getEdges 0ms.
 INFO 2016-03-29 11:14:14,241 [main] (Eval.java:2158) - 
	Get EDGE in 1ms.  
	FOR EDGE{?departement igeo:nom ?nom}

 INFO 2016-03-29 11:14:14,241 [main] (ParallelMetaProducerLessBlocking.java:61) - Searching for edge : ?departement igeo:nom ?nom
 INFO 2016-03-29 11:14:14,241 [main] (ParallelMetaProducerLessBlocking.java:193) - Global results retrieved in getEdges 0ms.
 INFO 2016-03-29 11:14:14,241 [main] (Eval.java:2158) - 
	Get EDGE in 0ms.  
	FOR EDGE{?departement igeo:nom ?nom}

 INFO 2016-03-29 11:14:14,241 [main] (ParallelMetaProducerLessBlocking.java:61) - Searching for edge : ?departement igeo:nom ?nom
 INFO 2016-03-29 11:14:14,241 [main] (ParallelMetaProducerLessBlocking.java:193) - Global results retrieved in getEdges 0ms.
 INFO 2016-03-29 11:14:14,241 [main] (Eval.java:2158) - 
	Get EDGE in 0ms.  
	FOR EDGE{?departement igeo:nom ?nom}

 INFO 2016-03-29 11:14:14,242 [main] (Eval.java:2158) - 
	Get EDGE in 39ms.  
	FOR EDGE{?region igeo:subdivisionDirecte ?departement}

 INFO 2016-03-29 11:14:14,242 [main] (ParallelMetaProducerLessBlocking.java:61) - Searching for edge : ?region igeo:subdivisionDirecte ?departement
 INFO 2016-03-29 11:14:14,242 [pool-102-thread-1] (CallableResult.java:52) - CallableResult for GetEdge
 INFO 2016-03-29 11:14:14,242 [pool-102-thread-2] (CallableResult.java:52) - CallableResult for GetEdge
 INFO 2016-03-29 11:14:14,248 [pool-102-thread-2] (CallableResult.java:63) - Finished CallableResult in 6 ms.
 INFO 2016-03-29 11:14:14,248 [pool-102-thread-1] (CallableResult.java:63) - Finished CallableResult in 6 ms.
 INFO 2016-03-29 11:14:14,249 [main] (ParallelMetaProducerLessBlocking.java:193) - Global results retrieved in getEdges 7ms.
 INFO 2016-03-29 11:14:14,249 [main] (ParallelMetaProducerLessBlocking.java:61) - Searching for edge : ?departement igeo:nom ?nom
 INFO 2016-03-29 11:14:14,249 [main] (ParallelMetaProducerLessBlocking.java:193) - Global results retrieved in getEdges 0ms.
 INFO 2016-03-29 11:14:14,249 [main] (Eval.java:2158) - 
	Get EDGE in 0ms.  
	FOR EDGE{?departement igeo:nom ?nom}

 INFO 2016-03-29 11:14:14,249 [main] (Eval.java:2158) - 
	Get EDGE in 7ms.  
	FOR EDGE{?region igeo:subdivisionDirecte ?departement}

 INFO 2016-03-29 11:14:14,250 [main] (ParallelMetaProducerLessBlocking.java:61) - Searching for edge : ?region igeo:subdivisionDirecte ?departement
 INFO 2016-03-29 11:14:14,250 [pool-104-thread-1] (CallableResult.java:52) - CallableResult for GetEdge
 INFO 2016-03-29 11:14:14,250 [pool-104-thread-2] (CallableResult.java:52) - CallableResult for GetEdge
 INFO 2016-03-29 11:14:14,255 [pool-104-thread-1] (CallableResult.java:63) - Finished CallableResult in 5 ms.
 INFO 2016-03-29 11:14:14,256 [pool-104-thread-2] (CallableResult.java:63) - Finished CallableResult in 6 ms.
 INFO 2016-03-29 11:14:14,256 [main] (ParallelMetaProducerLessBlocking.java:193) - Global results retrieved in getEdges 6ms.
 INFO 2016-03-29 11:14:14,257 [main] (ParallelMetaProducerLessBlocking.java:61) - Searching for edge : ?departement igeo:nom ?nom
 INFO 2016-03-29 11:14:14,257 [main] (ParallelMetaProducerLessBlocking.java:193) - Global results retrieved in getEdges 0ms.
 INFO 2016-03-29 11:14:14,257 [main] (Eval.java:2158) - 
	Get EDGE in 0ms.  
	FOR EDGE{?departement igeo:nom ?nom}

 INFO 2016-03-29 11:14:14,257 [main] (Eval.java:2158) - 
	Get EDGE in 7ms.  
	FOR EDGE{?region igeo:subdivisionDirecte ?departement}

 INFO 2016-03-29 11:14:14,257 [main] (ParallelMetaProducerLessBlocking.java:61) - Searching for edge : ?region igeo:subdivisionDirecte ?departement
 INFO 2016-03-29 11:14:14,258 [pool-106-thread-1] (CallableResult.java:52) - CallableResult for GetEdge
 INFO 2016-03-29 11:14:14,258 [pool-106-thread-2] (CallableResult.java:52) - CallableResult for GetEdge
 INFO 2016-03-29 11:14:14,264 [pool-106-thread-2] (CallableResult.java:63) - Finished CallableResult in 6 ms.
 INFO 2016-03-29 11:14:14,264 [pool-106-thread-1] (CallableResult.java:63) - Finished CallableResult in 7 ms.
 INFO 2016-03-29 11:14:14,264 [main] (ParallelMetaProducerLessBlocking.java:193) - Global results retrieved in getEdges 7ms.
 INFO 2016-03-29 11:14:14,264 [main] (ParallelMetaProducerLessBlocking.java:61) - Searching for edge : ?departement igeo:nom ?nom
 INFO 2016-03-29 11:14:14,265 [main] (ParallelMetaProducerLessBlocking.java:193) - Global results retrieved in getEdges 0ms.
 INFO 2016-03-29 11:14:14,265 [main] (Eval.java:2158) - 
	Get EDGE in 1ms.  
	FOR EDGE{?departement igeo:nom ?nom}

 INFO 2016-03-29 11:14:14,265 [main] (Eval.java:2158) - 
	Get EDGE in 8ms.  
	FOR EDGE{?region igeo:subdivisionDirecte ?departement}

 INFO 2016-03-29 11:14:14,265 [main] (ParallelMetaProducerLessBlocking.java:61) - Searching for edge : ?region igeo:subdivisionDirecte ?departement
 INFO 2016-03-29 11:14:14,265 [pool-108-thread-1] (CallableResult.java:52) - CallableResult for GetEdge
 INFO 2016-03-29 11:14:14,265 [pool-108-thread-2] (CallableResult.java:52) - CallableResult for GetEdge
 INFO 2016-03-29 11:14:14,272 [pool-108-thread-2] (CallableResult.java:63) - Finished CallableResult in 7 ms.
 INFO 2016-03-29 11:14:14,272 [pool-108-thread-1] (CallableResult.java:63) - Finished CallableResult in 7 ms.
 INFO 2016-03-29 11:14:14,272 [main] (ParallelMetaProducerLessBlocking.java:193) - Global results retrieved in getEdges 7ms.
 INFO 2016-03-29 11:14:14,272 [main] (ParallelMetaProducerLessBlocking.java:61) - Searching for edge : ?departement igeo:nom ?nom
 INFO 2016-03-29 11:14:14,273 [main] (ParallelMetaProducerLessBlocking.java:193) - Global results retrieved in getEdges 0ms.
 INFO 2016-03-29 11:14:14,273 [main] (Eval.java:2158) - 
	Get EDGE in 1ms.  
	FOR EDGE{?departement igeo:nom ?nom}

 INFO 2016-03-29 11:14:14,273 [main] (Eval.java:2158) - 
	Get EDGE in 8ms.  
	FOR EDGE{?region igeo:subdivisionDirecte ?departement}

 INFO 2016-03-29 11:14:14,273 [main] (ParallelMetaProducerLessBlocking.java:61) - Searching for edge : ?region igeo:subdivisionDirecte ?departement
 INFO 2016-03-29 11:14:14,273 [pool-110-thread-1] (CallableResult.java:52) - CallableResult for GetEdge
 INFO 2016-03-29 11:14:14,297 [pool-110-thread-2] (CallableResult.java:52) - CallableResult for GetEdge
 INFO 2016-03-29 11:14:14,303 [pool-110-thread-2] (CallableResult.java:63) - Finished CallableResult in 6 ms.
 INFO 2016-03-29 11:14:14,303 [pool-110-thread-1] (CallableResult.java:63) - Finished CallableResult in 30 ms.
 INFO 2016-03-29 11:14:14,303 [main] (ParallelMetaProducerLessBlocking.java:193) - Global results retrieved in getEdges 30ms.
 INFO 2016-03-29 11:14:14,304 [main] (ParallelMetaProducerLessBlocking.java:61) - Searching for edge : ?departement igeo:nom ?nom
 INFO 2016-03-29 11:14:14,304 [main] (ParallelMetaProducerLessBlocking.java:193) - Global results retrieved in getEdges 0ms.
 INFO 2016-03-29 11:14:14,304 [main] (Eval.java:2158) - 
	Get EDGE in 0ms.  
	FOR EDGE{?departement igeo:nom ?nom}

 INFO 2016-03-29 11:14:14,304 [main] (ParallelMetaProducerLessBlocking.java:61) - Searching for edge : ?departement igeo:nom ?nom
 INFO 2016-03-29 11:14:14,304 [main] (ParallelMetaProducerLessBlocking.java:193) - Global results retrieved in getEdges 0ms.
 INFO 2016-03-29 11:14:14,304 [main] (Eval.java:2158) - 
	Get EDGE in 0ms.  
	FOR EDGE{?departement igeo:nom ?nom}

 INFO 2016-03-29 11:14:14,304 [main] (Eval.java:2158) - 
	Get EDGE in 31ms.  
	FOR EDGE{?region igeo:subdivisionDirecte ?departement}

 INFO 2016-03-29 11:14:14,305 [main] (ParallelMetaProducerLessBlocking.java:61) - Searching for edge : ?region igeo:subdivisionDirecte ?departement
 INFO 2016-03-29 11:14:14,305 [pool-113-thread-1] (CallableResult.java:52) - CallableResult for GetEdge
 INFO 2016-03-29 11:14:14,305 [pool-113-thread-2] (CallableResult.java:52) - CallableResult for GetEdge
 INFO 2016-03-29 11:14:14,310 [pool-113-thread-2] (CallableResult.java:63) - Finished CallableResult in 5 ms.
 INFO 2016-03-29 11:14:14,310 [pool-113-thread-1] (CallableResult.java:63) - Finished CallableResult in 5 ms.
 INFO 2016-03-29 11:14:14,311 [main] (ParallelMetaProducerLessBlocking.java:193) - Global results retrieved in getEdges 6ms.
 INFO 2016-03-29 11:14:14,311 [main] (ParallelMetaProducerLessBlocking.java:61) - Searching for edge : ?departement igeo:nom ?nom
 INFO 2016-03-29 11:14:14,311 [main] (ParallelMetaProducerLessBlocking.java:193) - Global results retrieved in getEdges 0ms.
 INFO 2016-03-29 11:14:14,311 [main] (Eval.java:2158) - 
	Get EDGE in 0ms.  
	FOR EDGE{?departement igeo:nom ?nom}

 INFO 2016-03-29 11:14:14,312 [main] (Eval.java:2158) - 
	Get EDGE in 7ms.  
	FOR EDGE{?region igeo:subdivisionDirecte ?departement}

 INFO 2016-03-29 11:14:14,312 [main] (ParallelMetaProducerLessBlocking.java:61) - Searching for edge : ?region igeo:subdivisionDirecte ?departement
 INFO 2016-03-29 11:14:14,312 [pool-115-thread-1] (CallableResult.java:52) - CallableResult for GetEdge
 INFO 2016-03-29 11:14:14,312 [pool-115-thread-2] (CallableResult.java:52) - CallableResult for GetEdge
 INFO 2016-03-29 11:14:14,318 [pool-115-thread-1] (CallableResult.java:63) - Finished CallableResult in 6 ms.
 INFO 2016-03-29 11:14:14,318 [pool-115-thread-2] (CallableResult.java:63) - Finished CallableResult in 6 ms.
 INFO 2016-03-29 11:14:14,319 [main] (ParallelMetaProducerLessBlocking.java:193) - Global results retrieved in getEdges 7ms.
 INFO 2016-03-29 11:14:14,319 [main] (ParallelMetaProducerLessBlocking.java:61) - Searching for edge : ?departement igeo:nom ?nom
 INFO 2016-03-29 11:14:14,319 [main] (ParallelMetaProducerLessBlocking.java:193) - Global results retrieved in getEdges 0ms.
 INFO 2016-03-29 11:14:14,319 [main] (Eval.java:2158) - 
	Get EDGE in 0ms.  
	FOR EDGE{?departement igeo:nom ?nom}

 INFO 2016-03-29 11:14:14,319 [main] (ParallelMetaProducerLessBlocking.java:61) - Searching for edge : ?departement igeo:nom ?nom
 INFO 2016-03-29 11:14:14,320 [main] (ParallelMetaProducerLessBlocking.java:193) - Global results retrieved in getEdges 0ms.
 INFO 2016-03-29 11:14:14,320 [main] (Eval.java:2158) - 
	Get EDGE in 1ms.  
	FOR EDGE{?departement igeo:nom ?nom}

 INFO 2016-03-29 11:14:14,320 [main] (Eval.java:2158) - 
	Get EDGE in 8ms.  
	FOR EDGE{?region igeo:subdivisionDirecte ?departement}

 INFO 2016-03-29 11:14:14,320 [main] (ParallelMetaProducerLessBlocking.java:61) - Searching for edge : ?region igeo:subdivisionDirecte ?departement
 INFO 2016-03-29 11:14:14,320 [pool-118-thread-1] (CallableResult.java:52) - CallableResult for GetEdge
 INFO 2016-03-29 11:14:14,320 [pool-118-thread-2] (CallableResult.java:52) - CallableResult for GetEdge
 INFO 2016-03-29 11:14:14,330 [pool-118-thread-1] (CallableResult.java:63) - Finished CallableResult in 10 ms.
 INFO 2016-03-29 11:14:14,332 [pool-118-thread-2] (CallableResult.java:63) - Finished CallableResult in 12 ms.
 INFO 2016-03-29 11:14:14,333 [main] (ParallelMetaProducerLessBlocking.java:193) - Global results retrieved in getEdges 13ms.
 INFO 2016-03-29 11:14:14,333 [main] (ParallelMetaProducerLessBlocking.java:61) - Searching for edge : ?departement igeo:nom ?nom
 INFO 2016-03-29 11:14:14,333 [main] (ParallelMetaProducerLessBlocking.java:193) - Global results retrieved in getEdges 0ms.
 INFO 2016-03-29 11:14:14,334 [main] (Eval.java:2158) - 
	Get EDGE in 1ms.  
	FOR EDGE{?departement igeo:nom ?nom}

 INFO 2016-03-29 11:14:14,334 [main] (ParallelMetaProducerLessBlocking.java:61) - Searching for edge : ?departement igeo:nom ?nom
 INFO 2016-03-29 11:14:14,334 [main] (ParallelMetaProducerLessBlocking.java:193) - Global results retrieved in getEdges 0ms.
 INFO 2016-03-29 11:14:14,334 [main] (Eval.java:2158) - 
	Get EDGE in 0ms.  
	FOR EDGE{?departement igeo:nom ?nom}

 INFO 2016-03-29 11:14:14,334 [main] (ParallelMetaProducerLessBlocking.java:61) - Searching for edge : ?departement igeo:nom ?nom
 INFO 2016-03-29 11:14:14,334 [main] (ParallelMetaProducerLessBlocking.java:193) - Global results retrieved in getEdges 0ms.
 INFO 2016-03-29 11:14:14,334 [main] (Eval.java:2158) - 
	Get EDGE in 0ms.  
	FOR EDGE{?departement igeo:nom ?nom}

 INFO 2016-03-29 11:14:14,335 [main] (ParallelMetaProducerLessBlocking.java:61) - Searching for edge : ?departement igeo:nom ?nom
 INFO 2016-03-29 11:14:14,335 [main] (ParallelMetaProducerLessBlocking.java:193) - Global results retrieved in getEdges 0ms.
 INFO 2016-03-29 11:14:14,335 [main] (Eval.java:2158) - 
	Get EDGE in 0ms.  
	FOR EDGE{?departement igeo:nom ?nom}

 INFO 2016-03-29 11:14:14,335 [main] (ParallelMetaProducerLessBlocking.java:61) - Searching for edge : ?departement igeo:nom ?nom
 INFO 2016-03-29 11:14:14,335 [main] (ParallelMetaProducerLessBlocking.java:193) - Global results retrieved in getEdges 0ms.
 INFO 2016-03-29 11:14:14,335 [main] (Eval.java:2158) - 
	Get EDGE in 0ms.  
	FOR EDGE{?departement igeo:nom ?nom}

 INFO 2016-03-29 11:14:14,335 [main] (ParallelMetaProducerLessBlocking.java:61) - Searching for edge : ?departement igeo:nom ?nom
 INFO 2016-03-29 11:14:14,336 [main] (ParallelMetaProducerLessBlocking.java:193) - Global results retrieved in getEdges 0ms.
 INFO 2016-03-29 11:14:14,336 [main] (Eval.java:2158) - 
	Get EDGE in 1ms.  
	FOR EDGE{?departement igeo:nom ?nom}

 INFO 2016-03-29 11:14:14,336 [main] (Eval.java:2158) - 
	Get EDGE in 16ms.  
	FOR EDGE{?region igeo:subdivisionDirecte ?departement}

 INFO 2016-03-29 11:14:14,336 [main] (ParallelMetaProducerLessBlocking.java:61) - Searching for edge : ?region igeo:subdivisionDirecte ?departement
 INFO 2016-03-29 11:14:14,336 [pool-125-thread-1] (CallableResult.java:52) - CallableResult for GetEdge
 INFO 2016-03-29 11:14:14,336 [pool-125-thread-2] (CallableResult.java:52) - CallableResult for GetEdge
 INFO 2016-03-29 11:14:14,347 [pool-125-thread-1] (CallableResult.java:63) - Finished CallableResult in 11 ms.
 INFO 2016-03-29 11:14:14,347 [pool-125-thread-2] (CallableResult.java:63) - Finished CallableResult in 11 ms.
 INFO 2016-03-29 11:14:14,348 [main] (ParallelMetaProducerLessBlocking.java:193) - Global results retrieved in getEdges 12ms.
 INFO 2016-03-29 11:14:14,349 [main] (ParallelMetaProducerLessBlocking.java:61) - Searching for edge : ?departement igeo:nom ?nom
 INFO 2016-03-29 11:14:14,349 [main] (ParallelMetaProducerLessBlocking.java:193) - Global results retrieved in getEdges 0ms.
 INFO 2016-03-29 11:14:14,349 [main] (Eval.java:2158) - 
	Get EDGE in 0ms.  
	FOR EDGE{?departement igeo:nom ?nom}

 INFO 2016-03-29 11:14:14,349 [main] (ParallelMetaProducerLessBlocking.java:61) - Searching for edge : ?departement igeo:nom ?nom
 INFO 2016-03-29 11:14:14,349 [main] (ParallelMetaProducerLessBlocking.java:193) - Global results retrieved in getEdges 0ms.
 INFO 2016-03-29 11:14:14,349 [main] (Eval.java:2158) - 
	Get EDGE in 0ms.  
	FOR EDGE{?departement igeo:nom ?nom}

 INFO 2016-03-29 11:14:14,350 [main] (ParallelMetaProducerLessBlocking.java:61) - Searching for edge : ?departement igeo:nom ?nom
 INFO 2016-03-29 11:14:14,350 [main] (ParallelMetaProducerLessBlocking.java:193) - Global results retrieved in getEdges 0ms.
 INFO 2016-03-29 11:14:14,350 [main] (Eval.java:2158) - 
	Get EDGE in 0ms.  
	FOR EDGE{?departement igeo:nom ?nom}

 INFO 2016-03-29 11:14:14,350 [main] (ParallelMetaProducerLessBlocking.java:61) - Searching for edge : ?departement igeo:nom ?nom
 INFO 2016-03-29 11:14:14,350 [main] (ParallelMetaProducerLessBlocking.java:193) - Global results retrieved in getEdges 0ms.
 INFO 2016-03-29 11:14:14,350 [main] (Eval.java:2158) - 
	Get EDGE in 0ms.  
	FOR EDGE{?departement igeo:nom ?nom}

 INFO 2016-03-29 11:14:14,350 [main] (ParallelMetaProducerLessBlocking.java:61) - Searching for edge : ?departement igeo:nom ?nom
 INFO 2016-03-29 11:14:14,351 [main] (ParallelMetaProducerLessBlocking.java:193) - Global results retrieved in getEdges 0ms.
 INFO 2016-03-29 11:14:14,351 [main] (Eval.java:2158) - 
	Get EDGE in 1ms.  
	FOR EDGE{?departement igeo:nom ?nom}

 INFO 2016-03-29 11:14:14,351 [main] (Eval.java:2158) - 
	Get EDGE in 15ms.  
	FOR EDGE{?region igeo:subdivisionDirecte ?departement}

 INFO 2016-03-29 11:14:14,351 [main] (Eval.java:2158) - 
	Get EDGE in 792ms.  
	FOR EDGE{?region igeo:codeRegion ?v}

 INFO 2016-03-29 11:14:14,353 [main] (ProviderImplCostMonitoring.java:229) - ** Provider: 
prefix idemo: <http://rdf.insee.fr/def/demo#>
prefix igeo: <http://rdf.insee.fr/def/geo#>
select * 
where
{?departement idemo:population ?popLeg . 
?popLeg idemo:populationTotale ?popTotale . 
filter ((((((((((((((((((((?departement = <http://id.insee.fr/geo/departement/01>) || (?departement = <http://id.insee.fr/geo/departement/38>)) || (?departement = <http://id.insee.fr/geo/departement/42>)) || (?departement = <http://id.insee.fr/geo/departement/07>)) || (?departement = <http://id.insee.fr/geo/departement/74>)) || (?departement = <http://id.insee.fr/geo/departement/69>)) || (?departement = <http://id.insee.fr/geo/departement/73>)) || (?departement = <http://id.insee.fr/geo/departement/26>)) || (?departement = <http://id.insee.fr/geo/departement/95>)) || (?departement = <http://id.insee.fr/geo/departement/93>)) || (?departement = <http://id.insee.fr/geo/departement/78>)) || (?departement = <http://id.insee.fr/geo/departement/92>)) || (?departement = <http://id.insee.fr/geo/departement/75>)) || (?departement = <http://id.insee.fr/geo/departement/77>)) || (?departement = <http://id.insee.fr/geo/departement/91>)) || (?departement = <http://id.insee.fr/geo/departement/94>)) || (?departement = <http://id.insee.fr/geo/departement/58>)) || (?departement = <http://id.insee.fr/geo/departement/89>)) || (?departement = <http://id.insee.fr/geo/departement/71>)) || (?departement = <http://id.insee.fr/geo/departement/21>)) }


 INFO 2016-03-29 11:14:14,440 [main] (ProviderImplCostMonitoring.java:229) - ** Provider: 
prefix idemo: <http://rdf.insee.fr/def/demo#>
prefix igeo: <http://rdf.insee.fr/def/geo#>
select * 
where
{?departement idemo:population ?popLeg . 
?popLeg idemo:populationTotale ?popTotale . 
filter ((((((((((((((((((((?departement = <http://id.insee.fr/geo/departement/80>) || (?departement = <http://id.insee.fr/geo/departement/02>)) || (?departement = <http://id.insee.fr/geo/departement/60>)) || (?departement = <http://id.insee.fr/geo/departement/59>)) || (?departement = <http://id.insee.fr/geo/departement/62>)) || (?departement = <http://id.insee.fr/geo/departement/47>)) || (?departement = <http://id.insee.fr/geo/departement/40>)) || (?departement = <http://id.insee.fr/geo/departement/24>)) || (?departement = <http://id.insee.fr/geo/departement/33>)) || (?departement = <http://id.insee.fr/geo/departement/64>)) || (?departement = <http://id.insee.fr/geo/departement/43>)) || (?departement = <http://id.insee.fr/geo/departement/15>)) || (?departement = <http://id.insee.fr/geo/departement/03>)) || (?departement = <http://id.insee.fr/geo/departement/63>)) || (?departement = <http://id.insee.fr/geo/departement/41>)) || (?departement = <http://id.insee.fr/geo/departement/28>)) || (?departement = <http://id.insee.fr/geo/departement/45>)) || (?departement = <http://id.insee.fr/geo/departement/37>)) || (?departement = <http://id.insee.fr/geo/departement/18>)) || (?departement = <http://id.insee.fr/geo/departement/36>)) }


 INFO 2016-03-29 11:14:14,530 [main] (ProviderImplCostMonitoring.java:229) - ** Provider: 
prefix idemo: <http://rdf.insee.fr/def/demo#>
prefix igeo: <http://rdf.insee.fr/def/geo#>
select * 
where
{?departement idemo:population ?popLeg . 
?popLeg idemo:populationTotale ?popTotale . 
filter ((((((((((((((((((((?departement = <http://id.insee.fr/geo/departement/84>) || (?departement = <http://id.insee.fr/geo/departement/06>)) || (?departement = <http://id.insee.fr/geo/departement/04>)) || (?departement = <http://id.insee.fr/geo/departement/05>)) || (?departement = <http://id.insee.fr/geo/departement/83>)) || (?departement = <http://id.insee.fr/geo/departement/13>)) || (?departement = <http://id.insee.fr/geo/departement/971>)) || (?departement = <http://id.insee.fr/geo/departement/976>)) || (?departement = <http://id.insee.fr/geo/departement/972>)) || (?departement = <http://id.insee.fr/geo/departement/973>)) || (?departement = <http://id.insee.fr/geo/departement/974>)) || (?departement = <http://id.insee.fr/geo/departement/65>)) || (?departement = <http://id.insee.fr/geo/departement/81>)) || (?departement = <http://id.insee.fr/geo/departement/82>)) || (?departement = <http://id.insee.fr/geo/departement/46>)) || (?departement = <http://id.insee.fr/geo/departement/09>)) || (?departement = <http://id.insee.fr/geo/departement/32>)) || (?departement = <http://id.insee.fr/geo/departement/12>)) || (?departement = <http://id.insee.fr/geo/departement/31>)) || (?departement = <http://id.insee.fr/geo/departement/44>)) }


 INFO 2016-03-29 11:14:14,616 [main] (ProviderImplCostMonitoring.java:229) - ** Provider: 
prefix idemo: <http://rdf.insee.fr/def/demo#>
prefix igeo: <http://rdf.insee.fr/def/geo#>
select * 
where
{?departement idemo:population ?popLeg . 
?popLeg idemo:populationTotale ?popTotale . 
filter ((((((((((((((((((((?departement = <http://id.insee.fr/geo/departement/85>) || (?departement = <http://id.insee.fr/geo/departement/49>)) || (?departement = <http://id.insee.fr/geo/departement/72>)) || (?departement = <http://id.insee.fr/geo/departement/53>)) || (?departement = <http://id.insee.fr/geo/departement/52>)) || (?departement = <http://id.insee.fr/geo/departement/08>)) || (?departement = <http://id.insee.fr/geo/departement/10>)) || (?departement = <http://id.insee.fr/geo/departement/51>)) || (?departement = <http://id.insee.fr/geo/departement/19>)) || (?departement = <http://id.insee.fr/geo/departement/87>)) || (?departement = <http://id.insee.fr/geo/departement/23>)) || (?departement = <http://id.insee.fr/geo/departement/11>)) || (?departement = <http://id.insee.fr/geo/departement/48>)) || (?departement = <http://id.insee.fr/geo/departement/30>)) || (?departement = <http://id.insee.fr/geo/departement/34>)) || (?departement = <http://id.insee.fr/geo/departement/66>)) || (?departement = <http://id.insee.fr/geo/departement/79>)) || (?departement = <http://id.insee.fr/geo/departement/86>)) || (?departement = <http://id.insee.fr/geo/departement/17>)) || (?departement = <http://id.insee.fr/geo/departement/16>)) }


 INFO 2016-03-29 11:14:14,701 [main] (ProviderImplCostMonitoring.java:229) - ** Provider: 
prefix idemo: <http://rdf.insee.fr/def/demo#>
prefix igeo: <http://rdf.insee.fr/def/geo#>
select * 
where
{?departement idemo:population ?popLeg . 
?popLeg idemo:populationTotale ?popTotale . 
filter ((((((((((((((((((((?departement = <http://id.insee.fr/geo/departement/57>) || (?departement = <http://id.insee.fr/geo/departement/88>)) || (?departement = <http://id.insee.fr/geo/departement/55>)) || (?departement = <http://id.insee.fr/geo/departement/54>)) || (?departement = <http://id.insee.fr/geo/departement/70>)) || (?departement = <http://id.insee.fr/geo/departement/39>)) || (?departement = <http://id.insee.fr/geo/departement/25>)) || (?departement = <http://id.insee.fr/geo/departement/90>)) || (?departement = <http://id.insee.fr/geo/departement/27>)) || (?departement = <http://id.insee.fr/geo/departement/76>)) || (?departement = <http://id.insee.fr/geo/departement/29>)) || (?departement = <http://id.insee.fr/geo/departement/56>)) || (?departement = <http://id.insee.fr/geo/departement/35>)) || (?departement = <http://id.insee.fr/geo/departement/22>)) || (?departement = <http://id.insee.fr/geo/departement/61>)) || (?departement = <http://id.insee.fr/geo/departement/14>)) || (?departement = <http://id.insee.fr/geo/departement/50>)) || (?departement = <http://id.insee.fr/geo/departement/68>)) || (?departement = <http://id.insee.fr/geo/departement/67>)) || (?departement = <http://id.insee.fr/geo/departement/2A>)) }


 INFO 2016-03-29 11:14:14,786 [main] (ProviderImplCostMonitoring.java:229) - ** Provider: 
prefix idemo: <http://rdf.insee.fr/def/demo#>
prefix igeo: <http://rdf.insee.fr/def/geo#>
select * 
where
{?departement idemo:population ?popLeg . 
?popLeg idemo:populationTotale ?popTotale . 
filter (?departement = <http://id.insee.fr/geo/departement/2B>) }


 INFO 2016-03-29 11:14:14,812 [main] (Eval.java:1706) - 
	SERVICE in 461ms.  
	FOR [BGP{EDGE{?departement idemo:population ?popLeg} EDGE{?popLeg idemo:populationTotale ?popTotale} }]

 INFO 2016-03-29 11:14:14,819 [main] (TestDQP.java:206) - 100 results in 1607 ms
 INFO 2016-03-29 11:14:14,820 [main] (TestDQP.java:207) - 
01 ?nom = "Lozre"; ?popTotale = 80712; 
02 ?nom = "Creuse"; ?popTotale = 125714; 
03 ?nom = "Hautes-Alpes"; ?popTotale = 144640; 
04 ?nom = "Territoire de Belfort"; ?popTotale = 147777; 
05 ?nom = "Corse-du-Sud"; ?popTotale = 151621; 
06 ?nom = "Cantal"; ?popTotale = 152797; 
07 ?nom = "Arige"; ?popTotale = 158379; 
08 ?nom = "Alpes-de-Haute-Provence"; ?popTotale = 166726; 
09 ?nom = "Haute-Corse"; ?popTotale = 173889; 
10 ?nom = "Lot"; ?popTotale = 180470; 
11 ?nom = "Haute-Marne"; ?popTotale = 188083; 
12 ?nom = "Gers"; ?popTotale = 197598; 
13 ?nom = "Meuse"; ?popTotale = 198334; 
14 ?nom = "Nivre"; ?popTotale = 222688; 
15 ?nom = "Haute-Loire"; ?popTotale = 233918; 
16 ?nom = "Indre"; ?popTotale = 235181; 
17 ?nom = "Hautes-Pyrnes"; ?popTotale = 236728; 
18 ?nom = "Guyane"; ?popTotale = 246507; 
19 ?nom = "Haute-Sane"; ?popTotale = 246782; 
20 ?nom = "Corrze"; ?popTotale = 249452; 
21 ?nom = "Tarn-et-Garonne"; ?popTotale = 256867; 
22 ?nom = "Jura"; ?popTotale = 270914; 
23 ?nom = "Ardennes"; ?popTotale = 289075; 
24 ?nom = "Aveyron"; ?popTotale = 289257; 
25 ?nom = "Orne"; ?popTotale = 298248; 
26 ?nom = "Aube"; ?popTotale = 314825; 
27 ?nom = "Mayenne"; ?popTotale = 318095; 
28 ?nom = "Cher"; ?popTotale = 319693; 
29 ?nom = "Ardche"; ?popTotale = 330017; 
30 ?nom = "Loir-et-Cher"; ?popTotale = 342471; 
31 ?nom = "Lot-et-Garonne"; ?popTotale = 343645; 
32 ?nom = "Yonne"; ?popTotale = 352182; 
33 ?nom = "Allier"; ?popTotale = 353742; 
34 ?nom = "Charente"; ?popTotale = 366587; 
35 ?nom = "Aude"; ?popTotale = 374868; 
36 ?nom = "Deux-Svres"; ?popTotale = 383079; 
37 ?nom = "Haute-Vienne"; ?popTotale = 384411; 
38 ?nom = "Vosges"; ?popTotale = 388551; 
39 ?nom = "Martinique"; ?popTotale = 391837; 
40 ?nom = "Tarn"; ?popTotale = 393877; 
41 ?nom = "Guadeloupe"; ?popTotale = 409055; 
42 ?nom = "Landes"; ?popTotale = 411197; 
43 ?nom = "Dordogne"; ?popTotale = 429579; 
44 ?nom = "Savoie"; ?popTotale = 437915; 
45 ?nom = "Vienne"; ?popTotale = 442696; 
46 ?nom = "Eure-et-Loir"; ?popTotale = 444385; 
47 ?nom = "Pyrnes-Orientales"; ?popTotale = 471573; 
48 ?nom = "Drme"; ?popTotale = 509444; 
49 ?nom = "Manche"; ?popTotale = 518364; 
50 ?nom = "Cte-d\'Or"; ?popTotale = 543648; 
51 ?nom = "Doubs"; ?popTotale = 548026; 
52 ?nom = "Aisne"; ?popTotale = 554512; 
53 ?nom = "Vaucluse"; ?popTotale = 562254; 
54 ?nom = "Sane-et-Loire"; ?popTotale = 575097; 
55 ?nom = "Marne"; ?popTotale = 583691; 
56 ?nom = "Somme"; ?popTotale = 584184; 
57 ?nom = "Sarthe"; ?popTotale = 584865; 
58 ?nom = "Eure"; ?popTotale = 612518; 
59 ?nom = "Indre-et-Loire"; ?popTotale = 615557; 
60 ?nom = "Ctes-d\'Armor"; ?popTotale = 617565; 
61 ?nom = "Ain"; ?popTotale = 636916; 
62 ?nom = "Charente-Maritime"; ?popTotale = 652610; 
63 ?nom = "Puy-de-Dme"; ?popTotale = 658489; 
64 ?nom = "Vende"; ?popTotale = 674843; 
65 ?nom = "Loiret"; ?popTotale = 684104; 
66 ?nom = "Pyrnes-Atlantiques"; ?popTotale = 685564; 
67 ?nom = "Calvados"; ?popTotale = 706635; 
68 ?nom = "Meurthe-et-Moselle"; ?popTotale = 745398; 
69 ?nom = "Gard"; ?popTotale = 750025; 
70 ?nom = "Morbihan"; ?popTotale = 761433; 
71 ?nom = "Loire"; ?popTotale = 774144; 
72 ?nom = "Haut-Rhin"; ?popTotale = 774976; 
73 ?nom = "Haute-Savoie"; ?popTotale = 793342; 
74 ?nom = "Maine-et-Loire"; ?popTotale = 823546; 
75 ?nom = "Oise"; ?popTotale = 835918; 
76 ?nom = "La Runion"; ?popTotale = 844741; 
77 ?nom = "Finistre"; ?popTotale = 934625; 
78 ?nom = "Var"; ?popTotale = 1046346; 
79 ?nom = "Ille-et-Vilaine"; ?popTotale = 1047873; 
80 ?nom = "Moselle"; ?popTotale = 1068119; 
81 ?nom = "Alpes-Maritimes"; ?popTotale = 1096741; 
82 ?nom = "Hrault"; ?popTotale = 1111881; 
83 ?nom = "Bas-Rhin"; ?popTotale = 1128825; 
84 ?nom = "Val-d\'Oise"; ?popTotale = 1211138; 
85 ?nom = "Isre"; ?popTotale = 1263850; 
86 ?nom = "Essonne"; ?popTotale = 1273233; 
87 ?nom = "Seine-Maritime"; ?popTotale = 1280410; 
88 ?nom = "Haute-Garonne"; ?popTotale = 1325392; 
89 ?nom = "Loire-Atlantique"; ?popTotale = 1364453; 
90 ?nom = "Val-de-Marne"; ?popTotale = 1367091; 
91 ?nom = "Seine-et-Marne"; ?popTotale = 1387830; 
92 ?nom = "Yvelines"; ?popTotale = 1446301; 
93 ?nom = "Pas-de-Calais"; ?popTotale = 1491735; 
94 ?nom = "Gironde"; ?popTotale = 1536448; 
95 ?nom = "Seine-Saint-Denis"; ?popTotale = 1565222; 
96 ?nom = "Hauts-de-Seine"; ?popTotale = 1611290; 
97 ?nom = "Rhne"; ?popTotale = 1812196; 
98 ?nom = "Bouches-du-Rhne"; ?popTotale = 2022604; 
99 ?nom = "Paris"; ?popTotale = 2254262; 
100 ?nom = "Nord"; ?popTotale = 2635494; 

 INFO 2016-03-29 11:14:14,820 [main] (TestDQP.java:208) - Remote queries
 INFO 2016-03-29 11:14:14,821 [main] (TestDQP.java:209) - =========
	?region igeo:subdivisionDirecte ?departement
	54
--
	BGP{EDGE{?region igeo:codeRegion ?v} EDGE{?region igeo:subdivisionDirecte ?departement} EDGE{?departement igeo:nom ?nom} }
	2
--
	?region igeo:codeRegion ?v
	2
--
	prefix idemo: <http://rdf.insee.fr/def/demo#> prefix igeo: <http://rdf.insee.fr/def/geo#> select *  where {?departement idemo:population ?popLeg .  ?popLeg idemo:populationTotale ?popTotale .  filter ((((((((((((((((((((?departement = <http://id.insee.fr/geo/departement/84>) || (?departement = <http://id.insee.fr/geo/departement/06>)) || (?departement = <http://id.insee.fr/geo/departement/04>)) || (?departement = <http://id.insee.fr/geo/departement/05>)) || (?departement = <http://id.insee.fr/geo/departement/83>)) || (?departement = <http://id.insee.fr/geo/departement/13>)) || (?departement = <http://id.insee.fr/geo/departement/971>)) || (?departement = <http://id.insee.fr/geo/departement/976>)) || (?departement = <http://id.insee.fr/geo/departement/972>)) || (?departement = <http://id.insee.fr/geo/departement/973>)) || (?departement = <http://id.insee.fr/geo/departement/974>)) || (?departement = <http://id.insee.fr/geo/departement/65>)) || (?departement = <http://id.insee.fr/geo/departement/81>)) || (?departement = <http://id.insee.fr/geo/departement/82>)) || (?departement = <http://id.insee.fr/geo/departement/46>)) || (?departement = <http://id.insee.fr/geo/departement/09>)) || (?departement = <http://id.insee.fr/geo/departement/32>)) || (?departement = <http://id.insee.fr/geo/departement/12>)) || (?departement = <http://id.insee.fr/geo/departement/31>)) || (?departement = <http://id.insee.fr/geo/departement/44>)) }  
	1
--
	prefix idemo: <http://rdf.insee.fr/def/demo#> prefix igeo: <http://rdf.insee.fr/def/geo#> select *  where {?departement idemo:population ?popLeg .  ?popLeg idemo:populationTotale ?popTotale .  filter ((((((((((((((((((((?departement = <http://id.insee.fr/geo/departement/01>) || (?departement = <http://id.insee.fr/geo/departement/38>)) || (?departement = <http://id.insee.fr/geo/departement/42>)) || (?departement = <http://id.insee.fr/geo/departement/07>)) || (?departement = <http://id.insee.fr/geo/departement/74>)) || (?departement = <http://id.insee.fr/geo/departement/69>)) || (?departement = <http://id.insee.fr/geo/departement/73>)) || (?departement = <http://id.insee.fr/geo/departement/26>)) || (?departement = <http://id.insee.fr/geo/departement/95>)) || (?departement = <http://id.insee.fr/geo/departement/93>)) || (?departement = <http://id.insee.fr/geo/departement/78>)) || (?departement = <http://id.insee.fr/geo/departement/92>)) || (?departement = <http://id.insee.fr/geo/departement/75>)) || (?departement = <http://id.insee.fr/geo/departement/77>)) || (?departement = <http://id.insee.fr/geo/departement/91>)) || (?departement = <http://id.insee.fr/geo/departement/94>)) || (?departement = <http://id.insee.fr/geo/departement/58>)) || (?departement = <http://id.insee.fr/geo/departement/89>)) || (?departement = <http://id.insee.fr/geo/departement/71>)) || (?departement = <http://id.insee.fr/geo/departement/21>)) }  
	1
--
	prefix idemo: <http://rdf.insee.fr/def/demo#> prefix igeo: <http://rdf.insee.fr/def/geo#> select *  where {?departement idemo:population ?popLeg .  ?popLeg idemo:populationTotale ?popTotale .  filter ((((((((((((((((((((?departement = <http://id.insee.fr/geo/departement/57>) || (?departement = <http://id.insee.fr/geo/departement/88>)) || (?departement = <http://id.insee.fr/geo/departement/55>)) || (?departement = <http://id.insee.fr/geo/departement/54>)) || (?departement = <http://id.insee.fr/geo/departement/70>)) || (?departement = <http://id.insee.fr/geo/departement/39>)) || (?departement = <http://id.insee.fr/geo/departement/25>)) || (?departement = <http://id.insee.fr/geo/departement/90>)) || (?departement = <http://id.insee.fr/geo/departement/27>)) || (?departement = <http://id.insee.fr/geo/departement/76>)) || (?departement = <http://id.insee.fr/geo/departement/29>)) || (?departement = <http://id.insee.fr/geo/departement/56>)) || (?departement = <http://id.insee.fr/geo/departement/35>)) || (?departement = <http://id.insee.fr/geo/departement/22>)) || (?departement = <http://id.insee.fr/geo/departement/61>)) || (?departement = <http://id.insee.fr/geo/departement/14>)) || (?departement = <http://id.insee.fr/geo/departement/50>)) || (?departement = <http://id.insee.fr/geo/departement/68>)) || (?departement = <http://id.insee.fr/geo/departement/67>)) || (?departement = <http://id.insee.fr/geo/departement/2A>)) }  
	1
--
	prefix idemo: <http://rdf.insee.fr/def/demo#> prefix igeo: <http://rdf.insee.fr/def/geo#> select *  where {?departement idemo:population ?popLeg .  ?popLeg idemo:populationTotale ?popTotale .  filter (?departement = <http://id.insee.fr/geo/departement/2B>) }  
	1
--
	prefix idemo: <http://rdf.insee.fr/def/demo#> prefix igeo: <http://rdf.insee.fr/def/geo#> select *  where {?departement idemo:population ?popLeg .  ?popLeg idemo:populationTotale ?popTotale .  filter ((((((((((((((((((((?departement = <http://id.insee.fr/geo/departement/80>) || (?departement = <http://id.insee.fr/geo/departement/02>)) || (?departement = <http://id.insee.fr/geo/departement/60>)) || (?departement = <http://id.insee.fr/geo/departement/59>)) || (?departement = <http://id.insee.fr/geo/departement/62>)) || (?departement = <http://id.insee.fr/geo/departement/47>)) || (?departement = <http://id.insee.fr/geo/departement/40>)) || (?departement = <http://id.insee.fr/geo/departement/24>)) || (?departement = <http://id.insee.fr/geo/departement/33>)) || (?departement = <http://id.insee.fr/geo/departement/64>)) || (?departement = <http://id.insee.fr/geo/departement/43>)) || (?departement = <http://id.insee.fr/geo/departement/15>)) || (?departement = <http://id.insee.fr/geo/departement/03>)) || (?departement = <http://id.insee.fr/geo/departement/63>)) || (?departement = <http://id.insee.fr/geo/departement/41>)) || (?departement = <http://id.insee.fr/geo/departement/28>)) || (?departement = <http://id.insee.fr/geo/departement/45>)) || (?departement = <http://id.insee.fr/geo/departement/37>)) || (?departement = <http://id.insee.fr/geo/departement/18>)) || (?departement = <http://id.insee.fr/geo/departement/36>)) }  
	1
--
	prefix idemo: <http://rdf.insee.fr/def/demo#> prefix igeo: <http://rdf.insee.fr/def/geo#> select *  where {?departement idemo:population ?popLeg .  ?popLeg idemo:populationTotale ?popTotale .  filter ((((((((((((((((((((?departement = <http://id.insee.fr/geo/departement/85>) || (?departement = <http://id.insee.fr/geo/departement/49>)) || (?departement = <http://id.insee.fr/geo/departement/72>)) || (?departement = <http://id.insee.fr/geo/departement/53>)) || (?departement = <http://id.insee.fr/geo/departement/52>)) || (?departement = <http://id.insee.fr/geo/departement/08>)) || (?departement = <http://id.insee.fr/geo/departement/10>)) || (?departement = <http://id.insee.fr/geo/departement/51>)) || (?departement = <http://id.insee.fr/geo/departement/19>)) || (?departement = <http://id.insee.fr/geo/departement/87>)) || (?departement = <http://id.insee.fr/geo/departement/23>)) || (?departement = <http://id.insee.fr/geo/departement/11>)) || (?departement = <http://id.insee.fr/geo/departement/48>)) || (?departement = <http://id.insee.fr/geo/departement/30>)) || (?departement = <http://id.insee.fr/geo/departement/34>)) || (?departement = <http://id.insee.fr/geo/departement/66>)) || (?departement = <http://id.insee.fr/geo/departement/79>)) || (?departement = <http://id.insee.fr/geo/departement/86>)) || (?departement = <http://id.insee.fr/geo/departement/17>)) || (?departement = <http://id.insee.fr/geo/departement/16>)) }  
	1
--
	>====  Sum = 64  =====

 INFO 2016-03-29 11:14:14,821 [main] (TestDQP.java:210) - Transferred results per query
 INFO 2016-03-29 11:14:14,821 [main] (TestDQP.java:211) - =========
	?region igeo:subdivisionDirecte ?departement
	202
--
	BGP{EDGE{?region igeo:codeRegion ?v} EDGE{?region igeo:subdivisionDirecte ?departement} EDGE{?departement igeo:nom ?nom} }
	202
--
	?region igeo:codeRegion ?v
	54
--
	prefix idemo: <http://rdf.insee.fr/def/demo#> prefix igeo: <http://rdf.insee.fr/def/geo#> select *  where {?departement idemo:population ?popLeg .  ?popLeg idemo:populationTotale ?popTotale .  filter ((((((((((((((((((((?departement = <http://id.insee.fr/geo/departement/84>) || (?departement = <http://id.insee.fr/geo/departement/06>)) || (?departement = <http://id.insee.fr/geo/departement/04>)) || (?departement = <http://id.insee.fr/geo/departement/05>)) || (?departement = <http://id.insee.fr/geo/departement/83>)) || (?departement = <http://id.insee.fr/geo/departement/13>)) || (?departement = <http://id.insee.fr/geo/departement/971>)) || (?departement = <http://id.insee.fr/geo/departement/976>)) || (?departement = <http://id.insee.fr/geo/departement/972>)) || (?departement = <http://id.insee.fr/geo/departement/973>)) || (?departement = <http://id.insee.fr/geo/departement/974>)) || (?departement = <http://id.insee.fr/geo/departement/65>)) || (?departement = <http://id.insee.fr/geo/departement/81>)) || (?departement = <http://id.insee.fr/geo/departement/82>)) || (?departement = <http://id.insee.fr/geo/departement/46>)) || (?departement = <http://id.insee.fr/geo/departement/09>)) || (?departement = <http://id.insee.fr/geo/departement/32>)) || (?departement = <http://id.insee.fr/geo/departement/12>)) || (?departement = <http://id.insee.fr/geo/departement/31>)) || (?departement = <http://id.insee.fr/geo/departement/44>)) }  
	19
--
	prefix idemo: <http://rdf.insee.fr/def/demo#> prefix igeo: <http://rdf.insee.fr/def/geo#> select *  where {?departement idemo:population ?popLeg .  ?popLeg idemo:populationTotale ?popTotale .  filter ((((((((((((((((((((?departement = <http://id.insee.fr/geo/departement/01>) || (?departement = <http://id.insee.fr/geo/departement/38>)) || (?departement = <http://id.insee.fr/geo/departement/42>)) || (?departement = <http://id.insee.fr/geo/departement/07>)) || (?departement = <http://id.insee.fr/geo/departement/74>)) || (?departement = <http://id.insee.fr/geo/departement/69>)) || (?departement = <http://id.insee.fr/geo/departement/73>)) || (?departement = <http://id.insee.fr/geo/departement/26>)) || (?departement = <http://id.insee.fr/geo/departement/95>)) || (?departement = <http://id.insee.fr/geo/departement/93>)) || (?departement = <http://id.insee.fr/geo/departement/78>)) || (?departement = <http://id.insee.fr/geo/departement/92>)) || (?departement = <http://id.insee.fr/geo/departement/75>)) || (?departement = <http://id.insee.fr/geo/departement/77>)) || (?departement = <http://id.insee.fr/geo/departement/91>)) || (?departement = <http://id.insee.fr/geo/departement/94>)) || (?departement = <http://id.insee.fr/geo/departement/58>)) || (?departement = <http://id.insee.fr/geo/departement/89>)) || (?departement = <http://id.insee.fr/geo/departement/71>)) || (?departement = <http://id.insee.fr/geo/departement/21>)) }  
	20
--
	prefix idemo: <http://rdf.insee.fr/def/demo#> prefix igeo: <http://rdf.insee.fr/def/geo#> select *  where {?departement idemo:population ?popLeg .  ?popLeg idemo:populationTotale ?popTotale .  filter ((((((((((((((((((((?departement = <http://id.insee.fr/geo/departement/57>) || (?departement = <http://id.insee.fr/geo/departement/88>)) || (?departement = <http://id.insee.fr/geo/departement/55>)) || (?departement = <http://id.insee.fr/geo/departement/54>)) || (?departement = <http://id.insee.fr/geo/departement/70>)) || (?departement = <http://id.insee.fr/geo/departement/39>)) || (?departement = <http://id.insee.fr/geo/departement/25>)) || (?departement = <http://id.insee.fr/geo/departement/90>)) || (?departement = <http://id.insee.fr/geo/departement/27>)) || (?departement = <http://id.insee.fr/geo/departement/76>)) || (?departement = <http://id.insee.fr/geo/departement/29>)) || (?departement = <http://id.insee.fr/geo/departement/56>)) || (?departement = <http://id.insee.fr/geo/departement/35>)) || (?departement = <http://id.insee.fr/geo/departement/22>)) || (?departement = <http://id.insee.fr/geo/departement/61>)) || (?departement = <http://id.insee.fr/geo/departement/14>)) || (?departement = <http://id.insee.fr/geo/departement/50>)) || (?departement = <http://id.insee.fr/geo/departement/68>)) || (?departement = <http://id.insee.fr/geo/departement/67>)) || (?departement = <http://id.insee.fr/geo/departement/2A>)) }  
	20
--
	prefix idemo: <http://rdf.insee.fr/def/demo#> prefix igeo: <http://rdf.insee.fr/def/geo#> select *  where {?departement idemo:population ?popLeg .  ?popLeg idemo:populationTotale ?popTotale .  filter (?departement = <http://id.insee.fr/geo/departement/2B>) }  
	1
--
	prefix idemo: <http://rdf.insee.fr/def/demo#> prefix igeo: <http://rdf.insee.fr/def/geo#> select *  where {?departement idemo:population ?popLeg .  ?popLeg idemo:populationTotale ?popTotale .  filter ((((((((((((((((((((?departement = <http://id.insee.fr/geo/departement/80>) || (?departement = <http://id.insee.fr/geo/departement/02>)) || (?departement = <http://id.insee.fr/geo/departement/60>)) || (?departement = <http://id.insee.fr/geo/departement/59>)) || (?departement = <http://id.insee.fr/geo/departement/62>)) || (?departement = <http://id.insee.fr/geo/departement/47>)) || (?departement = <http://id.insee.fr/geo/departement/40>)) || (?departement = <http://id.insee.fr/geo/departement/24>)) || (?departement = <http://id.insee.fr/geo/departement/33>)) || (?departement = <http://id.insee.fr/geo/departement/64>)) || (?departement = <http://id.insee.fr/geo/departement/43>)) || (?departement = <http://id.insee.fr/geo/departement/15>)) || (?departement = <http://id.insee.fr/geo/departement/03>)) || (?departement = <http://id.insee.fr/geo/departement/63>)) || (?departement = <http://id.insee.fr/geo/departement/41>)) || (?departement = <http://id.insee.fr/geo/departement/28>)) || (?departement = <http://id.insee.fr/geo/departement/45>)) || (?departement = <http://id.insee.fr/geo/departement/37>)) || (?departement = <http://id.insee.fr/geo/departement/18>)) || (?departement = <http://id.insee.fr/geo/departement/36>)) }  
	20
--
	prefix idemo: <http://rdf.insee.fr/def/demo#> prefix igeo: <http://rdf.insee.fr/def/geo#> select *  where {?departement idemo:population ?popLeg .  ?popLeg idemo:populationTotale ?popTotale .  filter ((((((((((((((((((((?departement = <http://id.insee.fr/geo/departement/85>) || (?departement = <http://id.insee.fr/geo/departement/49>)) || (?departement = <http://id.insee.fr/geo/departement/72>)) || (?departement = <http://id.insee.fr/geo/departement/53>)) || (?departement = <http://id.insee.fr/geo/departement/52>)) || (?departement = <http://id.insee.fr/geo/departement/08>)) || (?departement = <http://id.insee.fr/geo/departement/10>)) || (?departement = <http://id.insee.fr/geo/departement/51>)) || (?departement = <http://id.insee.fr/geo/departement/19>)) || (?departement = <http://id.insee.fr/geo/departement/87>)) || (?departement = <http://id.insee.fr/geo/departement/23>)) || (?departement = <http://id.insee.fr/geo/departement/11>)) || (?departement = <http://id.insee.fr/geo/departement/48>)) || (?departement = <http://id.insee.fr/geo/departement/30>)) || (?departement = <http://id.insee.fr/geo/departement/34>)) || (?departement = <http://id.insee.fr/geo/departement/66>)) || (?departement = <http://id.insee.fr/geo/departement/79>)) || (?departement = <http://id.insee.fr/geo/departement/86>)) || (?departement = <http://id.insee.fr/geo/departement/17>)) || (?departement = <http://id.insee.fr/geo/departement/16>)) }  
	20
--
	>====  Sum = 558  =====

 INFO 2016-03-29 11:14:14,821 [main] (TestDQP.java:212) - Remote queries per data source
 INFO 2016-03-29 11:14:14,821 [main] (TestDQP.java:213) - =========
	http://localhost:8081/sparql
	29
--
	http://localhost:8088/sparql
	6
--
	http://localhost:8082/sparql
	29
--
	>====  Sum = 64  =====

 INFO 2016-03-29 11:14:14,821 [main] (TestDQP.java:214) - Transferred results per source
 INFO 2016-03-29 11:14:14,821 [main] (TestDQP.java:215) - =========
	http://localhost:8081/sparql
	229
--
	http://localhost:8088/sparql
	100
--
	http://localhost:8082/sparql
	229
--
	>====  Sum = 558  =====

