 INFO 2016-03-29 11:14:57,160 [main] (ServiceGrouper.java:84) - Building indices for 
 INFO 2016-03-29 11:14:57,162 [main] (ServiceGrouper.java:85) - {?region igeo:codeRegion ?v . 
?region igeo:subdivisionDirecte ?departement . 
?departement igeo:nom ?nom . 
?departement idemo:population ?popLeg . 
?popLeg idemo:populationTotale ?popTotale . }
 INFO 2016-03-29 11:14:57,318 [main] (ServiceGrouper.java:559) - Edge index
 INFO 2016-03-29 11:14:57,320 [main] (ServiceGrouper.java:575) - Source index
 INFO 2016-03-29 11:14:57,321 [main] (ServiceGrouper.java:259) - Found consecutive triple patterns into {?region igeo:codeRegion ?v . 
?region igeo:subdivisionDirecte ?departement . 
?departement igeo:nom ?nom . 
?departement idemo:population ?popLeg . 
?popLeg idemo:populationTotale ?popTotale . }
 INFO 2016-03-29 11:14:57,321 [main] (ServiceGrouper.java:426) - Processing
[?region igeo:codeRegion ?v . , ?region igeo:subdivisionDirecte ?departement . , ?departement igeo:nom ?nom . , ?departement idemo:population ?popLeg . , ?popLeg idemo:populationTotale ?popTotale . ]
 WARN 2016-03-29 11:14:57,321 [main] (ServiceGrouper.java:446) - Triple pattern ?region igeo:codeRegion ?v .  appears in more than one data source, excluded from SERVICE.
 WARN 2016-03-29 11:14:57,321 [main] (ServiceGrouper.java:446) - Triple pattern ?region igeo:subdivisionDirecte ?departement .  appears in more than one data source, excluded from SERVICE.
 WARN 2016-03-29 11:14:57,322 [main] (ServiceGrouper.java:446) - Triple pattern ?departement igeo:nom ?nom .  appears in more than one data source, excluded from SERVICE.
 WARN 2016-03-29 11:14:57,323 [main] (ServiceGrouper.java:446) - Triple pattern ?region igeo:codeRegion ?v .  appears in more than one data source, excluded from SERVICE.
 WARN 2016-03-29 11:14:57,323 [main] (ServiceGrouper.java:446) - Triple pattern ?region igeo:subdivisionDirecte ?departement .  appears in more than one data source, excluded from SERVICE.
 WARN 2016-03-29 11:14:57,323 [main] (ServiceGrouper.java:446) - Triple pattern ?departement igeo:nom ?nom .  appears in more than one data source, excluded from SERVICE.
 INFO 2016-03-29 11:14:57,324 [main] (ServiceGrouper.java:271) - Ranking : 
 INFO 2016-03-29 11:14:57,324 [main] (ServiceGrouper.java:272) - {?region igeo:codeRegion ?v . 
?region igeo:subdivisionDirecte ?departement . 
?departement igeo:nom ?nom . 
service <http://localhost:8088/sparql> {?departement idemo:population ?popLeg . 
?popLeg idemo:populationTotale ?popTotale . }}
 INFO 2016-03-29 11:14:57,324 [main] (ServiceGrouper.java:277) - 2 free variables for ?region igeo:codeRegion ?v . 
 INFO 2016-03-29 11:14:57,324 [main] (ServiceGrouper.java:277) - 2 free variables for ?region igeo:subdivisionDirecte ?departement . 
 INFO 2016-03-29 11:14:57,324 [main] (ServiceGrouper.java:277) - 2 free variables for ?departement igeo:nom ?nom . 
 INFO 2016-03-29 11:14:57,325 [main] (ServiceGrouper.java:277) - 3 free variables for service <http://localhost:8088/sparql> {?departement idemo:population ?popLeg . 
?popLeg idemo:populationTotale ?popTotale . }
 INFO 2016-03-29 11:14:57,325 [main] (ServiceGrouper.java:286) - Sorting services possibly with the same score
 WARN 2016-03-29 11:14:57,326 [main] (ServiceGrouper.java:353) - Searching for ?departement igeo:nom ?nom .  in [?region igeo:codeRegion ?v . , ?region igeo:subdivisionDirecte ?departement . , ?departement igeo:nom ?nom . , ?departement idemo:population ?popLeg . , ?popLeg idemo:populationTotale ?popTotale . ]
 WARN 2016-03-29 11:14:57,326 [main] (ServiceGrouper.java:353) - Searching for ?region igeo:subdivisionDirecte ?departement .  in [?region igeo:codeRegion ?v . , ?region igeo:subdivisionDirecte ?departement . , ?departement igeo:nom ?nom . , ?departement idemo:population ?popLeg . , ?popLeg idemo:populationTotale ?popTotale . ]
 INFO 2016-03-29 11:14:57,326 [main] (ServiceGrouper.java:328) - Comparing : ?departement igeo:nom ?nom .  with ?region igeo:subdivisionDirecte ?departement . 
 WARN 2016-03-29 11:14:57,327 [main] (ServiceGrouper.java:353) - Searching for ?region igeo:codeRegion ?v .  in [?region igeo:codeRegion ?v . , ?region igeo:subdivisionDirecte ?departement . , ?departement igeo:nom ?nom . , ?departement idemo:population ?popLeg . , ?popLeg idemo:populationTotale ?popTotale . ]
 WARN 2016-03-29 11:14:57,327 [main] (ServiceGrouper.java:353) - Searching for ?departement igeo:nom ?nom .  in [?region igeo:codeRegion ?v . , ?region igeo:subdivisionDirecte ?departement . , ?departement igeo:nom ?nom . , ?departement idemo:population ?popLeg . , ?popLeg idemo:populationTotale ?popTotale . ]
 INFO 2016-03-29 11:14:57,327 [main] (ServiceGrouper.java:328) - Comparing : ?region igeo:codeRegion ?v .  with ?departement igeo:nom ?nom . 
 WARN 2016-03-29 11:14:57,327 [main] (ServiceGrouper.java:353) - Searching for ?region igeo:codeRegion ?v .  in [?region igeo:codeRegion ?v . , ?region igeo:subdivisionDirecte ?departement . , ?departement igeo:nom ?nom . , ?departement idemo:population ?popLeg . , ?popLeg idemo:populationTotale ?popTotale . ]
 WARN 2016-03-29 11:14:57,328 [main] (ServiceGrouper.java:353) - Searching for ?region igeo:subdivisionDirecte ?departement .  in [?region igeo:codeRegion ?v . , ?region igeo:subdivisionDirecte ?departement . , ?departement igeo:nom ?nom . , ?departement idemo:population ?popLeg . , ?popLeg idemo:populationTotale ?popTotale . ]
 INFO 2016-03-29 11:14:57,329 [main] (ServiceGrouper.java:328) - Comparing : ?region igeo:codeRegion ?v .  with ?region igeo:subdivisionDirecte ?departement . 
 INFO 2016-03-29 11:14:57,329 [main] (ServiceGrouper.java:340) - {?region igeo:codeRegion ?v . 
?region igeo:subdivisionDirecte ?departement . 
?departement igeo:nom ?nom . 
service <http://localhost:8088/sparql> {?departement idemo:population ?popLeg . 
?popLeg idemo:populationTotale ?popTotale . }}
 INFO 2016-03-29 11:14:57,329 [main] (ServiceGrouper.java:118) - Final rewritten query
 INFO 2016-03-29 11:14:57,330 [main] (ServiceGrouper.java:119) - prefix idemo: <http://rdf.insee.fr/def/demo#>
prefix igeo: <http://rdf.insee.fr/def/geo#>
select ?nom ?popTotale 
where
{?region igeo:codeRegion ?v . 
?region igeo:subdivisionDirecte ?departement . 
?departement igeo:nom ?nom . 
service <http://localhost:8088/sparql> {?departement idemo:population ?popLeg . 
?popLeg idemo:populationTotale ?popTotale . }}
order by ?popTotale 


 INFO 2016-03-29 11:14:57,333 [main] (ServiceGrouper.java:57) - Building predicates indices for AND{EDGE{?region igeo:codeRegion ?v} EDGE{?region igeo:subdivisionDirecte ?departement} EDGE{?departement igeo:nom ?nom} SERVICE{NODE{<http://localhost:8088/sparql> } select [NODE{?departement }, NODE{?popLeg }, NODE{?popTotale }]
QUERY{AND{EDGE{?departement idemo:population ?popLeg} EDGE{?popLeg idemo:populationTotale ?popTotale} } } } }
 INFO 2016-03-29 11:14:57,333 [main] (ServiceGrouper.java:57) - Building predicates indices for AND{EDGE{?departement idemo:population ?popLeg} EDGE{?popLeg idemo:populationTotale ?popTotale} }
 INFO 2016-03-29 11:14:57,333 [main] (ServiceGrouper.java:65) - END of building index!
 INFO 2016-03-29 11:14:57,333 [main] (ServiceGrouper.java:65) - END of building index!
 INFO 2016-03-29 11:14:57,345 [main] (ParallelMetaProducerLessBlocking.java:214) - Searching for BGP : BGP{EDGE{?region igeo:codeRegion ?v} EDGE{?region igeo:subdivisionDirecte ?departement} EDGE{?departement igeo:nom ?nom} }
 INFO 2016-03-29 11:14:57,347 [pool-1-thread-2] (CallableResult.java:56) - CallableResult for GetMappings
 INFO 2016-03-29 11:14:57,347 [pool-1-thread-1] (CallableResult.java:56) - CallableResult for GetMappings
 INFO 2016-03-29 11:14:57,348 [pool-1-thread-2] (RemoteQueryOptimizerFull.java:144) - BGP QUERY: 
 SELECT * WHERE { 
	 ?region igeo:codeRegion ?v . 
 	 ?region igeo:subdivisionDirecte ?departement . 
 	 ?departement igeo:nom ?nom . 
 } 
 INFO 2016-03-29 11:14:57,348 [pool-1-thread-1] (RemoteQueryOptimizerFull.java:144) - BGP QUERY: 
 SELECT * WHERE { 
	 ?region igeo:codeRegion ?v . 
 	 ?region igeo:subdivisionDirecte ?departement . 
 	 ?departement igeo:nom ?nom . 
 } 
 INFO 2016-03-29 11:14:57,442 [pool-1-thread-2] (CallableResult.java:59) - RESULTS: 101 FROM http://localhost:8082/sparql
 INFO 2016-03-29 11:14:57,442 [pool-1-thread-2] (CallableResult.java:63) - Finished CallableResult in 96 ms.
 INFO 2016-03-29 11:14:57,446 [pool-1-thread-1] (CallableResult.java:59) - RESULTS: 101 FROM http://localhost:8081/sparql
 INFO 2016-03-29 11:14:57,447 [pool-1-thread-1] (CallableResult.java:63) - Finished CallableResult in 101 ms.
 INFO 2016-03-29 11:14:57,455 [main] (ParallelMetaProducerLessBlocking.java:255) - Global results retrieved in getMappings 109ms.
 INFO 2016-03-29 11:14:57,457 [main] (Eval.java:1660) - 
	GET MAPPINGS in 115ms.
	 FOR BGP{EDGE{?region igeo:codeRegion ?v} EDGE{?region igeo:subdivisionDirecte ?departement} EDGE{?departement igeo:nom ?nom} }

 INFO 2016-03-29 11:14:57,457 [main] (ParallelMetaProducerLessBlocking.java:61) - Searching for edge : ?region igeo:codeRegion ?v
 INFO 2016-03-29 11:14:57,458 [pool-2-thread-2] (CallableResult.java:52) - CallableResult for GetEdge
 INFO 2016-03-29 11:14:57,463 [pool-2-thread-1] (CallableResult.java:52) - CallableResult for GetEdge
 INFO 2016-03-29 11:14:57,679 [pool-2-thread-1] (CallableResult.java:63) - Finished CallableResult in 216 ms.
 INFO 2016-03-29 11:14:57,679 [pool-2-thread-2] (CallableResult.java:63) - Finished CallableResult in 221 ms.
 INFO 2016-03-29 11:14:57,695 [main] (ParallelMetaProducerLessBlocking.java:193) - Global results retrieved in getEdges 237ms.
 INFO 2016-03-29 11:14:57,696 [main] (ParallelMetaProducerLessBlocking.java:61) - Searching for edge : ?region igeo:subdivisionDirecte ?departement
 INFO 2016-03-29 11:14:57,696 [pool-3-thread-1] (CallableResult.java:52) - CallableResult for GetEdge
 INFO 2016-03-29 11:14:57,696 [pool-3-thread-2] (CallableResult.java:52) - CallableResult for GetEdge
 INFO 2016-03-29 11:14:57,716 [pool-3-thread-1] (CallableResult.java:63) - Finished CallableResult in 20 ms.
 INFO 2016-03-29 11:14:57,716 [pool-3-thread-2] (CallableResult.java:63) - Finished CallableResult in 20 ms.
 INFO 2016-03-29 11:14:57,717 [main] (ParallelMetaProducerLessBlocking.java:193) - Global results retrieved in getEdges 21ms.
 INFO 2016-03-29 11:14:57,717 [main] (ParallelMetaProducerLessBlocking.java:61) - Searching for edge : ?departement igeo:nom ?nom
 INFO 2016-03-29 11:14:57,717 [main] (ParallelMetaProducerLessBlocking.java:193) - Global results retrieved in getEdges 0ms.
 INFO 2016-03-29 11:14:57,718 [main] (Eval.java:2158) - 
	Get EDGE in 1ms.  
	FOR EDGE{?departement igeo:nom ?nom}

 INFO 2016-03-29 11:14:57,718 [main] (ParallelMetaProducerLessBlocking.java:61) - Searching for edge : ?departement igeo:nom ?nom
 INFO 2016-03-29 11:14:57,718 [main] (ParallelMetaProducerLessBlocking.java:193) - Global results retrieved in getEdges 0ms.
 INFO 2016-03-29 11:14:57,718 [main] (Eval.java:2158) - 
	Get EDGE in 0ms.  
	FOR EDGE{?departement igeo:nom ?nom}

 INFO 2016-03-29 11:14:57,719 [main] (ParallelMetaProducerLessBlocking.java:61) - Searching for edge : ?departement igeo:nom ?nom
 INFO 2016-03-29 11:14:57,719 [main] (ParallelMetaProducerLessBlocking.java:193) - Global results retrieved in getEdges 0ms.
 INFO 2016-03-29 11:14:57,719 [main] (Eval.java:2158) - 
	Get EDGE in 0ms.  
	FOR EDGE{?departement igeo:nom ?nom}

 INFO 2016-03-29 11:14:57,719 [main] (ParallelMetaProducerLessBlocking.java:61) - Searching for edge : ?departement igeo:nom ?nom
 INFO 2016-03-29 11:14:57,720 [main] (ParallelMetaProducerLessBlocking.java:193) - Global results retrieved in getEdges 0ms.
 INFO 2016-03-29 11:14:57,720 [main] (Eval.java:2158) - 
	Get EDGE in 1ms.  
	FOR EDGE{?departement igeo:nom ?nom}

 INFO 2016-03-29 11:14:57,720 [main] (Eval.java:2158) - 
	Get EDGE in 24ms.  
	FOR EDGE{?region igeo:subdivisionDirecte ?departement}

 INFO 2016-03-29 11:14:57,720 [main] (ParallelMetaProducerLessBlocking.java:61) - Searching for edge : ?region igeo:subdivisionDirecte ?departement
 INFO 2016-03-29 11:14:57,721 [pool-8-thread-1] (CallableResult.java:52) - CallableResult for GetEdge
 INFO 2016-03-29 11:14:57,721 [pool-8-thread-2] (CallableResult.java:52) - CallableResult for GetEdge
 INFO 2016-03-29 11:14:57,731 [pool-8-thread-2] (CallableResult.java:63) - Finished CallableResult in 10 ms.
 INFO 2016-03-29 11:14:57,734 [pool-8-thread-1] (CallableResult.java:63) - Finished CallableResult in 13 ms.
 INFO 2016-03-29 11:14:57,734 [main] (ParallelMetaProducerLessBlocking.java:193) - Global results retrieved in getEdges 13ms.
 INFO 2016-03-29 11:14:57,735 [main] (ParallelMetaProducerLessBlocking.java:61) - Searching for edge : ?departement igeo:nom ?nom
 INFO 2016-03-29 11:14:57,735 [main] (ParallelMetaProducerLessBlocking.java:193) - Global results retrieved in getEdges 0ms.
 INFO 2016-03-29 11:14:57,735 [main] (Eval.java:2158) - 
	Get EDGE in 0ms.  
	FOR EDGE{?departement igeo:nom ?nom}

 INFO 2016-03-29 11:14:57,735 [main] (ParallelMetaProducerLessBlocking.java:61) - Searching for edge : ?departement igeo:nom ?nom
 INFO 2016-03-29 11:14:57,736 [main] (ParallelMetaProducerLessBlocking.java:193) - Global results retrieved in getEdges 0ms.
 INFO 2016-03-29 11:14:57,736 [main] (Eval.java:2158) - 
	Get EDGE in 1ms.  
	FOR EDGE{?departement igeo:nom ?nom}

 INFO 2016-03-29 11:14:57,736 [main] (ParallelMetaProducerLessBlocking.java:61) - Searching for edge : ?departement igeo:nom ?nom
 INFO 2016-03-29 11:14:57,736 [main] (ParallelMetaProducerLessBlocking.java:193) - Global results retrieved in getEdges 0ms.
 INFO 2016-03-29 11:14:57,736 [main] (Eval.java:2158) - 
	Get EDGE in 0ms.  
	FOR EDGE{?departement igeo:nom ?nom}

 INFO 2016-03-29 11:14:57,737 [main] (Eval.java:2158) - 
	Get EDGE in 17ms.  
	FOR EDGE{?region igeo:subdivisionDirecte ?departement}

 INFO 2016-03-29 11:14:57,737 [main] (ParallelMetaProducerLessBlocking.java:61) - Searching for edge : ?region igeo:subdivisionDirecte ?departement
 INFO 2016-03-29 11:14:57,737 [pool-12-thread-1] (CallableResult.java:52) - CallableResult for GetEdge
 INFO 2016-03-29 11:14:57,737 [pool-12-thread-2] (CallableResult.java:52) - CallableResult for GetEdge
 INFO 2016-03-29 11:14:57,746 [pool-12-thread-1] (CallableResult.java:63) - Finished CallableResult in 9 ms.
 INFO 2016-03-29 11:14:57,748 [pool-12-thread-2] (CallableResult.java:63) - Finished CallableResult in 11 ms.
 INFO 2016-03-29 11:14:57,749 [main] (ParallelMetaProducerLessBlocking.java:193) - Global results retrieved in getEdges 12ms.
 INFO 2016-03-29 11:14:57,749 [main] (ParallelMetaProducerLessBlocking.java:61) - Searching for edge : ?departement igeo:nom ?nom
 INFO 2016-03-29 11:14:57,749 [main] (ParallelMetaProducerLessBlocking.java:193) - Global results retrieved in getEdges 0ms.
 INFO 2016-03-29 11:14:57,750 [main] (Eval.java:2158) - 
	Get EDGE in 1ms.  
	FOR EDGE{?departement igeo:nom ?nom}

 INFO 2016-03-29 11:14:57,750 [main] (ParallelMetaProducerLessBlocking.java:61) - Searching for edge : ?departement igeo:nom ?nom
 INFO 2016-03-29 11:14:57,750 [main] (ParallelMetaProducerLessBlocking.java:193) - Global results retrieved in getEdges 0ms.
 INFO 2016-03-29 11:14:57,750 [main] (Eval.java:2158) - 
	Get EDGE in 0ms.  
	FOR EDGE{?departement igeo:nom ?nom}

 INFO 2016-03-29 11:14:57,751 [main] (Eval.java:2158) - 
	Get EDGE in 14ms.  
	FOR EDGE{?region igeo:subdivisionDirecte ?departement}

 INFO 2016-03-29 11:14:57,751 [main] (ParallelMetaProducerLessBlocking.java:61) - Searching for edge : ?region igeo:subdivisionDirecte ?departement
 INFO 2016-03-29 11:14:57,751 [pool-15-thread-1] (CallableResult.java:52) - CallableResult for GetEdge
 INFO 2016-03-29 11:14:57,752 [pool-15-thread-2] (CallableResult.java:52) - CallableResult for GetEdge
 INFO 2016-03-29 11:14:57,788 [pool-15-thread-1] (CallableResult.java:63) - Finished CallableResult in 37 ms.
 INFO 2016-03-29 11:14:57,789 [pool-15-thread-2] (CallableResult.java:63) - Finished CallableResult in 37 ms.
 INFO 2016-03-29 11:14:57,791 [main] (ParallelMetaProducerLessBlocking.java:193) - Global results retrieved in getEdges 40ms.
 INFO 2016-03-29 11:14:57,791 [main] (ParallelMetaProducerLessBlocking.java:61) - Searching for edge : ?departement igeo:nom ?nom
 INFO 2016-03-29 11:14:57,792 [main] (ParallelMetaProducerLessBlocking.java:193) - Global results retrieved in getEdges 0ms.
 INFO 2016-03-29 11:14:57,792 [main] (Eval.java:2158) - 
	Get EDGE in 1ms.  
	FOR EDGE{?departement igeo:nom ?nom}

 INFO 2016-03-29 11:14:57,792 [main] (ParallelMetaProducerLessBlocking.java:61) - Searching for edge : ?departement igeo:nom ?nom
 INFO 2016-03-29 11:14:57,793 [main] (ParallelMetaProducerLessBlocking.java:193) - Global results retrieved in getEdges 0ms.
 INFO 2016-03-29 11:14:57,793 [main] (Eval.java:2158) - 
	Get EDGE in 1ms.  
	FOR EDGE{?departement igeo:nom ?nom}

 INFO 2016-03-29 11:14:57,793 [main] (ParallelMetaProducerLessBlocking.java:61) - Searching for edge : ?departement igeo:nom ?nom
 INFO 2016-03-29 11:14:57,793 [main] (ParallelMetaProducerLessBlocking.java:193) - Global results retrieved in getEdges 0ms.
 INFO 2016-03-29 11:14:57,794 [main] (Eval.java:2158) - 
	Get EDGE in 1ms.  
	FOR EDGE{?departement igeo:nom ?nom}

 INFO 2016-03-29 11:14:57,794 [main] (ParallelMetaProducerLessBlocking.java:61) - Searching for edge : ?departement igeo:nom ?nom
 INFO 2016-03-29 11:14:57,794 [main] (ParallelMetaProducerLessBlocking.java:193) - Global results retrieved in getEdges 0ms.
 INFO 2016-03-29 11:14:57,795 [main] (Eval.java:2158) - 
	Get EDGE in 1ms.  
	FOR EDGE{?departement igeo:nom ?nom}

 INFO 2016-03-29 11:14:57,795 [main] (ParallelMetaProducerLessBlocking.java:61) - Searching for edge : ?departement igeo:nom ?nom
 INFO 2016-03-29 11:14:57,795 [main] (ParallelMetaProducerLessBlocking.java:193) - Global results retrieved in getEdges 0ms.
 INFO 2016-03-29 11:14:57,795 [main] (Eval.java:2158) - 
	Get EDGE in 0ms.  
	FOR EDGE{?departement igeo:nom ?nom}

 INFO 2016-03-29 11:14:57,796 [main] (ParallelMetaProducerLessBlocking.java:61) - Searching for edge : ?departement igeo:nom ?nom
 INFO 2016-03-29 11:14:57,796 [main] (ParallelMetaProducerLessBlocking.java:193) - Global results retrieved in getEdges 0ms.
 INFO 2016-03-29 11:14:57,796 [main] (Eval.java:2158) - 
	Get EDGE in 0ms.  
	FOR EDGE{?departement igeo:nom ?nom}

 INFO 2016-03-29 11:14:57,797 [main] (ParallelMetaProducerLessBlocking.java:61) - Searching for edge : ?departement igeo:nom ?nom
 INFO 2016-03-29 11:14:57,797 [main] (ParallelMetaProducerLessBlocking.java:193) - Global results retrieved in getEdges 0ms.
 INFO 2016-03-29 11:14:57,797 [main] (Eval.java:2158) - 
	Get EDGE in 0ms.  
	FOR EDGE{?departement igeo:nom ?nom}

 INFO 2016-03-29 11:14:57,797 [main] (ParallelMetaProducerLessBlocking.java:61) - Searching for edge : ?departement igeo:nom ?nom
 INFO 2016-03-29 11:14:57,798 [main] (ParallelMetaProducerLessBlocking.java:193) - Global results retrieved in getEdges 0ms.
 INFO 2016-03-29 11:14:57,798 [main] (Eval.java:2158) - 
	Get EDGE in 1ms.  
	FOR EDGE{?departement igeo:nom ?nom}

 INFO 2016-03-29 11:14:57,798 [main] (Eval.java:2158) - 
	Get EDGE in 47ms.  
	FOR EDGE{?region igeo:subdivisionDirecte ?departement}

 INFO 2016-03-29 11:14:57,798 [main] (ParallelMetaProducerLessBlocking.java:61) - Searching for edge : ?region igeo:subdivisionDirecte ?departement
 INFO 2016-03-29 11:14:57,799 [pool-24-thread-1] (CallableResult.java:52) - CallableResult for GetEdge
 INFO 2016-03-29 11:14:57,799 [pool-24-thread-2] (CallableResult.java:52) - CallableResult for GetEdge
 INFO 2016-03-29 11:14:57,815 [pool-24-thread-1] (CallableResult.java:63) - Finished CallableResult in 17 ms.
 INFO 2016-03-29 11:14:57,819 [pool-24-thread-2] (CallableResult.java:63) - Finished CallableResult in 20 ms.
 INFO 2016-03-29 11:14:57,820 [main] (ParallelMetaProducerLessBlocking.java:193) - Global results retrieved in getEdges 21ms.
 INFO 2016-03-29 11:14:57,821 [main] (ParallelMetaProducerLessBlocking.java:61) - Searching for edge : ?departement igeo:nom ?nom
 INFO 2016-03-29 11:14:57,821 [main] (ParallelMetaProducerLessBlocking.java:193) - Global results retrieved in getEdges 0ms.
 INFO 2016-03-29 11:14:57,821 [main] (Eval.java:2158) - 
	Get EDGE in 0ms.  
	FOR EDGE{?departement igeo:nom ?nom}

 INFO 2016-03-29 11:14:57,821 [main] (ParallelMetaProducerLessBlocking.java:61) - Searching for edge : ?departement igeo:nom ?nom
 INFO 2016-03-29 11:14:57,821 [main] (ParallelMetaProducerLessBlocking.java:193) - Global results retrieved in getEdges 0ms.
 INFO 2016-03-29 11:14:57,822 [main] (Eval.java:2158) - 
	Get EDGE in 1ms.  
	FOR EDGE{?departement igeo:nom ?nom}

 INFO 2016-03-29 11:14:57,822 [main] (ParallelMetaProducerLessBlocking.java:61) - Searching for edge : ?departement igeo:nom ?nom
 INFO 2016-03-29 11:14:57,822 [main] (ParallelMetaProducerLessBlocking.java:193) - Global results retrieved in getEdges 0ms.
 INFO 2016-03-29 11:14:57,822 [main] (Eval.java:2158) - 
	Get EDGE in 0ms.  
	FOR EDGE{?departement igeo:nom ?nom}

 INFO 2016-03-29 11:14:57,822 [main] (ParallelMetaProducerLessBlocking.java:61) - Searching for edge : ?departement igeo:nom ?nom
 INFO 2016-03-29 11:14:57,822 [main] (ParallelMetaProducerLessBlocking.java:193) - Global results retrieved in getEdges 0ms.
 INFO 2016-03-29 11:14:57,823 [main] (Eval.java:2158) - 
	Get EDGE in 1ms.  
	FOR EDGE{?departement igeo:nom ?nom}

 INFO 2016-03-29 11:14:57,823 [main] (ParallelMetaProducerLessBlocking.java:61) - Searching for edge : ?departement igeo:nom ?nom
 INFO 2016-03-29 11:14:57,823 [main] (ParallelMetaProducerLessBlocking.java:193) - Global results retrieved in getEdges 0ms.
 INFO 2016-03-29 11:14:57,823 [main] (Eval.java:2158) - 
	Get EDGE in 0ms.  
	FOR EDGE{?departement igeo:nom ?nom}

 INFO 2016-03-29 11:14:57,823 [main] (ParallelMetaProducerLessBlocking.java:61) - Searching for edge : ?departement igeo:nom ?nom
 INFO 2016-03-29 11:14:57,823 [main] (ParallelMetaProducerLessBlocking.java:193) - Global results retrieved in getEdges 0ms.
 INFO 2016-03-29 11:14:57,824 [main] (Eval.java:2158) - 
	Get EDGE in 1ms.  
	FOR EDGE{?departement igeo:nom ?nom}

 INFO 2016-03-29 11:14:57,824 [main] (ParallelMetaProducerLessBlocking.java:61) - Searching for edge : ?departement igeo:nom ?nom
 INFO 2016-03-29 11:14:57,824 [main] (ParallelMetaProducerLessBlocking.java:193) - Global results retrieved in getEdges 0ms.
 INFO 2016-03-29 11:14:57,824 [main] (Eval.java:2158) - 
	Get EDGE in 0ms.  
	FOR EDGE{?departement igeo:nom ?nom}

 INFO 2016-03-29 11:14:57,824 [main] (ParallelMetaProducerLessBlocking.java:61) - Searching for edge : ?departement igeo:nom ?nom
 INFO 2016-03-29 11:14:57,824 [main] (ParallelMetaProducerLessBlocking.java:193) - Global results retrieved in getEdges 0ms.
 INFO 2016-03-29 11:14:57,825 [main] (Eval.java:2158) - 
	Get EDGE in 1ms.  
	FOR EDGE{?departement igeo:nom ?nom}

 INFO 2016-03-29 11:14:57,825 [main] (Eval.java:2158) - 
	Get EDGE in 27ms.  
	FOR EDGE{?region igeo:subdivisionDirecte ?departement}

 INFO 2016-03-29 11:14:57,825 [main] (ParallelMetaProducerLessBlocking.java:61) - Searching for edge : ?region igeo:subdivisionDirecte ?departement
 INFO 2016-03-29 11:14:57,825 [pool-33-thread-1] (CallableResult.java:52) - CallableResult for GetEdge
 INFO 2016-03-29 11:14:57,825 [pool-33-thread-2] (CallableResult.java:52) - CallableResult for GetEdge
 INFO 2016-03-29 11:14:57,835 [pool-33-thread-1] (CallableResult.java:63) - Finished CallableResult in 10 ms.
 INFO 2016-03-29 11:14:57,838 [pool-33-thread-2] (CallableResult.java:63) - Finished CallableResult in 13 ms.
 INFO 2016-03-29 11:14:57,838 [main] (ParallelMetaProducerLessBlocking.java:193) - Global results retrieved in getEdges 13ms.
 INFO 2016-03-29 11:14:57,839 [main] (ParallelMetaProducerLessBlocking.java:61) - Searching for edge : ?departement igeo:nom ?nom
 INFO 2016-03-29 11:14:57,839 [main] (ParallelMetaProducerLessBlocking.java:193) - Global results retrieved in getEdges 0ms.
 INFO 2016-03-29 11:14:57,839 [main] (Eval.java:2158) - 
	Get EDGE in 0ms.  
	FOR EDGE{?departement igeo:nom ?nom}

 INFO 2016-03-29 11:14:57,840 [main] (ParallelMetaProducerLessBlocking.java:61) - Searching for edge : ?departement igeo:nom ?nom
 INFO 2016-03-29 11:14:57,840 [main] (ParallelMetaProducerLessBlocking.java:193) - Global results retrieved in getEdges 0ms.
 INFO 2016-03-29 11:14:57,840 [main] (Eval.java:2158) - 
	Get EDGE in 0ms.  
	FOR EDGE{?departement igeo:nom ?nom}

 INFO 2016-03-29 11:14:57,840 [main] (ParallelMetaProducerLessBlocking.java:61) - Searching for edge : ?departement igeo:nom ?nom
 INFO 2016-03-29 11:14:57,841 [main] (ParallelMetaProducerLessBlocking.java:193) - Global results retrieved in getEdges 0ms.
 INFO 2016-03-29 11:14:57,841 [main] (Eval.java:2158) - 
	Get EDGE in 1ms.  
	FOR EDGE{?departement igeo:nom ?nom}

 INFO 2016-03-29 11:14:57,841 [main] (ParallelMetaProducerLessBlocking.java:61) - Searching for edge : ?departement igeo:nom ?nom
 INFO 2016-03-29 11:14:57,841 [main] (ParallelMetaProducerLessBlocking.java:193) - Global results retrieved in getEdges 0ms.
 INFO 2016-03-29 11:14:57,842 [main] (Eval.java:2158) - 
	Get EDGE in 1ms.  
	FOR EDGE{?departement igeo:nom ?nom}

 INFO 2016-03-29 11:14:57,842 [main] (Eval.java:2158) - 
	Get EDGE in 17ms.  
	FOR EDGE{?region igeo:subdivisionDirecte ?departement}

 INFO 2016-03-29 11:14:57,842 [main] (ParallelMetaProducerLessBlocking.java:61) - Searching for edge : ?region igeo:subdivisionDirecte ?departement
 INFO 2016-03-29 11:14:57,843 [pool-38-thread-1] (CallableResult.java:52) - CallableResult for GetEdge
 INFO 2016-03-29 11:14:57,843 [pool-38-thread-2] (CallableResult.java:52) - CallableResult for GetEdge
 INFO 2016-03-29 11:14:57,854 [pool-38-thread-1] (CallableResult.java:63) - Finished CallableResult in 11 ms.
 INFO 2016-03-29 11:14:57,857 [pool-38-thread-2] (CallableResult.java:63) - Finished CallableResult in 14 ms.
 INFO 2016-03-29 11:14:57,858 [main] (ParallelMetaProducerLessBlocking.java:193) - Global results retrieved in getEdges 15ms.
 INFO 2016-03-29 11:14:57,858 [main] (ParallelMetaProducerLessBlocking.java:61) - Searching for edge : ?departement igeo:nom ?nom
 INFO 2016-03-29 11:14:57,859 [main] (ParallelMetaProducerLessBlocking.java:193) - Global results retrieved in getEdges 0ms.
 INFO 2016-03-29 11:14:57,859 [main] (Eval.java:2158) - 
	Get EDGE in 1ms.  
	FOR EDGE{?departement igeo:nom ?nom}

 INFO 2016-03-29 11:14:57,859 [main] (ParallelMetaProducerLessBlocking.java:61) - Searching for edge : ?departement igeo:nom ?nom
 INFO 2016-03-29 11:14:57,859 [main] (ParallelMetaProducerLessBlocking.java:193) - Global results retrieved in getEdges 0ms.
 INFO 2016-03-29 11:14:57,860 [main] (Eval.java:2158) - 
	Get EDGE in 1ms.  
	FOR EDGE{?departement igeo:nom ?nom}

 INFO 2016-03-29 11:14:57,860 [main] (ParallelMetaProducerLessBlocking.java:61) - Searching for edge : ?departement igeo:nom ?nom
 INFO 2016-03-29 11:14:57,860 [main] (ParallelMetaProducerLessBlocking.java:193) - Global results retrieved in getEdges 0ms.
 INFO 2016-03-29 11:14:57,860 [main] (Eval.java:2158) - 
	Get EDGE in 0ms.  
	FOR EDGE{?departement igeo:nom ?nom}

 INFO 2016-03-29 11:14:57,861 [main] (ParallelMetaProducerLessBlocking.java:61) - Searching for edge : ?departement igeo:nom ?nom
 INFO 2016-03-29 11:14:57,861 [main] (ParallelMetaProducerLessBlocking.java:193) - Global results retrieved in getEdges 0ms.
 INFO 2016-03-29 11:14:57,861 [main] (Eval.java:2158) - 
	Get EDGE in 0ms.  
	FOR EDGE{?departement igeo:nom ?nom}

 INFO 2016-03-29 11:14:57,862 [main] (ParallelMetaProducerLessBlocking.java:61) - Searching for edge : ?departement igeo:nom ?nom
 INFO 2016-03-29 11:14:57,862 [main] (ParallelMetaProducerLessBlocking.java:193) - Global results retrieved in getEdges 0ms.
 INFO 2016-03-29 11:14:57,862 [main] (Eval.java:2158) - 
	Get EDGE in 0ms.  
	FOR EDGE{?departement igeo:nom ?nom}

 INFO 2016-03-29 11:14:57,863 [main] (Eval.java:2158) - 
	Get EDGE in 20ms.  
	FOR EDGE{?region igeo:subdivisionDirecte ?departement}

 INFO 2016-03-29 11:14:57,863 [main] (ParallelMetaProducerLessBlocking.java:61) - Searching for edge : ?region igeo:subdivisionDirecte ?departement
 INFO 2016-03-29 11:14:57,863 [pool-44-thread-1] (CallableResult.java:52) - CallableResult for GetEdge
 INFO 2016-03-29 11:14:57,863 [pool-44-thread-2] (CallableResult.java:52) - CallableResult for GetEdge
 INFO 2016-03-29 11:14:57,875 [pool-44-thread-1] (CallableResult.java:63) - Finished CallableResult in 12 ms.
 INFO 2016-03-29 11:14:57,875 [pool-44-thread-2] (CallableResult.java:63) - Finished CallableResult in 12 ms.
 INFO 2016-03-29 11:14:57,877 [main] (ParallelMetaProducerLessBlocking.java:193) - Global results retrieved in getEdges 14ms.
 INFO 2016-03-29 11:14:57,878 [main] (ParallelMetaProducerLessBlocking.java:61) - Searching for edge : ?departement igeo:nom ?nom
 INFO 2016-03-29 11:14:57,878 [main] (ParallelMetaProducerLessBlocking.java:193) - Global results retrieved in getEdges 0ms.
 INFO 2016-03-29 11:14:57,878 [main] (Eval.java:2158) - 
	Get EDGE in 0ms.  
	FOR EDGE{?departement igeo:nom ?nom}

 INFO 2016-03-29 11:14:57,879 [main] (ParallelMetaProducerLessBlocking.java:61) - Searching for edge : ?departement igeo:nom ?nom
 INFO 2016-03-29 11:14:57,879 [main] (ParallelMetaProducerLessBlocking.java:193) - Global results retrieved in getEdges 0ms.
 INFO 2016-03-29 11:14:57,879 [main] (Eval.java:2158) - 
	Get EDGE in 0ms.  
	FOR EDGE{?departement igeo:nom ?nom}

 INFO 2016-03-29 11:14:57,879 [main] (ParallelMetaProducerLessBlocking.java:61) - Searching for edge : ?departement igeo:nom ?nom
 INFO 2016-03-29 11:14:57,880 [main] (ParallelMetaProducerLessBlocking.java:193) - Global results retrieved in getEdges 0ms.
 INFO 2016-03-29 11:14:57,880 [main] (Eval.java:2158) - 
	Get EDGE in 1ms.  
	FOR EDGE{?departement igeo:nom ?nom}

 INFO 2016-03-29 11:14:57,880 [main] (ParallelMetaProducerLessBlocking.java:61) - Searching for edge : ?departement igeo:nom ?nom
 INFO 2016-03-29 11:14:57,880 [main] (ParallelMetaProducerLessBlocking.java:193) - Global results retrieved in getEdges 0ms.
 INFO 2016-03-29 11:14:57,881 [main] (Eval.java:2158) - 
	Get EDGE in 1ms.  
	FOR EDGE{?departement igeo:nom ?nom}

 INFO 2016-03-29 11:14:57,881 [main] (Eval.java:2158) - 
	Get EDGE in 18ms.  
	FOR EDGE{?region igeo:subdivisionDirecte ?departement}

 INFO 2016-03-29 11:14:57,881 [main] (ParallelMetaProducerLessBlocking.java:61) - Searching for edge : ?region igeo:subdivisionDirecte ?departement
 INFO 2016-03-29 11:14:57,881 [pool-49-thread-1] (CallableResult.java:52) - CallableResult for GetEdge
 INFO 2016-03-29 11:14:57,881 [pool-49-thread-2] (CallableResult.java:52) - CallableResult for GetEdge
 INFO 2016-03-29 11:14:57,890 [pool-49-thread-2] (CallableResult.java:63) - Finished CallableResult in 9 ms.
 INFO 2016-03-29 11:14:57,891 [pool-49-thread-1] (CallableResult.java:63) - Finished CallableResult in 10 ms.
 INFO 2016-03-29 11:14:57,891 [main] (ParallelMetaProducerLessBlocking.java:193) - Global results retrieved in getEdges 10ms.
 INFO 2016-03-29 11:14:57,892 [main] (ParallelMetaProducerLessBlocking.java:61) - Searching for edge : ?departement igeo:nom ?nom
 INFO 2016-03-29 11:14:57,892 [main] (ParallelMetaProducerLessBlocking.java:193) - Global results retrieved in getEdges 0ms.
 INFO 2016-03-29 11:14:57,892 [main] (Eval.java:2158) - 
	Get EDGE in 0ms.  
	FOR EDGE{?departement igeo:nom ?nom}

 INFO 2016-03-29 11:14:57,892 [main] (ParallelMetaProducerLessBlocking.java:61) - Searching for edge : ?departement igeo:nom ?nom
 INFO 2016-03-29 11:14:57,892 [main] (ParallelMetaProducerLessBlocking.java:193) - Global results retrieved in getEdges 0ms.
 INFO 2016-03-29 11:14:57,893 [main] (Eval.java:2158) - 
	Get EDGE in 1ms.  
	FOR EDGE{?departement igeo:nom ?nom}

 INFO 2016-03-29 11:14:57,893 [main] (ParallelMetaProducerLessBlocking.java:61) - Searching for edge : ?departement igeo:nom ?nom
 INFO 2016-03-29 11:14:57,893 [main] (ParallelMetaProducerLessBlocking.java:193) - Global results retrieved in getEdges 0ms.
 INFO 2016-03-29 11:14:57,893 [main] (Eval.java:2158) - 
	Get EDGE in 0ms.  
	FOR EDGE{?departement igeo:nom ?nom}

 INFO 2016-03-29 11:14:57,893 [main] (Eval.java:2158) - 
	Get EDGE in 12ms.  
	FOR EDGE{?region igeo:subdivisionDirecte ?departement}

 INFO 2016-03-29 11:14:57,893 [main] (ParallelMetaProducerLessBlocking.java:61) - Searching for edge : ?region igeo:subdivisionDirecte ?departement
 INFO 2016-03-29 11:14:57,894 [pool-53-thread-1] (CallableResult.java:52) - CallableResult for GetEdge
 INFO 2016-03-29 11:14:57,894 [pool-53-thread-2] (CallableResult.java:52) - CallableResult for GetEdge
 INFO 2016-03-29 11:14:57,906 [pool-53-thread-2] (CallableResult.java:63) - Finished CallableResult in 12 ms.
 INFO 2016-03-29 11:14:57,907 [pool-53-thread-1] (CallableResult.java:63) - Finished CallableResult in 13 ms.
 INFO 2016-03-29 11:14:57,908 [main] (ParallelMetaProducerLessBlocking.java:193) - Global results retrieved in getEdges 14ms.
 INFO 2016-03-29 11:14:57,909 [main] (ParallelMetaProducerLessBlocking.java:61) - Searching for edge : ?departement igeo:nom ?nom
 INFO 2016-03-29 11:14:57,909 [main] (ParallelMetaProducerLessBlocking.java:193) - Global results retrieved in getEdges 0ms.
 INFO 2016-03-29 11:14:57,909 [main] (Eval.java:2158) - 
	Get EDGE in 0ms.  
	FOR EDGE{?departement igeo:nom ?nom}

 INFO 2016-03-29 11:14:57,909 [main] (ParallelMetaProducerLessBlocking.java:61) - Searching for edge : ?departement igeo:nom ?nom
 INFO 2016-03-29 11:14:57,910 [main] (ParallelMetaProducerLessBlocking.java:193) - Global results retrieved in getEdges 0ms.
 INFO 2016-03-29 11:14:57,910 [main] (Eval.java:2158) - 
	Get EDGE in 1ms.  
	FOR EDGE{?departement igeo:nom ?nom}

 INFO 2016-03-29 11:14:57,910 [main] (ParallelMetaProducerLessBlocking.java:61) - Searching for edge : ?departement igeo:nom ?nom
 INFO 2016-03-29 11:14:57,910 [main] (ParallelMetaProducerLessBlocking.java:193) - Global results retrieved in getEdges 0ms.
 INFO 2016-03-29 11:14:57,911 [main] (Eval.java:2158) - 
	Get EDGE in 1ms.  
	FOR EDGE{?departement igeo:nom ?nom}

 INFO 2016-03-29 11:14:57,911 [main] (ParallelMetaProducerLessBlocking.java:61) - Searching for edge : ?departement igeo:nom ?nom
 INFO 2016-03-29 11:14:57,911 [main] (ParallelMetaProducerLessBlocking.java:193) - Global results retrieved in getEdges 0ms.
 INFO 2016-03-29 11:14:57,911 [main] (Eval.java:2158) - 
	Get EDGE in 0ms.  
	FOR EDGE{?departement igeo:nom ?nom}

 INFO 2016-03-29 11:14:57,912 [main] (ParallelMetaProducerLessBlocking.java:61) - Searching for edge : ?departement igeo:nom ?nom
 INFO 2016-03-29 11:14:57,912 [main] (ParallelMetaProducerLessBlocking.java:193) - Global results retrieved in getEdges 0ms.
 INFO 2016-03-29 11:14:57,912 [main] (Eval.java:2158) - 
	Get EDGE in 0ms.  
	FOR EDGE{?departement igeo:nom ?nom}

 INFO 2016-03-29 11:14:57,912 [main] (ParallelMetaProducerLessBlocking.java:61) - Searching for edge : ?departement igeo:nom ?nom
 INFO 2016-03-29 11:14:57,912 [main] (ParallelMetaProducerLessBlocking.java:193) - Global results retrieved in getEdges 0ms.
 INFO 2016-03-29 11:14:57,913 [main] (Eval.java:2158) - 
	Get EDGE in 1ms.  
	FOR EDGE{?departement igeo:nom ?nom}

 INFO 2016-03-29 11:14:57,913 [main] (Eval.java:2158) - 
	Get EDGE in 20ms.  
	FOR EDGE{?region igeo:subdivisionDirecte ?departement}

 INFO 2016-03-29 11:14:57,913 [main] (ParallelMetaProducerLessBlocking.java:61) - Searching for edge : ?region igeo:subdivisionDirecte ?departement
 INFO 2016-03-29 11:14:57,914 [pool-60-thread-1] (CallableResult.java:52) - CallableResult for GetEdge
 INFO 2016-03-29 11:14:57,916 [pool-60-thread-2] (CallableResult.java:52) - CallableResult for GetEdge
 INFO 2016-03-29 11:14:57,923 [pool-60-thread-2] (CallableResult.java:63) - Finished CallableResult in 7 ms.
 INFO 2016-03-29 11:14:57,923 [pool-60-thread-1] (CallableResult.java:63) - Finished CallableResult in 9 ms.
 INFO 2016-03-29 11:14:57,923 [main] (ParallelMetaProducerLessBlocking.java:193) - Global results retrieved in getEdges 7ms.
 INFO 2016-03-29 11:14:57,924 [main] (ParallelMetaProducerLessBlocking.java:61) - Searching for edge : ?departement igeo:nom ?nom
 INFO 2016-03-29 11:14:57,924 [main] (ParallelMetaProducerLessBlocking.java:193) - Global results retrieved in getEdges 0ms.
 INFO 2016-03-29 11:14:57,924 [main] (Eval.java:2158) - 
	Get EDGE in 0ms.  
	FOR EDGE{?departement igeo:nom ?nom}

 INFO 2016-03-29 11:14:57,924 [main] (ParallelMetaProducerLessBlocking.java:61) - Searching for edge : ?departement igeo:nom ?nom
 INFO 2016-03-29 11:14:57,924 [main] (ParallelMetaProducerLessBlocking.java:193) - Global results retrieved in getEdges 0ms.
 INFO 2016-03-29 11:14:57,924 [main] (Eval.java:2158) - 
	Get EDGE in 0ms.  
	FOR EDGE{?departement igeo:nom ?nom}

 INFO 2016-03-29 11:14:57,925 [main] (Eval.java:2158) - 
	Get EDGE in 12ms.  
	FOR EDGE{?region igeo:subdivisionDirecte ?departement}

 INFO 2016-03-29 11:14:57,925 [main] (ParallelMetaProducerLessBlocking.java:61) - Searching for edge : ?region igeo:subdivisionDirecte ?departement
 INFO 2016-03-29 11:14:57,925 [pool-63-thread-2] (CallableResult.java:52) - CallableResult for GetEdge
 INFO 2016-03-29 11:14:57,925 [pool-63-thread-1] (CallableResult.java:52) - CallableResult for GetEdge
 INFO 2016-03-29 11:14:57,938 [pool-63-thread-2] (CallableResult.java:63) - Finished CallableResult in 13 ms.
 INFO 2016-03-29 11:14:57,939 [pool-63-thread-1] (CallableResult.java:63) - Finished CallableResult in 14 ms.
 INFO 2016-03-29 11:14:57,939 [main] (ParallelMetaProducerLessBlocking.java:193) - Global results retrieved in getEdges 14ms.
 INFO 2016-03-29 11:14:57,940 [main] (ParallelMetaProducerLessBlocking.java:61) - Searching for edge : ?departement igeo:nom ?nom
 INFO 2016-03-29 11:14:57,940 [main] (ParallelMetaProducerLessBlocking.java:193) - Global results retrieved in getEdges 0ms.
 INFO 2016-03-29 11:14:57,940 [main] (Eval.java:2158) - 
	Get EDGE in 0ms.  
	FOR EDGE{?departement igeo:nom ?nom}

 INFO 2016-03-29 11:14:57,940 [main] (ParallelMetaProducerLessBlocking.java:61) - Searching for edge : ?departement igeo:nom ?nom
 INFO 2016-03-29 11:14:57,940 [main] (ParallelMetaProducerLessBlocking.java:193) - Global results retrieved in getEdges 0ms.
 INFO 2016-03-29 11:14:57,940 [main] (Eval.java:2158) - 
	Get EDGE in 0ms.  
	FOR EDGE{?departement igeo:nom ?nom}

 INFO 2016-03-29 11:14:57,941 [main] (ParallelMetaProducerLessBlocking.java:61) - Searching for edge : ?departement igeo:nom ?nom
 INFO 2016-03-29 11:14:57,941 [main] (ParallelMetaProducerLessBlocking.java:193) - Global results retrieved in getEdges 0ms.
 INFO 2016-03-29 11:14:57,941 [main] (Eval.java:2158) - 
	Get EDGE in 0ms.  
	FOR EDGE{?departement igeo:nom ?nom}

 INFO 2016-03-29 11:14:57,941 [main] (ParallelMetaProducerLessBlocking.java:61) - Searching for edge : ?departement igeo:nom ?nom
 INFO 2016-03-29 11:14:57,941 [main] (ParallelMetaProducerLessBlocking.java:193) - Global results retrieved in getEdges 0ms.
 INFO 2016-03-29 11:14:57,941 [main] (Eval.java:2158) - 
	Get EDGE in 0ms.  
	FOR EDGE{?departement igeo:nom ?nom}

 INFO 2016-03-29 11:14:57,942 [main] (Eval.java:2158) - 
	Get EDGE in 17ms.  
	FOR EDGE{?region igeo:subdivisionDirecte ?departement}

 INFO 2016-03-29 11:14:57,942 [main] (ParallelMetaProducerLessBlocking.java:61) - Searching for edge : ?region igeo:subdivisionDirecte ?departement
 INFO 2016-03-29 11:14:57,942 [pool-68-thread-1] (CallableResult.java:52) - CallableResult for GetEdge
 INFO 2016-03-29 11:14:57,942 [pool-68-thread-2] (CallableResult.java:52) - CallableResult for GetEdge
 INFO 2016-03-29 11:14:57,953 [pool-68-thread-1] (CallableResult.java:63) - Finished CallableResult in 11 ms.
 INFO 2016-03-29 11:14:57,953 [pool-68-thread-2] (CallableResult.java:63) - Finished CallableResult in 11 ms.
 INFO 2016-03-29 11:14:57,954 [main] (ParallelMetaProducerLessBlocking.java:193) - Global results retrieved in getEdges 12ms.
 INFO 2016-03-29 11:14:57,954 [main] (ParallelMetaProducerLessBlocking.java:61) - Searching for edge : ?departement igeo:nom ?nom
 INFO 2016-03-29 11:14:57,954 [main] (ParallelMetaProducerLessBlocking.java:193) - Global results retrieved in getEdges 0ms.
 INFO 2016-03-29 11:14:57,954 [main] (Eval.java:2158) - 
	Get EDGE in 0ms.  
	FOR EDGE{?departement igeo:nom ?nom}

 INFO 2016-03-29 11:14:57,954 [main] (ParallelMetaProducerLessBlocking.java:61) - Searching for edge : ?departement igeo:nom ?nom
 INFO 2016-03-29 11:14:57,955 [main] (ParallelMetaProducerLessBlocking.java:193) - Global results retrieved in getEdges 0ms.
 INFO 2016-03-29 11:14:57,955 [main] (Eval.java:2158) - 
	Get EDGE in 1ms.  
	FOR EDGE{?departement igeo:nom ?nom}

 INFO 2016-03-29 11:14:57,955 [main] (ParallelMetaProducerLessBlocking.java:61) - Searching for edge : ?departement igeo:nom ?nom
 INFO 2016-03-29 11:14:57,955 [main] (ParallelMetaProducerLessBlocking.java:193) - Global results retrieved in getEdges 0ms.
 INFO 2016-03-29 11:14:57,955 [main] (Eval.java:2158) - 
	Get EDGE in 0ms.  
	FOR EDGE{?departement igeo:nom ?nom}

 INFO 2016-03-29 11:14:57,955 [main] (ParallelMetaProducerLessBlocking.java:61) - Searching for edge : ?departement igeo:nom ?nom
 INFO 2016-03-29 11:14:57,956 [main] (ParallelMetaProducerLessBlocking.java:193) - Global results retrieved in getEdges 0ms.
 INFO 2016-03-29 11:14:57,956 [main] (Eval.java:2158) - 
	Get EDGE in 1ms.  
	FOR EDGE{?departement igeo:nom ?nom}

 INFO 2016-03-29 11:14:57,956 [main] (Eval.java:2158) - 
	Get EDGE in 14ms.  
	FOR EDGE{?region igeo:subdivisionDirecte ?departement}

 INFO 2016-03-29 11:14:57,956 [main] (ParallelMetaProducerLessBlocking.java:61) - Searching for edge : ?region igeo:subdivisionDirecte ?departement
 INFO 2016-03-29 11:14:57,956 [pool-73-thread-1] (CallableResult.java:52) - CallableResult for GetEdge
 INFO 2016-03-29 11:14:57,956 [pool-73-thread-2] (CallableResult.java:52) - CallableResult for GetEdge
 INFO 2016-03-29 11:14:57,966 [pool-73-thread-1] (CallableResult.java:63) - Finished CallableResult in 10 ms.
 INFO 2016-03-29 11:14:57,966 [pool-73-thread-2] (CallableResult.java:63) - Finished CallableResult in 10 ms.
 INFO 2016-03-29 11:14:57,966 [main] (ParallelMetaProducerLessBlocking.java:193) - Global results retrieved in getEdges 10ms.
 INFO 2016-03-29 11:14:57,967 [main] (ParallelMetaProducerLessBlocking.java:61) - Searching for edge : ?departement igeo:nom ?nom
 INFO 2016-03-29 11:14:57,967 [main] (ParallelMetaProducerLessBlocking.java:193) - Global results retrieved in getEdges 0ms.
 INFO 2016-03-29 11:14:57,967 [main] (Eval.java:2158) - 
	Get EDGE in 0ms.  
	FOR EDGE{?departement igeo:nom ?nom}

 INFO 2016-03-29 11:14:57,967 [main] (ParallelMetaProducerLessBlocking.java:61) - Searching for edge : ?departement igeo:nom ?nom
 INFO 2016-03-29 11:14:57,967 [main] (ParallelMetaProducerLessBlocking.java:193) - Global results retrieved in getEdges 0ms.
 INFO 2016-03-29 11:14:57,968 [main] (Eval.java:2158) - 
	Get EDGE in 1ms.  
	FOR EDGE{?departement igeo:nom ?nom}

 INFO 2016-03-29 11:14:57,968 [main] (ParallelMetaProducerLessBlocking.java:61) - Searching for edge : ?departement igeo:nom ?nom
 INFO 2016-03-29 11:14:57,968 [main] (ParallelMetaProducerLessBlocking.java:193) - Global results retrieved in getEdges 0ms.
 INFO 2016-03-29 11:14:57,968 [main] (Eval.java:2158) - 
	Get EDGE in 0ms.  
	FOR EDGE{?departement igeo:nom ?nom}

 INFO 2016-03-29 11:14:57,968 [main] (Eval.java:2158) - 
	Get EDGE in 12ms.  
	FOR EDGE{?region igeo:subdivisionDirecte ?departement}

 INFO 2016-03-29 11:14:57,969 [main] (ParallelMetaProducerLessBlocking.java:61) - Searching for edge : ?region igeo:subdivisionDirecte ?departement
 INFO 2016-03-29 11:14:57,969 [pool-77-thread-1] (CallableResult.java:52) - CallableResult for GetEdge
 INFO 2016-03-29 11:14:57,969 [pool-77-thread-2] (CallableResult.java:52) - CallableResult for GetEdge
 INFO 2016-03-29 11:14:57,978 [pool-77-thread-2] (CallableResult.java:63) - Finished CallableResult in 9 ms.
 INFO 2016-03-29 11:14:57,979 [pool-77-thread-1] (CallableResult.java:63) - Finished CallableResult in 10 ms.
 INFO 2016-03-29 11:14:57,980 [main] (ParallelMetaProducerLessBlocking.java:193) - Global results retrieved in getEdges 11ms.
 INFO 2016-03-29 11:14:57,980 [main] (ParallelMetaProducerLessBlocking.java:61) - Searching for edge : ?departement igeo:nom ?nom
 INFO 2016-03-29 11:14:57,980 [main] (ParallelMetaProducerLessBlocking.java:193) - Global results retrieved in getEdges 0ms.
 INFO 2016-03-29 11:14:57,980 [main] (Eval.java:2158) - 
	Get EDGE in 0ms.  
	FOR EDGE{?departement igeo:nom ?nom}

 INFO 2016-03-29 11:14:57,981 [main] (ParallelMetaProducerLessBlocking.java:61) - Searching for edge : ?departement igeo:nom ?nom
 INFO 2016-03-29 11:14:57,981 [main] (ParallelMetaProducerLessBlocking.java:193) - Global results retrieved in getEdges 0ms.
 INFO 2016-03-29 11:14:57,981 [main] (Eval.java:2158) - 
	Get EDGE in 0ms.  
	FOR EDGE{?departement igeo:nom ?nom}

 INFO 2016-03-29 11:14:57,981 [main] (ParallelMetaProducerLessBlocking.java:61) - Searching for edge : ?departement igeo:nom ?nom
 INFO 2016-03-29 11:14:57,981 [main] (ParallelMetaProducerLessBlocking.java:193) - Global results retrieved in getEdges 0ms.
 INFO 2016-03-29 11:14:57,982 [main] (Eval.java:2158) - 
	Get EDGE in 1ms.  
	FOR EDGE{?departement igeo:nom ?nom}

 INFO 2016-03-29 11:14:57,982 [main] (ParallelMetaProducerLessBlocking.java:61) - Searching for edge : ?departement igeo:nom ?nom
 INFO 2016-03-29 11:14:57,982 [main] (ParallelMetaProducerLessBlocking.java:193) - Global results retrieved in getEdges 0ms.
 INFO 2016-03-29 11:14:57,982 [main] (Eval.java:2158) - 
	Get EDGE in 0ms.  
	FOR EDGE{?departement igeo:nom ?nom}

 INFO 2016-03-29 11:14:57,982 [main] (Eval.java:2158) - 
	Get EDGE in 13ms.  
	FOR EDGE{?region igeo:subdivisionDirecte ?departement}

 INFO 2016-03-29 11:14:57,983 [main] (ParallelMetaProducerLessBlocking.java:61) - Searching for edge : ?region igeo:subdivisionDirecte ?departement
 INFO 2016-03-29 11:14:57,983 [pool-82-thread-1] (CallableResult.java:52) - CallableResult for GetEdge
 INFO 2016-03-29 11:14:57,983 [pool-82-thread-2] (CallableResult.java:52) - CallableResult for GetEdge
 INFO 2016-03-29 11:14:57,996 [pool-82-thread-1] (CallableResult.java:63) - Finished CallableResult in 13 ms.
 INFO 2016-03-29 11:14:57,998 [pool-82-thread-2] (CallableResult.java:63) - Finished CallableResult in 15 ms.
 INFO 2016-03-29 11:14:57,999 [main] (ParallelMetaProducerLessBlocking.java:193) - Global results retrieved in getEdges 16ms.
 INFO 2016-03-29 11:14:58,000 [main] (ParallelMetaProducerLessBlocking.java:61) - Searching for edge : ?departement igeo:nom ?nom
 INFO 2016-03-29 11:14:58,000 [main] (ParallelMetaProducerLessBlocking.java:193) - Global results retrieved in getEdges 0ms.
 INFO 2016-03-29 11:14:58,000 [main] (Eval.java:2158) - 
	Get EDGE in 1ms.  
	FOR EDGE{?departement igeo:nom ?nom}

 INFO 2016-03-29 11:14:58,000 [main] (ParallelMetaProducerLessBlocking.java:61) - Searching for edge : ?departement igeo:nom ?nom
 INFO 2016-03-29 11:14:58,000 [main] (ParallelMetaProducerLessBlocking.java:193) - Global results retrieved in getEdges 0ms.
 INFO 2016-03-29 11:14:58,001 [main] (Eval.java:2158) - 
	Get EDGE in 1ms.  
	FOR EDGE{?departement igeo:nom ?nom}

 INFO 2016-03-29 11:14:58,001 [main] (ParallelMetaProducerLessBlocking.java:61) - Searching for edge : ?departement igeo:nom ?nom
 INFO 2016-03-29 11:14:58,001 [main] (ParallelMetaProducerLessBlocking.java:193) - Global results retrieved in getEdges 0ms.
 INFO 2016-03-29 11:14:58,001 [main] (Eval.java:2158) - 
	Get EDGE in 0ms.  
	FOR EDGE{?departement igeo:nom ?nom}

 INFO 2016-03-29 11:14:58,001 [main] (ParallelMetaProducerLessBlocking.java:61) - Searching for edge : ?departement igeo:nom ?nom
 INFO 2016-03-29 11:14:58,001 [main] (ParallelMetaProducerLessBlocking.java:193) - Global results retrieved in getEdges 0ms.
 INFO 2016-03-29 11:14:58,001 [main] (Eval.java:2158) - 
	Get EDGE in 0ms.  
	FOR EDGE{?departement igeo:nom ?nom}

 INFO 2016-03-29 11:14:58,001 [main] (ParallelMetaProducerLessBlocking.java:61) - Searching for edge : ?departement igeo:nom ?nom
 INFO 2016-03-29 11:14:58,002 [main] (ParallelMetaProducerLessBlocking.java:193) - Global results retrieved in getEdges 0ms.
 INFO 2016-03-29 11:14:58,002 [main] (Eval.java:2158) - 
	Get EDGE in 1ms.  
	FOR EDGE{?departement igeo:nom ?nom}

 INFO 2016-03-29 11:14:58,002 [main] (Eval.java:2158) - 
	Get EDGE in 19ms.  
	FOR EDGE{?region igeo:subdivisionDirecte ?departement}

 INFO 2016-03-29 11:14:58,002 [main] (ParallelMetaProducerLessBlocking.java:61) - Searching for edge : ?region igeo:subdivisionDirecte ?departement
 INFO 2016-03-29 11:14:58,002 [pool-88-thread-1] (CallableResult.java:52) - CallableResult for GetEdge
 INFO 2016-03-29 11:14:58,002 [pool-88-thread-2] (CallableResult.java:52) - CallableResult for GetEdge
 INFO 2016-03-29 11:14:58,012 [pool-88-thread-1] (CallableResult.java:63) - Finished CallableResult in 10 ms.
 INFO 2016-03-29 11:14:58,014 [pool-88-thread-2] (CallableResult.java:63) - Finished CallableResult in 12 ms.
 INFO 2016-03-29 11:14:58,014 [main] (ParallelMetaProducerLessBlocking.java:193) - Global results retrieved in getEdges 12ms.
 INFO 2016-03-29 11:14:58,014 [main] (ParallelMetaProducerLessBlocking.java:61) - Searching for edge : ?departement igeo:nom ?nom
 INFO 2016-03-29 11:14:58,015 [main] (ParallelMetaProducerLessBlocking.java:193) - Global results retrieved in getEdges 0ms.
 INFO 2016-03-29 11:14:58,015 [main] (Eval.java:2158) - 
	Get EDGE in 1ms.  
	FOR EDGE{?departement igeo:nom ?nom}

 INFO 2016-03-29 11:14:58,015 [main] (ParallelMetaProducerLessBlocking.java:61) - Searching for edge : ?departement igeo:nom ?nom
 INFO 2016-03-29 11:14:58,015 [main] (ParallelMetaProducerLessBlocking.java:193) - Global results retrieved in getEdges 0ms.
 INFO 2016-03-29 11:14:58,015 [main] (Eval.java:2158) - 
	Get EDGE in 0ms.  
	FOR EDGE{?departement igeo:nom ?nom}

 INFO 2016-03-29 11:14:58,015 [main] (ParallelMetaProducerLessBlocking.java:61) - Searching for edge : ?departement igeo:nom ?nom
 INFO 2016-03-29 11:14:58,016 [main] (ParallelMetaProducerLessBlocking.java:193) - Global results retrieved in getEdges 0ms.
 INFO 2016-03-29 11:14:58,016 [main] (Eval.java:2158) - 
	Get EDGE in 1ms.  
	FOR EDGE{?departement igeo:nom ?nom}

 INFO 2016-03-29 11:14:58,016 [main] (ParallelMetaProducerLessBlocking.java:61) - Searching for edge : ?departement igeo:nom ?nom
 INFO 2016-03-29 11:14:58,016 [main] (ParallelMetaProducerLessBlocking.java:193) - Global results retrieved in getEdges 0ms.
 INFO 2016-03-29 11:14:58,016 [main] (Eval.java:2158) - 
	Get EDGE in 0ms.  
	FOR EDGE{?departement igeo:nom ?nom}

 INFO 2016-03-29 11:14:58,016 [main] (Eval.java:2158) - 
	Get EDGE in 14ms.  
	FOR EDGE{?region igeo:subdivisionDirecte ?departement}

 INFO 2016-03-29 11:14:58,017 [main] (ParallelMetaProducerLessBlocking.java:61) - Searching for edge : ?region igeo:subdivisionDirecte ?departement
 INFO 2016-03-29 11:14:58,017 [pool-93-thread-1] (CallableResult.java:52) - CallableResult for GetEdge
 INFO 2016-03-29 11:14:58,018 [pool-93-thread-2] (CallableResult.java:52) - CallableResult for GetEdge
 INFO 2016-03-29 11:14:58,037 [pool-93-thread-1] (CallableResult.java:63) - Finished CallableResult in 20 ms.
 INFO 2016-03-29 11:14:58,049 [pool-93-thread-2] (CallableResult.java:63) - Finished CallableResult in 31 ms.
 INFO 2016-03-29 11:14:58,050 [main] (ParallelMetaProducerLessBlocking.java:193) - Global results retrieved in getEdges 32ms.
 INFO 2016-03-29 11:14:58,051 [main] (ParallelMetaProducerLessBlocking.java:61) - Searching for edge : ?departement igeo:nom ?nom
 INFO 2016-03-29 11:14:58,051 [main] (ParallelMetaProducerLessBlocking.java:193) - Global results retrieved in getEdges 0ms.
 INFO 2016-03-29 11:14:58,051 [main] (Eval.java:2158) - 
	Get EDGE in 1ms.  
	FOR EDGE{?departement igeo:nom ?nom}

 INFO 2016-03-29 11:14:58,051 [main] (ParallelMetaProducerLessBlocking.java:61) - Searching for edge : ?departement igeo:nom ?nom
 INFO 2016-03-29 11:14:58,051 [main] (ParallelMetaProducerLessBlocking.java:193) - Global results retrieved in getEdges 0ms.
 INFO 2016-03-29 11:14:58,052 [main] (Eval.java:2158) - 
	Get EDGE in 1ms.  
	FOR EDGE{?departement igeo:nom ?nom}

 INFO 2016-03-29 11:14:58,052 [main] (ParallelMetaProducerLessBlocking.java:61) - Searching for edge : ?departement igeo:nom ?nom
 INFO 2016-03-29 11:14:58,052 [main] (ParallelMetaProducerLessBlocking.java:193) - Global results retrieved in getEdges 0ms.
 INFO 2016-03-29 11:14:58,052 [main] (Eval.java:2158) - 
	Get EDGE in 0ms.  
	FOR EDGE{?departement igeo:nom ?nom}

 INFO 2016-03-29 11:14:58,052 [main] (ParallelMetaProducerLessBlocking.java:61) - Searching for edge : ?departement igeo:nom ?nom
 INFO 2016-03-29 11:14:58,053 [main] (ParallelMetaProducerLessBlocking.java:193) - Global results retrieved in getEdges 0ms.
 INFO 2016-03-29 11:14:58,053 [main] (Eval.java:2158) - 
	Get EDGE in 1ms.  
	FOR EDGE{?departement igeo:nom ?nom}

 INFO 2016-03-29 11:14:58,053 [main] (ParallelMetaProducerLessBlocking.java:61) - Searching for edge : ?departement igeo:nom ?nom
 INFO 2016-03-29 11:14:58,053 [main] (ParallelMetaProducerLessBlocking.java:193) - Global results retrieved in getEdges 0ms.
 INFO 2016-03-29 11:14:58,054 [main] (Eval.java:2158) - 
	Get EDGE in 1ms.  
	FOR EDGE{?departement igeo:nom ?nom}

 INFO 2016-03-29 11:14:58,054 [main] (ParallelMetaProducerLessBlocking.java:61) - Searching for edge : ?departement igeo:nom ?nom
 INFO 2016-03-29 11:14:58,054 [main] (ParallelMetaProducerLessBlocking.java:193) - Global results retrieved in getEdges 0ms.
 INFO 2016-03-29 11:14:58,054 [main] (Eval.java:2158) - 
	Get EDGE in 0ms.  
	FOR EDGE{?departement igeo:nom ?nom}

 INFO 2016-03-29 11:14:58,054 [main] (ParallelMetaProducerLessBlocking.java:61) - Searching for edge : ?departement igeo:nom ?nom
 INFO 2016-03-29 11:14:58,054 [main] (ParallelMetaProducerLessBlocking.java:193) - Global results retrieved in getEdges 0ms.
 INFO 2016-03-29 11:14:58,054 [main] (Eval.java:2158) - 
	Get EDGE in 0ms.  
	FOR EDGE{?departement igeo:nom ?nom}

 INFO 2016-03-29 11:14:58,055 [main] (ParallelMetaProducerLessBlocking.java:61) - Searching for edge : ?departement igeo:nom ?nom
 INFO 2016-03-29 11:14:58,055 [main] (ParallelMetaProducerLessBlocking.java:193) - Global results retrieved in getEdges 0ms.
 INFO 2016-03-29 11:14:58,055 [main] (Eval.java:2158) - 
	Get EDGE in 0ms.  
	FOR EDGE{?departement igeo:nom ?nom}

 INFO 2016-03-29 11:14:58,055 [main] (Eval.java:2158) - 
	Get EDGE in 38ms.  
	FOR EDGE{?region igeo:subdivisionDirecte ?departement}

 INFO 2016-03-29 11:14:58,055 [main] (ParallelMetaProducerLessBlocking.java:61) - Searching for edge : ?region igeo:subdivisionDirecte ?departement
 INFO 2016-03-29 11:14:58,055 [pool-102-thread-1] (CallableResult.java:52) - CallableResult for GetEdge
 INFO 2016-03-29 11:14:58,055 [pool-102-thread-2] (CallableResult.java:52) - CallableResult for GetEdge
 INFO 2016-03-29 11:14:58,060 [pool-102-thread-1] (CallableResult.java:63) - Finished CallableResult in 5 ms.
 INFO 2016-03-29 11:14:58,060 [pool-102-thread-2] (CallableResult.java:63) - Finished CallableResult in 5 ms.
 INFO 2016-03-29 11:14:58,061 [main] (ParallelMetaProducerLessBlocking.java:193) - Global results retrieved in getEdges 6ms.
 INFO 2016-03-29 11:14:58,061 [main] (ParallelMetaProducerLessBlocking.java:61) - Searching for edge : ?departement igeo:nom ?nom
 INFO 2016-03-29 11:14:58,061 [main] (ParallelMetaProducerLessBlocking.java:193) - Global results retrieved in getEdges 0ms.
 INFO 2016-03-29 11:14:58,061 [main] (Eval.java:2158) - 
	Get EDGE in 0ms.  
	FOR EDGE{?departement igeo:nom ?nom}

 INFO 2016-03-29 11:14:58,062 [main] (Eval.java:2158) - 
	Get EDGE in 7ms.  
	FOR EDGE{?region igeo:subdivisionDirecte ?departement}

 INFO 2016-03-29 11:14:58,062 [main] (ParallelMetaProducerLessBlocking.java:61) - Searching for edge : ?region igeo:subdivisionDirecte ?departement
 INFO 2016-03-29 11:14:58,062 [pool-104-thread-1] (CallableResult.java:52) - CallableResult for GetEdge
 INFO 2016-03-29 11:14:58,062 [pool-104-thread-2] (CallableResult.java:52) - CallableResult for GetEdge
 INFO 2016-03-29 11:14:58,068 [pool-104-thread-1] (CallableResult.java:63) - Finished CallableResult in 6 ms.
 INFO 2016-03-29 11:14:58,069 [pool-104-thread-2] (CallableResult.java:63) - Finished CallableResult in 7 ms.
 INFO 2016-03-29 11:14:58,069 [main] (ParallelMetaProducerLessBlocking.java:193) - Global results retrieved in getEdges 7ms.
 INFO 2016-03-29 11:14:58,070 [main] (ParallelMetaProducerLessBlocking.java:61) - Searching for edge : ?departement igeo:nom ?nom
 INFO 2016-03-29 11:14:58,070 [main] (ParallelMetaProducerLessBlocking.java:193) - Global results retrieved in getEdges 0ms.
 INFO 2016-03-29 11:14:58,070 [main] (Eval.java:2158) - 
	Get EDGE in 0ms.  
	FOR EDGE{?departement igeo:nom ?nom}

 INFO 2016-03-29 11:14:58,070 [main] (Eval.java:2158) - 
	Get EDGE in 8ms.  
	FOR EDGE{?region igeo:subdivisionDirecte ?departement}

 INFO 2016-03-29 11:14:58,070 [main] (ParallelMetaProducerLessBlocking.java:61) - Searching for edge : ?region igeo:subdivisionDirecte ?departement
 INFO 2016-03-29 11:14:58,071 [pool-106-thread-1] (CallableResult.java:52) - CallableResult for GetEdge
 INFO 2016-03-29 11:14:58,071 [pool-106-thread-2] (CallableResult.java:52) - CallableResult for GetEdge
 INFO 2016-03-29 11:14:58,111 [pool-106-thread-1] (CallableResult.java:63) - Finished CallableResult in 40 ms.
 INFO 2016-03-29 11:14:58,111 [pool-106-thread-2] (CallableResult.java:63) - Finished CallableResult in 40 ms.
 INFO 2016-03-29 11:14:58,112 [main] (ParallelMetaProducerLessBlocking.java:193) - Global results retrieved in getEdges 41ms.
 INFO 2016-03-29 11:14:58,112 [main] (ParallelMetaProducerLessBlocking.java:61) - Searching for edge : ?departement igeo:nom ?nom
 INFO 2016-03-29 11:14:58,113 [main] (ParallelMetaProducerLessBlocking.java:193) - Global results retrieved in getEdges 0ms.
 INFO 2016-03-29 11:14:58,115 [main] (Eval.java:2158) - 
	Get EDGE in 1ms.  
	FOR EDGE{?departement igeo:nom ?nom}

 INFO 2016-03-29 11:14:58,115 [main] (Eval.java:2158) - 
	Get EDGE in 45ms.  
	FOR EDGE{?region igeo:subdivisionDirecte ?departement}

 INFO 2016-03-29 11:14:58,116 [main] (ParallelMetaProducerLessBlocking.java:61) - Searching for edge : ?region igeo:subdivisionDirecte ?departement
 INFO 2016-03-29 11:14:58,116 [pool-108-thread-1] (CallableResult.java:52) - CallableResult for GetEdge
 INFO 2016-03-29 11:14:58,116 [pool-108-thread-2] (CallableResult.java:52) - CallableResult for GetEdge
 INFO 2016-03-29 11:14:58,121 [pool-108-thread-2] (CallableResult.java:63) - Finished CallableResult in 5 ms.
 INFO 2016-03-29 11:14:58,121 [pool-108-thread-1] (CallableResult.java:63) - Finished CallableResult in 5 ms.
 INFO 2016-03-29 11:14:58,122 [main] (ParallelMetaProducerLessBlocking.java:193) - Global results retrieved in getEdges 6ms.
 INFO 2016-03-29 11:14:58,122 [main] (ParallelMetaProducerLessBlocking.java:61) - Searching for edge : ?departement igeo:nom ?nom
 INFO 2016-03-29 11:14:58,122 [main] (ParallelMetaProducerLessBlocking.java:193) - Global results retrieved in getEdges 0ms.
 INFO 2016-03-29 11:14:58,122 [main] (Eval.java:2158) - 
	Get EDGE in 0ms.  
	FOR EDGE{?departement igeo:nom ?nom}

 INFO 2016-03-29 11:14:58,123 [main] (Eval.java:2158) - 
	Get EDGE in 7ms.  
	FOR EDGE{?region igeo:subdivisionDirecte ?departement}

 INFO 2016-03-29 11:14:58,123 [main] (ParallelMetaProducerLessBlocking.java:61) - Searching for edge : ?region igeo:subdivisionDirecte ?departement
 INFO 2016-03-29 11:14:58,124 [pool-110-thread-2] (CallableResult.java:52) - CallableResult for GetEdge
 INFO 2016-03-29 11:14:58,124 [pool-110-thread-1] (CallableResult.java:52) - CallableResult for GetEdge
 INFO 2016-03-29 11:14:58,130 [pool-110-thread-2] (CallableResult.java:63) - Finished CallableResult in 6 ms.
 INFO 2016-03-29 11:14:58,130 [pool-110-thread-1] (CallableResult.java:63) - Finished CallableResult in 6 ms.
 INFO 2016-03-29 11:14:58,131 [main] (ParallelMetaProducerLessBlocking.java:193) - Global results retrieved in getEdges 7ms.
 INFO 2016-03-29 11:14:58,131 [main] (ParallelMetaProducerLessBlocking.java:61) - Searching for edge : ?departement igeo:nom ?nom
 INFO 2016-03-29 11:14:58,131 [main] (ParallelMetaProducerLessBlocking.java:193) - Global results retrieved in getEdges 0ms.
 INFO 2016-03-29 11:14:58,131 [main] (Eval.java:2158) - 
	Get EDGE in 0ms.  
	FOR EDGE{?departement igeo:nom ?nom}

 INFO 2016-03-29 11:14:58,131 [main] (ParallelMetaProducerLessBlocking.java:61) - Searching for edge : ?departement igeo:nom ?nom
 INFO 2016-03-29 11:14:58,132 [main] (ParallelMetaProducerLessBlocking.java:193) - Global results retrieved in getEdges 0ms.
 INFO 2016-03-29 11:14:58,132 [main] (Eval.java:2158) - 
	Get EDGE in 1ms.  
	FOR EDGE{?departement igeo:nom ?nom}

 INFO 2016-03-29 11:14:58,132 [main] (Eval.java:2158) - 
	Get EDGE in 9ms.  
	FOR EDGE{?region igeo:subdivisionDirecte ?departement}

 INFO 2016-03-29 11:14:58,132 [main] (ParallelMetaProducerLessBlocking.java:61) - Searching for edge : ?region igeo:subdivisionDirecte ?departement
 INFO 2016-03-29 11:14:58,133 [pool-113-thread-1] (CallableResult.java:52) - CallableResult for GetEdge
 INFO 2016-03-29 11:14:58,133 [pool-113-thread-2] (CallableResult.java:52) - CallableResult for GetEdge
 INFO 2016-03-29 11:14:58,139 [pool-113-thread-1] (CallableResult.java:63) - Finished CallableResult in 6 ms.
 INFO 2016-03-29 11:14:58,139 [pool-113-thread-2] (CallableResult.java:63) - Finished CallableResult in 6 ms.
 INFO 2016-03-29 11:14:58,140 [main] (ParallelMetaProducerLessBlocking.java:193) - Global results retrieved in getEdges 7ms.
 INFO 2016-03-29 11:14:58,140 [main] (ParallelMetaProducerLessBlocking.java:61) - Searching for edge : ?departement igeo:nom ?nom
 INFO 2016-03-29 11:14:58,140 [main] (ParallelMetaProducerLessBlocking.java:193) - Global results retrieved in getEdges 0ms.
 INFO 2016-03-29 11:14:58,140 [main] (Eval.java:2158) - 
	Get EDGE in 0ms.  
	FOR EDGE{?departement igeo:nom ?nom}

 INFO 2016-03-29 11:14:58,140 [main] (Eval.java:2158) - 
	Get EDGE in 8ms.  
	FOR EDGE{?region igeo:subdivisionDirecte ?departement}

 INFO 2016-03-29 11:14:58,140 [main] (ParallelMetaProducerLessBlocking.java:61) - Searching for edge : ?region igeo:subdivisionDirecte ?departement
 INFO 2016-03-29 11:14:58,141 [pool-115-thread-1] (CallableResult.java:52) - CallableResult for GetEdge
 INFO 2016-03-29 11:14:58,141 [pool-115-thread-2] (CallableResult.java:52) - CallableResult for GetEdge
 INFO 2016-03-29 11:14:58,148 [pool-115-thread-2] (CallableResult.java:63) - Finished CallableResult in 7 ms.
 INFO 2016-03-29 11:14:58,150 [pool-115-thread-1] (CallableResult.java:63) - Finished CallableResult in 9 ms.
 INFO 2016-03-29 11:14:58,150 [main] (ParallelMetaProducerLessBlocking.java:193) - Global results retrieved in getEdges 9ms.
 INFO 2016-03-29 11:14:58,150 [main] (ParallelMetaProducerLessBlocking.java:61) - Searching for edge : ?departement igeo:nom ?nom
 INFO 2016-03-29 11:14:58,150 [main] (ParallelMetaProducerLessBlocking.java:193) - Global results retrieved in getEdges 0ms.
 INFO 2016-03-29 11:14:58,151 [main] (Eval.java:2158) - 
	Get EDGE in 1ms.  
	FOR EDGE{?departement igeo:nom ?nom}

 INFO 2016-03-29 11:14:58,151 [main] (ParallelMetaProducerLessBlocking.java:61) - Searching for edge : ?departement igeo:nom ?nom
 INFO 2016-03-29 11:14:58,151 [main] (ParallelMetaProducerLessBlocking.java:193) - Global results retrieved in getEdges 0ms.
 INFO 2016-03-29 11:14:58,151 [main] (Eval.java:2158) - 
	Get EDGE in 0ms.  
	FOR EDGE{?departement igeo:nom ?nom}

 INFO 2016-03-29 11:14:58,151 [main] (Eval.java:2158) - 
	Get EDGE in 11ms.  
	FOR EDGE{?region igeo:subdivisionDirecte ?departement}

 INFO 2016-03-29 11:14:58,151 [main] (ParallelMetaProducerLessBlocking.java:61) - Searching for edge : ?region igeo:subdivisionDirecte ?departement
 INFO 2016-03-29 11:14:58,152 [pool-118-thread-1] (CallableResult.java:52) - CallableResult for GetEdge
 INFO 2016-03-29 11:14:58,155 [pool-118-thread-2] (CallableResult.java:52) - CallableResult for GetEdge
 INFO 2016-03-29 11:14:58,163 [pool-118-thread-1] (CallableResult.java:63) - Finished CallableResult in 11 ms.
 INFO 2016-03-29 11:14:58,170 [pool-118-thread-2] (CallableResult.java:63) - Finished CallableResult in 15 ms.
 INFO 2016-03-29 11:14:58,171 [main] (ParallelMetaProducerLessBlocking.java:193) - Global results retrieved in getEdges 19ms.
 INFO 2016-03-29 11:14:58,172 [main] (ParallelMetaProducerLessBlocking.java:61) - Searching for edge : ?departement igeo:nom ?nom
 INFO 2016-03-29 11:14:58,172 [main] (ParallelMetaProducerLessBlocking.java:193) - Global results retrieved in getEdges 0ms.
 INFO 2016-03-29 11:14:58,172 [main] (Eval.java:2158) - 
	Get EDGE in 1ms.  
	FOR EDGE{?departement igeo:nom ?nom}

 INFO 2016-03-29 11:14:58,172 [main] (ParallelMetaProducerLessBlocking.java:61) - Searching for edge : ?departement igeo:nom ?nom
 INFO 2016-03-29 11:14:58,172 [main] (ParallelMetaProducerLessBlocking.java:193) - Global results retrieved in getEdges 0ms.
 INFO 2016-03-29 11:14:58,172 [main] (Eval.java:2158) - 
	Get EDGE in 0ms.  
	FOR EDGE{?departement igeo:nom ?nom}

 INFO 2016-03-29 11:14:58,172 [main] (ParallelMetaProducerLessBlocking.java:61) - Searching for edge : ?departement igeo:nom ?nom
 INFO 2016-03-29 11:14:58,173 [main] (ParallelMetaProducerLessBlocking.java:193) - Global results retrieved in getEdges 0ms.
 INFO 2016-03-29 11:14:58,173 [main] (Eval.java:2158) - 
	Get EDGE in 1ms.  
	FOR EDGE{?departement igeo:nom ?nom}

 INFO 2016-03-29 11:14:58,173 [main] (ParallelMetaProducerLessBlocking.java:61) - Searching for edge : ?departement igeo:nom ?nom
 INFO 2016-03-29 11:14:58,173 [main] (ParallelMetaProducerLessBlocking.java:193) - Global results retrieved in getEdges 0ms.
 INFO 2016-03-29 11:14:58,173 [main] (Eval.java:2158) - 
	Get EDGE in 0ms.  
	FOR EDGE{?departement igeo:nom ?nom}

 INFO 2016-03-29 11:14:58,173 [main] (ParallelMetaProducerLessBlocking.java:61) - Searching for edge : ?departement igeo:nom ?nom
 INFO 2016-03-29 11:14:58,174 [main] (ParallelMetaProducerLessBlocking.java:193) - Global results retrieved in getEdges 0ms.
 INFO 2016-03-29 11:14:58,174 [main] (Eval.java:2158) - 
	Get EDGE in 1ms.  
	FOR EDGE{?departement igeo:nom ?nom}

 INFO 2016-03-29 11:14:58,174 [main] (ParallelMetaProducerLessBlocking.java:61) - Searching for edge : ?departement igeo:nom ?nom
 INFO 2016-03-29 11:14:58,174 [main] (ParallelMetaProducerLessBlocking.java:193) - Global results retrieved in getEdges 0ms.
 INFO 2016-03-29 11:14:58,174 [main] (Eval.java:2158) - 
	Get EDGE in 0ms.  
	FOR EDGE{?departement igeo:nom ?nom}

 INFO 2016-03-29 11:14:58,174 [main] (Eval.java:2158) - 
	Get EDGE in 23ms.  
	FOR EDGE{?region igeo:subdivisionDirecte ?departement}

 INFO 2016-03-29 11:14:58,174 [main] (ParallelMetaProducerLessBlocking.java:61) - Searching for edge : ?region igeo:subdivisionDirecte ?departement
 INFO 2016-03-29 11:14:58,175 [pool-125-thread-1] (CallableResult.java:52) - CallableResult for GetEdge
 INFO 2016-03-29 11:14:58,175 [pool-125-thread-2] (CallableResult.java:52) - CallableResult for GetEdge
 INFO 2016-03-29 11:14:58,184 [pool-125-thread-2] (CallableResult.java:63) - Finished CallableResult in 9 ms.
 INFO 2016-03-29 11:14:58,185 [pool-125-thread-1] (CallableResult.java:63) - Finished CallableResult in 10 ms.
 INFO 2016-03-29 11:14:58,186 [main] (ParallelMetaProducerLessBlocking.java:193) - Global results retrieved in getEdges 11ms.
 INFO 2016-03-29 11:14:58,186 [main] (ParallelMetaProducerLessBlocking.java:61) - Searching for edge : ?departement igeo:nom ?nom
 INFO 2016-03-29 11:14:58,186 [main] (ParallelMetaProducerLessBlocking.java:193) - Global results retrieved in getEdges 0ms.
 INFO 2016-03-29 11:14:58,186 [main] (Eval.java:2158) - 
	Get EDGE in 0ms.  
	FOR EDGE{?departement igeo:nom ?nom}

 INFO 2016-03-29 11:14:58,186 [main] (ParallelMetaProducerLessBlocking.java:61) - Searching for edge : ?departement igeo:nom ?nom
 INFO 2016-03-29 11:14:58,187 [main] (ParallelMetaProducerLessBlocking.java:193) - Global results retrieved in getEdges 0ms.
 INFO 2016-03-29 11:14:58,187 [main] (Eval.java:2158) - 
	Get EDGE in 1ms.  
	FOR EDGE{?departement igeo:nom ?nom}

 INFO 2016-03-29 11:14:58,187 [main] (ParallelMetaProducerLessBlocking.java:61) - Searching for edge : ?departement igeo:nom ?nom
 INFO 2016-03-29 11:14:58,187 [main] (ParallelMetaProducerLessBlocking.java:193) - Global results retrieved in getEdges 0ms.
 INFO 2016-03-29 11:14:58,187 [main] (Eval.java:2158) - 
	Get EDGE in 0ms.  
	FOR EDGE{?departement igeo:nom ?nom}

 INFO 2016-03-29 11:14:58,187 [main] (ParallelMetaProducerLessBlocking.java:61) - Searching for edge : ?departement igeo:nom ?nom
 INFO 2016-03-29 11:14:58,188 [main] (ParallelMetaProducerLessBlocking.java:193) - Global results retrieved in getEdges 0ms.
 INFO 2016-03-29 11:14:58,188 [main] (Eval.java:2158) - 
	Get EDGE in 1ms.  
	FOR EDGE{?departement igeo:nom ?nom}

 INFO 2016-03-29 11:14:58,188 [main] (ParallelMetaProducerLessBlocking.java:61) - Searching for edge : ?departement igeo:nom ?nom
 INFO 2016-03-29 11:14:58,188 [main] (ParallelMetaProducerLessBlocking.java:193) - Global results retrieved in getEdges 0ms.
 INFO 2016-03-29 11:14:58,188 [main] (Eval.java:2158) - 
	Get EDGE in 0ms.  
	FOR EDGE{?departement igeo:nom ?nom}

 INFO 2016-03-29 11:14:58,188 [main] (Eval.java:2158) - 
	Get EDGE in 14ms.  
	FOR EDGE{?region igeo:subdivisionDirecte ?departement}

 INFO 2016-03-29 11:14:58,188 [main] (Eval.java:2158) - 
	Get EDGE in 731ms.  
	FOR EDGE{?region igeo:codeRegion ?v}

 INFO 2016-03-29 11:14:58,190 [main] (ProviderImplCostMonitoring.java:229) - ** Provider: 
prefix idemo: <http://rdf.insee.fr/def/demo#>
prefix igeo: <http://rdf.insee.fr/def/geo#>
select * 
where
{?departement idemo:population ?popLeg . 
?popLeg idemo:populationTotale ?popTotale . 
filter ((((((((((((((((((((?departement = <http://id.insee.fr/geo/departement/01>) || (?departement = <http://id.insee.fr/geo/departement/38>)) || (?departement = <http://id.insee.fr/geo/departement/42>)) || (?departement = <http://id.insee.fr/geo/departement/07>)) || (?departement = <http://id.insee.fr/geo/departement/74>)) || (?departement = <http://id.insee.fr/geo/departement/69>)) || (?departement = <http://id.insee.fr/geo/departement/73>)) || (?departement = <http://id.insee.fr/geo/departement/26>)) || (?departement = <http://id.insee.fr/geo/departement/95>)) || (?departement = <http://id.insee.fr/geo/departement/93>)) || (?departement = <http://id.insee.fr/geo/departement/78>)) || (?departement = <http://id.insee.fr/geo/departement/92>)) || (?departement = <http://id.insee.fr/geo/departement/75>)) || (?departement = <http://id.insee.fr/geo/departement/77>)) || (?departement = <http://id.insee.fr/geo/departement/91>)) || (?departement = <http://id.insee.fr/geo/departement/94>)) || (?departement = <http://id.insee.fr/geo/departement/58>)) || (?departement = <http://id.insee.fr/geo/departement/89>)) || (?departement = <http://id.insee.fr/geo/departement/71>)) || (?departement = <http://id.insee.fr/geo/departement/21>)) }


 INFO 2016-03-29 11:14:58,295 [main] (ProviderImplCostMonitoring.java:229) - ** Provider: 
prefix idemo: <http://rdf.insee.fr/def/demo#>
prefix igeo: <http://rdf.insee.fr/def/geo#>
select * 
where
{?departement idemo:population ?popLeg . 
?popLeg idemo:populationTotale ?popTotale . 
filter ((((((((((((((((((((?departement = <http://id.insee.fr/geo/departement/80>) || (?departement = <http://id.insee.fr/geo/departement/02>)) || (?departement = <http://id.insee.fr/geo/departement/60>)) || (?departement = <http://id.insee.fr/geo/departement/59>)) || (?departement = <http://id.insee.fr/geo/departement/62>)) || (?departement = <http://id.insee.fr/geo/departement/47>)) || (?departement = <http://id.insee.fr/geo/departement/40>)) || (?departement = <http://id.insee.fr/geo/departement/24>)) || (?departement = <http://id.insee.fr/geo/departement/33>)) || (?departement = <http://id.insee.fr/geo/departement/64>)) || (?departement = <http://id.insee.fr/geo/departement/43>)) || (?departement = <http://id.insee.fr/geo/departement/15>)) || (?departement = <http://id.insee.fr/geo/departement/03>)) || (?departement = <http://id.insee.fr/geo/departement/63>)) || (?departement = <http://id.insee.fr/geo/departement/41>)) || (?departement = <http://id.insee.fr/geo/departement/28>)) || (?departement = <http://id.insee.fr/geo/departement/45>)) || (?departement = <http://id.insee.fr/geo/departement/37>)) || (?departement = <http://id.insee.fr/geo/departement/18>)) || (?departement = <http://id.insee.fr/geo/departement/36>)) }


 INFO 2016-03-29 11:14:58,390 [main] (ProviderImplCostMonitoring.java:229) - ** Provider: 
prefix idemo: <http://rdf.insee.fr/def/demo#>
prefix igeo: <http://rdf.insee.fr/def/geo#>
select * 
where
{?departement idemo:population ?popLeg . 
?popLeg idemo:populationTotale ?popTotale . 
filter ((((((((((((((((((((?departement = <http://id.insee.fr/geo/departement/84>) || (?departement = <http://id.insee.fr/geo/departement/06>)) || (?departement = <http://id.insee.fr/geo/departement/04>)) || (?departement = <http://id.insee.fr/geo/departement/05>)) || (?departement = <http://id.insee.fr/geo/departement/83>)) || (?departement = <http://id.insee.fr/geo/departement/13>)) || (?departement = <http://id.insee.fr/geo/departement/971>)) || (?departement = <http://id.insee.fr/geo/departement/976>)) || (?departement = <http://id.insee.fr/geo/departement/972>)) || (?departement = <http://id.insee.fr/geo/departement/973>)) || (?departement = <http://id.insee.fr/geo/departement/974>)) || (?departement = <http://id.insee.fr/geo/departement/65>)) || (?departement = <http://id.insee.fr/geo/departement/81>)) || (?departement = <http://id.insee.fr/geo/departement/82>)) || (?departement = <http://id.insee.fr/geo/departement/46>)) || (?departement = <http://id.insee.fr/geo/departement/09>)) || (?departement = <http://id.insee.fr/geo/departement/32>)) || (?departement = <http://id.insee.fr/geo/departement/12>)) || (?departement = <http://id.insee.fr/geo/departement/31>)) || (?departement = <http://id.insee.fr/geo/departement/44>)) }


 INFO 2016-03-29 11:14:58,483 [main] (ProviderImplCostMonitoring.java:229) - ** Provider: 
prefix idemo: <http://rdf.insee.fr/def/demo#>
prefix igeo: <http://rdf.insee.fr/def/geo#>
select * 
where
{?departement idemo:population ?popLeg . 
?popLeg idemo:populationTotale ?popTotale . 
filter ((((((((((((((((((((?departement = <http://id.insee.fr/geo/departement/85>) || (?departement = <http://id.insee.fr/geo/departement/49>)) || (?departement = <http://id.insee.fr/geo/departement/72>)) || (?departement = <http://id.insee.fr/geo/departement/53>)) || (?departement = <http://id.insee.fr/geo/departement/52>)) || (?departement = <http://id.insee.fr/geo/departement/08>)) || (?departement = <http://id.insee.fr/geo/departement/10>)) || (?departement = <http://id.insee.fr/geo/departement/51>)) || (?departement = <http://id.insee.fr/geo/departement/19>)) || (?departement = <http://id.insee.fr/geo/departement/87>)) || (?departement = <http://id.insee.fr/geo/departement/23>)) || (?departement = <http://id.insee.fr/geo/departement/11>)) || (?departement = <http://id.insee.fr/geo/departement/48>)) || (?departement = <http://id.insee.fr/geo/departement/30>)) || (?departement = <http://id.insee.fr/geo/departement/34>)) || (?departement = <http://id.insee.fr/geo/departement/66>)) || (?departement = <http://id.insee.fr/geo/departement/79>)) || (?departement = <http://id.insee.fr/geo/departement/86>)) || (?departement = <http://id.insee.fr/geo/departement/17>)) || (?departement = <http://id.insee.fr/geo/departement/16>)) }


 INFO 2016-03-29 11:14:58,574 [main] (ProviderImplCostMonitoring.java:229) - ** Provider: 
prefix idemo: <http://rdf.insee.fr/def/demo#>
prefix igeo: <http://rdf.insee.fr/def/geo#>
select * 
where
{?departement idemo:population ?popLeg . 
?popLeg idemo:populationTotale ?popTotale . 
filter ((((((((((((((((((((?departement = <http://id.insee.fr/geo/departement/57>) || (?departement = <http://id.insee.fr/geo/departement/88>)) || (?departement = <http://id.insee.fr/geo/departement/55>)) || (?departement = <http://id.insee.fr/geo/departement/54>)) || (?departement = <http://id.insee.fr/geo/departement/70>)) || (?departement = <http://id.insee.fr/geo/departement/39>)) || (?departement = <http://id.insee.fr/geo/departement/25>)) || (?departement = <http://id.insee.fr/geo/departement/90>)) || (?departement = <http://id.insee.fr/geo/departement/27>)) || (?departement = <http://id.insee.fr/geo/departement/76>)) || (?departement = <http://id.insee.fr/geo/departement/29>)) || (?departement = <http://id.insee.fr/geo/departement/56>)) || (?departement = <http://id.insee.fr/geo/departement/35>)) || (?departement = <http://id.insee.fr/geo/departement/22>)) || (?departement = <http://id.insee.fr/geo/departement/61>)) || (?departement = <http://id.insee.fr/geo/departement/14>)) || (?departement = <http://id.insee.fr/geo/departement/50>)) || (?departement = <http://id.insee.fr/geo/departement/68>)) || (?departement = <http://id.insee.fr/geo/departement/67>)) || (?departement = <http://id.insee.fr/geo/departement/2A>)) }


 INFO 2016-03-29 11:14:58,662 [main] (ProviderImplCostMonitoring.java:229) - ** Provider: 
prefix idemo: <http://rdf.insee.fr/def/demo#>
prefix igeo: <http://rdf.insee.fr/def/geo#>
select * 
where
{?departement idemo:population ?popLeg . 
?popLeg idemo:populationTotale ?popTotale . 
filter (?departement = <http://id.insee.fr/geo/departement/2B>) }


 INFO 2016-03-29 11:14:58,687 [main] (Eval.java:1706) - 
	SERVICE in 498ms.  
	FOR [BGP{EDGE{?departement idemo:population ?popLeg} EDGE{?popLeg idemo:populationTotale ?popTotale} }]

 INFO 2016-03-29 11:14:58,698 [main] (TestDQP.java:206) - 100 results in 1540 ms
 INFO 2016-03-29 11:14:58,700 [main] (TestDQP.java:207) - 
01 ?nom = "Lozre"; ?popTotale = 80712; 
02 ?nom = "Creuse"; ?popTotale = 125714; 
03 ?nom = "Hautes-Alpes"; ?popTotale = 144640; 
04 ?nom = "Territoire de Belfort"; ?popTotale = 147777; 
05 ?nom = "Corse-du-Sud"; ?popTotale = 151621; 
06 ?nom = "Cantal"; ?popTotale = 152797; 
07 ?nom = "Arige"; ?popTotale = 158379; 
08 ?nom = "Alpes-de-Haute-Provence"; ?popTotale = 166726; 
09 ?nom = "Haute-Corse"; ?popTotale = 173889; 
10 ?nom = "Lot"; ?popTotale = 180470; 
11 ?nom = "Haute-Marne"; ?popTotale = 188083; 
12 ?nom = "Gers"; ?popTotale = 197598; 
13 ?nom = "Meuse"; ?popTotale = 198334; 
14 ?nom = "Nivre"; ?popTotale = 222688; 
15 ?nom = "Haute-Loire"; ?popTotale = 233918; 
16 ?nom = "Indre"; ?popTotale = 235181; 
17 ?nom = "Hautes-Pyrnes"; ?popTotale = 236728; 
18 ?nom = "Guyane"; ?popTotale = 246507; 
19 ?nom = "Haute-Sane"; ?popTotale = 246782; 
20 ?nom = "Corrze"; ?popTotale = 249452; 
21 ?nom = "Tarn-et-Garonne"; ?popTotale = 256867; 
22 ?nom = "Jura"; ?popTotale = 270914; 
23 ?nom = "Ardennes"; ?popTotale = 289075; 
24 ?nom = "Aveyron"; ?popTotale = 289257; 
25 ?nom = "Orne"; ?popTotale = 298248; 
26 ?nom = "Aube"; ?popTotale = 314825; 
27 ?nom = "Mayenne"; ?popTotale = 318095; 
28 ?nom = "Cher"; ?popTotale = 319693; 
29 ?nom = "Ardche"; ?popTotale = 330017; 
30 ?nom = "Loir-et-Cher"; ?popTotale = 342471; 
31 ?nom = "Lot-et-Garonne"; ?popTotale = 343645; 
32 ?nom = "Yonne"; ?popTotale = 352182; 
33 ?nom = "Allier"; ?popTotale = 353742; 
34 ?nom = "Charente"; ?popTotale = 366587; 
35 ?nom = "Aude"; ?popTotale = 374868; 
36 ?nom = "Deux-Svres"; ?popTotale = 383079; 
37 ?nom = "Haute-Vienne"; ?popTotale = 384411; 
38 ?nom = "Vosges"; ?popTotale = 388551; 
39 ?nom = "Martinique"; ?popTotale = 391837; 
40 ?nom = "Tarn"; ?popTotale = 393877; 
41 ?nom = "Guadeloupe"; ?popTotale = 409055; 
42 ?nom = "Landes"; ?popTotale = 411197; 
43 ?nom = "Dordogne"; ?popTotale = 429579; 
44 ?nom = "Savoie"; ?popTotale = 437915; 
45 ?nom = "Vienne"; ?popTotale = 442696; 
46 ?nom = "Eure-et-Loir"; ?popTotale = 444385; 
47 ?nom = "Pyrnes-Orientales"; ?popTotale = 471573; 
48 ?nom = "Drme"; ?popTotale = 509444; 
49 ?nom = "Manche"; ?popTotale = 518364; 
50 ?nom = "Cte-d\'Or"; ?popTotale = 543648; 
51 ?nom = "Doubs"; ?popTotale = 548026; 
52 ?nom = "Aisne"; ?popTotale = 554512; 
53 ?nom = "Vaucluse"; ?popTotale = 562254; 
54 ?nom = "Sane-et-Loire"; ?popTotale = 575097; 
55 ?nom = "Marne"; ?popTotale = 583691; 
56 ?nom = "Somme"; ?popTotale = 584184; 
57 ?nom = "Sarthe"; ?popTotale = 584865; 
58 ?nom = "Eure"; ?popTotale = 612518; 
59 ?nom = "Indre-et-Loire"; ?popTotale = 615557; 
60 ?nom = "Ctes-d\'Armor"; ?popTotale = 617565; 
61 ?nom = "Ain"; ?popTotale = 636916; 
62 ?nom = "Charente-Maritime"; ?popTotale = 652610; 
63 ?nom = "Puy-de-Dme"; ?popTotale = 658489; 
64 ?nom = "Vende"; ?popTotale = 674843; 
65 ?nom = "Loiret"; ?popTotale = 684104; 
66 ?nom = "Pyrnes-Atlantiques"; ?popTotale = 685564; 
67 ?nom = "Calvados"; ?popTotale = 706635; 
68 ?nom = "Meurthe-et-Moselle"; ?popTotale = 745398; 
69 ?nom = "Gard"; ?popTotale = 750025; 
70 ?nom = "Morbihan"; ?popTotale = 761433; 
71 ?nom = "Loire"; ?popTotale = 774144; 
72 ?nom = "Haut-Rhin"; ?popTotale = 774976; 
73 ?nom = "Haute-Savoie"; ?popTotale = 793342; 
74 ?nom = "Maine-et-Loire"; ?popTotale = 823546; 
75 ?nom = "Oise"; ?popTotale = 835918; 
76 ?nom = "La Runion"; ?popTotale = 844741; 
77 ?nom = "Finistre"; ?popTotale = 934625; 
78 ?nom = "Var"; ?popTotale = 1046346; 
79 ?nom = "Ille-et-Vilaine"; ?popTotale = 1047873; 
80 ?nom = "Moselle"; ?popTotale = 1068119; 
81 ?nom = "Alpes-Maritimes"; ?popTotale = 1096741; 
82 ?nom = "Hrault"; ?popTotale = 1111881; 
83 ?nom = "Bas-Rhin"; ?popTotale = 1128825; 
84 ?nom = "Val-d\'Oise"; ?popTotale = 1211138; 
85 ?nom = "Isre"; ?popTotale = 1263850; 
86 ?nom = "Essonne"; ?popTotale = 1273233; 
87 ?nom = "Seine-Maritime"; ?popTotale = 1280410; 
88 ?nom = "Haute-Garonne"; ?popTotale = 1325392; 
89 ?nom = "Loire-Atlantique"; ?popTotale = 1364453; 
90 ?nom = "Val-de-Marne"; ?popTotale = 1367091; 
91 ?nom = "Seine-et-Marne"; ?popTotale = 1387830; 
92 ?nom = "Yvelines"; ?popTotale = 1446301; 
93 ?nom = "Pas-de-Calais"; ?popTotale = 1491735; 
94 ?nom = "Gironde"; ?popTotale = 1536448; 
95 ?nom = "Seine-Saint-Denis"; ?popTotale = 1565222; 
96 ?nom = "Hauts-de-Seine"; ?popTotale = 1611290; 
97 ?nom = "Rhne"; ?popTotale = 1812196; 
98 ?nom = "Bouches-du-Rhne"; ?popTotale = 2022604; 
99 ?nom = "Paris"; ?popTotale = 2254262; 
100 ?nom = "Nord"; ?popTotale = 2635494; 

 INFO 2016-03-29 11:14:58,701 [main] (TestDQP.java:208) - Remote queries
 INFO 2016-03-29 11:14:58,702 [main] (TestDQP.java:209) - =========
	?region igeo:subdivisionDirecte ?departement
	54
--
	BGP{EDGE{?region igeo:codeRegion ?v} EDGE{?region igeo:subdivisionDirecte ?departement} EDGE{?departement igeo:nom ?nom} }
	2
--
	?region igeo:codeRegion ?v
	2
--
	prefix idemo: <http://rdf.insee.fr/def/demo#> prefix igeo: <http://rdf.insee.fr/def/geo#> select *  where {?departement idemo:population ?popLeg .  ?popLeg idemo:populationTotale ?popTotale .  filter ((((((((((((((((((((?departement = <http://id.insee.fr/geo/departement/84>) || (?departement = <http://id.insee.fr/geo/departement/06>)) || (?departement = <http://id.insee.fr/geo/departement/04>)) || (?departement = <http://id.insee.fr/geo/departement/05>)) || (?departement = <http://id.insee.fr/geo/departement/83>)) || (?departement = <http://id.insee.fr/geo/departement/13>)) || (?departement = <http://id.insee.fr/geo/departement/971>)) || (?departement = <http://id.insee.fr/geo/departement/976>)) || (?departement = <http://id.insee.fr/geo/departement/972>)) || (?departement = <http://id.insee.fr/geo/departement/973>)) || (?departement = <http://id.insee.fr/geo/departement/974>)) || (?departement = <http://id.insee.fr/geo/departement/65>)) || (?departement = <http://id.insee.fr/geo/departement/81>)) || (?departement = <http://id.insee.fr/geo/departement/82>)) || (?departement = <http://id.insee.fr/geo/departement/46>)) || (?departement = <http://id.insee.fr/geo/departement/09>)) || (?departement = <http://id.insee.fr/geo/departement/32>)) || (?departement = <http://id.insee.fr/geo/departement/12>)) || (?departement = <http://id.insee.fr/geo/departement/31>)) || (?departement = <http://id.insee.fr/geo/departement/44>)) }  
	1
--
	prefix idemo: <http://rdf.insee.fr/def/demo#> prefix igeo: <http://rdf.insee.fr/def/geo#> select *  where {?departement idemo:population ?popLeg .  ?popLeg idemo:populationTotale ?popTotale .  filter ((((((((((((((((((((?departement = <http://id.insee.fr/geo/departement/01>) || (?departement = <http://id.insee.fr/geo/departement/38>)) || (?departement = <http://id.insee.fr/geo/departement/42>)) || (?departement = <http://id.insee.fr/geo/departement/07>)) || (?departement = <http://id.insee.fr/geo/departement/74>)) || (?departement = <http://id.insee.fr/geo/departement/69>)) || (?departement = <http://id.insee.fr/geo/departement/73>)) || (?departement = <http://id.insee.fr/geo/departement/26>)) || (?departement = <http://id.insee.fr/geo/departement/95>)) || (?departement = <http://id.insee.fr/geo/departement/93>)) || (?departement = <http://id.insee.fr/geo/departement/78>)) || (?departement = <http://id.insee.fr/geo/departement/92>)) || (?departement = <http://id.insee.fr/geo/departement/75>)) || (?departement = <http://id.insee.fr/geo/departement/77>)) || (?departement = <http://id.insee.fr/geo/departement/91>)) || (?departement = <http://id.insee.fr/geo/departement/94>)) || (?departement = <http://id.insee.fr/geo/departement/58>)) || (?departement = <http://id.insee.fr/geo/departement/89>)) || (?departement = <http://id.insee.fr/geo/departement/71>)) || (?departement = <http://id.insee.fr/geo/departement/21>)) }  
	1
--
	prefix idemo: <http://rdf.insee.fr/def/demo#> prefix igeo: <http://rdf.insee.fr/def/geo#> select *  where {?departement idemo:population ?popLeg .  ?popLeg idemo:populationTotale ?popTotale .  filter ((((((((((((((((((((?departement = <http://id.insee.fr/geo/departement/57>) || (?departement = <http://id.insee.fr/geo/departement/88>)) || (?departement = <http://id.insee.fr/geo/departement/55>)) || (?departement = <http://id.insee.fr/geo/departement/54>)) || (?departement = <http://id.insee.fr/geo/departement/70>)) || (?departement = <http://id.insee.fr/geo/departement/39>)) || (?departement = <http://id.insee.fr/geo/departement/25>)) || (?departement = <http://id.insee.fr/geo/departement/90>)) || (?departement = <http://id.insee.fr/geo/departement/27>)) || (?departement = <http://id.insee.fr/geo/departement/76>)) || (?departement = <http://id.insee.fr/geo/departement/29>)) || (?departement = <http://id.insee.fr/geo/departement/56>)) || (?departement = <http://id.insee.fr/geo/departement/35>)) || (?departement = <http://id.insee.fr/geo/departement/22>)) || (?departement = <http://id.insee.fr/geo/departement/61>)) || (?departement = <http://id.insee.fr/geo/departement/14>)) || (?departement = <http://id.insee.fr/geo/departement/50>)) || (?departement = <http://id.insee.fr/geo/departement/68>)) || (?departement = <http://id.insee.fr/geo/departement/67>)) || (?departement = <http://id.insee.fr/geo/departement/2A>)) }  
	1
--
	prefix idemo: <http://rdf.insee.fr/def/demo#> prefix igeo: <http://rdf.insee.fr/def/geo#> select *  where {?departement idemo:population ?popLeg .  ?popLeg idemo:populationTotale ?popTotale .  filter (?departement = <http://id.insee.fr/geo/departement/2B>) }  
	1
--
	prefix idemo: <http://rdf.insee.fr/def/demo#> prefix igeo: <http://rdf.insee.fr/def/geo#> select *  where {?departement idemo:population ?popLeg .  ?popLeg idemo:populationTotale ?popTotale .  filter ((((((((((((((((((((?departement = <http://id.insee.fr/geo/departement/80>) || (?departement = <http://id.insee.fr/geo/departement/02>)) || (?departement = <http://id.insee.fr/geo/departement/60>)) || (?departement = <http://id.insee.fr/geo/departement/59>)) || (?departement = <http://id.insee.fr/geo/departement/62>)) || (?departement = <http://id.insee.fr/geo/departement/47>)) || (?departement = <http://id.insee.fr/geo/departement/40>)) || (?departement = <http://id.insee.fr/geo/departement/24>)) || (?departement = <http://id.insee.fr/geo/departement/33>)) || (?departement = <http://id.insee.fr/geo/departement/64>)) || (?departement = <http://id.insee.fr/geo/departement/43>)) || (?departement = <http://id.insee.fr/geo/departement/15>)) || (?departement = <http://id.insee.fr/geo/departement/03>)) || (?departement = <http://id.insee.fr/geo/departement/63>)) || (?departement = <http://id.insee.fr/geo/departement/41>)) || (?departement = <http://id.insee.fr/geo/departement/28>)) || (?departement = <http://id.insee.fr/geo/departement/45>)) || (?departement = <http://id.insee.fr/geo/departement/37>)) || (?departement = <http://id.insee.fr/geo/departement/18>)) || (?departement = <http://id.insee.fr/geo/departement/36>)) }  
	1
--
	prefix idemo: <http://rdf.insee.fr/def/demo#> prefix igeo: <http://rdf.insee.fr/def/geo#> select *  where {?departement idemo:population ?popLeg .  ?popLeg idemo:populationTotale ?popTotale .  filter ((((((((((((((((((((?departement = <http://id.insee.fr/geo/departement/85>) || (?departement = <http://id.insee.fr/geo/departement/49>)) || (?departement = <http://id.insee.fr/geo/departement/72>)) || (?departement = <http://id.insee.fr/geo/departement/53>)) || (?departement = <http://id.insee.fr/geo/departement/52>)) || (?departement = <http://id.insee.fr/geo/departement/08>)) || (?departement = <http://id.insee.fr/geo/departement/10>)) || (?departement = <http://id.insee.fr/geo/departement/51>)) || (?departement = <http://id.insee.fr/geo/departement/19>)) || (?departement = <http://id.insee.fr/geo/departement/87>)) || (?departement = <http://id.insee.fr/geo/departement/23>)) || (?departement = <http://id.insee.fr/geo/departement/11>)) || (?departement = <http://id.insee.fr/geo/departement/48>)) || (?departement = <http://id.insee.fr/geo/departement/30>)) || (?departement = <http://id.insee.fr/geo/departement/34>)) || (?departement = <http://id.insee.fr/geo/departement/66>)) || (?departement = <http://id.insee.fr/geo/departement/79>)) || (?departement = <http://id.insee.fr/geo/departement/86>)) || (?departement = <http://id.insee.fr/geo/departement/17>)) || (?departement = <http://id.insee.fr/geo/departement/16>)) }  
	1
--
	>====  Sum = 64  =====

 INFO 2016-03-29 11:14:58,702 [main] (TestDQP.java:210) - Transferred results per query
 INFO 2016-03-29 11:14:58,703 [main] (TestDQP.java:211) - =========
	?region igeo:subdivisionDirecte ?departement
	202
--
	BGP{EDGE{?region igeo:codeRegion ?v} EDGE{?region igeo:subdivisionDirecte ?departement} EDGE{?departement igeo:nom ?nom} }
	202
--
	?region igeo:codeRegion ?v
	54
--
	prefix idemo: <http://rdf.insee.fr/def/demo#> prefix igeo: <http://rdf.insee.fr/def/geo#> select *  where {?departement idemo:population ?popLeg .  ?popLeg idemo:populationTotale ?popTotale .  filter ((((((((((((((((((((?departement = <http://id.insee.fr/geo/departement/84>) || (?departement = <http://id.insee.fr/geo/departement/06>)) || (?departement = <http://id.insee.fr/geo/departement/04>)) || (?departement = <http://id.insee.fr/geo/departement/05>)) || (?departement = <http://id.insee.fr/geo/departement/83>)) || (?departement = <http://id.insee.fr/geo/departement/13>)) || (?departement = <http://id.insee.fr/geo/departement/971>)) || (?departement = <http://id.insee.fr/geo/departement/976>)) || (?departement = <http://id.insee.fr/geo/departement/972>)) || (?departement = <http://id.insee.fr/geo/departement/973>)) || (?departement = <http://id.insee.fr/geo/departement/974>)) || (?departement = <http://id.insee.fr/geo/departement/65>)) || (?departement = <http://id.insee.fr/geo/departement/81>)) || (?departement = <http://id.insee.fr/geo/departement/82>)) || (?departement = <http://id.insee.fr/geo/departement/46>)) || (?departement = <http://id.insee.fr/geo/departement/09>)) || (?departement = <http://id.insee.fr/geo/departement/32>)) || (?departement = <http://id.insee.fr/geo/departement/12>)) || (?departement = <http://id.insee.fr/geo/departement/31>)) || (?departement = <http://id.insee.fr/geo/departement/44>)) }  
	19
--
	prefix idemo: <http://rdf.insee.fr/def/demo#> prefix igeo: <http://rdf.insee.fr/def/geo#> select *  where {?departement idemo:population ?popLeg .  ?popLeg idemo:populationTotale ?popTotale .  filter ((((((((((((((((((((?departement = <http://id.insee.fr/geo/departement/01>) || (?departement = <http://id.insee.fr/geo/departement/38>)) || (?departement = <http://id.insee.fr/geo/departement/42>)) || (?departement = <http://id.insee.fr/geo/departement/07>)) || (?departement = <http://id.insee.fr/geo/departement/74>)) || (?departement = <http://id.insee.fr/geo/departement/69>)) || (?departement = <http://id.insee.fr/geo/departement/73>)) || (?departement = <http://id.insee.fr/geo/departement/26>)) || (?departement = <http://id.insee.fr/geo/departement/95>)) || (?departement = <http://id.insee.fr/geo/departement/93>)) || (?departement = <http://id.insee.fr/geo/departement/78>)) || (?departement = <http://id.insee.fr/geo/departement/92>)) || (?departement = <http://id.insee.fr/geo/departement/75>)) || (?departement = <http://id.insee.fr/geo/departement/77>)) || (?departement = <http://id.insee.fr/geo/departement/91>)) || (?departement = <http://id.insee.fr/geo/departement/94>)) || (?departement = <http://id.insee.fr/geo/departement/58>)) || (?departement = <http://id.insee.fr/geo/departement/89>)) || (?departement = <http://id.insee.fr/geo/departement/71>)) || (?departement = <http://id.insee.fr/geo/departement/21>)) }  
	20
--
	prefix idemo: <http://rdf.insee.fr/def/demo#> prefix igeo: <http://rdf.insee.fr/def/geo#> select *  where {?departement idemo:population ?popLeg .  ?popLeg idemo:populationTotale ?popTotale .  filter ((((((((((((((((((((?departement = <http://id.insee.fr/geo/departement/57>) || (?departement = <http://id.insee.fr/geo/departement/88>)) || (?departement = <http://id.insee.fr/geo/departement/55>)) || (?departement = <http://id.insee.fr/geo/departement/54>)) || (?departement = <http://id.insee.fr/geo/departement/70>)) || (?departement = <http://id.insee.fr/geo/departement/39>)) || (?departement = <http://id.insee.fr/geo/departement/25>)) || (?departement = <http://id.insee.fr/geo/departement/90>)) || (?departement = <http://id.insee.fr/geo/departement/27>)) || (?departement = <http://id.insee.fr/geo/departement/76>)) || (?departement = <http://id.insee.fr/geo/departement/29>)) || (?departement = <http://id.insee.fr/geo/departement/56>)) || (?departement = <http://id.insee.fr/geo/departement/35>)) || (?departement = <http://id.insee.fr/geo/departement/22>)) || (?departement = <http://id.insee.fr/geo/departement/61>)) || (?departement = <http://id.insee.fr/geo/departement/14>)) || (?departement = <http://id.insee.fr/geo/departement/50>)) || (?departement = <http://id.insee.fr/geo/departement/68>)) || (?departement = <http://id.insee.fr/geo/departement/67>)) || (?departement = <http://id.insee.fr/geo/departement/2A>)) }  
	20
--
	prefix idemo: <http://rdf.insee.fr/def/demo#> prefix igeo: <http://rdf.insee.fr/def/geo#> select *  where {?departement idemo:population ?popLeg .  ?popLeg idemo:populationTotale ?popTotale .  filter (?departement = <http://id.insee.fr/geo/departement/2B>) }  
	1
--
	prefix idemo: <http://rdf.insee.fr/def/demo#> prefix igeo: <http://rdf.insee.fr/def/geo#> select *  where {?departement idemo:population ?popLeg .  ?popLeg idemo:populationTotale ?popTotale .  filter ((((((((((((((((((((?departement = <http://id.insee.fr/geo/departement/80>) || (?departement = <http://id.insee.fr/geo/departement/02>)) || (?departement = <http://id.insee.fr/geo/departement/60>)) || (?departement = <http://id.insee.fr/geo/departement/59>)) || (?departement = <http://id.insee.fr/geo/departement/62>)) || (?departement = <http://id.insee.fr/geo/departement/47>)) || (?departement = <http://id.insee.fr/geo/departement/40>)) || (?departement = <http://id.insee.fr/geo/departement/24>)) || (?departement = <http://id.insee.fr/geo/departement/33>)) || (?departement = <http://id.insee.fr/geo/departement/64>)) || (?departement = <http://id.insee.fr/geo/departement/43>)) || (?departement = <http://id.insee.fr/geo/departement/15>)) || (?departement = <http://id.insee.fr/geo/departement/03>)) || (?departement = <http://id.insee.fr/geo/departement/63>)) || (?departement = <http://id.insee.fr/geo/departement/41>)) || (?departement = <http://id.insee.fr/geo/departement/28>)) || (?departement = <http://id.insee.fr/geo/departement/45>)) || (?departement = <http://id.insee.fr/geo/departement/37>)) || (?departement = <http://id.insee.fr/geo/departement/18>)) || (?departement = <http://id.insee.fr/geo/departement/36>)) }  
	20
--
	prefix idemo: <http://rdf.insee.fr/def/demo#> prefix igeo: <http://rdf.insee.fr/def/geo#> select *  where {?departement idemo:population ?popLeg .  ?popLeg idemo:populationTotale ?popTotale .  filter ((((((((((((((((((((?departement = <http://id.insee.fr/geo/departement/85>) || (?departement = <http://id.insee.fr/geo/departement/49>)) || (?departement = <http://id.insee.fr/geo/departement/72>)) || (?departement = <http://id.insee.fr/geo/departement/53>)) || (?departement = <http://id.insee.fr/geo/departement/52>)) || (?departement = <http://id.insee.fr/geo/departement/08>)) || (?departement = <http://id.insee.fr/geo/departement/10>)) || (?departement = <http://id.insee.fr/geo/departement/51>)) || (?departement = <http://id.insee.fr/geo/departement/19>)) || (?departement = <http://id.insee.fr/geo/departement/87>)) || (?departement = <http://id.insee.fr/geo/departement/23>)) || (?departement = <http://id.insee.fr/geo/departement/11>)) || (?departement = <http://id.insee.fr/geo/departement/48>)) || (?departement = <http://id.insee.fr/geo/departement/30>)) || (?departement = <http://id.insee.fr/geo/departement/34>)) || (?departement = <http://id.insee.fr/geo/departement/66>)) || (?departement = <http://id.insee.fr/geo/departement/79>)) || (?departement = <http://id.insee.fr/geo/departement/86>)) || (?departement = <http://id.insee.fr/geo/departement/17>)) || (?departement = <http://id.insee.fr/geo/departement/16>)) }  
	20
--
	>====  Sum = 558  =====

 INFO 2016-03-29 11:14:58,703 [main] (TestDQP.java:212) - Remote queries per data source
 INFO 2016-03-29 11:14:58,703 [main] (TestDQP.java:213) - =========
	http://localhost:8081/sparql
	29
--
	http://localhost:8088/sparql
	6
--
	http://localhost:8082/sparql
	29
--
	>====  Sum = 64  =====

 INFO 2016-03-29 11:14:58,703 [main] (TestDQP.java:214) - Transferred results per source
 INFO 2016-03-29 11:14:58,703 [main] (TestDQP.java:215) - =========
	http://localhost:8081/sparql
	229
--
	http://localhost:8088/sparql
	100
--
	http://localhost:8082/sparql
	229
--
	>====  Sum = 558  =====

