 INFO 2016-03-29 11:14:23,499 [main] (ServiceGrouper.java:84) - Building indices for 
 INFO 2016-03-29 11:14:23,504 [main] (ServiceGrouper.java:85) - {?region igeo:codeRegion ?v . 
?region igeo:subdivisionDirecte ?departement . 
?departement igeo:nom ?nom . 
?departement idemo:population ?popLeg . 
?popLeg idemo:populationTotale ?popTotale . }
 INFO 2016-03-29 11:14:23,704 [main] (ServiceGrouper.java:559) - Edge index
 INFO 2016-03-29 11:14:23,705 [main] (ServiceGrouper.java:575) - Source index
 INFO 2016-03-29 11:14:23,706 [main] (ServiceGrouper.java:259) - Found consecutive triple patterns into {?region igeo:codeRegion ?v . 
?region igeo:subdivisionDirecte ?departement . 
?departement igeo:nom ?nom . 
?departement idemo:population ?popLeg . 
?popLeg idemo:populationTotale ?popTotale . }
 INFO 2016-03-29 11:14:23,706 [main] (ServiceGrouper.java:426) - Processing
[?region igeo:codeRegion ?v . , ?region igeo:subdivisionDirecte ?departement . , ?departement igeo:nom ?nom . , ?departement idemo:population ?popLeg . , ?popLeg idemo:populationTotale ?popTotale . ]
 WARN 2016-03-29 11:14:23,707 [main] (ServiceGrouper.java:446) - Triple pattern ?region igeo:codeRegion ?v .  appears in more than one data source, excluded from SERVICE.
 WARN 2016-03-29 11:14:23,707 [main] (ServiceGrouper.java:446) - Triple pattern ?region igeo:subdivisionDirecte ?departement .  appears in more than one data source, excluded from SERVICE.
 WARN 2016-03-29 11:14:23,707 [main] (ServiceGrouper.java:446) - Triple pattern ?departement igeo:nom ?nom .  appears in more than one data source, excluded from SERVICE.
 WARN 2016-03-29 11:14:23,708 [main] (ServiceGrouper.java:446) - Triple pattern ?region igeo:codeRegion ?v .  appears in more than one data source, excluded from SERVICE.
 WARN 2016-03-29 11:14:23,708 [main] (ServiceGrouper.java:446) - Triple pattern ?region igeo:subdivisionDirecte ?departement .  appears in more than one data source, excluded from SERVICE.
 WARN 2016-03-29 11:14:23,709 [main] (ServiceGrouper.java:446) - Triple pattern ?departement igeo:nom ?nom .  appears in more than one data source, excluded from SERVICE.
 INFO 2016-03-29 11:14:23,709 [main] (ServiceGrouper.java:271) - Ranking : 
 INFO 2016-03-29 11:14:23,709 [main] (ServiceGrouper.java:272) - {?region igeo:codeRegion ?v . 
?region igeo:subdivisionDirecte ?departement . 
?departement igeo:nom ?nom . 
service <http://localhost:8088/sparql> {?departement idemo:population ?popLeg . 
?popLeg idemo:populationTotale ?popTotale . }}
 INFO 2016-03-29 11:14:23,709 [main] (ServiceGrouper.java:277) - 2 free variables for ?region igeo:codeRegion ?v . 
 INFO 2016-03-29 11:14:23,710 [main] (ServiceGrouper.java:277) - 2 free variables for ?region igeo:subdivisionDirecte ?departement . 
 INFO 2016-03-29 11:14:23,710 [main] (ServiceGrouper.java:277) - 2 free variables for ?departement igeo:nom ?nom . 
 INFO 2016-03-29 11:14:23,710 [main] (ServiceGrouper.java:277) - 3 free variables for service <http://localhost:8088/sparql> {?departement idemo:population ?popLeg . 
?popLeg idemo:populationTotale ?popTotale . }
 INFO 2016-03-29 11:14:23,710 [main] (ServiceGrouper.java:286) - Sorting services possibly with the same score
 WARN 2016-03-29 11:14:23,711 [main] (ServiceGrouper.java:353) - Searching for ?departement igeo:nom ?nom .  in [?region igeo:codeRegion ?v . , ?region igeo:subdivisionDirecte ?departement . , ?departement igeo:nom ?nom . , ?departement idemo:population ?popLeg . , ?popLeg idemo:populationTotale ?popTotale . ]
 WARN 2016-03-29 11:14:23,711 [main] (ServiceGrouper.java:353) - Searching for ?region igeo:subdivisionDirecte ?departement .  in [?region igeo:codeRegion ?v . , ?region igeo:subdivisionDirecte ?departement . , ?departement igeo:nom ?nom . , ?departement idemo:population ?popLeg . , ?popLeg idemo:populationTotale ?popTotale . ]
 INFO 2016-03-29 11:14:23,712 [main] (ServiceGrouper.java:328) - Comparing : ?departement igeo:nom ?nom .  with ?region igeo:subdivisionDirecte ?departement . 
 WARN 2016-03-29 11:14:23,712 [main] (ServiceGrouper.java:353) - Searching for ?region igeo:codeRegion ?v .  in [?region igeo:codeRegion ?v . , ?region igeo:subdivisionDirecte ?departement . , ?departement igeo:nom ?nom . , ?departement idemo:population ?popLeg . , ?popLeg idemo:populationTotale ?popTotale . ]
 WARN 2016-03-29 11:14:23,712 [main] (ServiceGrouper.java:353) - Searching for ?departement igeo:nom ?nom .  in [?region igeo:codeRegion ?v . , ?region igeo:subdivisionDirecte ?departement . , ?departement igeo:nom ?nom . , ?departement idemo:population ?popLeg . , ?popLeg idemo:populationTotale ?popTotale . ]
 INFO 2016-03-29 11:14:23,712 [main] (ServiceGrouper.java:328) - Comparing : ?region igeo:codeRegion ?v .  with ?departement igeo:nom ?nom . 
 WARN 2016-03-29 11:14:23,713 [main] (ServiceGrouper.java:353) - Searching for ?region igeo:codeRegion ?v .  in [?region igeo:codeRegion ?v . , ?region igeo:subdivisionDirecte ?departement . , ?departement igeo:nom ?nom . , ?departement idemo:population ?popLeg . , ?popLeg idemo:populationTotale ?popTotale . ]
 WARN 2016-03-29 11:14:23,713 [main] (ServiceGrouper.java:353) - Searching for ?region igeo:subdivisionDirecte ?departement .  in [?region igeo:codeRegion ?v . , ?region igeo:subdivisionDirecte ?departement . , ?departement igeo:nom ?nom . , ?departement idemo:population ?popLeg . , ?popLeg idemo:populationTotale ?popTotale . ]
 INFO 2016-03-29 11:14:23,713 [main] (ServiceGrouper.java:328) - Comparing : ?region igeo:codeRegion ?v .  with ?region igeo:subdivisionDirecte ?departement . 
 INFO 2016-03-29 11:14:23,713 [main] (ServiceGrouper.java:340) - {?region igeo:codeRegion ?v . 
?region igeo:subdivisionDirecte ?departement . 
?departement igeo:nom ?nom . 
service <http://localhost:8088/sparql> {?departement idemo:population ?popLeg . 
?popLeg idemo:populationTotale ?popTotale . }}
 INFO 2016-03-29 11:14:23,713 [main] (ServiceGrouper.java:118) - Final rewritten query
 INFO 2016-03-29 11:14:23,714 [main] (ServiceGrouper.java:119) - prefix idemo: <http://rdf.insee.fr/def/demo#>
prefix igeo: <http://rdf.insee.fr/def/geo#>
select ?nom ?popTotale 
where
{?region igeo:codeRegion ?v . 
?region igeo:subdivisionDirecte ?departement . 
?departement igeo:nom ?nom . 
service <http://localhost:8088/sparql> {?departement idemo:population ?popLeg . 
?popLeg idemo:populationTotale ?popTotale . }}
order by ?popTotale 


 INFO 2016-03-29 11:14:23,716 [main] (ServiceGrouper.java:57) - Building predicates indices for AND{EDGE{?region igeo:codeRegion ?v} EDGE{?region igeo:subdivisionDirecte ?departement} EDGE{?departement igeo:nom ?nom} SERVICE{NODE{<http://localhost:8088/sparql> } select [NODE{?departement }, NODE{?popLeg }, NODE{?popTotale }]
QUERY{AND{EDGE{?departement idemo:population ?popLeg} EDGE{?popLeg idemo:populationTotale ?popTotale} } } } }
 INFO 2016-03-29 11:14:23,716 [main] (ServiceGrouper.java:57) - Building predicates indices for AND{EDGE{?departement idemo:population ?popLeg} EDGE{?popLeg idemo:populationTotale ?popTotale} }
 INFO 2016-03-29 11:14:23,716 [main] (ServiceGrouper.java:65) - END of building index!
 INFO 2016-03-29 11:14:23,716 [main] (ServiceGrouper.java:65) - END of building index!
 INFO 2016-03-29 11:14:23,735 [main] (ParallelMetaProducerLessBlocking.java:214) - Searching for BGP : BGP{EDGE{?region igeo:codeRegion ?v} EDGE{?region igeo:subdivisionDirecte ?departement} EDGE{?departement igeo:nom ?nom} }
 INFO 2016-03-29 11:14:23,737 [pool-1-thread-1] (CallableResult.java:56) - CallableResult for GetMappings
 INFO 2016-03-29 11:14:23,737 [pool-1-thread-2] (CallableResult.java:56) - CallableResult for GetMappings
 INFO 2016-03-29 11:14:23,738 [pool-1-thread-1] (RemoteQueryOptimizerFull.java:144) - BGP QUERY: 
 SELECT * WHERE { 
	 ?region igeo:codeRegion ?v . 
 	 ?region igeo:subdivisionDirecte ?departement . 
 	 ?departement igeo:nom ?nom . 
 } 
 INFO 2016-03-29 11:14:23,738 [pool-1-thread-2] (RemoteQueryOptimizerFull.java:144) - BGP QUERY: 
 SELECT * WHERE { 
	 ?region igeo:codeRegion ?v . 
 	 ?region igeo:subdivisionDirecte ?departement . 
 	 ?departement igeo:nom ?nom . 
 } 
 INFO 2016-03-29 11:14:23,859 [pool-1-thread-1] (CallableResult.java:59) - RESULTS: 101 FROM http://localhost:8081/sparql
 INFO 2016-03-29 11:14:23,859 [pool-1-thread-1] (CallableResult.java:63) - Finished CallableResult in 122 ms.
 INFO 2016-03-29 11:14:23,868 [pool-1-thread-2] (CallableResult.java:59) - RESULTS: 101 FROM http://localhost:8082/sparql
 INFO 2016-03-29 11:14:23,868 [pool-1-thread-2] (CallableResult.java:63) - Finished CallableResult in 131 ms.
 INFO 2016-03-29 11:14:23,875 [main] (ParallelMetaProducerLessBlocking.java:255) - Global results retrieved in getMappings 138ms.
 INFO 2016-03-29 11:14:23,877 [main] (Eval.java:1660) - 
	GET MAPPINGS in 147ms.
	 FOR BGP{EDGE{?region igeo:codeRegion ?v} EDGE{?region igeo:subdivisionDirecte ?departement} EDGE{?departement igeo:nom ?nom} }

 INFO 2016-03-29 11:14:23,878 [main] (ParallelMetaProducerLessBlocking.java:61) - Searching for edge : ?region igeo:codeRegion ?v
 INFO 2016-03-29 11:14:23,879 [pool-2-thread-2] (CallableResult.java:52) - CallableResult for GetEdge
 INFO 2016-03-29 11:14:23,885 [pool-2-thread-1] (CallableResult.java:52) - CallableResult for GetEdge
 INFO 2016-03-29 11:14:24,050 [pool-2-thread-2] (CallableResult.java:63) - Finished CallableResult in 171 ms.
 INFO 2016-03-29 11:14:24,057 [pool-2-thread-1] (CallableResult.java:63) - Finished CallableResult in 172 ms.
 INFO 2016-03-29 11:14:24,071 [main] (ParallelMetaProducerLessBlocking.java:193) - Global results retrieved in getEdges 192ms.
 INFO 2016-03-29 11:14:24,073 [main] (ParallelMetaProducerLessBlocking.java:61) - Searching for edge : ?region igeo:subdivisionDirecte ?departement
 INFO 2016-03-29 11:14:24,073 [pool-3-thread-1] (CallableResult.java:52) - CallableResult for GetEdge
 INFO 2016-03-29 11:14:24,074 [pool-3-thread-2] (CallableResult.java:52) - CallableResult for GetEdge
 INFO 2016-03-29 11:14:24,091 [pool-3-thread-2] (CallableResult.java:63) - Finished CallableResult in 17 ms.
 INFO 2016-03-29 11:14:24,095 [pool-3-thread-1] (CallableResult.java:63) - Finished CallableResult in 22 ms.
 INFO 2016-03-29 11:14:24,096 [main] (ParallelMetaProducerLessBlocking.java:193) - Global results retrieved in getEdges 23ms.
 INFO 2016-03-29 11:14:24,096 [main] (ParallelMetaProducerLessBlocking.java:61) - Searching for edge : ?departement igeo:nom ?nom
 INFO 2016-03-29 11:14:24,096 [main] (ParallelMetaProducerLessBlocking.java:193) - Global results retrieved in getEdges 0ms.
 INFO 2016-03-29 11:14:24,097 [main] (Eval.java:2158) - 
	Get EDGE in 0ms.  
	FOR EDGE{?departement igeo:nom ?nom}

 INFO 2016-03-29 11:14:24,097 [main] (ParallelMetaProducerLessBlocking.java:61) - Searching for edge : ?departement igeo:nom ?nom
 INFO 2016-03-29 11:14:24,097 [main] (ParallelMetaProducerLessBlocking.java:193) - Global results retrieved in getEdges 0ms.
 INFO 2016-03-29 11:14:24,097 [main] (Eval.java:2158) - 
	Get EDGE in 0ms.  
	FOR EDGE{?departement igeo:nom ?nom}

 INFO 2016-03-29 11:14:24,097 [main] (ParallelMetaProducerLessBlocking.java:61) - Searching for edge : ?departement igeo:nom ?nom
 INFO 2016-03-29 11:14:24,098 [main] (ParallelMetaProducerLessBlocking.java:193) - Global results retrieved in getEdges 0ms.
 INFO 2016-03-29 11:14:24,098 [main] (Eval.java:2158) - 
	Get EDGE in 1ms.  
	FOR EDGE{?departement igeo:nom ?nom}

 INFO 2016-03-29 11:14:24,098 [main] (ParallelMetaProducerLessBlocking.java:61) - Searching for edge : ?departement igeo:nom ?nom
 INFO 2016-03-29 11:14:24,098 [main] (ParallelMetaProducerLessBlocking.java:193) - Global results retrieved in getEdges 0ms.
 INFO 2016-03-29 11:14:24,099 [main] (Eval.java:2158) - 
	Get EDGE in 1ms.  
	FOR EDGE{?departement igeo:nom ?nom}

 INFO 2016-03-29 11:14:24,099 [main] (Eval.java:2158) - 
	Get EDGE in 26ms.  
	FOR EDGE{?region igeo:subdivisionDirecte ?departement}

 INFO 2016-03-29 11:14:24,099 [main] (ParallelMetaProducerLessBlocking.java:61) - Searching for edge : ?region igeo:subdivisionDirecte ?departement
 INFO 2016-03-29 11:14:24,099 [pool-8-thread-1] (CallableResult.java:52) - CallableResult for GetEdge
 INFO 2016-03-29 11:14:24,100 [pool-8-thread-2] (CallableResult.java:52) - CallableResult for GetEdge
 INFO 2016-03-29 11:14:24,112 [pool-8-thread-2] (CallableResult.java:63) - Finished CallableResult in 12 ms.
 INFO 2016-03-29 11:14:24,112 [pool-8-thread-1] (CallableResult.java:63) - Finished CallableResult in 13 ms.
 INFO 2016-03-29 11:14:24,112 [main] (ParallelMetaProducerLessBlocking.java:193) - Global results retrieved in getEdges 13ms.
 INFO 2016-03-29 11:14:24,113 [main] (ParallelMetaProducerLessBlocking.java:61) - Searching for edge : ?departement igeo:nom ?nom
 INFO 2016-03-29 11:14:24,113 [main] (ParallelMetaProducerLessBlocking.java:193) - Global results retrieved in getEdges 0ms.
 INFO 2016-03-29 11:14:24,113 [main] (Eval.java:2158) - 
	Get EDGE in 0ms.  
	FOR EDGE{?departement igeo:nom ?nom}

 INFO 2016-03-29 11:14:24,113 [main] (ParallelMetaProducerLessBlocking.java:61) - Searching for edge : ?departement igeo:nom ?nom
 INFO 2016-03-29 11:14:24,114 [main] (ParallelMetaProducerLessBlocking.java:193) - Global results retrieved in getEdges 0ms.
 INFO 2016-03-29 11:14:24,114 [main] (Eval.java:2158) - 
	Get EDGE in 1ms.  
	FOR EDGE{?departement igeo:nom ?nom}

 INFO 2016-03-29 11:14:24,114 [main] (ParallelMetaProducerLessBlocking.java:61) - Searching for edge : ?departement igeo:nom ?nom
 INFO 2016-03-29 11:14:24,114 [main] (ParallelMetaProducerLessBlocking.java:193) - Global results retrieved in getEdges 0ms.
 INFO 2016-03-29 11:14:24,114 [main] (Eval.java:2158) - 
	Get EDGE in 0ms.  
	FOR EDGE{?departement igeo:nom ?nom}

 INFO 2016-03-29 11:14:24,115 [main] (Eval.java:2158) - 
	Get EDGE in 16ms.  
	FOR EDGE{?region igeo:subdivisionDirecte ?departement}

 INFO 2016-03-29 11:14:24,115 [main] (ParallelMetaProducerLessBlocking.java:61) - Searching for edge : ?region igeo:subdivisionDirecte ?departement
 INFO 2016-03-29 11:14:24,115 [pool-12-thread-1] (CallableResult.java:52) - CallableResult for GetEdge
 INFO 2016-03-29 11:14:24,115 [pool-12-thread-2] (CallableResult.java:52) - CallableResult for GetEdge
 INFO 2016-03-29 11:14:24,124 [pool-12-thread-2] (CallableResult.java:63) - Finished CallableResult in 9 ms.
 INFO 2016-03-29 11:14:24,124 [pool-12-thread-1] (CallableResult.java:63) - Finished CallableResult in 9 ms.
 INFO 2016-03-29 11:14:24,125 [main] (ParallelMetaProducerLessBlocking.java:193) - Global results retrieved in getEdges 10ms.
 INFO 2016-03-29 11:14:24,125 [main] (ParallelMetaProducerLessBlocking.java:61) - Searching for edge : ?departement igeo:nom ?nom
 INFO 2016-03-29 11:14:24,126 [main] (ParallelMetaProducerLessBlocking.java:193) - Global results retrieved in getEdges 0ms.
 INFO 2016-03-29 11:14:24,126 [main] (Eval.java:2158) - 
	Get EDGE in 1ms.  
	FOR EDGE{?departement igeo:nom ?nom}

 INFO 2016-03-29 11:14:24,126 [main] (ParallelMetaProducerLessBlocking.java:61) - Searching for edge : ?departement igeo:nom ?nom
 INFO 2016-03-29 11:14:24,126 [main] (ParallelMetaProducerLessBlocking.java:193) - Global results retrieved in getEdges 0ms.
 INFO 2016-03-29 11:14:24,127 [main] (Eval.java:2158) - 
	Get EDGE in 0ms.  
	FOR EDGE{?departement igeo:nom ?nom}

 INFO 2016-03-29 11:14:24,127 [main] (Eval.java:2158) - 
	Get EDGE in 12ms.  
	FOR EDGE{?region igeo:subdivisionDirecte ?departement}

 INFO 2016-03-29 11:14:24,127 [main] (ParallelMetaProducerLessBlocking.java:61) - Searching for edge : ?region igeo:subdivisionDirecte ?departement
 INFO 2016-03-29 11:14:24,128 [pool-15-thread-1] (CallableResult.java:52) - CallableResult for GetEdge
 INFO 2016-03-29 11:14:24,131 [pool-15-thread-2] (CallableResult.java:52) - CallableResult for GetEdge
 INFO 2016-03-29 11:14:24,158 [pool-15-thread-2] (CallableResult.java:63) - Finished CallableResult in 27 ms.
 INFO 2016-03-29 11:14:24,160 [pool-15-thread-1] (CallableResult.java:63) - Finished CallableResult in 32 ms.
 INFO 2016-03-29 11:14:24,161 [main] (ParallelMetaProducerLessBlocking.java:193) - Global results retrieved in getEdges 31ms.
 INFO 2016-03-29 11:14:24,162 [main] (ParallelMetaProducerLessBlocking.java:61) - Searching for edge : ?departement igeo:nom ?nom
 INFO 2016-03-29 11:14:24,162 [main] (ParallelMetaProducerLessBlocking.java:193) - Global results retrieved in getEdges 0ms.
 INFO 2016-03-29 11:14:24,163 [main] (Eval.java:2158) - 
	Get EDGE in 1ms.  
	FOR EDGE{?departement igeo:nom ?nom}

 INFO 2016-03-29 11:14:24,163 [main] (ParallelMetaProducerLessBlocking.java:61) - Searching for edge : ?departement igeo:nom ?nom
 INFO 2016-03-29 11:14:24,164 [main] (ParallelMetaProducerLessBlocking.java:193) - Global results retrieved in getEdges 0ms.
 INFO 2016-03-29 11:14:24,164 [main] (Eval.java:2158) - 
	Get EDGE in 1ms.  
	FOR EDGE{?departement igeo:nom ?nom}

 INFO 2016-03-29 11:14:24,164 [main] (ParallelMetaProducerLessBlocking.java:61) - Searching for edge : ?departement igeo:nom ?nom
 INFO 2016-03-29 11:14:24,164 [main] (ParallelMetaProducerLessBlocking.java:193) - Global results retrieved in getEdges 0ms.
 INFO 2016-03-29 11:14:24,164 [main] (Eval.java:2158) - 
	Get EDGE in 0ms.  
	FOR EDGE{?departement igeo:nom ?nom}

 INFO 2016-03-29 11:14:24,164 [main] (ParallelMetaProducerLessBlocking.java:61) - Searching for edge : ?departement igeo:nom ?nom
 INFO 2016-03-29 11:14:24,164 [main] (ParallelMetaProducerLessBlocking.java:193) - Global results retrieved in getEdges 0ms.
 INFO 2016-03-29 11:14:24,165 [main] (Eval.java:2158) - 
	Get EDGE in 1ms.  
	FOR EDGE{?departement igeo:nom ?nom}

 INFO 2016-03-29 11:14:24,165 [main] (ParallelMetaProducerLessBlocking.java:61) - Searching for edge : ?departement igeo:nom ?nom
 INFO 2016-03-29 11:14:24,165 [main] (ParallelMetaProducerLessBlocking.java:193) - Global results retrieved in getEdges 0ms.
 INFO 2016-03-29 11:14:24,165 [main] (Eval.java:2158) - 
	Get EDGE in 0ms.  
	FOR EDGE{?departement igeo:nom ?nom}

 INFO 2016-03-29 11:14:24,165 [main] (ParallelMetaProducerLessBlocking.java:61) - Searching for edge : ?departement igeo:nom ?nom
 INFO 2016-03-29 11:14:24,166 [main] (ParallelMetaProducerLessBlocking.java:193) - Global results retrieved in getEdges 0ms.
 INFO 2016-03-29 11:14:24,166 [main] (Eval.java:2158) - 
	Get EDGE in 1ms.  
	FOR EDGE{?departement igeo:nom ?nom}

 INFO 2016-03-29 11:14:24,166 [main] (ParallelMetaProducerLessBlocking.java:61) - Searching for edge : ?departement igeo:nom ?nom
 INFO 2016-03-29 11:14:24,166 [main] (ParallelMetaProducerLessBlocking.java:193) - Global results retrieved in getEdges 0ms.
 INFO 2016-03-29 11:14:24,167 [main] (Eval.java:2158) - 
	Get EDGE in 1ms.  
	FOR EDGE{?departement igeo:nom ?nom}

 INFO 2016-03-29 11:14:24,167 [main] (ParallelMetaProducerLessBlocking.java:61) - Searching for edge : ?departement igeo:nom ?nom
 INFO 2016-03-29 11:14:24,168 [main] (ParallelMetaProducerLessBlocking.java:193) - Global results retrieved in getEdges 0ms.
 INFO 2016-03-29 11:14:24,168 [main] (Eval.java:2158) - 
	Get EDGE in 1ms.  
	FOR EDGE{?departement igeo:nom ?nom}

 INFO 2016-03-29 11:14:24,168 [main] (Eval.java:2158) - 
	Get EDGE in 41ms.  
	FOR EDGE{?region igeo:subdivisionDirecte ?departement}

 INFO 2016-03-29 11:14:24,168 [main] (ParallelMetaProducerLessBlocking.java:61) - Searching for edge : ?region igeo:subdivisionDirecte ?departement
 INFO 2016-03-29 11:14:24,169 [pool-24-thread-1] (CallableResult.java:52) - CallableResult for GetEdge
 INFO 2016-03-29 11:14:24,169 [pool-24-thread-2] (CallableResult.java:52) - CallableResult for GetEdge
 INFO 2016-03-29 11:14:24,189 [pool-24-thread-1] (CallableResult.java:63) - Finished CallableResult in 20 ms.
 INFO 2016-03-29 11:14:24,189 [pool-24-thread-2] (CallableResult.java:63) - Finished CallableResult in 20 ms.
 INFO 2016-03-29 11:14:24,190 [main] (ParallelMetaProducerLessBlocking.java:193) - Global results retrieved in getEdges 21ms.
 INFO 2016-03-29 11:14:24,190 [main] (ParallelMetaProducerLessBlocking.java:61) - Searching for edge : ?departement igeo:nom ?nom
 INFO 2016-03-29 11:14:24,190 [main] (ParallelMetaProducerLessBlocking.java:193) - Global results retrieved in getEdges 0ms.
 INFO 2016-03-29 11:14:24,191 [main] (Eval.java:2158) - 
	Get EDGE in 1ms.  
	FOR EDGE{?departement igeo:nom ?nom}

 INFO 2016-03-29 11:14:24,191 [main] (ParallelMetaProducerLessBlocking.java:61) - Searching for edge : ?departement igeo:nom ?nom
 INFO 2016-03-29 11:14:24,191 [main] (ParallelMetaProducerLessBlocking.java:193) - Global results retrieved in getEdges 0ms.
 INFO 2016-03-29 11:14:24,191 [main] (Eval.java:2158) - 
	Get EDGE in 0ms.  
	FOR EDGE{?departement igeo:nom ?nom}

 INFO 2016-03-29 11:14:24,191 [main] (ParallelMetaProducerLessBlocking.java:61) - Searching for edge : ?departement igeo:nom ?nom
 INFO 2016-03-29 11:14:24,191 [main] (ParallelMetaProducerLessBlocking.java:193) - Global results retrieved in getEdges 0ms.
 INFO 2016-03-29 11:14:24,191 [main] (Eval.java:2158) - 
	Get EDGE in 0ms.  
	FOR EDGE{?departement igeo:nom ?nom}

 INFO 2016-03-29 11:14:24,192 [main] (ParallelMetaProducerLessBlocking.java:61) - Searching for edge : ?departement igeo:nom ?nom
 INFO 2016-03-29 11:14:24,192 [main] (ParallelMetaProducerLessBlocking.java:193) - Global results retrieved in getEdges 0ms.
 INFO 2016-03-29 11:14:24,192 [main] (Eval.java:2158) - 
	Get EDGE in 0ms.  
	FOR EDGE{?departement igeo:nom ?nom}

 INFO 2016-03-29 11:14:24,192 [main] (ParallelMetaProducerLessBlocking.java:61) - Searching for edge : ?departement igeo:nom ?nom
 INFO 2016-03-29 11:14:24,192 [main] (ParallelMetaProducerLessBlocking.java:193) - Global results retrieved in getEdges 0ms.
 INFO 2016-03-29 11:14:24,192 [main] (Eval.java:2158) - 
	Get EDGE in 0ms.  
	FOR EDGE{?departement igeo:nom ?nom}

 INFO 2016-03-29 11:14:24,193 [main] (ParallelMetaProducerLessBlocking.java:61) - Searching for edge : ?departement igeo:nom ?nom
 INFO 2016-03-29 11:14:24,193 [main] (ParallelMetaProducerLessBlocking.java:193) - Global results retrieved in getEdges 0ms.
 INFO 2016-03-29 11:14:24,194 [main] (Eval.java:2158) - 
	Get EDGE in 1ms.  
	FOR EDGE{?departement igeo:nom ?nom}

 INFO 2016-03-29 11:14:24,194 [main] (ParallelMetaProducerLessBlocking.java:61) - Searching for edge : ?departement igeo:nom ?nom
 INFO 2016-03-29 11:14:24,195 [main] (ParallelMetaProducerLessBlocking.java:193) - Global results retrieved in getEdges 0ms.
 INFO 2016-03-29 11:14:24,195 [main] (Eval.java:2158) - 
	Get EDGE in 1ms.  
	FOR EDGE{?departement igeo:nom ?nom}

 INFO 2016-03-29 11:14:24,195 [main] (ParallelMetaProducerLessBlocking.java:61) - Searching for edge : ?departement igeo:nom ?nom
 INFO 2016-03-29 11:14:24,196 [main] (ParallelMetaProducerLessBlocking.java:193) - Global results retrieved in getEdges 0ms.
 INFO 2016-03-29 11:14:24,196 [main] (Eval.java:2158) - 
	Get EDGE in 1ms.  
	FOR EDGE{?departement igeo:nom ?nom}

 INFO 2016-03-29 11:14:24,196 [main] (Eval.java:2158) - 
	Get EDGE in 28ms.  
	FOR EDGE{?region igeo:subdivisionDirecte ?departement}

 INFO 2016-03-29 11:14:24,197 [main] (ParallelMetaProducerLessBlocking.java:61) - Searching for edge : ?region igeo:subdivisionDirecte ?departement
 INFO 2016-03-29 11:14:24,197 [pool-33-thread-1] (CallableResult.java:52) - CallableResult for GetEdge
 INFO 2016-03-29 11:14:24,197 [pool-33-thread-2] (CallableResult.java:52) - CallableResult for GetEdge
 INFO 2016-03-29 11:14:24,209 [pool-33-thread-2] (CallableResult.java:63) - Finished CallableResult in 12 ms.
 INFO 2016-03-29 11:14:24,209 [pool-33-thread-1] (CallableResult.java:63) - Finished CallableResult in 12 ms.
 INFO 2016-03-29 11:14:24,209 [main] (ParallelMetaProducerLessBlocking.java:193) - Global results retrieved in getEdges 12ms.
 INFO 2016-03-29 11:14:24,209 [main] (ParallelMetaProducerLessBlocking.java:61) - Searching for edge : ?departement igeo:nom ?nom
 INFO 2016-03-29 11:14:24,209 [main] (ParallelMetaProducerLessBlocking.java:193) - Global results retrieved in getEdges 0ms.
 INFO 2016-03-29 11:14:24,210 [main] (Eval.java:2158) - 
	Get EDGE in 1ms.  
	FOR EDGE{?departement igeo:nom ?nom}

 INFO 2016-03-29 11:14:24,210 [main] (ParallelMetaProducerLessBlocking.java:61) - Searching for edge : ?departement igeo:nom ?nom
 INFO 2016-03-29 11:14:24,210 [main] (ParallelMetaProducerLessBlocking.java:193) - Global results retrieved in getEdges 0ms.
 INFO 2016-03-29 11:14:24,210 [main] (Eval.java:2158) - 
	Get EDGE in 0ms.  
	FOR EDGE{?departement igeo:nom ?nom}

 INFO 2016-03-29 11:14:24,210 [main] (ParallelMetaProducerLessBlocking.java:61) - Searching for edge : ?departement igeo:nom ?nom
 INFO 2016-03-29 11:14:24,210 [main] (ParallelMetaProducerLessBlocking.java:193) - Global results retrieved in getEdges 0ms.
 INFO 2016-03-29 11:14:24,210 [main] (Eval.java:2158) - 
	Get EDGE in 0ms.  
	FOR EDGE{?departement igeo:nom ?nom}

 INFO 2016-03-29 11:14:24,210 [main] (ParallelMetaProducerLessBlocking.java:61) - Searching for edge : ?departement igeo:nom ?nom
 INFO 2016-03-29 11:14:24,211 [main] (ParallelMetaProducerLessBlocking.java:193) - Global results retrieved in getEdges 0ms.
 INFO 2016-03-29 11:14:24,211 [main] (Eval.java:2158) - 
	Get EDGE in 1ms.  
	FOR EDGE{?departement igeo:nom ?nom}

 INFO 2016-03-29 11:14:24,212 [main] (Eval.java:2158) - 
	Get EDGE in 15ms.  
	FOR EDGE{?region igeo:subdivisionDirecte ?departement}

 INFO 2016-03-29 11:14:24,212 [main] (ParallelMetaProducerLessBlocking.java:61) - Searching for edge : ?region igeo:subdivisionDirecte ?departement
 INFO 2016-03-29 11:14:24,212 [pool-38-thread-1] (CallableResult.java:52) - CallableResult for GetEdge
 INFO 2016-03-29 11:14:24,212 [pool-38-thread-2] (CallableResult.java:52) - CallableResult for GetEdge
 INFO 2016-03-29 11:14:24,226 [pool-38-thread-2] (CallableResult.java:63) - Finished CallableResult in 14 ms.
 INFO 2016-03-29 11:14:24,226 [pool-38-thread-1] (CallableResult.java:63) - Finished CallableResult in 14 ms.
 INFO 2016-03-29 11:14:24,227 [main] (ParallelMetaProducerLessBlocking.java:193) - Global results retrieved in getEdges 15ms.
 INFO 2016-03-29 11:14:24,227 [main] (ParallelMetaProducerLessBlocking.java:61) - Searching for edge : ?departement igeo:nom ?nom
 INFO 2016-03-29 11:14:24,227 [main] (ParallelMetaProducerLessBlocking.java:193) - Global results retrieved in getEdges 0ms.
 INFO 2016-03-29 11:14:24,227 [main] (Eval.java:2158) - 
	Get EDGE in 0ms.  
	FOR EDGE{?departement igeo:nom ?nom}

 INFO 2016-03-29 11:14:24,227 [main] (ParallelMetaProducerLessBlocking.java:61) - Searching for edge : ?departement igeo:nom ?nom
 INFO 2016-03-29 11:14:24,228 [main] (ParallelMetaProducerLessBlocking.java:193) - Global results retrieved in getEdges 0ms.
 INFO 2016-03-29 11:14:24,228 [main] (Eval.java:2158) - 
	Get EDGE in 1ms.  
	FOR EDGE{?departement igeo:nom ?nom}

 INFO 2016-03-29 11:14:24,228 [main] (ParallelMetaProducerLessBlocking.java:61) - Searching for edge : ?departement igeo:nom ?nom
 INFO 2016-03-29 11:14:24,228 [main] (ParallelMetaProducerLessBlocking.java:193) - Global results retrieved in getEdges 0ms.
 INFO 2016-03-29 11:14:24,228 [main] (Eval.java:2158) - 
	Get EDGE in 0ms.  
	FOR EDGE{?departement igeo:nom ?nom}

 INFO 2016-03-29 11:14:24,228 [main] (ParallelMetaProducerLessBlocking.java:61) - Searching for edge : ?departement igeo:nom ?nom
 INFO 2016-03-29 11:14:24,228 [main] (ParallelMetaProducerLessBlocking.java:193) - Global results retrieved in getEdges 0ms.
 INFO 2016-03-29 11:14:24,228 [main] (Eval.java:2158) - 
	Get EDGE in 0ms.  
	FOR EDGE{?departement igeo:nom ?nom}

 INFO 2016-03-29 11:14:24,229 [main] (ParallelMetaProducerLessBlocking.java:61) - Searching for edge : ?departement igeo:nom ?nom
 INFO 2016-03-29 11:14:24,229 [main] (ParallelMetaProducerLessBlocking.java:193) - Global results retrieved in getEdges 0ms.
 INFO 2016-03-29 11:14:24,229 [main] (Eval.java:2158) - 
	Get EDGE in 0ms.  
	FOR EDGE{?departement igeo:nom ?nom}

 INFO 2016-03-29 11:14:24,229 [main] (Eval.java:2158) - 
	Get EDGE in 17ms.  
	FOR EDGE{?region igeo:subdivisionDirecte ?departement}

 INFO 2016-03-29 11:14:24,229 [main] (ParallelMetaProducerLessBlocking.java:61) - Searching for edge : ?region igeo:subdivisionDirecte ?departement
 INFO 2016-03-29 11:14:24,229 [pool-44-thread-2] (CallableResult.java:52) - CallableResult for GetEdge
 INFO 2016-03-29 11:14:24,229 [pool-44-thread-1] (CallableResult.java:52) - CallableResult for GetEdge
 INFO 2016-03-29 11:14:24,239 [pool-44-thread-1] (CallableResult.java:63) - Finished CallableResult in 10 ms.
 INFO 2016-03-29 11:14:24,240 [pool-44-thread-2] (CallableResult.java:63) - Finished CallableResult in 11 ms.
 INFO 2016-03-29 11:14:24,240 [main] (ParallelMetaProducerLessBlocking.java:193) - Global results retrieved in getEdges 11ms.
 INFO 2016-03-29 11:14:24,240 [main] (ParallelMetaProducerLessBlocking.java:61) - Searching for edge : ?departement igeo:nom ?nom
 INFO 2016-03-29 11:14:24,240 [main] (ParallelMetaProducerLessBlocking.java:193) - Global results retrieved in getEdges 0ms.
 INFO 2016-03-29 11:14:24,240 [main] (Eval.java:2158) - 
	Get EDGE in 0ms.  
	FOR EDGE{?departement igeo:nom ?nom}

 INFO 2016-03-29 11:14:24,240 [main] (ParallelMetaProducerLessBlocking.java:61) - Searching for edge : ?departement igeo:nom ?nom
 INFO 2016-03-29 11:14:24,241 [main] (ParallelMetaProducerLessBlocking.java:193) - Global results retrieved in getEdges 0ms.
 INFO 2016-03-29 11:14:24,241 [main] (Eval.java:2158) - 
	Get EDGE in 1ms.  
	FOR EDGE{?departement igeo:nom ?nom}

 INFO 2016-03-29 11:14:24,241 [main] (ParallelMetaProducerLessBlocking.java:61) - Searching for edge : ?departement igeo:nom ?nom
 INFO 2016-03-29 11:14:24,241 [main] (ParallelMetaProducerLessBlocking.java:193) - Global results retrieved in getEdges 0ms.
 INFO 2016-03-29 11:14:24,241 [main] (Eval.java:2158) - 
	Get EDGE in 0ms.  
	FOR EDGE{?departement igeo:nom ?nom}

 INFO 2016-03-29 11:14:24,241 [main] (ParallelMetaProducerLessBlocking.java:61) - Searching for edge : ?departement igeo:nom ?nom
 INFO 2016-03-29 11:14:24,241 [main] (ParallelMetaProducerLessBlocking.java:193) - Global results retrieved in getEdges 0ms.
 INFO 2016-03-29 11:14:24,241 [main] (Eval.java:2158) - 
	Get EDGE in 0ms.  
	FOR EDGE{?departement igeo:nom ?nom}

 INFO 2016-03-29 11:14:24,242 [main] (Eval.java:2158) - 
	Get EDGE in 13ms.  
	FOR EDGE{?region igeo:subdivisionDirecte ?departement}

 INFO 2016-03-29 11:14:24,242 [main] (ParallelMetaProducerLessBlocking.java:61) - Searching for edge : ?region igeo:subdivisionDirecte ?departement
 INFO 2016-03-29 11:14:24,242 [pool-49-thread-1] (CallableResult.java:52) - CallableResult for GetEdge
 INFO 2016-03-29 11:14:24,242 [pool-49-thread-2] (CallableResult.java:52) - CallableResult for GetEdge
 INFO 2016-03-29 11:14:24,251 [pool-49-thread-1] (CallableResult.java:63) - Finished CallableResult in 8 ms.
 INFO 2016-03-29 11:14:24,251 [pool-49-thread-2] (CallableResult.java:63) - Finished CallableResult in 9 ms.
 INFO 2016-03-29 11:14:24,252 [main] (ParallelMetaProducerLessBlocking.java:193) - Global results retrieved in getEdges 10ms.
 INFO 2016-03-29 11:14:24,252 [main] (ParallelMetaProducerLessBlocking.java:61) - Searching for edge : ?departement igeo:nom ?nom
 INFO 2016-03-29 11:14:24,252 [main] (ParallelMetaProducerLessBlocking.java:193) - Global results retrieved in getEdges 0ms.
 INFO 2016-03-29 11:14:24,252 [main] (Eval.java:2158) - 
	Get EDGE in 0ms.  
	FOR EDGE{?departement igeo:nom ?nom}

 INFO 2016-03-29 11:14:24,252 [main] (ParallelMetaProducerLessBlocking.java:61) - Searching for edge : ?departement igeo:nom ?nom
 INFO 2016-03-29 11:14:24,252 [main] (ParallelMetaProducerLessBlocking.java:193) - Global results retrieved in getEdges 0ms.
 INFO 2016-03-29 11:14:24,253 [main] (Eval.java:2158) - 
	Get EDGE in 1ms.  
	FOR EDGE{?departement igeo:nom ?nom}

 INFO 2016-03-29 11:14:24,253 [main] (ParallelMetaProducerLessBlocking.java:61) - Searching for edge : ?departement igeo:nom ?nom
 INFO 2016-03-29 11:14:24,253 [main] (ParallelMetaProducerLessBlocking.java:193) - Global results retrieved in getEdges 0ms.
 INFO 2016-03-29 11:14:24,253 [main] (Eval.java:2158) - 
	Get EDGE in 0ms.  
	FOR EDGE{?departement igeo:nom ?nom}

 INFO 2016-03-29 11:14:24,253 [main] (Eval.java:2158) - 
	Get EDGE in 11ms.  
	FOR EDGE{?region igeo:subdivisionDirecte ?departement}

 INFO 2016-03-29 11:14:24,253 [main] (ParallelMetaProducerLessBlocking.java:61) - Searching for edge : ?region igeo:subdivisionDirecte ?departement
 INFO 2016-03-29 11:14:24,254 [pool-53-thread-1] (CallableResult.java:52) - CallableResult for GetEdge
 INFO 2016-03-29 11:14:24,254 [pool-53-thread-2] (CallableResult.java:52) - CallableResult for GetEdge
 INFO 2016-03-29 11:14:24,268 [pool-53-thread-2] (CallableResult.java:63) - Finished CallableResult in 14 ms.
 INFO 2016-03-29 11:14:24,268 [pool-53-thread-1] (CallableResult.java:63) - Finished CallableResult in 14 ms.
 INFO 2016-03-29 11:14:24,268 [main] (ParallelMetaProducerLessBlocking.java:193) - Global results retrieved in getEdges 14ms.
 INFO 2016-03-29 11:14:24,268 [main] (ParallelMetaProducerLessBlocking.java:61) - Searching for edge : ?departement igeo:nom ?nom
 INFO 2016-03-29 11:14:24,269 [main] (ParallelMetaProducerLessBlocking.java:193) - Global results retrieved in getEdges 0ms.
 INFO 2016-03-29 11:14:24,269 [main] (Eval.java:2158) - 
	Get EDGE in 1ms.  
	FOR EDGE{?departement igeo:nom ?nom}

 INFO 2016-03-29 11:14:24,269 [main] (ParallelMetaProducerLessBlocking.java:61) - Searching for edge : ?departement igeo:nom ?nom
 INFO 2016-03-29 11:14:24,269 [main] (ParallelMetaProducerLessBlocking.java:193) - Global results retrieved in getEdges 0ms.
 INFO 2016-03-29 11:14:24,269 [main] (Eval.java:2158) - 
	Get EDGE in 0ms.  
	FOR EDGE{?departement igeo:nom ?nom}

 INFO 2016-03-29 11:14:24,269 [main] (ParallelMetaProducerLessBlocking.java:61) - Searching for edge : ?departement igeo:nom ?nom
 INFO 2016-03-29 11:14:24,269 [main] (ParallelMetaProducerLessBlocking.java:193) - Global results retrieved in getEdges 0ms.
 INFO 2016-03-29 11:14:24,270 [main] (Eval.java:2158) - 
	Get EDGE in 0ms.  
	FOR EDGE{?departement igeo:nom ?nom}

 INFO 2016-03-29 11:14:24,270 [main] (ParallelMetaProducerLessBlocking.java:61) - Searching for edge : ?departement igeo:nom ?nom
 INFO 2016-03-29 11:14:24,270 [main] (ParallelMetaProducerLessBlocking.java:193) - Global results retrieved in getEdges 0ms.
 INFO 2016-03-29 11:14:24,270 [main] (Eval.java:2158) - 
	Get EDGE in 0ms.  
	FOR EDGE{?departement igeo:nom ?nom}

 INFO 2016-03-29 11:14:24,270 [main] (ParallelMetaProducerLessBlocking.java:61) - Searching for edge : ?departement igeo:nom ?nom
 INFO 2016-03-29 11:14:24,270 [main] (ParallelMetaProducerLessBlocking.java:193) - Global results retrieved in getEdges 0ms.
 INFO 2016-03-29 11:14:24,271 [main] (Eval.java:2158) - 
	Get EDGE in 1ms.  
	FOR EDGE{?departement igeo:nom ?nom}

 INFO 2016-03-29 11:14:24,271 [main] (ParallelMetaProducerLessBlocking.java:61) - Searching for edge : ?departement igeo:nom ?nom
 INFO 2016-03-29 11:14:24,272 [main] (ParallelMetaProducerLessBlocking.java:193) - Global results retrieved in getEdges 0ms.
 INFO 2016-03-29 11:14:24,272 [main] (Eval.java:2158) - 
	Get EDGE in 1ms.  
	FOR EDGE{?departement igeo:nom ?nom}

 INFO 2016-03-29 11:14:24,272 [main] (Eval.java:2158) - 
	Get EDGE in 19ms.  
	FOR EDGE{?region igeo:subdivisionDirecte ?departement}

 INFO 2016-03-29 11:14:24,273 [main] (ParallelMetaProducerLessBlocking.java:61) - Searching for edge : ?region igeo:subdivisionDirecte ?departement
 INFO 2016-03-29 11:14:24,273 [pool-60-thread-1] (CallableResult.java:52) - CallableResult for GetEdge
 INFO 2016-03-29 11:14:24,273 [pool-60-thread-2] (CallableResult.java:52) - CallableResult for GetEdge
 INFO 2016-03-29 11:14:24,283 [pool-60-thread-2] (CallableResult.java:63) - Finished CallableResult in 10 ms.
 INFO 2016-03-29 11:14:24,284 [pool-60-thread-1] (CallableResult.java:63) - Finished CallableResult in 11 ms.
 INFO 2016-03-29 11:14:24,286 [main] (ParallelMetaProducerLessBlocking.java:193) - Global results retrieved in getEdges 13ms.
 INFO 2016-03-29 11:14:24,286 [main] (ParallelMetaProducerLessBlocking.java:61) - Searching for edge : ?departement igeo:nom ?nom
 INFO 2016-03-29 11:14:24,287 [main] (ParallelMetaProducerLessBlocking.java:193) - Global results retrieved in getEdges 0ms.
 INFO 2016-03-29 11:14:24,287 [main] (Eval.java:2158) - 
	Get EDGE in 1ms.  
	FOR EDGE{?departement igeo:nom ?nom}

 INFO 2016-03-29 11:14:24,287 [main] (ParallelMetaProducerLessBlocking.java:61) - Searching for edge : ?departement igeo:nom ?nom
 INFO 2016-03-29 11:14:24,287 [main] (ParallelMetaProducerLessBlocking.java:193) - Global results retrieved in getEdges 0ms.
 INFO 2016-03-29 11:14:24,288 [main] (Eval.java:2158) - 
	Get EDGE in 1ms.  
	FOR EDGE{?departement igeo:nom ?nom}

 INFO 2016-03-29 11:14:24,288 [main] (Eval.java:2158) - 
	Get EDGE in 15ms.  
	FOR EDGE{?region igeo:subdivisionDirecte ?departement}

 INFO 2016-03-29 11:14:24,288 [main] (ParallelMetaProducerLessBlocking.java:61) - Searching for edge : ?region igeo:subdivisionDirecte ?departement
 INFO 2016-03-29 11:14:24,288 [pool-63-thread-1] (CallableResult.java:52) - CallableResult for GetEdge
 INFO 2016-03-29 11:14:24,289 [pool-63-thread-2] (CallableResult.java:52) - CallableResult for GetEdge
 INFO 2016-03-29 11:14:24,297 [pool-63-thread-1] (CallableResult.java:63) - Finished CallableResult in 9 ms.
 INFO 2016-03-29 11:14:24,298 [pool-63-thread-2] (CallableResult.java:63) - Finished CallableResult in 9 ms.
 INFO 2016-03-29 11:14:24,298 [main] (ParallelMetaProducerLessBlocking.java:193) - Global results retrieved in getEdges 10ms.
 INFO 2016-03-29 11:14:24,298 [main] (ParallelMetaProducerLessBlocking.java:61) - Searching for edge : ?departement igeo:nom ?nom
 INFO 2016-03-29 11:14:24,298 [main] (ParallelMetaProducerLessBlocking.java:193) - Global results retrieved in getEdges 0ms.
 INFO 2016-03-29 11:14:24,298 [main] (Eval.java:2158) - 
	Get EDGE in 0ms.  
	FOR EDGE{?departement igeo:nom ?nom}

 INFO 2016-03-29 11:14:24,298 [main] (ParallelMetaProducerLessBlocking.java:61) - Searching for edge : ?departement igeo:nom ?nom
 INFO 2016-03-29 11:14:24,299 [main] (ParallelMetaProducerLessBlocking.java:193) - Global results retrieved in getEdges 0ms.
 INFO 2016-03-29 11:14:24,299 [main] (Eval.java:2158) - 
	Get EDGE in 1ms.  
	FOR EDGE{?departement igeo:nom ?nom}

 INFO 2016-03-29 11:14:24,299 [main] (ParallelMetaProducerLessBlocking.java:61) - Searching for edge : ?departement igeo:nom ?nom
 INFO 2016-03-29 11:14:24,299 [main] (ParallelMetaProducerLessBlocking.java:193) - Global results retrieved in getEdges 0ms.
 INFO 2016-03-29 11:14:24,299 [main] (Eval.java:2158) - 
	Get EDGE in 0ms.  
	FOR EDGE{?departement igeo:nom ?nom}

 INFO 2016-03-29 11:14:24,299 [main] (ParallelMetaProducerLessBlocking.java:61) - Searching for edge : ?departement igeo:nom ?nom
 INFO 2016-03-29 11:14:24,299 [main] (ParallelMetaProducerLessBlocking.java:193) - Global results retrieved in getEdges 0ms.
 INFO 2016-03-29 11:14:24,299 [main] (Eval.java:2158) - 
	Get EDGE in 0ms.  
	FOR EDGE{?departement igeo:nom ?nom}

 INFO 2016-03-29 11:14:24,299 [main] (Eval.java:2158) - 
	Get EDGE in 11ms.  
	FOR EDGE{?region igeo:subdivisionDirecte ?departement}

 INFO 2016-03-29 11:14:24,300 [main] (ParallelMetaProducerLessBlocking.java:61) - Searching for edge : ?region igeo:subdivisionDirecte ?departement
 INFO 2016-03-29 11:14:24,300 [pool-68-thread-1] (CallableResult.java:52) - CallableResult for GetEdge
 INFO 2016-03-29 11:14:24,300 [pool-68-thread-2] (CallableResult.java:52) - CallableResult for GetEdge
 INFO 2016-03-29 11:14:24,309 [pool-68-thread-1] (CallableResult.java:63) - Finished CallableResult in 9 ms.
 INFO 2016-03-29 11:14:24,316 [pool-68-thread-2] (CallableResult.java:63) - Finished CallableResult in 16 ms.
 INFO 2016-03-29 11:14:24,316 [main] (ParallelMetaProducerLessBlocking.java:193) - Global results retrieved in getEdges 16ms.
 INFO 2016-03-29 11:14:24,317 [main] (ParallelMetaProducerLessBlocking.java:61) - Searching for edge : ?departement igeo:nom ?nom
 INFO 2016-03-29 11:14:24,317 [main] (ParallelMetaProducerLessBlocking.java:193) - Global results retrieved in getEdges 0ms.
 INFO 2016-03-29 11:14:24,317 [main] (Eval.java:2158) - 
	Get EDGE in 0ms.  
	FOR EDGE{?departement igeo:nom ?nom}

 INFO 2016-03-29 11:14:24,317 [main] (ParallelMetaProducerLessBlocking.java:61) - Searching for edge : ?departement igeo:nom ?nom
 INFO 2016-03-29 11:14:24,318 [main] (ParallelMetaProducerLessBlocking.java:193) - Global results retrieved in getEdges 0ms.
 INFO 2016-03-29 11:14:24,318 [main] (Eval.java:2158) - 
	Get EDGE in 1ms.  
	FOR EDGE{?departement igeo:nom ?nom}

 INFO 2016-03-29 11:14:24,318 [main] (ParallelMetaProducerLessBlocking.java:61) - Searching for edge : ?departement igeo:nom ?nom
 INFO 2016-03-29 11:14:24,318 [main] (ParallelMetaProducerLessBlocking.java:193) - Global results retrieved in getEdges 0ms.
 INFO 2016-03-29 11:14:24,318 [main] (Eval.java:2158) - 
	Get EDGE in 0ms.  
	FOR EDGE{?departement igeo:nom ?nom}

 INFO 2016-03-29 11:14:24,318 [main] (ParallelMetaProducerLessBlocking.java:61) - Searching for edge : ?departement igeo:nom ?nom
 INFO 2016-03-29 11:14:24,319 [main] (ParallelMetaProducerLessBlocking.java:193) - Global results retrieved in getEdges 0ms.
 INFO 2016-03-29 11:14:24,319 [main] (Eval.java:2158) - 
	Get EDGE in 1ms.  
	FOR EDGE{?departement igeo:nom ?nom}

 INFO 2016-03-29 11:14:24,319 [main] (Eval.java:2158) - 
	Get EDGE in 19ms.  
	FOR EDGE{?region igeo:subdivisionDirecte ?departement}

 INFO 2016-03-29 11:14:24,319 [main] (ParallelMetaProducerLessBlocking.java:61) - Searching for edge : ?region igeo:subdivisionDirecte ?departement
 INFO 2016-03-29 11:14:24,319 [pool-73-thread-1] (CallableResult.java:52) - CallableResult for GetEdge
 INFO 2016-03-29 11:14:24,319 [pool-73-thread-2] (CallableResult.java:52) - CallableResult for GetEdge
 INFO 2016-03-29 11:14:24,333 [pool-73-thread-2] (CallableResult.java:63) - Finished CallableResult in 14 ms.
 INFO 2016-03-29 11:14:24,334 [pool-73-thread-1] (CallableResult.java:63) - Finished CallableResult in 15 ms.
 INFO 2016-03-29 11:14:24,334 [main] (ParallelMetaProducerLessBlocking.java:193) - Global results retrieved in getEdges 15ms.
 INFO 2016-03-29 11:14:24,335 [main] (ParallelMetaProducerLessBlocking.java:61) - Searching for edge : ?departement igeo:nom ?nom
 INFO 2016-03-29 11:14:24,335 [main] (ParallelMetaProducerLessBlocking.java:193) - Global results retrieved in getEdges 0ms.
 INFO 2016-03-29 11:14:24,335 [main] (Eval.java:2158) - 
	Get EDGE in 0ms.  
	FOR EDGE{?departement igeo:nom ?nom}

 INFO 2016-03-29 11:14:24,335 [main] (ParallelMetaProducerLessBlocking.java:61) - Searching for edge : ?departement igeo:nom ?nom
 INFO 2016-03-29 11:14:24,335 [main] (ParallelMetaProducerLessBlocking.java:193) - Global results retrieved in getEdges 0ms.
 INFO 2016-03-29 11:14:24,335 [main] (Eval.java:2158) - 
	Get EDGE in 0ms.  
	FOR EDGE{?departement igeo:nom ?nom}

 INFO 2016-03-29 11:14:24,335 [main] (ParallelMetaProducerLessBlocking.java:61) - Searching for edge : ?departement igeo:nom ?nom
 INFO 2016-03-29 11:14:24,335 [main] (ParallelMetaProducerLessBlocking.java:193) - Global results retrieved in getEdges 0ms.
 INFO 2016-03-29 11:14:24,336 [main] (Eval.java:2158) - 
	Get EDGE in 0ms.  
	FOR EDGE{?departement igeo:nom ?nom}

 INFO 2016-03-29 11:14:24,336 [main] (Eval.java:2158) - 
	Get EDGE in 17ms.  
	FOR EDGE{?region igeo:subdivisionDirecte ?departement}

 INFO 2016-03-29 11:14:24,336 [main] (ParallelMetaProducerLessBlocking.java:61) - Searching for edge : ?region igeo:subdivisionDirecte ?departement
 INFO 2016-03-29 11:14:24,336 [pool-77-thread-1] (CallableResult.java:52) - CallableResult for GetEdge
 INFO 2016-03-29 11:14:24,336 [pool-77-thread-2] (CallableResult.java:52) - CallableResult for GetEdge
 INFO 2016-03-29 11:14:24,347 [pool-77-thread-2] (CallableResult.java:63) - Finished CallableResult in 11 ms.
 INFO 2016-03-29 11:14:24,349 [pool-77-thread-1] (CallableResult.java:63) - Finished CallableResult in 13 ms.
 INFO 2016-03-29 11:14:24,350 [main] (ParallelMetaProducerLessBlocking.java:193) - Global results retrieved in getEdges 14ms.
 INFO 2016-03-29 11:14:24,350 [main] (ParallelMetaProducerLessBlocking.java:61) - Searching for edge : ?departement igeo:nom ?nom
 INFO 2016-03-29 11:14:24,350 [main] (ParallelMetaProducerLessBlocking.java:193) - Global results retrieved in getEdges 0ms.
 INFO 2016-03-29 11:14:24,350 [main] (Eval.java:2158) - 
	Get EDGE in 0ms.  
	FOR EDGE{?departement igeo:nom ?nom}

 INFO 2016-03-29 11:14:24,350 [main] (ParallelMetaProducerLessBlocking.java:61) - Searching for edge : ?departement igeo:nom ?nom
 INFO 2016-03-29 11:14:24,351 [main] (ParallelMetaProducerLessBlocking.java:193) - Global results retrieved in getEdges 0ms.
 INFO 2016-03-29 11:14:24,351 [main] (Eval.java:2158) - 
	Get EDGE in 1ms.  
	FOR EDGE{?departement igeo:nom ?nom}

 INFO 2016-03-29 11:14:24,351 [main] (ParallelMetaProducerLessBlocking.java:61) - Searching for edge : ?departement igeo:nom ?nom
 INFO 2016-03-29 11:14:24,351 [main] (ParallelMetaProducerLessBlocking.java:193) - Global results retrieved in getEdges 0ms.
 INFO 2016-03-29 11:14:24,351 [main] (Eval.java:2158) - 
	Get EDGE in 0ms.  
	FOR EDGE{?departement igeo:nom ?nom}

 INFO 2016-03-29 11:14:24,351 [main] (ParallelMetaProducerLessBlocking.java:61) - Searching for edge : ?departement igeo:nom ?nom
 INFO 2016-03-29 11:14:24,351 [main] (ParallelMetaProducerLessBlocking.java:193) - Global results retrieved in getEdges 0ms.
 INFO 2016-03-29 11:14:24,351 [main] (Eval.java:2158) - 
	Get EDGE in 0ms.  
	FOR EDGE{?departement igeo:nom ?nom}

 INFO 2016-03-29 11:14:24,351 [main] (Eval.java:2158) - 
	Get EDGE in 15ms.  
	FOR EDGE{?region igeo:subdivisionDirecte ?departement}

 INFO 2016-03-29 11:14:24,352 [main] (ParallelMetaProducerLessBlocking.java:61) - Searching for edge : ?region igeo:subdivisionDirecte ?departement
 INFO 2016-03-29 11:14:24,352 [pool-82-thread-1] (CallableResult.java:52) - CallableResult for GetEdge
 INFO 2016-03-29 11:14:24,352 [pool-82-thread-2] (CallableResult.java:52) - CallableResult for GetEdge
 INFO 2016-03-29 11:14:24,363 [pool-82-thread-1] (CallableResult.java:63) - Finished CallableResult in 11 ms.
 INFO 2016-03-29 11:14:24,368 [pool-82-thread-2] (CallableResult.java:63) - Finished CallableResult in 16 ms.
 INFO 2016-03-29 11:14:24,368 [main] (ParallelMetaProducerLessBlocking.java:193) - Global results retrieved in getEdges 16ms.
 INFO 2016-03-29 11:14:24,368 [main] (ParallelMetaProducerLessBlocking.java:61) - Searching for edge : ?departement igeo:nom ?nom
 INFO 2016-03-29 11:14:24,369 [main] (ParallelMetaProducerLessBlocking.java:193) - Global results retrieved in getEdges 0ms.
 INFO 2016-03-29 11:14:24,369 [main] (Eval.java:2158) - 
	Get EDGE in 1ms.  
	FOR EDGE{?departement igeo:nom ?nom}

 INFO 2016-03-29 11:14:24,369 [main] (ParallelMetaProducerLessBlocking.java:61) - Searching for edge : ?departement igeo:nom ?nom
 INFO 2016-03-29 11:14:24,369 [main] (ParallelMetaProducerLessBlocking.java:193) - Global results retrieved in getEdges 0ms.
 INFO 2016-03-29 11:14:24,369 [main] (Eval.java:2158) - 
	Get EDGE in 0ms.  
	FOR EDGE{?departement igeo:nom ?nom}

 INFO 2016-03-29 11:14:24,369 [main] (ParallelMetaProducerLessBlocking.java:61) - Searching for edge : ?departement igeo:nom ?nom
 INFO 2016-03-29 11:14:24,369 [main] (ParallelMetaProducerLessBlocking.java:193) - Global results retrieved in getEdges 0ms.
 INFO 2016-03-29 11:14:24,370 [main] (Eval.java:2158) - 
	Get EDGE in 1ms.  
	FOR EDGE{?departement igeo:nom ?nom}

 INFO 2016-03-29 11:14:24,370 [main] (ParallelMetaProducerLessBlocking.java:61) - Searching for edge : ?departement igeo:nom ?nom
 INFO 2016-03-29 11:14:24,370 [main] (ParallelMetaProducerLessBlocking.java:193) - Global results retrieved in getEdges 0ms.
 INFO 2016-03-29 11:14:24,370 [main] (Eval.java:2158) - 
	Get EDGE in 0ms.  
	FOR EDGE{?departement igeo:nom ?nom}

 INFO 2016-03-29 11:14:24,370 [main] (ParallelMetaProducerLessBlocking.java:61) - Searching for edge : ?departement igeo:nom ?nom
 INFO 2016-03-29 11:14:24,370 [main] (ParallelMetaProducerLessBlocking.java:193) - Global results retrieved in getEdges 0ms.
 INFO 2016-03-29 11:14:24,371 [main] (Eval.java:2158) - 
	Get EDGE in 1ms.  
	FOR EDGE{?departement igeo:nom ?nom}

 INFO 2016-03-29 11:14:24,371 [main] (Eval.java:2158) - 
	Get EDGE in 19ms.  
	FOR EDGE{?region igeo:subdivisionDirecte ?departement}

 INFO 2016-03-29 11:14:24,371 [main] (ParallelMetaProducerLessBlocking.java:61) - Searching for edge : ?region igeo:subdivisionDirecte ?departement
 INFO 2016-03-29 11:14:24,372 [pool-88-thread-1] (CallableResult.java:52) - CallableResult for GetEdge
 INFO 2016-03-29 11:14:24,372 [pool-88-thread-2] (CallableResult.java:52) - CallableResult for GetEdge
 INFO 2016-03-29 11:14:24,383 [pool-88-thread-2] (CallableResult.java:63) - Finished CallableResult in 11 ms.
 INFO 2016-03-29 11:14:24,383 [pool-88-thread-1] (CallableResult.java:63) - Finished CallableResult in 11 ms.
 INFO 2016-03-29 11:14:24,384 [main] (ParallelMetaProducerLessBlocking.java:193) - Global results retrieved in getEdges 12ms.
 INFO 2016-03-29 11:14:24,384 [main] (ParallelMetaProducerLessBlocking.java:61) - Searching for edge : ?departement igeo:nom ?nom
 INFO 2016-03-29 11:14:24,384 [main] (ParallelMetaProducerLessBlocking.java:193) - Global results retrieved in getEdges 0ms.
 INFO 2016-03-29 11:14:24,384 [main] (Eval.java:2158) - 
	Get EDGE in 0ms.  
	FOR EDGE{?departement igeo:nom ?nom}

 INFO 2016-03-29 11:14:24,384 [main] (ParallelMetaProducerLessBlocking.java:61) - Searching for edge : ?departement igeo:nom ?nom
 INFO 2016-03-29 11:14:24,384 [main] (ParallelMetaProducerLessBlocking.java:193) - Global results retrieved in getEdges 0ms.
 INFO 2016-03-29 11:14:24,384 [main] (Eval.java:2158) - 
	Get EDGE in 0ms.  
	FOR EDGE{?departement igeo:nom ?nom}

 INFO 2016-03-29 11:14:24,385 [main] (ParallelMetaProducerLessBlocking.java:61) - Searching for edge : ?departement igeo:nom ?nom
 INFO 2016-03-29 11:14:24,385 [main] (ParallelMetaProducerLessBlocking.java:193) - Global results retrieved in getEdges 0ms.
 INFO 2016-03-29 11:14:24,385 [main] (Eval.java:2158) - 
	Get EDGE in 0ms.  
	FOR EDGE{?departement igeo:nom ?nom}

 INFO 2016-03-29 11:14:24,385 [main] (ParallelMetaProducerLessBlocking.java:61) - Searching for edge : ?departement igeo:nom ?nom
 INFO 2016-03-29 11:14:24,385 [main] (ParallelMetaProducerLessBlocking.java:193) - Global results retrieved in getEdges 0ms.
 INFO 2016-03-29 11:14:24,385 [main] (Eval.java:2158) - 
	Get EDGE in 0ms.  
	FOR EDGE{?departement igeo:nom ?nom}

 INFO 2016-03-29 11:14:24,385 [main] (Eval.java:2158) - 
	Get EDGE in 14ms.  
	FOR EDGE{?region igeo:subdivisionDirecte ?departement}

 INFO 2016-03-29 11:14:24,385 [main] (ParallelMetaProducerLessBlocking.java:61) - Searching for edge : ?region igeo:subdivisionDirecte ?departement
 INFO 2016-03-29 11:14:24,386 [pool-93-thread-1] (CallableResult.java:52) - CallableResult for GetEdge
 INFO 2016-03-29 11:14:24,395 [pool-93-thread-2] (CallableResult.java:52) - CallableResult for GetEdge
 INFO 2016-03-29 11:14:24,399 [pool-93-thread-1] (CallableResult.java:63) - Finished CallableResult in 13 ms.
 INFO 2016-03-29 11:14:24,414 [pool-93-thread-2] (CallableResult.java:63) - Finished CallableResult in 19 ms.
 INFO 2016-03-29 11:14:24,416 [main] (ParallelMetaProducerLessBlocking.java:193) - Global results retrieved in getEdges 25ms.
 INFO 2016-03-29 11:14:24,416 [main] (ParallelMetaProducerLessBlocking.java:61) - Searching for edge : ?departement igeo:nom ?nom
 INFO 2016-03-29 11:14:24,416 [main] (ParallelMetaProducerLessBlocking.java:193) - Global results retrieved in getEdges 0ms.
 INFO 2016-03-29 11:14:24,416 [main] (Eval.java:2158) - 
	Get EDGE in 0ms.  
	FOR EDGE{?departement igeo:nom ?nom}

 INFO 2016-03-29 11:14:24,417 [main] (ParallelMetaProducerLessBlocking.java:61) - Searching for edge : ?departement igeo:nom ?nom
 INFO 2016-03-29 11:14:24,417 [main] (ParallelMetaProducerLessBlocking.java:193) - Global results retrieved in getEdges 0ms.
 INFO 2016-03-29 11:14:24,417 [main] (Eval.java:2158) - 
	Get EDGE in 0ms.  
	FOR EDGE{?departement igeo:nom ?nom}

 INFO 2016-03-29 11:14:24,417 [main] (ParallelMetaProducerLessBlocking.java:61) - Searching for edge : ?departement igeo:nom ?nom
 INFO 2016-03-29 11:14:24,418 [main] (ParallelMetaProducerLessBlocking.java:193) - Global results retrieved in getEdges 1ms.
 INFO 2016-03-29 11:14:24,418 [main] (Eval.java:2158) - 
	Get EDGE in 1ms.  
	FOR EDGE{?departement igeo:nom ?nom}

 INFO 2016-03-29 11:14:24,419 [main] (ParallelMetaProducerLessBlocking.java:61) - Searching for edge : ?departement igeo:nom ?nom
 INFO 2016-03-29 11:14:24,419 [main] (ParallelMetaProducerLessBlocking.java:193) - Global results retrieved in getEdges 0ms.
 INFO 2016-03-29 11:14:24,419 [main] (Eval.java:2158) - 
	Get EDGE in 1ms.  
	FOR EDGE{?departement igeo:nom ?nom}

 INFO 2016-03-29 11:14:24,419 [main] (ParallelMetaProducerLessBlocking.java:61) - Searching for edge : ?departement igeo:nom ?nom
 INFO 2016-03-29 11:14:24,419 [main] (ParallelMetaProducerLessBlocking.java:193) - Global results retrieved in getEdges 0ms.
 INFO 2016-03-29 11:14:24,420 [main] (Eval.java:2158) - 
	Get EDGE in 1ms.  
	FOR EDGE{?departement igeo:nom ?nom}

 INFO 2016-03-29 11:14:24,420 [main] (ParallelMetaProducerLessBlocking.java:61) - Searching for edge : ?departement igeo:nom ?nom
 INFO 2016-03-29 11:14:24,420 [main] (ParallelMetaProducerLessBlocking.java:193) - Global results retrieved in getEdges 0ms.
 INFO 2016-03-29 11:14:24,420 [main] (Eval.java:2158) - 
	Get EDGE in 0ms.  
	FOR EDGE{?departement igeo:nom ?nom}

 INFO 2016-03-29 11:14:24,420 [main] (ParallelMetaProducerLessBlocking.java:61) - Searching for edge : ?departement igeo:nom ?nom
 INFO 2016-03-29 11:14:24,420 [main] (ParallelMetaProducerLessBlocking.java:193) - Global results retrieved in getEdges 0ms.
 INFO 2016-03-29 11:14:24,420 [main] (Eval.java:2158) - 
	Get EDGE in 0ms.  
	FOR EDGE{?departement igeo:nom ?nom}

 INFO 2016-03-29 11:14:24,421 [main] (ParallelMetaProducerLessBlocking.java:61) - Searching for edge : ?departement igeo:nom ?nom
 INFO 2016-03-29 11:14:24,421 [main] (ParallelMetaProducerLessBlocking.java:193) - Global results retrieved in getEdges 0ms.
 INFO 2016-03-29 11:14:24,421 [main] (Eval.java:2158) - 
	Get EDGE in 0ms.  
	FOR EDGE{?departement igeo:nom ?nom}

 INFO 2016-03-29 11:14:24,421 [main] (Eval.java:2158) - 
	Get EDGE in 36ms.  
	FOR EDGE{?region igeo:subdivisionDirecte ?departement}

 INFO 2016-03-29 11:14:24,422 [main] (ParallelMetaProducerLessBlocking.java:61) - Searching for edge : ?region igeo:subdivisionDirecte ?departement
 INFO 2016-03-29 11:14:24,429 [pool-102-thread-2] (CallableResult.java:52) - CallableResult for GetEdge
 INFO 2016-03-29 11:14:24,434 [pool-102-thread-1] (CallableResult.java:52) - CallableResult for GetEdge
 INFO 2016-03-29 11:14:24,441 [pool-102-thread-1] (CallableResult.java:63) - Finished CallableResult in 7 ms.
 INFO 2016-03-29 11:14:24,455 [pool-102-thread-2] (CallableResult.java:63) - Finished CallableResult in 26 ms.
 INFO 2016-03-29 11:14:24,457 [main] (ParallelMetaProducerLessBlocking.java:193) - Global results retrieved in getEdges 28ms.
 INFO 2016-03-29 11:14:24,457 [main] (ParallelMetaProducerLessBlocking.java:61) - Searching for edge : ?departement igeo:nom ?nom
 INFO 2016-03-29 11:14:24,458 [main] (ParallelMetaProducerLessBlocking.java:193) - Global results retrieved in getEdges 0ms.
 INFO 2016-03-29 11:14:24,458 [main] (Eval.java:2158) - 
	Get EDGE in 1ms.  
	FOR EDGE{?departement igeo:nom ?nom}

 INFO 2016-03-29 11:14:24,460 [main] (Eval.java:2158) - 
	Get EDGE in 38ms.  
	FOR EDGE{?region igeo:subdivisionDirecte ?departement}

 INFO 2016-03-29 11:14:24,460 [main] (ParallelMetaProducerLessBlocking.java:61) - Searching for edge : ?region igeo:subdivisionDirecte ?departement
 INFO 2016-03-29 11:14:24,461 [pool-104-thread-1] (CallableResult.java:52) - CallableResult for GetEdge
 INFO 2016-03-29 11:14:24,467 [pool-104-thread-2] (CallableResult.java:52) - CallableResult for GetEdge
 INFO 2016-03-29 11:14:24,470 [pool-104-thread-1] (CallableResult.java:63) - Finished CallableResult in 9 ms.
 INFO 2016-03-29 11:14:24,475 [pool-104-thread-2] (CallableResult.java:63) - Finished CallableResult in 8 ms.
 INFO 2016-03-29 11:14:24,476 [main] (ParallelMetaProducerLessBlocking.java:193) - Global results retrieved in getEdges 14ms.
 INFO 2016-03-29 11:14:24,476 [main] (ParallelMetaProducerLessBlocking.java:61) - Searching for edge : ?departement igeo:nom ?nom
 INFO 2016-03-29 11:14:24,476 [main] (ParallelMetaProducerLessBlocking.java:193) - Global results retrieved in getEdges 0ms.
 INFO 2016-03-29 11:14:24,476 [main] (Eval.java:2158) - 
	Get EDGE in 0ms.  
	FOR EDGE{?departement igeo:nom ?nom}

 INFO 2016-03-29 11:14:24,476 [main] (Eval.java:2158) - 
	Get EDGE in 16ms.  
	FOR EDGE{?region igeo:subdivisionDirecte ?departement}

 INFO 2016-03-29 11:14:24,476 [main] (ParallelMetaProducerLessBlocking.java:61) - Searching for edge : ?region igeo:subdivisionDirecte ?departement
 INFO 2016-03-29 11:14:24,477 [pool-106-thread-1] (CallableResult.java:52) - CallableResult for GetEdge
 INFO 2016-03-29 11:14:24,479 [pool-106-thread-2] (CallableResult.java:52) - CallableResult for GetEdge
 INFO 2016-03-29 11:14:24,484 [pool-106-thread-1] (CallableResult.java:63) - Finished CallableResult in 7 ms.
 INFO 2016-03-29 11:14:24,485 [pool-106-thread-2] (CallableResult.java:63) - Finished CallableResult in 6 ms.
 INFO 2016-03-29 11:14:24,485 [main] (ParallelMetaProducerLessBlocking.java:193) - Global results retrieved in getEdges 6ms.
 INFO 2016-03-29 11:14:24,486 [main] (ParallelMetaProducerLessBlocking.java:61) - Searching for edge : ?departement igeo:nom ?nom
 INFO 2016-03-29 11:14:24,486 [main] (ParallelMetaProducerLessBlocking.java:193) - Global results retrieved in getEdges 0ms.
 INFO 2016-03-29 11:14:24,486 [main] (Eval.java:2158) - 
	Get EDGE in 1ms.  
	FOR EDGE{?departement igeo:nom ?nom}

 INFO 2016-03-29 11:14:24,486 [main] (Eval.java:2158) - 
	Get EDGE in 10ms.  
	FOR EDGE{?region igeo:subdivisionDirecte ?departement}

 INFO 2016-03-29 11:14:24,486 [main] (ParallelMetaProducerLessBlocking.java:61) - Searching for edge : ?region igeo:subdivisionDirecte ?departement
 INFO 2016-03-29 11:14:24,514 [pool-108-thread-2] (CallableResult.java:52) - CallableResult for GetEdge
 INFO 2016-03-29 11:14:24,520 [pool-108-thread-2] (CallableResult.java:63) - Finished CallableResult in 6 ms.
 INFO 2016-03-29 11:14:24,531 [pool-108-thread-1] (CallableResult.java:52) - CallableResult for GetEdge
 INFO 2016-03-29 11:14:24,540 [pool-108-thread-1] (CallableResult.java:63) - Finished CallableResult in 9 ms.
 INFO 2016-03-29 11:14:24,541 [main] (ParallelMetaProducerLessBlocking.java:193) - Global results retrieved in getEdges 54ms.
 INFO 2016-03-29 11:14:24,541 [main] (ParallelMetaProducerLessBlocking.java:61) - Searching for edge : ?departement igeo:nom ?nom
 INFO 2016-03-29 11:14:24,541 [main] (ParallelMetaProducerLessBlocking.java:193) - Global results retrieved in getEdges 0ms.
 INFO 2016-03-29 11:14:24,541 [main] (Eval.java:2158) - 
	Get EDGE in 0ms.  
	FOR EDGE{?departement igeo:nom ?nom}

 INFO 2016-03-29 11:14:24,541 [main] (Eval.java:2158) - 
	Get EDGE in 55ms.  
	FOR EDGE{?region igeo:subdivisionDirecte ?departement}

 INFO 2016-03-29 11:14:24,542 [main] (ParallelMetaProducerLessBlocking.java:61) - Searching for edge : ?region igeo:subdivisionDirecte ?departement
 INFO 2016-03-29 11:14:24,542 [pool-110-thread-1] (CallableResult.java:52) - CallableResult for GetEdge
 INFO 2016-03-29 11:14:24,542 [pool-110-thread-2] (CallableResult.java:52) - CallableResult for GetEdge
 INFO 2016-03-29 11:14:24,550 [pool-110-thread-1] (CallableResult.java:63) - Finished CallableResult in 8 ms.
 INFO 2016-03-29 11:14:24,550 [pool-110-thread-2] (CallableResult.java:63) - Finished CallableResult in 8 ms.
 INFO 2016-03-29 11:14:24,551 [main] (ParallelMetaProducerLessBlocking.java:193) - Global results retrieved in getEdges 9ms.
 INFO 2016-03-29 11:14:24,551 [main] (ParallelMetaProducerLessBlocking.java:61) - Searching for edge : ?departement igeo:nom ?nom
 INFO 2016-03-29 11:14:24,551 [main] (ParallelMetaProducerLessBlocking.java:193) - Global results retrieved in getEdges 0ms.
 INFO 2016-03-29 11:14:24,551 [main] (Eval.java:2158) - 
	Get EDGE in 0ms.  
	FOR EDGE{?departement igeo:nom ?nom}

 INFO 2016-03-29 11:14:24,551 [main] (ParallelMetaProducerLessBlocking.java:61) - Searching for edge : ?departement igeo:nom ?nom
 INFO 2016-03-29 11:14:24,551 [main] (ParallelMetaProducerLessBlocking.java:193) - Global results retrieved in getEdges 0ms.
 INFO 2016-03-29 11:14:24,552 [main] (Eval.java:2158) - 
	Get EDGE in 1ms.  
	FOR EDGE{?departement igeo:nom ?nom}

 INFO 2016-03-29 11:14:24,552 [main] (Eval.java:2158) - 
	Get EDGE in 11ms.  
	FOR EDGE{?region igeo:subdivisionDirecte ?departement}

 INFO 2016-03-29 11:14:24,552 [main] (ParallelMetaProducerLessBlocking.java:61) - Searching for edge : ?region igeo:subdivisionDirecte ?departement
 INFO 2016-03-29 11:14:24,558 [pool-113-thread-1] (CallableResult.java:52) - CallableResult for GetEdge
 INFO 2016-03-29 11:14:24,558 [pool-113-thread-2] (CallableResult.java:52) - CallableResult for GetEdge
 INFO 2016-03-29 11:14:24,569 [pool-113-thread-2] (CallableResult.java:63) - Finished CallableResult in 11 ms.
 INFO 2016-03-29 11:14:24,572 [pool-113-thread-1] (CallableResult.java:63) - Finished CallableResult in 14 ms.
 INFO 2016-03-29 11:14:24,573 [main] (ParallelMetaProducerLessBlocking.java:193) - Global results retrieved in getEdges 15ms.
 INFO 2016-03-29 11:14:24,573 [main] (ParallelMetaProducerLessBlocking.java:61) - Searching for edge : ?departement igeo:nom ?nom
 INFO 2016-03-29 11:14:24,573 [main] (ParallelMetaProducerLessBlocking.java:193) - Global results retrieved in getEdges 0ms.
 INFO 2016-03-29 11:14:24,573 [main] (Eval.java:2158) - 
	Get EDGE in 0ms.  
	FOR EDGE{?departement igeo:nom ?nom}

 INFO 2016-03-29 11:14:24,574 [main] (Eval.java:2158) - 
	Get EDGE in 22ms.  
	FOR EDGE{?region igeo:subdivisionDirecte ?departement}

 INFO 2016-03-29 11:14:24,574 [main] (ParallelMetaProducerLessBlocking.java:61) - Searching for edge : ?region igeo:subdivisionDirecte ?departement
 INFO 2016-03-29 11:14:24,574 [pool-115-thread-1] (CallableResult.java:52) - CallableResult for GetEdge
 INFO 2016-03-29 11:14:24,576 [pool-115-thread-2] (CallableResult.java:52) - CallableResult for GetEdge
 INFO 2016-03-29 11:14:24,583 [pool-115-thread-2] (CallableResult.java:63) - Finished CallableResult in 8 ms.
 INFO 2016-03-29 11:14:24,583 [pool-115-thread-1] (CallableResult.java:63) - Finished CallableResult in 9 ms.
 INFO 2016-03-29 11:14:24,583 [main] (ParallelMetaProducerLessBlocking.java:193) - Global results retrieved in getEdges 8ms.
 INFO 2016-03-29 11:14:24,584 [main] (ParallelMetaProducerLessBlocking.java:61) - Searching for edge : ?departement igeo:nom ?nom
 INFO 2016-03-29 11:14:24,584 [main] (ParallelMetaProducerLessBlocking.java:193) - Global results retrieved in getEdges 0ms.
 INFO 2016-03-29 11:14:24,584 [main] (Eval.java:2158) - 
	Get EDGE in 0ms.  
	FOR EDGE{?departement igeo:nom ?nom}

 INFO 2016-03-29 11:14:24,584 [main] (ParallelMetaProducerLessBlocking.java:61) - Searching for edge : ?departement igeo:nom ?nom
 INFO 2016-03-29 11:14:24,584 [main] (ParallelMetaProducerLessBlocking.java:193) - Global results retrieved in getEdges 0ms.
 INFO 2016-03-29 11:14:24,584 [main] (Eval.java:2158) - 
	Get EDGE in 0ms.  
	FOR EDGE{?departement igeo:nom ?nom}

 INFO 2016-03-29 11:14:24,584 [main] (Eval.java:2158) - 
	Get EDGE in 10ms.  
	FOR EDGE{?region igeo:subdivisionDirecte ?departement}

 INFO 2016-03-29 11:14:24,585 [main] (ParallelMetaProducerLessBlocking.java:61) - Searching for edge : ?region igeo:subdivisionDirecte ?departement
 INFO 2016-03-29 11:14:24,585 [pool-118-thread-2] (CallableResult.java:52) - CallableResult for GetEdge
 INFO 2016-03-29 11:14:24,585 [pool-118-thread-1] (CallableResult.java:52) - CallableResult for GetEdge
 INFO 2016-03-29 11:14:24,600 [pool-118-thread-2] (CallableResult.java:63) - Finished CallableResult in 15 ms.
 INFO 2016-03-29 11:14:24,603 [pool-118-thread-1] (CallableResult.java:63) - Finished CallableResult in 18 ms.
 INFO 2016-03-29 11:14:24,604 [main] (ParallelMetaProducerLessBlocking.java:193) - Global results retrieved in getEdges 19ms.
 INFO 2016-03-29 11:14:24,604 [main] (ParallelMetaProducerLessBlocking.java:61) - Searching for edge : ?departement igeo:nom ?nom
 INFO 2016-03-29 11:14:24,605 [main] (ParallelMetaProducerLessBlocking.java:193) - Global results retrieved in getEdges 0ms.
 INFO 2016-03-29 11:14:24,605 [main] (Eval.java:2158) - 
	Get EDGE in 1ms.  
	FOR EDGE{?departement igeo:nom ?nom}

 INFO 2016-03-29 11:14:24,605 [main] (ParallelMetaProducerLessBlocking.java:61) - Searching for edge : ?departement igeo:nom ?nom
 INFO 2016-03-29 11:14:24,606 [main] (ParallelMetaProducerLessBlocking.java:193) - Global results retrieved in getEdges 0ms.
 INFO 2016-03-29 11:14:24,606 [main] (Eval.java:2158) - 
	Get EDGE in 1ms.  
	FOR EDGE{?departement igeo:nom ?nom}

 INFO 2016-03-29 11:14:24,606 [main] (ParallelMetaProducerLessBlocking.java:61) - Searching for edge : ?departement igeo:nom ?nom
 INFO 2016-03-29 11:14:24,606 [main] (ParallelMetaProducerLessBlocking.java:193) - Global results retrieved in getEdges 0ms.
 INFO 2016-03-29 11:14:24,606 [main] (Eval.java:2158) - 
	Get EDGE in 0ms.  
	FOR EDGE{?departement igeo:nom ?nom}

 INFO 2016-03-29 11:14:24,607 [main] (ParallelMetaProducerLessBlocking.java:61) - Searching for edge : ?departement igeo:nom ?nom
 INFO 2016-03-29 11:14:24,607 [main] (ParallelMetaProducerLessBlocking.java:193) - Global results retrieved in getEdges 0ms.
 INFO 2016-03-29 11:14:24,607 [main] (Eval.java:2158) - 
	Get EDGE in 0ms.  
	FOR EDGE{?departement igeo:nom ?nom}

 INFO 2016-03-29 11:14:24,607 [main] (ParallelMetaProducerLessBlocking.java:61) - Searching for edge : ?departement igeo:nom ?nom
 INFO 2016-03-29 11:14:24,607 [main] (ParallelMetaProducerLessBlocking.java:193) - Global results retrieved in getEdges 0ms.
 INFO 2016-03-29 11:14:24,608 [main] (Eval.java:2158) - 
	Get EDGE in 1ms.  
	FOR EDGE{?departement igeo:nom ?nom}

 INFO 2016-03-29 11:14:24,608 [main] (ParallelMetaProducerLessBlocking.java:61) - Searching for edge : ?departement igeo:nom ?nom
 INFO 2016-03-29 11:14:24,608 [main] (ParallelMetaProducerLessBlocking.java:193) - Global results retrieved in getEdges 0ms.
 INFO 2016-03-29 11:14:24,608 [main] (Eval.java:2158) - 
	Get EDGE in 0ms.  
	FOR EDGE{?departement igeo:nom ?nom}

 INFO 2016-03-29 11:14:24,608 [main] (Eval.java:2158) - 
	Get EDGE in 23ms.  
	FOR EDGE{?region igeo:subdivisionDirecte ?departement}

 INFO 2016-03-29 11:14:24,608 [main] (ParallelMetaProducerLessBlocking.java:61) - Searching for edge : ?region igeo:subdivisionDirecte ?departement
 INFO 2016-03-29 11:14:24,609 [pool-125-thread-1] (CallableResult.java:52) - CallableResult for GetEdge
 INFO 2016-03-29 11:14:24,609 [pool-125-thread-2] (CallableResult.java:52) - CallableResult for GetEdge
 INFO 2016-03-29 11:14:24,622 [pool-125-thread-2] (CallableResult.java:63) - Finished CallableResult in 13 ms.
 INFO 2016-03-29 11:14:24,622 [pool-125-thread-1] (CallableResult.java:63) - Finished CallableResult in 13 ms.
 INFO 2016-03-29 11:14:24,623 [main] (ParallelMetaProducerLessBlocking.java:193) - Global results retrieved in getEdges 14ms.
 INFO 2016-03-29 11:14:24,623 [main] (ParallelMetaProducerLessBlocking.java:61) - Searching for edge : ?departement igeo:nom ?nom
 INFO 2016-03-29 11:14:24,623 [main] (ParallelMetaProducerLessBlocking.java:193) - Global results retrieved in getEdges 0ms.
 INFO 2016-03-29 11:14:24,624 [main] (Eval.java:2158) - 
	Get EDGE in 1ms.  
	FOR EDGE{?departement igeo:nom ?nom}

 INFO 2016-03-29 11:14:24,624 [main] (ParallelMetaProducerLessBlocking.java:61) - Searching for edge : ?departement igeo:nom ?nom
 INFO 2016-03-29 11:14:24,624 [main] (ParallelMetaProducerLessBlocking.java:193) - Global results retrieved in getEdges 0ms.
 INFO 2016-03-29 11:14:24,624 [main] (Eval.java:2158) - 
	Get EDGE in 0ms.  
	FOR EDGE{?departement igeo:nom ?nom}

 INFO 2016-03-29 11:14:24,624 [main] (ParallelMetaProducerLessBlocking.java:61) - Searching for edge : ?departement igeo:nom ?nom
 INFO 2016-03-29 11:14:24,624 [main] (ParallelMetaProducerLessBlocking.java:193) - Global results retrieved in getEdges 0ms.
 INFO 2016-03-29 11:14:24,624 [main] (Eval.java:2158) - 
	Get EDGE in 0ms.  
	FOR EDGE{?departement igeo:nom ?nom}

 INFO 2016-03-29 11:14:24,625 [main] (ParallelMetaProducerLessBlocking.java:61) - Searching for edge : ?departement igeo:nom ?nom
 INFO 2016-03-29 11:14:24,625 [main] (ParallelMetaProducerLessBlocking.java:193) - Global results retrieved in getEdges 0ms.
 INFO 2016-03-29 11:14:24,625 [main] (Eval.java:2158) - 
	Get EDGE in 0ms.  
	FOR EDGE{?departement igeo:nom ?nom}

 INFO 2016-03-29 11:14:24,625 [main] (ParallelMetaProducerLessBlocking.java:61) - Searching for edge : ?departement igeo:nom ?nom
 INFO 2016-03-29 11:14:24,625 [main] (ParallelMetaProducerLessBlocking.java:193) - Global results retrieved in getEdges 0ms.
 INFO 2016-03-29 11:14:24,625 [main] (Eval.java:2158) - 
	Get EDGE in 0ms.  
	FOR EDGE{?departement igeo:nom ?nom}

 INFO 2016-03-29 11:14:24,626 [main] (Eval.java:2158) - 
	Get EDGE in 18ms.  
	FOR EDGE{?region igeo:subdivisionDirecte ?departement}

 INFO 2016-03-29 11:14:24,626 [main] (Eval.java:2158) - 
	Get EDGE in 748ms.  
	FOR EDGE{?region igeo:codeRegion ?v}

 INFO 2016-03-29 11:14:24,628 [main] (ProviderImplCostMonitoring.java:229) - ** Provider: 
prefix idemo: <http://rdf.insee.fr/def/demo#>
prefix igeo: <http://rdf.insee.fr/def/geo#>
select * 
where
{?departement idemo:population ?popLeg . 
?popLeg idemo:populationTotale ?popTotale . 
filter ((((((((((((((((((((?departement = <http://id.insee.fr/geo/departement/01>) || (?departement = <http://id.insee.fr/geo/departement/38>)) || (?departement = <http://id.insee.fr/geo/departement/42>)) || (?departement = <http://id.insee.fr/geo/departement/07>)) || (?departement = <http://id.insee.fr/geo/departement/74>)) || (?departement = <http://id.insee.fr/geo/departement/69>)) || (?departement = <http://id.insee.fr/geo/departement/73>)) || (?departement = <http://id.insee.fr/geo/departement/26>)) || (?departement = <http://id.insee.fr/geo/departement/95>)) || (?departement = <http://id.insee.fr/geo/departement/93>)) || (?departement = <http://id.insee.fr/geo/departement/78>)) || (?departement = <http://id.insee.fr/geo/departement/92>)) || (?departement = <http://id.insee.fr/geo/departement/75>)) || (?departement = <http://id.insee.fr/geo/departement/77>)) || (?departement = <http://id.insee.fr/geo/departement/91>)) || (?departement = <http://id.insee.fr/geo/departement/94>)) || (?departement = <http://id.insee.fr/geo/departement/58>)) || (?departement = <http://id.insee.fr/geo/departement/89>)) || (?departement = <http://id.insee.fr/geo/departement/71>)) || (?departement = <http://id.insee.fr/geo/departement/21>)) }


 INFO 2016-03-29 11:14:24,750 [main] (ProviderImplCostMonitoring.java:229) - ** Provider: 
prefix idemo: <http://rdf.insee.fr/def/demo#>
prefix igeo: <http://rdf.insee.fr/def/geo#>
select * 
where
{?departement idemo:population ?popLeg . 
?popLeg idemo:populationTotale ?popTotale . 
filter ((((((((((((((((((((?departement = <http://id.insee.fr/geo/departement/80>) || (?departement = <http://id.insee.fr/geo/departement/02>)) || (?departement = <http://id.insee.fr/geo/departement/60>)) || (?departement = <http://id.insee.fr/geo/departement/59>)) || (?departement = <http://id.insee.fr/geo/departement/62>)) || (?departement = <http://id.insee.fr/geo/departement/47>)) || (?departement = <http://id.insee.fr/geo/departement/40>)) || (?departement = <http://id.insee.fr/geo/departement/24>)) || (?departement = <http://id.insee.fr/geo/departement/33>)) || (?departement = <http://id.insee.fr/geo/departement/64>)) || (?departement = <http://id.insee.fr/geo/departement/43>)) || (?departement = <http://id.insee.fr/geo/departement/15>)) || (?departement = <http://id.insee.fr/geo/departement/03>)) || (?departement = <http://id.insee.fr/geo/departement/63>)) || (?departement = <http://id.insee.fr/geo/departement/41>)) || (?departement = <http://id.insee.fr/geo/departement/28>)) || (?departement = <http://id.insee.fr/geo/departement/45>)) || (?departement = <http://id.insee.fr/geo/departement/37>)) || (?departement = <http://id.insee.fr/geo/departement/18>)) || (?departement = <http://id.insee.fr/geo/departement/36>)) }


 INFO 2016-03-29 11:14:24,864 [main] (ProviderImplCostMonitoring.java:229) - ** Provider: 
prefix idemo: <http://rdf.insee.fr/def/demo#>
prefix igeo: <http://rdf.insee.fr/def/geo#>
select * 
where
{?departement idemo:population ?popLeg . 
?popLeg idemo:populationTotale ?popTotale . 
filter ((((((((((((((((((((?departement = <http://id.insee.fr/geo/departement/84>) || (?departement = <http://id.insee.fr/geo/departement/06>)) || (?departement = <http://id.insee.fr/geo/departement/04>)) || (?departement = <http://id.insee.fr/geo/departement/05>)) || (?departement = <http://id.insee.fr/geo/departement/83>)) || (?departement = <http://id.insee.fr/geo/departement/13>)) || (?departement = <http://id.insee.fr/geo/departement/971>)) || (?departement = <http://id.insee.fr/geo/departement/976>)) || (?departement = <http://id.insee.fr/geo/departement/972>)) || (?departement = <http://id.insee.fr/geo/departement/973>)) || (?departement = <http://id.insee.fr/geo/departement/974>)) || (?departement = <http://id.insee.fr/geo/departement/65>)) || (?departement = <http://id.insee.fr/geo/departement/81>)) || (?departement = <http://id.insee.fr/geo/departement/82>)) || (?departement = <http://id.insee.fr/geo/departement/46>)) || (?departement = <http://id.insee.fr/geo/departement/09>)) || (?departement = <http://id.insee.fr/geo/departement/32>)) || (?departement = <http://id.insee.fr/geo/departement/12>)) || (?departement = <http://id.insee.fr/geo/departement/31>)) || (?departement = <http://id.insee.fr/geo/departement/44>)) }


 INFO 2016-03-29 11:14:24,973 [main] (ProviderImplCostMonitoring.java:229) - ** Provider: 
prefix idemo: <http://rdf.insee.fr/def/demo#>
prefix igeo: <http://rdf.insee.fr/def/geo#>
select * 
where
{?departement idemo:population ?popLeg . 
?popLeg idemo:populationTotale ?popTotale . 
filter ((((((((((((((((((((?departement = <http://id.insee.fr/geo/departement/85>) || (?departement = <http://id.insee.fr/geo/departement/49>)) || (?departement = <http://id.insee.fr/geo/departement/72>)) || (?departement = <http://id.insee.fr/geo/departement/53>)) || (?departement = <http://id.insee.fr/geo/departement/52>)) || (?departement = <http://id.insee.fr/geo/departement/08>)) || (?departement = <http://id.insee.fr/geo/departement/10>)) || (?departement = <http://id.insee.fr/geo/departement/51>)) || (?departement = <http://id.insee.fr/geo/departement/19>)) || (?departement = <http://id.insee.fr/geo/departement/87>)) || (?departement = <http://id.insee.fr/geo/departement/23>)) || (?departement = <http://id.insee.fr/geo/departement/11>)) || (?departement = <http://id.insee.fr/geo/departement/48>)) || (?departement = <http://id.insee.fr/geo/departement/30>)) || (?departement = <http://id.insee.fr/geo/departement/34>)) || (?departement = <http://id.insee.fr/geo/departement/66>)) || (?departement = <http://id.insee.fr/geo/departement/79>)) || (?departement = <http://id.insee.fr/geo/departement/86>)) || (?departement = <http://id.insee.fr/geo/departement/17>)) || (?departement = <http://id.insee.fr/geo/departement/16>)) }


 INFO 2016-03-29 11:14:25,041 [main] (ProviderImplCostMonitoring.java:229) - ** Provider: 
prefix idemo: <http://rdf.insee.fr/def/demo#>
prefix igeo: <http://rdf.insee.fr/def/geo#>
select * 
where
{?departement idemo:population ?popLeg . 
?popLeg idemo:populationTotale ?popTotale . 
filter ((((((((((((((((((((?departement = <http://id.insee.fr/geo/departement/57>) || (?departement = <http://id.insee.fr/geo/departement/88>)) || (?departement = <http://id.insee.fr/geo/departement/55>)) || (?departement = <http://id.insee.fr/geo/departement/54>)) || (?departement = <http://id.insee.fr/geo/departement/70>)) || (?departement = <http://id.insee.fr/geo/departement/39>)) || (?departement = <http://id.insee.fr/geo/departement/25>)) || (?departement = <http://id.insee.fr/geo/departement/90>)) || (?departement = <http://id.insee.fr/geo/departement/27>)) || (?departement = <http://id.insee.fr/geo/departement/76>)) || (?departement = <http://id.insee.fr/geo/departement/29>)) || (?departement = <http://id.insee.fr/geo/departement/56>)) || (?departement = <http://id.insee.fr/geo/departement/35>)) || (?departement = <http://id.insee.fr/geo/departement/22>)) || (?departement = <http://id.insee.fr/geo/departement/61>)) || (?departement = <http://id.insee.fr/geo/departement/14>)) || (?departement = <http://id.insee.fr/geo/departement/50>)) || (?departement = <http://id.insee.fr/geo/departement/68>)) || (?departement = <http://id.insee.fr/geo/departement/67>)) || (?departement = <http://id.insee.fr/geo/departement/2A>)) }


 INFO 2016-03-29 11:14:25,110 [main] (ProviderImplCostMonitoring.java:229) - ** Provider: 
prefix idemo: <http://rdf.insee.fr/def/demo#>
prefix igeo: <http://rdf.insee.fr/def/geo#>
select * 
where
{?departement idemo:population ?popLeg . 
?popLeg idemo:populationTotale ?popTotale . 
filter (?departement = <http://id.insee.fr/geo/departement/2B>) }


 INFO 2016-03-29 11:14:25,130 [main] (Eval.java:1706) - 
	SERVICE in 504ms.  
	FOR [BGP{EDGE{?departement idemo:population ?popLeg} EDGE{?popLeg idemo:populationTotale ?popTotale} }]

 INFO 2016-03-29 11:14:25,137 [main] (TestDQP.java:206) - 100 results in 1640 ms
 INFO 2016-03-29 11:14:25,138 [main] (TestDQP.java:207) - 
01 ?nom = "Lozre"; ?popTotale = 80712; 
02 ?nom = "Creuse"; ?popTotale = 125714; 
03 ?nom = "Hautes-Alpes"; ?popTotale = 144640; 
04 ?nom = "Territoire de Belfort"; ?popTotale = 147777; 
05 ?nom = "Corse-du-Sud"; ?popTotale = 151621; 
06 ?nom = "Cantal"; ?popTotale = 152797; 
07 ?nom = "Arige"; ?popTotale = 158379; 
08 ?nom = "Alpes-de-Haute-Provence"; ?popTotale = 166726; 
09 ?nom = "Haute-Corse"; ?popTotale = 173889; 
10 ?nom = "Lot"; ?popTotale = 180470; 
11 ?nom = "Haute-Marne"; ?popTotale = 188083; 
12 ?nom = "Gers"; ?popTotale = 197598; 
13 ?nom = "Meuse"; ?popTotale = 198334; 
14 ?nom = "Nivre"; ?popTotale = 222688; 
15 ?nom = "Haute-Loire"; ?popTotale = 233918; 
16 ?nom = "Indre"; ?popTotale = 235181; 
17 ?nom = "Hautes-Pyrnes"; ?popTotale = 236728; 
18 ?nom = "Guyane"; ?popTotale = 246507; 
19 ?nom = "Haute-Sane"; ?popTotale = 246782; 
20 ?nom = "Corrze"; ?popTotale = 249452; 
21 ?nom = "Tarn-et-Garonne"; ?popTotale = 256867; 
22 ?nom = "Jura"; ?popTotale = 270914; 
23 ?nom = "Ardennes"; ?popTotale = 289075; 
24 ?nom = "Aveyron"; ?popTotale = 289257; 
25 ?nom = "Orne"; ?popTotale = 298248; 
26 ?nom = "Aube"; ?popTotale = 314825; 
27 ?nom = "Mayenne"; ?popTotale = 318095; 
28 ?nom = "Cher"; ?popTotale = 319693; 
29 ?nom = "Ardche"; ?popTotale = 330017; 
30 ?nom = "Loir-et-Cher"; ?popTotale = 342471; 
31 ?nom = "Lot-et-Garonne"; ?popTotale = 343645; 
32 ?nom = "Yonne"; ?popTotale = 352182; 
33 ?nom = "Allier"; ?popTotale = 353742; 
34 ?nom = "Charente"; ?popTotale = 366587; 
35 ?nom = "Aude"; ?popTotale = 374868; 
36 ?nom = "Deux-Svres"; ?popTotale = 383079; 
37 ?nom = "Haute-Vienne"; ?popTotale = 384411; 
38 ?nom = "Vosges"; ?popTotale = 388551; 
39 ?nom = "Martinique"; ?popTotale = 391837; 
40 ?nom = "Tarn"; ?popTotale = 393877; 
41 ?nom = "Guadeloupe"; ?popTotale = 409055; 
42 ?nom = "Landes"; ?popTotale = 411197; 
43 ?nom = "Dordogne"; ?popTotale = 429579; 
44 ?nom = "Savoie"; ?popTotale = 437915; 
45 ?nom = "Vienne"; ?popTotale = 442696; 
46 ?nom = "Eure-et-Loir"; ?popTotale = 444385; 
47 ?nom = "Pyrnes-Orientales"; ?popTotale = 471573; 
48 ?nom = "Drme"; ?popTotale = 509444; 
49 ?nom = "Manche"; ?popTotale = 518364; 
50 ?nom = "Cte-d\'Or"; ?popTotale = 543648; 
51 ?nom = "Doubs"; ?popTotale = 548026; 
52 ?nom = "Aisne"; ?popTotale = 554512; 
53 ?nom = "Vaucluse"; ?popTotale = 562254; 
54 ?nom = "Sane-et-Loire"; ?popTotale = 575097; 
55 ?nom = "Marne"; ?popTotale = 583691; 
56 ?nom = "Somme"; ?popTotale = 584184; 
57 ?nom = "Sarthe"; ?popTotale = 584865; 
58 ?nom = "Eure"; ?popTotale = 612518; 
59 ?nom = "Indre-et-Loire"; ?popTotale = 615557; 
60 ?nom = "Ctes-d\'Armor"; ?popTotale = 617565; 
61 ?nom = "Ain"; ?popTotale = 636916; 
62 ?nom = "Charente-Maritime"; ?popTotale = 652610; 
63 ?nom = "Puy-de-Dme"; ?popTotale = 658489; 
64 ?nom = "Vende"; ?popTotale = 674843; 
65 ?nom = "Loiret"; ?popTotale = 684104; 
66 ?nom = "Pyrnes-Atlantiques"; ?popTotale = 685564; 
67 ?nom = "Calvados"; ?popTotale = 706635; 
68 ?nom = "Meurthe-et-Moselle"; ?popTotale = 745398; 
69 ?nom = "Gard"; ?popTotale = 750025; 
70 ?nom = "Morbihan"; ?popTotale = 761433; 
71 ?nom = "Loire"; ?popTotale = 774144; 
72 ?nom = "Haut-Rhin"; ?popTotale = 774976; 
73 ?nom = "Haute-Savoie"; ?popTotale = 793342; 
74 ?nom = "Maine-et-Loire"; ?popTotale = 823546; 
75 ?nom = "Oise"; ?popTotale = 835918; 
76 ?nom = "La Runion"; ?popTotale = 844741; 
77 ?nom = "Finistre"; ?popTotale = 934625; 
78 ?nom = "Var"; ?popTotale = 1046346; 
79 ?nom = "Ille-et-Vilaine"; ?popTotale = 1047873; 
80 ?nom = "Moselle"; ?popTotale = 1068119; 
81 ?nom = "Alpes-Maritimes"; ?popTotale = 1096741; 
82 ?nom = "Hrault"; ?popTotale = 1111881; 
83 ?nom = "Bas-Rhin"; ?popTotale = 1128825; 
84 ?nom = "Val-d\'Oise"; ?popTotale = 1211138; 
85 ?nom = "Isre"; ?popTotale = 1263850; 
86 ?nom = "Essonne"; ?popTotale = 1273233; 
87 ?nom = "Seine-Maritime"; ?popTotale = 1280410; 
88 ?nom = "Haute-Garonne"; ?popTotale = 1325392; 
89 ?nom = "Loire-Atlantique"; ?popTotale = 1364453; 
90 ?nom = "Val-de-Marne"; ?popTotale = 1367091; 
91 ?nom = "Seine-et-Marne"; ?popTotale = 1387830; 
92 ?nom = "Yvelines"; ?popTotale = 1446301; 
93 ?nom = "Pas-de-Calais"; ?popTotale = 1491735; 
94 ?nom = "Gironde"; ?popTotale = 1536448; 
95 ?nom = "Seine-Saint-Denis"; ?popTotale = 1565222; 
96 ?nom = "Hauts-de-Seine"; ?popTotale = 1611290; 
97 ?nom = "Rhne"; ?popTotale = 1812196; 
98 ?nom = "Bouches-du-Rhne"; ?popTotale = 2022604; 
99 ?nom = "Paris"; ?popTotale = 2254262; 
100 ?nom = "Nord"; ?popTotale = 2635494; 

 INFO 2016-03-29 11:14:25,139 [main] (TestDQP.java:208) - Remote queries
 INFO 2016-03-29 11:14:25,139 [main] (TestDQP.java:209) - =========
	?region igeo:subdivisionDirecte ?departement
	54
--
	BGP{EDGE{?region igeo:codeRegion ?v} EDGE{?region igeo:subdivisionDirecte ?departement} EDGE{?departement igeo:nom ?nom} }
	2
--
	?region igeo:codeRegion ?v
	2
--
	prefix idemo: <http://rdf.insee.fr/def/demo#> prefix igeo: <http://rdf.insee.fr/def/geo#> select *  where {?departement idemo:population ?popLeg .  ?popLeg idemo:populationTotale ?popTotale .  filter ((((((((((((((((((((?departement = <http://id.insee.fr/geo/departement/84>) || (?departement = <http://id.insee.fr/geo/departement/06>)) || (?departement = <http://id.insee.fr/geo/departement/04>)) || (?departement = <http://id.insee.fr/geo/departement/05>)) || (?departement = <http://id.insee.fr/geo/departement/83>)) || (?departement = <http://id.insee.fr/geo/departement/13>)) || (?departement = <http://id.insee.fr/geo/departement/971>)) || (?departement = <http://id.insee.fr/geo/departement/976>)) || (?departement = <http://id.insee.fr/geo/departement/972>)) || (?departement = <http://id.insee.fr/geo/departement/973>)) || (?departement = <http://id.insee.fr/geo/departement/974>)) || (?departement = <http://id.insee.fr/geo/departement/65>)) || (?departement = <http://id.insee.fr/geo/departement/81>)) || (?departement = <http://id.insee.fr/geo/departement/82>)) || (?departement = <http://id.insee.fr/geo/departement/46>)) || (?departement = <http://id.insee.fr/geo/departement/09>)) || (?departement = <http://id.insee.fr/geo/departement/32>)) || (?departement = <http://id.insee.fr/geo/departement/12>)) || (?departement = <http://id.insee.fr/geo/departement/31>)) || (?departement = <http://id.insee.fr/geo/departement/44>)) }  
	1
--
	prefix idemo: <http://rdf.insee.fr/def/demo#> prefix igeo: <http://rdf.insee.fr/def/geo#> select *  where {?departement idemo:population ?popLeg .  ?popLeg idemo:populationTotale ?popTotale .  filter ((((((((((((((((((((?departement = <http://id.insee.fr/geo/departement/01>) || (?departement = <http://id.insee.fr/geo/departement/38>)) || (?departement = <http://id.insee.fr/geo/departement/42>)) || (?departement = <http://id.insee.fr/geo/departement/07>)) || (?departement = <http://id.insee.fr/geo/departement/74>)) || (?departement = <http://id.insee.fr/geo/departement/69>)) || (?departement = <http://id.insee.fr/geo/departement/73>)) || (?departement = <http://id.insee.fr/geo/departement/26>)) || (?departement = <http://id.insee.fr/geo/departement/95>)) || (?departement = <http://id.insee.fr/geo/departement/93>)) || (?departement = <http://id.insee.fr/geo/departement/78>)) || (?departement = <http://id.insee.fr/geo/departement/92>)) || (?departement = <http://id.insee.fr/geo/departement/75>)) || (?departement = <http://id.insee.fr/geo/departement/77>)) || (?departement = <http://id.insee.fr/geo/departement/91>)) || (?departement = <http://id.insee.fr/geo/departement/94>)) || (?departement = <http://id.insee.fr/geo/departement/58>)) || (?departement = <http://id.insee.fr/geo/departement/89>)) || (?departement = <http://id.insee.fr/geo/departement/71>)) || (?departement = <http://id.insee.fr/geo/departement/21>)) }  
	1
--
	prefix idemo: <http://rdf.insee.fr/def/demo#> prefix igeo: <http://rdf.insee.fr/def/geo#> select *  where {?departement idemo:population ?popLeg .  ?popLeg idemo:populationTotale ?popTotale .  filter ((((((((((((((((((((?departement = <http://id.insee.fr/geo/departement/57>) || (?departement = <http://id.insee.fr/geo/departement/88>)) || (?departement = <http://id.insee.fr/geo/departement/55>)) || (?departement = <http://id.insee.fr/geo/departement/54>)) || (?departement = <http://id.insee.fr/geo/departement/70>)) || (?departement = <http://id.insee.fr/geo/departement/39>)) || (?departement = <http://id.insee.fr/geo/departement/25>)) || (?departement = <http://id.insee.fr/geo/departement/90>)) || (?departement = <http://id.insee.fr/geo/departement/27>)) || (?departement = <http://id.insee.fr/geo/departement/76>)) || (?departement = <http://id.insee.fr/geo/departement/29>)) || (?departement = <http://id.insee.fr/geo/departement/56>)) || (?departement = <http://id.insee.fr/geo/departement/35>)) || (?departement = <http://id.insee.fr/geo/departement/22>)) || (?departement = <http://id.insee.fr/geo/departement/61>)) || (?departement = <http://id.insee.fr/geo/departement/14>)) || (?departement = <http://id.insee.fr/geo/departement/50>)) || (?departement = <http://id.insee.fr/geo/departement/68>)) || (?departement = <http://id.insee.fr/geo/departement/67>)) || (?departement = <http://id.insee.fr/geo/departement/2A>)) }  
	1
--
	prefix idemo: <http://rdf.insee.fr/def/demo#> prefix igeo: <http://rdf.insee.fr/def/geo#> select *  where {?departement idemo:population ?popLeg .  ?popLeg idemo:populationTotale ?popTotale .  filter (?departement = <http://id.insee.fr/geo/departement/2B>) }  
	1
--
	prefix idemo: <http://rdf.insee.fr/def/demo#> prefix igeo: <http://rdf.insee.fr/def/geo#> select *  where {?departement idemo:population ?popLeg .  ?popLeg idemo:populationTotale ?popTotale .  filter ((((((((((((((((((((?departement = <http://id.insee.fr/geo/departement/80>) || (?departement = <http://id.insee.fr/geo/departement/02>)) || (?departement = <http://id.insee.fr/geo/departement/60>)) || (?departement = <http://id.insee.fr/geo/departement/59>)) || (?departement = <http://id.insee.fr/geo/departement/62>)) || (?departement = <http://id.insee.fr/geo/departement/47>)) || (?departement = <http://id.insee.fr/geo/departement/40>)) || (?departement = <http://id.insee.fr/geo/departement/24>)) || (?departement = <http://id.insee.fr/geo/departement/33>)) || (?departement = <http://id.insee.fr/geo/departement/64>)) || (?departement = <http://id.insee.fr/geo/departement/43>)) || (?departement = <http://id.insee.fr/geo/departement/15>)) || (?departement = <http://id.insee.fr/geo/departement/03>)) || (?departement = <http://id.insee.fr/geo/departement/63>)) || (?departement = <http://id.insee.fr/geo/departement/41>)) || (?departement = <http://id.insee.fr/geo/departement/28>)) || (?departement = <http://id.insee.fr/geo/departement/45>)) || (?departement = <http://id.insee.fr/geo/departement/37>)) || (?departement = <http://id.insee.fr/geo/departement/18>)) || (?departement = <http://id.insee.fr/geo/departement/36>)) }  
	1
--
	prefix idemo: <http://rdf.insee.fr/def/demo#> prefix igeo: <http://rdf.insee.fr/def/geo#> select *  where {?departement idemo:population ?popLeg .  ?popLeg idemo:populationTotale ?popTotale .  filter ((((((((((((((((((((?departement = <http://id.insee.fr/geo/departement/85>) || (?departement = <http://id.insee.fr/geo/departement/49>)) || (?departement = <http://id.insee.fr/geo/departement/72>)) || (?departement = <http://id.insee.fr/geo/departement/53>)) || (?departement = <http://id.insee.fr/geo/departement/52>)) || (?departement = <http://id.insee.fr/geo/departement/08>)) || (?departement = <http://id.insee.fr/geo/departement/10>)) || (?departement = <http://id.insee.fr/geo/departement/51>)) || (?departement = <http://id.insee.fr/geo/departement/19>)) || (?departement = <http://id.insee.fr/geo/departement/87>)) || (?departement = <http://id.insee.fr/geo/departement/23>)) || (?departement = <http://id.insee.fr/geo/departement/11>)) || (?departement = <http://id.insee.fr/geo/departement/48>)) || (?departement = <http://id.insee.fr/geo/departement/30>)) || (?departement = <http://id.insee.fr/geo/departement/34>)) || (?departement = <http://id.insee.fr/geo/departement/66>)) || (?departement = <http://id.insee.fr/geo/departement/79>)) || (?departement = <http://id.insee.fr/geo/departement/86>)) || (?departement = <http://id.insee.fr/geo/departement/17>)) || (?departement = <http://id.insee.fr/geo/departement/16>)) }  
	1
--
	>====  Sum = 64  =====

 INFO 2016-03-29 11:14:25,140 [main] (TestDQP.java:210) - Transferred results per query
 INFO 2016-03-29 11:14:25,140 [main] (TestDQP.java:211) - =========
	?region igeo:subdivisionDirecte ?departement
	202
--
	BGP{EDGE{?region igeo:codeRegion ?v} EDGE{?region igeo:subdivisionDirecte ?departement} EDGE{?departement igeo:nom ?nom} }
	202
--
	?region igeo:codeRegion ?v
	54
--
	prefix idemo: <http://rdf.insee.fr/def/demo#> prefix igeo: <http://rdf.insee.fr/def/geo#> select *  where {?departement idemo:population ?popLeg .  ?popLeg idemo:populationTotale ?popTotale .  filter ((((((((((((((((((((?departement = <http://id.insee.fr/geo/departement/84>) || (?departement = <http://id.insee.fr/geo/departement/06>)) || (?departement = <http://id.insee.fr/geo/departement/04>)) || (?departement = <http://id.insee.fr/geo/departement/05>)) || (?departement = <http://id.insee.fr/geo/departement/83>)) || (?departement = <http://id.insee.fr/geo/departement/13>)) || (?departement = <http://id.insee.fr/geo/departement/971>)) || (?departement = <http://id.insee.fr/geo/departement/976>)) || (?departement = <http://id.insee.fr/geo/departement/972>)) || (?departement = <http://id.insee.fr/geo/departement/973>)) || (?departement = <http://id.insee.fr/geo/departement/974>)) || (?departement = <http://id.insee.fr/geo/departement/65>)) || (?departement = <http://id.insee.fr/geo/departement/81>)) || (?departement = <http://id.insee.fr/geo/departement/82>)) || (?departement = <http://id.insee.fr/geo/departement/46>)) || (?departement = <http://id.insee.fr/geo/departement/09>)) || (?departement = <http://id.insee.fr/geo/departement/32>)) || (?departement = <http://id.insee.fr/geo/departement/12>)) || (?departement = <http://id.insee.fr/geo/departement/31>)) || (?departement = <http://id.insee.fr/geo/departement/44>)) }  
	19
--
	prefix idemo: <http://rdf.insee.fr/def/demo#> prefix igeo: <http://rdf.insee.fr/def/geo#> select *  where {?departement idemo:population ?popLeg .  ?popLeg idemo:populationTotale ?popTotale .  filter ((((((((((((((((((((?departement = <http://id.insee.fr/geo/departement/01>) || (?departement = <http://id.insee.fr/geo/departement/38>)) || (?departement = <http://id.insee.fr/geo/departement/42>)) || (?departement = <http://id.insee.fr/geo/departement/07>)) || (?departement = <http://id.insee.fr/geo/departement/74>)) || (?departement = <http://id.insee.fr/geo/departement/69>)) || (?departement = <http://id.insee.fr/geo/departement/73>)) || (?departement = <http://id.insee.fr/geo/departement/26>)) || (?departement = <http://id.insee.fr/geo/departement/95>)) || (?departement = <http://id.insee.fr/geo/departement/93>)) || (?departement = <http://id.insee.fr/geo/departement/78>)) || (?departement = <http://id.insee.fr/geo/departement/92>)) || (?departement = <http://id.insee.fr/geo/departement/75>)) || (?departement = <http://id.insee.fr/geo/departement/77>)) || (?departement = <http://id.insee.fr/geo/departement/91>)) || (?departement = <http://id.insee.fr/geo/departement/94>)) || (?departement = <http://id.insee.fr/geo/departement/58>)) || (?departement = <http://id.insee.fr/geo/departement/89>)) || (?departement = <http://id.insee.fr/geo/departement/71>)) || (?departement = <http://id.insee.fr/geo/departement/21>)) }  
	20
--
	prefix idemo: <http://rdf.insee.fr/def/demo#> prefix igeo: <http://rdf.insee.fr/def/geo#> select *  where {?departement idemo:population ?popLeg .  ?popLeg idemo:populationTotale ?popTotale .  filter ((((((((((((((((((((?departement = <http://id.insee.fr/geo/departement/57>) || (?departement = <http://id.insee.fr/geo/departement/88>)) || (?departement = <http://id.insee.fr/geo/departement/55>)) || (?departement = <http://id.insee.fr/geo/departement/54>)) || (?departement = <http://id.insee.fr/geo/departement/70>)) || (?departement = <http://id.insee.fr/geo/departement/39>)) || (?departement = <http://id.insee.fr/geo/departement/25>)) || (?departement = <http://id.insee.fr/geo/departement/90>)) || (?departement = <http://id.insee.fr/geo/departement/27>)) || (?departement = <http://id.insee.fr/geo/departement/76>)) || (?departement = <http://id.insee.fr/geo/departement/29>)) || (?departement = <http://id.insee.fr/geo/departement/56>)) || (?departement = <http://id.insee.fr/geo/departement/35>)) || (?departement = <http://id.insee.fr/geo/departement/22>)) || (?departement = <http://id.insee.fr/geo/departement/61>)) || (?departement = <http://id.insee.fr/geo/departement/14>)) || (?departement = <http://id.insee.fr/geo/departement/50>)) || (?departement = <http://id.insee.fr/geo/departement/68>)) || (?departement = <http://id.insee.fr/geo/departement/67>)) || (?departement = <http://id.insee.fr/geo/departement/2A>)) }  
	20
--
	prefix idemo: <http://rdf.insee.fr/def/demo#> prefix igeo: <http://rdf.insee.fr/def/geo#> select *  where {?departement idemo:population ?popLeg .  ?popLeg idemo:populationTotale ?popTotale .  filter (?departement = <http://id.insee.fr/geo/departement/2B>) }  
	1
--
	prefix idemo: <http://rdf.insee.fr/def/demo#> prefix igeo: <http://rdf.insee.fr/def/geo#> select *  where {?departement idemo:population ?popLeg .  ?popLeg idemo:populationTotale ?popTotale .  filter ((((((((((((((((((((?departement = <http://id.insee.fr/geo/departement/80>) || (?departement = <http://id.insee.fr/geo/departement/02>)) || (?departement = <http://id.insee.fr/geo/departement/60>)) || (?departement = <http://id.insee.fr/geo/departement/59>)) || (?departement = <http://id.insee.fr/geo/departement/62>)) || (?departement = <http://id.insee.fr/geo/departement/47>)) || (?departement = <http://id.insee.fr/geo/departement/40>)) || (?departement = <http://id.insee.fr/geo/departement/24>)) || (?departement = <http://id.insee.fr/geo/departement/33>)) || (?departement = <http://id.insee.fr/geo/departement/64>)) || (?departement = <http://id.insee.fr/geo/departement/43>)) || (?departement = <http://id.insee.fr/geo/departement/15>)) || (?departement = <http://id.insee.fr/geo/departement/03>)) || (?departement = <http://id.insee.fr/geo/departement/63>)) || (?departement = <http://id.insee.fr/geo/departement/41>)) || (?departement = <http://id.insee.fr/geo/departement/28>)) || (?departement = <http://id.insee.fr/geo/departement/45>)) || (?departement = <http://id.insee.fr/geo/departement/37>)) || (?departement = <http://id.insee.fr/geo/departement/18>)) || (?departement = <http://id.insee.fr/geo/departement/36>)) }  
	20
--
	prefix idemo: <http://rdf.insee.fr/def/demo#> prefix igeo: <http://rdf.insee.fr/def/geo#> select *  where {?departement idemo:population ?popLeg .  ?popLeg idemo:populationTotale ?popTotale .  filter ((((((((((((((((((((?departement = <http://id.insee.fr/geo/departement/85>) || (?departement = <http://id.insee.fr/geo/departement/49>)) || (?departement = <http://id.insee.fr/geo/departement/72>)) || (?departement = <http://id.insee.fr/geo/departement/53>)) || (?departement = <http://id.insee.fr/geo/departement/52>)) || (?departement = <http://id.insee.fr/geo/departement/08>)) || (?departement = <http://id.insee.fr/geo/departement/10>)) || (?departement = <http://id.insee.fr/geo/departement/51>)) || (?departement = <http://id.insee.fr/geo/departement/19>)) || (?departement = <http://id.insee.fr/geo/departement/87>)) || (?departement = <http://id.insee.fr/geo/departement/23>)) || (?departement = <http://id.insee.fr/geo/departement/11>)) || (?departement = <http://id.insee.fr/geo/departement/48>)) || (?departement = <http://id.insee.fr/geo/departement/30>)) || (?departement = <http://id.insee.fr/geo/departement/34>)) || (?departement = <http://id.insee.fr/geo/departement/66>)) || (?departement = <http://id.insee.fr/geo/departement/79>)) || (?departement = <http://id.insee.fr/geo/departement/86>)) || (?departement = <http://id.insee.fr/geo/departement/17>)) || (?departement = <http://id.insee.fr/geo/departement/16>)) }  
	20
--
	>====  Sum = 558  =====

 INFO 2016-03-29 11:14:25,140 [main] (TestDQP.java:212) - Remote queries per data source
 INFO 2016-03-29 11:14:25,140 [main] (TestDQP.java:213) - =========
	http://localhost:8081/sparql
	29
--
	http://localhost:8088/sparql
	6
--
	http://localhost:8082/sparql
	29
--
	>====  Sum = 64  =====

 INFO 2016-03-29 11:14:25,140 [main] (TestDQP.java:214) - Transferred results per source
 INFO 2016-03-29 11:14:25,140 [main] (TestDQP.java:215) - =========
	http://localhost:8081/sparql
	229
--
	http://localhost:8088/sparql
	100
--
	http://localhost:8082/sparql
	229
--
	>====  Sum = 558  =====

