 INFO 2016-03-22 16:48:12,572 [main] (ServiceGrouper.java:84) - Building indices for 
 INFO 2016-03-22 16:48:12,574 [main] (ServiceGrouper.java:85) - {?region igeo:codeRegion '24' . 
?region igeo:subdivisionDirecte ?departement . 
?departement igeo:nom ?nom . 
?departement idemo:population ?popLeg . 
?popLeg idemo:populationTotale ?popTotale . }
 INFO 2016-03-22 16:48:12,750 [main] (ServiceGrouper.java:559) - Edge index
 INFO 2016-03-22 16:48:12,751 [main] (ServiceGrouper.java:575) - Source index
 INFO 2016-03-22 16:48:12,752 [main] (ServiceGrouper.java:259) - Found consecutive triple patterns into {?region igeo:codeRegion '24' . 
?region igeo:subdivisionDirecte ?departement . 
?departement igeo:nom ?nom . 
?departement idemo:population ?popLeg . 
?popLeg idemo:populationTotale ?popTotale . }
 INFO 2016-03-22 16:48:12,752 [main] (ServiceGrouper.java:426) - Processing
[?region igeo:codeRegion '24' . , ?region igeo:subdivisionDirecte ?departement . , ?departement igeo:nom ?nom . , ?departement idemo:population ?popLeg . , ?popLeg idemo:populationTotale ?popTotale . ]
 WARN 2016-03-22 16:48:12,753 [main] (ServiceGrouper.java:446) - Triple pattern ?region igeo:codeRegion '24' .  appears in more than one data source, excluded from SERVICE.
 WARN 2016-03-22 16:48:12,753 [main] (ServiceGrouper.java:446) - Triple pattern ?region igeo:subdivisionDirecte ?departement .  appears in more than one data source, excluded from SERVICE.
 WARN 2016-03-22 16:48:12,753 [main] (ServiceGrouper.java:446) - Triple pattern ?departement igeo:nom ?nom .  appears in more than one data source, excluded from SERVICE.
 WARN 2016-03-22 16:48:12,755 [main] (ServiceGrouper.java:446) - Triple pattern ?region igeo:codeRegion '24' .  appears in more than one data source, excluded from SERVICE.
 WARN 2016-03-22 16:48:12,755 [main] (ServiceGrouper.java:446) - Triple pattern ?region igeo:subdivisionDirecte ?departement .  appears in more than one data source, excluded from SERVICE.
 WARN 2016-03-22 16:48:12,755 [main] (ServiceGrouper.java:446) - Triple pattern ?departement igeo:nom ?nom .  appears in more than one data source, excluded from SERVICE.
 INFO 2016-03-22 16:48:12,756 [main] (ServiceGrouper.java:271) - Ranking : 
 INFO 2016-03-22 16:48:12,756 [main] (ServiceGrouper.java:272) - {?region igeo:codeRegion '24' . 
?region igeo:subdivisionDirecte ?departement . 
?departement igeo:nom ?nom . 
service <http://localhost:8086/sparql> {?departement idemo:population ?popLeg . 
?popLeg idemo:populationTotale ?popTotale . }}
 INFO 2016-03-22 16:48:12,757 [main] (ServiceGrouper.java:277) - 1 free variables for ?region igeo:codeRegion '24' . 
 INFO 2016-03-22 16:48:12,757 [main] (ServiceGrouper.java:277) - 2 free variables for ?region igeo:subdivisionDirecte ?departement . 
 INFO 2016-03-22 16:48:12,757 [main] (ServiceGrouper.java:277) - 2 free variables for ?departement igeo:nom ?nom . 
 INFO 2016-03-22 16:48:12,757 [main] (ServiceGrouper.java:277) - 3 free variables for service <http://localhost:8086/sparql> {?departement idemo:population ?popLeg . 
?popLeg idemo:populationTotale ?popTotale . }
 INFO 2016-03-22 16:48:12,758 [main] (ServiceGrouper.java:286) - Sorting services possibly with the same score
 WARN 2016-03-22 16:48:12,759 [main] (ServiceGrouper.java:353) - Searching for ?region igeo:subdivisionDirecte ?departement .  in [?region igeo:codeRegion '24' . , ?region igeo:subdivisionDirecte ?departement . , ?departement igeo:nom ?nom . , ?departement idemo:population ?popLeg . , ?popLeg idemo:populationTotale ?popTotale . ]
 WARN 2016-03-22 16:48:12,759 [main] (ServiceGrouper.java:353) - Searching for ?departement igeo:nom ?nom .  in [?region igeo:codeRegion '24' . , ?region igeo:subdivisionDirecte ?departement . , ?departement igeo:nom ?nom . , ?departement idemo:population ?popLeg . , ?popLeg idemo:populationTotale ?popTotale . ]
 INFO 2016-03-22 16:48:12,759 [main] (ServiceGrouper.java:328) - Comparing : ?region igeo:subdivisionDirecte ?departement .  with ?departement igeo:nom ?nom . 
 WARN 2016-03-22 16:48:12,760 [main] (ServiceGrouper.java:353) - Searching for ?region igeo:subdivisionDirecte ?departement .  in [?region igeo:codeRegion '24' . , ?region igeo:subdivisionDirecte ?departement . , ?departement igeo:nom ?nom . , ?departement idemo:population ?popLeg . , ?popLeg idemo:populationTotale ?popTotale . ]
 WARN 2016-03-22 16:48:12,760 [main] (ServiceGrouper.java:353) - Searching for ?departement igeo:nom ?nom .  in [?region igeo:codeRegion '24' . , ?region igeo:subdivisionDirecte ?departement . , ?departement igeo:nom ?nom . , ?departement idemo:population ?popLeg . , ?popLeg idemo:populationTotale ?popTotale . ]
 INFO 2016-03-22 16:48:12,760 [main] (ServiceGrouper.java:328) - Comparing : ?region igeo:subdivisionDirecte ?departement .  with ?departement igeo:nom ?nom . 
 INFO 2016-03-22 16:48:12,761 [main] (ServiceGrouper.java:340) - {?region igeo:codeRegion '24' . 
?region igeo:subdivisionDirecte ?departement . 
?departement igeo:nom ?nom . 
service <http://localhost:8086/sparql> {?departement idemo:population ?popLeg . 
?popLeg idemo:populationTotale ?popTotale . }}
 INFO 2016-03-22 16:48:12,761 [main] (ServiceGrouper.java:118) - Final rewritten query
 INFO 2016-03-22 16:48:12,762 [main] (ServiceGrouper.java:119) - prefix idemo: <http://rdf.insee.fr/def/demo#>
prefix igeo: <http://rdf.insee.fr/def/geo#>
select ?nom ?popTotale 
where
{?region igeo:codeRegion '24' . 
?region igeo:subdivisionDirecte ?departement . 
?departement igeo:nom ?nom . 
service <http://localhost:8086/sparql> {?departement idemo:population ?popLeg . 
?popLeg idemo:populationTotale ?popTotale . }}
order by ?popTotale 


 INFO 2016-03-22 16:48:12,783 [main] (ParallelMetaProducerLessBlocking.java:61) - Searching for edge : ?region igeo:codeRegion '24'
 INFO 2016-03-22 16:48:12,786 [pool-1-thread-1] (CallableResult.java:52) - CallableResult for GetEdge
 INFO 2016-03-22 16:48:12,786 [pool-1-thread-2] (CallableResult.java:52) - CallableResult for GetEdge
 INFO 2016-03-22 16:48:12,917 [pool-1-thread-1] (CallableResult.java:63) - Finished CallableResult in 132 ms.
 INFO 2016-03-22 16:48:12,917 [pool-1-thread-2] (CallableResult.java:63) - Finished CallableResult in 132 ms.
 INFO 2016-03-22 16:48:12,917 [main] (ParallelMetaProducerLessBlocking.java:193) - Global results retrieved in getEdges 132ms.
 INFO 2016-03-22 16:48:12,919 [main] (ParallelMetaProducerLessBlocking.java:61) - Searching for edge : ?region igeo:subdivisionDirecte ?departement
 INFO 2016-03-22 16:48:12,919 [pool-2-thread-1] (CallableResult.java:52) - CallableResult for GetEdge
 INFO 2016-03-22 16:48:12,919 [pool-2-thread-2] (CallableResult.java:52) - CallableResult for GetEdge
 INFO 2016-03-22 16:48:12,951 [pool-2-thread-1] (CallableResult.java:63) - Finished CallableResult in 32 ms.
 INFO 2016-03-22 16:48:12,956 [pool-2-thread-2] (CallableResult.java:63) - Finished CallableResult in 37 ms.
 INFO 2016-03-22 16:48:12,956 [main] (ParallelMetaProducerLessBlocking.java:193) - Global results retrieved in getEdges 37ms.
 INFO 2016-03-22 16:48:12,957 [main] (ParallelMetaProducerLessBlocking.java:61) - Searching for edge : ?departement igeo:nom ?nom
 INFO 2016-03-22 16:48:12,957 [pool-3-thread-1] (CallableResult.java:52) - CallableResult for GetEdge
 INFO 2016-03-22 16:48:12,957 [pool-3-thread-2] (CallableResult.java:52) - CallableResult for GetEdge
 INFO 2016-03-22 16:48:12,972 [pool-3-thread-1] (CallableResult.java:63) - Finished CallableResult in 15 ms.
 INFO 2016-03-22 16:48:12,974 [pool-3-thread-2] (CallableResult.java:63) - Finished CallableResult in 17 ms.
 INFO 2016-03-22 16:48:12,975 [main] (ParallelMetaProducerLessBlocking.java:193) - Global results retrieved in getEdges 18ms.
 INFO 2016-03-22 16:48:12,975 [main] (ParallelMetaProducerLessBlocking.java:61) - Searching for edge : ?departement igeo:nom ?nom
 INFO 2016-03-22 16:48:12,976 [pool-4-thread-1] (CallableResult.java:52) - CallableResult for GetEdge
 INFO 2016-03-22 16:48:12,976 [pool-4-thread-2] (CallableResult.java:52) - CallableResult for GetEdge
 INFO 2016-03-22 16:48:12,987 [pool-4-thread-2] (CallableResult.java:63) - Finished CallableResult in 11 ms.
 INFO 2016-03-22 16:48:12,993 [pool-4-thread-1] (CallableResult.java:63) - Finished CallableResult in 17 ms.
 INFO 2016-03-22 16:48:12,993 [main] (ParallelMetaProducerLessBlocking.java:193) - Global results retrieved in getEdges 17ms.
 INFO 2016-03-22 16:48:12,994 [main] (ParallelMetaProducerLessBlocking.java:61) - Searching for edge : ?departement igeo:nom ?nom
 INFO 2016-03-22 16:48:12,994 [pool-5-thread-1] (CallableResult.java:52) - CallableResult for GetEdge
 INFO 2016-03-22 16:48:12,994 [pool-5-thread-2] (CallableResult.java:52) - CallableResult for GetEdge
 INFO 2016-03-22 16:48:13,005 [pool-5-thread-2] (CallableResult.java:63) - Finished CallableResult in 11 ms.
 INFO 2016-03-22 16:48:13,005 [pool-5-thread-1] (CallableResult.java:63) - Finished CallableResult in 11 ms.
 INFO 2016-03-22 16:48:13,006 [main] (ParallelMetaProducerLessBlocking.java:193) - Global results retrieved in getEdges 12ms.
 INFO 2016-03-22 16:48:13,006 [main] (ParallelMetaProducerLessBlocking.java:61) - Searching for edge : ?departement igeo:nom ?nom
 INFO 2016-03-22 16:48:13,007 [pool-6-thread-1] (CallableResult.java:52) - CallableResult for GetEdge
 INFO 2016-03-22 16:48:13,010 [pool-6-thread-2] (CallableResult.java:52) - CallableResult for GetEdge
 INFO 2016-03-22 16:48:13,018 [pool-6-thread-1] (CallableResult.java:63) - Finished CallableResult in 11 ms.
 INFO 2016-03-22 16:48:13,020 [pool-6-thread-2] (CallableResult.java:63) - Finished CallableResult in 10 ms.
 INFO 2016-03-22 16:48:13,021 [main] (ParallelMetaProducerLessBlocking.java:193) - Global results retrieved in getEdges 14ms.
 INFO 2016-03-22 16:48:13,021 [main] (ParallelMetaProducerLessBlocking.java:61) - Searching for edge : ?departement igeo:nom ?nom
 INFO 2016-03-22 16:48:13,021 [pool-7-thread-1] (CallableResult.java:52) - CallableResult for GetEdge
 INFO 2016-03-22 16:48:13,022 [pool-7-thread-2] (CallableResult.java:52) - CallableResult for GetEdge
 INFO 2016-03-22 16:48:13,032 [pool-7-thread-2] (CallableResult.java:63) - Finished CallableResult in 10 ms.
 INFO 2016-03-22 16:48:13,033 [pool-7-thread-1] (CallableResult.java:63) - Finished CallableResult in 12 ms.
 INFO 2016-03-22 16:48:13,033 [main] (ParallelMetaProducerLessBlocking.java:193) - Global results retrieved in getEdges 11ms.
 INFO 2016-03-22 16:48:13,034 [main] (ParallelMetaProducerLessBlocking.java:61) - Searching for edge : ?departement igeo:nom ?nom
 INFO 2016-03-22 16:48:13,034 [pool-8-thread-1] (CallableResult.java:52) - CallableResult for GetEdge
 INFO 2016-03-22 16:48:13,037 [pool-8-thread-2] (CallableResult.java:52) - CallableResult for GetEdge
 INFO 2016-03-22 16:48:13,045 [pool-8-thread-1] (CallableResult.java:63) - Finished CallableResult in 11 ms.
 INFO 2016-03-22 16:48:13,047 [pool-8-thread-2] (CallableResult.java:63) - Finished CallableResult in 10 ms.
 INFO 2016-03-22 16:48:13,047 [main] (ParallelMetaProducerLessBlocking.java:193) - Global results retrieved in getEdges 11ms.
 INFO 2016-03-22 16:48:13,048 [main] (ParallelMetaProducerLessBlocking.java:61) - Searching for edge : ?departement igeo:nom ?nom
 INFO 2016-03-22 16:48:13,048 [pool-9-thread-1] (CallableResult.java:52) - CallableResult for GetEdge
 INFO 2016-03-22 16:48:13,048 [pool-9-thread-2] (CallableResult.java:52) - CallableResult for GetEdge
 INFO 2016-03-22 16:48:13,059 [pool-9-thread-2] (CallableResult.java:63) - Finished CallableResult in 11 ms.
 INFO 2016-03-22 16:48:13,059 [pool-9-thread-1] (CallableResult.java:63) - Finished CallableResult in 11 ms.
 INFO 2016-03-22 16:48:13,060 [main] (ParallelMetaProducerLessBlocking.java:193) - Global results retrieved in getEdges 12ms.
 INFO 2016-03-22 16:48:13,060 [main] (ParallelMetaProducerLessBlocking.java:61) - Searching for edge : ?departement igeo:nom ?nom
 INFO 2016-03-22 16:48:13,061 [pool-10-thread-1] (CallableResult.java:52) - CallableResult for GetEdge
 INFO 2016-03-22 16:48:13,061 [pool-10-thread-2] (CallableResult.java:52) - CallableResult for GetEdge
 INFO 2016-03-22 16:48:13,072 [pool-10-thread-2] (CallableResult.java:63) - Finished CallableResult in 11 ms.
 INFO 2016-03-22 16:48:13,072 [pool-10-thread-1] (CallableResult.java:63) - Finished CallableResult in 11 ms.
 INFO 2016-03-22 16:48:13,072 [main] (ParallelMetaProducerLessBlocking.java:193) - Global results retrieved in getEdges 11ms.
 INFO 2016-03-22 16:48:13,073 [main] (ParallelMetaProducerLessBlocking.java:61) - Searching for edge : ?departement igeo:nom ?nom
 INFO 2016-03-22 16:48:13,073 [pool-11-thread-1] (CallableResult.java:52) - CallableResult for GetEdge
 INFO 2016-03-22 16:48:13,073 [pool-11-thread-2] (CallableResult.java:52) - CallableResult for GetEdge
 INFO 2016-03-22 16:48:13,083 [pool-11-thread-2] (CallableResult.java:63) - Finished CallableResult in 10 ms.
 INFO 2016-03-22 16:48:13,083 [pool-11-thread-1] (CallableResult.java:63) - Finished CallableResult in 10 ms.
 INFO 2016-03-22 16:48:13,084 [main] (ParallelMetaProducerLessBlocking.java:193) - Global results retrieved in getEdges 11ms.
 INFO 2016-03-22 16:48:13,084 [main] (ParallelMetaProducerLessBlocking.java:61) - Searching for edge : ?departement igeo:nom ?nom
 INFO 2016-03-22 16:48:13,085 [pool-12-thread-1] (CallableResult.java:52) - CallableResult for GetEdge
 INFO 2016-03-22 16:48:13,085 [pool-12-thread-2] (CallableResult.java:52) - CallableResult for GetEdge
 INFO 2016-03-22 16:48:13,096 [pool-12-thread-2] (CallableResult.java:63) - Finished CallableResult in 11 ms.
 INFO 2016-03-22 16:48:13,096 [pool-12-thread-1] (CallableResult.java:63) - Finished CallableResult in 11 ms.
 INFO 2016-03-22 16:48:13,097 [main] (ParallelMetaProducerLessBlocking.java:193) - Global results retrieved in getEdges 12ms.
 INFO 2016-03-22 16:48:13,097 [main] (ParallelMetaProducerLessBlocking.java:61) - Searching for edge : ?departement igeo:nom ?nom
 INFO 2016-03-22 16:48:13,098 [pool-13-thread-1] (CallableResult.java:52) - CallableResult for GetEdge
 INFO 2016-03-22 16:48:13,098 [pool-13-thread-2] (CallableResult.java:52) - CallableResult for GetEdge
 INFO 2016-03-22 16:48:13,108 [pool-13-thread-2] (CallableResult.java:63) - Finished CallableResult in 10 ms.
 INFO 2016-03-22 16:48:13,110 [pool-13-thread-1] (CallableResult.java:63) - Finished CallableResult in 12 ms.
 INFO 2016-03-22 16:48:13,112 [main] (ParallelMetaProducerLessBlocking.java:193) - Global results retrieved in getEdges 14ms.
 INFO 2016-03-22 16:48:13,113 [main] (ParallelMetaProducerLessBlocking.java:61) - Searching for edge : ?departement igeo:nom ?nom
 INFO 2016-03-22 16:48:13,114 [pool-14-thread-1] (CallableResult.java:52) - CallableResult for GetEdge
 INFO 2016-03-22 16:48:13,114 [pool-14-thread-2] (CallableResult.java:52) - CallableResult for GetEdge
 INFO 2016-03-22 16:48:13,126 [pool-14-thread-1] (CallableResult.java:63) - Finished CallableResult in 12 ms.
 INFO 2016-03-22 16:48:13,138 [pool-14-thread-2] (CallableResult.java:63) - Finished CallableResult in 24 ms.
 INFO 2016-03-22 16:48:13,138 [main] (ParallelMetaProducerLessBlocking.java:193) - Global results retrieved in getEdges 24ms.
 INFO 2016-03-22 16:48:13,139 [main] (ParallelMetaProducerLessBlocking.java:61) - Searching for edge : ?region igeo:subdivisionDirecte ?departement
 INFO 2016-03-22 16:48:13,139 [pool-15-thread-1] (CallableResult.java:52) - CallableResult for GetEdge
 INFO 2016-03-22 16:48:13,139 [pool-15-thread-2] (CallableResult.java:52) - CallableResult for GetEdge
 INFO 2016-03-22 16:48:13,158 [pool-15-thread-1] (CallableResult.java:63) - Finished CallableResult in 19 ms.
 INFO 2016-03-22 16:48:13,162 [pool-15-thread-2] (CallableResult.java:63) - Finished CallableResult in 23 ms.
 INFO 2016-03-22 16:48:13,162 [main] (ParallelMetaProducerLessBlocking.java:193) - Global results retrieved in getEdges 23ms.
 INFO 2016-03-22 16:48:13,162 [main] (ParallelMetaProducerLessBlocking.java:61) - Searching for edge : ?departement igeo:nom ?nom
 INFO 2016-03-22 16:48:13,163 [pool-16-thread-1] (CallableResult.java:52) - CallableResult for GetEdge
 INFO 2016-03-22 16:48:13,163 [pool-16-thread-2] (CallableResult.java:52) - CallableResult for GetEdge
 INFO 2016-03-22 16:48:13,171 [pool-16-thread-1] (CallableResult.java:63) - Finished CallableResult in 8 ms.
 INFO 2016-03-22 16:48:13,172 [pool-16-thread-2] (CallableResult.java:63) - Finished CallableResult in 9 ms.
 INFO 2016-03-22 16:48:13,172 [main] (ParallelMetaProducerLessBlocking.java:193) - Global results retrieved in getEdges 9ms.
 INFO 2016-03-22 16:48:13,173 [main] (ParallelMetaProducerLessBlocking.java:61) - Searching for edge : ?departement igeo:nom ?nom
 INFO 2016-03-22 16:48:13,173 [pool-17-thread-1] (CallableResult.java:52) - CallableResult for GetEdge
 INFO 2016-03-22 16:48:13,173 [pool-17-thread-2] (CallableResult.java:52) - CallableResult for GetEdge
 INFO 2016-03-22 16:48:13,181 [pool-17-thread-1] (CallableResult.java:63) - Finished CallableResult in 8 ms.
 INFO 2016-03-22 16:48:13,182 [pool-17-thread-2] (CallableResult.java:63) - Finished CallableResult in 9 ms.
 INFO 2016-03-22 16:48:13,182 [main] (ParallelMetaProducerLessBlocking.java:193) - Global results retrieved in getEdges 9ms.
 INFO 2016-03-22 16:48:13,182 [main] (ParallelMetaProducerLessBlocking.java:61) - Searching for edge : ?departement igeo:nom ?nom
 INFO 2016-03-22 16:48:13,183 [pool-18-thread-1] (CallableResult.java:52) - CallableResult for GetEdge
 INFO 2016-03-22 16:48:13,183 [pool-18-thread-2] (CallableResult.java:52) - CallableResult for GetEdge
 INFO 2016-03-22 16:48:13,192 [pool-18-thread-2] (CallableResult.java:63) - Finished CallableResult in 9 ms.
 INFO 2016-03-22 16:48:13,194 [pool-18-thread-1] (CallableResult.java:63) - Finished CallableResult in 11 ms.
 INFO 2016-03-22 16:48:13,194 [main] (ParallelMetaProducerLessBlocking.java:193) - Global results retrieved in getEdges 11ms.
 INFO 2016-03-22 16:48:13,195 [main] (ParallelMetaProducerLessBlocking.java:61) - Searching for edge : ?departement igeo:nom ?nom
 INFO 2016-03-22 16:48:13,198 [pool-19-thread-1] (CallableResult.java:52) - CallableResult for GetEdge
 INFO 2016-03-22 16:48:13,208 [pool-19-thread-1] (CallableResult.java:63) - Finished CallableResult in 10 ms.
 INFO 2016-03-22 16:48:13,210 [pool-19-thread-2] (CallableResult.java:52) - CallableResult for GetEdge
 INFO 2016-03-22 16:48:13,236 [pool-19-thread-2] (CallableResult.java:63) - Finished CallableResult in 26 ms.
 INFO 2016-03-22 16:48:13,236 [main] (ParallelMetaProducerLessBlocking.java:193) - Global results retrieved in getEdges 26ms.
 INFO 2016-03-22 16:48:13,236 [main] (ParallelMetaProducerLessBlocking.java:61) - Searching for edge : ?departement igeo:nom ?nom
 INFO 2016-03-22 16:48:13,237 [pool-20-thread-1] (CallableResult.java:52) - CallableResult for GetEdge
 INFO 2016-03-22 16:48:13,237 [pool-20-thread-2] (CallableResult.java:52) - CallableResult for GetEdge
 INFO 2016-03-22 16:48:13,244 [pool-20-thread-2] (CallableResult.java:63) - Finished CallableResult in 7 ms.
 INFO 2016-03-22 16:48:13,244 [pool-20-thread-1] (CallableResult.java:63) - Finished CallableResult in 7 ms.
 INFO 2016-03-22 16:48:13,245 [main] (ParallelMetaProducerLessBlocking.java:193) - Global results retrieved in getEdges 8ms.
 INFO 2016-03-22 16:48:13,245 [main] (ParallelMetaProducerLessBlocking.java:61) - Searching for edge : ?departement igeo:nom ?nom
 INFO 2016-03-22 16:48:13,246 [pool-21-thread-1] (CallableResult.java:52) - CallableResult for GetEdge
 INFO 2016-03-22 16:48:13,246 [pool-21-thread-2] (CallableResult.java:52) - CallableResult for GetEdge
 INFO 2016-03-22 16:48:13,254 [pool-21-thread-1] (CallableResult.java:63) - Finished CallableResult in 8 ms.
 INFO 2016-03-22 16:48:13,254 [pool-21-thread-2] (CallableResult.java:63) - Finished CallableResult in 8 ms.
 INFO 2016-03-22 16:48:13,255 [main] (ParallelMetaProducerLessBlocking.java:193) - Global results retrieved in getEdges 9ms.
 INFO 2016-03-22 16:48:13,255 [main] (ParallelMetaProducerLessBlocking.java:61) - Searching for edge : ?departement igeo:nom ?nom
 INFO 2016-03-22 16:48:13,255 [pool-22-thread-1] (CallableResult.java:52) - CallableResult for GetEdge
 INFO 2016-03-22 16:48:13,255 [pool-22-thread-2] (CallableResult.java:52) - CallableResult for GetEdge
 INFO 2016-03-22 16:48:13,263 [pool-22-thread-2] (CallableResult.java:63) - Finished CallableResult in 8 ms.
 INFO 2016-03-22 16:48:13,263 [pool-22-thread-1] (CallableResult.java:63) - Finished CallableResult in 8 ms.
 INFO 2016-03-22 16:48:13,263 [main] (ParallelMetaProducerLessBlocking.java:193) - Global results retrieved in getEdges 8ms.
 INFO 2016-03-22 16:48:13,263 [main] (ParallelMetaProducerLessBlocking.java:61) - Searching for edge : ?departement igeo:nom ?nom
 INFO 2016-03-22 16:48:13,264 [pool-23-thread-1] (CallableResult.java:52) - CallableResult for GetEdge
 INFO 2016-03-22 16:48:13,264 [pool-23-thread-2] (CallableResult.java:52) - CallableResult for GetEdge
 INFO 2016-03-22 16:48:13,272 [pool-23-thread-2] (CallableResult.java:63) - Finished CallableResult in 8 ms.
 INFO 2016-03-22 16:48:13,272 [pool-23-thread-1] (CallableResult.java:63) - Finished CallableResult in 8 ms.
 INFO 2016-03-22 16:48:13,273 [main] (ParallelMetaProducerLessBlocking.java:193) - Global results retrieved in getEdges 9ms.
 INFO 2016-03-22 16:48:13,273 [main] (ParallelMetaProducerLessBlocking.java:61) - Searching for edge : ?departement igeo:nom ?nom
 INFO 2016-03-22 16:48:13,274 [pool-24-thread-1] (CallableResult.java:52) - CallableResult for GetEdge
 INFO 2016-03-22 16:48:13,274 [pool-24-thread-2] (CallableResult.java:52) - CallableResult for GetEdge
 INFO 2016-03-22 16:48:13,280 [pool-24-thread-1] (CallableResult.java:63) - Finished CallableResult in 6 ms.
 INFO 2016-03-22 16:48:13,281 [pool-24-thread-2] (CallableResult.java:63) - Finished CallableResult in 7 ms.
 INFO 2016-03-22 16:48:13,281 [main] (ParallelMetaProducerLessBlocking.java:193) - Global results retrieved in getEdges 7ms.
 INFO 2016-03-22 16:48:13,281 [main] (ParallelMetaProducerLessBlocking.java:61) - Searching for edge : ?departement igeo:nom ?nom
 INFO 2016-03-22 16:48:13,282 [pool-25-thread-1] (CallableResult.java:52) - CallableResult for GetEdge
 INFO 2016-03-22 16:48:13,282 [pool-25-thread-2] (CallableResult.java:52) - CallableResult for GetEdge
 INFO 2016-03-22 16:48:13,292 [pool-25-thread-1] (CallableResult.java:63) - Finished CallableResult in 10 ms.
 INFO 2016-03-22 16:48:13,292 [pool-25-thread-2] (CallableResult.java:63) - Finished CallableResult in 10 ms.
 INFO 2016-03-22 16:48:13,293 [main] (ParallelMetaProducerLessBlocking.java:193) - Global results retrieved in getEdges 11ms.
 INFO 2016-03-22 16:48:13,293 [main] (ParallelMetaProducerLessBlocking.java:61) - Searching for edge : ?departement igeo:nom ?nom
 INFO 2016-03-22 16:48:13,294 [pool-26-thread-1] (CallableResult.java:52) - CallableResult for GetEdge
 INFO 2016-03-22 16:48:13,294 [pool-26-thread-2] (CallableResult.java:52) - CallableResult for GetEdge
 INFO 2016-03-22 16:48:13,302 [pool-26-thread-1] (CallableResult.java:63) - Finished CallableResult in 9 ms.
 INFO 2016-03-22 16:48:13,302 [pool-26-thread-2] (CallableResult.java:63) - Finished CallableResult in 8 ms.
 INFO 2016-03-22 16:48:13,302 [main] (ParallelMetaProducerLessBlocking.java:193) - Global results retrieved in getEdges 8ms.
 INFO 2016-03-22 16:48:13,303 [main] (ParallelMetaProducerLessBlocking.java:61) - Searching for edge : ?departement igeo:nom ?nom
 INFO 2016-03-22 16:48:13,303 [pool-27-thread-1] (CallableResult.java:52) - CallableResult for GetEdge
 INFO 2016-03-22 16:48:13,303 [pool-27-thread-2] (CallableResult.java:52) - CallableResult for GetEdge
 INFO 2016-03-22 16:48:13,311 [pool-27-thread-1] (CallableResult.java:63) - Finished CallableResult in 8 ms.
 INFO 2016-03-22 16:48:13,311 [pool-27-thread-2] (CallableResult.java:63) - Finished CallableResult in 8 ms.
 INFO 2016-03-22 16:48:13,311 [main] (ParallelMetaProducerLessBlocking.java:193) - Global results retrieved in getEdges 8ms.
 INFO 2016-03-22 16:48:13,313 [main] (ProviderImplCostMonitoring.java:229) - ** Provider: 
prefix idemo: <http://rdf.insee.fr/def/demo#>
prefix igeo: <http://rdf.insee.fr/def/geo#>
select * 
where
{?departement idemo:population ?popLeg . 
?popLeg idemo:populationTotale ?popTotale . 
filter ((((((((((((((((((((?departement = <http://id.insee.fr/geo/departement/41>) || (?departement = <http://id.insee.fr/geo/departement/41>)) || (?departement = <http://id.insee.fr/geo/departement/28>)) || (?departement = <http://id.insee.fr/geo/departement/28>)) || (?departement = <http://id.insee.fr/geo/departement/45>)) || (?departement = <http://id.insee.fr/geo/departement/45>)) || (?departement = <http://id.insee.fr/geo/departement/37>)) || (?departement = <http://id.insee.fr/geo/departement/37>)) || (?departement = <http://id.insee.fr/geo/departement/18>)) || (?departement = <http://id.insee.fr/geo/departement/18>)) || (?departement = <http://id.insee.fr/geo/departement/36>)) || (?departement = <http://id.insee.fr/geo/departement/36>)) || (?departement = <http://id.insee.fr/geo/departement/41>)) || (?departement = <http://id.insee.fr/geo/departement/41>)) || (?departement = <http://id.insee.fr/geo/departement/28>)) || (?departement = <http://id.insee.fr/geo/departement/28>)) || (?departement = <http://id.insee.fr/geo/departement/45>)) || (?departement = <http://id.insee.fr/geo/departement/45>)) || (?departement = <http://id.insee.fr/geo/departement/37>)) || (?departement = <http://id.insee.fr/geo/departement/37>)) }


 INFO 2016-03-22 16:48:13,393 [main] (ProviderImplCostMonitoring.java:229) - ** Provider: 
prefix idemo: <http://rdf.insee.fr/def/demo#>
prefix igeo: <http://rdf.insee.fr/def/geo#>
select * 
where
{?departement idemo:population ?popLeg . 
?popLeg idemo:populationTotale ?popTotale . 
filter ((((((((((((((((((((?departement = <http://id.insee.fr/geo/departement/18>) || (?departement = <http://id.insee.fr/geo/departement/18>)) || (?departement = <http://id.insee.fr/geo/departement/36>)) || (?departement = <http://id.insee.fr/geo/departement/36>)) || (?departement = <http://id.insee.fr/geo/departement/41>)) || (?departement = <http://id.insee.fr/geo/departement/41>)) || (?departement = <http://id.insee.fr/geo/departement/28>)) || (?departement = <http://id.insee.fr/geo/departement/28>)) || (?departement = <http://id.insee.fr/geo/departement/45>)) || (?departement = <http://id.insee.fr/geo/departement/45>)) || (?departement = <http://id.insee.fr/geo/departement/37>)) || (?departement = <http://id.insee.fr/geo/departement/37>)) || (?departement = <http://id.insee.fr/geo/departement/18>)) || (?departement = <http://id.insee.fr/geo/departement/18>)) || (?departement = <http://id.insee.fr/geo/departement/36>)) || (?departement = <http://id.insee.fr/geo/departement/36>)) || (?departement = <http://id.insee.fr/geo/departement/41>)) || (?departement = <http://id.insee.fr/geo/departement/41>)) || (?departement = <http://id.insee.fr/geo/departement/28>)) || (?departement = <http://id.insee.fr/geo/departement/28>)) }


 INFO 2016-03-22 16:48:13,509 [main] (ProviderImplCostMonitoring.java:229) - ** Provider: 
prefix idemo: <http://rdf.insee.fr/def/demo#>
prefix igeo: <http://rdf.insee.fr/def/geo#>
select * 
where
{?departement idemo:population ?popLeg . 
?popLeg idemo:populationTotale ?popTotale . 
filter ((((((((?departement = <http://id.insee.fr/geo/departement/45>) || (?departement = <http://id.insee.fr/geo/departement/45>)) || (?departement = <http://id.insee.fr/geo/departement/37>)) || (?departement = <http://id.insee.fr/geo/departement/37>)) || (?departement = <http://id.insee.fr/geo/departement/18>)) || (?departement = <http://id.insee.fr/geo/departement/18>)) || (?departement = <http://id.insee.fr/geo/departement/36>)) || (?departement = <http://id.insee.fr/geo/departement/36>)) }


 INFO 2016-03-22 16:48:13,566 [main] (TestDQP.java:207) - 128 results in 996 ms
 INFO 2016-03-22 16:48:13,568 [main] (TestDQP.java:208) - 
01 ?nom = "Indre"; ?popTotale = 235181; 
02 ?nom = "Indre"; ?popTotale = 235181; 
03 ?nom = "Indre"; ?popTotale = 235181; 
04 ?nom = "Indre"; ?popTotale = 235181; 
05 ?nom = "Indre"; ?popTotale = 235181; 
06 ?nom = "Indre"; ?popTotale = 235181; 
07 ?nom = "Indre"; ?popTotale = 235181; 
08 ?nom = "Indre"; ?popTotale = 235181; 
09 ?nom = "Indre"; ?popTotale = 235181; 
10 ?nom = "Indre"; ?popTotale = 235181; 
11 ?nom = "Indre"; ?popTotale = 235181; 
12 ?nom = "Indre"; ?popTotale = 235181; 
13 ?nom = "Indre"; ?popTotale = 235181; 
14 ?nom = "Indre"; ?popTotale = 235181; 
15 ?nom = "Indre"; ?popTotale = 235181; 
16 ?nom = "Indre"; ?popTotale = 235181; 
17 ?nom = "Indre"; ?popTotale = 235181; 
18 ?nom = "Indre"; ?popTotale = 235181; 
19 ?nom = "Indre"; ?popTotale = 235181; 
20 ?nom = "Indre"; ?popTotale = 235181; 
21 ?nom = "Indre"; ?popTotale = 235181; 
22 ?nom = "Indre"; ?popTotale = 235181; 
23 ?nom = "Indre"; ?popTotale = 235181; 
24 ?nom = "Indre"; ?popTotale = 235181; 
25 ?nom = "Cher"; ?popTotale = 319693; 
26 ?nom = "Cher"; ?popTotale = 319693; 
27 ?nom = "Cher"; ?popTotale = 319693; 
28 ?nom = "Cher"; ?popTotale = 319693; 
29 ?nom = "Cher"; ?popTotale = 319693; 
30 ?nom = "Cher"; ?popTotale = 319693; 
31 ?nom = "Cher"; ?popTotale = 319693; 
32 ?nom = "Cher"; ?popTotale = 319693; 
33 ?nom = "Cher"; ?popTotale = 319693; 
34 ?nom = "Cher"; ?popTotale = 319693; 
35 ?nom = "Cher"; ?popTotale = 319693; 
36 ?nom = "Cher"; ?popTotale = 319693; 
37 ?nom = "Cher"; ?popTotale = 319693; 
38 ?nom = "Cher"; ?popTotale = 319693; 
39 ?nom = "Cher"; ?popTotale = 319693; 
40 ?nom = "Cher"; ?popTotale = 319693; 
41 ?nom = "Cher"; ?popTotale = 319693; 
42 ?nom = "Cher"; ?popTotale = 319693; 
43 ?nom = "Cher"; ?popTotale = 319693; 
44 ?nom = "Cher"; ?popTotale = 319693; 
45 ?nom = "Cher"; ?popTotale = 319693; 
46 ?nom = "Cher"; ?popTotale = 319693; 
47 ?nom = "Cher"; ?popTotale = 319693; 
48 ?nom = "Cher"; ?popTotale = 319693; 
49 ?nom = "Loir-et-Cher"; ?popTotale = 342471; 
50 ?nom = "Loir-et-Cher"; ?popTotale = 342471; 
51 ?nom = "Loir-et-Cher"; ?popTotale = 342471; 
52 ?nom = "Loir-et-Cher"; ?popTotale = 342471; 
53 ?nom = "Loir-et-Cher"; ?popTotale = 342471; 
54 ?nom = "Loir-et-Cher"; ?popTotale = 342471; 
55 ?nom = "Loir-et-Cher"; ?popTotale = 342471; 
56 ?nom = "Loir-et-Cher"; ?popTotale = 342471; 
57 ?nom = "Loir-et-Cher"; ?popTotale = 342471; 
58 ?nom = "Loir-et-Cher"; ?popTotale = 342471; 
59 ?nom = "Loir-et-Cher"; ?popTotale = 342471; 
60 ?nom = "Loir-et-Cher"; ?popTotale = 342471; 
61 ?nom = "Loir-et-Cher"; ?popTotale = 342471; 
62 ?nom = "Loir-et-Cher"; ?popTotale = 342471; 
63 ?nom = "Loir-et-Cher"; ?popTotale = 342471; 
64 ?nom = "Loir-et-Cher"; ?popTotale = 342471; 
65 ?nom = "Eure-et-Loir"; ?popTotale = 444385; 
66 ?nom = "Eure-et-Loir"; ?popTotale = 444385; 
67 ?nom = "Eure-et-Loir"; ?popTotale = 444385; 
68 ?nom = "Eure-et-Loir"; ?popTotale = 444385; 
69 ?nom = "Eure-et-Loir"; ?popTotale = 444385; 
70 ?nom = "Eure-et-Loir"; ?popTotale = 444385; 
71 ?nom = "Eure-et-Loir"; ?popTotale = 444385; 
72 ?nom = "Eure-et-Loir"; ?popTotale = 444385; 
73 ?nom = "Eure-et-Loir"; ?popTotale = 444385; 
74 ?nom = "Eure-et-Loir"; ?popTotale = 444385; 
75 ?nom = "Eure-et-Loir"; ?popTotale = 444385; 
76 ?nom = "Eure-et-Loir"; ?popTotale = 444385; 
77 ?nom = "Eure-et-Loir"; ?popTotale = 444385; 
78 ?nom = "Eure-et-Loir"; ?popTotale = 444385; 
79 ?nom = "Eure-et-Loir"; ?popTotale = 444385; 
80 ?nom = "Eure-et-Loir"; ?popTotale = 444385; 
81 ?nom = "Indre-et-Loire"; ?popTotale = 615557; 
82 ?nom = "Indre-et-Loire"; ?popTotale = 615557; 
83 ?nom = "Indre-et-Loire"; ?popTotale = 615557; 
84 ?nom = "Indre-et-Loire"; ?popTotale = 615557; 
85 ?nom = "Indre-et-Loire"; ?popTotale = 615557; 
86 ?nom = "Indre-et-Loire"; ?popTotale = 615557; 
87 ?nom = "Indre-et-Loire"; ?popTotale = 615557; 
88 ?nom = "Indre-et-Loire"; ?popTotale = 615557; 
89 ?nom = "Indre-et-Loire"; ?popTotale = 615557; 
90 ?nom = "Indre-et-Loire"; ?popTotale = 615557; 
91 ?nom = "Indre-et-Loire"; ?popTotale = 615557; 
92 ?nom = "Indre-et-Loire"; ?popTotale = 615557; 
93 ?nom = "Indre-et-Loire"; ?popTotale = 615557; 
94 ?nom = "Indre-et-Loire"; ?popTotale = 615557; 
95 ?nom = "Indre-et-Loire"; ?popTotale = 615557; 
96 ?nom = "Indre-et-Loire"; ?popTotale = 615557; 
97 ?nom = "Indre-et-Loire"; ?popTotale = 615557; 
98 ?nom = "Indre-et-Loire"; ?popTotale = 615557; 
99 ?nom = "Indre-et-Loire"; ?popTotale = 615557; 
100 ?nom = "Indre-et-Loire"; ?popTotale = 615557; 
101 ?nom = "Indre-et-Loire"; ?popTotale = 615557; 
102 ?nom = "Indre-et-Loire"; ?popTotale = 615557; 
103 ?nom = "Indre-et-Loire"; ?popTotale = 615557; 
104 ?nom = "Indre-et-Loire"; ?popTotale = 615557; 
105 ?nom = "Loiret"; ?popTotale = 684104; 
106 ?nom = "Loiret"; ?popTotale = 684104; 
107 ?nom = "Loiret"; ?popTotale = 684104; 
108 ?nom = "Loiret"; ?popTotale = 684104; 
109 ?nom = "Loiret"; ?popTotale = 684104; 
110 ?nom = "Loiret"; ?popTotale = 684104; 
111 ?nom = "Loiret"; ?popTotale = 684104; 
112 ?nom = "Loiret"; ?popTotale = 684104; 
113 ?nom = "Loiret"; ?popTotale = 684104; 
114 ?nom = "Loiret"; ?popTotale = 684104; 
115 ?nom = "Loiret"; ?popTotale = 684104; 
116 ?nom = "Loiret"; ?popTotale = 684104; 
117 ?nom = "Loiret"; ?popTotale = 684104; 
118 ?nom = "Loiret"; ?popTotale = 684104; 
119 ?nom = "Loiret"; ?popTotale = 684104; 
120 ?nom = "Loiret"; ?popTotale = 684104; 
121 ?nom = "Loiret"; ?popTotale = 684104; 
122 ?nom = "Loiret"; ?popTotale = 684104; 
123 ?nom = "Loiret"; ?popTotale = 684104; 
124 ?nom = "Loiret"; ?popTotale = 684104; 
125 ?nom = "Loiret"; ?popTotale = 684104; 
126 ?nom = "Loiret"; ?popTotale = 684104; 
127 ?nom = "Loiret"; ?popTotale = 684104; 
128 ?nom = "Loiret"; ?popTotale = 684104; 

 INFO 2016-03-22 16:48:13,568 [main] (TestDQP.java:209) - Remote queries
 INFO 2016-03-22 16:48:13,569 [main] (TestDQP.java:210) - =========
	?region igeo:subdivisionDirecte ?departement
	4
--
	?departement igeo:nom ?nom
	48
--
	prefix idemo: <http://rdf.insee.fr/def/demo#> prefix igeo: <http://rdf.insee.fr/def/geo#> select *  where {?departement idemo:population ?popLeg .  ?popLeg idemo:populationTotale ?popTotale .  filter ((((((((((((((((((((?departement = <http://id.insee.fr/geo/departement/18>) || (?departement = <http://id.insee.fr/geo/departement/18>)) || (?departement = <http://id.insee.fr/geo/departement/36>)) || (?departement = <http://id.insee.fr/geo/departement/36>)) || (?departement = <http://id.insee.fr/geo/departement/41>)) || (?departement = <http://id.insee.fr/geo/departement/41>)) || (?departement = <http://id.insee.fr/geo/departement/28>)) || (?departement = <http://id.insee.fr/geo/departement/28>)) || (?departement = <http://id.insee.fr/geo/departement/45>)) || (?departement = <http://id.insee.fr/geo/departement/45>)) || (?departement = <http://id.insee.fr/geo/departement/37>)) || (?departement = <http://id.insee.fr/geo/departement/37>)) || (?departement = <http://id.insee.fr/geo/departement/18>)) || (?departement = <http://id.insee.fr/geo/departement/18>)) || (?departement = <http://id.insee.fr/geo/departement/36>)) || (?departement = <http://id.insee.fr/geo/departement/36>)) || (?departement = <http://id.insee.fr/geo/departement/41>)) || (?departement = <http://id.insee.fr/geo/departement/41>)) || (?departement = <http://id.insee.fr/geo/departement/28>)) || (?departement = <http://id.insee.fr/geo/departement/28>)) }  
	1
--
	prefix idemo: <http://rdf.insee.fr/def/demo#> prefix igeo: <http://rdf.insee.fr/def/geo#> select *  where {?departement idemo:population ?popLeg .  ?popLeg idemo:populationTotale ?popTotale .  filter ((((((((?departement = <http://id.insee.fr/geo/departement/45>) || (?departement = <http://id.insee.fr/geo/departement/45>)) || (?departement = <http://id.insee.fr/geo/departement/37>)) || (?departement = <http://id.insee.fr/geo/departement/37>)) || (?departement = <http://id.insee.fr/geo/departement/18>)) || (?departement = <http://id.insee.fr/geo/departement/18>)) || (?departement = <http://id.insee.fr/geo/departement/36>)) || (?departement = <http://id.insee.fr/geo/departement/36>)) }  
	1
--
	prefix idemo: <http://rdf.insee.fr/def/demo#> prefix igeo: <http://rdf.insee.fr/def/geo#> select *  where {?departement idemo:population ?popLeg .  ?popLeg idemo:populationTotale ?popTotale .  filter ((((((((((((((((((((?departement = <http://id.insee.fr/geo/departement/41>) || (?departement = <http://id.insee.fr/geo/departement/41>)) || (?departement = <http://id.insee.fr/geo/departement/28>)) || (?departement = <http://id.insee.fr/geo/departement/28>)) || (?departement = <http://id.insee.fr/geo/departement/45>)) || (?departement = <http://id.insee.fr/geo/departement/45>)) || (?departement = <http://id.insee.fr/geo/departement/37>)) || (?departement = <http://id.insee.fr/geo/departement/37>)) || (?departement = <http://id.insee.fr/geo/departement/18>)) || (?departement = <http://id.insee.fr/geo/departement/18>)) || (?departement = <http://id.insee.fr/geo/departement/36>)) || (?departement = <http://id.insee.fr/geo/departement/36>)) || (?departement = <http://id.insee.fr/geo/departement/41>)) || (?departement = <http://id.insee.fr/geo/departement/41>)) || (?departement = <http://id.insee.fr/geo/departement/28>)) || (?departement = <http://id.insee.fr/geo/departement/28>)) || (?departement = <http://id.insee.fr/geo/departement/45>)) || (?departement = <http://id.insee.fr/geo/departement/45>)) || (?departement = <http://id.insee.fr/geo/departement/37>)) || (?departement = <http://id.insee.fr/geo/departement/37>)) }  
	1
--
	?region igeo:codeRegion '24'
	2
--
	>====  Sum = 57  =====

 INFO 2016-03-22 16:48:13,569 [main] (TestDQP.java:211) - Transferred results per query
 INFO 2016-03-22 16:48:13,569 [main] (TestDQP.java:212) - =========
	?region igeo:subdivisionDirecte ?departement
	24
--
	?departement igeo:nom ?nom
	48
--
	prefix idemo: <http://rdf.insee.fr/def/demo#> prefix igeo: <http://rdf.insee.fr/def/geo#> select *  where {?departement idemo:population ?popLeg .  ?popLeg idemo:populationTotale ?popTotale .  filter ((((((((((((((((((((?departement = <http://id.insee.fr/geo/departement/18>) || (?departement = <http://id.insee.fr/geo/departement/18>)) || (?departement = <http://id.insee.fr/geo/departement/36>)) || (?departement = <http://id.insee.fr/geo/departement/36>)) || (?departement = <http://id.insee.fr/geo/departement/41>)) || (?departement = <http://id.insee.fr/geo/departement/41>)) || (?departement = <http://id.insee.fr/geo/departement/28>)) || (?departement = <http://id.insee.fr/geo/departement/28>)) || (?departement = <http://id.insee.fr/geo/departement/45>)) || (?departement = <http://id.insee.fr/geo/departement/45>)) || (?departement = <http://id.insee.fr/geo/departement/37>)) || (?departement = <http://id.insee.fr/geo/departement/37>)) || (?departement = <http://id.insee.fr/geo/departement/18>)) || (?departement = <http://id.insee.fr/geo/departement/18>)) || (?departement = <http://id.insee.fr/geo/departement/36>)) || (?departement = <http://id.insee.fr/geo/departement/36>)) || (?departement = <http://id.insee.fr/geo/departement/41>)) || (?departement = <http://id.insee.fr/geo/departement/41>)) || (?departement = <http://id.insee.fr/geo/departement/28>)) || (?departement = <http://id.insee.fr/geo/departement/28>)) }  
	6
--
	prefix idemo: <http://rdf.insee.fr/def/demo#> prefix igeo: <http://rdf.insee.fr/def/geo#> select *  where {?departement idemo:population ?popLeg .  ?popLeg idemo:populationTotale ?popTotale .  filter ((((((((?departement = <http://id.insee.fr/geo/departement/45>) || (?departement = <http://id.insee.fr/geo/departement/45>)) || (?departement = <http://id.insee.fr/geo/departement/37>)) || (?departement = <http://id.insee.fr/geo/departement/37>)) || (?departement = <http://id.insee.fr/geo/departement/18>)) || (?departement = <http://id.insee.fr/geo/departement/18>)) || (?departement = <http://id.insee.fr/geo/departement/36>)) || (?departement = <http://id.insee.fr/geo/departement/36>)) }  
	4
--
	prefix idemo: <http://rdf.insee.fr/def/demo#> prefix igeo: <http://rdf.insee.fr/def/geo#> select *  where {?departement idemo:population ?popLeg .  ?popLeg idemo:populationTotale ?popTotale .  filter ((((((((((((((((((((?departement = <http://id.insee.fr/geo/departement/41>) || (?departement = <http://id.insee.fr/geo/departement/41>)) || (?departement = <http://id.insee.fr/geo/departement/28>)) || (?departement = <http://id.insee.fr/geo/departement/28>)) || (?departement = <http://id.insee.fr/geo/departement/45>)) || (?departement = <http://id.insee.fr/geo/departement/45>)) || (?departement = <http://id.insee.fr/geo/departement/37>)) || (?departement = <http://id.insee.fr/geo/departement/37>)) || (?departement = <http://id.insee.fr/geo/departement/18>)) || (?departement = <http://id.insee.fr/geo/departement/18>)) || (?departement = <http://id.insee.fr/geo/departement/36>)) || (?departement = <http://id.insee.fr/geo/departement/36>)) || (?departement = <http://id.insee.fr/geo/departement/41>)) || (?departement = <http://id.insee.fr/geo/departement/41>)) || (?departement = <http://id.insee.fr/geo/departement/28>)) || (?departement = <http://id.insee.fr/geo/departement/28>)) || (?departement = <http://id.insee.fr/geo/departement/45>)) || (?departement = <http://id.insee.fr/geo/departement/45>)) || (?departement = <http://id.insee.fr/geo/departement/37>)) || (?departement = <http://id.insee.fr/geo/departement/37>)) }  
	6
--
	?region igeo:codeRegion '24'
	2
--
	>====  Sum = 90  =====

 INFO 2016-03-22 16:48:13,569 [main] (TestDQP.java:213) - Remote queries per data source
 INFO 2016-03-22 16:48:13,569 [main] (TestDQP.java:214) - =========
	http://localhost:8085/sparql
	27
--
	http://localhost:8084/sparql
	27
--
	http://localhost:8086/sparql
	3
--
	>====  Sum = 57  =====

 INFO 2016-03-22 16:48:13,569 [main] (TestDQP.java:215) - Transferred results per source
 INFO 2016-03-22 16:48:13,569 [main] (TestDQP.java:216) - =========
	http://localhost:8085/sparql
	37
--
	http://localhost:8084/sparql
	37
--
	http://localhost:8086/sparql
	16
--
	>====  Sum = 90  =====

