 INFO 2016-03-22 16:48:33,154 [main] (ServiceGrouper.java:84) - Building indices for 
 INFO 2016-03-22 16:48:33,156 [main] (ServiceGrouper.java:85) - {?region igeo:codeRegion '24' . 
?region igeo:subdivisionDirecte ?departement . 
?departement igeo:nom ?nom . 
?departement idemo:population ?popLeg . 
?popLeg idemo:populationTotale ?popTotale . }
 INFO 2016-03-22 16:48:33,297 [main] (ServiceGrouper.java:559) - Edge index
 INFO 2016-03-22 16:48:33,298 [main] (ServiceGrouper.java:575) - Source index
 INFO 2016-03-22 16:48:33,299 [main] (ServiceGrouper.java:259) - Found consecutive triple patterns into {?region igeo:codeRegion '24' . 
?region igeo:subdivisionDirecte ?departement . 
?departement igeo:nom ?nom . 
?departement idemo:population ?popLeg . 
?popLeg idemo:populationTotale ?popTotale . }
 INFO 2016-03-22 16:48:33,300 [main] (ServiceGrouper.java:426) - Processing
[?region igeo:codeRegion '24' . , ?region igeo:subdivisionDirecte ?departement . , ?departement igeo:nom ?nom . , ?departement idemo:population ?popLeg . , ?popLeg idemo:populationTotale ?popTotale . ]
 WARN 2016-03-22 16:48:33,300 [main] (ServiceGrouper.java:446) - Triple pattern ?region igeo:codeRegion '24' .  appears in more than one data source, excluded from SERVICE.
 WARN 2016-03-22 16:48:33,300 [main] (ServiceGrouper.java:446) - Triple pattern ?region igeo:subdivisionDirecte ?departement .  appears in more than one data source, excluded from SERVICE.
 WARN 2016-03-22 16:48:33,301 [main] (ServiceGrouper.java:446) - Triple pattern ?departement igeo:nom ?nom .  appears in more than one data source, excluded from SERVICE.
 WARN 2016-03-22 16:48:33,302 [main] (ServiceGrouper.java:446) - Triple pattern ?region igeo:codeRegion '24' .  appears in more than one data source, excluded from SERVICE.
 WARN 2016-03-22 16:48:33,302 [main] (ServiceGrouper.java:446) - Triple pattern ?region igeo:subdivisionDirecte ?departement .  appears in more than one data source, excluded from SERVICE.
 WARN 2016-03-22 16:48:33,302 [main] (ServiceGrouper.java:446) - Triple pattern ?departement igeo:nom ?nom .  appears in more than one data source, excluded from SERVICE.
 INFO 2016-03-22 16:48:33,303 [main] (ServiceGrouper.java:271) - Ranking : 
 INFO 2016-03-22 16:48:33,303 [main] (ServiceGrouper.java:272) - {?region igeo:codeRegion '24' . 
?region igeo:subdivisionDirecte ?departement . 
?departement igeo:nom ?nom . 
service <http://localhost:8086/sparql> {?departement idemo:population ?popLeg . 
?popLeg idemo:populationTotale ?popTotale . }}
 INFO 2016-03-22 16:48:33,303 [main] (ServiceGrouper.java:277) - 1 free variables for ?region igeo:codeRegion '24' . 
 INFO 2016-03-22 16:48:33,303 [main] (ServiceGrouper.java:277) - 2 free variables for ?region igeo:subdivisionDirecte ?departement . 
 INFO 2016-03-22 16:48:33,304 [main] (ServiceGrouper.java:277) - 2 free variables for ?departement igeo:nom ?nom . 
 INFO 2016-03-22 16:48:33,304 [main] (ServiceGrouper.java:277) - 3 free variables for service <http://localhost:8086/sparql> {?departement idemo:population ?popLeg . 
?popLeg idemo:populationTotale ?popTotale . }
 INFO 2016-03-22 16:48:33,304 [main] (ServiceGrouper.java:286) - Sorting services possibly with the same score
 WARN 2016-03-22 16:48:33,305 [main] (ServiceGrouper.java:353) - Searching for ?region igeo:subdivisionDirecte ?departement .  in [?region igeo:codeRegion '24' . , ?region igeo:subdivisionDirecte ?departement . , ?departement igeo:nom ?nom . , ?departement idemo:population ?popLeg . , ?popLeg idemo:populationTotale ?popTotale . ]
 WARN 2016-03-22 16:48:33,305 [main] (ServiceGrouper.java:353) - Searching for ?departement igeo:nom ?nom .  in [?region igeo:codeRegion '24' . , ?region igeo:subdivisionDirecte ?departement . , ?departement igeo:nom ?nom . , ?departement idemo:population ?popLeg . , ?popLeg idemo:populationTotale ?popTotale . ]
 INFO 2016-03-22 16:48:33,305 [main] (ServiceGrouper.java:328) - Comparing : ?region igeo:subdivisionDirecte ?departement .  with ?departement igeo:nom ?nom . 
 WARN 2016-03-22 16:48:33,306 [main] (ServiceGrouper.java:353) - Searching for ?region igeo:subdivisionDirecte ?departement .  in [?region igeo:codeRegion '24' . , ?region igeo:subdivisionDirecte ?departement . , ?departement igeo:nom ?nom . , ?departement idemo:population ?popLeg . , ?popLeg idemo:populationTotale ?popTotale . ]
 WARN 2016-03-22 16:48:33,306 [main] (ServiceGrouper.java:353) - Searching for ?departement igeo:nom ?nom .  in [?region igeo:codeRegion '24' . , ?region igeo:subdivisionDirecte ?departement . , ?departement igeo:nom ?nom . , ?departement idemo:population ?popLeg . , ?popLeg idemo:populationTotale ?popTotale . ]
 INFO 2016-03-22 16:48:33,306 [main] (ServiceGrouper.java:328) - Comparing : ?region igeo:subdivisionDirecte ?departement .  with ?departement igeo:nom ?nom . 
 INFO 2016-03-22 16:48:33,306 [main] (ServiceGrouper.java:340) - {?region igeo:codeRegion '24' . 
?region igeo:subdivisionDirecte ?departement . 
?departement igeo:nom ?nom . 
service <http://localhost:8086/sparql> {?departement idemo:population ?popLeg . 
?popLeg idemo:populationTotale ?popTotale . }}
 INFO 2016-03-22 16:48:33,306 [main] (ServiceGrouper.java:118) - Final rewritten query
 INFO 2016-03-22 16:48:33,307 [main] (ServiceGrouper.java:119) - prefix idemo: <http://rdf.insee.fr/def/demo#>
prefix igeo: <http://rdf.insee.fr/def/geo#>
select ?nom ?popTotale 
where
{?region igeo:codeRegion '24' . 
?region igeo:subdivisionDirecte ?departement . 
?departement igeo:nom ?nom . 
service <http://localhost:8086/sparql> {?departement idemo:population ?popLeg . 
?popLeg idemo:populationTotale ?popTotale . }}
order by ?popTotale 


 INFO 2016-03-22 16:48:33,325 [main] (ParallelMetaProducerLessBlocking.java:61) - Searching for edge : ?region igeo:codeRegion '24'
 INFO 2016-03-22 16:48:33,327 [pool-1-thread-2] (CallableResult.java:52) - CallableResult for GetEdge
 INFO 2016-03-22 16:48:33,327 [pool-1-thread-1] (CallableResult.java:52) - CallableResult for GetEdge
 INFO 2016-03-22 16:48:33,413 [pool-1-thread-2] (CallableResult.java:63) - Finished CallableResult in 86 ms.
 INFO 2016-03-22 16:48:33,413 [pool-1-thread-1] (CallableResult.java:63) - Finished CallableResult in 86 ms.
 INFO 2016-03-22 16:48:33,414 [main] (ParallelMetaProducerLessBlocking.java:193) - Global results retrieved in getEdges 87ms.
 INFO 2016-03-22 16:48:33,415 [main] (ParallelMetaProducerLessBlocking.java:61) - Searching for edge : ?region igeo:subdivisionDirecte ?departement
 INFO 2016-03-22 16:48:33,415 [pool-2-thread-1] (CallableResult.java:52) - CallableResult for GetEdge
 INFO 2016-03-22 16:48:33,416 [pool-2-thread-2] (CallableResult.java:52) - CallableResult for GetEdge
 INFO 2016-03-22 16:48:33,446 [pool-2-thread-1] (CallableResult.java:63) - Finished CallableResult in 31 ms.
 INFO 2016-03-22 16:48:33,447 [pool-2-thread-2] (CallableResult.java:63) - Finished CallableResult in 31 ms.
 INFO 2016-03-22 16:48:33,447 [main] (ParallelMetaProducerLessBlocking.java:193) - Global results retrieved in getEdges 31ms.
 INFO 2016-03-22 16:48:33,447 [main] (ParallelMetaProducerLessBlocking.java:61) - Searching for edge : ?departement igeo:nom ?nom
 INFO 2016-03-22 16:48:33,448 [pool-3-thread-2] (CallableResult.java:52) - CallableResult for GetEdge
 INFO 2016-03-22 16:48:33,452 [pool-3-thread-1] (CallableResult.java:52) - CallableResult for GetEdge
 INFO 2016-03-22 16:48:33,462 [pool-3-thread-2] (CallableResult.java:63) - Finished CallableResult in 14 ms.
 INFO 2016-03-22 16:48:33,467 [pool-3-thread-1] (CallableResult.java:63) - Finished CallableResult in 15 ms.
 INFO 2016-03-22 16:48:33,467 [main] (ParallelMetaProducerLessBlocking.java:193) - Global results retrieved in getEdges 19ms.
 INFO 2016-03-22 16:48:33,467 [main] (ParallelMetaProducerLessBlocking.java:61) - Searching for edge : ?departement igeo:nom ?nom
 INFO 2016-03-22 16:48:33,468 [pool-4-thread-1] (CallableResult.java:52) - CallableResult for GetEdge
 INFO 2016-03-22 16:48:33,468 [pool-4-thread-2] (CallableResult.java:52) - CallableResult for GetEdge
 INFO 2016-03-22 16:48:33,477 [pool-4-thread-2] (CallableResult.java:63) - Finished CallableResult in 9 ms.
 INFO 2016-03-22 16:48:33,477 [pool-4-thread-1] (CallableResult.java:63) - Finished CallableResult in 9 ms.
 INFO 2016-03-22 16:48:33,477 [main] (ParallelMetaProducerLessBlocking.java:193) - Global results retrieved in getEdges 9ms.
 INFO 2016-03-22 16:48:33,477 [main] (ParallelMetaProducerLessBlocking.java:61) - Searching for edge : ?departement igeo:nom ?nom
 INFO 2016-03-22 16:48:33,478 [pool-5-thread-1] (CallableResult.java:52) - CallableResult for GetEdge
 INFO 2016-03-22 16:48:33,478 [pool-5-thread-2] (CallableResult.java:52) - CallableResult for GetEdge
 INFO 2016-03-22 16:48:33,487 [pool-5-thread-1] (CallableResult.java:63) - Finished CallableResult in 9 ms.
 INFO 2016-03-22 16:48:33,487 [pool-5-thread-2] (CallableResult.java:63) - Finished CallableResult in 9 ms.
 INFO 2016-03-22 16:48:33,487 [main] (ParallelMetaProducerLessBlocking.java:193) - Global results retrieved in getEdges 9ms.
 INFO 2016-03-22 16:48:33,488 [main] (ParallelMetaProducerLessBlocking.java:61) - Searching for edge : ?departement igeo:nom ?nom
 INFO 2016-03-22 16:48:33,488 [pool-6-thread-1] (CallableResult.java:52) - CallableResult for GetEdge
 INFO 2016-03-22 16:48:33,488 [pool-6-thread-2] (CallableResult.java:52) - CallableResult for GetEdge
 INFO 2016-03-22 16:48:33,497 [pool-6-thread-2] (CallableResult.java:63) - Finished CallableResult in 9 ms.
 INFO 2016-03-22 16:48:33,497 [pool-6-thread-1] (CallableResult.java:63) - Finished CallableResult in 9 ms.
 INFO 2016-03-22 16:48:33,498 [main] (ParallelMetaProducerLessBlocking.java:193) - Global results retrieved in getEdges 10ms.
 INFO 2016-03-22 16:48:33,498 [main] (ParallelMetaProducerLessBlocking.java:61) - Searching for edge : ?departement igeo:nom ?nom
 INFO 2016-03-22 16:48:33,499 [pool-7-thread-1] (CallableResult.java:52) - CallableResult for GetEdge
 INFO 2016-03-22 16:48:33,499 [pool-7-thread-2] (CallableResult.java:52) - CallableResult for GetEdge
 INFO 2016-03-22 16:48:33,507 [pool-7-thread-2] (CallableResult.java:63) - Finished CallableResult in 8 ms.
 INFO 2016-03-22 16:48:33,507 [pool-7-thread-1] (CallableResult.java:63) - Finished CallableResult in 8 ms.
 INFO 2016-03-22 16:48:33,508 [main] (ParallelMetaProducerLessBlocking.java:193) - Global results retrieved in getEdges 8ms.
 INFO 2016-03-22 16:48:33,508 [main] (ParallelMetaProducerLessBlocking.java:61) - Searching for edge : ?departement igeo:nom ?nom
 INFO 2016-03-22 16:48:33,508 [pool-8-thread-1] (CallableResult.java:52) - CallableResult for GetEdge
 INFO 2016-03-22 16:48:33,508 [pool-8-thread-2] (CallableResult.java:52) - CallableResult for GetEdge
 INFO 2016-03-22 16:48:33,519 [pool-8-thread-1] (CallableResult.java:63) - Finished CallableResult in 11 ms.
 INFO 2016-03-22 16:48:33,521 [pool-8-thread-2] (CallableResult.java:63) - Finished CallableResult in 13 ms.
 INFO 2016-03-22 16:48:33,521 [main] (ParallelMetaProducerLessBlocking.java:193) - Global results retrieved in getEdges 13ms.
 INFO 2016-03-22 16:48:33,521 [main] (ParallelMetaProducerLessBlocking.java:61) - Searching for edge : ?departement igeo:nom ?nom
 INFO 2016-03-22 16:48:33,522 [pool-9-thread-1] (CallableResult.java:52) - CallableResult for GetEdge
 INFO 2016-03-22 16:48:33,522 [pool-9-thread-2] (CallableResult.java:52) - CallableResult for GetEdge
 INFO 2016-03-22 16:48:33,531 [pool-9-thread-1] (CallableResult.java:63) - Finished CallableResult in 9 ms.
 INFO 2016-03-22 16:48:33,531 [pool-9-thread-2] (CallableResult.java:63) - Finished CallableResult in 9 ms.
 INFO 2016-03-22 16:48:33,531 [main] (ParallelMetaProducerLessBlocking.java:193) - Global results retrieved in getEdges 9ms.
 INFO 2016-03-22 16:48:33,532 [main] (ParallelMetaProducerLessBlocking.java:61) - Searching for edge : ?departement igeo:nom ?nom
 INFO 2016-03-22 16:48:33,532 [pool-10-thread-1] (CallableResult.java:52) - CallableResult for GetEdge
 INFO 2016-03-22 16:48:33,536 [pool-10-thread-2] (CallableResult.java:52) - CallableResult for GetEdge
 INFO 2016-03-22 16:48:33,540 [pool-10-thread-1] (CallableResult.java:63) - Finished CallableResult in 8 ms.
 INFO 2016-03-22 16:48:33,543 [pool-10-thread-2] (CallableResult.java:63) - Finished CallableResult in 7 ms.
 INFO 2016-03-22 16:48:33,544 [main] (ParallelMetaProducerLessBlocking.java:193) - Global results retrieved in getEdges 12ms.
 INFO 2016-03-22 16:48:33,544 [main] (ParallelMetaProducerLessBlocking.java:61) - Searching for edge : ?departement igeo:nom ?nom
 INFO 2016-03-22 16:48:33,545 [pool-11-thread-1] (CallableResult.java:52) - CallableResult for GetEdge
 INFO 2016-03-22 16:48:33,551 [pool-11-thread-2] (CallableResult.java:52) - CallableResult for GetEdge
 INFO 2016-03-22 16:48:33,556 [pool-11-thread-1] (CallableResult.java:63) - Finished CallableResult in 11 ms.
 INFO 2016-03-22 16:48:33,559 [pool-11-thread-2] (CallableResult.java:63) - Finished CallableResult in 9 ms.
 INFO 2016-03-22 16:48:33,560 [main] (ParallelMetaProducerLessBlocking.java:193) - Global results retrieved in getEdges 15ms.
 INFO 2016-03-22 16:48:33,560 [main] (ParallelMetaProducerLessBlocking.java:61) - Searching for edge : ?departement igeo:nom ?nom
 INFO 2016-03-22 16:48:33,560 [pool-12-thread-1] (CallableResult.java:52) - CallableResult for GetEdge
 INFO 2016-03-22 16:48:33,560 [pool-12-thread-2] (CallableResult.java:52) - CallableResult for GetEdge
 INFO 2016-03-22 16:48:33,569 [pool-12-thread-2] (CallableResult.java:63) - Finished CallableResult in 9 ms.
 INFO 2016-03-22 16:48:33,571 [pool-12-thread-1] (CallableResult.java:63) - Finished CallableResult in 11 ms.
 INFO 2016-03-22 16:48:33,571 [main] (ParallelMetaProducerLessBlocking.java:193) - Global results retrieved in getEdges 11ms.
 INFO 2016-03-22 16:48:33,572 [main] (ParallelMetaProducerLessBlocking.java:61) - Searching for edge : ?departement igeo:nom ?nom
 INFO 2016-03-22 16:48:33,572 [pool-13-thread-1] (CallableResult.java:52) - CallableResult for GetEdge
 INFO 2016-03-22 16:48:33,572 [pool-13-thread-2] (CallableResult.java:52) - CallableResult for GetEdge
 INFO 2016-03-22 16:48:33,580 [pool-13-thread-1] (CallableResult.java:63) - Finished CallableResult in 8 ms.
 INFO 2016-03-22 16:48:33,580 [pool-13-thread-2] (CallableResult.java:63) - Finished CallableResult in 8 ms.
 INFO 2016-03-22 16:48:33,580 [main] (ParallelMetaProducerLessBlocking.java:193) - Global results retrieved in getEdges 8ms.
 INFO 2016-03-22 16:48:33,581 [main] (ParallelMetaProducerLessBlocking.java:61) - Searching for edge : ?departement igeo:nom ?nom
 INFO 2016-03-22 16:48:33,581 [pool-14-thread-1] (CallableResult.java:52) - CallableResult for GetEdge
 INFO 2016-03-22 16:48:33,581 [pool-14-thread-2] (CallableResult.java:52) - CallableResult for GetEdge
 INFO 2016-03-22 16:48:33,589 [pool-14-thread-1] (CallableResult.java:63) - Finished CallableResult in 8 ms.
 INFO 2016-03-22 16:48:33,589 [pool-14-thread-2] (CallableResult.java:63) - Finished CallableResult in 8 ms.
 INFO 2016-03-22 16:48:33,590 [main] (ParallelMetaProducerLessBlocking.java:193) - Global results retrieved in getEdges 9ms.
 INFO 2016-03-22 16:48:33,590 [main] (ParallelMetaProducerLessBlocking.java:61) - Searching for edge : ?region igeo:subdivisionDirecte ?departement
 INFO 2016-03-22 16:48:33,591 [pool-15-thread-1] (CallableResult.java:52) - CallableResult for GetEdge
 INFO 2016-03-22 16:48:33,591 [pool-15-thread-2] (CallableResult.java:52) - CallableResult for GetEdge
 INFO 2016-03-22 16:48:33,605 [pool-15-thread-1] (CallableResult.java:63) - Finished CallableResult in 14 ms.
 INFO 2016-03-22 16:48:33,609 [pool-15-thread-2] (CallableResult.java:63) - Finished CallableResult in 18 ms.
 INFO 2016-03-22 16:48:33,609 [main] (ParallelMetaProducerLessBlocking.java:193) - Global results retrieved in getEdges 18ms.
 INFO 2016-03-22 16:48:33,609 [main] (ParallelMetaProducerLessBlocking.java:61) - Searching for edge : ?departement igeo:nom ?nom
 INFO 2016-03-22 16:48:33,610 [pool-16-thread-1] (CallableResult.java:52) - CallableResult for GetEdge
 INFO 2016-03-22 16:48:33,610 [pool-16-thread-2] (CallableResult.java:52) - CallableResult for GetEdge
 INFO 2016-03-22 16:48:33,615 [pool-16-thread-1] (CallableResult.java:63) - Finished CallableResult in 5 ms.
 INFO 2016-03-22 16:48:33,616 [pool-16-thread-2] (CallableResult.java:63) - Finished CallableResult in 6 ms.
 INFO 2016-03-22 16:48:33,616 [main] (ParallelMetaProducerLessBlocking.java:193) - Global results retrieved in getEdges 6ms.
 INFO 2016-03-22 16:48:33,617 [main] (ParallelMetaProducerLessBlocking.java:61) - Searching for edge : ?departement igeo:nom ?nom
 INFO 2016-03-22 16:48:33,617 [pool-17-thread-1] (CallableResult.java:52) - CallableResult for GetEdge
 INFO 2016-03-22 16:48:33,618 [pool-17-thread-2] (CallableResult.java:52) - CallableResult for GetEdge
 INFO 2016-03-22 16:48:33,623 [pool-17-thread-1] (CallableResult.java:63) - Finished CallableResult in 6 ms.
 INFO 2016-03-22 16:48:33,626 [pool-17-thread-2] (CallableResult.java:63) - Finished CallableResult in 8 ms.
 INFO 2016-03-22 16:48:33,626 [main] (ParallelMetaProducerLessBlocking.java:193) - Global results retrieved in getEdges 8ms.
 INFO 2016-03-22 16:48:33,626 [main] (ParallelMetaProducerLessBlocking.java:61) - Searching for edge : ?departement igeo:nom ?nom
 INFO 2016-03-22 16:48:33,626 [pool-18-thread-1] (CallableResult.java:52) - CallableResult for GetEdge
 INFO 2016-03-22 16:48:33,627 [pool-18-thread-2] (CallableResult.java:52) - CallableResult for GetEdge
 INFO 2016-03-22 16:48:33,632 [pool-18-thread-1] (CallableResult.java:63) - Finished CallableResult in 6 ms.
 INFO 2016-03-22 16:48:33,633 [pool-18-thread-2] (CallableResult.java:63) - Finished CallableResult in 6 ms.
 INFO 2016-03-22 16:48:33,634 [main] (ParallelMetaProducerLessBlocking.java:193) - Global results retrieved in getEdges 8ms.
 INFO 2016-03-22 16:48:33,634 [main] (ParallelMetaProducerLessBlocking.java:61) - Searching for edge : ?departement igeo:nom ?nom
 INFO 2016-03-22 16:48:33,634 [pool-19-thread-1] (CallableResult.java:52) - CallableResult for GetEdge
 INFO 2016-03-22 16:48:33,644 [pool-19-thread-2] (CallableResult.java:52) - CallableResult for GetEdge
 INFO 2016-03-22 16:48:33,651 [pool-19-thread-2] (CallableResult.java:63) - Finished CallableResult in 7 ms.
 INFO 2016-03-22 16:48:33,651 [pool-19-thread-1] (CallableResult.java:63) - Finished CallableResult in 17 ms.
 INFO 2016-03-22 16:48:33,652 [main] (ParallelMetaProducerLessBlocking.java:193) - Global results retrieved in getEdges 18ms.
 INFO 2016-03-22 16:48:33,652 [main] (ParallelMetaProducerLessBlocking.java:61) - Searching for edge : ?departement igeo:nom ?nom
 INFO 2016-03-22 16:48:33,652 [pool-20-thread-1] (CallableResult.java:52) - CallableResult for GetEdge
 INFO 2016-03-22 16:48:33,653 [pool-20-thread-2] (CallableResult.java:52) - CallableResult for GetEdge
 INFO 2016-03-22 16:48:33,661 [pool-20-thread-1] (CallableResult.java:63) - Finished CallableResult in 9 ms.
 INFO 2016-03-22 16:48:33,661 [pool-20-thread-2] (CallableResult.java:63) - Finished CallableResult in 8 ms.
 INFO 2016-03-22 16:48:33,662 [main] (ParallelMetaProducerLessBlocking.java:193) - Global results retrieved in getEdges 10ms.
 INFO 2016-03-22 16:48:33,662 [main] (ParallelMetaProducerLessBlocking.java:61) - Searching for edge : ?departement igeo:nom ?nom
 INFO 2016-03-22 16:48:33,662 [pool-21-thread-1] (CallableResult.java:52) - CallableResult for GetEdge
 INFO 2016-03-22 16:48:33,666 [pool-21-thread-2] (CallableResult.java:52) - CallableResult for GetEdge
 INFO 2016-03-22 16:48:33,668 [pool-21-thread-1] (CallableResult.java:63) - Finished CallableResult in 6 ms.
 INFO 2016-03-22 16:48:33,671 [pool-21-thread-2] (CallableResult.java:63) - Finished CallableResult in 5 ms.
 INFO 2016-03-22 16:48:33,671 [main] (ParallelMetaProducerLessBlocking.java:193) - Global results retrieved in getEdges 5ms.
 INFO 2016-03-22 16:48:33,672 [main] (ParallelMetaProducerLessBlocking.java:61) - Searching for edge : ?departement igeo:nom ?nom
 INFO 2016-03-22 16:48:33,672 [pool-22-thread-1] (CallableResult.java:52) - CallableResult for GetEdge
 INFO 2016-03-22 16:48:33,672 [pool-22-thread-2] (CallableResult.java:52) - CallableResult for GetEdge
 INFO 2016-03-22 16:48:33,677 [pool-22-thread-1] (CallableResult.java:63) - Finished CallableResult in 5 ms.
 INFO 2016-03-22 16:48:33,677 [pool-22-thread-2] (CallableResult.java:63) - Finished CallableResult in 5 ms.
 INFO 2016-03-22 16:48:33,677 [main] (ParallelMetaProducerLessBlocking.java:193) - Global results retrieved in getEdges 5ms.
 INFO 2016-03-22 16:48:33,678 [main] (ParallelMetaProducerLessBlocking.java:61) - Searching for edge : ?departement igeo:nom ?nom
 INFO 2016-03-22 16:48:33,678 [pool-23-thread-1] (CallableResult.java:52) - CallableResult for GetEdge
 INFO 2016-03-22 16:48:33,678 [pool-23-thread-2] (CallableResult.java:52) - CallableResult for GetEdge
 INFO 2016-03-22 16:48:33,683 [pool-23-thread-1] (CallableResult.java:63) - Finished CallableResult in 5 ms.
 INFO 2016-03-22 16:48:33,683 [pool-23-thread-2] (CallableResult.java:63) - Finished CallableResult in 5 ms.
 INFO 2016-03-22 16:48:33,684 [main] (ParallelMetaProducerLessBlocking.java:193) - Global results retrieved in getEdges 6ms.
 INFO 2016-03-22 16:48:33,684 [main] (ParallelMetaProducerLessBlocking.java:61) - Searching for edge : ?departement igeo:nom ?nom
 INFO 2016-03-22 16:48:33,684 [pool-24-thread-1] (CallableResult.java:52) - CallableResult for GetEdge
 INFO 2016-03-22 16:48:33,684 [pool-24-thread-2] (CallableResult.java:52) - CallableResult for GetEdge
 INFO 2016-03-22 16:48:33,689 [pool-24-thread-1] (CallableResult.java:63) - Finished CallableResult in 5 ms.
 INFO 2016-03-22 16:48:33,689 [pool-24-thread-2] (CallableResult.java:63) - Finished CallableResult in 5 ms.
 INFO 2016-03-22 16:48:33,690 [main] (ParallelMetaProducerLessBlocking.java:193) - Global results retrieved in getEdges 5ms.
 INFO 2016-03-22 16:48:33,690 [main] (ParallelMetaProducerLessBlocking.java:61) - Searching for edge : ?departement igeo:nom ?nom
 INFO 2016-03-22 16:48:33,690 [pool-25-thread-1] (CallableResult.java:52) - CallableResult for GetEdge
 INFO 2016-03-22 16:48:33,690 [pool-25-thread-2] (CallableResult.java:52) - CallableResult for GetEdge
 INFO 2016-03-22 16:48:33,695 [pool-25-thread-1] (CallableResult.java:63) - Finished CallableResult in 5 ms.
 INFO 2016-03-22 16:48:33,697 [pool-25-thread-2] (CallableResult.java:63) - Finished CallableResult in 7 ms.
 INFO 2016-03-22 16:48:33,698 [main] (ParallelMetaProducerLessBlocking.java:193) - Global results retrieved in getEdges 8ms.
 INFO 2016-03-22 16:48:33,698 [main] (ParallelMetaProducerLessBlocking.java:61) - Searching for edge : ?departement igeo:nom ?nom
 INFO 2016-03-22 16:48:33,698 [pool-26-thread-1] (CallableResult.java:52) - CallableResult for GetEdge
 INFO 2016-03-22 16:48:33,699 [pool-26-thread-2] (CallableResult.java:52) - CallableResult for GetEdge
 INFO 2016-03-22 16:48:33,704 [pool-26-thread-1] (CallableResult.java:63) - Finished CallableResult in 6 ms.
 INFO 2016-03-22 16:48:33,705 [pool-26-thread-2] (CallableResult.java:63) - Finished CallableResult in 6 ms.
 INFO 2016-03-22 16:48:33,706 [main] (ParallelMetaProducerLessBlocking.java:193) - Global results retrieved in getEdges 8ms.
 INFO 2016-03-22 16:48:33,706 [main] (ParallelMetaProducerLessBlocking.java:61) - Searching for edge : ?departement igeo:nom ?nom
 INFO 2016-03-22 16:48:33,706 [pool-27-thread-1] (CallableResult.java:52) - CallableResult for GetEdge
 INFO 2016-03-22 16:48:33,706 [pool-27-thread-2] (CallableResult.java:52) - CallableResult for GetEdge
 INFO 2016-03-22 16:48:33,712 [pool-27-thread-2] (CallableResult.java:63) - Finished CallableResult in 6 ms.
 INFO 2016-03-22 16:48:33,712 [pool-27-thread-1] (CallableResult.java:63) - Finished CallableResult in 6 ms.
 INFO 2016-03-22 16:48:33,712 [main] (ParallelMetaProducerLessBlocking.java:193) - Global results retrieved in getEdges 6ms.
 INFO 2016-03-22 16:48:33,715 [main] (ProviderImplCostMonitoring.java:229) - ** Provider: 
prefix idemo: <http://rdf.insee.fr/def/demo#>
prefix igeo: <http://rdf.insee.fr/def/geo#>
select * 
where
{?departement idemo:population ?popLeg . 
?popLeg idemo:populationTotale ?popTotale . 
filter ((((((((((((((((((((?departement = <http://id.insee.fr/geo/departement/41>) || (?departement = <http://id.insee.fr/geo/departement/41>)) || (?departement = <http://id.insee.fr/geo/departement/28>)) || (?departement = <http://id.insee.fr/geo/departement/28>)) || (?departement = <http://id.insee.fr/geo/departement/45>)) || (?departement = <http://id.insee.fr/geo/departement/45>)) || (?departement = <http://id.insee.fr/geo/departement/37>)) || (?departement = <http://id.insee.fr/geo/departement/37>)) || (?departement = <http://id.insee.fr/geo/departement/18>)) || (?departement = <http://id.insee.fr/geo/departement/18>)) || (?departement = <http://id.insee.fr/geo/departement/36>)) || (?departement = <http://id.insee.fr/geo/departement/36>)) || (?departement = <http://id.insee.fr/geo/departement/41>)) || (?departement = <http://id.insee.fr/geo/departement/41>)) || (?departement = <http://id.insee.fr/geo/departement/28>)) || (?departement = <http://id.insee.fr/geo/departement/28>)) || (?departement = <http://id.insee.fr/geo/departement/45>)) || (?departement = <http://id.insee.fr/geo/departement/45>)) || (?departement = <http://id.insee.fr/geo/departement/37>)) || (?departement = <http://id.insee.fr/geo/departement/37>)) }


 INFO 2016-03-22 16:48:33,783 [main] (ProviderImplCostMonitoring.java:229) - ** Provider: 
prefix idemo: <http://rdf.insee.fr/def/demo#>
prefix igeo: <http://rdf.insee.fr/def/geo#>
select * 
where
{?departement idemo:population ?popLeg . 
?popLeg idemo:populationTotale ?popTotale . 
filter ((((((((((((((((((((?departement = <http://id.insee.fr/geo/departement/18>) || (?departement = <http://id.insee.fr/geo/departement/18>)) || (?departement = <http://id.insee.fr/geo/departement/36>)) || (?departement = <http://id.insee.fr/geo/departement/36>)) || (?departement = <http://id.insee.fr/geo/departement/41>)) || (?departement = <http://id.insee.fr/geo/departement/41>)) || (?departement = <http://id.insee.fr/geo/departement/28>)) || (?departement = <http://id.insee.fr/geo/departement/28>)) || (?departement = <http://id.insee.fr/geo/departement/45>)) || (?departement = <http://id.insee.fr/geo/departement/45>)) || (?departement = <http://id.insee.fr/geo/departement/37>)) || (?departement = <http://id.insee.fr/geo/departement/37>)) || (?departement = <http://id.insee.fr/geo/departement/18>)) || (?departement = <http://id.insee.fr/geo/departement/18>)) || (?departement = <http://id.insee.fr/geo/departement/36>)) || (?departement = <http://id.insee.fr/geo/departement/36>)) || (?departement = <http://id.insee.fr/geo/departement/41>)) || (?departement = <http://id.insee.fr/geo/departement/41>)) || (?departement = <http://id.insee.fr/geo/departement/28>)) || (?departement = <http://id.insee.fr/geo/departement/28>)) }


 INFO 2016-03-22 16:48:33,852 [main] (ProviderImplCostMonitoring.java:229) - ** Provider: 
prefix idemo: <http://rdf.insee.fr/def/demo#>
prefix igeo: <http://rdf.insee.fr/def/geo#>
select * 
where
{?departement idemo:population ?popLeg . 
?popLeg idemo:populationTotale ?popTotale . 
filter ((((((((?departement = <http://id.insee.fr/geo/departement/45>) || (?departement = <http://id.insee.fr/geo/departement/45>)) || (?departement = <http://id.insee.fr/geo/departement/37>)) || (?departement = <http://id.insee.fr/geo/departement/37>)) || (?departement = <http://id.insee.fr/geo/departement/18>)) || (?departement = <http://id.insee.fr/geo/departement/18>)) || (?departement = <http://id.insee.fr/geo/departement/36>)) || (?departement = <http://id.insee.fr/geo/departement/36>)) }


 INFO 2016-03-22 16:48:33,890 [main] (TestDQP.java:207) - 128 results in 738 ms
 INFO 2016-03-22 16:48:33,892 [main] (TestDQP.java:208) - 
01 ?nom = "Indre"; ?popTotale = 235181; 
02 ?nom = "Indre"; ?popTotale = 235181; 
03 ?nom = "Indre"; ?popTotale = 235181; 
04 ?nom = "Indre"; ?popTotale = 235181; 
05 ?nom = "Indre"; ?popTotale = 235181; 
06 ?nom = "Indre"; ?popTotale = 235181; 
07 ?nom = "Indre"; ?popTotale = 235181; 
08 ?nom = "Indre"; ?popTotale = 235181; 
09 ?nom = "Indre"; ?popTotale = 235181; 
10 ?nom = "Indre"; ?popTotale = 235181; 
11 ?nom = "Indre"; ?popTotale = 235181; 
12 ?nom = "Indre"; ?popTotale = 235181; 
13 ?nom = "Indre"; ?popTotale = 235181; 
14 ?nom = "Indre"; ?popTotale = 235181; 
15 ?nom = "Indre"; ?popTotale = 235181; 
16 ?nom = "Indre"; ?popTotale = 235181; 
17 ?nom = "Indre"; ?popTotale = 235181; 
18 ?nom = "Indre"; ?popTotale = 235181; 
19 ?nom = "Indre"; ?popTotale = 235181; 
20 ?nom = "Indre"; ?popTotale = 235181; 
21 ?nom = "Indre"; ?popTotale = 235181; 
22 ?nom = "Indre"; ?popTotale = 235181; 
23 ?nom = "Indre"; ?popTotale = 235181; 
24 ?nom = "Indre"; ?popTotale = 235181; 
25 ?nom = "Cher"; ?popTotale = 319693; 
26 ?nom = "Cher"; ?popTotale = 319693; 
27 ?nom = "Cher"; ?popTotale = 319693; 
28 ?nom = "Cher"; ?popTotale = 319693; 
29 ?nom = "Cher"; ?popTotale = 319693; 
30 ?nom = "Cher"; ?popTotale = 319693; 
31 ?nom = "Cher"; ?popTotale = 319693; 
32 ?nom = "Cher"; ?popTotale = 319693; 
33 ?nom = "Cher"; ?popTotale = 319693; 
34 ?nom = "Cher"; ?popTotale = 319693; 
35 ?nom = "Cher"; ?popTotale = 319693; 
36 ?nom = "Cher"; ?popTotale = 319693; 
37 ?nom = "Cher"; ?popTotale = 319693; 
38 ?nom = "Cher"; ?popTotale = 319693; 
39 ?nom = "Cher"; ?popTotale = 319693; 
40 ?nom = "Cher"; ?popTotale = 319693; 
41 ?nom = "Cher"; ?popTotale = 319693; 
42 ?nom = "Cher"; ?popTotale = 319693; 
43 ?nom = "Cher"; ?popTotale = 319693; 
44 ?nom = "Cher"; ?popTotale = 319693; 
45 ?nom = "Cher"; ?popTotale = 319693; 
46 ?nom = "Cher"; ?popTotale = 319693; 
47 ?nom = "Cher"; ?popTotale = 319693; 
48 ?nom = "Cher"; ?popTotale = 319693; 
49 ?nom = "Loir-et-Cher"; ?popTotale = 342471; 
50 ?nom = "Loir-et-Cher"; ?popTotale = 342471; 
51 ?nom = "Loir-et-Cher"; ?popTotale = 342471; 
52 ?nom = "Loir-et-Cher"; ?popTotale = 342471; 
53 ?nom = "Loir-et-Cher"; ?popTotale = 342471; 
54 ?nom = "Loir-et-Cher"; ?popTotale = 342471; 
55 ?nom = "Loir-et-Cher"; ?popTotale = 342471; 
56 ?nom = "Loir-et-Cher"; ?popTotale = 342471; 
57 ?nom = "Loir-et-Cher"; ?popTotale = 342471; 
58 ?nom = "Loir-et-Cher"; ?popTotale = 342471; 
59 ?nom = "Loir-et-Cher"; ?popTotale = 342471; 
60 ?nom = "Loir-et-Cher"; ?popTotale = 342471; 
61 ?nom = "Loir-et-Cher"; ?popTotale = 342471; 
62 ?nom = "Loir-et-Cher"; ?popTotale = 342471; 
63 ?nom = "Loir-et-Cher"; ?popTotale = 342471; 
64 ?nom = "Loir-et-Cher"; ?popTotale = 342471; 
65 ?nom = "Eure-et-Loir"; ?popTotale = 444385; 
66 ?nom = "Eure-et-Loir"; ?popTotale = 444385; 
67 ?nom = "Eure-et-Loir"; ?popTotale = 444385; 
68 ?nom = "Eure-et-Loir"; ?popTotale = 444385; 
69 ?nom = "Eure-et-Loir"; ?popTotale = 444385; 
70 ?nom = "Eure-et-Loir"; ?popTotale = 444385; 
71 ?nom = "Eure-et-Loir"; ?popTotale = 444385; 
72 ?nom = "Eure-et-Loir"; ?popTotale = 444385; 
73 ?nom = "Eure-et-Loir"; ?popTotale = 444385; 
74 ?nom = "Eure-et-Loir"; ?popTotale = 444385; 
75 ?nom = "Eure-et-Loir"; ?popTotale = 444385; 
76 ?nom = "Eure-et-Loir"; ?popTotale = 444385; 
77 ?nom = "Eure-et-Loir"; ?popTotale = 444385; 
78 ?nom = "Eure-et-Loir"; ?popTotale = 444385; 
79 ?nom = "Eure-et-Loir"; ?popTotale = 444385; 
80 ?nom = "Eure-et-Loir"; ?popTotale = 444385; 
81 ?nom = "Indre-et-Loire"; ?popTotale = 615557; 
82 ?nom = "Indre-et-Loire"; ?popTotale = 615557; 
83 ?nom = "Indre-et-Loire"; ?popTotale = 615557; 
84 ?nom = "Indre-et-Loire"; ?popTotale = 615557; 
85 ?nom = "Indre-et-Loire"; ?popTotale = 615557; 
86 ?nom = "Indre-et-Loire"; ?popTotale = 615557; 
87 ?nom = "Indre-et-Loire"; ?popTotale = 615557; 
88 ?nom = "Indre-et-Loire"; ?popTotale = 615557; 
89 ?nom = "Indre-et-Loire"; ?popTotale = 615557; 
90 ?nom = "Indre-et-Loire"; ?popTotale = 615557; 
91 ?nom = "Indre-et-Loire"; ?popTotale = 615557; 
92 ?nom = "Indre-et-Loire"; ?popTotale = 615557; 
93 ?nom = "Indre-et-Loire"; ?popTotale = 615557; 
94 ?nom = "Indre-et-Loire"; ?popTotale = 615557; 
95 ?nom = "Indre-et-Loire"; ?popTotale = 615557; 
96 ?nom = "Indre-et-Loire"; ?popTotale = 615557; 
97 ?nom = "Indre-et-Loire"; ?popTotale = 615557; 
98 ?nom = "Indre-et-Loire"; ?popTotale = 615557; 
99 ?nom = "Indre-et-Loire"; ?popTotale = 615557; 
100 ?nom = "Indre-et-Loire"; ?popTotale = 615557; 
101 ?nom = "Indre-et-Loire"; ?popTotale = 615557; 
102 ?nom = "Indre-et-Loire"; ?popTotale = 615557; 
103 ?nom = "Indre-et-Loire"; ?popTotale = 615557; 
104 ?nom = "Indre-et-Loire"; ?popTotale = 615557; 
105 ?nom = "Loiret"; ?popTotale = 684104; 
106 ?nom = "Loiret"; ?popTotale = 684104; 
107 ?nom = "Loiret"; ?popTotale = 684104; 
108 ?nom = "Loiret"; ?popTotale = 684104; 
109 ?nom = "Loiret"; ?popTotale = 684104; 
110 ?nom = "Loiret"; ?popTotale = 684104; 
111 ?nom = "Loiret"; ?popTotale = 684104; 
112 ?nom = "Loiret"; ?popTotale = 684104; 
113 ?nom = "Loiret"; ?popTotale = 684104; 
114 ?nom = "Loiret"; ?popTotale = 684104; 
115 ?nom = "Loiret"; ?popTotale = 684104; 
116 ?nom = "Loiret"; ?popTotale = 684104; 
117 ?nom = "Loiret"; ?popTotale = 684104; 
118 ?nom = "Loiret"; ?popTotale = 684104; 
119 ?nom = "Loiret"; ?popTotale = 684104; 
120 ?nom = "Loiret"; ?popTotale = 684104; 
121 ?nom = "Loiret"; ?popTotale = 684104; 
122 ?nom = "Loiret"; ?popTotale = 684104; 
123 ?nom = "Loiret"; ?popTotale = 684104; 
124 ?nom = "Loiret"; ?popTotale = 684104; 
125 ?nom = "Loiret"; ?popTotale = 684104; 
126 ?nom = "Loiret"; ?popTotale = 684104; 
127 ?nom = "Loiret"; ?popTotale = 684104; 
128 ?nom = "Loiret"; ?popTotale = 684104; 

 INFO 2016-03-22 16:48:33,893 [main] (TestDQP.java:209) - Remote queries
 INFO 2016-03-22 16:48:33,893 [main] (TestDQP.java:210) - =========
	?region igeo:subdivisionDirecte ?departement
	4
--
	?departement igeo:nom ?nom
	48
--
	prefix idemo: <http://rdf.insee.fr/def/demo#> prefix igeo: <http://rdf.insee.fr/def/geo#> select *  where {?departement idemo:population ?popLeg .  ?popLeg idemo:populationTotale ?popTotale .  filter ((((((((((((((((((((?departement = <http://id.insee.fr/geo/departement/18>) || (?departement = <http://id.insee.fr/geo/departement/18>)) || (?departement = <http://id.insee.fr/geo/departement/36>)) || (?departement = <http://id.insee.fr/geo/departement/36>)) || (?departement = <http://id.insee.fr/geo/departement/41>)) || (?departement = <http://id.insee.fr/geo/departement/41>)) || (?departement = <http://id.insee.fr/geo/departement/28>)) || (?departement = <http://id.insee.fr/geo/departement/28>)) || (?departement = <http://id.insee.fr/geo/departement/45>)) || (?departement = <http://id.insee.fr/geo/departement/45>)) || (?departement = <http://id.insee.fr/geo/departement/37>)) || (?departement = <http://id.insee.fr/geo/departement/37>)) || (?departement = <http://id.insee.fr/geo/departement/18>)) || (?departement = <http://id.insee.fr/geo/departement/18>)) || (?departement = <http://id.insee.fr/geo/departement/36>)) || (?departement = <http://id.insee.fr/geo/departement/36>)) || (?departement = <http://id.insee.fr/geo/departement/41>)) || (?departement = <http://id.insee.fr/geo/departement/41>)) || (?departement = <http://id.insee.fr/geo/departement/28>)) || (?departement = <http://id.insee.fr/geo/departement/28>)) }  
	1
--
	prefix idemo: <http://rdf.insee.fr/def/demo#> prefix igeo: <http://rdf.insee.fr/def/geo#> select *  where {?departement idemo:population ?popLeg .  ?popLeg idemo:populationTotale ?popTotale .  filter ((((((((?departement = <http://id.insee.fr/geo/departement/45>) || (?departement = <http://id.insee.fr/geo/departement/45>)) || (?departement = <http://id.insee.fr/geo/departement/37>)) || (?departement = <http://id.insee.fr/geo/departement/37>)) || (?departement = <http://id.insee.fr/geo/departement/18>)) || (?departement = <http://id.insee.fr/geo/departement/18>)) || (?departement = <http://id.insee.fr/geo/departement/36>)) || (?departement = <http://id.insee.fr/geo/departement/36>)) }  
	1
--
	prefix idemo: <http://rdf.insee.fr/def/demo#> prefix igeo: <http://rdf.insee.fr/def/geo#> select *  where {?departement idemo:population ?popLeg .  ?popLeg idemo:populationTotale ?popTotale .  filter ((((((((((((((((((((?departement = <http://id.insee.fr/geo/departement/41>) || (?departement = <http://id.insee.fr/geo/departement/41>)) || (?departement = <http://id.insee.fr/geo/departement/28>)) || (?departement = <http://id.insee.fr/geo/departement/28>)) || (?departement = <http://id.insee.fr/geo/departement/45>)) || (?departement = <http://id.insee.fr/geo/departement/45>)) || (?departement = <http://id.insee.fr/geo/departement/37>)) || (?departement = <http://id.insee.fr/geo/departement/37>)) || (?departement = <http://id.insee.fr/geo/departement/18>)) || (?departement = <http://id.insee.fr/geo/departement/18>)) || (?departement = <http://id.insee.fr/geo/departement/36>)) || (?departement = <http://id.insee.fr/geo/departement/36>)) || (?departement = <http://id.insee.fr/geo/departement/41>)) || (?departement = <http://id.insee.fr/geo/departement/41>)) || (?departement = <http://id.insee.fr/geo/departement/28>)) || (?departement = <http://id.insee.fr/geo/departement/28>)) || (?departement = <http://id.insee.fr/geo/departement/45>)) || (?departement = <http://id.insee.fr/geo/departement/45>)) || (?departement = <http://id.insee.fr/geo/departement/37>)) || (?departement = <http://id.insee.fr/geo/departement/37>)) }  
	1
--
	?region igeo:codeRegion '24'
	2
--
	>====  Sum = 57  =====

 INFO 2016-03-22 16:48:33,894 [main] (TestDQP.java:211) - Transferred results per query
 INFO 2016-03-22 16:48:33,894 [main] (TestDQP.java:212) - =========
	?region igeo:subdivisionDirecte ?departement
	24
--
	?departement igeo:nom ?nom
	48
--
	prefix idemo: <http://rdf.insee.fr/def/demo#> prefix igeo: <http://rdf.insee.fr/def/geo#> select *  where {?departement idemo:population ?popLeg .  ?popLeg idemo:populationTotale ?popTotale .  filter ((((((((((((((((((((?departement = <http://id.insee.fr/geo/departement/18>) || (?departement = <http://id.insee.fr/geo/departement/18>)) || (?departement = <http://id.insee.fr/geo/departement/36>)) || (?departement = <http://id.insee.fr/geo/departement/36>)) || (?departement = <http://id.insee.fr/geo/departement/41>)) || (?departement = <http://id.insee.fr/geo/departement/41>)) || (?departement = <http://id.insee.fr/geo/departement/28>)) || (?departement = <http://id.insee.fr/geo/departement/28>)) || (?departement = <http://id.insee.fr/geo/departement/45>)) || (?departement = <http://id.insee.fr/geo/departement/45>)) || (?departement = <http://id.insee.fr/geo/departement/37>)) || (?departement = <http://id.insee.fr/geo/departement/37>)) || (?departement = <http://id.insee.fr/geo/departement/18>)) || (?departement = <http://id.insee.fr/geo/departement/18>)) || (?departement = <http://id.insee.fr/geo/departement/36>)) || (?departement = <http://id.insee.fr/geo/departement/36>)) || (?departement = <http://id.insee.fr/geo/departement/41>)) || (?departement = <http://id.insee.fr/geo/departement/41>)) || (?departement = <http://id.insee.fr/geo/departement/28>)) || (?departement = <http://id.insee.fr/geo/departement/28>)) }  
	6
--
	prefix idemo: <http://rdf.insee.fr/def/demo#> prefix igeo: <http://rdf.insee.fr/def/geo#> select *  where {?departement idemo:population ?popLeg .  ?popLeg idemo:populationTotale ?popTotale .  filter ((((((((?departement = <http://id.insee.fr/geo/departement/45>) || (?departement = <http://id.insee.fr/geo/departement/45>)) || (?departement = <http://id.insee.fr/geo/departement/37>)) || (?departement = <http://id.insee.fr/geo/departement/37>)) || (?departement = <http://id.insee.fr/geo/departement/18>)) || (?departement = <http://id.insee.fr/geo/departement/18>)) || (?departement = <http://id.insee.fr/geo/departement/36>)) || (?departement = <http://id.insee.fr/geo/departement/36>)) }  
	4
--
	prefix idemo: <http://rdf.insee.fr/def/demo#> prefix igeo: <http://rdf.insee.fr/def/geo#> select *  where {?departement idemo:population ?popLeg .  ?popLeg idemo:populationTotale ?popTotale .  filter ((((((((((((((((((((?departement = <http://id.insee.fr/geo/departement/41>) || (?departement = <http://id.insee.fr/geo/departement/41>)) || (?departement = <http://id.insee.fr/geo/departement/28>)) || (?departement = <http://id.insee.fr/geo/departement/28>)) || (?departement = <http://id.insee.fr/geo/departement/45>)) || (?departement = <http://id.insee.fr/geo/departement/45>)) || (?departement = <http://id.insee.fr/geo/departement/37>)) || (?departement = <http://id.insee.fr/geo/departement/37>)) || (?departement = <http://id.insee.fr/geo/departement/18>)) || (?departement = <http://id.insee.fr/geo/departement/18>)) || (?departement = <http://id.insee.fr/geo/departement/36>)) || (?departement = <http://id.insee.fr/geo/departement/36>)) || (?departement = <http://id.insee.fr/geo/departement/41>)) || (?departement = <http://id.insee.fr/geo/departement/41>)) || (?departement = <http://id.insee.fr/geo/departement/28>)) || (?departement = <http://id.insee.fr/geo/departement/28>)) || (?departement = <http://id.insee.fr/geo/departement/45>)) || (?departement = <http://id.insee.fr/geo/departement/45>)) || (?departement = <http://id.insee.fr/geo/departement/37>)) || (?departement = <http://id.insee.fr/geo/departement/37>)) }  
	6
--
	?region igeo:codeRegion '24'
	2
--
	>====  Sum = 90  =====

 INFO 2016-03-22 16:48:33,894 [main] (TestDQP.java:213) - Remote queries per data source
 INFO 2016-03-22 16:48:33,894 [main] (TestDQP.java:214) - =========
	http://localhost:8085/sparql
	27
--
	http://localhost:8084/sparql
	27
--
	http://localhost:8086/sparql
	3
--
	>====  Sum = 57  =====

 INFO 2016-03-22 16:48:33,894 [main] (TestDQP.java:215) - Transferred results per source
 INFO 2016-03-22 16:48:33,894 [main] (TestDQP.java:216) - =========
	http://localhost:8085/sparql
	37
--
	http://localhost:8084/sparql
	37
--
	http://localhost:8086/sparql
	16
--
	>====  Sum = 90  =====

