 INFO 2016-03-22 16:48:21,959 [main] (ServiceGrouper.java:84) - Building indices for 
 INFO 2016-03-22 16:48:21,961 [main] (ServiceGrouper.java:85) - {?region igeo:codeRegion '24' . 
?region igeo:subdivisionDirecte ?departement . 
?departement igeo:nom ?nom . 
?departement idemo:population ?popLeg . 
?popLeg idemo:populationTotale ?popTotale . }
 INFO 2016-03-22 16:48:22,115 [main] (ServiceGrouper.java:559) - Edge index
 INFO 2016-03-22 16:48:22,117 [main] (ServiceGrouper.java:575) - Source index
 INFO 2016-03-22 16:48:22,118 [main] (ServiceGrouper.java:259) - Found consecutive triple patterns into {?region igeo:codeRegion '24' . 
?region igeo:subdivisionDirecte ?departement . 
?departement igeo:nom ?nom . 
?departement idemo:population ?popLeg . 
?popLeg idemo:populationTotale ?popTotale . }
 INFO 2016-03-22 16:48:22,118 [main] (ServiceGrouper.java:426) - Processing
[?region igeo:codeRegion '24' . , ?region igeo:subdivisionDirecte ?departement . , ?departement igeo:nom ?nom . , ?departement idemo:population ?popLeg . , ?popLeg idemo:populationTotale ?popTotale . ]
 WARN 2016-03-22 16:48:22,118 [main] (ServiceGrouper.java:446) - Triple pattern ?region igeo:codeRegion '24' .  appears in more than one data source, excluded from SERVICE.
 WARN 2016-03-22 16:48:22,119 [main] (ServiceGrouper.java:446) - Triple pattern ?region igeo:subdivisionDirecte ?departement .  appears in more than one data source, excluded from SERVICE.
 WARN 2016-03-22 16:48:22,119 [main] (ServiceGrouper.java:446) - Triple pattern ?departement igeo:nom ?nom .  appears in more than one data source, excluded from SERVICE.
 WARN 2016-03-22 16:48:22,120 [main] (ServiceGrouper.java:446) - Triple pattern ?region igeo:codeRegion '24' .  appears in more than one data source, excluded from SERVICE.
 WARN 2016-03-22 16:48:22,120 [main] (ServiceGrouper.java:446) - Triple pattern ?region igeo:subdivisionDirecte ?departement .  appears in more than one data source, excluded from SERVICE.
 WARN 2016-03-22 16:48:22,121 [main] (ServiceGrouper.java:446) - Triple pattern ?departement igeo:nom ?nom .  appears in more than one data source, excluded from SERVICE.
 INFO 2016-03-22 16:48:22,121 [main] (ServiceGrouper.java:271) - Ranking : 
 INFO 2016-03-22 16:48:22,121 [main] (ServiceGrouper.java:272) - {?region igeo:codeRegion '24' . 
?region igeo:subdivisionDirecte ?departement . 
?departement igeo:nom ?nom . 
service <http://localhost:8086/sparql> {?departement idemo:population ?popLeg . 
?popLeg idemo:populationTotale ?popTotale . }}
 INFO 2016-03-22 16:48:22,122 [main] (ServiceGrouper.java:277) - 1 free variables for ?region igeo:codeRegion '24' . 
 INFO 2016-03-22 16:48:22,122 [main] (ServiceGrouper.java:277) - 2 free variables for ?region igeo:subdivisionDirecte ?departement . 
 INFO 2016-03-22 16:48:22,122 [main] (ServiceGrouper.java:277) - 2 free variables for ?departement igeo:nom ?nom . 
 INFO 2016-03-22 16:48:22,122 [main] (ServiceGrouper.java:277) - 3 free variables for service <http://localhost:8086/sparql> {?departement idemo:population ?popLeg . 
?popLeg idemo:populationTotale ?popTotale . }
 INFO 2016-03-22 16:48:22,122 [main] (ServiceGrouper.java:286) - Sorting services possibly with the same score
 WARN 2016-03-22 16:48:22,123 [main] (ServiceGrouper.java:353) - Searching for ?region igeo:subdivisionDirecte ?departement .  in [?region igeo:codeRegion '24' . , ?region igeo:subdivisionDirecte ?departement . , ?departement igeo:nom ?nom . , ?departement idemo:population ?popLeg . , ?popLeg idemo:populationTotale ?popTotale . ]
 WARN 2016-03-22 16:48:22,124 [main] (ServiceGrouper.java:353) - Searching for ?departement igeo:nom ?nom .  in [?region igeo:codeRegion '24' . , ?region igeo:subdivisionDirecte ?departement . , ?departement igeo:nom ?nom . , ?departement idemo:population ?popLeg . , ?popLeg idemo:populationTotale ?popTotale . ]
 INFO 2016-03-22 16:48:22,124 [main] (ServiceGrouper.java:328) - Comparing : ?region igeo:subdivisionDirecte ?departement .  with ?departement igeo:nom ?nom . 
 WARN 2016-03-22 16:48:22,124 [main] (ServiceGrouper.java:353) - Searching for ?region igeo:subdivisionDirecte ?departement .  in [?region igeo:codeRegion '24' . , ?region igeo:subdivisionDirecte ?departement . , ?departement igeo:nom ?nom . , ?departement idemo:population ?popLeg . , ?popLeg idemo:populationTotale ?popTotale . ]
 WARN 2016-03-22 16:48:22,124 [main] (ServiceGrouper.java:353) - Searching for ?departement igeo:nom ?nom .  in [?region igeo:codeRegion '24' . , ?region igeo:subdivisionDirecte ?departement . , ?departement igeo:nom ?nom . , ?departement idemo:population ?popLeg . , ?popLeg idemo:populationTotale ?popTotale . ]
 INFO 2016-03-22 16:48:22,125 [main] (ServiceGrouper.java:328) - Comparing : ?region igeo:subdivisionDirecte ?departement .  with ?departement igeo:nom ?nom . 
 INFO 2016-03-22 16:48:22,125 [main] (ServiceGrouper.java:340) - {?region igeo:codeRegion '24' . 
?region igeo:subdivisionDirecte ?departement . 
?departement igeo:nom ?nom . 
service <http://localhost:8086/sparql> {?departement idemo:population ?popLeg . 
?popLeg idemo:populationTotale ?popTotale . }}
 INFO 2016-03-22 16:48:22,125 [main] (ServiceGrouper.java:118) - Final rewritten query
 INFO 2016-03-22 16:48:22,126 [main] (ServiceGrouper.java:119) - prefix idemo: <http://rdf.insee.fr/def/demo#>
prefix igeo: <http://rdf.insee.fr/def/geo#>
select ?nom ?popTotale 
where
{?region igeo:codeRegion '24' . 
?region igeo:subdivisionDirecte ?departement . 
?departement igeo:nom ?nom . 
service <http://localhost:8086/sparql> {?departement idemo:population ?popLeg . 
?popLeg idemo:populationTotale ?popTotale . }}
order by ?popTotale 


 INFO 2016-03-22 16:48:22,139 [main] (ParallelMetaProducerLessBlocking.java:61) - Searching for edge : ?region igeo:codeRegion '24'
 INFO 2016-03-22 16:48:22,141 [pool-1-thread-2] (CallableResult.java:52) - CallableResult for GetEdge
 INFO 2016-03-22 16:48:22,142 [pool-1-thread-1] (CallableResult.java:52) - CallableResult for GetEdge
 INFO 2016-03-22 16:48:22,231 [pool-1-thread-1] (CallableResult.java:63) - Finished CallableResult in 91 ms.
 INFO 2016-03-22 16:48:22,231 [pool-1-thread-2] (CallableResult.java:63) - Finished CallableResult in 91 ms.
 INFO 2016-03-22 16:48:22,231 [main] (ParallelMetaProducerLessBlocking.java:193) - Global results retrieved in getEdges 91ms.
 INFO 2016-03-22 16:48:22,232 [main] (ParallelMetaProducerLessBlocking.java:61) - Searching for edge : ?region igeo:subdivisionDirecte ?departement
 INFO 2016-03-22 16:48:22,233 [pool-2-thread-1] (CallableResult.java:52) - CallableResult for GetEdge
 INFO 2016-03-22 16:48:22,233 [pool-2-thread-2] (CallableResult.java:52) - CallableResult for GetEdge
 INFO 2016-03-22 16:48:22,261 [pool-2-thread-2] (CallableResult.java:63) - Finished CallableResult in 28 ms.
 INFO 2016-03-22 16:48:22,262 [pool-2-thread-1] (CallableResult.java:63) - Finished CallableResult in 29 ms.
 INFO 2016-03-22 16:48:22,262 [main] (ParallelMetaProducerLessBlocking.java:193) - Global results retrieved in getEdges 29ms.
 INFO 2016-03-22 16:48:22,263 [main] (ParallelMetaProducerLessBlocking.java:61) - Searching for edge : ?departement igeo:nom ?nom
 INFO 2016-03-22 16:48:22,263 [pool-3-thread-1] (CallableResult.java:52) - CallableResult for GetEdge
 INFO 2016-03-22 16:48:22,263 [pool-3-thread-2] (CallableResult.java:52) - CallableResult for GetEdge
 INFO 2016-03-22 16:48:22,274 [pool-3-thread-2] (CallableResult.java:63) - Finished CallableResult in 11 ms.
 INFO 2016-03-22 16:48:22,278 [pool-3-thread-1] (CallableResult.java:63) - Finished CallableResult in 15 ms.
 INFO 2016-03-22 16:48:22,278 [main] (ParallelMetaProducerLessBlocking.java:193) - Global results retrieved in getEdges 15ms.
 INFO 2016-03-22 16:48:22,278 [main] (ParallelMetaProducerLessBlocking.java:61) - Searching for edge : ?departement igeo:nom ?nom
 INFO 2016-03-22 16:48:22,279 [pool-4-thread-1] (CallableResult.java:52) - CallableResult for GetEdge
 INFO 2016-03-22 16:48:22,279 [pool-4-thread-2] (CallableResult.java:52) - CallableResult for GetEdge
 INFO 2016-03-22 16:48:22,288 [pool-4-thread-2] (CallableResult.java:63) - Finished CallableResult in 9 ms.
 INFO 2016-03-22 16:48:22,289 [pool-4-thread-1] (CallableResult.java:63) - Finished CallableResult in 10 ms.
 INFO 2016-03-22 16:48:22,289 [main] (ParallelMetaProducerLessBlocking.java:193) - Global results retrieved in getEdges 10ms.
 INFO 2016-03-22 16:48:22,289 [main] (ParallelMetaProducerLessBlocking.java:61) - Searching for edge : ?departement igeo:nom ?nom
 INFO 2016-03-22 16:48:22,290 [pool-5-thread-1] (CallableResult.java:52) - CallableResult for GetEdge
 INFO 2016-03-22 16:48:22,290 [pool-5-thread-2] (CallableResult.java:52) - CallableResult for GetEdge
 INFO 2016-03-22 16:48:22,299 [pool-5-thread-2] (CallableResult.java:63) - Finished CallableResult in 9 ms.
 INFO 2016-03-22 16:48:22,299 [pool-5-thread-1] (CallableResult.java:63) - Finished CallableResult in 9 ms.
 INFO 2016-03-22 16:48:22,299 [main] (ParallelMetaProducerLessBlocking.java:193) - Global results retrieved in getEdges 9ms.
 INFO 2016-03-22 16:48:22,300 [main] (ParallelMetaProducerLessBlocking.java:61) - Searching for edge : ?departement igeo:nom ?nom
 INFO 2016-03-22 16:48:22,300 [pool-6-thread-1] (CallableResult.java:52) - CallableResult for GetEdge
 INFO 2016-03-22 16:48:22,300 [pool-6-thread-2] (CallableResult.java:52) - CallableResult for GetEdge
 INFO 2016-03-22 16:48:22,313 [pool-6-thread-1] (CallableResult.java:63) - Finished CallableResult in 13 ms.
 INFO 2016-03-22 16:48:22,317 [pool-6-thread-2] (CallableResult.java:63) - Finished CallableResult in 17 ms.
 INFO 2016-03-22 16:48:22,318 [main] (ParallelMetaProducerLessBlocking.java:193) - Global results retrieved in getEdges 18ms.
 INFO 2016-03-22 16:48:22,318 [main] (ParallelMetaProducerLessBlocking.java:61) - Searching for edge : ?departement igeo:nom ?nom
 INFO 2016-03-22 16:48:22,318 [pool-7-thread-1] (CallableResult.java:52) - CallableResult for GetEdge
 INFO 2016-03-22 16:48:22,322 [pool-7-thread-2] (CallableResult.java:52) - CallableResult for GetEdge
 INFO 2016-03-22 16:48:22,327 [pool-7-thread-1] (CallableResult.java:63) - Finished CallableResult in 9 ms.
 INFO 2016-03-22 16:48:22,331 [pool-7-thread-2] (CallableResult.java:63) - Finished CallableResult in 9 ms.
 INFO 2016-03-22 16:48:22,332 [main] (ParallelMetaProducerLessBlocking.java:193) - Global results retrieved in getEdges 11ms.
 INFO 2016-03-22 16:48:22,332 [main] (ParallelMetaProducerLessBlocking.java:61) - Searching for edge : ?departement igeo:nom ?nom
 INFO 2016-03-22 16:48:22,332 [pool-8-thread-1] (CallableResult.java:52) - CallableResult for GetEdge
 INFO 2016-03-22 16:48:22,332 [pool-8-thread-2] (CallableResult.java:52) - CallableResult for GetEdge
 INFO 2016-03-22 16:48:22,340 [pool-8-thread-1] (CallableResult.java:63) - Finished CallableResult in 8 ms.
 INFO 2016-03-22 16:48:22,340 [pool-8-thread-2] (CallableResult.java:63) - Finished CallableResult in 8 ms.
 INFO 2016-03-22 16:48:22,340 [main] (ParallelMetaProducerLessBlocking.java:193) - Global results retrieved in getEdges 8ms.
 INFO 2016-03-22 16:48:22,340 [main] (ParallelMetaProducerLessBlocking.java:61) - Searching for edge : ?departement igeo:nom ?nom
 INFO 2016-03-22 16:48:22,341 [pool-9-thread-2] (CallableResult.java:52) - CallableResult for GetEdge
 INFO 2016-03-22 16:48:22,341 [pool-9-thread-1] (CallableResult.java:52) - CallableResult for GetEdge
 INFO 2016-03-22 16:48:22,348 [pool-9-thread-2] (CallableResult.java:63) - Finished CallableResult in 7 ms.
 INFO 2016-03-22 16:48:22,348 [pool-9-thread-1] (CallableResult.java:63) - Finished CallableResult in 7 ms.
 INFO 2016-03-22 16:48:22,348 [main] (ParallelMetaProducerLessBlocking.java:193) - Global results retrieved in getEdges 7ms.
 INFO 2016-03-22 16:48:22,348 [main] (ParallelMetaProducerLessBlocking.java:61) - Searching for edge : ?departement igeo:nom ?nom
 INFO 2016-03-22 16:48:22,349 [pool-10-thread-1] (CallableResult.java:52) - CallableResult for GetEdge
 INFO 2016-03-22 16:48:22,349 [pool-10-thread-2] (CallableResult.java:52) - CallableResult for GetEdge
 INFO 2016-03-22 16:48:22,356 [pool-10-thread-2] (CallableResult.java:63) - Finished CallableResult in 7 ms.
 INFO 2016-03-22 16:48:22,356 [pool-10-thread-1] (CallableResult.java:63) - Finished CallableResult in 7 ms.
 INFO 2016-03-22 16:48:22,356 [main] (ParallelMetaProducerLessBlocking.java:193) - Global results retrieved in getEdges 7ms.
 INFO 2016-03-22 16:48:22,356 [main] (ParallelMetaProducerLessBlocking.java:61) - Searching for edge : ?departement igeo:nom ?nom
 INFO 2016-03-22 16:48:22,357 [pool-11-thread-1] (CallableResult.java:52) - CallableResult for GetEdge
 INFO 2016-03-22 16:48:22,357 [pool-11-thread-2] (CallableResult.java:52) - CallableResult for GetEdge
 INFO 2016-03-22 16:48:22,364 [pool-11-thread-1] (CallableResult.java:63) - Finished CallableResult in 7 ms.
 INFO 2016-03-22 16:48:22,364 [pool-11-thread-2] (CallableResult.java:63) - Finished CallableResult in 7 ms.
 INFO 2016-03-22 16:48:22,365 [main] (ParallelMetaProducerLessBlocking.java:193) - Global results retrieved in getEdges 8ms.
 INFO 2016-03-22 16:48:22,365 [main] (ParallelMetaProducerLessBlocking.java:61) - Searching for edge : ?departement igeo:nom ?nom
 INFO 2016-03-22 16:48:22,365 [pool-12-thread-1] (CallableResult.java:52) - CallableResult for GetEdge
 INFO 2016-03-22 16:48:22,365 [pool-12-thread-2] (CallableResult.java:52) - CallableResult for GetEdge
 INFO 2016-03-22 16:48:22,372 [pool-12-thread-2] (CallableResult.java:63) - Finished CallableResult in 7 ms.
 INFO 2016-03-22 16:48:22,374 [pool-12-thread-1] (CallableResult.java:63) - Finished CallableResult in 9 ms.
 INFO 2016-03-22 16:48:22,374 [main] (ParallelMetaProducerLessBlocking.java:193) - Global results retrieved in getEdges 9ms.
 INFO 2016-03-22 16:48:22,374 [main] (ParallelMetaProducerLessBlocking.java:61) - Searching for edge : ?departement igeo:nom ?nom
 INFO 2016-03-22 16:48:22,377 [pool-13-thread-2] (CallableResult.java:52) - CallableResult for GetEdge
 INFO 2016-03-22 16:48:22,377 [pool-13-thread-1] (CallableResult.java:52) - CallableResult for GetEdge
 INFO 2016-03-22 16:48:22,386 [pool-13-thread-2] (CallableResult.java:63) - Finished CallableResult in 9 ms.
 INFO 2016-03-22 16:48:22,391 [pool-13-thread-1] (CallableResult.java:63) - Finished CallableResult in 14 ms.
 INFO 2016-03-22 16:48:22,392 [main] (ParallelMetaProducerLessBlocking.java:193) - Global results retrieved in getEdges 15ms.
 INFO 2016-03-22 16:48:22,392 [main] (ParallelMetaProducerLessBlocking.java:61) - Searching for edge : ?departement igeo:nom ?nom
 INFO 2016-03-22 16:48:22,393 [pool-14-thread-2] (CallableResult.java:52) - CallableResult for GetEdge
 INFO 2016-03-22 16:48:22,393 [pool-14-thread-1] (CallableResult.java:52) - CallableResult for GetEdge
 INFO 2016-03-22 16:48:22,403 [pool-14-thread-1] (CallableResult.java:63) - Finished CallableResult in 10 ms.
 INFO 2016-03-22 16:48:22,404 [pool-14-thread-2] (CallableResult.java:63) - Finished CallableResult in 11 ms.
 INFO 2016-03-22 16:48:22,404 [main] (ParallelMetaProducerLessBlocking.java:193) - Global results retrieved in getEdges 11ms.
 INFO 2016-03-22 16:48:22,405 [main] (ParallelMetaProducerLessBlocking.java:61) - Searching for edge : ?region igeo:subdivisionDirecte ?departement
 INFO 2016-03-22 16:48:22,405 [pool-15-thread-1] (CallableResult.java:52) - CallableResult for GetEdge
 INFO 2016-03-22 16:48:22,410 [pool-15-thread-2] (CallableResult.java:52) - CallableResult for GetEdge
 INFO 2016-03-22 16:48:22,428 [pool-15-thread-1] (CallableResult.java:63) - Finished CallableResult in 23 ms.
 INFO 2016-03-22 16:48:22,433 [pool-15-thread-2] (CallableResult.java:63) - Finished CallableResult in 23 ms.
 INFO 2016-03-22 16:48:22,434 [main] (ParallelMetaProducerLessBlocking.java:193) - Global results retrieved in getEdges 24ms.
 INFO 2016-03-22 16:48:22,434 [main] (ParallelMetaProducerLessBlocking.java:61) - Searching for edge : ?departement igeo:nom ?nom
 INFO 2016-03-22 16:48:22,434 [pool-16-thread-1] (CallableResult.java:52) - CallableResult for GetEdge
 INFO 2016-03-22 16:48:22,437 [pool-16-thread-2] (CallableResult.java:52) - CallableResult for GetEdge
 INFO 2016-03-22 16:48:22,443 [pool-16-thread-1] (CallableResult.java:63) - Finished CallableResult in 9 ms.
 INFO 2016-03-22 16:48:22,445 [pool-16-thread-2] (CallableResult.java:63) - Finished CallableResult in 8 ms.
 INFO 2016-03-22 16:48:22,445 [main] (ParallelMetaProducerLessBlocking.java:193) - Global results retrieved in getEdges 8ms.
 INFO 2016-03-22 16:48:22,445 [main] (ParallelMetaProducerLessBlocking.java:61) - Searching for edge : ?departement igeo:nom ?nom
 INFO 2016-03-22 16:48:22,446 [pool-17-thread-1] (CallableResult.java:52) - CallableResult for GetEdge
 INFO 2016-03-22 16:48:22,450 [pool-17-thread-2] (CallableResult.java:52) - CallableResult for GetEdge
 INFO 2016-03-22 16:48:22,454 [pool-17-thread-1] (CallableResult.java:63) - Finished CallableResult in 8 ms.
 INFO 2016-03-22 16:48:22,458 [pool-17-thread-2] (CallableResult.java:63) - Finished CallableResult in 8 ms.
 INFO 2016-03-22 16:48:22,458 [main] (ParallelMetaProducerLessBlocking.java:193) - Global results retrieved in getEdges 8ms.
 INFO 2016-03-22 16:48:22,459 [main] (ParallelMetaProducerLessBlocking.java:61) - Searching for edge : ?departement igeo:nom ?nom
 INFO 2016-03-22 16:48:22,459 [pool-18-thread-1] (CallableResult.java:52) - CallableResult for GetEdge
 INFO 2016-03-22 16:48:22,460 [pool-18-thread-2] (CallableResult.java:52) - CallableResult for GetEdge
 INFO 2016-03-22 16:48:22,467 [pool-18-thread-2] (CallableResult.java:63) - Finished CallableResult in 7 ms.
 INFO 2016-03-22 16:48:22,467 [pool-18-thread-1] (CallableResult.java:63) - Finished CallableResult in 8 ms.
 INFO 2016-03-22 16:48:22,468 [main] (ParallelMetaProducerLessBlocking.java:193) - Global results retrieved in getEdges 8ms.
 INFO 2016-03-22 16:48:22,468 [main] (ParallelMetaProducerLessBlocking.java:61) - Searching for edge : ?departement igeo:nom ?nom
 INFO 2016-03-22 16:48:22,469 [pool-19-thread-1] (CallableResult.java:52) - CallableResult for GetEdge
 INFO 2016-03-22 16:48:22,472 [pool-19-thread-2] (CallableResult.java:52) - CallableResult for GetEdge
 INFO 2016-03-22 16:48:22,484 [pool-19-thread-1] (CallableResult.java:63) - Finished CallableResult in 15 ms.
 INFO 2016-03-22 16:48:22,486 [pool-19-thread-2] (CallableResult.java:63) - Finished CallableResult in 14 ms.
 INFO 2016-03-22 16:48:22,487 [main] (ParallelMetaProducerLessBlocking.java:193) - Global results retrieved in getEdges 15ms.
 INFO 2016-03-22 16:48:22,487 [main] (ParallelMetaProducerLessBlocking.java:61) - Searching for edge : ?departement igeo:nom ?nom
 INFO 2016-03-22 16:48:22,488 [pool-20-thread-1] (CallableResult.java:52) - CallableResult for GetEdge
 INFO 2016-03-22 16:48:22,491 [pool-20-thread-2] (CallableResult.java:52) - CallableResult for GetEdge
 INFO 2016-03-22 16:48:22,495 [pool-20-thread-1] (CallableResult.java:63) - Finished CallableResult in 7 ms.
 INFO 2016-03-22 16:48:22,500 [pool-20-thread-2] (CallableResult.java:63) - Finished CallableResult in 9 ms.
 INFO 2016-03-22 16:48:22,500 [main] (ParallelMetaProducerLessBlocking.java:193) - Global results retrieved in getEdges 9ms.
 INFO 2016-03-22 16:48:22,500 [main] (ParallelMetaProducerLessBlocking.java:61) - Searching for edge : ?departement igeo:nom ?nom
 INFO 2016-03-22 16:48:22,501 [pool-21-thread-1] (CallableResult.java:52) - CallableResult for GetEdge
 INFO 2016-03-22 16:48:22,509 [pool-21-thread-1] (CallableResult.java:63) - Finished CallableResult in 8 ms.
 INFO 2016-03-22 16:48:22,509 [pool-21-thread-2] (CallableResult.java:52) - CallableResult for GetEdge
 INFO 2016-03-22 16:48:22,518 [pool-21-thread-2] (CallableResult.java:63) - Finished CallableResult in 9 ms.
 INFO 2016-03-22 16:48:22,518 [main] (ParallelMetaProducerLessBlocking.java:193) - Global results retrieved in getEdges 9ms.
 INFO 2016-03-22 16:48:22,519 [main] (ParallelMetaProducerLessBlocking.java:61) - Searching for edge : ?departement igeo:nom ?nom
 INFO 2016-03-22 16:48:22,519 [pool-22-thread-2] (CallableResult.java:52) - CallableResult for GetEdge
 INFO 2016-03-22 16:48:22,525 [pool-22-thread-1] (CallableResult.java:52) - CallableResult for GetEdge
 INFO 2016-03-22 16:48:22,527 [pool-22-thread-2] (CallableResult.java:63) - Finished CallableResult in 8 ms.
 INFO 2016-03-22 16:48:22,532 [pool-22-thread-1] (CallableResult.java:63) - Finished CallableResult in 7 ms.
 INFO 2016-03-22 16:48:22,532 [main] (ParallelMetaProducerLessBlocking.java:193) - Global results retrieved in getEdges 13ms.
 INFO 2016-03-22 16:48:22,532 [main] (ParallelMetaProducerLessBlocking.java:61) - Searching for edge : ?departement igeo:nom ?nom
 INFO 2016-03-22 16:48:22,533 [pool-23-thread-1] (CallableResult.java:52) - CallableResult for GetEdge
 INFO 2016-03-22 16:48:22,533 [pool-23-thread-2] (CallableResult.java:52) - CallableResult for GetEdge
 INFO 2016-03-22 16:48:22,539 [pool-23-thread-1] (CallableResult.java:63) - Finished CallableResult in 6 ms.
 INFO 2016-03-22 16:48:22,539 [pool-23-thread-2] (CallableResult.java:63) - Finished CallableResult in 6 ms.
 INFO 2016-03-22 16:48:22,540 [main] (ParallelMetaProducerLessBlocking.java:193) - Global results retrieved in getEdges 7ms.
 INFO 2016-03-22 16:48:22,540 [main] (ParallelMetaProducerLessBlocking.java:61) - Searching for edge : ?departement igeo:nom ?nom
 INFO 2016-03-22 16:48:22,541 [pool-24-thread-1] (CallableResult.java:52) - CallableResult for GetEdge
 INFO 2016-03-22 16:48:22,543 [pool-24-thread-2] (CallableResult.java:52) - CallableResult for GetEdge
 INFO 2016-03-22 16:48:22,549 [pool-24-thread-2] (CallableResult.java:63) - Finished CallableResult in 6 ms.
 INFO 2016-03-22 16:48:22,551 [pool-24-thread-1] (CallableResult.java:63) - Finished CallableResult in 10 ms.
 INFO 2016-03-22 16:48:22,551 [main] (ParallelMetaProducerLessBlocking.java:193) - Global results retrieved in getEdges 9ms.
 INFO 2016-03-22 16:48:22,552 [main] (ParallelMetaProducerLessBlocking.java:61) - Searching for edge : ?departement igeo:nom ?nom
 INFO 2016-03-22 16:48:22,552 [pool-25-thread-1] (CallableResult.java:52) - CallableResult for GetEdge
 INFO 2016-03-22 16:48:22,552 [pool-25-thread-2] (CallableResult.java:52) - CallableResult for GetEdge
 INFO 2016-03-22 16:48:22,559 [pool-25-thread-2] (CallableResult.java:63) - Finished CallableResult in 7 ms.
 INFO 2016-03-22 16:48:22,561 [pool-25-thread-1] (CallableResult.java:63) - Finished CallableResult in 9 ms.
 INFO 2016-03-22 16:48:22,561 [main] (ParallelMetaProducerLessBlocking.java:193) - Global results retrieved in getEdges 9ms.
 INFO 2016-03-22 16:48:22,562 [main] (ParallelMetaProducerLessBlocking.java:61) - Searching for edge : ?departement igeo:nom ?nom
 INFO 2016-03-22 16:48:22,562 [pool-26-thread-1] (CallableResult.java:52) - CallableResult for GetEdge
 INFO 2016-03-22 16:48:22,564 [pool-26-thread-2] (CallableResult.java:52) - CallableResult for GetEdge
 INFO 2016-03-22 16:48:22,569 [pool-26-thread-1] (CallableResult.java:63) - Finished CallableResult in 7 ms.
 INFO 2016-03-22 16:48:22,571 [pool-26-thread-2] (CallableResult.java:63) - Finished CallableResult in 7 ms.
 INFO 2016-03-22 16:48:22,571 [main] (ParallelMetaProducerLessBlocking.java:193) - Global results retrieved in getEdges 7ms.
 INFO 2016-03-22 16:48:22,572 [main] (ParallelMetaProducerLessBlocking.java:61) - Searching for edge : ?departement igeo:nom ?nom
 INFO 2016-03-22 16:48:22,572 [pool-27-thread-1] (CallableResult.java:52) - CallableResult for GetEdge
 INFO 2016-03-22 16:48:22,572 [pool-27-thread-2] (CallableResult.java:52) - CallableResult for GetEdge
 INFO 2016-03-22 16:48:22,579 [pool-27-thread-2] (CallableResult.java:63) - Finished CallableResult in 7 ms.
 INFO 2016-03-22 16:48:22,579 [pool-27-thread-1] (CallableResult.java:63) - Finished CallableResult in 7 ms.
 INFO 2016-03-22 16:48:22,579 [main] (ParallelMetaProducerLessBlocking.java:193) - Global results retrieved in getEdges 7ms.
 INFO 2016-03-22 16:48:22,581 [main] (ProviderImplCostMonitoring.java:229) - ** Provider: 
prefix idemo: <http://rdf.insee.fr/def/demo#>
prefix igeo: <http://rdf.insee.fr/def/geo#>
select * 
where
{?departement idemo:population ?popLeg . 
?popLeg idemo:populationTotale ?popTotale . 
filter ((((((((((((((((((((?departement = <http://id.insee.fr/geo/departement/41>) || (?departement = <http://id.insee.fr/geo/departement/41>)) || (?departement = <http://id.insee.fr/geo/departement/28>)) || (?departement = <http://id.insee.fr/geo/departement/28>)) || (?departement = <http://id.insee.fr/geo/departement/45>)) || (?departement = <http://id.insee.fr/geo/departement/45>)) || (?departement = <http://id.insee.fr/geo/departement/37>)) || (?departement = <http://id.insee.fr/geo/departement/37>)) || (?departement = <http://id.insee.fr/geo/departement/18>)) || (?departement = <http://id.insee.fr/geo/departement/18>)) || (?departement = <http://id.insee.fr/geo/departement/36>)) || (?departement = <http://id.insee.fr/geo/departement/36>)) || (?departement = <http://id.insee.fr/geo/departement/41>)) || (?departement = <http://id.insee.fr/geo/departement/41>)) || (?departement = <http://id.insee.fr/geo/departement/28>)) || (?departement = <http://id.insee.fr/geo/departement/28>)) || (?departement = <http://id.insee.fr/geo/departement/45>)) || (?departement = <http://id.insee.fr/geo/departement/45>)) || (?departement = <http://id.insee.fr/geo/departement/37>)) || (?departement = <http://id.insee.fr/geo/departement/37>)) }


 INFO 2016-03-22 16:48:22,676 [main] (ProviderImplCostMonitoring.java:229) - ** Provider: 
prefix idemo: <http://rdf.insee.fr/def/demo#>
prefix igeo: <http://rdf.insee.fr/def/geo#>
select * 
where
{?departement idemo:population ?popLeg . 
?popLeg idemo:populationTotale ?popTotale . 
filter ((((((((((((((((((((?departement = <http://id.insee.fr/geo/departement/18>) || (?departement = <http://id.insee.fr/geo/departement/18>)) || (?departement = <http://id.insee.fr/geo/departement/36>)) || (?departement = <http://id.insee.fr/geo/departement/36>)) || (?departement = <http://id.insee.fr/geo/departement/41>)) || (?departement = <http://id.insee.fr/geo/departement/41>)) || (?departement = <http://id.insee.fr/geo/departement/28>)) || (?departement = <http://id.insee.fr/geo/departement/28>)) || (?departement = <http://id.insee.fr/geo/departement/45>)) || (?departement = <http://id.insee.fr/geo/departement/45>)) || (?departement = <http://id.insee.fr/geo/departement/37>)) || (?departement = <http://id.insee.fr/geo/departement/37>)) || (?departement = <http://id.insee.fr/geo/departement/18>)) || (?departement = <http://id.insee.fr/geo/departement/18>)) || (?departement = <http://id.insee.fr/geo/departement/36>)) || (?departement = <http://id.insee.fr/geo/departement/36>)) || (?departement = <http://id.insee.fr/geo/departement/41>)) || (?departement = <http://id.insee.fr/geo/departement/41>)) || (?departement = <http://id.insee.fr/geo/departement/28>)) || (?departement = <http://id.insee.fr/geo/departement/28>)) }


 INFO 2016-03-22 16:48:22,734 [main] (ProviderImplCostMonitoring.java:229) - ** Provider: 
prefix idemo: <http://rdf.insee.fr/def/demo#>
prefix igeo: <http://rdf.insee.fr/def/geo#>
select * 
where
{?departement idemo:population ?popLeg . 
?popLeg idemo:populationTotale ?popTotale . 
filter ((((((((?departement = <http://id.insee.fr/geo/departement/45>) || (?departement = <http://id.insee.fr/geo/departement/45>)) || (?departement = <http://id.insee.fr/geo/departement/37>)) || (?departement = <http://id.insee.fr/geo/departement/37>)) || (?departement = <http://id.insee.fr/geo/departement/18>)) || (?departement = <http://id.insee.fr/geo/departement/18>)) || (?departement = <http://id.insee.fr/geo/departement/36>)) || (?departement = <http://id.insee.fr/geo/departement/36>)) }


 INFO 2016-03-22 16:48:22,776 [main] (TestDQP.java:207) - 128 results in 818 ms
 INFO 2016-03-22 16:48:22,777 [main] (TestDQP.java:208) - 
01 ?nom = "Indre"; ?popTotale = 235181; 
02 ?nom = "Indre"; ?popTotale = 235181; 
03 ?nom = "Indre"; ?popTotale = 235181; 
04 ?nom = "Indre"; ?popTotale = 235181; 
05 ?nom = "Indre"; ?popTotale = 235181; 
06 ?nom = "Indre"; ?popTotale = 235181; 
07 ?nom = "Indre"; ?popTotale = 235181; 
08 ?nom = "Indre"; ?popTotale = 235181; 
09 ?nom = "Indre"; ?popTotale = 235181; 
10 ?nom = "Indre"; ?popTotale = 235181; 
11 ?nom = "Indre"; ?popTotale = 235181; 
12 ?nom = "Indre"; ?popTotale = 235181; 
13 ?nom = "Indre"; ?popTotale = 235181; 
14 ?nom = "Indre"; ?popTotale = 235181; 
15 ?nom = "Indre"; ?popTotale = 235181; 
16 ?nom = "Indre"; ?popTotale = 235181; 
17 ?nom = "Indre"; ?popTotale = 235181; 
18 ?nom = "Indre"; ?popTotale = 235181; 
19 ?nom = "Indre"; ?popTotale = 235181; 
20 ?nom = "Indre"; ?popTotale = 235181; 
21 ?nom = "Indre"; ?popTotale = 235181; 
22 ?nom = "Indre"; ?popTotale = 235181; 
23 ?nom = "Indre"; ?popTotale = 235181; 
24 ?nom = "Indre"; ?popTotale = 235181; 
25 ?nom = "Cher"; ?popTotale = 319693; 
26 ?nom = "Cher"; ?popTotale = 319693; 
27 ?nom = "Cher"; ?popTotale = 319693; 
28 ?nom = "Cher"; ?popTotale = 319693; 
29 ?nom = "Cher"; ?popTotale = 319693; 
30 ?nom = "Cher"; ?popTotale = 319693; 
31 ?nom = "Cher"; ?popTotale = 319693; 
32 ?nom = "Cher"; ?popTotale = 319693; 
33 ?nom = "Cher"; ?popTotale = 319693; 
34 ?nom = "Cher"; ?popTotale = 319693; 
35 ?nom = "Cher"; ?popTotale = 319693; 
36 ?nom = "Cher"; ?popTotale = 319693; 
37 ?nom = "Cher"; ?popTotale = 319693; 
38 ?nom = "Cher"; ?popTotale = 319693; 
39 ?nom = "Cher"; ?popTotale = 319693; 
40 ?nom = "Cher"; ?popTotale = 319693; 
41 ?nom = "Cher"; ?popTotale = 319693; 
42 ?nom = "Cher"; ?popTotale = 319693; 
43 ?nom = "Cher"; ?popTotale = 319693; 
44 ?nom = "Cher"; ?popTotale = 319693; 
45 ?nom = "Cher"; ?popTotale = 319693; 
46 ?nom = "Cher"; ?popTotale = 319693; 
47 ?nom = "Cher"; ?popTotale = 319693; 
48 ?nom = "Cher"; ?popTotale = 319693; 
49 ?nom = "Loir-et-Cher"; ?popTotale = 342471; 
50 ?nom = "Loir-et-Cher"; ?popTotale = 342471; 
51 ?nom = "Loir-et-Cher"; ?popTotale = 342471; 
52 ?nom = "Loir-et-Cher"; ?popTotale = 342471; 
53 ?nom = "Loir-et-Cher"; ?popTotale = 342471; 
54 ?nom = "Loir-et-Cher"; ?popTotale = 342471; 
55 ?nom = "Loir-et-Cher"; ?popTotale = 342471; 
56 ?nom = "Loir-et-Cher"; ?popTotale = 342471; 
57 ?nom = "Loir-et-Cher"; ?popTotale = 342471; 
58 ?nom = "Loir-et-Cher"; ?popTotale = 342471; 
59 ?nom = "Loir-et-Cher"; ?popTotale = 342471; 
60 ?nom = "Loir-et-Cher"; ?popTotale = 342471; 
61 ?nom = "Loir-et-Cher"; ?popTotale = 342471; 
62 ?nom = "Loir-et-Cher"; ?popTotale = 342471; 
63 ?nom = "Loir-et-Cher"; ?popTotale = 342471; 
64 ?nom = "Loir-et-Cher"; ?popTotale = 342471; 
65 ?nom = "Eure-et-Loir"; ?popTotale = 444385; 
66 ?nom = "Eure-et-Loir"; ?popTotale = 444385; 
67 ?nom = "Eure-et-Loir"; ?popTotale = 444385; 
68 ?nom = "Eure-et-Loir"; ?popTotale = 444385; 
69 ?nom = "Eure-et-Loir"; ?popTotale = 444385; 
70 ?nom = "Eure-et-Loir"; ?popTotale = 444385; 
71 ?nom = "Eure-et-Loir"; ?popTotale = 444385; 
72 ?nom = "Eure-et-Loir"; ?popTotale = 444385; 
73 ?nom = "Eure-et-Loir"; ?popTotale = 444385; 
74 ?nom = "Eure-et-Loir"; ?popTotale = 444385; 
75 ?nom = "Eure-et-Loir"; ?popTotale = 444385; 
76 ?nom = "Eure-et-Loir"; ?popTotale = 444385; 
77 ?nom = "Eure-et-Loir"; ?popTotale = 444385; 
78 ?nom = "Eure-et-Loir"; ?popTotale = 444385; 
79 ?nom = "Eure-et-Loir"; ?popTotale = 444385; 
80 ?nom = "Eure-et-Loir"; ?popTotale = 444385; 
81 ?nom = "Indre-et-Loire"; ?popTotale = 615557; 
82 ?nom = "Indre-et-Loire"; ?popTotale = 615557; 
83 ?nom = "Indre-et-Loire"; ?popTotale = 615557; 
84 ?nom = "Indre-et-Loire"; ?popTotale = 615557; 
85 ?nom = "Indre-et-Loire"; ?popTotale = 615557; 
86 ?nom = "Indre-et-Loire"; ?popTotale = 615557; 
87 ?nom = "Indre-et-Loire"; ?popTotale = 615557; 
88 ?nom = "Indre-et-Loire"; ?popTotale = 615557; 
89 ?nom = "Indre-et-Loire"; ?popTotale = 615557; 
90 ?nom = "Indre-et-Loire"; ?popTotale = 615557; 
91 ?nom = "Indre-et-Loire"; ?popTotale = 615557; 
92 ?nom = "Indre-et-Loire"; ?popTotale = 615557; 
93 ?nom = "Indre-et-Loire"; ?popTotale = 615557; 
94 ?nom = "Indre-et-Loire"; ?popTotale = 615557; 
95 ?nom = "Indre-et-Loire"; ?popTotale = 615557; 
96 ?nom = "Indre-et-Loire"; ?popTotale = 615557; 
97 ?nom = "Indre-et-Loire"; ?popTotale = 615557; 
98 ?nom = "Indre-et-Loire"; ?popTotale = 615557; 
99 ?nom = "Indre-et-Loire"; ?popTotale = 615557; 
100 ?nom = "Indre-et-Loire"; ?popTotale = 615557; 
101 ?nom = "Indre-et-Loire"; ?popTotale = 615557; 
102 ?nom = "Indre-et-Loire"; ?popTotale = 615557; 
103 ?nom = "Indre-et-Loire"; ?popTotale = 615557; 
104 ?nom = "Indre-et-Loire"; ?popTotale = 615557; 
105 ?nom = "Loiret"; ?popTotale = 684104; 
106 ?nom = "Loiret"; ?popTotale = 684104; 
107 ?nom = "Loiret"; ?popTotale = 684104; 
108 ?nom = "Loiret"; ?popTotale = 684104; 
109 ?nom = "Loiret"; ?popTotale = 684104; 
110 ?nom = "Loiret"; ?popTotale = 684104; 
111 ?nom = "Loiret"; ?popTotale = 684104; 
112 ?nom = "Loiret"; ?popTotale = 684104; 
113 ?nom = "Loiret"; ?popTotale = 684104; 
114 ?nom = "Loiret"; ?popTotale = 684104; 
115 ?nom = "Loiret"; ?popTotale = 684104; 
116 ?nom = "Loiret"; ?popTotale = 684104; 
117 ?nom = "Loiret"; ?popTotale = 684104; 
118 ?nom = "Loiret"; ?popTotale = 684104; 
119 ?nom = "Loiret"; ?popTotale = 684104; 
120 ?nom = "Loiret"; ?popTotale = 684104; 
121 ?nom = "Loiret"; ?popTotale = 684104; 
122 ?nom = "Loiret"; ?popTotale = 684104; 
123 ?nom = "Loiret"; ?popTotale = 684104; 
124 ?nom = "Loiret"; ?popTotale = 684104; 
125 ?nom = "Loiret"; ?popTotale = 684104; 
126 ?nom = "Loiret"; ?popTotale = 684104; 
127 ?nom = "Loiret"; ?popTotale = 684104; 
128 ?nom = "Loiret"; ?popTotale = 684104; 

 INFO 2016-03-22 16:48:22,777 [main] (TestDQP.java:209) - Remote queries
 INFO 2016-03-22 16:48:22,778 [main] (TestDQP.java:210) - =========
	?region igeo:subdivisionDirecte ?departement
	4
--
	?departement igeo:nom ?nom
	48
--
	prefix idemo: <http://rdf.insee.fr/def/demo#> prefix igeo: <http://rdf.insee.fr/def/geo#> select *  where {?departement idemo:population ?popLeg .  ?popLeg idemo:populationTotale ?popTotale .  filter ((((((((((((((((((((?departement = <http://id.insee.fr/geo/departement/18>) || (?departement = <http://id.insee.fr/geo/departement/18>)) || (?departement = <http://id.insee.fr/geo/departement/36>)) || (?departement = <http://id.insee.fr/geo/departement/36>)) || (?departement = <http://id.insee.fr/geo/departement/41>)) || (?departement = <http://id.insee.fr/geo/departement/41>)) || (?departement = <http://id.insee.fr/geo/departement/28>)) || (?departement = <http://id.insee.fr/geo/departement/28>)) || (?departement = <http://id.insee.fr/geo/departement/45>)) || (?departement = <http://id.insee.fr/geo/departement/45>)) || (?departement = <http://id.insee.fr/geo/departement/37>)) || (?departement = <http://id.insee.fr/geo/departement/37>)) || (?departement = <http://id.insee.fr/geo/departement/18>)) || (?departement = <http://id.insee.fr/geo/departement/18>)) || (?departement = <http://id.insee.fr/geo/departement/36>)) || (?departement = <http://id.insee.fr/geo/departement/36>)) || (?departement = <http://id.insee.fr/geo/departement/41>)) || (?departement = <http://id.insee.fr/geo/departement/41>)) || (?departement = <http://id.insee.fr/geo/departement/28>)) || (?departement = <http://id.insee.fr/geo/departement/28>)) }  
	1
--
	prefix idemo: <http://rdf.insee.fr/def/demo#> prefix igeo: <http://rdf.insee.fr/def/geo#> select *  where {?departement idemo:population ?popLeg .  ?popLeg idemo:populationTotale ?popTotale .  filter ((((((((?departement = <http://id.insee.fr/geo/departement/45>) || (?departement = <http://id.insee.fr/geo/departement/45>)) || (?departement = <http://id.insee.fr/geo/departement/37>)) || (?departement = <http://id.insee.fr/geo/departement/37>)) || (?departement = <http://id.insee.fr/geo/departement/18>)) || (?departement = <http://id.insee.fr/geo/departement/18>)) || (?departement = <http://id.insee.fr/geo/departement/36>)) || (?departement = <http://id.insee.fr/geo/departement/36>)) }  
	1
--
	prefix idemo: <http://rdf.insee.fr/def/demo#> prefix igeo: <http://rdf.insee.fr/def/geo#> select *  where {?departement idemo:population ?popLeg .  ?popLeg idemo:populationTotale ?popTotale .  filter ((((((((((((((((((((?departement = <http://id.insee.fr/geo/departement/41>) || (?departement = <http://id.insee.fr/geo/departement/41>)) || (?departement = <http://id.insee.fr/geo/departement/28>)) || (?departement = <http://id.insee.fr/geo/departement/28>)) || (?departement = <http://id.insee.fr/geo/departement/45>)) || (?departement = <http://id.insee.fr/geo/departement/45>)) || (?departement = <http://id.insee.fr/geo/departement/37>)) || (?departement = <http://id.insee.fr/geo/departement/37>)) || (?departement = <http://id.insee.fr/geo/departement/18>)) || (?departement = <http://id.insee.fr/geo/departement/18>)) || (?departement = <http://id.insee.fr/geo/departement/36>)) || (?departement = <http://id.insee.fr/geo/departement/36>)) || (?departement = <http://id.insee.fr/geo/departement/41>)) || (?departement = <http://id.insee.fr/geo/departement/41>)) || (?departement = <http://id.insee.fr/geo/departement/28>)) || (?departement = <http://id.insee.fr/geo/departement/28>)) || (?departement = <http://id.insee.fr/geo/departement/45>)) || (?departement = <http://id.insee.fr/geo/departement/45>)) || (?departement = <http://id.insee.fr/geo/departement/37>)) || (?departement = <http://id.insee.fr/geo/departement/37>)) }  
	1
--
	?region igeo:codeRegion '24'
	2
--
	>====  Sum = 57  =====

 INFO 2016-03-22 16:48:22,778 [main] (TestDQP.java:211) - Transferred results per query
 INFO 2016-03-22 16:48:22,778 [main] (TestDQP.java:212) - =========
	?region igeo:subdivisionDirecte ?departement
	24
--
	?departement igeo:nom ?nom
	48
--
	prefix idemo: <http://rdf.insee.fr/def/demo#> prefix igeo: <http://rdf.insee.fr/def/geo#> select *  where {?departement idemo:population ?popLeg .  ?popLeg idemo:populationTotale ?popTotale .  filter ((((((((((((((((((((?departement = <http://id.insee.fr/geo/departement/18>) || (?departement = <http://id.insee.fr/geo/departement/18>)) || (?departement = <http://id.insee.fr/geo/departement/36>)) || (?departement = <http://id.insee.fr/geo/departement/36>)) || (?departement = <http://id.insee.fr/geo/departement/41>)) || (?departement = <http://id.insee.fr/geo/departement/41>)) || (?departement = <http://id.insee.fr/geo/departement/28>)) || (?departement = <http://id.insee.fr/geo/departement/28>)) || (?departement = <http://id.insee.fr/geo/departement/45>)) || (?departement = <http://id.insee.fr/geo/departement/45>)) || (?departement = <http://id.insee.fr/geo/departement/37>)) || (?departement = <http://id.insee.fr/geo/departement/37>)) || (?departement = <http://id.insee.fr/geo/departement/18>)) || (?departement = <http://id.insee.fr/geo/departement/18>)) || (?departement = <http://id.insee.fr/geo/departement/36>)) || (?departement = <http://id.insee.fr/geo/departement/36>)) || (?departement = <http://id.insee.fr/geo/departement/41>)) || (?departement = <http://id.insee.fr/geo/departement/41>)) || (?departement = <http://id.insee.fr/geo/departement/28>)) || (?departement = <http://id.insee.fr/geo/departement/28>)) }  
	6
--
	prefix idemo: <http://rdf.insee.fr/def/demo#> prefix igeo: <http://rdf.insee.fr/def/geo#> select *  where {?departement idemo:population ?popLeg .  ?popLeg idemo:populationTotale ?popTotale .  filter ((((((((?departement = <http://id.insee.fr/geo/departement/45>) || (?departement = <http://id.insee.fr/geo/departement/45>)) || (?departement = <http://id.insee.fr/geo/departement/37>)) || (?departement = <http://id.insee.fr/geo/departement/37>)) || (?departement = <http://id.insee.fr/geo/departement/18>)) || (?departement = <http://id.insee.fr/geo/departement/18>)) || (?departement = <http://id.insee.fr/geo/departement/36>)) || (?departement = <http://id.insee.fr/geo/departement/36>)) }  
	4
--
	prefix idemo: <http://rdf.insee.fr/def/demo#> prefix igeo: <http://rdf.insee.fr/def/geo#> select *  where {?departement idemo:population ?popLeg .  ?popLeg idemo:populationTotale ?popTotale .  filter ((((((((((((((((((((?departement = <http://id.insee.fr/geo/departement/41>) || (?departement = <http://id.insee.fr/geo/departement/41>)) || (?departement = <http://id.insee.fr/geo/departement/28>)) || (?departement = <http://id.insee.fr/geo/departement/28>)) || (?departement = <http://id.insee.fr/geo/departement/45>)) || (?departement = <http://id.insee.fr/geo/departement/45>)) || (?departement = <http://id.insee.fr/geo/departement/37>)) || (?departement = <http://id.insee.fr/geo/departement/37>)) || (?departement = <http://id.insee.fr/geo/departement/18>)) || (?departement = <http://id.insee.fr/geo/departement/18>)) || (?departement = <http://id.insee.fr/geo/departement/36>)) || (?departement = <http://id.insee.fr/geo/departement/36>)) || (?departement = <http://id.insee.fr/geo/departement/41>)) || (?departement = <http://id.insee.fr/geo/departement/41>)) || (?departement = <http://id.insee.fr/geo/departement/28>)) || (?departement = <http://id.insee.fr/geo/departement/28>)) || (?departement = <http://id.insee.fr/geo/departement/45>)) || (?departement = <http://id.insee.fr/geo/departement/45>)) || (?departement = <http://id.insee.fr/geo/departement/37>)) || (?departement = <http://id.insee.fr/geo/departement/37>)) }  
	6
--
	?region igeo:codeRegion '24'
	2
--
	>====  Sum = 90  =====

 INFO 2016-03-22 16:48:22,778 [main] (TestDQP.java:213) - Remote queries per data source
 INFO 2016-03-22 16:48:22,778 [main] (TestDQP.java:214) - =========
	http://localhost:8085/sparql
	27
--
	http://localhost:8084/sparql
	27
--
	http://localhost:8086/sparql
	3
--
	>====  Sum = 57  =====

 INFO 2016-03-22 16:48:22,778 [main] (TestDQP.java:215) - Transferred results per source
 INFO 2016-03-22 16:48:22,778 [main] (TestDQP.java:216) - =========
	http://localhost:8085/sparql
	37
--
	http://localhost:8084/sparql
	37
--
	http://localhost:8086/sparql
	16
--
	>====  Sum = 90  =====

