 INFO 2016-04-01 14:00:58,621 [main] (ServiceGrouper.java:84) - Building indices for 
 INFO 2016-04-01 14:00:58,624 [main] (ServiceGrouper.java:85) - {?region igeo:codeRegion ?v . 
?region igeo:subdivisionDirecte ?departement . 
?departement igeo:nom ?nom . 
?departement idemo:population ?popLeg . 
?popLeg idemo:populationTotale ?popTotale . }
 INFO 2016-04-01 14:00:58,848 [main] (ServiceGrouper.java:559) - Edge index
 INFO 2016-04-01 14:00:58,849 [main] (ServiceGrouper.java:575) - Source index
 INFO 2016-04-01 14:00:58,849 [main] (ServiceGrouper.java:259) - Found consecutive triple patterns into {?region igeo:codeRegion ?v . 
?region igeo:subdivisionDirecte ?departement . 
?departement igeo:nom ?nom . 
?departement idemo:population ?popLeg . 
?popLeg idemo:populationTotale ?popTotale . }
 INFO 2016-04-01 14:00:58,850 [main] (ServiceGrouper.java:426) - Processing
[?region igeo:codeRegion ?v . , ?region igeo:subdivisionDirecte ?departement . , ?departement igeo:nom ?nom . , ?departement idemo:population ?popLeg . , ?popLeg idemo:populationTotale ?popTotale . ]
 WARN 2016-04-01 14:00:58,850 [main] (ServiceGrouper.java:446) - Triple pattern ?region igeo:codeRegion ?v .  appears in more than one data source, excluded from SERVICE.
 WARN 2016-04-01 14:00:58,850 [main] (ServiceGrouper.java:446) - Triple pattern ?region igeo:subdivisionDirecte ?departement .  appears in more than one data source, excluded from SERVICE.
 WARN 2016-04-01 14:00:58,851 [main] (ServiceGrouper.java:446) - Triple pattern ?region igeo:subdivisionDirecte ?departement .  appears in more than one data source, excluded from SERVICE.
 WARN 2016-04-01 14:00:58,851 [main] (ServiceGrouper.java:446) - Triple pattern ?departement igeo:nom ?nom .  appears in more than one data source, excluded from SERVICE.
 WARN 2016-04-01 14:00:58,851 [main] (ServiceGrouper.java:446) - Triple pattern ?region igeo:codeRegion ?v .  appears in more than one data source, excluded from SERVICE.
 WARN 2016-04-01 14:00:58,851 [main] (ServiceGrouper.java:446) - Triple pattern ?departement igeo:nom ?nom .  appears in more than one data source, excluded from SERVICE.
 INFO 2016-04-01 14:00:58,851 [main] (ServiceGrouper.java:271) - Ranking : 
 INFO 2016-04-01 14:00:58,852 [main] (ServiceGrouper.java:272) - {?region igeo:codeRegion ?v . 
?region igeo:subdivisionDirecte ?departement . 
service <http://localhost:8088/sparql> {?departement idemo:population ?popLeg . 
?popLeg idemo:populationTotale ?popTotale . }
?departement igeo:nom ?nom . }
 INFO 2016-04-01 14:00:58,852 [main] (ServiceGrouper.java:277) - 2 free variables for ?region igeo:codeRegion ?v . 
 INFO 2016-04-01 14:00:58,852 [main] (ServiceGrouper.java:277) - 2 free variables for ?region igeo:subdivisionDirecte ?departement . 
 INFO 2016-04-01 14:00:58,852 [main] (ServiceGrouper.java:277) - 3 free variables for service <http://localhost:8088/sparql> {?departement idemo:population ?popLeg . 
?popLeg idemo:populationTotale ?popTotale . }
 INFO 2016-04-01 14:00:58,852 [main] (ServiceGrouper.java:277) - 2 free variables for ?departement igeo:nom ?nom . 
 INFO 2016-04-01 14:00:58,852 [main] (ServiceGrouper.java:286) - Sorting services possibly with the same score
 WARN 2016-04-01 14:00:58,853 [main] (ServiceGrouper.java:353) - Searching for ?region igeo:codeRegion ?v .  in [?region igeo:codeRegion ?v . , ?region igeo:subdivisionDirecte ?departement . , ?departement igeo:nom ?nom . , ?departement idemo:population ?popLeg . , ?popLeg idemo:populationTotale ?popTotale . ]
 WARN 2016-04-01 14:00:58,853 [main] (ServiceGrouper.java:353) - Searching for ?departement igeo:nom ?nom .  in [?region igeo:codeRegion ?v . , ?region igeo:subdivisionDirecte ?departement . , ?departement igeo:nom ?nom . , ?departement idemo:population ?popLeg . , ?popLeg idemo:populationTotale ?popTotale . ]
 INFO 2016-04-01 14:00:58,853 [main] (ServiceGrouper.java:328) - Comparing : ?region igeo:codeRegion ?v .  with ?departement igeo:nom ?nom . 
 WARN 2016-04-01 14:00:58,853 [main] (ServiceGrouper.java:353) - Searching for ?region igeo:subdivisionDirecte ?departement .  in [?region igeo:codeRegion ?v . , ?region igeo:subdivisionDirecte ?departement . , ?departement igeo:nom ?nom . , ?departement idemo:population ?popLeg . , ?popLeg idemo:populationTotale ?popTotale . ]
 WARN 2016-04-01 14:00:58,854 [main] (ServiceGrouper.java:353) - Searching for ?region igeo:codeRegion ?v .  in [?region igeo:codeRegion ?v . , ?region igeo:subdivisionDirecte ?departement . , ?departement igeo:nom ?nom . , ?departement idemo:population ?popLeg . , ?popLeg idemo:populationTotale ?popTotale . ]
 INFO 2016-04-01 14:00:58,854 [main] (ServiceGrouper.java:328) - Comparing : ?region igeo:subdivisionDirecte ?departement .  with ?region igeo:codeRegion ?v . 
 WARN 2016-04-01 14:00:58,854 [main] (ServiceGrouper.java:353) - Searching for ?region igeo:subdivisionDirecte ?departement .  in [?region igeo:codeRegion ?v . , ?region igeo:subdivisionDirecte ?departement . , ?departement igeo:nom ?nom . , ?departement idemo:population ?popLeg . , ?popLeg idemo:populationTotale ?popTotale . ]
 WARN 2016-04-01 14:00:58,854 [main] (ServiceGrouper.java:353) - Searching for ?departement igeo:nom ?nom .  in [?region igeo:codeRegion ?v . , ?region igeo:subdivisionDirecte ?departement . , ?departement igeo:nom ?nom . , ?departement idemo:population ?popLeg . , ?popLeg idemo:populationTotale ?popTotale . ]
 INFO 2016-04-01 14:00:58,854 [main] (ServiceGrouper.java:328) - Comparing : ?region igeo:subdivisionDirecte ?departement .  with ?departement igeo:nom ?nom . 
 WARN 2016-04-01 14:00:58,854 [main] (ServiceGrouper.java:353) - Searching for ?region igeo:subdivisionDirecte ?departement .  in [?region igeo:codeRegion ?v . , ?region igeo:subdivisionDirecte ?departement . , ?departement igeo:nom ?nom . , ?departement idemo:population ?popLeg . , ?popLeg idemo:populationTotale ?popTotale . ]
 WARN 2016-04-01 14:00:58,854 [main] (ServiceGrouper.java:353) - Searching for ?region igeo:codeRegion ?v .  in [?region igeo:codeRegion ?v . , ?region igeo:subdivisionDirecte ?departement . , ?departement igeo:nom ?nom . , ?departement idemo:population ?popLeg . , ?popLeg idemo:populationTotale ?popTotale . ]
 INFO 2016-04-01 14:00:58,855 [main] (ServiceGrouper.java:328) - Comparing : ?region igeo:subdivisionDirecte ?departement .  with ?region igeo:codeRegion ?v . 
 INFO 2016-04-01 14:00:58,855 [main] (ServiceGrouper.java:340) - {?region igeo:codeRegion ?v . 
?region igeo:subdivisionDirecte ?departement . 
?departement igeo:nom ?nom . 
service <http://localhost:8088/sparql> {?departement idemo:population ?popLeg . 
?popLeg idemo:populationTotale ?popTotale . }}
 INFO 2016-04-01 14:00:58,855 [main] (ServiceGrouper.java:118) - Final rewritten query
 INFO 2016-04-01 14:00:58,855 [main] (ServiceGrouper.java:119) - prefix idemo: <http://rdf.insee.fr/def/demo#>
prefix igeo: <http://rdf.insee.fr/def/geo#>
select ?nom ?popTotale 
where
{?region igeo:codeRegion ?v . 
?region igeo:subdivisionDirecte ?departement . 
?departement igeo:nom ?nom . 
service <http://localhost:8088/sparql> {?departement idemo:population ?popLeg . 
?popLeg idemo:populationTotale ?popTotale . }}
order by ?popTotale 


 INFO 2016-04-01 14:00:58,857 [main] (ServiceGrouper.java:57) - Building predicates indices for AND{EDGE{?region igeo:codeRegion ?v} EDGE{?region igeo:subdivisionDirecte ?departement} EDGE{?departement igeo:nom ?nom} SERVICE{NODE{<http://localhost:8088/sparql> } select [NODE{?departement }, NODE{?popLeg }, NODE{?popTotale }]
QUERY{AND{EDGE{?departement idemo:population ?popLeg} EDGE{?popLeg idemo:populationTotale ?popTotale} } } } }
 INFO 2016-04-01 14:00:58,857 [main] (ServiceGrouper.java:57) - Building predicates indices for AND{EDGE{?departement idemo:population ?popLeg} EDGE{?popLeg idemo:populationTotale ?popTotale} }
 INFO 2016-04-01 14:00:58,857 [main] (ServiceGrouper.java:65) - END of building index!
 INFO 2016-04-01 14:00:58,857 [main] (ServiceGrouper.java:65) - END of building index!
 INFO 2016-04-01 14:00:58,868 [main] (ParallelMetaProducerLessBlocking.java:214) - Searching for BGP : BGP{EDGE{?region igeo:codeRegion ?v} EDGE{?region igeo:subdivisionDirecte ?departement} }
 INFO 2016-04-01 14:00:58,870 [pool-1-thread-1] (CallableResult.java:56) - CallableResult for GetMappings
 INFO 2016-04-01 14:00:58,870 [pool-1-thread-1] (RemoteQueryOptimizerFull.java:144) - BGP QUERY: 
 SELECT * WHERE { 
	 ?region igeo:codeRegion ?v . 
 	 ?region igeo:subdivisionDirecte ?departement . 
 } 
 INFO 2016-04-01 14:00:58,893 [pool-1-thread-1] (CallableResult.java:59) - RESULTS: 16 FROM http://localhost:8085/sparql
 INFO 2016-04-01 14:00:58,894 [pool-1-thread-1] (CallableResult.java:63) - Finished CallableResult in 25 ms.
 INFO 2016-04-01 14:00:58,895 [main] (ParallelMetaProducerLessBlocking.java:255) - Global results retrieved in getMappings 26ms.
 INFO 2016-04-01 14:00:58,895 [main] (Eval.java:1660) - 
	GET MAPPINGS in 29ms.
	 FOR BGP{EDGE{?region igeo:codeRegion ?v} EDGE{?region igeo:subdivisionDirecte ?departement} }

 INFO 2016-04-01 14:00:58,895 [main] (ParallelMetaProducerLessBlocking.java:61) - Searching for edge : ?region igeo:codeRegion ?v
 INFO 2016-04-01 14:00:58,896 [pool-2-thread-1] (CallableResult.java:52) - CallableResult for GetEdge
 INFO 2016-04-01 14:00:58,896 [pool-2-thread-2] (CallableResult.java:52) - CallableResult for GetEdge
 INFO 2016-04-01 14:00:59,001 [pool-2-thread-1] (CallableResult.java:63) - Finished CallableResult in 105 ms.
 INFO 2016-04-01 14:00:59,054 [pool-2-thread-2] (CallableResult.java:63) - Finished CallableResult in 158 ms.
 INFO 2016-04-01 14:00:59,064 [main] (ParallelMetaProducerLessBlocking.java:193) - Global results retrieved in getEdges 168ms.
 INFO 2016-04-01 14:00:59,065 [main] (ParallelMetaProducerLessBlocking.java:61) - Searching for edge : ?region igeo:subdivisionDirecte ?departement
 INFO 2016-04-01 14:00:59,066 [pool-3-thread-1] (CallableResult.java:52) - CallableResult for GetEdge
 INFO 2016-04-01 14:00:59,079 [pool-3-thread-1] (CallableResult.java:63) - Finished CallableResult in 13 ms.
 INFO 2016-04-01 14:00:59,079 [main] (ParallelMetaProducerLessBlocking.java:193) - Global results retrieved in getEdges 13ms.
 INFO 2016-04-01 14:00:59,080 [main] (Eval.java:2158) - 
	Get EDGE in 14ms.  
	FOR EDGE{?region igeo:subdivisionDirecte ?departement}

 INFO 2016-04-01 14:00:59,080 [main] (ParallelMetaProducerLessBlocking.java:61) - Searching for edge : ?region igeo:subdivisionDirecte ?departement
 INFO 2016-04-01 14:00:59,080 [pool-4-thread-1] (CallableResult.java:52) - CallableResult for GetEdge
 INFO 2016-04-01 14:00:59,086 [pool-4-thread-1] (CallableResult.java:63) - Finished CallableResult in 6 ms.
 INFO 2016-04-01 14:00:59,086 [main] (ParallelMetaProducerLessBlocking.java:193) - Global results retrieved in getEdges 6ms.
 INFO 2016-04-01 14:00:59,086 [main] (Eval.java:2158) - 
	Get EDGE in 6ms.  
	FOR EDGE{?region igeo:subdivisionDirecte ?departement}

 INFO 2016-04-01 14:00:59,086 [main] (ParallelMetaProducerLessBlocking.java:61) - Searching for edge : ?region igeo:subdivisionDirecte ?departement
 INFO 2016-04-01 14:00:59,087 [pool-5-thread-1] (CallableResult.java:52) - CallableResult for GetEdge
 INFO 2016-04-01 14:00:59,093 [pool-5-thread-1] (CallableResult.java:63) - Finished CallableResult in 6 ms.
 INFO 2016-04-01 14:00:59,095 [main] (ParallelMetaProducerLessBlocking.java:193) - Global results retrieved in getEdges 8ms.
 INFO 2016-04-01 14:00:59,096 [main] (Eval.java:2158) - 
	Get EDGE in 10ms.  
	FOR EDGE{?region igeo:subdivisionDirecte ?departement}

 INFO 2016-04-01 14:00:59,096 [main] (ParallelMetaProducerLessBlocking.java:61) - Searching for edge : ?region igeo:subdivisionDirecte ?departement
 INFO 2016-04-01 14:00:59,097 [pool-6-thread-1] (CallableResult.java:52) - CallableResult for GetEdge
 INFO 2016-04-01 14:00:59,105 [pool-6-thread-1] (CallableResult.java:63) - Finished CallableResult in 8 ms.
 INFO 2016-04-01 14:00:59,105 [main] (ParallelMetaProducerLessBlocking.java:193) - Global results retrieved in getEdges 9ms.
 INFO 2016-04-01 14:00:59,105 [main] (Eval.java:2158) - 
	Get EDGE in 9ms.  
	FOR EDGE{?region igeo:subdivisionDirecte ?departement}

 INFO 2016-04-01 14:00:59,106 [main] (ParallelMetaProducerLessBlocking.java:61) - Searching for edge : ?region igeo:subdivisionDirecte ?departement
 INFO 2016-04-01 14:00:59,106 [pool-7-thread-1] (CallableResult.java:52) - CallableResult for GetEdge
 INFO 2016-04-01 14:00:59,111 [pool-7-thread-1] (CallableResult.java:63) - Finished CallableResult in 5 ms.
 INFO 2016-04-01 14:00:59,111 [main] (ParallelMetaProducerLessBlocking.java:193) - Global results retrieved in getEdges 5ms.
 INFO 2016-04-01 14:00:59,111 [main] (Eval.java:2158) - 
	Get EDGE in 5ms.  
	FOR EDGE{?region igeo:subdivisionDirecte ?departement}

 INFO 2016-04-01 14:00:59,111 [main] (ParallelMetaProducerLessBlocking.java:61) - Searching for edge : ?region igeo:subdivisionDirecte ?departement
 INFO 2016-04-01 14:00:59,112 [pool-8-thread-1] (CallableResult.java:52) - CallableResult for GetEdge
 INFO 2016-04-01 14:00:59,125 [pool-8-thread-1] (CallableResult.java:63) - Finished CallableResult in 13 ms.
 INFO 2016-04-01 14:00:59,125 [main] (ParallelMetaProducerLessBlocking.java:193) - Global results retrieved in getEdges 13ms.
 INFO 2016-04-01 14:00:59,125 [main] (Eval.java:2158) - 
	Get EDGE in 14ms.  
	FOR EDGE{?region igeo:subdivisionDirecte ?departement}

 INFO 2016-04-01 14:00:59,125 [main] (ParallelMetaProducerLessBlocking.java:61) - Searching for edge : ?region igeo:subdivisionDirecte ?departement
 INFO 2016-04-01 14:00:59,126 [pool-9-thread-1] (CallableResult.java:52) - CallableResult for GetEdge
 INFO 2016-04-01 14:00:59,130 [pool-9-thread-1] (CallableResult.java:63) - Finished CallableResult in 4 ms.
 INFO 2016-04-01 14:00:59,130 [main] (ParallelMetaProducerLessBlocking.java:193) - Global results retrieved in getEdges 4ms.
 INFO 2016-04-01 14:00:59,130 [main] (Eval.java:2158) - 
	Get EDGE in 5ms.  
	FOR EDGE{?region igeo:subdivisionDirecte ?departement}

 INFO 2016-04-01 14:00:59,131 [main] (ParallelMetaProducerLessBlocking.java:61) - Searching for edge : ?region igeo:subdivisionDirecte ?departement
 INFO 2016-04-01 14:00:59,131 [pool-10-thread-1] (CallableResult.java:52) - CallableResult for GetEdge
 INFO 2016-04-01 14:00:59,155 [pool-10-thread-1] (CallableResult.java:63) - Finished CallableResult in 24 ms.
 INFO 2016-04-01 14:00:59,156 [main] (ParallelMetaProducerLessBlocking.java:193) - Global results retrieved in getEdges 25ms.
 INFO 2016-04-01 14:00:59,156 [main] (Eval.java:2158) - 
	Get EDGE in 25ms.  
	FOR EDGE{?region igeo:subdivisionDirecte ?departement}

 INFO 2016-04-01 14:00:59,156 [main] (ParallelMetaProducerLessBlocking.java:61) - Searching for edge : ?region igeo:subdivisionDirecte ?departement
 INFO 2016-04-01 14:00:59,157 [pool-11-thread-1] (CallableResult.java:52) - CallableResult for GetEdge
 INFO 2016-04-01 14:00:59,157 [pool-11-thread-2] (CallableResult.java:52) - CallableResult for GetEdge
 INFO 2016-04-01 14:00:59,170 [pool-11-thread-1] (CallableResult.java:63) - Finished CallableResult in 13 ms.
 INFO 2016-04-01 14:00:59,171 [pool-11-thread-2] (CallableResult.java:63) - Finished CallableResult in 14 ms.
 INFO 2016-04-01 14:00:59,171 [main] (ParallelMetaProducerLessBlocking.java:193) - Global results retrieved in getEdges 14ms.
 INFO 2016-04-01 14:00:59,172 [main] (Eval.java:2158) - 
	Get EDGE in 16ms.  
	FOR EDGE{?region igeo:subdivisionDirecte ?departement}

 INFO 2016-04-01 14:00:59,172 [main] (ParallelMetaProducerLessBlocking.java:61) - Searching for edge : ?region igeo:subdivisionDirecte ?departement
 INFO 2016-04-01 14:00:59,172 [pool-12-thread-1] (CallableResult.java:52) - CallableResult for GetEdge
 INFO 2016-04-01 14:00:59,172 [pool-12-thread-2] (CallableResult.java:52) - CallableResult for GetEdge
 INFO 2016-04-01 14:00:59,178 [pool-12-thread-1] (CallableResult.java:63) - Finished CallableResult in 6 ms.
 INFO 2016-04-01 14:00:59,188 [pool-12-thread-2] (CallableResult.java:63) - Finished CallableResult in 16 ms.
 INFO 2016-04-01 14:00:59,189 [main] (ParallelMetaProducerLessBlocking.java:193) - Global results retrieved in getEdges 17ms.
 INFO 2016-04-01 14:00:59,189 [main] (Eval.java:2158) - 
	Get EDGE in 17ms.  
	FOR EDGE{?region igeo:subdivisionDirecte ?departement}

 INFO 2016-04-01 14:00:59,189 [main] (ParallelMetaProducerLessBlocking.java:61) - Searching for edge : ?region igeo:subdivisionDirecte ?departement
 INFO 2016-04-01 14:00:59,190 [pool-13-thread-1] (CallableResult.java:52) - CallableResult for GetEdge
 INFO 2016-04-01 14:00:59,191 [pool-13-thread-2] (CallableResult.java:52) - CallableResult for GetEdge
 INFO 2016-04-01 14:00:59,195 [pool-13-thread-1] (CallableResult.java:63) - Finished CallableResult in 5 ms.
 INFO 2016-04-01 14:00:59,208 [pool-13-thread-2] (CallableResult.java:63) - Finished CallableResult in 17 ms.
 INFO 2016-04-01 14:00:59,209 [main] (ParallelMetaProducerLessBlocking.java:193) - Global results retrieved in getEdges 17ms.
 INFO 2016-04-01 14:00:59,209 [main] (Eval.java:2158) - 
	Get EDGE in 20ms.  
	FOR EDGE{?region igeo:subdivisionDirecte ?departement}

 INFO 2016-04-01 14:00:59,209 [main] (ParallelMetaProducerLessBlocking.java:61) - Searching for edge : ?region igeo:subdivisionDirecte ?departement
 INFO 2016-04-01 14:00:59,209 [pool-14-thread-1] (CallableResult.java:52) - CallableResult for GetEdge
 INFO 2016-04-01 14:00:59,209 [pool-14-thread-2] (CallableResult.java:52) - CallableResult for GetEdge
 INFO 2016-04-01 14:00:59,214 [pool-14-thread-1] (CallableResult.java:63) - Finished CallableResult in 5 ms.
 INFO 2016-04-01 14:00:59,217 [pool-14-thread-2] (CallableResult.java:63) - Finished CallableResult in 8 ms.
 INFO 2016-04-01 14:00:59,217 [main] (ParallelMetaProducerLessBlocking.java:193) - Global results retrieved in getEdges 8ms.
 INFO 2016-04-01 14:00:59,218 [main] (Eval.java:2158) - 
	Get EDGE in 9ms.  
	FOR EDGE{?region igeo:subdivisionDirecte ?departement}

 INFO 2016-04-01 14:00:59,218 [main] (ParallelMetaProducerLessBlocking.java:61) - Searching for edge : ?region igeo:subdivisionDirecte ?departement
 INFO 2016-04-01 14:00:59,218 [pool-15-thread-1] (CallableResult.java:52) - CallableResult for GetEdge
 INFO 2016-04-01 14:00:59,218 [pool-15-thread-2] (CallableResult.java:52) - CallableResult for GetEdge
 INFO 2016-04-01 14:00:59,225 [pool-15-thread-1] (CallableResult.java:63) - Finished CallableResult in 7 ms.
 INFO 2016-04-01 14:00:59,235 [pool-15-thread-2] (CallableResult.java:63) - Finished CallableResult in 17 ms.
 INFO 2016-04-01 14:00:59,235 [main] (ParallelMetaProducerLessBlocking.java:193) - Global results retrieved in getEdges 17ms.
 INFO 2016-04-01 14:00:59,235 [main] (Eval.java:2158) - 
	Get EDGE in 17ms.  
	FOR EDGE{?region igeo:subdivisionDirecte ?departement}

 INFO 2016-04-01 14:00:59,236 [main] (ParallelMetaProducerLessBlocking.java:61) - Searching for edge : ?region igeo:subdivisionDirecte ?departement
 INFO 2016-04-01 14:00:59,236 [pool-16-thread-1] (CallableResult.java:52) - CallableResult for GetEdge
 INFO 2016-04-01 14:00:59,236 [pool-16-thread-2] (CallableResult.java:52) - CallableResult for GetEdge
 INFO 2016-04-01 14:00:59,241 [pool-16-thread-1] (CallableResult.java:63) - Finished CallableResult in 5 ms.
 INFO 2016-04-01 14:00:59,246 [pool-16-thread-2] (CallableResult.java:63) - Finished CallableResult in 10 ms.
 INFO 2016-04-01 14:00:59,247 [main] (ParallelMetaProducerLessBlocking.java:193) - Global results retrieved in getEdges 11ms.
 INFO 2016-04-01 14:00:59,247 [main] (Eval.java:2158) - 
	Get EDGE in 11ms.  
	FOR EDGE{?region igeo:subdivisionDirecte ?departement}

 INFO 2016-04-01 14:00:59,247 [main] (ParallelMetaProducerLessBlocking.java:61) - Searching for edge : ?region igeo:subdivisionDirecte ?departement
 INFO 2016-04-01 14:00:59,248 [pool-17-thread-1] (CallableResult.java:52) - CallableResult for GetEdge
 INFO 2016-04-01 14:00:59,248 [pool-17-thread-2] (CallableResult.java:52) - CallableResult for GetEdge
 INFO 2016-04-01 14:00:59,253 [pool-17-thread-1] (CallableResult.java:63) - Finished CallableResult in 5 ms.
 INFO 2016-04-01 14:00:59,259 [pool-17-thread-2] (CallableResult.java:63) - Finished CallableResult in 11 ms.
 INFO 2016-04-01 14:00:59,259 [main] (ParallelMetaProducerLessBlocking.java:193) - Global results retrieved in getEdges 11ms.
 INFO 2016-04-01 14:00:59,259 [main] (Eval.java:2158) - 
	Get EDGE in 12ms.  
	FOR EDGE{?region igeo:subdivisionDirecte ?departement}

 INFO 2016-04-01 14:00:59,259 [main] (ParallelMetaProducerLessBlocking.java:61) - Searching for edge : ?region igeo:subdivisionDirecte ?departement
 INFO 2016-04-01 14:00:59,260 [pool-18-thread-1] (CallableResult.java:52) - CallableResult for GetEdge
 INFO 2016-04-01 14:00:59,260 [pool-18-thread-2] (CallableResult.java:52) - CallableResult for GetEdge
 INFO 2016-04-01 14:00:59,268 [pool-18-thread-1] (CallableResult.java:63) - Finished CallableResult in 8 ms.
 INFO 2016-04-01 14:00:59,269 [pool-18-thread-2] (CallableResult.java:63) - Finished CallableResult in 9 ms.
 INFO 2016-04-01 14:00:59,269 [main] (ParallelMetaProducerLessBlocking.java:193) - Global results retrieved in getEdges 9ms.
 INFO 2016-04-01 14:00:59,270 [main] (Eval.java:2158) - 
	Get EDGE in 11ms.  
	FOR EDGE{?region igeo:subdivisionDirecte ?departement}

 INFO 2016-04-01 14:00:59,270 [main] (ParallelMetaProducerLessBlocking.java:61) - Searching for edge : ?region igeo:subdivisionDirecte ?departement
 INFO 2016-04-01 14:00:59,270 [pool-19-thread-1] (CallableResult.java:52) - CallableResult for GetEdge
 INFO 2016-04-01 14:00:59,270 [pool-19-thread-2] (CallableResult.java:52) - CallableResult for GetEdge
 INFO 2016-04-01 14:00:59,275 [pool-19-thread-1] (CallableResult.java:63) - Finished CallableResult in 5 ms.
 INFO 2016-04-01 14:00:59,281 [pool-19-thread-2] (CallableResult.java:63) - Finished CallableResult in 11 ms.
 INFO 2016-04-01 14:00:59,281 [main] (ParallelMetaProducerLessBlocking.java:193) - Global results retrieved in getEdges 11ms.
 INFO 2016-04-01 14:00:59,282 [main] (Eval.java:2158) - 
	Get EDGE in 12ms.  
	FOR EDGE{?region igeo:subdivisionDirecte ?departement}

 INFO 2016-04-01 14:00:59,282 [main] (ParallelMetaProducerLessBlocking.java:61) - Searching for edge : ?region igeo:subdivisionDirecte ?departement
 INFO 2016-04-01 14:00:59,282 [pool-20-thread-1] (CallableResult.java:52) - CallableResult for GetEdge
 INFO 2016-04-01 14:00:59,282 [pool-20-thread-2] (CallableResult.java:52) - CallableResult for GetEdge
 INFO 2016-04-01 14:00:59,286 [pool-20-thread-1] (CallableResult.java:63) - Finished CallableResult in 4 ms.
 INFO 2016-04-01 14:00:59,294 [pool-20-thread-2] (CallableResult.java:63) - Finished CallableResult in 12 ms.
 INFO 2016-04-01 14:00:59,295 [main] (ParallelMetaProducerLessBlocking.java:193) - Global results retrieved in getEdges 13ms.
 INFO 2016-04-01 14:00:59,295 [main] (Eval.java:2158) - 
	Get EDGE in 13ms.  
	FOR EDGE{?region igeo:subdivisionDirecte ?departement}

 INFO 2016-04-01 14:00:59,295 [main] (ParallelMetaProducerLessBlocking.java:61) - Searching for edge : ?region igeo:subdivisionDirecte ?departement
 INFO 2016-04-01 14:00:59,295 [pool-21-thread-1] (CallableResult.java:52) - CallableResult for GetEdge
 INFO 2016-04-01 14:00:59,295 [pool-21-thread-2] (CallableResult.java:52) - CallableResult for GetEdge
 INFO 2016-04-01 14:00:59,299 [pool-21-thread-1] (CallableResult.java:63) - Finished CallableResult in 4 ms.
 INFO 2016-04-01 14:00:59,302 [pool-21-thread-2] (CallableResult.java:63) - Finished CallableResult in 7 ms.
 INFO 2016-04-01 14:00:59,302 [main] (ParallelMetaProducerLessBlocking.java:193) - Global results retrieved in getEdges 7ms.
 INFO 2016-04-01 14:00:59,302 [main] (Eval.java:2158) - 
	Get EDGE in 7ms.  
	FOR EDGE{?region igeo:subdivisionDirecte ?departement}

 INFO 2016-04-01 14:00:59,302 [main] (ParallelMetaProducerLessBlocking.java:61) - Searching for edge : ?region igeo:subdivisionDirecte ?departement
 INFO 2016-04-01 14:00:59,303 [pool-22-thread-1] (CallableResult.java:52) - CallableResult for GetEdge
 INFO 2016-04-01 14:00:59,303 [pool-22-thread-2] (CallableResult.java:52) - CallableResult for GetEdge
 INFO 2016-04-01 14:00:59,307 [pool-22-thread-1] (CallableResult.java:63) - Finished CallableResult in 4 ms.
 INFO 2016-04-01 14:00:59,310 [pool-22-thread-2] (CallableResult.java:63) - Finished CallableResult in 7 ms.
 INFO 2016-04-01 14:00:59,311 [main] (ParallelMetaProducerLessBlocking.java:193) - Global results retrieved in getEdges 8ms.
 INFO 2016-04-01 14:00:59,311 [main] (Eval.java:2158) - 
	Get EDGE in 9ms.  
	FOR EDGE{?region igeo:subdivisionDirecte ?departement}

 INFO 2016-04-01 14:00:59,311 [main] (ParallelMetaProducerLessBlocking.java:61) - Searching for edge : ?region igeo:subdivisionDirecte ?departement
 INFO 2016-04-01 14:00:59,312 [pool-23-thread-1] (CallableResult.java:52) - CallableResult for GetEdge
 INFO 2016-04-01 14:00:59,314 [pool-23-thread-2] (CallableResult.java:52) - CallableResult for GetEdge
 INFO 2016-04-01 14:00:59,315 [pool-23-thread-1] (CallableResult.java:63) - Finished CallableResult in 3 ms.
 INFO 2016-04-01 14:00:59,325 [pool-23-thread-2] (CallableResult.java:63) - Finished CallableResult in 11 ms.
 INFO 2016-04-01 14:00:59,325 [main] (ParallelMetaProducerLessBlocking.java:193) - Global results retrieved in getEdges 13ms.
 INFO 2016-04-01 14:00:59,325 [main] (Eval.java:2158) - 
	Get EDGE in 14ms.  
	FOR EDGE{?region igeo:subdivisionDirecte ?departement}

 INFO 2016-04-01 14:00:59,326 [main] (ParallelMetaProducerLessBlocking.java:61) - Searching for edge : ?region igeo:subdivisionDirecte ?departement
 INFO 2016-04-01 14:00:59,326 [pool-24-thread-1] (CallableResult.java:52) - CallableResult for GetEdge
 INFO 2016-04-01 14:00:59,326 [pool-24-thread-2] (CallableResult.java:52) - CallableResult for GetEdge
 INFO 2016-04-01 14:00:59,331 [pool-24-thread-1] (CallableResult.java:63) - Finished CallableResult in 5 ms.
 INFO 2016-04-01 14:00:59,335 [pool-24-thread-2] (CallableResult.java:63) - Finished CallableResult in 9 ms.
 INFO 2016-04-01 14:00:59,335 [main] (ParallelMetaProducerLessBlocking.java:193) - Global results retrieved in getEdges 9ms.
 INFO 2016-04-01 14:00:59,335 [main] (Eval.java:2158) - 
	Get EDGE in 10ms.  
	FOR EDGE{?region igeo:subdivisionDirecte ?departement}

 INFO 2016-04-01 14:00:59,336 [main] (ParallelMetaProducerLessBlocking.java:61) - Searching for edge : ?region igeo:subdivisionDirecte ?departement
 INFO 2016-04-01 14:00:59,344 [pool-25-thread-2] (CallableResult.java:52) - CallableResult for GetEdge
 INFO 2016-04-01 14:00:59,347 [pool-25-thread-1] (CallableResult.java:52) - CallableResult for GetEdge
 INFO 2016-04-01 14:00:59,351 [pool-25-thread-1] (CallableResult.java:63) - Finished CallableResult in 4 ms.
 INFO 2016-04-01 14:00:59,353 [pool-25-thread-2] (CallableResult.java:63) - Finished CallableResult in 9 ms.
 INFO 2016-04-01 14:00:59,353 [main] (ParallelMetaProducerLessBlocking.java:193) - Global results retrieved in getEdges 10ms.
 INFO 2016-04-01 14:00:59,353 [main] (Eval.java:2158) - 
	Get EDGE in 17ms.  
	FOR EDGE{?region igeo:subdivisionDirecte ?departement}

 INFO 2016-04-01 14:00:59,354 [main] (ParallelMetaProducerLessBlocking.java:61) - Searching for edge : ?region igeo:subdivisionDirecte ?departement
 INFO 2016-04-01 14:00:59,354 [pool-26-thread-1] (CallableResult.java:52) - CallableResult for GetEdge
 INFO 2016-04-01 14:00:59,354 [pool-26-thread-2] (CallableResult.java:52) - CallableResult for GetEdge
 INFO 2016-04-01 14:00:59,359 [pool-26-thread-1] (CallableResult.java:63) - Finished CallableResult in 5 ms.
 INFO 2016-04-01 14:00:59,360 [pool-26-thread-2] (CallableResult.java:63) - Finished CallableResult in 6 ms.
 INFO 2016-04-01 14:00:59,360 [main] (ParallelMetaProducerLessBlocking.java:193) - Global results retrieved in getEdges 6ms.
 INFO 2016-04-01 14:00:59,360 [main] (Eval.java:2158) - 
	Get EDGE in 6ms.  
	FOR EDGE{?region igeo:subdivisionDirecte ?departement}

 INFO 2016-04-01 14:00:59,360 [main] (ParallelMetaProducerLessBlocking.java:61) - Searching for edge : ?region igeo:subdivisionDirecte ?departement
 INFO 2016-04-01 14:00:59,360 [pool-27-thread-1] (CallableResult.java:52) - CallableResult for GetEdge
 INFO 2016-04-01 14:00:59,365 [pool-27-thread-1] (CallableResult.java:63) - Finished CallableResult in 5 ms.
 INFO 2016-04-01 14:00:59,371 [pool-27-thread-2] (CallableResult.java:52) - CallableResult for GetEdge
 INFO 2016-04-01 14:00:59,377 [pool-27-thread-2] (CallableResult.java:63) - Finished CallableResult in 6 ms.
 INFO 2016-04-01 14:00:59,378 [main] (ParallelMetaProducerLessBlocking.java:193) - Global results retrieved in getEdges 11ms.
 INFO 2016-04-01 14:00:59,378 [main] (Eval.java:2158) - 
	Get EDGE in 18ms.  
	FOR EDGE{?region igeo:subdivisionDirecte ?departement}

 INFO 2016-04-01 14:00:59,378 [main] (ParallelMetaProducerLessBlocking.java:61) - Searching for edge : ?region igeo:subdivisionDirecte ?departement
 INFO 2016-04-01 14:00:59,378 [pool-28-thread-1] (CallableResult.java:52) - CallableResult for GetEdge
 INFO 2016-04-01 14:00:59,378 [pool-28-thread-2] (CallableResult.java:52) - CallableResult for GetEdge
 INFO 2016-04-01 14:00:59,384 [pool-28-thread-1] (CallableResult.java:63) - Finished CallableResult in 6 ms.
 INFO 2016-04-01 14:00:59,388 [pool-28-thread-2] (CallableResult.java:63) - Finished CallableResult in 10 ms.
 INFO 2016-04-01 14:00:59,389 [main] (ParallelMetaProducerLessBlocking.java:193) - Global results retrieved in getEdges 11ms.
 INFO 2016-04-01 14:00:59,389 [main] (Eval.java:2158) - 
	Get EDGE in 11ms.  
	FOR EDGE{?region igeo:subdivisionDirecte ?departement}

 INFO 2016-04-01 14:00:59,389 [main] (Eval.java:2158) - 
	Get EDGE in 494ms.  
	FOR EDGE{?region igeo:codeRegion ?v}

 INFO 2016-04-01 14:00:59,389 [main] (ParallelMetaProducerLessBlocking.java:214) - Searching for BGP : BGP{EDGE{?departement igeo:nom ?nom} }
 INFO 2016-04-01 14:00:59,389 [pool-29-thread-1] (CallableResult.java:56) - CallableResult for GetMappings
 INFO 2016-04-01 14:00:59,389 [pool-29-thread-2] (CallableResult.java:56) - CallableResult for GetMappings
 INFO 2016-04-01 14:00:59,390 [pool-29-thread-1] (RemoteQueryOptimizerFull.java:144) - BGP QUERY: 
 SELECT * WHERE { 
	 ?departement igeo:nom ?nom . 
 } 
 INFO 2016-04-01 14:00:59,390 [pool-29-thread-2] (RemoteQueryOptimizerFull.java:144) - BGP QUERY: 
 SELECT * WHERE { 
	 ?departement igeo:nom ?nom . 
 } 
 INFO 2016-04-01 14:00:59,403 [pool-29-thread-2] (CallableResult.java:59) - RESULTS: 12 FROM http://localhost:8087/sparql
 INFO 2016-04-01 14:00:59,403 [pool-29-thread-2] (CallableResult.java:63) - Finished CallableResult in 14 ms.
 INFO 2016-04-01 14:00:59,412 [pool-29-thread-1] (CallableResult.java:59) - RESULTS: 45 FROM http://localhost:8086/sparql
 INFO 2016-04-01 14:00:59,412 [pool-29-thread-1] (CallableResult.java:63) - Finished CallableResult in 23 ms.
 INFO 2016-04-01 14:00:59,413 [main] (ParallelMetaProducerLessBlocking.java:255) - Global results retrieved in getMappings 24ms.
 INFO 2016-04-01 14:00:59,414 [main] (Eval.java:1660) - 
	GET MAPPINGS in 25ms.
	 FOR BGP{EDGE{?departement igeo:nom ?nom} }

 INFO 2016-04-01 14:00:59,417 [main] (ProviderImplCostMonitoring.java:229) - ** Provider: 
prefix idemo: <http://rdf.insee.fr/def/demo#>
prefix igeo: <http://rdf.insee.fr/def/geo#>
select * 
where
{?departement idemo:population ?popLeg . 
?popLeg idemo:populationTotale ?popTotale . 
filter ((((((((((((((((((((?departement = <http://id.insee.fr/geo/departement/38>) || (?departement = <http://id.insee.fr/geo/departement/74>)) || (?departement = <http://id.insee.fr/geo/departement/42>)) || (?departement = <http://id.insee.fr/geo/departement/26>)) || (?departement = <http://id.insee.fr/geo/departement/73>)) || (?departement = <http://id.insee.fr/geo/departement/69>)) || (?departement = <http://id.insee.fr/geo/departement/13>)) || (?departement = <http://id.insee.fr/geo/departement/51>)) || (?departement = <http://id.insee.fr/geo/departement/10>)) || (?departement = <http://id.insee.fr/geo/departement/52>)) || (?departement = <http://id.insee.fr/geo/departement/90>)) || (?departement = <http://id.insee.fr/geo/departement/54>)) || (?departement = <http://id.insee.fr/geo/departement/976>)) || (?departement = <http://id.insee.fr/geo/departement/12>)) || (?departement = <http://id.insee.fr/geo/departement/65>)) || (?departement = <http://id.insee.fr/geo/departement/62>)) || (?departement = <http://id.insee.fr/geo/departement/39>)) || (?departement = <http://id.insee.fr/geo/departement/25>)) || (?departement = <http://id.insee.fr/geo/departement/23>)) || (?departement = <http://id.insee.fr/geo/departement/78>)) }


 INFO 2016-04-01 14:00:59,550 [main] (ProviderImplCostMonitoring.java:229) - ** Provider: 
prefix idemo: <http://rdf.insee.fr/def/demo#>
prefix igeo: <http://rdf.insee.fr/def/geo#>
select * 
where
{?departement idemo:population ?popLeg . 
?popLeg idemo:populationTotale ?popTotale . 
filter ((((((((((((((((((((?departement = <http://id.insee.fr/geo/departement/75>) || (?departement = <http://id.insee.fr/geo/departement/77>)) || (?departement = <http://id.insee.fr/geo/departement/91>)) || (?departement = <http://id.insee.fr/geo/departement/64>)) || (?departement = <http://id.insee.fr/geo/departement/24>)) || (?departement = <http://id.insee.fr/geo/departement/33>)) || (?departement = <http://id.insee.fr/geo/departement/21>)) || (?departement = <http://id.insee.fr/geo/departement/71>)) || (?departement = <http://id.insee.fr/geo/departement/14>)) || (?departement = <http://id.insee.fr/geo/departement/50>)) || (?departement = <http://id.insee.fr/geo/departement/61>)) || (?departement = <http://id.insee.fr/geo/departement/36>)) || (?departement = <http://id.insee.fr/geo/departement/37>)) || (?departement = <http://id.insee.fr/geo/departement/28>)) || (?departement = <http://id.insee.fr/geo/departement/27>)) || (?departement = <http://id.insee.fr/geo/departement/76>)) || (?departement = <http://id.insee.fr/geo/departement/79>)) || (?departement = <http://id.insee.fr/geo/departement/17>)) || (?departement = <http://id.insee.fr/geo/departement/16>)) || (?departement = <http://id.insee.fr/geo/departement/29>)) }


 INFO 2016-04-01 14:00:59,706 [main] (ProviderImplCostMonitoring.java:229) - ** Provider: 
prefix idemo: <http://rdf.insee.fr/def/demo#>
prefix igeo: <http://rdf.insee.fr/def/geo#>
select * 
where
{?departement idemo:population ?popLeg . 
?popLeg idemo:populationTotale ?popTotale . 
filter (((((((((((((((?departement = <http://id.insee.fr/geo/departement/35>) || (?departement = <http://id.insee.fr/geo/departement/22>)) || (?departement = <http://id.insee.fr/geo/departement/60>)) || (?departement = <http://id.insee.fr/geo/departement/72>)) || (?departement = <http://id.insee.fr/geo/departement/53>)) || (?departement = <http://id.insee.fr/geo/departement/15>)) || (?departement = <http://id.insee.fr/geo/departement/63>)) || (?departement = <http://id.insee.fr/geo/departement/974>)) || (?departement = <http://id.insee.fr/geo/departement/973>)) || (?departement = <http://id.insee.fr/geo/departement/972>)) || (?departement = <http://id.insee.fr/geo/departement/2A>)) || (?departement = <http://id.insee.fr/geo/departement/971>)) || (?departement = <http://id.insee.fr/geo/departement/66>)) || (?departement = <http://id.insee.fr/geo/departement/11>)) || (?departement = <http://id.insee.fr/geo/departement/34>)) }


 INFO 2016-04-01 14:00:59,815 [main] (Eval.java:1706) - 
	SERVICE in 399ms.  
	FOR [BGP{EDGE{?departement idemo:population ?popLeg} EDGE{?popLeg idemo:populationTotale ?popTotale} }]

 INFO 2016-04-01 14:00:59,821 [main] (TestDQP.java:205) - 54 results in 1201 ms
 INFO 2016-04-01 14:00:59,822 [main] (TestDQP.java:206) - 
01 ?nom = "Creuse"; ?popTotale = 125714; 
02 ?nom = "Territoire de Belfort"; ?popTotale = 147777; 
03 ?nom = "Corse-du-Sud"; ?popTotale = 151621; 
04 ?nom = "Cantal"; ?popTotale = 152797; 
05 ?nom = "Haute-Marne"; ?popTotale = 188083; 
06 ?nom = "Indre"; ?popTotale = 235181; 
07 ?nom = "Hautes-Pyrénées"; ?popTotale = 236728; 
08 ?nom = "Guyane"; ?popTotale = 246507; 
09 ?nom = "Jura"; ?popTotale = 270914; 
10 ?nom = "Aveyron"; ?popTotale = 289257; 
11 ?nom = "Orne"; ?popTotale = 298248; 
12 ?nom = "Aube"; ?popTotale = 314825; 
13 ?nom = "Mayenne"; ?popTotale = 318095; 
14 ?nom = "Charente"; ?popTotale = 366587; 
15 ?nom = "Aude"; ?popTotale = 374868; 
16 ?nom = "Deux-Sèvres"; ?popTotale = 383079; 
17 ?nom = "Martinique"; ?popTotale = 391837; 
18 ?nom = "Guadeloupe"; ?popTotale = 409055; 
19 ?nom = "Dordogne"; ?popTotale = 429579; 
20 ?nom = "Savoie"; ?popTotale = 437915; 
21 ?nom = "Eure-et-Loir"; ?popTotale = 444385; 
22 ?nom = "Pyrénées-Orientales"; ?popTotale = 471573; 
23 ?nom = "Drôme"; ?popTotale = 509444; 
24 ?nom = "Manche"; ?popTotale = 518364; 
25 ?nom = "Côte-d\'Or"; ?popTotale = 543648; 
26 ?nom = "Doubs"; ?popTotale = 548026; 
27 ?nom = "Saône-et-Loire"; ?popTotale = 575097; 
28 ?nom = "Marne"; ?popTotale = 583691; 
29 ?nom = "Sarthe"; ?popTotale = 584865; 
30 ?nom = "Eure"; ?popTotale = 612518; 
31 ?nom = "Indre-et-Loire"; ?popTotale = 615557; 
32 ?nom = "Côtes-d\'Armor"; ?popTotale = 617565; 
33 ?nom = "Charente-Maritime"; ?popTotale = 652610; 
34 ?nom = "Puy-de-Dôme"; ?popTotale = 658489; 
35 ?nom = "Pyrénées-Atlantiques"; ?popTotale = 685564; 
36 ?nom = "Calvados"; ?popTotale = 706635; 
37 ?nom = "Meurthe-et-Moselle"; ?popTotale = 745398; 
38 ?nom = "Loire"; ?popTotale = 774144; 
39 ?nom = "Haute-Savoie"; ?popTotale = 793342; 
40 ?nom = "Oise"; ?popTotale = 835918; 
41 ?nom = "La Réunion"; ?popTotale = 844741; 
42 ?nom = "Finistère"; ?popTotale = 934625; 
43 ?nom = "Ille-et-Vilaine"; ?popTotale = 1047873; 
44 ?nom = "Hérault"; ?popTotale = 1111881; 
45 ?nom = "Isère"; ?popTotale = 1263850; 
46 ?nom = "Essonne"; ?popTotale = 1273233; 
47 ?nom = "Seine-Maritime"; ?popTotale = 1280410; 
48 ?nom = "Seine-et-Marne"; ?popTotale = 1387830; 
49 ?nom = "Yvelines"; ?popTotale = 1446301; 
50 ?nom = "Pas-de-Calais"; ?popTotale = 1491735; 
51 ?nom = "Gironde"; ?popTotale = 1536448; 
52 ?nom = "Rhône"; ?popTotale = 1812196; 
53 ?nom = "Bouches-du-Rhône"; ?popTotale = 2022604; 
54 ?nom = "Paris"; ?popTotale = 2254262; 

 INFO 2016-04-01 14:00:59,823 [main] (TestDQP.java:207) - Remote queries
 INFO 2016-04-01 14:00:59,824 [main] (TestDQP.java:208) - =========
	?region igeo:subdivisionDirecte ?departement
	44
--
	?region igeo:codeRegion ?v
	2
--
	BGP{EDGE{?departement igeo:nom ?nom} }
	2
--
	prefix idemo: <http://rdf.insee.fr/def/demo#> prefix igeo: <http://rdf.insee.fr/def/geo#> select *  where {?departement idemo:population ?popLeg .  ?popLeg idemo:populationTotale ?popTotale .  filter ((((((((((((((((((((?departement = <http://id.insee.fr/geo/departement/75>) || (?departement = <http://id.insee.fr/geo/departement/77>)) || (?departement = <http://id.insee.fr/geo/departement/91>)) || (?departement = <http://id.insee.fr/geo/departement/64>)) || (?departement = <http://id.insee.fr/geo/departement/24>)) || (?departement = <http://id.insee.fr/geo/departement/33>)) || (?departement = <http://id.insee.fr/geo/departement/21>)) || (?departement = <http://id.insee.fr/geo/departement/71>)) || (?departement = <http://id.insee.fr/geo/departement/14>)) || (?departement = <http://id.insee.fr/geo/departement/50>)) || (?departement = <http://id.insee.fr/geo/departement/61>)) || (?departement = <http://id.insee.fr/geo/departement/36>)) || (?departement = <http://id.insee.fr/geo/departement/37>)) || (?departement = <http://id.insee.fr/geo/departement/28>)) || (?departement = <http://id.insee.fr/geo/departement/27>)) || (?departement = <http://id.insee.fr/geo/departement/76>)) || (?departement = <http://id.insee.fr/geo/departement/79>)) || (?departement = <http://id.insee.fr/geo/departement/17>)) || (?departement = <http://id.insee.fr/geo/departement/16>)) || (?departement = <http://id.insee.fr/geo/departement/29>)) }  
	1
--
	prefix idemo: <http://rdf.insee.fr/def/demo#> prefix igeo: <http://rdf.insee.fr/def/geo#> select *  where {?departement idemo:population ?popLeg .  ?popLeg idemo:populationTotale ?popTotale .  filter (((((((((((((((?departement = <http://id.insee.fr/geo/departement/35>) || (?departement = <http://id.insee.fr/geo/departement/22>)) || (?departement = <http://id.insee.fr/geo/departement/60>)) || (?departement = <http://id.insee.fr/geo/departement/72>)) || (?departement = <http://id.insee.fr/geo/departement/53>)) || (?departement = <http://id.insee.fr/geo/departement/15>)) || (?departement = <http://id.insee.fr/geo/departement/63>)) || (?departement = <http://id.insee.fr/geo/departement/974>)) || (?departement = <http://id.insee.fr/geo/departement/973>)) || (?departement = <http://id.insee.fr/geo/departement/972>)) || (?departement = <http://id.insee.fr/geo/departement/2A>)) || (?departement = <http://id.insee.fr/geo/departement/971>)) || (?departement = <http://id.insee.fr/geo/departement/66>)) || (?departement = <http://id.insee.fr/geo/departement/11>)) || (?departement = <http://id.insee.fr/geo/departement/34>)) }  
	1
--
	prefix idemo: <http://rdf.insee.fr/def/demo#> prefix igeo: <http://rdf.insee.fr/def/geo#> select *  where {?departement idemo:population ?popLeg .  ?popLeg idemo:populationTotale ?popTotale .  filter ((((((((((((((((((((?departement = <http://id.insee.fr/geo/departement/38>) || (?departement = <http://id.insee.fr/geo/departement/74>)) || (?departement = <http://id.insee.fr/geo/departement/42>)) || (?departement = <http://id.insee.fr/geo/departement/26>)) || (?departement = <http://id.insee.fr/geo/departement/73>)) || (?departement = <http://id.insee.fr/geo/departement/69>)) || (?departement = <http://id.insee.fr/geo/departement/13>)) || (?departement = <http://id.insee.fr/geo/departement/51>)) || (?departement = <http://id.insee.fr/geo/departement/10>)) || (?departement = <http://id.insee.fr/geo/departement/52>)) || (?departement = <http://id.insee.fr/geo/departement/90>)) || (?departement = <http://id.insee.fr/geo/departement/54>)) || (?departement = <http://id.insee.fr/geo/departement/976>)) || (?departement = <http://id.insee.fr/geo/departement/12>)) || (?departement = <http://id.insee.fr/geo/departement/65>)) || (?departement = <http://id.insee.fr/geo/departement/62>)) || (?departement = <http://id.insee.fr/geo/departement/39>)) || (?departement = <http://id.insee.fr/geo/departement/25>)) || (?departement = <http://id.insee.fr/geo/departement/23>)) || (?departement = <http://id.insee.fr/geo/departement/78>)) }  
	1
--
	BGP{EDGE{?region igeo:codeRegion ?v} EDGE{?region igeo:subdivisionDirecte ?departement} }
	1
--
	>====  Sum = 52  =====

 INFO 2016-04-01 14:00:59,824 [main] (TestDQP.java:209) - Transferred results per query
 INFO 2016-04-01 14:00:59,824 [main] (TestDQP.java:210) - =========
	?region igeo:subdivisionDirecte ?departement
	41
--
	?region igeo:codeRegion ?v
	33
--
	BGP{EDGE{?departement igeo:nom ?nom} }
	57
--
	prefix idemo: <http://rdf.insee.fr/def/demo#> prefix igeo: <http://rdf.insee.fr/def/geo#> select *  where {?departement idemo:population ?popLeg .  ?popLeg idemo:populationTotale ?popTotale .  filter ((((((((((((((((((((?departement = <http://id.insee.fr/geo/departement/75>) || (?departement = <http://id.insee.fr/geo/departement/77>)) || (?departement = <http://id.insee.fr/geo/departement/91>)) || (?departement = <http://id.insee.fr/geo/departement/64>)) || (?departement = <http://id.insee.fr/geo/departement/24>)) || (?departement = <http://id.insee.fr/geo/departement/33>)) || (?departement = <http://id.insee.fr/geo/departement/21>)) || (?departement = <http://id.insee.fr/geo/departement/71>)) || (?departement = <http://id.insee.fr/geo/departement/14>)) || (?departement = <http://id.insee.fr/geo/departement/50>)) || (?departement = <http://id.insee.fr/geo/departement/61>)) || (?departement = <http://id.insee.fr/geo/departement/36>)) || (?departement = <http://id.insee.fr/geo/departement/37>)) || (?departement = <http://id.insee.fr/geo/departement/28>)) || (?departement = <http://id.insee.fr/geo/departement/27>)) || (?departement = <http://id.insee.fr/geo/departement/76>)) || (?departement = <http://id.insee.fr/geo/departement/79>)) || (?departement = <http://id.insee.fr/geo/departement/17>)) || (?departement = <http://id.insee.fr/geo/departement/16>)) || (?departement = <http://id.insee.fr/geo/departement/29>)) }  
	20
--
	prefix idemo: <http://rdf.insee.fr/def/demo#> prefix igeo: <http://rdf.insee.fr/def/geo#> select *  where {?departement idemo:population ?popLeg .  ?popLeg idemo:populationTotale ?popTotale .  filter (((((((((((((((?departement = <http://id.insee.fr/geo/departement/35>) || (?departement = <http://id.insee.fr/geo/departement/22>)) || (?departement = <http://id.insee.fr/geo/departement/60>)) || (?departement = <http://id.insee.fr/geo/departement/72>)) || (?departement = <http://id.insee.fr/geo/departement/53>)) || (?departement = <http://id.insee.fr/geo/departement/15>)) || (?departement = <http://id.insee.fr/geo/departement/63>)) || (?departement = <http://id.insee.fr/geo/departement/974>)) || (?departement = <http://id.insee.fr/geo/departement/973>)) || (?departement = <http://id.insee.fr/geo/departement/972>)) || (?departement = <http://id.insee.fr/geo/departement/2A>)) || (?departement = <http://id.insee.fr/geo/departement/971>)) || (?departement = <http://id.insee.fr/geo/departement/66>)) || (?departement = <http://id.insee.fr/geo/departement/11>)) || (?departement = <http://id.insee.fr/geo/departement/34>)) }  
	15
--
	prefix idemo: <http://rdf.insee.fr/def/demo#> prefix igeo: <http://rdf.insee.fr/def/geo#> select *  where {?departement idemo:population ?popLeg .  ?popLeg idemo:populationTotale ?popTotale .  filter ((((((((((((((((((((?departement = <http://id.insee.fr/geo/departement/38>) || (?departement = <http://id.insee.fr/geo/departement/74>)) || (?departement = <http://id.insee.fr/geo/departement/42>)) || (?departement = <http://id.insee.fr/geo/departement/26>)) || (?departement = <http://id.insee.fr/geo/departement/73>)) || (?departement = <http://id.insee.fr/geo/departement/69>)) || (?departement = <http://id.insee.fr/geo/departement/13>)) || (?departement = <http://id.insee.fr/geo/departement/51>)) || (?departement = <http://id.insee.fr/geo/departement/10>)) || (?departement = <http://id.insee.fr/geo/departement/52>)) || (?departement = <http://id.insee.fr/geo/departement/90>)) || (?departement = <http://id.insee.fr/geo/departement/54>)) || (?departement = <http://id.insee.fr/geo/departement/976>)) || (?departement = <http://id.insee.fr/geo/departement/12>)) || (?departement = <http://id.insee.fr/geo/departement/65>)) || (?departement = <http://id.insee.fr/geo/departement/62>)) || (?departement = <http://id.insee.fr/geo/departement/39>)) || (?departement = <http://id.insee.fr/geo/departement/25>)) || (?departement = <http://id.insee.fr/geo/departement/23>)) || (?departement = <http://id.insee.fr/geo/departement/78>)) }  
	19
--
	BGP{EDGE{?region igeo:codeRegion ?v} EDGE{?region igeo:subdivisionDirecte ?departement} }
	16
--
	>====  Sum = 201  =====

 INFO 2016-04-01 14:00:59,824 [main] (TestDQP.java:211) - Remote queries per data source
 INFO 2016-04-01 14:00:59,824 [main] (TestDQP.java:212) - =========
	http://localhost:8085/sparql
	20
--
	http://localhost:8088/sparql
	3
--
	http://localhost:8086/sparql
	27
--
	http://localhost:8087/sparql
	2
--
	>====  Sum = 52  =====

 INFO 2016-04-01 14:00:59,824 [main] (TestDQP.java:213) - Transferred results per source
 INFO 2016-04-01 14:00:59,824 [main] (TestDQP.java:214) - =========
	http://localhost:8085/sparql
	24
--
	http://localhost:8088/sparql
	54
--
	http://localhost:8086/sparql
	86
--
	http://localhost:8087/sparql
	37
--
	>====  Sum = 201  =====

