 INFO 2016-04-01 13:59:00,198 [main] (ServiceGrouper.java:84) - Building indices for 
 INFO 2016-04-01 13:59:00,201 [main] (ServiceGrouper.java:85) - {?region igeo:codeRegion ?v . 
?region igeo:subdivisionDirecte ?departement . 
?departement igeo:nom ?nom . 
?departement idemo:population ?popLeg . 
?popLeg idemo:populationTotale ?popTotale . }
 INFO 2016-04-01 13:59:00,436 [main] (ServiceGrouper.java:559) - Edge index
 INFO 2016-04-01 13:59:00,437 [main] (ServiceGrouper.java:575) - Source index
 INFO 2016-04-01 13:59:00,438 [main] (ServiceGrouper.java:259) - Found consecutive triple patterns into {?region igeo:codeRegion ?v . 
?region igeo:subdivisionDirecte ?departement . 
?departement igeo:nom ?nom . 
?departement idemo:population ?popLeg . 
?popLeg idemo:populationTotale ?popTotale . }
 INFO 2016-04-01 13:59:00,438 [main] (ServiceGrouper.java:426) - Processing
[?region igeo:codeRegion ?v . , ?region igeo:subdivisionDirecte ?departement . , ?departement igeo:nom ?nom . , ?departement idemo:population ?popLeg . , ?popLeg idemo:populationTotale ?popTotale . ]
 WARN 2016-04-01 13:59:00,438 [main] (ServiceGrouper.java:446) - Triple pattern ?region igeo:codeRegion ?v .  appears in more than one data source, excluded from SERVICE.
 WARN 2016-04-01 13:59:00,439 [main] (ServiceGrouper.java:446) - Triple pattern ?region igeo:subdivisionDirecte ?departement .  appears in more than one data source, excluded from SERVICE.
 WARN 2016-04-01 13:59:00,440 [main] (ServiceGrouper.java:446) - Triple pattern ?region igeo:subdivisionDirecte ?departement .  appears in more than one data source, excluded from SERVICE.
 WARN 2016-04-01 13:59:00,440 [main] (ServiceGrouper.java:446) - Triple pattern ?departement igeo:nom ?nom .  appears in more than one data source, excluded from SERVICE.
 WARN 2016-04-01 13:59:00,440 [main] (ServiceGrouper.java:446) - Triple pattern ?region igeo:codeRegion ?v .  appears in more than one data source, excluded from SERVICE.
 WARN 2016-04-01 13:59:00,440 [main] (ServiceGrouper.java:446) - Triple pattern ?departement igeo:nom ?nom .  appears in more than one data source, excluded from SERVICE.
 INFO 2016-04-01 13:59:00,441 [main] (ServiceGrouper.java:271) - Ranking : 
 INFO 2016-04-01 13:59:00,441 [main] (ServiceGrouper.java:272) - {?region igeo:codeRegion ?v . 
?region igeo:subdivisionDirecte ?departement . 
service <http://localhost:8088/sparql> {?departement idemo:population ?popLeg . 
?popLeg idemo:populationTotale ?popTotale . }
?departement igeo:nom ?nom . }
 INFO 2016-04-01 13:59:00,441 [main] (ServiceGrouper.java:277) - 2 free variables for ?region igeo:codeRegion ?v . 
 INFO 2016-04-01 13:59:00,441 [main] (ServiceGrouper.java:277) - 2 free variables for ?region igeo:subdivisionDirecte ?departement . 
 INFO 2016-04-01 13:59:00,442 [main] (ServiceGrouper.java:277) - 3 free variables for service <http://localhost:8088/sparql> {?departement idemo:population ?popLeg . 
?popLeg idemo:populationTotale ?popTotale . }
 INFO 2016-04-01 13:59:00,442 [main] (ServiceGrouper.java:277) - 2 free variables for ?departement igeo:nom ?nom . 
 INFO 2016-04-01 13:59:00,442 [main] (ServiceGrouper.java:286) - Sorting services possibly with the same score
 WARN 2016-04-01 13:59:00,443 [main] (ServiceGrouper.java:353) - Searching for ?region igeo:codeRegion ?v .  in [?region igeo:codeRegion ?v . , ?region igeo:subdivisionDirecte ?departement . , ?departement igeo:nom ?nom . , ?departement idemo:population ?popLeg . , ?popLeg idemo:populationTotale ?popTotale . ]
 WARN 2016-04-01 13:59:00,443 [main] (ServiceGrouper.java:353) - Searching for ?departement igeo:nom ?nom .  in [?region igeo:codeRegion ?v . , ?region igeo:subdivisionDirecte ?departement . , ?departement igeo:nom ?nom . , ?departement idemo:population ?popLeg . , ?popLeg idemo:populationTotale ?popTotale . ]
 INFO 2016-04-01 13:59:00,444 [main] (ServiceGrouper.java:328) - Comparing : ?region igeo:codeRegion ?v .  with ?departement igeo:nom ?nom . 
 WARN 2016-04-01 13:59:00,444 [main] (ServiceGrouper.java:353) - Searching for ?region igeo:subdivisionDirecte ?departement .  in [?region igeo:codeRegion ?v . , ?region igeo:subdivisionDirecte ?departement . , ?departement igeo:nom ?nom . , ?departement idemo:population ?popLeg . , ?popLeg idemo:populationTotale ?popTotale . ]
 WARN 2016-04-01 13:59:00,445 [main] (ServiceGrouper.java:353) - Searching for ?region igeo:codeRegion ?v .  in [?region igeo:codeRegion ?v . , ?region igeo:subdivisionDirecte ?departement . , ?departement igeo:nom ?nom . , ?departement idemo:population ?popLeg . , ?popLeg idemo:populationTotale ?popTotale . ]
 INFO 2016-04-01 13:59:00,445 [main] (ServiceGrouper.java:328) - Comparing : ?region igeo:subdivisionDirecte ?departement .  with ?region igeo:codeRegion ?v . 
 WARN 2016-04-01 13:59:00,445 [main] (ServiceGrouper.java:353) - Searching for ?region igeo:subdivisionDirecte ?departement .  in [?region igeo:codeRegion ?v . , ?region igeo:subdivisionDirecte ?departement . , ?departement igeo:nom ?nom . , ?departement idemo:population ?popLeg . , ?popLeg idemo:populationTotale ?popTotale . ]
 WARN 2016-04-01 13:59:00,445 [main] (ServiceGrouper.java:353) - Searching for ?departement igeo:nom ?nom .  in [?region igeo:codeRegion ?v . , ?region igeo:subdivisionDirecte ?departement . , ?departement igeo:nom ?nom . , ?departement idemo:population ?popLeg . , ?popLeg idemo:populationTotale ?popTotale . ]
 INFO 2016-04-01 13:59:00,446 [main] (ServiceGrouper.java:328) - Comparing : ?region igeo:subdivisionDirecte ?departement .  with ?departement igeo:nom ?nom . 
 WARN 2016-04-01 13:59:00,446 [main] (ServiceGrouper.java:353) - Searching for ?region igeo:subdivisionDirecte ?departement .  in [?region igeo:codeRegion ?v . , ?region igeo:subdivisionDirecte ?departement . , ?departement igeo:nom ?nom . , ?departement idemo:population ?popLeg . , ?popLeg idemo:populationTotale ?popTotale . ]
 WARN 2016-04-01 13:59:00,446 [main] (ServiceGrouper.java:353) - Searching for ?region igeo:codeRegion ?v .  in [?region igeo:codeRegion ?v . , ?region igeo:subdivisionDirecte ?departement . , ?departement igeo:nom ?nom . , ?departement idemo:population ?popLeg . , ?popLeg idemo:populationTotale ?popTotale . ]
 INFO 2016-04-01 13:59:00,446 [main] (ServiceGrouper.java:328) - Comparing : ?region igeo:subdivisionDirecte ?departement .  with ?region igeo:codeRegion ?v . 
 INFO 2016-04-01 13:59:00,447 [main] (ServiceGrouper.java:340) - {?region igeo:codeRegion ?v . 
?region igeo:subdivisionDirecte ?departement . 
?departement igeo:nom ?nom . 
service <http://localhost:8088/sparql> {?departement idemo:population ?popLeg . 
?popLeg idemo:populationTotale ?popTotale . }}
 INFO 2016-04-01 13:59:00,447 [main] (ServiceGrouper.java:118) - Final rewritten query
 INFO 2016-04-01 13:59:00,447 [main] (ServiceGrouper.java:119) - prefix idemo: <http://rdf.insee.fr/def/demo#>
prefix igeo: <http://rdf.insee.fr/def/geo#>
select ?nom ?popTotale 
where
{?region igeo:codeRegion ?v . 
?region igeo:subdivisionDirecte ?departement . 
?departement igeo:nom ?nom . 
service <http://localhost:8088/sparql> {?departement idemo:population ?popLeg . 
?popLeg idemo:populationTotale ?popTotale . }}
order by ?popTotale 


 INFO 2016-04-01 13:59:00,449 [main] (ServiceGrouper.java:57) - Building predicates indices for AND{EDGE{?region igeo:codeRegion ?v} EDGE{?region igeo:subdivisionDirecte ?departement} EDGE{?departement igeo:nom ?nom} SERVICE{NODE{<http://localhost:8088/sparql> } select [NODE{?departement }, NODE{?popLeg }, NODE{?popTotale }]
QUERY{AND{EDGE{?departement idemo:population ?popLeg} EDGE{?popLeg idemo:populationTotale ?popTotale} } } } }
 INFO 2016-04-01 13:59:00,450 [main] (ServiceGrouper.java:57) - Building predicates indices for AND{EDGE{?departement idemo:population ?popLeg} EDGE{?popLeg idemo:populationTotale ?popTotale} }
 INFO 2016-04-01 13:59:00,450 [main] (ServiceGrouper.java:65) - END of building index!
 INFO 2016-04-01 13:59:00,450 [main] (ServiceGrouper.java:65) - END of building index!
 INFO 2016-04-01 13:59:00,467 [main] (ParallelMetaProducerLessBlocking.java:214) - Searching for BGP : BGP{EDGE{?region igeo:codeRegion ?v} EDGE{?region igeo:subdivisionDirecte ?departement} }
 INFO 2016-04-01 13:59:00,471 [pool-1-thread-1] (CallableResult.java:56) - CallableResult for GetMappings
 INFO 2016-04-01 13:59:00,473 [pool-1-thread-1] (RemoteQueryOptimizerFull.java:144) - BGP QUERY: 
 SELECT * WHERE { 
	 ?region igeo:codeRegion ?v . 
 	 ?region igeo:subdivisionDirecte ?departement . 
 } 
 INFO 2016-04-01 13:59:00,499 [pool-1-thread-1] (CallableResult.java:59) - RESULTS: 16 FROM http://localhost:8085/sparql
 INFO 2016-04-01 13:59:00,499 [pool-1-thread-1] (CallableResult.java:63) - Finished CallableResult in 29 ms.
 INFO 2016-04-01 13:59:00,500 [main] (ParallelMetaProducerLessBlocking.java:255) - Global results retrieved in getMappings 30ms.
 INFO 2016-04-01 13:59:00,500 [main] (Eval.java:1660) - 
	GET MAPPINGS in 37ms.
	 FOR BGP{EDGE{?region igeo:codeRegion ?v} EDGE{?region igeo:subdivisionDirecte ?departement} }

 INFO 2016-04-01 13:59:00,501 [main] (ParallelMetaProducerLessBlocking.java:61) - Searching for edge : ?region igeo:codeRegion ?v
 INFO 2016-04-01 13:59:00,501 [pool-2-thread-1] (CallableResult.java:52) - CallableResult for GetEdge
 INFO 2016-04-01 13:59:00,501 [pool-2-thread-2] (CallableResult.java:52) - CallableResult for GetEdge
 INFO 2016-04-01 13:59:00,666 [pool-2-thread-1] (CallableResult.java:63) - Finished CallableResult in 165 ms.
 INFO 2016-04-01 13:59:00,718 [pool-2-thread-2] (CallableResult.java:63) - Finished CallableResult in 217 ms.
 INFO 2016-04-01 13:59:00,726 [main] (ParallelMetaProducerLessBlocking.java:193) - Global results retrieved in getEdges 224ms.
 INFO 2016-04-01 13:59:00,727 [main] (ParallelMetaProducerLessBlocking.java:61) - Searching for edge : ?region igeo:subdivisionDirecte ?departement
 INFO 2016-04-01 13:59:00,727 [pool-3-thread-1] (CallableResult.java:52) - CallableResult for GetEdge
 INFO 2016-04-01 13:59:00,747 [pool-3-thread-1] (CallableResult.java:63) - Finished CallableResult in 20 ms.
 INFO 2016-04-01 13:59:00,748 [main] (ParallelMetaProducerLessBlocking.java:193) - Global results retrieved in getEdges 21ms.
 INFO 2016-04-01 13:59:00,748 [main] (Eval.java:2158) - 
	Get EDGE in 22ms.  
	FOR EDGE{?region igeo:subdivisionDirecte ?departement}

 INFO 2016-04-01 13:59:00,748 [main] (ParallelMetaProducerLessBlocking.java:61) - Searching for edge : ?region igeo:subdivisionDirecte ?departement
 INFO 2016-04-01 13:59:00,749 [pool-4-thread-1] (CallableResult.java:52) - CallableResult for GetEdge
 INFO 2016-04-01 13:59:00,754 [pool-4-thread-1] (CallableResult.java:63) - Finished CallableResult in 5 ms.
 INFO 2016-04-01 13:59:00,754 [main] (ParallelMetaProducerLessBlocking.java:193) - Global results retrieved in getEdges 5ms.
 INFO 2016-04-01 13:59:00,755 [main] (Eval.java:2158) - 
	Get EDGE in 7ms.  
	FOR EDGE{?region igeo:subdivisionDirecte ?departement}

 INFO 2016-04-01 13:59:00,755 [main] (ParallelMetaProducerLessBlocking.java:61) - Searching for edge : ?region igeo:subdivisionDirecte ?departement
 INFO 2016-04-01 13:59:00,756 [pool-5-thread-1] (CallableResult.java:52) - CallableResult for GetEdge
 INFO 2016-04-01 13:59:00,762 [pool-5-thread-1] (CallableResult.java:63) - Finished CallableResult in 6 ms.
 INFO 2016-04-01 13:59:00,762 [main] (ParallelMetaProducerLessBlocking.java:193) - Global results retrieved in getEdges 7ms.
 INFO 2016-04-01 13:59:00,763 [main] (Eval.java:2158) - 
	Get EDGE in 8ms.  
	FOR EDGE{?region igeo:subdivisionDirecte ?departement}

 INFO 2016-04-01 13:59:00,763 [main] (ParallelMetaProducerLessBlocking.java:61) - Searching for edge : ?region igeo:subdivisionDirecte ?departement
 INFO 2016-04-01 13:59:00,763 [pool-6-thread-1] (CallableResult.java:52) - CallableResult for GetEdge
 INFO 2016-04-01 13:59:00,769 [pool-6-thread-1] (CallableResult.java:63) - Finished CallableResult in 6 ms.
 INFO 2016-04-01 13:59:00,771 [main] (ParallelMetaProducerLessBlocking.java:193) - Global results retrieved in getEdges 8ms.
 INFO 2016-04-01 13:59:00,772 [main] (Eval.java:2158) - 
	Get EDGE in 9ms.  
	FOR EDGE{?region igeo:subdivisionDirecte ?departement}

 INFO 2016-04-01 13:59:00,772 [main] (ParallelMetaProducerLessBlocking.java:61) - Searching for edge : ?region igeo:subdivisionDirecte ?departement
 INFO 2016-04-01 13:59:00,772 [pool-7-thread-1] (CallableResult.java:52) - CallableResult for GetEdge
 INFO 2016-04-01 13:59:00,778 [pool-7-thread-1] (CallableResult.java:63) - Finished CallableResult in 6 ms.
 INFO 2016-04-01 13:59:00,779 [main] (ParallelMetaProducerLessBlocking.java:193) - Global results retrieved in getEdges 6ms.
 INFO 2016-04-01 13:59:00,779 [main] (Eval.java:2158) - 
	Get EDGE in 7ms.  
	FOR EDGE{?region igeo:subdivisionDirecte ?departement}

 INFO 2016-04-01 13:59:00,779 [main] (ParallelMetaProducerLessBlocking.java:61) - Searching for edge : ?region igeo:subdivisionDirecte ?departement
 INFO 2016-04-01 13:59:00,779 [pool-8-thread-1] (CallableResult.java:52) - CallableResult for GetEdge
 INFO 2016-04-01 13:59:00,810 [pool-8-thread-1] (CallableResult.java:63) - Finished CallableResult in 31 ms.
 INFO 2016-04-01 13:59:00,810 [main] (ParallelMetaProducerLessBlocking.java:193) - Global results retrieved in getEdges 31ms.
 INFO 2016-04-01 13:59:00,810 [main] (Eval.java:2158) - 
	Get EDGE in 31ms.  
	FOR EDGE{?region igeo:subdivisionDirecte ?departement}

 INFO 2016-04-01 13:59:00,810 [main] (ParallelMetaProducerLessBlocking.java:61) - Searching for edge : ?region igeo:subdivisionDirecte ?departement
 INFO 2016-04-01 13:59:00,811 [pool-9-thread-1] (CallableResult.java:52) - CallableResult for GetEdge
 INFO 2016-04-01 13:59:00,817 [pool-9-thread-1] (CallableResult.java:63) - Finished CallableResult in 6 ms.
 INFO 2016-04-01 13:59:00,818 [main] (ParallelMetaProducerLessBlocking.java:193) - Global results retrieved in getEdges 7ms.
 INFO 2016-04-01 13:59:00,818 [main] (Eval.java:2158) - 
	Get EDGE in 8ms.  
	FOR EDGE{?region igeo:subdivisionDirecte ?departement}

 INFO 2016-04-01 13:59:00,818 [main] (ParallelMetaProducerLessBlocking.java:61) - Searching for edge : ?region igeo:subdivisionDirecte ?departement
 INFO 2016-04-01 13:59:00,818 [pool-10-thread-1] (CallableResult.java:52) - CallableResult for GetEdge
 INFO 2016-04-01 13:59:00,830 [pool-10-thread-1] (CallableResult.java:63) - Finished CallableResult in 12 ms.
 INFO 2016-04-01 13:59:00,831 [main] (ParallelMetaProducerLessBlocking.java:193) - Global results retrieved in getEdges 13ms.
 INFO 2016-04-01 13:59:00,831 [main] (Eval.java:2158) - 
	Get EDGE in 13ms.  
	FOR EDGE{?region igeo:subdivisionDirecte ?departement}

 INFO 2016-04-01 13:59:00,831 [main] (ParallelMetaProducerLessBlocking.java:61) - Searching for edge : ?region igeo:subdivisionDirecte ?departement
 INFO 2016-04-01 13:59:00,831 [pool-11-thread-1] (CallableResult.java:52) - CallableResult for GetEdge
 INFO 2016-04-01 13:59:00,832 [pool-11-thread-2] (CallableResult.java:52) - CallableResult for GetEdge
 INFO 2016-04-01 13:59:00,838 [pool-11-thread-1] (CallableResult.java:63) - Finished CallableResult in 7 ms.
 INFO 2016-04-01 13:59:00,845 [pool-11-thread-2] (CallableResult.java:63) - Finished CallableResult in 13 ms.
 INFO 2016-04-01 13:59:00,846 [main] (ParallelMetaProducerLessBlocking.java:193) - Global results retrieved in getEdges 15ms.
 INFO 2016-04-01 13:59:00,846 [main] (Eval.java:2158) - 
	Get EDGE in 15ms.  
	FOR EDGE{?region igeo:subdivisionDirecte ?departement}

 INFO 2016-04-01 13:59:00,846 [main] (ParallelMetaProducerLessBlocking.java:61) - Searching for edge : ?region igeo:subdivisionDirecte ?departement
 INFO 2016-04-01 13:59:00,847 [pool-12-thread-1] (CallableResult.java:52) - CallableResult for GetEdge
 INFO 2016-04-01 13:59:00,847 [pool-12-thread-2] (CallableResult.java:52) - CallableResult for GetEdge
 INFO 2016-04-01 13:59:00,852 [pool-12-thread-1] (CallableResult.java:63) - Finished CallableResult in 5 ms.
 INFO 2016-04-01 13:59:00,863 [pool-12-thread-2] (CallableResult.java:63) - Finished CallableResult in 16 ms.
 INFO 2016-04-01 13:59:00,863 [main] (ParallelMetaProducerLessBlocking.java:193) - Global results retrieved in getEdges 16ms.
 INFO 2016-04-01 13:59:00,863 [main] (Eval.java:2158) - 
	Get EDGE in 17ms.  
	FOR EDGE{?region igeo:subdivisionDirecte ?departement}

 INFO 2016-04-01 13:59:00,864 [main] (ParallelMetaProducerLessBlocking.java:61) - Searching for edge : ?region igeo:subdivisionDirecte ?departement
 INFO 2016-04-01 13:59:00,864 [pool-13-thread-1] (CallableResult.java:52) - CallableResult for GetEdge
 INFO 2016-04-01 13:59:00,867 [pool-13-thread-2] (CallableResult.java:52) - CallableResult for GetEdge
 INFO 2016-04-01 13:59:00,871 [pool-13-thread-1] (CallableResult.java:63) - Finished CallableResult in 7 ms.
 INFO 2016-04-01 13:59:00,880 [pool-13-thread-2] (CallableResult.java:63) - Finished CallableResult in 13 ms.
 INFO 2016-04-01 13:59:00,881 [main] (ParallelMetaProducerLessBlocking.java:193) - Global results retrieved in getEdges 17ms.
 INFO 2016-04-01 13:59:00,881 [main] (Eval.java:2158) - 
	Get EDGE in 17ms.  
	FOR EDGE{?region igeo:subdivisionDirecte ?departement}

 INFO 2016-04-01 13:59:00,881 [main] (ParallelMetaProducerLessBlocking.java:61) - Searching for edge : ?region igeo:subdivisionDirecte ?departement
 INFO 2016-04-01 13:59:00,881 [pool-14-thread-2] (CallableResult.java:52) - CallableResult for GetEdge
 INFO 2016-04-01 13:59:00,881 [pool-14-thread-1] (CallableResult.java:52) - CallableResult for GetEdge
 INFO 2016-04-01 13:59:00,886 [pool-14-thread-1] (CallableResult.java:63) - Finished CallableResult in 5 ms.
 INFO 2016-04-01 13:59:00,889 [pool-14-thread-2] (CallableResult.java:63) - Finished CallableResult in 8 ms.
 INFO 2016-04-01 13:59:00,890 [main] (ParallelMetaProducerLessBlocking.java:193) - Global results retrieved in getEdges 9ms.
 INFO 2016-04-01 13:59:00,890 [main] (Eval.java:2158) - 
	Get EDGE in 9ms.  
	FOR EDGE{?region igeo:subdivisionDirecte ?departement}

 INFO 2016-04-01 13:59:00,890 [main] (ParallelMetaProducerLessBlocking.java:61) - Searching for edge : ?region igeo:subdivisionDirecte ?departement
 INFO 2016-04-01 13:59:00,890 [pool-15-thread-1] (CallableResult.java:52) - CallableResult for GetEdge
 INFO 2016-04-01 13:59:00,890 [pool-15-thread-2] (CallableResult.java:52) - CallableResult for GetEdge
 INFO 2016-04-01 13:59:00,895 [pool-15-thread-1] (CallableResult.java:63) - Finished CallableResult in 5 ms.
 INFO 2016-04-01 13:59:00,901 [pool-15-thread-2] (CallableResult.java:63) - Finished CallableResult in 11 ms.
 INFO 2016-04-01 13:59:00,901 [main] (ParallelMetaProducerLessBlocking.java:193) - Global results retrieved in getEdges 11ms.
 INFO 2016-04-01 13:59:00,902 [main] (Eval.java:2158) - 
	Get EDGE in 12ms.  
	FOR EDGE{?region igeo:subdivisionDirecte ?departement}

 INFO 2016-04-01 13:59:00,902 [main] (ParallelMetaProducerLessBlocking.java:61) - Searching for edge : ?region igeo:subdivisionDirecte ?departement
 INFO 2016-04-01 13:59:00,902 [pool-16-thread-1] (CallableResult.java:52) - CallableResult for GetEdge
 INFO 2016-04-01 13:59:00,902 [pool-16-thread-2] (CallableResult.java:52) - CallableResult for GetEdge
 INFO 2016-04-01 13:59:00,907 [pool-16-thread-1] (CallableResult.java:63) - Finished CallableResult in 5 ms.
 INFO 2016-04-01 13:59:00,913 [pool-16-thread-2] (CallableResult.java:63) - Finished CallableResult in 11 ms.
 INFO 2016-04-01 13:59:00,913 [main] (ParallelMetaProducerLessBlocking.java:193) - Global results retrieved in getEdges 11ms.
 INFO 2016-04-01 13:59:00,914 [main] (Eval.java:2158) - 
	Get EDGE in 12ms.  
	FOR EDGE{?region igeo:subdivisionDirecte ?departement}

 INFO 2016-04-01 13:59:00,914 [main] (ParallelMetaProducerLessBlocking.java:61) - Searching for edge : ?region igeo:subdivisionDirecte ?departement
 INFO 2016-04-01 13:59:00,914 [pool-17-thread-1] (CallableResult.java:52) - CallableResult for GetEdge
 INFO 2016-04-01 13:59:00,914 [pool-17-thread-2] (CallableResult.java:52) - CallableResult for GetEdge
 INFO 2016-04-01 13:59:00,921 [pool-17-thread-1] (CallableResult.java:63) - Finished CallableResult in 7 ms.
 INFO 2016-04-01 13:59:00,926 [pool-17-thread-2] (CallableResult.java:63) - Finished CallableResult in 12 ms.
 INFO 2016-04-01 13:59:00,926 [main] (ParallelMetaProducerLessBlocking.java:193) - Global results retrieved in getEdges 12ms.
 INFO 2016-04-01 13:59:00,927 [main] (Eval.java:2158) - 
	Get EDGE in 13ms.  
	FOR EDGE{?region igeo:subdivisionDirecte ?departement}

 INFO 2016-04-01 13:59:00,927 [main] (ParallelMetaProducerLessBlocking.java:61) - Searching for edge : ?region igeo:subdivisionDirecte ?departement
 INFO 2016-04-01 13:59:00,928 [pool-18-thread-1] (CallableResult.java:52) - CallableResult for GetEdge
 INFO 2016-04-01 13:59:00,928 [pool-18-thread-2] (CallableResult.java:52) - CallableResult for GetEdge
 INFO 2016-04-01 13:59:00,934 [pool-18-thread-1] (CallableResult.java:63) - Finished CallableResult in 6 ms.
 INFO 2016-04-01 13:59:00,941 [pool-18-thread-2] (CallableResult.java:63) - Finished CallableResult in 13 ms.
 INFO 2016-04-01 13:59:00,942 [main] (ParallelMetaProducerLessBlocking.java:193) - Global results retrieved in getEdges 14ms.
 INFO 2016-04-01 13:59:00,942 [main] (Eval.java:2158) - 
	Get EDGE in 15ms.  
	FOR EDGE{?region igeo:subdivisionDirecte ?departement}

 INFO 2016-04-01 13:59:00,942 [main] (ParallelMetaProducerLessBlocking.java:61) - Searching for edge : ?region igeo:subdivisionDirecte ?departement
 INFO 2016-04-01 13:59:00,942 [pool-19-thread-1] (CallableResult.java:52) - CallableResult for GetEdge
 INFO 2016-04-01 13:59:00,942 [pool-19-thread-2] (CallableResult.java:52) - CallableResult for GetEdge
 INFO 2016-04-01 13:59:00,947 [pool-19-thread-1] (CallableResult.java:63) - Finished CallableResult in 5 ms.
 INFO 2016-04-01 13:59:00,953 [pool-19-thread-2] (CallableResult.java:63) - Finished CallableResult in 11 ms.
 INFO 2016-04-01 13:59:00,953 [main] (ParallelMetaProducerLessBlocking.java:193) - Global results retrieved in getEdges 11ms.
 INFO 2016-04-01 13:59:00,953 [main] (Eval.java:2158) - 
	Get EDGE in 11ms.  
	FOR EDGE{?region igeo:subdivisionDirecte ?departement}

 INFO 2016-04-01 13:59:00,953 [main] (ParallelMetaProducerLessBlocking.java:61) - Searching for edge : ?region igeo:subdivisionDirecte ?departement
 INFO 2016-04-01 13:59:00,954 [pool-20-thread-1] (CallableResult.java:52) - CallableResult for GetEdge
 INFO 2016-04-01 13:59:00,954 [pool-20-thread-2] (CallableResult.java:52) - CallableResult for GetEdge
 INFO 2016-04-01 13:59:00,959 [pool-20-thread-1] (CallableResult.java:63) - Finished CallableResult in 5 ms.
 INFO 2016-04-01 13:59:00,963 [pool-20-thread-2] (CallableResult.java:63) - Finished CallableResult in 9 ms.
 INFO 2016-04-01 13:59:00,963 [main] (ParallelMetaProducerLessBlocking.java:193) - Global results retrieved in getEdges 9ms.
 INFO 2016-04-01 13:59:00,963 [main] (Eval.java:2158) - 
	Get EDGE in 10ms.  
	FOR EDGE{?region igeo:subdivisionDirecte ?departement}

 INFO 2016-04-01 13:59:00,963 [main] (ParallelMetaProducerLessBlocking.java:61) - Searching for edge : ?region igeo:subdivisionDirecte ?departement
 INFO 2016-04-01 13:59:00,964 [pool-21-thread-1] (CallableResult.java:52) - CallableResult for GetEdge
 INFO 2016-04-01 13:59:00,964 [pool-21-thread-2] (CallableResult.java:52) - CallableResult for GetEdge
 INFO 2016-04-01 13:59:00,970 [pool-21-thread-1] (CallableResult.java:63) - Finished CallableResult in 6 ms.
 INFO 2016-04-01 13:59:00,975 [pool-21-thread-2] (CallableResult.java:63) - Finished CallableResult in 11 ms.
 INFO 2016-04-01 13:59:00,975 [main] (ParallelMetaProducerLessBlocking.java:193) - Global results retrieved in getEdges 11ms.
 INFO 2016-04-01 13:59:00,976 [main] (Eval.java:2158) - 
	Get EDGE in 13ms.  
	FOR EDGE{?region igeo:subdivisionDirecte ?departement}

 INFO 2016-04-01 13:59:00,976 [main] (ParallelMetaProducerLessBlocking.java:61) - Searching for edge : ?region igeo:subdivisionDirecte ?departement
 INFO 2016-04-01 13:59:00,977 [pool-22-thread-1] (CallableResult.java:52) - CallableResult for GetEdge
 INFO 2016-04-01 13:59:00,977 [pool-22-thread-2] (CallableResult.java:52) - CallableResult for GetEdge
 INFO 2016-04-01 13:59:00,982 [pool-22-thread-1] (CallableResult.java:63) - Finished CallableResult in 5 ms.
 INFO 2016-04-01 13:59:00,986 [pool-22-thread-2] (CallableResult.java:63) - Finished CallableResult in 9 ms.
 INFO 2016-04-01 13:59:00,987 [main] (ParallelMetaProducerLessBlocking.java:193) - Global results retrieved in getEdges 10ms.
 INFO 2016-04-01 13:59:00,987 [main] (Eval.java:2158) - 
	Get EDGE in 11ms.  
	FOR EDGE{?region igeo:subdivisionDirecte ?departement}

 INFO 2016-04-01 13:59:00,987 [main] (ParallelMetaProducerLessBlocking.java:61) - Searching for edge : ?region igeo:subdivisionDirecte ?departement
 INFO 2016-04-01 13:59:00,988 [pool-23-thread-1] (CallableResult.java:52) - CallableResult for GetEdge
 INFO 2016-04-01 13:59:00,988 [pool-23-thread-2] (CallableResult.java:52) - CallableResult for GetEdge
 INFO 2016-04-01 13:59:00,994 [pool-23-thread-1] (CallableResult.java:63) - Finished CallableResult in 6 ms.
 INFO 2016-04-01 13:59:00,997 [pool-23-thread-2] (CallableResult.java:63) - Finished CallableResult in 9 ms.
 INFO 2016-04-01 13:59:00,997 [main] (ParallelMetaProducerLessBlocking.java:193) - Global results retrieved in getEdges 9ms.
 INFO 2016-04-01 13:59:00,997 [main] (Eval.java:2158) - 
	Get EDGE in 10ms.  
	FOR EDGE{?region igeo:subdivisionDirecte ?departement}

 INFO 2016-04-01 13:59:00,998 [main] (ParallelMetaProducerLessBlocking.java:61) - Searching for edge : ?region igeo:subdivisionDirecte ?departement
 INFO 2016-04-01 13:59:00,998 [pool-24-thread-1] (CallableResult.java:52) - CallableResult for GetEdge
 INFO 2016-04-01 13:59:00,998 [pool-24-thread-2] (CallableResult.java:52) - CallableResult for GetEdge
 INFO 2016-04-01 13:59:01,004 [pool-24-thread-1] (CallableResult.java:63) - Finished CallableResult in 6 ms.
 INFO 2016-04-01 13:59:01,006 [pool-24-thread-2] (CallableResult.java:63) - Finished CallableResult in 8 ms.
 INFO 2016-04-01 13:59:01,006 [main] (ParallelMetaProducerLessBlocking.java:193) - Global results retrieved in getEdges 8ms.
 INFO 2016-04-01 13:59:01,006 [main] (Eval.java:2158) - 
	Get EDGE in 8ms.  
	FOR EDGE{?region igeo:subdivisionDirecte ?departement}

 INFO 2016-04-01 13:59:01,006 [main] (ParallelMetaProducerLessBlocking.java:61) - Searching for edge : ?region igeo:subdivisionDirecte ?departement
 INFO 2016-04-01 13:59:01,007 [pool-25-thread-1] (CallableResult.java:52) - CallableResult for GetEdge
 INFO 2016-04-01 13:59:01,007 [pool-25-thread-2] (CallableResult.java:52) - CallableResult for GetEdge
 INFO 2016-04-01 13:59:01,012 [pool-25-thread-1] (CallableResult.java:63) - Finished CallableResult in 5 ms.
 INFO 2016-04-01 13:59:01,015 [pool-25-thread-2] (CallableResult.java:63) - Finished CallableResult in 8 ms.
 INFO 2016-04-01 13:59:01,015 [main] (ParallelMetaProducerLessBlocking.java:193) - Global results retrieved in getEdges 8ms.
 INFO 2016-04-01 13:59:01,015 [main] (Eval.java:2158) - 
	Get EDGE in 9ms.  
	FOR EDGE{?region igeo:subdivisionDirecte ?departement}

 INFO 2016-04-01 13:59:01,016 [main] (ParallelMetaProducerLessBlocking.java:61) - Searching for edge : ?region igeo:subdivisionDirecte ?departement
 INFO 2016-04-01 13:59:01,016 [pool-26-thread-1] (CallableResult.java:52) - CallableResult for GetEdge
 INFO 2016-04-01 13:59:01,016 [pool-26-thread-2] (CallableResult.java:52) - CallableResult for GetEdge
 INFO 2016-04-01 13:59:01,021 [pool-26-thread-1] (CallableResult.java:63) - Finished CallableResult in 5 ms.
 INFO 2016-04-01 13:59:01,023 [pool-26-thread-2] (CallableResult.java:63) - Finished CallableResult in 7 ms.
 INFO 2016-04-01 13:59:01,023 [main] (ParallelMetaProducerLessBlocking.java:193) - Global results retrieved in getEdges 7ms.
 INFO 2016-04-01 13:59:01,023 [main] (Eval.java:2158) - 
	Get EDGE in 7ms.  
	FOR EDGE{?region igeo:subdivisionDirecte ?departement}

 INFO 2016-04-01 13:59:01,024 [main] (ParallelMetaProducerLessBlocking.java:61) - Searching for edge : ?region igeo:subdivisionDirecte ?departement
 INFO 2016-04-01 13:59:01,024 [pool-27-thread-1] (CallableResult.java:52) - CallableResult for GetEdge
 INFO 2016-04-01 13:59:01,024 [pool-27-thread-2] (CallableResult.java:52) - CallableResult for GetEdge
 INFO 2016-04-01 13:59:01,028 [pool-27-thread-1] (CallableResult.java:63) - Finished CallableResult in 4 ms.
 INFO 2016-04-01 13:59:01,030 [pool-27-thread-2] (CallableResult.java:63) - Finished CallableResult in 6 ms.
 INFO 2016-04-01 13:59:01,030 [main] (ParallelMetaProducerLessBlocking.java:193) - Global results retrieved in getEdges 6ms.
 INFO 2016-04-01 13:59:01,030 [main] (Eval.java:2158) - 
	Get EDGE in 7ms.  
	FOR EDGE{?region igeo:subdivisionDirecte ?departement}

 INFO 2016-04-01 13:59:01,030 [main] (ParallelMetaProducerLessBlocking.java:61) - Searching for edge : ?region igeo:subdivisionDirecte ?departement
 INFO 2016-04-01 13:59:01,031 [pool-28-thread-1] (CallableResult.java:52) - CallableResult for GetEdge
 INFO 2016-04-01 13:59:01,031 [pool-28-thread-2] (CallableResult.java:52) - CallableResult for GetEdge
 INFO 2016-04-01 13:59:01,035 [pool-28-thread-1] (CallableResult.java:63) - Finished CallableResult in 4 ms.
 INFO 2016-04-01 13:59:01,042 [pool-28-thread-2] (CallableResult.java:63) - Finished CallableResult in 11 ms.
 INFO 2016-04-01 13:59:01,042 [main] (ParallelMetaProducerLessBlocking.java:193) - Global results retrieved in getEdges 11ms.
 INFO 2016-04-01 13:59:01,042 [main] (Eval.java:2158) - 
	Get EDGE in 12ms.  
	FOR EDGE{?region igeo:subdivisionDirecte ?departement}

 INFO 2016-04-01 13:59:01,042 [main] (Eval.java:2158) - 
	Get EDGE in 541ms.  
	FOR EDGE{?region igeo:codeRegion ?v}

 INFO 2016-04-01 13:59:01,043 [main] (ParallelMetaProducerLessBlocking.java:214) - Searching for BGP : BGP{EDGE{?departement igeo:nom ?nom} }
 INFO 2016-04-01 13:59:01,043 [pool-29-thread-1] (CallableResult.java:56) - CallableResult for GetMappings
 INFO 2016-04-01 13:59:01,043 [pool-29-thread-2] (CallableResult.java:56) - CallableResult for GetMappings
 INFO 2016-04-01 13:59:01,043 [pool-29-thread-1] (RemoteQueryOptimizerFull.java:144) - BGP QUERY: 
 SELECT * WHERE { 
	 ?departement igeo:nom ?nom . 
 } 
 INFO 2016-04-01 13:59:01,043 [pool-29-thread-2] (RemoteQueryOptimizerFull.java:144) - BGP QUERY: 
 SELECT * WHERE { 
	 ?departement igeo:nom ?nom . 
 } 
 INFO 2016-04-01 13:59:01,059 [pool-29-thread-2] (CallableResult.java:59) - RESULTS: 12 FROM http://localhost:8087/sparql
 INFO 2016-04-01 13:59:01,060 [pool-29-thread-2] (CallableResult.java:63) - Finished CallableResult in 17 ms.
 INFO 2016-04-01 13:59:01,062 [pool-29-thread-1] (CallableResult.java:59) - RESULTS: 45 FROM http://localhost:8086/sparql
 INFO 2016-04-01 13:59:01,062 [pool-29-thread-1] (CallableResult.java:63) - Finished CallableResult in 19 ms.
 INFO 2016-04-01 13:59:01,064 [main] (ParallelMetaProducerLessBlocking.java:255) - Global results retrieved in getMappings 21ms.
 INFO 2016-04-01 13:59:01,065 [main] (Eval.java:1660) - 
	GET MAPPINGS in 22ms.
	 FOR BGP{EDGE{?departement igeo:nom ?nom} }

 INFO 2016-04-01 13:59:01,071 [main] (ProviderImplCostMonitoring.java:229) - ** Provider: 
prefix idemo: <http://rdf.insee.fr/def/demo#>
prefix igeo: <http://rdf.insee.fr/def/geo#>
select * 
where
{?departement idemo:population ?popLeg . 
?popLeg idemo:populationTotale ?popTotale . 
filter ((((((((((((((((((((?departement = <http://id.insee.fr/geo/departement/38>) || (?departement = <http://id.insee.fr/geo/departement/74>)) || (?departement = <http://id.insee.fr/geo/departement/42>)) || (?departement = <http://id.insee.fr/geo/departement/26>)) || (?departement = <http://id.insee.fr/geo/departement/73>)) || (?departement = <http://id.insee.fr/geo/departement/69>)) || (?departement = <http://id.insee.fr/geo/departement/13>)) || (?departement = <http://id.insee.fr/geo/departement/51>)) || (?departement = <http://id.insee.fr/geo/departement/10>)) || (?departement = <http://id.insee.fr/geo/departement/52>)) || (?departement = <http://id.insee.fr/geo/departement/90>)) || (?departement = <http://id.insee.fr/geo/departement/54>)) || (?departement = <http://id.insee.fr/geo/departement/976>)) || (?departement = <http://id.insee.fr/geo/departement/12>)) || (?departement = <http://id.insee.fr/geo/departement/65>)) || (?departement = <http://id.insee.fr/geo/departement/62>)) || (?departement = <http://id.insee.fr/geo/departement/39>)) || (?departement = <http://id.insee.fr/geo/departement/25>)) || (?departement = <http://id.insee.fr/geo/departement/23>)) || (?departement = <http://id.insee.fr/geo/departement/78>)) }


 INFO 2016-04-01 13:59:01,248 [main] (ProviderImplCostMonitoring.java:229) - ** Provider: 
prefix idemo: <http://rdf.insee.fr/def/demo#>
prefix igeo: <http://rdf.insee.fr/def/geo#>
select * 
where
{?departement idemo:population ?popLeg . 
?popLeg idemo:populationTotale ?popTotale . 
filter ((((((((((((((((((((?departement = <http://id.insee.fr/geo/departement/75>) || (?departement = <http://id.insee.fr/geo/departement/77>)) || (?departement = <http://id.insee.fr/geo/departement/91>)) || (?departement = <http://id.insee.fr/geo/departement/64>)) || (?departement = <http://id.insee.fr/geo/departement/24>)) || (?departement = <http://id.insee.fr/geo/departement/33>)) || (?departement = <http://id.insee.fr/geo/departement/21>)) || (?departement = <http://id.insee.fr/geo/departement/71>)) || (?departement = <http://id.insee.fr/geo/departement/14>)) || (?departement = <http://id.insee.fr/geo/departement/50>)) || (?departement = <http://id.insee.fr/geo/departement/61>)) || (?departement = <http://id.insee.fr/geo/departement/36>)) || (?departement = <http://id.insee.fr/geo/departement/37>)) || (?departement = <http://id.insee.fr/geo/departement/28>)) || (?departement = <http://id.insee.fr/geo/departement/27>)) || (?departement = <http://id.insee.fr/geo/departement/76>)) || (?departement = <http://id.insee.fr/geo/departement/79>)) || (?departement = <http://id.insee.fr/geo/departement/17>)) || (?departement = <http://id.insee.fr/geo/departement/16>)) || (?departement = <http://id.insee.fr/geo/departement/29>)) }


 INFO 2016-04-01 13:59:01,401 [main] (ProviderImplCostMonitoring.java:229) - ** Provider: 
prefix idemo: <http://rdf.insee.fr/def/demo#>
prefix igeo: <http://rdf.insee.fr/def/geo#>
select * 
where
{?departement idemo:population ?popLeg . 
?popLeg idemo:populationTotale ?popTotale . 
filter (((((((((((((((?departement = <http://id.insee.fr/geo/departement/35>) || (?departement = <http://id.insee.fr/geo/departement/22>)) || (?departement = <http://id.insee.fr/geo/departement/60>)) || (?departement = <http://id.insee.fr/geo/departement/72>)) || (?departement = <http://id.insee.fr/geo/departement/53>)) || (?departement = <http://id.insee.fr/geo/departement/15>)) || (?departement = <http://id.insee.fr/geo/departement/63>)) || (?departement = <http://id.insee.fr/geo/departement/974>)) || (?departement = <http://id.insee.fr/geo/departement/973>)) || (?departement = <http://id.insee.fr/geo/departement/972>)) || (?departement = <http://id.insee.fr/geo/departement/2A>)) || (?departement = <http://id.insee.fr/geo/departement/971>)) || (?departement = <http://id.insee.fr/geo/departement/66>)) || (?departement = <http://id.insee.fr/geo/departement/11>)) || (?departement = <http://id.insee.fr/geo/departement/34>)) }


 INFO 2016-04-01 13:59:01,530 [main] (Eval.java:1706) - 
	SERVICE in 461ms.  
	FOR [BGP{EDGE{?departement idemo:population ?popLeg} EDGE{?popLeg idemo:populationTotale ?popTotale} }]

 INFO 2016-04-01 13:59:01,534 [main] (TestDQP.java:205) - 54 results in 1338 ms
 INFO 2016-04-01 13:59:01,535 [main] (TestDQP.java:206) - 
01 ?nom = "Creuse"; ?popTotale = 125714; 
02 ?nom = "Territoire de Belfort"; ?popTotale = 147777; 
03 ?nom = "Corse-du-Sud"; ?popTotale = 151621; 
04 ?nom = "Cantal"; ?popTotale = 152797; 
05 ?nom = "Haute-Marne"; ?popTotale = 188083; 
06 ?nom = "Indre"; ?popTotale = 235181; 
07 ?nom = "Hautes-Pyrénées"; ?popTotale = 236728; 
08 ?nom = "Guyane"; ?popTotale = 246507; 
09 ?nom = "Jura"; ?popTotale = 270914; 
10 ?nom = "Aveyron"; ?popTotale = 289257; 
11 ?nom = "Orne"; ?popTotale = 298248; 
12 ?nom = "Aube"; ?popTotale = 314825; 
13 ?nom = "Mayenne"; ?popTotale = 318095; 
14 ?nom = "Charente"; ?popTotale = 366587; 
15 ?nom = "Aude"; ?popTotale = 374868; 
16 ?nom = "Deux-Sèvres"; ?popTotale = 383079; 
17 ?nom = "Martinique"; ?popTotale = 391837; 
18 ?nom = "Guadeloupe"; ?popTotale = 409055; 
19 ?nom = "Dordogne"; ?popTotale = 429579; 
20 ?nom = "Savoie"; ?popTotale = 437915; 
21 ?nom = "Eure-et-Loir"; ?popTotale = 444385; 
22 ?nom = "Pyrénées-Orientales"; ?popTotale = 471573; 
23 ?nom = "Drôme"; ?popTotale = 509444; 
24 ?nom = "Manche"; ?popTotale = 518364; 
25 ?nom = "Côte-d\'Or"; ?popTotale = 543648; 
26 ?nom = "Doubs"; ?popTotale = 548026; 
27 ?nom = "Saône-et-Loire"; ?popTotale = 575097; 
28 ?nom = "Marne"; ?popTotale = 583691; 
29 ?nom = "Sarthe"; ?popTotale = 584865; 
30 ?nom = "Eure"; ?popTotale = 612518; 
31 ?nom = "Indre-et-Loire"; ?popTotale = 615557; 
32 ?nom = "Côtes-d\'Armor"; ?popTotale = 617565; 
33 ?nom = "Charente-Maritime"; ?popTotale = 652610; 
34 ?nom = "Puy-de-Dôme"; ?popTotale = 658489; 
35 ?nom = "Pyrénées-Atlantiques"; ?popTotale = 685564; 
36 ?nom = "Calvados"; ?popTotale = 706635; 
37 ?nom = "Meurthe-et-Moselle"; ?popTotale = 745398; 
38 ?nom = "Loire"; ?popTotale = 774144; 
39 ?nom = "Haute-Savoie"; ?popTotale = 793342; 
40 ?nom = "Oise"; ?popTotale = 835918; 
41 ?nom = "La Réunion"; ?popTotale = 844741; 
42 ?nom = "Finistère"; ?popTotale = 934625; 
43 ?nom = "Ille-et-Vilaine"; ?popTotale = 1047873; 
44 ?nom = "Hérault"; ?popTotale = 1111881; 
45 ?nom = "Isère"; ?popTotale = 1263850; 
46 ?nom = "Essonne"; ?popTotale = 1273233; 
47 ?nom = "Seine-Maritime"; ?popTotale = 1280410; 
48 ?nom = "Seine-et-Marne"; ?popTotale = 1387830; 
49 ?nom = "Yvelines"; ?popTotale = 1446301; 
50 ?nom = "Pas-de-Calais"; ?popTotale = 1491735; 
51 ?nom = "Gironde"; ?popTotale = 1536448; 
52 ?nom = "Rhône"; ?popTotale = 1812196; 
53 ?nom = "Bouches-du-Rhône"; ?popTotale = 2022604; 
54 ?nom = "Paris"; ?popTotale = 2254262; 

 INFO 2016-04-01 13:59:01,535 [main] (TestDQP.java:207) - Remote queries
 INFO 2016-04-01 13:59:01,536 [main] (TestDQP.java:208) - =========
	?region igeo:subdivisionDirecte ?departement
	44
--
	?region igeo:codeRegion ?v
	2
--
	BGP{EDGE{?departement igeo:nom ?nom} }
	2
--
	prefix idemo: <http://rdf.insee.fr/def/demo#> prefix igeo: <http://rdf.insee.fr/def/geo#> select *  where {?departement idemo:population ?popLeg .  ?popLeg idemo:populationTotale ?popTotale .  filter ((((((((((((((((((((?departement = <http://id.insee.fr/geo/departement/75>) || (?departement = <http://id.insee.fr/geo/departement/77>)) || (?departement = <http://id.insee.fr/geo/departement/91>)) || (?departement = <http://id.insee.fr/geo/departement/64>)) || (?departement = <http://id.insee.fr/geo/departement/24>)) || (?departement = <http://id.insee.fr/geo/departement/33>)) || (?departement = <http://id.insee.fr/geo/departement/21>)) || (?departement = <http://id.insee.fr/geo/departement/71>)) || (?departement = <http://id.insee.fr/geo/departement/14>)) || (?departement = <http://id.insee.fr/geo/departement/50>)) || (?departement = <http://id.insee.fr/geo/departement/61>)) || (?departement = <http://id.insee.fr/geo/departement/36>)) || (?departement = <http://id.insee.fr/geo/departement/37>)) || (?departement = <http://id.insee.fr/geo/departement/28>)) || (?departement = <http://id.insee.fr/geo/departement/27>)) || (?departement = <http://id.insee.fr/geo/departement/76>)) || (?departement = <http://id.insee.fr/geo/departement/79>)) || (?departement = <http://id.insee.fr/geo/departement/17>)) || (?departement = <http://id.insee.fr/geo/departement/16>)) || (?departement = <http://id.insee.fr/geo/departement/29>)) }  
	1
--
	prefix idemo: <http://rdf.insee.fr/def/demo#> prefix igeo: <http://rdf.insee.fr/def/geo#> select *  where {?departement idemo:population ?popLeg .  ?popLeg idemo:populationTotale ?popTotale .  filter (((((((((((((((?departement = <http://id.insee.fr/geo/departement/35>) || (?departement = <http://id.insee.fr/geo/departement/22>)) || (?departement = <http://id.insee.fr/geo/departement/60>)) || (?departement = <http://id.insee.fr/geo/departement/72>)) || (?departement = <http://id.insee.fr/geo/departement/53>)) || (?departement = <http://id.insee.fr/geo/departement/15>)) || (?departement = <http://id.insee.fr/geo/departement/63>)) || (?departement = <http://id.insee.fr/geo/departement/974>)) || (?departement = <http://id.insee.fr/geo/departement/973>)) || (?departement = <http://id.insee.fr/geo/departement/972>)) || (?departement = <http://id.insee.fr/geo/departement/2A>)) || (?departement = <http://id.insee.fr/geo/departement/971>)) || (?departement = <http://id.insee.fr/geo/departement/66>)) || (?departement = <http://id.insee.fr/geo/departement/11>)) || (?departement = <http://id.insee.fr/geo/departement/34>)) }  
	1
--
	prefix idemo: <http://rdf.insee.fr/def/demo#> prefix igeo: <http://rdf.insee.fr/def/geo#> select *  where {?departement idemo:population ?popLeg .  ?popLeg idemo:populationTotale ?popTotale .  filter ((((((((((((((((((((?departement = <http://id.insee.fr/geo/departement/38>) || (?departement = <http://id.insee.fr/geo/departement/74>)) || (?departement = <http://id.insee.fr/geo/departement/42>)) || (?departement = <http://id.insee.fr/geo/departement/26>)) || (?departement = <http://id.insee.fr/geo/departement/73>)) || (?departement = <http://id.insee.fr/geo/departement/69>)) || (?departement = <http://id.insee.fr/geo/departement/13>)) || (?departement = <http://id.insee.fr/geo/departement/51>)) || (?departement = <http://id.insee.fr/geo/departement/10>)) || (?departement = <http://id.insee.fr/geo/departement/52>)) || (?departement = <http://id.insee.fr/geo/departement/90>)) || (?departement = <http://id.insee.fr/geo/departement/54>)) || (?departement = <http://id.insee.fr/geo/departement/976>)) || (?departement = <http://id.insee.fr/geo/departement/12>)) || (?departement = <http://id.insee.fr/geo/departement/65>)) || (?departement = <http://id.insee.fr/geo/departement/62>)) || (?departement = <http://id.insee.fr/geo/departement/39>)) || (?departement = <http://id.insee.fr/geo/departement/25>)) || (?departement = <http://id.insee.fr/geo/departement/23>)) || (?departement = <http://id.insee.fr/geo/departement/78>)) }  
	1
--
	BGP{EDGE{?region igeo:codeRegion ?v} EDGE{?region igeo:subdivisionDirecte ?departement} }
	1
--
	>====  Sum = 52  =====

 INFO 2016-04-01 13:59:01,536 [main] (TestDQP.java:209) - Transferred results per query
 INFO 2016-04-01 13:59:01,537 [main] (TestDQP.java:210) - =========
	?region igeo:subdivisionDirecte ?departement
	41
--
	?region igeo:codeRegion ?v
	33
--
	BGP{EDGE{?departement igeo:nom ?nom} }
	57
--
	prefix idemo: <http://rdf.insee.fr/def/demo#> prefix igeo: <http://rdf.insee.fr/def/geo#> select *  where {?departement idemo:population ?popLeg .  ?popLeg idemo:populationTotale ?popTotale .  filter ((((((((((((((((((((?departement = <http://id.insee.fr/geo/departement/75>) || (?departement = <http://id.insee.fr/geo/departement/77>)) || (?departement = <http://id.insee.fr/geo/departement/91>)) || (?departement = <http://id.insee.fr/geo/departement/64>)) || (?departement = <http://id.insee.fr/geo/departement/24>)) || (?departement = <http://id.insee.fr/geo/departement/33>)) || (?departement = <http://id.insee.fr/geo/departement/21>)) || (?departement = <http://id.insee.fr/geo/departement/71>)) || (?departement = <http://id.insee.fr/geo/departement/14>)) || (?departement = <http://id.insee.fr/geo/departement/50>)) || (?departement = <http://id.insee.fr/geo/departement/61>)) || (?departement = <http://id.insee.fr/geo/departement/36>)) || (?departement = <http://id.insee.fr/geo/departement/37>)) || (?departement = <http://id.insee.fr/geo/departement/28>)) || (?departement = <http://id.insee.fr/geo/departement/27>)) || (?departement = <http://id.insee.fr/geo/departement/76>)) || (?departement = <http://id.insee.fr/geo/departement/79>)) || (?departement = <http://id.insee.fr/geo/departement/17>)) || (?departement = <http://id.insee.fr/geo/departement/16>)) || (?departement = <http://id.insee.fr/geo/departement/29>)) }  
	20
--
	prefix idemo: <http://rdf.insee.fr/def/demo#> prefix igeo: <http://rdf.insee.fr/def/geo#> select *  where {?departement idemo:population ?popLeg .  ?popLeg idemo:populationTotale ?popTotale .  filter (((((((((((((((?departement = <http://id.insee.fr/geo/departement/35>) || (?departement = <http://id.insee.fr/geo/departement/22>)) || (?departement = <http://id.insee.fr/geo/departement/60>)) || (?departement = <http://id.insee.fr/geo/departement/72>)) || (?departement = <http://id.insee.fr/geo/departement/53>)) || (?departement = <http://id.insee.fr/geo/departement/15>)) || (?departement = <http://id.insee.fr/geo/departement/63>)) || (?departement = <http://id.insee.fr/geo/departement/974>)) || (?departement = <http://id.insee.fr/geo/departement/973>)) || (?departement = <http://id.insee.fr/geo/departement/972>)) || (?departement = <http://id.insee.fr/geo/departement/2A>)) || (?departement = <http://id.insee.fr/geo/departement/971>)) || (?departement = <http://id.insee.fr/geo/departement/66>)) || (?departement = <http://id.insee.fr/geo/departement/11>)) || (?departement = <http://id.insee.fr/geo/departement/34>)) }  
	15
--
	prefix idemo: <http://rdf.insee.fr/def/demo#> prefix igeo: <http://rdf.insee.fr/def/geo#> select *  where {?departement idemo:population ?popLeg .  ?popLeg idemo:populationTotale ?popTotale .  filter ((((((((((((((((((((?departement = <http://id.insee.fr/geo/departement/38>) || (?departement = <http://id.insee.fr/geo/departement/74>)) || (?departement = <http://id.insee.fr/geo/departement/42>)) || (?departement = <http://id.insee.fr/geo/departement/26>)) || (?departement = <http://id.insee.fr/geo/departement/73>)) || (?departement = <http://id.insee.fr/geo/departement/69>)) || (?departement = <http://id.insee.fr/geo/departement/13>)) || (?departement = <http://id.insee.fr/geo/departement/51>)) || (?departement = <http://id.insee.fr/geo/departement/10>)) || (?departement = <http://id.insee.fr/geo/departement/52>)) || (?departement = <http://id.insee.fr/geo/departement/90>)) || (?departement = <http://id.insee.fr/geo/departement/54>)) || (?departement = <http://id.insee.fr/geo/departement/976>)) || (?departement = <http://id.insee.fr/geo/departement/12>)) || (?departement = <http://id.insee.fr/geo/departement/65>)) || (?departement = <http://id.insee.fr/geo/departement/62>)) || (?departement = <http://id.insee.fr/geo/departement/39>)) || (?departement = <http://id.insee.fr/geo/departement/25>)) || (?departement = <http://id.insee.fr/geo/departement/23>)) || (?departement = <http://id.insee.fr/geo/departement/78>)) }  
	19
--
	BGP{EDGE{?region igeo:codeRegion ?v} EDGE{?region igeo:subdivisionDirecte ?departement} }
	16
--
	>====  Sum = 201  =====

 INFO 2016-04-01 13:59:01,537 [main] (TestDQP.java:211) - Remote queries per data source
 INFO 2016-04-01 13:59:01,537 [main] (TestDQP.java:212) - =========
	http://localhost:8085/sparql
	20
--
	http://localhost:8088/sparql
	3
--
	http://localhost:8086/sparql
	27
--
	http://localhost:8087/sparql
	2
--
	>====  Sum = 52  =====

 INFO 2016-04-01 13:59:01,537 [main] (TestDQP.java:213) - Transferred results per source
 INFO 2016-04-01 13:59:01,537 [main] (TestDQP.java:214) - =========
	http://localhost:8085/sparql
	24
--
	http://localhost:8088/sparql
	54
--
	http://localhost:8086/sparql
	86
--
	http://localhost:8087/sparql
	37
--
	>====  Sum = 201  =====

