 INFO 2016-04-01 14:01:42,699 [main] (ServiceGrouper.java:84) - Building indices for 
 INFO 2016-04-01 14:01:42,701 [main] (ServiceGrouper.java:85) - {?region igeo:codeRegion ?v . 
?region igeo:subdivisionDirecte ?departement . 
?departement igeo:nom ?nom . 
?departement idemo:population ?popLeg . 
?popLeg idemo:populationTotale ?popTotale . }
 INFO 2016-04-01 14:01:42,888 [main] (ServiceGrouper.java:559) - Edge index
 INFO 2016-04-01 14:01:42,889 [main] (ServiceGrouper.java:575) - Source index
 INFO 2016-04-01 14:01:42,890 [main] (ServiceGrouper.java:259) - Found consecutive triple patterns into {?region igeo:codeRegion ?v . 
?region igeo:subdivisionDirecte ?departement . 
?departement igeo:nom ?nom . 
?departement idemo:population ?popLeg . 
?popLeg idemo:populationTotale ?popTotale . }
 INFO 2016-04-01 14:01:42,890 [main] (ServiceGrouper.java:426) - Processing
[?region igeo:codeRegion ?v . , ?region igeo:subdivisionDirecte ?departement . , ?departement igeo:nom ?nom . , ?departement idemo:population ?popLeg . , ?popLeg idemo:populationTotale ?popTotale . ]
 WARN 2016-04-01 14:01:42,890 [main] (ServiceGrouper.java:446) - Triple pattern ?region igeo:codeRegion ?v .  appears in more than one data source, excluded from SERVICE.
 WARN 2016-04-01 14:01:42,891 [main] (ServiceGrouper.java:446) - Triple pattern ?region igeo:subdivisionDirecte ?departement .  appears in more than one data source, excluded from SERVICE.
 WARN 2016-04-01 14:01:42,891 [main] (ServiceGrouper.java:446) - Triple pattern ?region igeo:subdivisionDirecte ?departement .  appears in more than one data source, excluded from SERVICE.
 WARN 2016-04-01 14:01:42,892 [main] (ServiceGrouper.java:446) - Triple pattern ?departement igeo:nom ?nom .  appears in more than one data source, excluded from SERVICE.
 WARN 2016-04-01 14:01:42,892 [main] (ServiceGrouper.java:446) - Triple pattern ?region igeo:codeRegion ?v .  appears in more than one data source, excluded from SERVICE.
 WARN 2016-04-01 14:01:42,892 [main] (ServiceGrouper.java:446) - Triple pattern ?departement igeo:nom ?nom .  appears in more than one data source, excluded from SERVICE.
 INFO 2016-04-01 14:01:42,892 [main] (ServiceGrouper.java:271) - Ranking : 
 INFO 2016-04-01 14:01:42,892 [main] (ServiceGrouper.java:272) - {?region igeo:codeRegion ?v . 
?region igeo:subdivisionDirecte ?departement . 
service <http://localhost:8088/sparql> {?departement idemo:population ?popLeg . 
?popLeg idemo:populationTotale ?popTotale . }
?departement igeo:nom ?nom . }
 INFO 2016-04-01 14:01:42,893 [main] (ServiceGrouper.java:277) - 2 free variables for ?region igeo:codeRegion ?v . 
 INFO 2016-04-01 14:01:42,893 [main] (ServiceGrouper.java:277) - 2 free variables for ?region igeo:subdivisionDirecte ?departement . 
 INFO 2016-04-01 14:01:42,893 [main] (ServiceGrouper.java:277) - 3 free variables for service <http://localhost:8088/sparql> {?departement idemo:population ?popLeg . 
?popLeg idemo:populationTotale ?popTotale . }
 INFO 2016-04-01 14:01:42,893 [main] (ServiceGrouper.java:277) - 2 free variables for ?departement igeo:nom ?nom . 
 INFO 2016-04-01 14:01:42,894 [main] (ServiceGrouper.java:286) - Sorting services possibly with the same score
 WARN 2016-04-01 14:01:42,894 [main] (ServiceGrouper.java:353) - Searching for ?region igeo:codeRegion ?v .  in [?region igeo:codeRegion ?v . , ?region igeo:subdivisionDirecte ?departement . , ?departement igeo:nom ?nom . , ?departement idemo:population ?popLeg . , ?popLeg idemo:populationTotale ?popTotale . ]
 WARN 2016-04-01 14:01:42,895 [main] (ServiceGrouper.java:353) - Searching for ?departement igeo:nom ?nom .  in [?region igeo:codeRegion ?v . , ?region igeo:subdivisionDirecte ?departement . , ?departement igeo:nom ?nom . , ?departement idemo:population ?popLeg . , ?popLeg idemo:populationTotale ?popTotale . ]
 INFO 2016-04-01 14:01:42,895 [main] (ServiceGrouper.java:328) - Comparing : ?region igeo:codeRegion ?v .  with ?departement igeo:nom ?nom . 
 WARN 2016-04-01 14:01:42,895 [main] (ServiceGrouper.java:353) - Searching for ?region igeo:subdivisionDirecte ?departement .  in [?region igeo:codeRegion ?v . , ?region igeo:subdivisionDirecte ?departement . , ?departement igeo:nom ?nom . , ?departement idemo:population ?popLeg . , ?popLeg idemo:populationTotale ?popTotale . ]
 WARN 2016-04-01 14:01:42,896 [main] (ServiceGrouper.java:353) - Searching for ?region igeo:codeRegion ?v .  in [?region igeo:codeRegion ?v . , ?region igeo:subdivisionDirecte ?departement . , ?departement igeo:nom ?nom . , ?departement idemo:population ?popLeg . , ?popLeg idemo:populationTotale ?popTotale . ]
 INFO 2016-04-01 14:01:42,896 [main] (ServiceGrouper.java:328) - Comparing : ?region igeo:subdivisionDirecte ?departement .  with ?region igeo:codeRegion ?v . 
 WARN 2016-04-01 14:01:42,896 [main] (ServiceGrouper.java:353) - Searching for ?region igeo:subdivisionDirecte ?departement .  in [?region igeo:codeRegion ?v . , ?region igeo:subdivisionDirecte ?departement . , ?departement igeo:nom ?nom . , ?departement idemo:population ?popLeg . , ?popLeg idemo:populationTotale ?popTotale . ]
 WARN 2016-04-01 14:01:42,897 [main] (ServiceGrouper.java:353) - Searching for ?departement igeo:nom ?nom .  in [?region igeo:codeRegion ?v . , ?region igeo:subdivisionDirecte ?departement . , ?departement igeo:nom ?nom . , ?departement idemo:population ?popLeg . , ?popLeg idemo:populationTotale ?popTotale . ]
 INFO 2016-04-01 14:01:42,897 [main] (ServiceGrouper.java:328) - Comparing : ?region igeo:subdivisionDirecte ?departement .  with ?departement igeo:nom ?nom . 
 WARN 2016-04-01 14:01:42,897 [main] (ServiceGrouper.java:353) - Searching for ?region igeo:subdivisionDirecte ?departement .  in [?region igeo:codeRegion ?v . , ?region igeo:subdivisionDirecte ?departement . , ?departement igeo:nom ?nom . , ?departement idemo:population ?popLeg . , ?popLeg idemo:populationTotale ?popTotale . ]
 WARN 2016-04-01 14:01:42,897 [main] (ServiceGrouper.java:353) - Searching for ?region igeo:codeRegion ?v .  in [?region igeo:codeRegion ?v . , ?region igeo:subdivisionDirecte ?departement . , ?departement igeo:nom ?nom . , ?departement idemo:population ?popLeg . , ?popLeg idemo:populationTotale ?popTotale . ]
 INFO 2016-04-01 14:01:42,897 [main] (ServiceGrouper.java:328) - Comparing : ?region igeo:subdivisionDirecte ?departement .  with ?region igeo:codeRegion ?v . 
 INFO 2016-04-01 14:01:42,898 [main] (ServiceGrouper.java:340) - {?region igeo:codeRegion ?v . 
?region igeo:subdivisionDirecte ?departement . 
?departement igeo:nom ?nom . 
service <http://localhost:8088/sparql> {?departement idemo:population ?popLeg . 
?popLeg idemo:populationTotale ?popTotale . }}
 INFO 2016-04-01 14:01:42,898 [main] (ServiceGrouper.java:118) - Final rewritten query
 INFO 2016-04-01 14:01:42,898 [main] (ServiceGrouper.java:119) - prefix idemo: <http://rdf.insee.fr/def/demo#>
prefix igeo: <http://rdf.insee.fr/def/geo#>
select ?nom ?popTotale 
where
{?region igeo:codeRegion ?v . 
?region igeo:subdivisionDirecte ?departement . 
?departement igeo:nom ?nom . 
service <http://localhost:8088/sparql> {?departement idemo:population ?popLeg . 
?popLeg idemo:populationTotale ?popTotale . }}
order by ?popTotale 


 INFO 2016-04-01 14:01:42,900 [main] (ServiceGrouper.java:57) - Building predicates indices for AND{EDGE{?region igeo:codeRegion ?v} EDGE{?region igeo:subdivisionDirecte ?departement} EDGE{?departement igeo:nom ?nom} SERVICE{NODE{<http://localhost:8088/sparql> } select [NODE{?departement }, NODE{?popLeg }, NODE{?popTotale }]
QUERY{AND{EDGE{?departement idemo:population ?popLeg} EDGE{?popLeg idemo:populationTotale ?popTotale} } } } }
 INFO 2016-04-01 14:01:42,900 [main] (ServiceGrouper.java:57) - Building predicates indices for AND{EDGE{?departement idemo:population ?popLeg} EDGE{?popLeg idemo:populationTotale ?popTotale} }
 INFO 2016-04-01 14:01:42,900 [main] (ServiceGrouper.java:65) - END of building index!
 INFO 2016-04-01 14:01:42,900 [main] (ServiceGrouper.java:65) - END of building index!
 INFO 2016-04-01 14:01:42,912 [main] (ParallelMetaProducerLessBlocking.java:214) - Searching for BGP : BGP{EDGE{?region igeo:codeRegion ?v} EDGE{?region igeo:subdivisionDirecte ?departement} }
 INFO 2016-04-01 14:01:42,914 [pool-1-thread-1] (CallableResult.java:56) - CallableResult for GetMappings
 INFO 2016-04-01 14:01:42,915 [pool-1-thread-1] (RemoteQueryOptimizerFull.java:144) - BGP QUERY: 
 SELECT * WHERE { 
	 ?region igeo:codeRegion ?v . 
 	 ?region igeo:subdivisionDirecte ?departement . 
 } 
 INFO 2016-04-01 14:01:42,939 [pool-1-thread-1] (CallableResult.java:59) - RESULTS: 16 FROM http://localhost:8085/sparql
 INFO 2016-04-01 14:01:42,939 [pool-1-thread-1] (CallableResult.java:63) - Finished CallableResult in 25 ms.
 INFO 2016-04-01 14:01:42,940 [main] (ParallelMetaProducerLessBlocking.java:255) - Global results retrieved in getMappings 26ms.
 INFO 2016-04-01 14:01:42,941 [main] (Eval.java:1660) - 
	GET MAPPINGS in 31ms.
	 FOR BGP{EDGE{?region igeo:codeRegion ?v} EDGE{?region igeo:subdivisionDirecte ?departement} }

 INFO 2016-04-01 14:01:42,941 [main] (ParallelMetaProducerLessBlocking.java:61) - Searching for edge : ?region igeo:codeRegion ?v
 INFO 2016-04-01 14:01:42,941 [pool-2-thread-1] (CallableResult.java:52) - CallableResult for GetEdge
 INFO 2016-04-01 14:01:42,941 [pool-2-thread-2] (CallableResult.java:52) - CallableResult for GetEdge
 INFO 2016-04-01 14:01:43,074 [pool-2-thread-1] (CallableResult.java:63) - Finished CallableResult in 133 ms.
 INFO 2016-04-01 14:01:43,128 [pool-2-thread-2] (CallableResult.java:63) - Finished CallableResult in 187 ms.
 INFO 2016-04-01 14:01:43,139 [main] (ParallelMetaProducerLessBlocking.java:193) - Global results retrieved in getEdges 198ms.
 INFO 2016-04-01 14:01:43,140 [main] (ParallelMetaProducerLessBlocking.java:61) - Searching for edge : ?region igeo:subdivisionDirecte ?departement
 INFO 2016-04-01 14:01:43,141 [pool-3-thread-1] (CallableResult.java:52) - CallableResult for GetEdge
 INFO 2016-04-01 14:01:43,150 [pool-3-thread-1] (CallableResult.java:63) - Finished CallableResult in 9 ms.
 INFO 2016-04-01 14:01:43,150 [main] (ParallelMetaProducerLessBlocking.java:193) - Global results retrieved in getEdges 9ms.
 INFO 2016-04-01 14:01:43,151 [main] (Eval.java:2158) - 
	Get EDGE in 11ms.  
	FOR EDGE{?region igeo:subdivisionDirecte ?departement}

 INFO 2016-04-01 14:01:43,151 [main] (ParallelMetaProducerLessBlocking.java:61) - Searching for edge : ?region igeo:subdivisionDirecte ?departement
 INFO 2016-04-01 14:01:43,151 [pool-4-thread-1] (CallableResult.java:52) - CallableResult for GetEdge
 INFO 2016-04-01 14:01:43,156 [pool-4-thread-1] (CallableResult.java:63) - Finished CallableResult in 5 ms.
 INFO 2016-04-01 14:01:43,157 [main] (ParallelMetaProducerLessBlocking.java:193) - Global results retrieved in getEdges 6ms.
 INFO 2016-04-01 14:01:43,158 [main] (Eval.java:2158) - 
	Get EDGE in 7ms.  
	FOR EDGE{?region igeo:subdivisionDirecte ?departement}

 INFO 2016-04-01 14:01:43,158 [main] (ParallelMetaProducerLessBlocking.java:61) - Searching for edge : ?region igeo:subdivisionDirecte ?departement
 INFO 2016-04-01 14:01:43,159 [pool-5-thread-1] (CallableResult.java:52) - CallableResult for GetEdge
 INFO 2016-04-01 14:01:43,163 [pool-5-thread-1] (CallableResult.java:63) - Finished CallableResult in 4 ms.
 INFO 2016-04-01 14:01:43,164 [main] (ParallelMetaProducerLessBlocking.java:193) - Global results retrieved in getEdges 5ms.
 INFO 2016-04-01 14:01:43,164 [main] (Eval.java:2158) - 
	Get EDGE in 6ms.  
	FOR EDGE{?region igeo:subdivisionDirecte ?departement}

 INFO 2016-04-01 14:01:43,164 [main] (ParallelMetaProducerLessBlocking.java:61) - Searching for edge : ?region igeo:subdivisionDirecte ?departement
 INFO 2016-04-01 14:01:43,164 [pool-6-thread-1] (CallableResult.java:52) - CallableResult for GetEdge
 INFO 2016-04-01 14:01:43,168 [pool-6-thread-1] (CallableResult.java:63) - Finished CallableResult in 4 ms.
 INFO 2016-04-01 14:01:43,169 [main] (ParallelMetaProducerLessBlocking.java:193) - Global results retrieved in getEdges 5ms.
 INFO 2016-04-01 14:01:43,169 [main] (Eval.java:2158) - 
	Get EDGE in 5ms.  
	FOR EDGE{?region igeo:subdivisionDirecte ?departement}

 INFO 2016-04-01 14:01:43,169 [main] (ParallelMetaProducerLessBlocking.java:61) - Searching for edge : ?region igeo:subdivisionDirecte ?departement
 INFO 2016-04-01 14:01:43,170 [pool-7-thread-1] (CallableResult.java:52) - CallableResult for GetEdge
 INFO 2016-04-01 14:01:43,174 [pool-7-thread-1] (CallableResult.java:63) - Finished CallableResult in 4 ms.
 INFO 2016-04-01 14:01:43,174 [main] (ParallelMetaProducerLessBlocking.java:193) - Global results retrieved in getEdges 4ms.
 INFO 2016-04-01 14:01:43,174 [main] (Eval.java:2158) - 
	Get EDGE in 5ms.  
	FOR EDGE{?region igeo:subdivisionDirecte ?departement}

 INFO 2016-04-01 14:01:43,175 [main] (ParallelMetaProducerLessBlocking.java:61) - Searching for edge : ?region igeo:subdivisionDirecte ?departement
 INFO 2016-04-01 14:01:43,183 [pool-8-thread-1] (CallableResult.java:52) - CallableResult for GetEdge
 INFO 2016-04-01 14:01:43,192 [pool-8-thread-1] (CallableResult.java:63) - Finished CallableResult in 9 ms.
 INFO 2016-04-01 14:01:43,193 [main] (ParallelMetaProducerLessBlocking.java:193) - Global results retrieved in getEdges 18ms.
 INFO 2016-04-01 14:01:43,193 [main] (Eval.java:2158) - 
	Get EDGE in 18ms.  
	FOR EDGE{?region igeo:subdivisionDirecte ?departement}

 INFO 2016-04-01 14:01:43,193 [main] (ParallelMetaProducerLessBlocking.java:61) - Searching for edge : ?region igeo:subdivisionDirecte ?departement
 INFO 2016-04-01 14:01:43,194 [pool-9-thread-1] (CallableResult.java:52) - CallableResult for GetEdge
 INFO 2016-04-01 14:01:43,198 [pool-9-thread-1] (CallableResult.java:63) - Finished CallableResult in 4 ms.
 INFO 2016-04-01 14:01:43,198 [main] (ParallelMetaProducerLessBlocking.java:193) - Global results retrieved in getEdges 4ms.
 INFO 2016-04-01 14:01:43,199 [main] (Eval.java:2158) - 
	Get EDGE in 5ms.  
	FOR EDGE{?region igeo:subdivisionDirecte ?departement}

 INFO 2016-04-01 14:01:43,199 [main] (ParallelMetaProducerLessBlocking.java:61) - Searching for edge : ?region igeo:subdivisionDirecte ?departement
 INFO 2016-04-01 14:01:43,199 [pool-10-thread-1] (CallableResult.java:52) - CallableResult for GetEdge
 INFO 2016-04-01 14:01:43,204 [pool-10-thread-1] (CallableResult.java:63) - Finished CallableResult in 5 ms.
 INFO 2016-04-01 14:01:43,204 [main] (ParallelMetaProducerLessBlocking.java:193) - Global results retrieved in getEdges 5ms.
 INFO 2016-04-01 14:01:43,205 [main] (Eval.java:2158) - 
	Get EDGE in 6ms.  
	FOR EDGE{?region igeo:subdivisionDirecte ?departement}

 INFO 2016-04-01 14:01:43,205 [main] (ParallelMetaProducerLessBlocking.java:61) - Searching for edge : ?region igeo:subdivisionDirecte ?departement
 INFO 2016-04-01 14:01:43,205 [pool-11-thread-1] (CallableResult.java:52) - CallableResult for GetEdge
 INFO 2016-04-01 14:01:43,205 [pool-11-thread-2] (CallableResult.java:52) - CallableResult for GetEdge
 INFO 2016-04-01 14:01:43,209 [pool-11-thread-1] (CallableResult.java:63) - Finished CallableResult in 4 ms.
 INFO 2016-04-01 14:01:43,214 [pool-11-thread-2] (CallableResult.java:63) - Finished CallableResult in 9 ms.
 INFO 2016-04-01 14:01:43,214 [main] (ParallelMetaProducerLessBlocking.java:193) - Global results retrieved in getEdges 9ms.
 INFO 2016-04-01 14:01:43,215 [main] (Eval.java:2158) - 
	Get EDGE in 10ms.  
	FOR EDGE{?region igeo:subdivisionDirecte ?departement}

 INFO 2016-04-01 14:01:43,215 [main] (ParallelMetaProducerLessBlocking.java:61) - Searching for edge : ?region igeo:subdivisionDirecte ?departement
 INFO 2016-04-01 14:01:43,216 [pool-12-thread-1] (CallableResult.java:52) - CallableResult for GetEdge
 INFO 2016-04-01 14:01:43,216 [pool-12-thread-2] (CallableResult.java:52) - CallableResult for GetEdge
 INFO 2016-04-01 14:01:43,220 [pool-12-thread-1] (CallableResult.java:63) - Finished CallableResult in 4 ms.
 INFO 2016-04-01 14:01:43,231 [pool-12-thread-2] (CallableResult.java:63) - Finished CallableResult in 15 ms.
 INFO 2016-04-01 14:01:43,231 [main] (ParallelMetaProducerLessBlocking.java:193) - Global results retrieved in getEdges 15ms.
 INFO 2016-04-01 14:01:43,231 [main] (Eval.java:2158) - 
	Get EDGE in 16ms.  
	FOR EDGE{?region igeo:subdivisionDirecte ?departement}

 INFO 2016-04-01 14:01:43,231 [main] (ParallelMetaProducerLessBlocking.java:61) - Searching for edge : ?region igeo:subdivisionDirecte ?departement
 INFO 2016-04-01 14:01:43,232 [pool-13-thread-1] (CallableResult.java:52) - CallableResult for GetEdge
 INFO 2016-04-01 14:01:43,232 [pool-13-thread-2] (CallableResult.java:52) - CallableResult for GetEdge
 INFO 2016-04-01 14:01:43,241 [pool-13-thread-1] (CallableResult.java:63) - Finished CallableResult in 9 ms.
 INFO 2016-04-01 14:01:43,251 [pool-13-thread-2] (CallableResult.java:63) - Finished CallableResult in 19 ms.
 INFO 2016-04-01 14:01:43,252 [main] (ParallelMetaProducerLessBlocking.java:193) - Global results retrieved in getEdges 20ms.
 INFO 2016-04-01 14:01:43,252 [main] (Eval.java:2158) - 
	Get EDGE in 21ms.  
	FOR EDGE{?region igeo:subdivisionDirecte ?departement}

 INFO 2016-04-01 14:01:43,252 [main] (ParallelMetaProducerLessBlocking.java:61) - Searching for edge : ?region igeo:subdivisionDirecte ?departement
 INFO 2016-04-01 14:01:43,253 [pool-14-thread-1] (CallableResult.java:52) - CallableResult for GetEdge
 INFO 2016-04-01 14:01:43,253 [pool-14-thread-2] (CallableResult.java:52) - CallableResult for GetEdge
 INFO 2016-04-01 14:01:43,258 [pool-14-thread-1] (CallableResult.java:63) - Finished CallableResult in 5 ms.
 INFO 2016-04-01 14:01:43,261 [pool-14-thread-2] (CallableResult.java:63) - Finished CallableResult in 8 ms.
 INFO 2016-04-01 14:01:43,261 [main] (ParallelMetaProducerLessBlocking.java:193) - Global results retrieved in getEdges 8ms.
 INFO 2016-04-01 14:01:43,261 [main] (Eval.java:2158) - 
	Get EDGE in 9ms.  
	FOR EDGE{?region igeo:subdivisionDirecte ?departement}

 INFO 2016-04-01 14:01:43,261 [main] (ParallelMetaProducerLessBlocking.java:61) - Searching for edge : ?region igeo:subdivisionDirecte ?departement
 INFO 2016-04-01 14:01:43,262 [pool-15-thread-1] (CallableResult.java:52) - CallableResult for GetEdge
 INFO 2016-04-01 14:01:43,262 [pool-15-thread-2] (CallableResult.java:52) - CallableResult for GetEdge
 INFO 2016-04-01 14:01:43,266 [pool-15-thread-1] (CallableResult.java:63) - Finished CallableResult in 4 ms.
 INFO 2016-04-01 14:01:43,270 [pool-15-thread-2] (CallableResult.java:63) - Finished CallableResult in 8 ms.
 INFO 2016-04-01 14:01:43,271 [main] (ParallelMetaProducerLessBlocking.java:193) - Global results retrieved in getEdges 9ms.
 INFO 2016-04-01 14:01:43,271 [main] (Eval.java:2158) - 
	Get EDGE in 10ms.  
	FOR EDGE{?region igeo:subdivisionDirecte ?departement}

 INFO 2016-04-01 14:01:43,271 [main] (ParallelMetaProducerLessBlocking.java:61) - Searching for edge : ?region igeo:subdivisionDirecte ?departement
 INFO 2016-04-01 14:01:43,271 [pool-16-thread-1] (CallableResult.java:52) - CallableResult for GetEdge
 INFO 2016-04-01 14:01:43,271 [pool-16-thread-2] (CallableResult.java:52) - CallableResult for GetEdge
 INFO 2016-04-01 14:01:43,275 [pool-16-thread-1] (CallableResult.java:63) - Finished CallableResult in 4 ms.
 INFO 2016-04-01 14:01:43,281 [pool-16-thread-2] (CallableResult.java:63) - Finished CallableResult in 10 ms.
 INFO 2016-04-01 14:01:43,281 [main] (ParallelMetaProducerLessBlocking.java:193) - Global results retrieved in getEdges 10ms.
 INFO 2016-04-01 14:01:43,281 [main] (Eval.java:2158) - 
	Get EDGE in 10ms.  
	FOR EDGE{?region igeo:subdivisionDirecte ?departement}

 INFO 2016-04-01 14:01:43,282 [main] (ParallelMetaProducerLessBlocking.java:61) - Searching for edge : ?region igeo:subdivisionDirecte ?departement
 INFO 2016-04-01 14:01:43,282 [pool-17-thread-1] (CallableResult.java:52) - CallableResult for GetEdge
 INFO 2016-04-01 14:01:43,282 [pool-17-thread-2] (CallableResult.java:52) - CallableResult for GetEdge
 INFO 2016-04-01 14:01:43,286 [pool-17-thread-1] (CallableResult.java:63) - Finished CallableResult in 4 ms.
 INFO 2016-04-01 14:01:43,289 [pool-17-thread-2] (CallableResult.java:63) - Finished CallableResult in 7 ms.
 INFO 2016-04-01 14:01:43,290 [main] (ParallelMetaProducerLessBlocking.java:193) - Global results retrieved in getEdges 8ms.
 INFO 2016-04-01 14:01:43,290 [main] (Eval.java:2158) - 
	Get EDGE in 8ms.  
	FOR EDGE{?region igeo:subdivisionDirecte ?departement}

 INFO 2016-04-01 14:01:43,290 [main] (ParallelMetaProducerLessBlocking.java:61) - Searching for edge : ?region igeo:subdivisionDirecte ?departement
 INFO 2016-04-01 14:01:43,290 [pool-18-thread-1] (CallableResult.java:52) - CallableResult for GetEdge
 INFO 2016-04-01 14:01:43,290 [pool-18-thread-2] (CallableResult.java:52) - CallableResult for GetEdge
 INFO 2016-04-01 14:01:43,298 [pool-18-thread-2] (CallableResult.java:63) - Finished CallableResult in 8 ms.
 INFO 2016-04-01 14:01:43,338 [pool-18-thread-1] (CallableResult.java:63) - Finished CallableResult in 48 ms.
 INFO 2016-04-01 14:01:43,339 [main] (ParallelMetaProducerLessBlocking.java:193) - Global results retrieved in getEdges 49ms.
 INFO 2016-04-01 14:01:43,339 [main] (Eval.java:2158) - 
	Get EDGE in 49ms.  
	FOR EDGE{?region igeo:subdivisionDirecte ?departement}

 INFO 2016-04-01 14:01:43,339 [main] (ParallelMetaProducerLessBlocking.java:61) - Searching for edge : ?region igeo:subdivisionDirecte ?departement
 INFO 2016-04-01 14:01:43,339 [pool-19-thread-1] (CallableResult.java:52) - CallableResult for GetEdge
 INFO 2016-04-01 14:01:43,339 [pool-19-thread-2] (CallableResult.java:52) - CallableResult for GetEdge
 INFO 2016-04-01 14:01:43,344 [pool-19-thread-1] (CallableResult.java:63) - Finished CallableResult in 5 ms.
 INFO 2016-04-01 14:01:43,349 [pool-19-thread-2] (CallableResult.java:63) - Finished CallableResult in 10 ms.
 INFO 2016-04-01 14:01:43,349 [main] (ParallelMetaProducerLessBlocking.java:193) - Global results retrieved in getEdges 10ms.
 INFO 2016-04-01 14:01:43,350 [main] (Eval.java:2158) - 
	Get EDGE in 11ms.  
	FOR EDGE{?region igeo:subdivisionDirecte ?departement}

 INFO 2016-04-01 14:01:43,350 [main] (ParallelMetaProducerLessBlocking.java:61) - Searching for edge : ?region igeo:subdivisionDirecte ?departement
 INFO 2016-04-01 14:01:43,350 [pool-20-thread-1] (CallableResult.java:52) - CallableResult for GetEdge
 INFO 2016-04-01 14:01:43,350 [pool-20-thread-2] (CallableResult.java:52) - CallableResult for GetEdge
 INFO 2016-04-01 14:01:43,354 [pool-20-thread-1] (CallableResult.java:63) - Finished CallableResult in 4 ms.
 INFO 2016-04-01 14:01:43,357 [pool-20-thread-2] (CallableResult.java:63) - Finished CallableResult in 7 ms.
 INFO 2016-04-01 14:01:43,358 [main] (ParallelMetaProducerLessBlocking.java:193) - Global results retrieved in getEdges 8ms.
 INFO 2016-04-01 14:01:43,358 [main] (Eval.java:2158) - 
	Get EDGE in 8ms.  
	FOR EDGE{?region igeo:subdivisionDirecte ?departement}

 INFO 2016-04-01 14:01:43,359 [main] (ParallelMetaProducerLessBlocking.java:61) - Searching for edge : ?region igeo:subdivisionDirecte ?departement
 INFO 2016-04-01 14:01:43,359 [pool-21-thread-1] (CallableResult.java:52) - CallableResult for GetEdge
 INFO 2016-04-01 14:01:43,359 [pool-21-thread-2] (CallableResult.java:52) - CallableResult for GetEdge
 INFO 2016-04-01 14:01:43,363 [pool-21-thread-1] (CallableResult.java:63) - Finished CallableResult in 4 ms.
 INFO 2016-04-01 14:01:43,370 [pool-21-thread-2] (CallableResult.java:63) - Finished CallableResult in 11 ms.
 INFO 2016-04-01 14:01:43,371 [main] (ParallelMetaProducerLessBlocking.java:193) - Global results retrieved in getEdges 12ms.
 INFO 2016-04-01 14:01:43,371 [main] (Eval.java:2158) - 
	Get EDGE in 13ms.  
	FOR EDGE{?region igeo:subdivisionDirecte ?departement}

 INFO 2016-04-01 14:01:43,371 [main] (ParallelMetaProducerLessBlocking.java:61) - Searching for edge : ?region igeo:subdivisionDirecte ?departement
 INFO 2016-04-01 14:01:43,371 [pool-22-thread-1] (CallableResult.java:52) - CallableResult for GetEdge
 INFO 2016-04-01 14:01:43,371 [pool-22-thread-2] (CallableResult.java:52) - CallableResult for GetEdge
 INFO 2016-04-01 14:01:43,379 [pool-22-thread-2] (CallableResult.java:63) - Finished CallableResult in 8 ms.
 INFO 2016-04-01 14:01:43,398 [pool-22-thread-1] (CallableResult.java:63) - Finished CallableResult in 27 ms.
 INFO 2016-04-01 14:01:43,399 [main] (ParallelMetaProducerLessBlocking.java:193) - Global results retrieved in getEdges 28ms.
 INFO 2016-04-01 14:01:43,399 [main] (Eval.java:2158) - 
	Get EDGE in 28ms.  
	FOR EDGE{?region igeo:subdivisionDirecte ?departement}

 INFO 2016-04-01 14:01:43,399 [main] (ParallelMetaProducerLessBlocking.java:61) - Searching for edge : ?region igeo:subdivisionDirecte ?departement
 INFO 2016-04-01 14:01:43,404 [pool-23-thread-1] (CallableResult.java:52) - CallableResult for GetEdge
 INFO 2016-04-01 14:01:43,404 [pool-23-thread-2] (CallableResult.java:52) - CallableResult for GetEdge
 INFO 2016-04-01 14:01:43,409 [pool-23-thread-1] (CallableResult.java:63) - Finished CallableResult in 6 ms.
 INFO 2016-04-01 14:01:43,411 [pool-23-thread-2] (CallableResult.java:63) - Finished CallableResult in 7 ms.
 INFO 2016-04-01 14:01:43,411 [main] (ParallelMetaProducerLessBlocking.java:193) - Global results retrieved in getEdges 7ms.
 INFO 2016-04-01 14:01:43,412 [main] (Eval.java:2158) - 
	Get EDGE in 13ms.  
	FOR EDGE{?region igeo:subdivisionDirecte ?departement}

 INFO 2016-04-01 14:01:43,412 [main] (ParallelMetaProducerLessBlocking.java:61) - Searching for edge : ?region igeo:subdivisionDirecte ?departement
 INFO 2016-04-01 14:01:43,412 [pool-24-thread-1] (CallableResult.java:52) - CallableResult for GetEdge
 INFO 2016-04-01 14:01:43,416 [pool-24-thread-2] (CallableResult.java:52) - CallableResult for GetEdge
 INFO 2016-04-01 14:01:43,418 [pool-24-thread-1] (CallableResult.java:63) - Finished CallableResult in 6 ms.
 INFO 2016-04-01 14:01:43,422 [pool-24-thread-2] (CallableResult.java:63) - Finished CallableResult in 6 ms.
 INFO 2016-04-01 14:01:43,423 [main] (ParallelMetaProducerLessBlocking.java:193) - Global results retrieved in getEdges 8ms.
 INFO 2016-04-01 14:01:43,423 [main] (Eval.java:2158) - 
	Get EDGE in 11ms.  
	FOR EDGE{?region igeo:subdivisionDirecte ?departement}

 INFO 2016-04-01 14:01:43,423 [main] (ParallelMetaProducerLessBlocking.java:61) - Searching for edge : ?region igeo:subdivisionDirecte ?departement
 INFO 2016-04-01 14:01:43,428 [pool-25-thread-1] (CallableResult.java:52) - CallableResult for GetEdge
 INFO 2016-04-01 14:01:43,428 [pool-25-thread-2] (CallableResult.java:52) - CallableResult for GetEdge
 INFO 2016-04-01 14:01:43,433 [pool-25-thread-1] (CallableResult.java:63) - Finished CallableResult in 5 ms.
 INFO 2016-04-01 14:01:43,435 [pool-25-thread-2] (CallableResult.java:63) - Finished CallableResult in 7 ms.
 INFO 2016-04-01 14:01:43,435 [main] (ParallelMetaProducerLessBlocking.java:193) - Global results retrieved in getEdges 8ms.
 INFO 2016-04-01 14:01:43,436 [main] (Eval.java:2158) - 
	Get EDGE in 13ms.  
	FOR EDGE{?region igeo:subdivisionDirecte ?departement}

 INFO 2016-04-01 14:01:43,436 [main] (ParallelMetaProducerLessBlocking.java:61) - Searching for edge : ?region igeo:subdivisionDirecte ?departement
 INFO 2016-04-01 14:01:43,436 [pool-26-thread-1] (CallableResult.java:52) - CallableResult for GetEdge
 INFO 2016-04-01 14:01:43,437 [pool-26-thread-2] (CallableResult.java:52) - CallableResult for GetEdge
 INFO 2016-04-01 14:01:43,443 [pool-26-thread-2] (CallableResult.java:63) - Finished CallableResult in 6 ms.
 INFO 2016-04-01 14:01:43,445 [pool-26-thread-1] (CallableResult.java:63) - Finished CallableResult in 9 ms.
 INFO 2016-04-01 14:01:43,448 [main] (ParallelMetaProducerLessBlocking.java:193) - Global results retrieved in getEdges 12ms.
 INFO 2016-04-01 14:01:43,449 [main] (Eval.java:2158) - 
	Get EDGE in 13ms.  
	FOR EDGE{?region igeo:subdivisionDirecte ?departement}

 INFO 2016-04-01 14:01:43,449 [main] (ParallelMetaProducerLessBlocking.java:61) - Searching for edge : ?region igeo:subdivisionDirecte ?departement
 INFO 2016-04-01 14:01:43,452 [pool-27-thread-2] (CallableResult.java:52) - CallableResult for GetEdge
 INFO 2016-04-01 14:01:43,452 [pool-27-thread-1] (CallableResult.java:52) - CallableResult for GetEdge
 INFO 2016-04-01 14:01:43,458 [pool-27-thread-2] (CallableResult.java:63) - Finished CallableResult in 6 ms.
 INFO 2016-04-01 14:01:43,463 [pool-27-thread-1] (CallableResult.java:63) - Finished CallableResult in 11 ms.
 INFO 2016-04-01 14:01:43,463 [main] (ParallelMetaProducerLessBlocking.java:193) - Global results retrieved in getEdges 12ms.
 INFO 2016-04-01 14:01:43,463 [main] (Eval.java:2158) - 
	Get EDGE in 14ms.  
	FOR EDGE{?region igeo:subdivisionDirecte ?departement}

 INFO 2016-04-01 14:01:43,464 [main] (ParallelMetaProducerLessBlocking.java:61) - Searching for edge : ?region igeo:subdivisionDirecte ?departement
 INFO 2016-04-01 14:01:43,468 [pool-28-thread-1] (CallableResult.java:52) - CallableResult for GetEdge
 INFO 2016-04-01 14:01:43,468 [pool-28-thread-2] (CallableResult.java:52) - CallableResult for GetEdge
 INFO 2016-04-01 14:01:43,480 [pool-28-thread-1] (CallableResult.java:63) - Finished CallableResult in 12 ms.
 INFO 2016-04-01 14:01:43,480 [pool-28-thread-2] (CallableResult.java:63) - Finished CallableResult in 12 ms.
 INFO 2016-04-01 14:01:43,482 [main] (ParallelMetaProducerLessBlocking.java:193) - Global results retrieved in getEdges 14ms.
 INFO 2016-04-01 14:01:43,482 [main] (Eval.java:2158) - 
	Get EDGE in 18ms.  
	FOR EDGE{?region igeo:subdivisionDirecte ?departement}

 INFO 2016-04-01 14:01:43,482 [main] (Eval.java:2158) - 
	Get EDGE in 541ms.  
	FOR EDGE{?region igeo:codeRegion ?v}

 INFO 2016-04-01 14:01:43,482 [main] (ParallelMetaProducerLessBlocking.java:214) - Searching for BGP : BGP{EDGE{?departement igeo:nom ?nom} }
 INFO 2016-04-01 14:01:43,483 [pool-29-thread-1] (CallableResult.java:56) - CallableResult for GetMappings
 INFO 2016-04-01 14:01:43,483 [pool-29-thread-2] (CallableResult.java:56) - CallableResult for GetMappings
 INFO 2016-04-01 14:01:43,483 [pool-29-thread-1] (RemoteQueryOptimizerFull.java:144) - BGP QUERY: 
 SELECT * WHERE { 
	 ?departement igeo:nom ?nom . 
 } 
 INFO 2016-04-01 14:01:43,483 [pool-29-thread-2] (RemoteQueryOptimizerFull.java:144) - BGP QUERY: 
 SELECT * WHERE { 
	 ?departement igeo:nom ?nom . 
 } 
 INFO 2016-04-01 14:01:43,499 [pool-29-thread-2] (CallableResult.java:59) - RESULTS: 12 FROM http://localhost:8087/sparql
 INFO 2016-04-01 14:01:43,500 [pool-29-thread-2] (CallableResult.java:63) - Finished CallableResult in 17 ms.
 INFO 2016-04-01 14:01:43,503 [pool-29-thread-1] (CallableResult.java:59) - RESULTS: 45 FROM http://localhost:8086/sparql
 INFO 2016-04-01 14:01:43,503 [pool-29-thread-1] (CallableResult.java:63) - Finished CallableResult in 20 ms.
 INFO 2016-04-01 14:01:43,505 [main] (ParallelMetaProducerLessBlocking.java:255) - Global results retrieved in getMappings 22ms.
 INFO 2016-04-01 14:01:43,506 [main] (Eval.java:1660) - 
	GET MAPPINGS in 24ms.
	 FOR BGP{EDGE{?departement igeo:nom ?nom} }

 INFO 2016-04-01 14:01:43,510 [main] (ProviderImplCostMonitoring.java:229) - ** Provider: 
prefix idemo: <http://rdf.insee.fr/def/demo#>
prefix igeo: <http://rdf.insee.fr/def/geo#>
select * 
where
{?departement idemo:population ?popLeg . 
?popLeg idemo:populationTotale ?popTotale . 
filter ((((((((((((((((((((?departement = <http://id.insee.fr/geo/departement/38>) || (?departement = <http://id.insee.fr/geo/departement/74>)) || (?departement = <http://id.insee.fr/geo/departement/42>)) || (?departement = <http://id.insee.fr/geo/departement/26>)) || (?departement = <http://id.insee.fr/geo/departement/73>)) || (?departement = <http://id.insee.fr/geo/departement/69>)) || (?departement = <http://id.insee.fr/geo/departement/13>)) || (?departement = <http://id.insee.fr/geo/departement/51>)) || (?departement = <http://id.insee.fr/geo/departement/10>)) || (?departement = <http://id.insee.fr/geo/departement/52>)) || (?departement = <http://id.insee.fr/geo/departement/90>)) || (?departement = <http://id.insee.fr/geo/departement/54>)) || (?departement = <http://id.insee.fr/geo/departement/976>)) || (?departement = <http://id.insee.fr/geo/departement/12>)) || (?departement = <http://id.insee.fr/geo/departement/65>)) || (?departement = <http://id.insee.fr/geo/departement/62>)) || (?departement = <http://id.insee.fr/geo/departement/39>)) || (?departement = <http://id.insee.fr/geo/departement/25>)) || (?departement = <http://id.insee.fr/geo/departement/23>)) || (?departement = <http://id.insee.fr/geo/departement/78>)) }


 INFO 2016-04-01 14:01:43,658 [main] (ProviderImplCostMonitoring.java:229) - ** Provider: 
prefix idemo: <http://rdf.insee.fr/def/demo#>
prefix igeo: <http://rdf.insee.fr/def/geo#>
select * 
where
{?departement idemo:population ?popLeg . 
?popLeg idemo:populationTotale ?popTotale . 
filter ((((((((((((((((((((?departement = <http://id.insee.fr/geo/departement/75>) || (?departement = <http://id.insee.fr/geo/departement/77>)) || (?departement = <http://id.insee.fr/geo/departement/91>)) || (?departement = <http://id.insee.fr/geo/departement/64>)) || (?departement = <http://id.insee.fr/geo/departement/24>)) || (?departement = <http://id.insee.fr/geo/departement/33>)) || (?departement = <http://id.insee.fr/geo/departement/21>)) || (?departement = <http://id.insee.fr/geo/departement/71>)) || (?departement = <http://id.insee.fr/geo/departement/14>)) || (?departement = <http://id.insee.fr/geo/departement/50>)) || (?departement = <http://id.insee.fr/geo/departement/61>)) || (?departement = <http://id.insee.fr/geo/departement/36>)) || (?departement = <http://id.insee.fr/geo/departement/37>)) || (?departement = <http://id.insee.fr/geo/departement/28>)) || (?departement = <http://id.insee.fr/geo/departement/27>)) || (?departement = <http://id.insee.fr/geo/departement/76>)) || (?departement = <http://id.insee.fr/geo/departement/79>)) || (?departement = <http://id.insee.fr/geo/departement/17>)) || (?departement = <http://id.insee.fr/geo/departement/16>)) || (?departement = <http://id.insee.fr/geo/departement/29>)) }


 INFO 2016-04-01 14:01:43,836 [main] (ProviderImplCostMonitoring.java:229) - ** Provider: 
prefix idemo: <http://rdf.insee.fr/def/demo#>
prefix igeo: <http://rdf.insee.fr/def/geo#>
select * 
where
{?departement idemo:population ?popLeg . 
?popLeg idemo:populationTotale ?popTotale . 
filter (((((((((((((((?departement = <http://id.insee.fr/geo/departement/35>) || (?departement = <http://id.insee.fr/geo/departement/22>)) || (?departement = <http://id.insee.fr/geo/departement/60>)) || (?departement = <http://id.insee.fr/geo/departement/72>)) || (?departement = <http://id.insee.fr/geo/departement/53>)) || (?departement = <http://id.insee.fr/geo/departement/15>)) || (?departement = <http://id.insee.fr/geo/departement/63>)) || (?departement = <http://id.insee.fr/geo/departement/974>)) || (?departement = <http://id.insee.fr/geo/departement/973>)) || (?departement = <http://id.insee.fr/geo/departement/972>)) || (?departement = <http://id.insee.fr/geo/departement/2A>)) || (?departement = <http://id.insee.fr/geo/departement/971>)) || (?departement = <http://id.insee.fr/geo/departement/66>)) || (?departement = <http://id.insee.fr/geo/departement/11>)) || (?departement = <http://id.insee.fr/geo/departement/34>)) }


 INFO 2016-04-01 14:01:43,943 [main] (Eval.java:1706) - 
	SERVICE in 434ms.  
	FOR [BGP{EDGE{?departement idemo:population ?popLeg} EDGE{?popLeg idemo:populationTotale ?popTotale} }]

 INFO 2016-04-01 14:01:43,945 [main] (TestDQP.java:205) - 54 results in 1247 ms
 INFO 2016-04-01 14:01:43,946 [main] (TestDQP.java:206) - 
01 ?nom = "Creuse"; ?popTotale = 125714; 
02 ?nom = "Territoire de Belfort"; ?popTotale = 147777; 
03 ?nom = "Corse-du-Sud"; ?popTotale = 151621; 
04 ?nom = "Cantal"; ?popTotale = 152797; 
05 ?nom = "Haute-Marne"; ?popTotale = 188083; 
06 ?nom = "Indre"; ?popTotale = 235181; 
07 ?nom = "Hautes-Pyrénées"; ?popTotale = 236728; 
08 ?nom = "Guyane"; ?popTotale = 246507; 
09 ?nom = "Jura"; ?popTotale = 270914; 
10 ?nom = "Aveyron"; ?popTotale = 289257; 
11 ?nom = "Orne"; ?popTotale = 298248; 
12 ?nom = "Aube"; ?popTotale = 314825; 
13 ?nom = "Mayenne"; ?popTotale = 318095; 
14 ?nom = "Charente"; ?popTotale = 366587; 
15 ?nom = "Aude"; ?popTotale = 374868; 
16 ?nom = "Deux-Sèvres"; ?popTotale = 383079; 
17 ?nom = "Martinique"; ?popTotale = 391837; 
18 ?nom = "Guadeloupe"; ?popTotale = 409055; 
19 ?nom = "Dordogne"; ?popTotale = 429579; 
20 ?nom = "Savoie"; ?popTotale = 437915; 
21 ?nom = "Eure-et-Loir"; ?popTotale = 444385; 
22 ?nom = "Pyrénées-Orientales"; ?popTotale = 471573; 
23 ?nom = "Drôme"; ?popTotale = 509444; 
24 ?nom = "Manche"; ?popTotale = 518364; 
25 ?nom = "Côte-d\'Or"; ?popTotale = 543648; 
26 ?nom = "Doubs"; ?popTotale = 548026; 
27 ?nom = "Saône-et-Loire"; ?popTotale = 575097; 
28 ?nom = "Marne"; ?popTotale = 583691; 
29 ?nom = "Sarthe"; ?popTotale = 584865; 
30 ?nom = "Eure"; ?popTotale = 612518; 
31 ?nom = "Indre-et-Loire"; ?popTotale = 615557; 
32 ?nom = "Côtes-d\'Armor"; ?popTotale = 617565; 
33 ?nom = "Charente-Maritime"; ?popTotale = 652610; 
34 ?nom = "Puy-de-Dôme"; ?popTotale = 658489; 
35 ?nom = "Pyrénées-Atlantiques"; ?popTotale = 685564; 
36 ?nom = "Calvados"; ?popTotale = 706635; 
37 ?nom = "Meurthe-et-Moselle"; ?popTotale = 745398; 
38 ?nom = "Loire"; ?popTotale = 774144; 
39 ?nom = "Haute-Savoie"; ?popTotale = 793342; 
40 ?nom = "Oise"; ?popTotale = 835918; 
41 ?nom = "La Réunion"; ?popTotale = 844741; 
42 ?nom = "Finistère"; ?popTotale = 934625; 
43 ?nom = "Ille-et-Vilaine"; ?popTotale = 1047873; 
44 ?nom = "Hérault"; ?popTotale = 1111881; 
45 ?nom = "Isère"; ?popTotale = 1263850; 
46 ?nom = "Essonne"; ?popTotale = 1273233; 
47 ?nom = "Seine-Maritime"; ?popTotale = 1280410; 
48 ?nom = "Seine-et-Marne"; ?popTotale = 1387830; 
49 ?nom = "Yvelines"; ?popTotale = 1446301; 
50 ?nom = "Pas-de-Calais"; ?popTotale = 1491735; 
51 ?nom = "Gironde"; ?popTotale = 1536448; 
52 ?nom = "Rhône"; ?popTotale = 1812196; 
53 ?nom = "Bouches-du-Rhône"; ?popTotale = 2022604; 
54 ?nom = "Paris"; ?popTotale = 2254262; 

 INFO 2016-04-01 14:01:43,946 [main] (TestDQP.java:207) - Remote queries
 INFO 2016-04-01 14:01:43,947 [main] (TestDQP.java:208) - =========
	?region igeo:subdivisionDirecte ?departement
	44
--
	?region igeo:codeRegion ?v
	2
--
	BGP{EDGE{?departement igeo:nom ?nom} }
	2
--
	prefix idemo: <http://rdf.insee.fr/def/demo#> prefix igeo: <http://rdf.insee.fr/def/geo#> select *  where {?departement idemo:population ?popLeg .  ?popLeg idemo:populationTotale ?popTotale .  filter ((((((((((((((((((((?departement = <http://id.insee.fr/geo/departement/75>) || (?departement = <http://id.insee.fr/geo/departement/77>)) || (?departement = <http://id.insee.fr/geo/departement/91>)) || (?departement = <http://id.insee.fr/geo/departement/64>)) || (?departement = <http://id.insee.fr/geo/departement/24>)) || (?departement = <http://id.insee.fr/geo/departement/33>)) || (?departement = <http://id.insee.fr/geo/departement/21>)) || (?departement = <http://id.insee.fr/geo/departement/71>)) || (?departement = <http://id.insee.fr/geo/departement/14>)) || (?departement = <http://id.insee.fr/geo/departement/50>)) || (?departement = <http://id.insee.fr/geo/departement/61>)) || (?departement = <http://id.insee.fr/geo/departement/36>)) || (?departement = <http://id.insee.fr/geo/departement/37>)) || (?departement = <http://id.insee.fr/geo/departement/28>)) || (?departement = <http://id.insee.fr/geo/departement/27>)) || (?departement = <http://id.insee.fr/geo/departement/76>)) || (?departement = <http://id.insee.fr/geo/departement/79>)) || (?departement = <http://id.insee.fr/geo/departement/17>)) || (?departement = <http://id.insee.fr/geo/departement/16>)) || (?departement = <http://id.insee.fr/geo/departement/29>)) }  
	1
--
	prefix idemo: <http://rdf.insee.fr/def/demo#> prefix igeo: <http://rdf.insee.fr/def/geo#> select *  where {?departement idemo:population ?popLeg .  ?popLeg idemo:populationTotale ?popTotale .  filter (((((((((((((((?departement = <http://id.insee.fr/geo/departement/35>) || (?departement = <http://id.insee.fr/geo/departement/22>)) || (?departement = <http://id.insee.fr/geo/departement/60>)) || (?departement = <http://id.insee.fr/geo/departement/72>)) || (?departement = <http://id.insee.fr/geo/departement/53>)) || (?departement = <http://id.insee.fr/geo/departement/15>)) || (?departement = <http://id.insee.fr/geo/departement/63>)) || (?departement = <http://id.insee.fr/geo/departement/974>)) || (?departement = <http://id.insee.fr/geo/departement/973>)) || (?departement = <http://id.insee.fr/geo/departement/972>)) || (?departement = <http://id.insee.fr/geo/departement/2A>)) || (?departement = <http://id.insee.fr/geo/departement/971>)) || (?departement = <http://id.insee.fr/geo/departement/66>)) || (?departement = <http://id.insee.fr/geo/departement/11>)) || (?departement = <http://id.insee.fr/geo/departement/34>)) }  
	1
--
	prefix idemo: <http://rdf.insee.fr/def/demo#> prefix igeo: <http://rdf.insee.fr/def/geo#> select *  where {?departement idemo:population ?popLeg .  ?popLeg idemo:populationTotale ?popTotale .  filter ((((((((((((((((((((?departement = <http://id.insee.fr/geo/departement/38>) || (?departement = <http://id.insee.fr/geo/departement/74>)) || (?departement = <http://id.insee.fr/geo/departement/42>)) || (?departement = <http://id.insee.fr/geo/departement/26>)) || (?departement = <http://id.insee.fr/geo/departement/73>)) || (?departement = <http://id.insee.fr/geo/departement/69>)) || (?departement = <http://id.insee.fr/geo/departement/13>)) || (?departement = <http://id.insee.fr/geo/departement/51>)) || (?departement = <http://id.insee.fr/geo/departement/10>)) || (?departement = <http://id.insee.fr/geo/departement/52>)) || (?departement = <http://id.insee.fr/geo/departement/90>)) || (?departement = <http://id.insee.fr/geo/departement/54>)) || (?departement = <http://id.insee.fr/geo/departement/976>)) || (?departement = <http://id.insee.fr/geo/departement/12>)) || (?departement = <http://id.insee.fr/geo/departement/65>)) || (?departement = <http://id.insee.fr/geo/departement/62>)) || (?departement = <http://id.insee.fr/geo/departement/39>)) || (?departement = <http://id.insee.fr/geo/departement/25>)) || (?departement = <http://id.insee.fr/geo/departement/23>)) || (?departement = <http://id.insee.fr/geo/departement/78>)) }  
	1
--
	BGP{EDGE{?region igeo:codeRegion ?v} EDGE{?region igeo:subdivisionDirecte ?departement} }
	1
--
	>====  Sum = 52  =====

 INFO 2016-04-01 14:01:43,947 [main] (TestDQP.java:209) - Transferred results per query
 INFO 2016-04-01 14:01:43,947 [main] (TestDQP.java:210) - =========
	?region igeo:subdivisionDirecte ?departement
	41
--
	?region igeo:codeRegion ?v
	33
--
	BGP{EDGE{?departement igeo:nom ?nom} }
	57
--
	prefix idemo: <http://rdf.insee.fr/def/demo#> prefix igeo: <http://rdf.insee.fr/def/geo#> select *  where {?departement idemo:population ?popLeg .  ?popLeg idemo:populationTotale ?popTotale .  filter ((((((((((((((((((((?departement = <http://id.insee.fr/geo/departement/75>) || (?departement = <http://id.insee.fr/geo/departement/77>)) || (?departement = <http://id.insee.fr/geo/departement/91>)) || (?departement = <http://id.insee.fr/geo/departement/64>)) || (?departement = <http://id.insee.fr/geo/departement/24>)) || (?departement = <http://id.insee.fr/geo/departement/33>)) || (?departement = <http://id.insee.fr/geo/departement/21>)) || (?departement = <http://id.insee.fr/geo/departement/71>)) || (?departement = <http://id.insee.fr/geo/departement/14>)) || (?departement = <http://id.insee.fr/geo/departement/50>)) || (?departement = <http://id.insee.fr/geo/departement/61>)) || (?departement = <http://id.insee.fr/geo/departement/36>)) || (?departement = <http://id.insee.fr/geo/departement/37>)) || (?departement = <http://id.insee.fr/geo/departement/28>)) || (?departement = <http://id.insee.fr/geo/departement/27>)) || (?departement = <http://id.insee.fr/geo/departement/76>)) || (?departement = <http://id.insee.fr/geo/departement/79>)) || (?departement = <http://id.insee.fr/geo/departement/17>)) || (?departement = <http://id.insee.fr/geo/departement/16>)) || (?departement = <http://id.insee.fr/geo/departement/29>)) }  
	20
--
	prefix idemo: <http://rdf.insee.fr/def/demo#> prefix igeo: <http://rdf.insee.fr/def/geo#> select *  where {?departement idemo:population ?popLeg .  ?popLeg idemo:populationTotale ?popTotale .  filter (((((((((((((((?departement = <http://id.insee.fr/geo/departement/35>) || (?departement = <http://id.insee.fr/geo/departement/22>)) || (?departement = <http://id.insee.fr/geo/departement/60>)) || (?departement = <http://id.insee.fr/geo/departement/72>)) || (?departement = <http://id.insee.fr/geo/departement/53>)) || (?departement = <http://id.insee.fr/geo/departement/15>)) || (?departement = <http://id.insee.fr/geo/departement/63>)) || (?departement = <http://id.insee.fr/geo/departement/974>)) || (?departement = <http://id.insee.fr/geo/departement/973>)) || (?departement = <http://id.insee.fr/geo/departement/972>)) || (?departement = <http://id.insee.fr/geo/departement/2A>)) || (?departement = <http://id.insee.fr/geo/departement/971>)) || (?departement = <http://id.insee.fr/geo/departement/66>)) || (?departement = <http://id.insee.fr/geo/departement/11>)) || (?departement = <http://id.insee.fr/geo/departement/34>)) }  
	15
--
	prefix idemo: <http://rdf.insee.fr/def/demo#> prefix igeo: <http://rdf.insee.fr/def/geo#> select *  where {?departement idemo:population ?popLeg .  ?popLeg idemo:populationTotale ?popTotale .  filter ((((((((((((((((((((?departement = <http://id.insee.fr/geo/departement/38>) || (?departement = <http://id.insee.fr/geo/departement/74>)) || (?departement = <http://id.insee.fr/geo/departement/42>)) || (?departement = <http://id.insee.fr/geo/departement/26>)) || (?departement = <http://id.insee.fr/geo/departement/73>)) || (?departement = <http://id.insee.fr/geo/departement/69>)) || (?departement = <http://id.insee.fr/geo/departement/13>)) || (?departement = <http://id.insee.fr/geo/departement/51>)) || (?departement = <http://id.insee.fr/geo/departement/10>)) || (?departement = <http://id.insee.fr/geo/departement/52>)) || (?departement = <http://id.insee.fr/geo/departement/90>)) || (?departement = <http://id.insee.fr/geo/departement/54>)) || (?departement = <http://id.insee.fr/geo/departement/976>)) || (?departement = <http://id.insee.fr/geo/departement/12>)) || (?departement = <http://id.insee.fr/geo/departement/65>)) || (?departement = <http://id.insee.fr/geo/departement/62>)) || (?departement = <http://id.insee.fr/geo/departement/39>)) || (?departement = <http://id.insee.fr/geo/departement/25>)) || (?departement = <http://id.insee.fr/geo/departement/23>)) || (?departement = <http://id.insee.fr/geo/departement/78>)) }  
	19
--
	BGP{EDGE{?region igeo:codeRegion ?v} EDGE{?region igeo:subdivisionDirecte ?departement} }
	16
--
	>====  Sum = 201  =====

 INFO 2016-04-01 14:01:43,947 [main] (TestDQP.java:211) - Remote queries per data source
 INFO 2016-04-01 14:01:43,947 [main] (TestDQP.java:212) - =========
	http://localhost:8085/sparql
	20
--
	http://localhost:8088/sparql
	3
--
	http://localhost:8086/sparql
	27
--
	http://localhost:8087/sparql
	2
--
	>====  Sum = 52  =====

 INFO 2016-04-01 14:01:43,947 [main] (TestDQP.java:213) - Transferred results per source
 INFO 2016-04-01 14:01:43,947 [main] (TestDQP.java:214) - =========
	http://localhost:8085/sparql
	24
--
	http://localhost:8088/sparql
	54
--
	http://localhost:8086/sparql
	86
--
	http://localhost:8087/sparql
	37
--
	>====  Sum = 201  =====

