 INFO 2016-04-01 14:01:21,030 [main] (ServiceGrouper.java:84) - Building indices for 
 INFO 2016-04-01 14:01:21,032 [main] (ServiceGrouper.java:85) - {?region igeo:codeRegion ?v . 
?region igeo:subdivisionDirecte ?departement . 
?departement igeo:nom ?nom . 
?departement idemo:population ?popLeg . 
?popLeg idemo:populationTotale ?popTotale . }
 INFO 2016-04-01 14:01:21,250 [main] (ServiceGrouper.java:559) - Edge index
 INFO 2016-04-01 14:01:21,251 [main] (ServiceGrouper.java:575) - Source index
 INFO 2016-04-01 14:01:21,252 [main] (ServiceGrouper.java:259) - Found consecutive triple patterns into {?region igeo:codeRegion ?v . 
?region igeo:subdivisionDirecte ?departement . 
?departement igeo:nom ?nom . 
?departement idemo:population ?popLeg . 
?popLeg idemo:populationTotale ?popTotale . }
 INFO 2016-04-01 14:01:21,253 [main] (ServiceGrouper.java:426) - Processing
[?region igeo:codeRegion ?v . , ?region igeo:subdivisionDirecte ?departement . , ?departement igeo:nom ?nom . , ?departement idemo:population ?popLeg . , ?popLeg idemo:populationTotale ?popTotale . ]
 WARN 2016-04-01 14:01:21,253 [main] (ServiceGrouper.java:446) - Triple pattern ?region igeo:codeRegion ?v .  appears in more than one data source, excluded from SERVICE.
 WARN 2016-04-01 14:01:21,253 [main] (ServiceGrouper.java:446) - Triple pattern ?region igeo:subdivisionDirecte ?departement .  appears in more than one data source, excluded from SERVICE.
 WARN 2016-04-01 14:01:21,254 [main] (ServiceGrouper.java:446) - Triple pattern ?region igeo:subdivisionDirecte ?departement .  appears in more than one data source, excluded from SERVICE.
 WARN 2016-04-01 14:01:21,255 [main] (ServiceGrouper.java:446) - Triple pattern ?departement igeo:nom ?nom .  appears in more than one data source, excluded from SERVICE.
 WARN 2016-04-01 14:01:21,255 [main] (ServiceGrouper.java:446) - Triple pattern ?region igeo:codeRegion ?v .  appears in more than one data source, excluded from SERVICE.
 WARN 2016-04-01 14:01:21,255 [main] (ServiceGrouper.java:446) - Triple pattern ?departement igeo:nom ?nom .  appears in more than one data source, excluded from SERVICE.
 INFO 2016-04-01 14:01:21,256 [main] (ServiceGrouper.java:271) - Ranking : 
 INFO 2016-04-01 14:01:21,256 [main] (ServiceGrouper.java:272) - {?region igeo:codeRegion ?v . 
?region igeo:subdivisionDirecte ?departement . 
service <http://localhost:8088/sparql> {?departement idemo:population ?popLeg . 
?popLeg idemo:populationTotale ?popTotale . }
?departement igeo:nom ?nom . }
 INFO 2016-04-01 14:01:21,256 [main] (ServiceGrouper.java:277) - 2 free variables for ?region igeo:codeRegion ?v . 
 INFO 2016-04-01 14:01:21,257 [main] (ServiceGrouper.java:277) - 2 free variables for ?region igeo:subdivisionDirecte ?departement . 
 INFO 2016-04-01 14:01:21,257 [main] (ServiceGrouper.java:277) - 3 free variables for service <http://localhost:8088/sparql> {?departement idemo:population ?popLeg . 
?popLeg idemo:populationTotale ?popTotale . }
 INFO 2016-04-01 14:01:21,257 [main] (ServiceGrouper.java:277) - 2 free variables for ?departement igeo:nom ?nom . 
 INFO 2016-04-01 14:01:21,257 [main] (ServiceGrouper.java:286) - Sorting services possibly with the same score
 WARN 2016-04-01 14:01:21,258 [main] (ServiceGrouper.java:353) - Searching for ?region igeo:codeRegion ?v .  in [?region igeo:codeRegion ?v . , ?region igeo:subdivisionDirecte ?departement . , ?departement igeo:nom ?nom . , ?departement idemo:population ?popLeg . , ?popLeg idemo:populationTotale ?popTotale . ]
 WARN 2016-04-01 14:01:21,258 [main] (ServiceGrouper.java:353) - Searching for ?departement igeo:nom ?nom .  in [?region igeo:codeRegion ?v . , ?region igeo:subdivisionDirecte ?departement . , ?departement igeo:nom ?nom . , ?departement idemo:population ?popLeg . , ?popLeg idemo:populationTotale ?popTotale . ]
 INFO 2016-04-01 14:01:21,259 [main] (ServiceGrouper.java:328) - Comparing : ?region igeo:codeRegion ?v .  with ?departement igeo:nom ?nom . 
 WARN 2016-04-01 14:01:21,259 [main] (ServiceGrouper.java:353) - Searching for ?region igeo:subdivisionDirecte ?departement .  in [?region igeo:codeRegion ?v . , ?region igeo:subdivisionDirecte ?departement . , ?departement igeo:nom ?nom . , ?departement idemo:population ?popLeg . , ?popLeg idemo:populationTotale ?popTotale . ]
 WARN 2016-04-01 14:01:21,259 [main] (ServiceGrouper.java:353) - Searching for ?region igeo:codeRegion ?v .  in [?region igeo:codeRegion ?v . , ?region igeo:subdivisionDirecte ?departement . , ?departement igeo:nom ?nom . , ?departement idemo:population ?popLeg . , ?popLeg idemo:populationTotale ?popTotale . ]
 INFO 2016-04-01 14:01:21,260 [main] (ServiceGrouper.java:328) - Comparing : ?region igeo:subdivisionDirecte ?departement .  with ?region igeo:codeRegion ?v . 
 WARN 2016-04-01 14:01:21,260 [main] (ServiceGrouper.java:353) - Searching for ?region igeo:subdivisionDirecte ?departement .  in [?region igeo:codeRegion ?v . , ?region igeo:subdivisionDirecte ?departement . , ?departement igeo:nom ?nom . , ?departement idemo:population ?popLeg . , ?popLeg idemo:populationTotale ?popTotale . ]
 WARN 2016-04-01 14:01:21,260 [main] (ServiceGrouper.java:353) - Searching for ?departement igeo:nom ?nom .  in [?region igeo:codeRegion ?v . , ?region igeo:subdivisionDirecte ?departement . , ?departement igeo:nom ?nom . , ?departement idemo:population ?popLeg . , ?popLeg idemo:populationTotale ?popTotale . ]
 INFO 2016-04-01 14:01:21,260 [main] (ServiceGrouper.java:328) - Comparing : ?region igeo:subdivisionDirecte ?departement .  with ?departement igeo:nom ?nom . 
 WARN 2016-04-01 14:01:21,261 [main] (ServiceGrouper.java:353) - Searching for ?region igeo:subdivisionDirecte ?departement .  in [?region igeo:codeRegion ?v . , ?region igeo:subdivisionDirecte ?departement . , ?departement igeo:nom ?nom . , ?departement idemo:population ?popLeg . , ?popLeg idemo:populationTotale ?popTotale . ]
 WARN 2016-04-01 14:01:21,261 [main] (ServiceGrouper.java:353) - Searching for ?region igeo:codeRegion ?v .  in [?region igeo:codeRegion ?v . , ?region igeo:subdivisionDirecte ?departement . , ?departement igeo:nom ?nom . , ?departement idemo:population ?popLeg . , ?popLeg idemo:populationTotale ?popTotale . ]
 INFO 2016-04-01 14:01:21,261 [main] (ServiceGrouper.java:328) - Comparing : ?region igeo:subdivisionDirecte ?departement .  with ?region igeo:codeRegion ?v . 
 INFO 2016-04-01 14:01:21,261 [main] (ServiceGrouper.java:340) - {?region igeo:codeRegion ?v . 
?region igeo:subdivisionDirecte ?departement . 
?departement igeo:nom ?nom . 
service <http://localhost:8088/sparql> {?departement idemo:population ?popLeg . 
?popLeg idemo:populationTotale ?popTotale . }}
 INFO 2016-04-01 14:01:21,261 [main] (ServiceGrouper.java:118) - Final rewritten query
 INFO 2016-04-01 14:01:21,262 [main] (ServiceGrouper.java:119) - prefix idemo: <http://rdf.insee.fr/def/demo#>
prefix igeo: <http://rdf.insee.fr/def/geo#>
select ?nom ?popTotale 
where
{?region igeo:codeRegion ?v . 
?region igeo:subdivisionDirecte ?departement . 
?departement igeo:nom ?nom . 
service <http://localhost:8088/sparql> {?departement idemo:population ?popLeg . 
?popLeg idemo:populationTotale ?popTotale . }}
order by ?popTotale 


 INFO 2016-04-01 14:01:21,264 [main] (ServiceGrouper.java:57) - Building predicates indices for AND{EDGE{?region igeo:codeRegion ?v} EDGE{?region igeo:subdivisionDirecte ?departement} EDGE{?departement igeo:nom ?nom} SERVICE{NODE{<http://localhost:8088/sparql> } select [NODE{?departement }, NODE{?popLeg }, NODE{?popTotale }]
QUERY{AND{EDGE{?departement idemo:population ?popLeg} EDGE{?popLeg idemo:populationTotale ?popTotale} } } } }
 INFO 2016-04-01 14:01:21,264 [main] (ServiceGrouper.java:57) - Building predicates indices for AND{EDGE{?departement idemo:population ?popLeg} EDGE{?popLeg idemo:populationTotale ?popTotale} }
 INFO 2016-04-01 14:01:21,265 [main] (ServiceGrouper.java:65) - END of building index!
 INFO 2016-04-01 14:01:21,265 [main] (ServiceGrouper.java:65) - END of building index!
 INFO 2016-04-01 14:01:21,282 [main] (ParallelMetaProducerLessBlocking.java:214) - Searching for BGP : BGP{EDGE{?region igeo:codeRegion ?v} EDGE{?region igeo:subdivisionDirecte ?departement} }
 INFO 2016-04-01 14:01:21,284 [pool-1-thread-1] (CallableResult.java:56) - CallableResult for GetMappings
 INFO 2016-04-01 14:01:21,285 [pool-1-thread-1] (RemoteQueryOptimizerFull.java:144) - BGP QUERY: 
 SELECT * WHERE { 
	 ?region igeo:codeRegion ?v . 
 	 ?region igeo:subdivisionDirecte ?departement . 
 } 
 INFO 2016-04-01 14:01:21,319 [pool-1-thread-1] (CallableResult.java:59) - RESULTS: 16 FROM http://localhost:8085/sparql
 INFO 2016-04-01 14:01:21,320 [pool-1-thread-1] (CallableResult.java:63) - Finished CallableResult in 36 ms.
 INFO 2016-04-01 14:01:21,320 [main] (ParallelMetaProducerLessBlocking.java:255) - Global results retrieved in getMappings 36ms.
 INFO 2016-04-01 14:01:21,321 [main] (Eval.java:1660) - 
	GET MAPPINGS in 42ms.
	 FOR BGP{EDGE{?region igeo:codeRegion ?v} EDGE{?region igeo:subdivisionDirecte ?departement} }

 INFO 2016-04-01 14:01:21,321 [main] (ParallelMetaProducerLessBlocking.java:61) - Searching for edge : ?region igeo:codeRegion ?v
 INFO 2016-04-01 14:01:21,322 [pool-2-thread-1] (CallableResult.java:52) - CallableResult for GetEdge
 INFO 2016-04-01 14:01:21,322 [pool-2-thread-2] (CallableResult.java:52) - CallableResult for GetEdge
 INFO 2016-04-01 14:01:21,435 [pool-2-thread-1] (CallableResult.java:63) - Finished CallableResult in 113 ms.
 INFO 2016-04-01 14:01:21,490 [pool-2-thread-2] (CallableResult.java:63) - Finished CallableResult in 168 ms.
 INFO 2016-04-01 14:01:21,497 [main] (ParallelMetaProducerLessBlocking.java:193) - Global results retrieved in getEdges 175ms.
 INFO 2016-04-01 14:01:21,498 [main] (ParallelMetaProducerLessBlocking.java:61) - Searching for edge : ?region igeo:subdivisionDirecte ?departement
 INFO 2016-04-01 14:01:21,499 [pool-3-thread-1] (CallableResult.java:52) - CallableResult for GetEdge
 INFO 2016-04-01 14:01:21,509 [pool-3-thread-1] (CallableResult.java:63) - Finished CallableResult in 10 ms.
 INFO 2016-04-01 14:01:21,509 [main] (ParallelMetaProducerLessBlocking.java:193) - Global results retrieved in getEdges 10ms.
 INFO 2016-04-01 14:01:21,510 [main] (Eval.java:2158) - 
	Get EDGE in 12ms.  
	FOR EDGE{?region igeo:subdivisionDirecte ?departement}

 INFO 2016-04-01 14:01:21,510 [main] (ParallelMetaProducerLessBlocking.java:61) - Searching for edge : ?region igeo:subdivisionDirecte ?departement
 INFO 2016-04-01 14:01:21,510 [pool-4-thread-1] (CallableResult.java:52) - CallableResult for GetEdge
 INFO 2016-04-01 14:01:21,515 [pool-4-thread-1] (CallableResult.java:63) - Finished CallableResult in 5 ms.
 INFO 2016-04-01 14:01:21,515 [main] (ParallelMetaProducerLessBlocking.java:193) - Global results retrieved in getEdges 5ms.
 INFO 2016-04-01 14:01:21,515 [main] (Eval.java:2158) - 
	Get EDGE in 5ms.  
	FOR EDGE{?region igeo:subdivisionDirecte ?departement}

 INFO 2016-04-01 14:01:21,516 [main] (ParallelMetaProducerLessBlocking.java:61) - Searching for edge : ?region igeo:subdivisionDirecte ?departement
 INFO 2016-04-01 14:01:21,516 [pool-5-thread-1] (CallableResult.java:52) - CallableResult for GetEdge
 INFO 2016-04-01 14:01:21,520 [pool-5-thread-1] (CallableResult.java:63) - Finished CallableResult in 4 ms.
 INFO 2016-04-01 14:01:21,521 [main] (ParallelMetaProducerLessBlocking.java:193) - Global results retrieved in getEdges 5ms.
 INFO 2016-04-01 14:01:21,521 [main] (Eval.java:2158) - 
	Get EDGE in 5ms.  
	FOR EDGE{?region igeo:subdivisionDirecte ?departement}

 INFO 2016-04-01 14:01:21,521 [main] (ParallelMetaProducerLessBlocking.java:61) - Searching for edge : ?region igeo:subdivisionDirecte ?departement
 INFO 2016-04-01 14:01:21,522 [pool-6-thread-1] (CallableResult.java:52) - CallableResult for GetEdge
 INFO 2016-04-01 14:01:21,527 [pool-6-thread-1] (CallableResult.java:63) - Finished CallableResult in 5 ms.
 INFO 2016-04-01 14:01:21,527 [main] (ParallelMetaProducerLessBlocking.java:193) - Global results retrieved in getEdges 5ms.
 INFO 2016-04-01 14:01:21,527 [main] (Eval.java:2158) - 
	Get EDGE in 6ms.  
	FOR EDGE{?region igeo:subdivisionDirecte ?departement}

 INFO 2016-04-01 14:01:21,527 [main] (ParallelMetaProducerLessBlocking.java:61) - Searching for edge : ?region igeo:subdivisionDirecte ?departement
 INFO 2016-04-01 14:01:21,528 [pool-7-thread-1] (CallableResult.java:52) - CallableResult for GetEdge
 INFO 2016-04-01 14:01:21,532 [pool-7-thread-1] (CallableResult.java:63) - Finished CallableResult in 4 ms.
 INFO 2016-04-01 14:01:21,532 [main] (ParallelMetaProducerLessBlocking.java:193) - Global results retrieved in getEdges 4ms.
 INFO 2016-04-01 14:01:21,532 [main] (Eval.java:2158) - 
	Get EDGE in 5ms.  
	FOR EDGE{?region igeo:subdivisionDirecte ?departement}

 INFO 2016-04-01 14:01:21,533 [main] (ParallelMetaProducerLessBlocking.java:61) - Searching for edge : ?region igeo:subdivisionDirecte ?departement
 INFO 2016-04-01 14:01:21,533 [pool-8-thread-1] (CallableResult.java:52) - CallableResult for GetEdge
 INFO 2016-04-01 14:01:21,554 [pool-8-thread-1] (CallableResult.java:63) - Finished CallableResult in 21 ms.
 INFO 2016-04-01 14:01:21,554 [main] (ParallelMetaProducerLessBlocking.java:193) - Global results retrieved in getEdges 21ms.
 INFO 2016-04-01 14:01:21,554 [main] (Eval.java:2158) - 
	Get EDGE in 21ms.  
	FOR EDGE{?region igeo:subdivisionDirecte ?departement}

 INFO 2016-04-01 14:01:21,555 [main] (ParallelMetaProducerLessBlocking.java:61) - Searching for edge : ?region igeo:subdivisionDirecte ?departement
 INFO 2016-04-01 14:01:21,555 [pool-9-thread-1] (CallableResult.java:52) - CallableResult for GetEdge
 INFO 2016-04-01 14:01:21,559 [pool-9-thread-1] (CallableResult.java:63) - Finished CallableResult in 4 ms.
 INFO 2016-04-01 14:01:21,560 [main] (ParallelMetaProducerLessBlocking.java:193) - Global results retrieved in getEdges 5ms.
 INFO 2016-04-01 14:01:21,560 [main] (Eval.java:2158) - 
	Get EDGE in 5ms.  
	FOR EDGE{?region igeo:subdivisionDirecte ?departement}

 INFO 2016-04-01 14:01:21,560 [main] (ParallelMetaProducerLessBlocking.java:61) - Searching for edge : ?region igeo:subdivisionDirecte ?departement
 INFO 2016-04-01 14:01:21,561 [pool-10-thread-1] (CallableResult.java:52) - CallableResult for GetEdge
 INFO 2016-04-01 14:01:21,570 [pool-10-thread-1] (CallableResult.java:63) - Finished CallableResult in 9 ms.
 INFO 2016-04-01 14:01:21,570 [main] (ParallelMetaProducerLessBlocking.java:193) - Global results retrieved in getEdges 9ms.
 INFO 2016-04-01 14:01:21,571 [main] (Eval.java:2158) - 
	Get EDGE in 11ms.  
	FOR EDGE{?region igeo:subdivisionDirecte ?departement}

 INFO 2016-04-01 14:01:21,571 [main] (ParallelMetaProducerLessBlocking.java:61) - Searching for edge : ?region igeo:subdivisionDirecte ?departement
 INFO 2016-04-01 14:01:21,571 [pool-11-thread-1] (CallableResult.java:52) - CallableResult for GetEdge
 INFO 2016-04-01 14:01:21,571 [pool-11-thread-2] (CallableResult.java:52) - CallableResult for GetEdge
 INFO 2016-04-01 14:01:21,576 [pool-11-thread-1] (CallableResult.java:63) - Finished CallableResult in 4 ms.
 INFO 2016-04-01 14:01:21,579 [pool-11-thread-2] (CallableResult.java:63) - Finished CallableResult in 8 ms.
 INFO 2016-04-01 14:01:21,580 [main] (ParallelMetaProducerLessBlocking.java:193) - Global results retrieved in getEdges 9ms.
 INFO 2016-04-01 14:01:21,581 [main] (Eval.java:2158) - 
	Get EDGE in 9ms.  
	FOR EDGE{?region igeo:subdivisionDirecte ?departement}

 INFO 2016-04-01 14:01:21,581 [main] (ParallelMetaProducerLessBlocking.java:61) - Searching for edge : ?region igeo:subdivisionDirecte ?departement
 INFO 2016-04-01 14:01:21,581 [pool-12-thread-1] (CallableResult.java:52) - CallableResult for GetEdge
 INFO 2016-04-01 14:01:21,581 [pool-12-thread-2] (CallableResult.java:52) - CallableResult for GetEdge
 INFO 2016-04-01 14:01:21,586 [pool-12-thread-1] (CallableResult.java:63) - Finished CallableResult in 5 ms.
 INFO 2016-04-01 14:01:21,592 [pool-12-thread-2] (CallableResult.java:63) - Finished CallableResult in 11 ms.
 INFO 2016-04-01 14:01:21,592 [main] (ParallelMetaProducerLessBlocking.java:193) - Global results retrieved in getEdges 11ms.
 INFO 2016-04-01 14:01:21,592 [main] (Eval.java:2158) - 
	Get EDGE in 11ms.  
	FOR EDGE{?region igeo:subdivisionDirecte ?departement}

 INFO 2016-04-01 14:01:21,592 [main] (ParallelMetaProducerLessBlocking.java:61) - Searching for edge : ?region igeo:subdivisionDirecte ?departement
 INFO 2016-04-01 14:01:21,593 [pool-13-thread-1] (CallableResult.java:52) - CallableResult for GetEdge
 INFO 2016-04-01 14:01:21,593 [pool-13-thread-2] (CallableResult.java:52) - CallableResult for GetEdge
 INFO 2016-04-01 14:01:21,597 [pool-13-thread-1] (CallableResult.java:63) - Finished CallableResult in 4 ms.
 INFO 2016-04-01 14:01:21,604 [pool-13-thread-2] (CallableResult.java:63) - Finished CallableResult in 11 ms.
 INFO 2016-04-01 14:01:21,605 [main] (ParallelMetaProducerLessBlocking.java:193) - Global results retrieved in getEdges 12ms.
 INFO 2016-04-01 14:01:21,605 [main] (Eval.java:2158) - 
	Get EDGE in 13ms.  
	FOR EDGE{?region igeo:subdivisionDirecte ?departement}

 INFO 2016-04-01 14:01:21,606 [main] (ParallelMetaProducerLessBlocking.java:61) - Searching for edge : ?region igeo:subdivisionDirecte ?departement
 INFO 2016-04-01 14:01:21,606 [pool-14-thread-1] (CallableResult.java:52) - CallableResult for GetEdge
 INFO 2016-04-01 14:01:21,606 [pool-14-thread-2] (CallableResult.java:52) - CallableResult for GetEdge
 INFO 2016-04-01 14:01:21,612 [pool-14-thread-1] (CallableResult.java:63) - Finished CallableResult in 6 ms.
 INFO 2016-04-01 14:01:21,616 [pool-14-thread-2] (CallableResult.java:63) - Finished CallableResult in 10 ms.
 INFO 2016-04-01 14:01:21,616 [main] (ParallelMetaProducerLessBlocking.java:193) - Global results retrieved in getEdges 10ms.
 INFO 2016-04-01 14:01:21,616 [main] (Eval.java:2158) - 
	Get EDGE in 10ms.  
	FOR EDGE{?region igeo:subdivisionDirecte ?departement}

 INFO 2016-04-01 14:01:21,617 [main] (ParallelMetaProducerLessBlocking.java:61) - Searching for edge : ?region igeo:subdivisionDirecte ?departement
 INFO 2016-04-01 14:01:21,617 [pool-15-thread-1] (CallableResult.java:52) - CallableResult for GetEdge
 INFO 2016-04-01 14:01:21,617 [pool-15-thread-2] (CallableResult.java:52) - CallableResult for GetEdge
 INFO 2016-04-01 14:01:21,622 [pool-15-thread-1] (CallableResult.java:63) - Finished CallableResult in 5 ms.
 INFO 2016-04-01 14:01:21,626 [pool-15-thread-2] (CallableResult.java:63) - Finished CallableResult in 9 ms.
 INFO 2016-04-01 14:01:21,627 [main] (ParallelMetaProducerLessBlocking.java:193) - Global results retrieved in getEdges 10ms.
 INFO 2016-04-01 14:01:21,627 [main] (Eval.java:2158) - 
	Get EDGE in 10ms.  
	FOR EDGE{?region igeo:subdivisionDirecte ?departement}

 INFO 2016-04-01 14:01:21,627 [main] (ParallelMetaProducerLessBlocking.java:61) - Searching for edge : ?region igeo:subdivisionDirecte ?departement
 INFO 2016-04-01 14:01:21,628 [pool-16-thread-1] (CallableResult.java:52) - CallableResult for GetEdge
 INFO 2016-04-01 14:01:21,628 [pool-16-thread-2] (CallableResult.java:52) - CallableResult for GetEdge
 INFO 2016-04-01 14:01:21,633 [pool-16-thread-1] (CallableResult.java:63) - Finished CallableResult in 5 ms.
 INFO 2016-04-01 14:01:21,640 [pool-16-thread-2] (CallableResult.java:63) - Finished CallableResult in 12 ms.
 INFO 2016-04-01 14:01:21,640 [main] (ParallelMetaProducerLessBlocking.java:193) - Global results retrieved in getEdges 12ms.
 INFO 2016-04-01 14:01:21,640 [main] (Eval.java:2158) - 
	Get EDGE in 13ms.  
	FOR EDGE{?region igeo:subdivisionDirecte ?departement}

 INFO 2016-04-01 14:01:21,640 [main] (ParallelMetaProducerLessBlocking.java:61) - Searching for edge : ?region igeo:subdivisionDirecte ?departement
 INFO 2016-04-01 14:01:21,641 [pool-17-thread-1] (CallableResult.java:52) - CallableResult for GetEdge
 INFO 2016-04-01 14:01:21,641 [pool-17-thread-2] (CallableResult.java:52) - CallableResult for GetEdge
 INFO 2016-04-01 14:01:21,644 [pool-17-thread-1] (CallableResult.java:63) - Finished CallableResult in 3 ms.
 INFO 2016-04-01 14:01:21,650 [pool-17-thread-2] (CallableResult.java:63) - Finished CallableResult in 9 ms.
 INFO 2016-04-01 14:01:21,651 [main] (ParallelMetaProducerLessBlocking.java:193) - Global results retrieved in getEdges 10ms.
 INFO 2016-04-01 14:01:21,651 [main] (Eval.java:2158) - 
	Get EDGE in 11ms.  
	FOR EDGE{?region igeo:subdivisionDirecte ?departement}

 INFO 2016-04-01 14:01:21,652 [main] (ParallelMetaProducerLessBlocking.java:61) - Searching for edge : ?region igeo:subdivisionDirecte ?departement
 INFO 2016-04-01 14:01:21,652 [pool-18-thread-1] (CallableResult.java:52) - CallableResult for GetEdge
 INFO 2016-04-01 14:01:21,652 [pool-18-thread-2] (CallableResult.java:52) - CallableResult for GetEdge
 INFO 2016-04-01 14:01:21,657 [pool-18-thread-1] (CallableResult.java:63) - Finished CallableResult in 5 ms.
 INFO 2016-04-01 14:01:21,665 [pool-18-thread-2] (CallableResult.java:63) - Finished CallableResult in 13 ms.
 INFO 2016-04-01 14:01:21,666 [main] (ParallelMetaProducerLessBlocking.java:193) - Global results retrieved in getEdges 14ms.
 INFO 2016-04-01 14:01:21,666 [main] (Eval.java:2158) - 
	Get EDGE in 14ms.  
	FOR EDGE{?region igeo:subdivisionDirecte ?departement}

 INFO 2016-04-01 14:01:21,666 [main] (ParallelMetaProducerLessBlocking.java:61) - Searching for edge : ?region igeo:subdivisionDirecte ?departement
 INFO 2016-04-01 14:01:21,667 [pool-19-thread-1] (CallableResult.java:52) - CallableResult for GetEdge
 INFO 2016-04-01 14:01:21,667 [pool-19-thread-2] (CallableResult.java:52) - CallableResult for GetEdge
 INFO 2016-04-01 14:01:21,671 [pool-19-thread-1] (CallableResult.java:63) - Finished CallableResult in 4 ms.
 INFO 2016-04-01 14:01:21,677 [pool-19-thread-2] (CallableResult.java:63) - Finished CallableResult in 10 ms.
 INFO 2016-04-01 14:01:21,677 [main] (ParallelMetaProducerLessBlocking.java:193) - Global results retrieved in getEdges 10ms.
 INFO 2016-04-01 14:01:21,677 [main] (Eval.java:2158) - 
	Get EDGE in 11ms.  
	FOR EDGE{?region igeo:subdivisionDirecte ?departement}

 INFO 2016-04-01 14:01:21,678 [main] (ParallelMetaProducerLessBlocking.java:61) - Searching for edge : ?region igeo:subdivisionDirecte ?departement
 INFO 2016-04-01 14:01:21,678 [pool-20-thread-1] (CallableResult.java:52) - CallableResult for GetEdge
 INFO 2016-04-01 14:01:21,678 [pool-20-thread-2] (CallableResult.java:52) - CallableResult for GetEdge
 INFO 2016-04-01 14:01:21,684 [pool-20-thread-1] (CallableResult.java:63) - Finished CallableResult in 6 ms.
 INFO 2016-04-01 14:01:21,686 [pool-20-thread-2] (CallableResult.java:63) - Finished CallableResult in 8 ms.
 INFO 2016-04-01 14:01:21,686 [main] (ParallelMetaProducerLessBlocking.java:193) - Global results retrieved in getEdges 8ms.
 INFO 2016-04-01 14:01:21,687 [main] (Eval.java:2158) - 
	Get EDGE in 9ms.  
	FOR EDGE{?region igeo:subdivisionDirecte ?departement}

 INFO 2016-04-01 14:01:21,687 [main] (ParallelMetaProducerLessBlocking.java:61) - Searching for edge : ?region igeo:subdivisionDirecte ?departement
 INFO 2016-04-01 14:01:21,687 [pool-21-thread-1] (CallableResult.java:52) - CallableResult for GetEdge
 INFO 2016-04-01 14:01:21,687 [pool-21-thread-2] (CallableResult.java:52) - CallableResult for GetEdge
 INFO 2016-04-01 14:01:21,691 [pool-21-thread-1] (CallableResult.java:63) - Finished CallableResult in 4 ms.
 INFO 2016-04-01 14:01:21,696 [pool-21-thread-2] (CallableResult.java:63) - Finished CallableResult in 9 ms.
 INFO 2016-04-01 14:01:21,697 [main] (ParallelMetaProducerLessBlocking.java:193) - Global results retrieved in getEdges 10ms.
 INFO 2016-04-01 14:01:21,697 [main] (Eval.java:2158) - 
	Get EDGE in 10ms.  
	FOR EDGE{?region igeo:subdivisionDirecte ?departement}

 INFO 2016-04-01 14:01:21,697 [main] (ParallelMetaProducerLessBlocking.java:61) - Searching for edge : ?region igeo:subdivisionDirecte ?departement
 INFO 2016-04-01 14:01:21,697 [pool-22-thread-1] (CallableResult.java:52) - CallableResult for GetEdge
 INFO 2016-04-01 14:01:21,697 [pool-22-thread-2] (CallableResult.java:52) - CallableResult for GetEdge
 INFO 2016-04-01 14:01:21,701 [pool-22-thread-1] (CallableResult.java:63) - Finished CallableResult in 4 ms.
 INFO 2016-04-01 14:01:21,705 [pool-22-thread-2] (CallableResult.java:63) - Finished CallableResult in 8 ms.
 INFO 2016-04-01 14:01:21,705 [main] (ParallelMetaProducerLessBlocking.java:193) - Global results retrieved in getEdges 8ms.
 INFO 2016-04-01 14:01:21,706 [main] (Eval.java:2158) - 
	Get EDGE in 9ms.  
	FOR EDGE{?region igeo:subdivisionDirecte ?departement}

 INFO 2016-04-01 14:01:21,706 [main] (ParallelMetaProducerLessBlocking.java:61) - Searching for edge : ?region igeo:subdivisionDirecte ?departement
 INFO 2016-04-01 14:01:21,706 [pool-23-thread-1] (CallableResult.java:52) - CallableResult for GetEdge
 INFO 2016-04-01 14:01:21,706 [pool-23-thread-2] (CallableResult.java:52) - CallableResult for GetEdge
 INFO 2016-04-01 14:01:21,711 [pool-23-thread-1] (CallableResult.java:63) - Finished CallableResult in 5 ms.
 INFO 2016-04-01 14:01:21,714 [pool-23-thread-2] (CallableResult.java:63) - Finished CallableResult in 8 ms.
 INFO 2016-04-01 14:01:21,715 [main] (ParallelMetaProducerLessBlocking.java:193) - Global results retrieved in getEdges 9ms.
 INFO 2016-04-01 14:01:21,716 [main] (Eval.java:2158) - 
	Get EDGE in 10ms.  
	FOR EDGE{?region igeo:subdivisionDirecte ?departement}

 INFO 2016-04-01 14:01:21,716 [main] (ParallelMetaProducerLessBlocking.java:61) - Searching for edge : ?region igeo:subdivisionDirecte ?departement
 INFO 2016-04-01 14:01:21,717 [pool-24-thread-1] (CallableResult.java:52) - CallableResult for GetEdge
 INFO 2016-04-01 14:01:21,717 [pool-24-thread-2] (CallableResult.java:52) - CallableResult for GetEdge
 INFO 2016-04-01 14:01:21,723 [pool-24-thread-1] (CallableResult.java:63) - Finished CallableResult in 6 ms.
 INFO 2016-04-01 14:01:21,724 [pool-24-thread-2] (CallableResult.java:63) - Finished CallableResult in 7 ms.
 INFO 2016-04-01 14:01:21,724 [main] (ParallelMetaProducerLessBlocking.java:193) - Global results retrieved in getEdges 7ms.
 INFO 2016-04-01 14:01:21,724 [main] (Eval.java:2158) - 
	Get EDGE in 8ms.  
	FOR EDGE{?region igeo:subdivisionDirecte ?departement}

 INFO 2016-04-01 14:01:21,724 [main] (ParallelMetaProducerLessBlocking.java:61) - Searching for edge : ?region igeo:subdivisionDirecte ?departement
 INFO 2016-04-01 14:01:21,724 [pool-25-thread-1] (CallableResult.java:52) - CallableResult for GetEdge
 INFO 2016-04-01 14:01:21,724 [pool-25-thread-2] (CallableResult.java:52) - CallableResult for GetEdge
 INFO 2016-04-01 14:01:21,728 [pool-25-thread-1] (CallableResult.java:63) - Finished CallableResult in 4 ms.
 INFO 2016-04-01 14:01:21,730 [pool-25-thread-2] (CallableResult.java:63) - Finished CallableResult in 6 ms.
 INFO 2016-04-01 14:01:21,731 [main] (ParallelMetaProducerLessBlocking.java:193) - Global results retrieved in getEdges 7ms.
 INFO 2016-04-01 14:01:21,731 [main] (Eval.java:2158) - 
	Get EDGE in 7ms.  
	FOR EDGE{?region igeo:subdivisionDirecte ?departement}

 INFO 2016-04-01 14:01:21,731 [main] (ParallelMetaProducerLessBlocking.java:61) - Searching for edge : ?region igeo:subdivisionDirecte ?departement
 INFO 2016-04-01 14:01:21,731 [pool-26-thread-1] (CallableResult.java:52) - CallableResult for GetEdge
 INFO 2016-04-01 14:01:21,731 [pool-26-thread-2] (CallableResult.java:52) - CallableResult for GetEdge
 INFO 2016-04-01 14:01:21,736 [pool-26-thread-1] (CallableResult.java:63) - Finished CallableResult in 5 ms.
 INFO 2016-04-01 14:01:21,739 [pool-26-thread-2] (CallableResult.java:63) - Finished CallableResult in 8 ms.
 INFO 2016-04-01 14:01:21,739 [main] (ParallelMetaProducerLessBlocking.java:193) - Global results retrieved in getEdges 8ms.
 INFO 2016-04-01 14:01:21,740 [main] (Eval.java:2158) - 
	Get EDGE in 9ms.  
	FOR EDGE{?region igeo:subdivisionDirecte ?departement}

 INFO 2016-04-01 14:01:21,740 [main] (ParallelMetaProducerLessBlocking.java:61) - Searching for edge : ?region igeo:subdivisionDirecte ?departement
 INFO 2016-04-01 14:01:21,740 [pool-27-thread-1] (CallableResult.java:52) - CallableResult for GetEdge
 INFO 2016-04-01 14:01:21,744 [pool-27-thread-2] (CallableResult.java:52) - CallableResult for GetEdge
 INFO 2016-04-01 14:01:21,744 [pool-27-thread-1] (CallableResult.java:63) - Finished CallableResult in 4 ms.
 INFO 2016-04-01 14:01:21,750 [pool-27-thread-2] (CallableResult.java:63) - Finished CallableResult in 6 ms.
 INFO 2016-04-01 14:01:21,751 [main] (ParallelMetaProducerLessBlocking.java:193) - Global results retrieved in getEdges 8ms.
 INFO 2016-04-01 14:01:21,751 [main] (Eval.java:2158) - 
	Get EDGE in 11ms.  
	FOR EDGE{?region igeo:subdivisionDirecte ?departement}

 INFO 2016-04-01 14:01:21,751 [main] (ParallelMetaProducerLessBlocking.java:61) - Searching for edge : ?region igeo:subdivisionDirecte ?departement
 INFO 2016-04-01 14:01:21,751 [pool-28-thread-1] (CallableResult.java:52) - CallableResult for GetEdge
 INFO 2016-04-01 14:01:21,751 [pool-28-thread-2] (CallableResult.java:52) - CallableResult for GetEdge
 INFO 2016-04-01 14:01:21,755 [pool-28-thread-1] (CallableResult.java:63) - Finished CallableResult in 4 ms.
 INFO 2016-04-01 14:01:21,758 [pool-28-thread-2] (CallableResult.java:63) - Finished CallableResult in 7 ms.
 INFO 2016-04-01 14:01:21,759 [main] (ParallelMetaProducerLessBlocking.java:193) - Global results retrieved in getEdges 8ms.
 INFO 2016-04-01 14:01:21,759 [main] (Eval.java:2158) - 
	Get EDGE in 8ms.  
	FOR EDGE{?region igeo:subdivisionDirecte ?departement}

 INFO 2016-04-01 14:01:21,759 [main] (Eval.java:2158) - 
	Get EDGE in 438ms.  
	FOR EDGE{?region igeo:codeRegion ?v}

 INFO 2016-04-01 14:01:21,759 [main] (ParallelMetaProducerLessBlocking.java:214) - Searching for BGP : BGP{EDGE{?departement igeo:nom ?nom} }
 INFO 2016-04-01 14:01:21,759 [pool-29-thread-1] (CallableResult.java:56) - CallableResult for GetMappings
 INFO 2016-04-01 14:01:21,759 [pool-29-thread-2] (CallableResult.java:56) - CallableResult for GetMappings
 INFO 2016-04-01 14:01:21,760 [pool-29-thread-1] (RemoteQueryOptimizerFull.java:144) - BGP QUERY: 
 SELECT * WHERE { 
	 ?departement igeo:nom ?nom . 
 } 
 INFO 2016-04-01 14:01:21,760 [pool-29-thread-2] (RemoteQueryOptimizerFull.java:144) - BGP QUERY: 
 SELECT * WHERE { 
	 ?departement igeo:nom ?nom . 
 } 
 INFO 2016-04-01 14:01:21,778 [pool-29-thread-2] (CallableResult.java:59) - RESULTS: 12 FROM http://localhost:8087/sparql
 INFO 2016-04-01 14:01:21,778 [pool-29-thread-2] (CallableResult.java:63) - Finished CallableResult in 19 ms.
 INFO 2016-04-01 14:01:21,782 [pool-29-thread-1] (CallableResult.java:59) - RESULTS: 45 FROM http://localhost:8086/sparql
 INFO 2016-04-01 14:01:21,782 [pool-29-thread-1] (CallableResult.java:63) - Finished CallableResult in 23 ms.
 INFO 2016-04-01 14:01:21,784 [main] (ParallelMetaProducerLessBlocking.java:255) - Global results retrieved in getMappings 25ms.
 INFO 2016-04-01 14:01:21,785 [main] (Eval.java:1660) - 
	GET MAPPINGS in 26ms.
	 FOR BGP{EDGE{?departement igeo:nom ?nom} }

 INFO 2016-04-01 14:01:21,789 [main] (ProviderImplCostMonitoring.java:229) - ** Provider: 
prefix idemo: <http://rdf.insee.fr/def/demo#>
prefix igeo: <http://rdf.insee.fr/def/geo#>
select * 
where
{?departement idemo:population ?popLeg . 
?popLeg idemo:populationTotale ?popTotale . 
filter ((((((((((((((((((((?departement = <http://id.insee.fr/geo/departement/38>) || (?departement = <http://id.insee.fr/geo/departement/74>)) || (?departement = <http://id.insee.fr/geo/departement/42>)) || (?departement = <http://id.insee.fr/geo/departement/26>)) || (?departement = <http://id.insee.fr/geo/departement/73>)) || (?departement = <http://id.insee.fr/geo/departement/69>)) || (?departement = <http://id.insee.fr/geo/departement/13>)) || (?departement = <http://id.insee.fr/geo/departement/51>)) || (?departement = <http://id.insee.fr/geo/departement/10>)) || (?departement = <http://id.insee.fr/geo/departement/52>)) || (?departement = <http://id.insee.fr/geo/departement/90>)) || (?departement = <http://id.insee.fr/geo/departement/54>)) || (?departement = <http://id.insee.fr/geo/departement/976>)) || (?departement = <http://id.insee.fr/geo/departement/12>)) || (?departement = <http://id.insee.fr/geo/departement/65>)) || (?departement = <http://id.insee.fr/geo/departement/62>)) || (?departement = <http://id.insee.fr/geo/departement/39>)) || (?departement = <http://id.insee.fr/geo/departement/25>)) || (?departement = <http://id.insee.fr/geo/departement/23>)) || (?departement = <http://id.insee.fr/geo/departement/78>)) }


 INFO 2016-04-01 14:01:21,933 [main] (ProviderImplCostMonitoring.java:229) - ** Provider: 
prefix idemo: <http://rdf.insee.fr/def/demo#>
prefix igeo: <http://rdf.insee.fr/def/geo#>
select * 
where
{?departement idemo:population ?popLeg . 
?popLeg idemo:populationTotale ?popTotale . 
filter ((((((((((((((((((((?departement = <http://id.insee.fr/geo/departement/75>) || (?departement = <http://id.insee.fr/geo/departement/77>)) || (?departement = <http://id.insee.fr/geo/departement/91>)) || (?departement = <http://id.insee.fr/geo/departement/64>)) || (?departement = <http://id.insee.fr/geo/departement/24>)) || (?departement = <http://id.insee.fr/geo/departement/33>)) || (?departement = <http://id.insee.fr/geo/departement/21>)) || (?departement = <http://id.insee.fr/geo/departement/71>)) || (?departement = <http://id.insee.fr/geo/departement/14>)) || (?departement = <http://id.insee.fr/geo/departement/50>)) || (?departement = <http://id.insee.fr/geo/departement/61>)) || (?departement = <http://id.insee.fr/geo/departement/36>)) || (?departement = <http://id.insee.fr/geo/departement/37>)) || (?departement = <http://id.insee.fr/geo/departement/28>)) || (?departement = <http://id.insee.fr/geo/departement/27>)) || (?departement = <http://id.insee.fr/geo/departement/76>)) || (?departement = <http://id.insee.fr/geo/departement/79>)) || (?departement = <http://id.insee.fr/geo/departement/17>)) || (?departement = <http://id.insee.fr/geo/departement/16>)) || (?departement = <http://id.insee.fr/geo/departement/29>)) }


 INFO 2016-04-01 14:01:22,074 [main] (ProviderImplCostMonitoring.java:229) - ** Provider: 
prefix idemo: <http://rdf.insee.fr/def/demo#>
prefix igeo: <http://rdf.insee.fr/def/geo#>
select * 
where
{?departement idemo:population ?popLeg . 
?popLeg idemo:populationTotale ?popTotale . 
filter (((((((((((((((?departement = <http://id.insee.fr/geo/departement/35>) || (?departement = <http://id.insee.fr/geo/departement/22>)) || (?departement = <http://id.insee.fr/geo/departement/60>)) || (?departement = <http://id.insee.fr/geo/departement/72>)) || (?departement = <http://id.insee.fr/geo/departement/53>)) || (?departement = <http://id.insee.fr/geo/departement/15>)) || (?departement = <http://id.insee.fr/geo/departement/63>)) || (?departement = <http://id.insee.fr/geo/departement/974>)) || (?departement = <http://id.insee.fr/geo/departement/973>)) || (?departement = <http://id.insee.fr/geo/departement/972>)) || (?departement = <http://id.insee.fr/geo/departement/2A>)) || (?departement = <http://id.insee.fr/geo/departement/971>)) || (?departement = <http://id.insee.fr/geo/departement/66>)) || (?departement = <http://id.insee.fr/geo/departement/11>)) || (?departement = <http://id.insee.fr/geo/departement/34>)) }


 INFO 2016-04-01 14:01:22,196 [main] (Eval.java:1706) - 
	SERVICE in 408ms.  
	FOR [BGP{EDGE{?departement idemo:population ?popLeg} EDGE{?popLeg idemo:populationTotale ?popTotale} }]

 INFO 2016-04-01 14:01:22,200 [main] (TestDQP.java:205) - 54 results in 1171 ms
 INFO 2016-04-01 14:01:22,200 [main] (TestDQP.java:206) - 
01 ?nom = "Creuse"; ?popTotale = 125714; 
02 ?nom = "Territoire de Belfort"; ?popTotale = 147777; 
03 ?nom = "Corse-du-Sud"; ?popTotale = 151621; 
04 ?nom = "Cantal"; ?popTotale = 152797; 
05 ?nom = "Haute-Marne"; ?popTotale = 188083; 
06 ?nom = "Indre"; ?popTotale = 235181; 
07 ?nom = "Hautes-Pyrénées"; ?popTotale = 236728; 
08 ?nom = "Guyane"; ?popTotale = 246507; 
09 ?nom = "Jura"; ?popTotale = 270914; 
10 ?nom = "Aveyron"; ?popTotale = 289257; 
11 ?nom = "Orne"; ?popTotale = 298248; 
12 ?nom = "Aube"; ?popTotale = 314825; 
13 ?nom = "Mayenne"; ?popTotale = 318095; 
14 ?nom = "Charente"; ?popTotale = 366587; 
15 ?nom = "Aude"; ?popTotale = 374868; 
16 ?nom = "Deux-Sèvres"; ?popTotale = 383079; 
17 ?nom = "Martinique"; ?popTotale = 391837; 
18 ?nom = "Guadeloupe"; ?popTotale = 409055; 
19 ?nom = "Dordogne"; ?popTotale = 429579; 
20 ?nom = "Savoie"; ?popTotale = 437915; 
21 ?nom = "Eure-et-Loir"; ?popTotale = 444385; 
22 ?nom = "Pyrénées-Orientales"; ?popTotale = 471573; 
23 ?nom = "Drôme"; ?popTotale = 509444; 
24 ?nom = "Manche"; ?popTotale = 518364; 
25 ?nom = "Côte-d\'Or"; ?popTotale = 543648; 
26 ?nom = "Doubs"; ?popTotale = 548026; 
27 ?nom = "Saône-et-Loire"; ?popTotale = 575097; 
28 ?nom = "Marne"; ?popTotale = 583691; 
29 ?nom = "Sarthe"; ?popTotale = 584865; 
30 ?nom = "Eure"; ?popTotale = 612518; 
31 ?nom = "Indre-et-Loire"; ?popTotale = 615557; 
32 ?nom = "Côtes-d\'Armor"; ?popTotale = 617565; 
33 ?nom = "Charente-Maritime"; ?popTotale = 652610; 
34 ?nom = "Puy-de-Dôme"; ?popTotale = 658489; 
35 ?nom = "Pyrénées-Atlantiques"; ?popTotale = 685564; 
36 ?nom = "Calvados"; ?popTotale = 706635; 
37 ?nom = "Meurthe-et-Moselle"; ?popTotale = 745398; 
38 ?nom = "Loire"; ?popTotale = 774144; 
39 ?nom = "Haute-Savoie"; ?popTotale = 793342; 
40 ?nom = "Oise"; ?popTotale = 835918; 
41 ?nom = "La Réunion"; ?popTotale = 844741; 
42 ?nom = "Finistère"; ?popTotale = 934625; 
43 ?nom = "Ille-et-Vilaine"; ?popTotale = 1047873; 
44 ?nom = "Hérault"; ?popTotale = 1111881; 
45 ?nom = "Isère"; ?popTotale = 1263850; 
46 ?nom = "Essonne"; ?popTotale = 1273233; 
47 ?nom = "Seine-Maritime"; ?popTotale = 1280410; 
48 ?nom = "Seine-et-Marne"; ?popTotale = 1387830; 
49 ?nom = "Yvelines"; ?popTotale = 1446301; 
50 ?nom = "Pas-de-Calais"; ?popTotale = 1491735; 
51 ?nom = "Gironde"; ?popTotale = 1536448; 
52 ?nom = "Rhône"; ?popTotale = 1812196; 
53 ?nom = "Bouches-du-Rhône"; ?popTotale = 2022604; 
54 ?nom = "Paris"; ?popTotale = 2254262; 

 INFO 2016-04-01 14:01:22,201 [main] (TestDQP.java:207) - Remote queries
 INFO 2016-04-01 14:01:22,202 [main] (TestDQP.java:208) - =========
	?region igeo:subdivisionDirecte ?departement
	44
--
	?region igeo:codeRegion ?v
	2
--
	BGP{EDGE{?departement igeo:nom ?nom} }
	2
--
	prefix idemo: <http://rdf.insee.fr/def/demo#> prefix igeo: <http://rdf.insee.fr/def/geo#> select *  where {?departement idemo:population ?popLeg .  ?popLeg idemo:populationTotale ?popTotale .  filter ((((((((((((((((((((?departement = <http://id.insee.fr/geo/departement/75>) || (?departement = <http://id.insee.fr/geo/departement/77>)) || (?departement = <http://id.insee.fr/geo/departement/91>)) || (?departement = <http://id.insee.fr/geo/departement/64>)) || (?departement = <http://id.insee.fr/geo/departement/24>)) || (?departement = <http://id.insee.fr/geo/departement/33>)) || (?departement = <http://id.insee.fr/geo/departement/21>)) || (?departement = <http://id.insee.fr/geo/departement/71>)) || (?departement = <http://id.insee.fr/geo/departement/14>)) || (?departement = <http://id.insee.fr/geo/departement/50>)) || (?departement = <http://id.insee.fr/geo/departement/61>)) || (?departement = <http://id.insee.fr/geo/departement/36>)) || (?departement = <http://id.insee.fr/geo/departement/37>)) || (?departement = <http://id.insee.fr/geo/departement/28>)) || (?departement = <http://id.insee.fr/geo/departement/27>)) || (?departement = <http://id.insee.fr/geo/departement/76>)) || (?departement = <http://id.insee.fr/geo/departement/79>)) || (?departement = <http://id.insee.fr/geo/departement/17>)) || (?departement = <http://id.insee.fr/geo/departement/16>)) || (?departement = <http://id.insee.fr/geo/departement/29>)) }  
	1
--
	prefix idemo: <http://rdf.insee.fr/def/demo#> prefix igeo: <http://rdf.insee.fr/def/geo#> select *  where {?departement idemo:population ?popLeg .  ?popLeg idemo:populationTotale ?popTotale .  filter (((((((((((((((?departement = <http://id.insee.fr/geo/departement/35>) || (?departement = <http://id.insee.fr/geo/departement/22>)) || (?departement = <http://id.insee.fr/geo/departement/60>)) || (?departement = <http://id.insee.fr/geo/departement/72>)) || (?departement = <http://id.insee.fr/geo/departement/53>)) || (?departement = <http://id.insee.fr/geo/departement/15>)) || (?departement = <http://id.insee.fr/geo/departement/63>)) || (?departement = <http://id.insee.fr/geo/departement/974>)) || (?departement = <http://id.insee.fr/geo/departement/973>)) || (?departement = <http://id.insee.fr/geo/departement/972>)) || (?departement = <http://id.insee.fr/geo/departement/2A>)) || (?departement = <http://id.insee.fr/geo/departement/971>)) || (?departement = <http://id.insee.fr/geo/departement/66>)) || (?departement = <http://id.insee.fr/geo/departement/11>)) || (?departement = <http://id.insee.fr/geo/departement/34>)) }  
	1
--
	prefix idemo: <http://rdf.insee.fr/def/demo#> prefix igeo: <http://rdf.insee.fr/def/geo#> select *  where {?departement idemo:population ?popLeg .  ?popLeg idemo:populationTotale ?popTotale .  filter ((((((((((((((((((((?departement = <http://id.insee.fr/geo/departement/38>) || (?departement = <http://id.insee.fr/geo/departement/74>)) || (?departement = <http://id.insee.fr/geo/departement/42>)) || (?departement = <http://id.insee.fr/geo/departement/26>)) || (?departement = <http://id.insee.fr/geo/departement/73>)) || (?departement = <http://id.insee.fr/geo/departement/69>)) || (?departement = <http://id.insee.fr/geo/departement/13>)) || (?departement = <http://id.insee.fr/geo/departement/51>)) || (?departement = <http://id.insee.fr/geo/departement/10>)) || (?departement = <http://id.insee.fr/geo/departement/52>)) || (?departement = <http://id.insee.fr/geo/departement/90>)) || (?departement = <http://id.insee.fr/geo/departement/54>)) || (?departement = <http://id.insee.fr/geo/departement/976>)) || (?departement = <http://id.insee.fr/geo/departement/12>)) || (?departement = <http://id.insee.fr/geo/departement/65>)) || (?departement = <http://id.insee.fr/geo/departement/62>)) || (?departement = <http://id.insee.fr/geo/departement/39>)) || (?departement = <http://id.insee.fr/geo/departement/25>)) || (?departement = <http://id.insee.fr/geo/departement/23>)) || (?departement = <http://id.insee.fr/geo/departement/78>)) }  
	1
--
	BGP{EDGE{?region igeo:codeRegion ?v} EDGE{?region igeo:subdivisionDirecte ?departement} }
	1
--
	>====  Sum = 52  =====

 INFO 2016-04-01 14:01:22,202 [main] (TestDQP.java:209) - Transferred results per query
 INFO 2016-04-01 14:01:22,202 [main] (TestDQP.java:210) - =========
	?region igeo:subdivisionDirecte ?departement
	41
--
	?region igeo:codeRegion ?v
	33
--
	BGP{EDGE{?departement igeo:nom ?nom} }
	57
--
	prefix idemo: <http://rdf.insee.fr/def/demo#> prefix igeo: <http://rdf.insee.fr/def/geo#> select *  where {?departement idemo:population ?popLeg .  ?popLeg idemo:populationTotale ?popTotale .  filter ((((((((((((((((((((?departement = <http://id.insee.fr/geo/departement/75>) || (?departement = <http://id.insee.fr/geo/departement/77>)) || (?departement = <http://id.insee.fr/geo/departement/91>)) || (?departement = <http://id.insee.fr/geo/departement/64>)) || (?departement = <http://id.insee.fr/geo/departement/24>)) || (?departement = <http://id.insee.fr/geo/departement/33>)) || (?departement = <http://id.insee.fr/geo/departement/21>)) || (?departement = <http://id.insee.fr/geo/departement/71>)) || (?departement = <http://id.insee.fr/geo/departement/14>)) || (?departement = <http://id.insee.fr/geo/departement/50>)) || (?departement = <http://id.insee.fr/geo/departement/61>)) || (?departement = <http://id.insee.fr/geo/departement/36>)) || (?departement = <http://id.insee.fr/geo/departement/37>)) || (?departement = <http://id.insee.fr/geo/departement/28>)) || (?departement = <http://id.insee.fr/geo/departement/27>)) || (?departement = <http://id.insee.fr/geo/departement/76>)) || (?departement = <http://id.insee.fr/geo/departement/79>)) || (?departement = <http://id.insee.fr/geo/departement/17>)) || (?departement = <http://id.insee.fr/geo/departement/16>)) || (?departement = <http://id.insee.fr/geo/departement/29>)) }  
	20
--
	prefix idemo: <http://rdf.insee.fr/def/demo#> prefix igeo: <http://rdf.insee.fr/def/geo#> select *  where {?departement idemo:population ?popLeg .  ?popLeg idemo:populationTotale ?popTotale .  filter (((((((((((((((?departement = <http://id.insee.fr/geo/departement/35>) || (?departement = <http://id.insee.fr/geo/departement/22>)) || (?departement = <http://id.insee.fr/geo/departement/60>)) || (?departement = <http://id.insee.fr/geo/departement/72>)) || (?departement = <http://id.insee.fr/geo/departement/53>)) || (?departement = <http://id.insee.fr/geo/departement/15>)) || (?departement = <http://id.insee.fr/geo/departement/63>)) || (?departement = <http://id.insee.fr/geo/departement/974>)) || (?departement = <http://id.insee.fr/geo/departement/973>)) || (?departement = <http://id.insee.fr/geo/departement/972>)) || (?departement = <http://id.insee.fr/geo/departement/2A>)) || (?departement = <http://id.insee.fr/geo/departement/971>)) || (?departement = <http://id.insee.fr/geo/departement/66>)) || (?departement = <http://id.insee.fr/geo/departement/11>)) || (?departement = <http://id.insee.fr/geo/departement/34>)) }  
	15
--
	prefix idemo: <http://rdf.insee.fr/def/demo#> prefix igeo: <http://rdf.insee.fr/def/geo#> select *  where {?departement idemo:population ?popLeg .  ?popLeg idemo:populationTotale ?popTotale .  filter ((((((((((((((((((((?departement = <http://id.insee.fr/geo/departement/38>) || (?departement = <http://id.insee.fr/geo/departement/74>)) || (?departement = <http://id.insee.fr/geo/departement/42>)) || (?departement = <http://id.insee.fr/geo/departement/26>)) || (?departement = <http://id.insee.fr/geo/departement/73>)) || (?departement = <http://id.insee.fr/geo/departement/69>)) || (?departement = <http://id.insee.fr/geo/departement/13>)) || (?departement = <http://id.insee.fr/geo/departement/51>)) || (?departement = <http://id.insee.fr/geo/departement/10>)) || (?departement = <http://id.insee.fr/geo/departement/52>)) || (?departement = <http://id.insee.fr/geo/departement/90>)) || (?departement = <http://id.insee.fr/geo/departement/54>)) || (?departement = <http://id.insee.fr/geo/departement/976>)) || (?departement = <http://id.insee.fr/geo/departement/12>)) || (?departement = <http://id.insee.fr/geo/departement/65>)) || (?departement = <http://id.insee.fr/geo/departement/62>)) || (?departement = <http://id.insee.fr/geo/departement/39>)) || (?departement = <http://id.insee.fr/geo/departement/25>)) || (?departement = <http://id.insee.fr/geo/departement/23>)) || (?departement = <http://id.insee.fr/geo/departement/78>)) }  
	19
--
	BGP{EDGE{?region igeo:codeRegion ?v} EDGE{?region igeo:subdivisionDirecte ?departement} }
	16
--
	>====  Sum = 201  =====

 INFO 2016-04-01 14:01:22,202 [main] (TestDQP.java:211) - Remote queries per data source
 INFO 2016-04-01 14:01:22,202 [main] (TestDQP.java:212) - =========
	http://localhost:8085/sparql
	20
--
	http://localhost:8088/sparql
	3
--
	http://localhost:8086/sparql
	27
--
	http://localhost:8087/sparql
	2
--
	>====  Sum = 52  =====

 INFO 2016-04-01 14:01:22,203 [main] (TestDQP.java:213) - Transferred results per source
 INFO 2016-04-01 14:01:22,203 [main] (TestDQP.java:214) - =========
	http://localhost:8085/sparql
	24
--
	http://localhost:8088/sparql
	54
--
	http://localhost:8086/sparql
	86
--
	http://localhost:8087/sparql
	37
--
	>====  Sum = 201  =====

