 INFO 2016-03-29 11:22:53,750 [main] (ServiceGrouper.java:84) - Building indices for 
 INFO 2016-03-29 11:22:53,752 [main] (ServiceGrouper.java:85) - {?region igeo:codeRegion ?v . 
?region igeo:subdivisionDirecte ?departement . 
?departement igeo:nom ?nom . 
?departement idemo:population ?popLeg . 
?popLeg idemo:populationTotale ?popTotale . }
 INFO 2016-03-29 11:22:53,912 [main] (ServiceGrouper.java:559) - Edge index
 INFO 2016-03-29 11:22:53,913 [main] (ServiceGrouper.java:575) - Source index
 INFO 2016-03-29 11:22:53,914 [main] (ServiceGrouper.java:259) - Found consecutive triple patterns into {?region igeo:codeRegion ?v . 
?region igeo:subdivisionDirecte ?departement . 
?departement igeo:nom ?nom . 
?departement idemo:population ?popLeg . 
?popLeg idemo:populationTotale ?popTotale . }
 INFO 2016-03-29 11:22:53,914 [main] (ServiceGrouper.java:426) - Processing
[?region igeo:codeRegion ?v . , ?region igeo:subdivisionDirecte ?departement . , ?departement igeo:nom ?nom . , ?departement idemo:population ?popLeg . , ?popLeg idemo:populationTotale ?popTotale . ]
 WARN 2016-03-29 11:22:53,914 [main] (ServiceGrouper.java:446) - Triple pattern ?region igeo:codeRegion ?v .  appears in more than one data source, excluded from SERVICE.
 WARN 2016-03-29 11:22:53,914 [main] (ServiceGrouper.java:446) - Triple pattern ?region igeo:subdivisionDirecte ?departement .  appears in more than one data source, excluded from SERVICE.
 WARN 2016-03-29 11:22:53,915 [main] (ServiceGrouper.java:446) - Triple pattern ?region igeo:codeRegion ?v .  appears in more than one data source, excluded from SERVICE.
 WARN 2016-03-29 11:22:53,916 [main] (ServiceGrouper.java:446) - Triple pattern ?region igeo:subdivisionDirecte ?departement .  appears in more than one data source, excluded from SERVICE.
 WARN 2016-03-29 11:22:53,916 [main] (ServiceGrouper.java:446) - Triple pattern ?departement igeo:nom ?nom .  appears in more than one data source, excluded from SERVICE.
 WARN 2016-03-29 11:22:53,916 [main] (ServiceGrouper.java:446) - Triple pattern ?region igeo:codeRegion ?v .  appears in more than one data source, excluded from SERVICE.
 WARN 2016-03-29 11:22:53,916 [main] (ServiceGrouper.java:446) - Triple pattern ?departement igeo:nom ?nom .  appears in more than one data source, excluded from SERVICE.
 INFO 2016-03-29 11:22:53,917 [main] (ServiceGrouper.java:271) - Ranking : 
 INFO 2016-03-29 11:22:53,917 [main] (ServiceGrouper.java:272) - {?region igeo:codeRegion ?v . 
?region igeo:subdivisionDirecte ?departement . 
service <http://localhost:8088/sparql> {?departement idemo:population ?popLeg . 
?popLeg idemo:populationTotale ?popTotale . }
?departement igeo:nom ?nom . }
 INFO 2016-03-29 11:22:53,917 [main] (ServiceGrouper.java:277) - 2 free variables for ?region igeo:codeRegion ?v . 
 INFO 2016-03-29 11:22:53,917 [main] (ServiceGrouper.java:277) - 2 free variables for ?region igeo:subdivisionDirecte ?departement . 
 INFO 2016-03-29 11:22:53,917 [main] (ServiceGrouper.java:277) - 3 free variables for service <http://localhost:8088/sparql> {?departement idemo:population ?popLeg . 
?popLeg idemo:populationTotale ?popTotale . }
 INFO 2016-03-29 11:22:53,918 [main] (ServiceGrouper.java:277) - 2 free variables for ?departement igeo:nom ?nom . 
 INFO 2016-03-29 11:22:53,918 [main] (ServiceGrouper.java:286) - Sorting services possibly with the same score
 WARN 2016-03-29 11:22:53,919 [main] (ServiceGrouper.java:353) - Searching for ?region igeo:codeRegion ?v .  in [?region igeo:codeRegion ?v . , ?region igeo:subdivisionDirecte ?departement . , ?departement igeo:nom ?nom . , ?departement idemo:population ?popLeg . , ?popLeg idemo:populationTotale ?popTotale . ]
 WARN 2016-03-29 11:22:53,919 [main] (ServiceGrouper.java:353) - Searching for ?region igeo:subdivisionDirecte ?departement .  in [?region igeo:codeRegion ?v . , ?region igeo:subdivisionDirecte ?departement . , ?departement igeo:nom ?nom . , ?departement idemo:population ?popLeg . , ?popLeg idemo:populationTotale ?popTotale . ]
 INFO 2016-03-29 11:22:53,919 [main] (ServiceGrouper.java:328) - Comparing : ?region igeo:codeRegion ?v .  with ?region igeo:subdivisionDirecte ?departement . 
 WARN 2016-03-29 11:22:53,919 [main] (ServiceGrouper.java:353) - Searching for ?departement igeo:nom ?nom .  in [?region igeo:codeRegion ?v . , ?region igeo:subdivisionDirecte ?departement . , ?departement igeo:nom ?nom . , ?departement idemo:population ?popLeg . , ?popLeg idemo:populationTotale ?popTotale . ]
 WARN 2016-03-29 11:22:53,920 [main] (ServiceGrouper.java:353) - Searching for ?region igeo:codeRegion ?v .  in [?region igeo:codeRegion ?v . , ?region igeo:subdivisionDirecte ?departement . , ?departement igeo:nom ?nom . , ?departement idemo:population ?popLeg . , ?popLeg idemo:populationTotale ?popTotale . ]
 INFO 2016-03-29 11:22:53,920 [main] (ServiceGrouper.java:328) - Comparing : ?departement igeo:nom ?nom .  with ?region igeo:codeRegion ?v . 
 WARN 2016-03-29 11:22:53,920 [main] (ServiceGrouper.java:353) - Searching for ?departement igeo:nom ?nom .  in [?region igeo:codeRegion ?v . , ?region igeo:subdivisionDirecte ?departement . , ?departement igeo:nom ?nom . , ?departement idemo:population ?popLeg . , ?popLeg idemo:populationTotale ?popTotale . ]
 WARN 2016-03-29 11:22:53,920 [main] (ServiceGrouper.java:353) - Searching for ?region igeo:subdivisionDirecte ?departement .  in [?region igeo:codeRegion ?v . , ?region igeo:subdivisionDirecte ?departement . , ?departement igeo:nom ?nom . , ?departement idemo:population ?popLeg . , ?popLeg idemo:populationTotale ?popTotale . ]
 INFO 2016-03-29 11:22:53,920 [main] (ServiceGrouper.java:328) - Comparing : ?departement igeo:nom ?nom .  with ?region igeo:subdivisionDirecte ?departement . 
 INFO 2016-03-29 11:22:53,920 [main] (ServiceGrouper.java:340) - {?region igeo:codeRegion ?v . 
?region igeo:subdivisionDirecte ?departement . 
?departement igeo:nom ?nom . 
service <http://localhost:8088/sparql> {?departement idemo:population ?popLeg . 
?popLeg idemo:populationTotale ?popTotale . }}
 INFO 2016-03-29 11:22:53,921 [main] (ServiceGrouper.java:118) - Final rewritten query
 INFO 2016-03-29 11:22:53,921 [main] (ServiceGrouper.java:119) - prefix idemo: <http://rdf.insee.fr/def/demo#>
prefix igeo: <http://rdf.insee.fr/def/geo#>
select ?nom ?popTotale 
where
{?region igeo:codeRegion ?v . 
?region igeo:subdivisionDirecte ?departement . 
?departement igeo:nom ?nom . 
service <http://localhost:8088/sparql> {?departement idemo:population ?popLeg . 
?popLeg idemo:populationTotale ?popTotale . }}
order by ?popTotale 


 INFO 2016-03-29 11:22:53,937 [main] (ParallelMetaProducerLessBlocking.java:61) - Searching for edge : ?region igeo:codeRegion ?v
 INFO 2016-03-29 11:22:53,940 [pool-1-thread-2] (CallableResult.java:52) - CallableResult for GetEdge
 INFO 2016-03-29 11:22:53,940 [pool-1-thread-1] (CallableResult.java:52) - CallableResult for GetEdge
 INFO 2016-03-29 11:22:53,940 [pool-1-thread-3] (CallableResult.java:52) - CallableResult for GetEdge
 INFO 2016-03-29 11:22:54,072 [pool-1-thread-1] (CallableResult.java:63) - Finished CallableResult in 133 ms.
 INFO 2016-03-29 11:22:54,114 [pool-1-thread-2] (CallableResult.java:63) - Finished CallableResult in 175 ms.
 INFO 2016-03-29 11:22:54,133 [pool-1-thread-3] (CallableResult.java:63) - Finished CallableResult in 194 ms.
 INFO 2016-03-29 11:22:54,141 [main] (ParallelMetaProducerLessBlocking.java:193) - Global results retrieved in getEdges 202ms.
 INFO 2016-03-29 11:22:54,142 [main] (ParallelMetaProducerLessBlocking.java:61) - Searching for edge : ?region igeo:subdivisionDirecte ?departement
 INFO 2016-03-29 11:22:54,143 [pool-2-thread-2] (CallableResult.java:52) - CallableResult for GetEdge
 INFO 2016-03-29 11:22:54,148 [pool-2-thread-1] (CallableResult.java:52) - CallableResult for GetEdge
 INFO 2016-03-29 11:22:54,180 [pool-2-thread-2] (CallableResult.java:63) - Finished CallableResult in 37 ms.
 INFO 2016-03-29 11:22:54,187 [pool-2-thread-1] (CallableResult.java:63) - Finished CallableResult in 39 ms.
 INFO 2016-03-29 11:22:54,188 [main] (ParallelMetaProducerLessBlocking.java:193) - Global results retrieved in getEdges 45ms.
 INFO 2016-03-29 11:22:54,188 [main] (ParallelMetaProducerLessBlocking.java:61) - Searching for edge : ?departement igeo:nom ?nom
 INFO 2016-03-29 11:22:54,189 [pool-3-thread-1] (CallableResult.java:52) - CallableResult for GetEdge
 INFO 2016-03-29 11:22:54,189 [pool-3-thread-2] (CallableResult.java:52) - CallableResult for GetEdge
 INFO 2016-03-29 11:22:54,199 [pool-3-thread-1] (CallableResult.java:63) - Finished CallableResult in 11 ms.
 INFO 2016-03-29 11:22:54,202 [pool-3-thread-2] (CallableResult.java:63) - Finished CallableResult in 13 ms.
 INFO 2016-03-29 11:22:54,202 [main] (ParallelMetaProducerLessBlocking.java:193) - Global results retrieved in getEdges 13ms.
 INFO 2016-03-29 11:22:54,203 [main] (Eval.java:2158) - 
	Get EDGE in 14ms.  
	FOR EDGE{?departement igeo:nom ?nom}

 INFO 2016-03-29 11:22:54,203 [main] (ParallelMetaProducerLessBlocking.java:61) - Searching for edge : ?departement igeo:nom ?nom
 INFO 2016-03-29 11:22:54,203 [pool-4-thread-2] (CallableResult.java:52) - CallableResult for GetEdge
 INFO 2016-03-29 11:22:54,203 [pool-4-thread-1] (CallableResult.java:52) - CallableResult for GetEdge
 INFO 2016-03-29 11:22:54,210 [pool-4-thread-2] (CallableResult.java:63) - Finished CallableResult in 7 ms.
 INFO 2016-03-29 11:22:54,212 [pool-4-thread-1] (CallableResult.java:63) - Finished CallableResult in 9 ms.
 INFO 2016-03-29 11:22:54,213 [main] (ParallelMetaProducerLessBlocking.java:193) - Global results retrieved in getEdges 10ms.
 INFO 2016-03-29 11:22:54,213 [main] (Eval.java:2158) - 
	Get EDGE in 10ms.  
	FOR EDGE{?departement igeo:nom ?nom}

 INFO 2016-03-29 11:22:54,213 [main] (ParallelMetaProducerLessBlocking.java:61) - Searching for edge : ?departement igeo:nom ?nom
 INFO 2016-03-29 11:22:54,214 [pool-5-thread-1] (CallableResult.java:52) - CallableResult for GetEdge
 INFO 2016-03-29 11:22:54,214 [pool-5-thread-2] (CallableResult.java:52) - CallableResult for GetEdge
 INFO 2016-03-29 11:22:54,219 [pool-5-thread-1] (CallableResult.java:63) - Finished CallableResult in 5 ms.
 INFO 2016-03-29 11:22:54,221 [pool-5-thread-2] (CallableResult.java:63) - Finished CallableResult in 7 ms.
 INFO 2016-03-29 11:22:54,221 [main] (ParallelMetaProducerLessBlocking.java:193) - Global results retrieved in getEdges 7ms.
 INFO 2016-03-29 11:22:54,221 [main] (Eval.java:2158) - 
	Get EDGE in 8ms.  
	FOR EDGE{?departement igeo:nom ?nom}

 INFO 2016-03-29 11:22:54,222 [main] (Eval.java:2158) - 
	Get EDGE in 80ms.  
	FOR EDGE{?region igeo:subdivisionDirecte ?departement}

 INFO 2016-03-29 11:22:54,222 [main] (ParallelMetaProducerLessBlocking.java:61) - Searching for edge : ?region igeo:subdivisionDirecte ?departement
 INFO 2016-03-29 11:22:54,222 [pool-6-thread-1] (CallableResult.java:52) - CallableResult for GetEdge
 INFO 2016-03-29 11:22:54,222 [pool-6-thread-2] (CallableResult.java:52) - CallableResult for GetEdge
 INFO 2016-03-29 11:22:54,227 [pool-6-thread-2] (CallableResult.java:63) - Finished CallableResult in 5 ms.
 INFO 2016-03-29 11:22:54,240 [pool-6-thread-1] (CallableResult.java:63) - Finished CallableResult in 18 ms.
 INFO 2016-03-29 11:22:54,240 [main] (ParallelMetaProducerLessBlocking.java:193) - Global results retrieved in getEdges 18ms.
 INFO 2016-03-29 11:22:54,240 [main] (ParallelMetaProducerLessBlocking.java:61) - Searching for edge : ?departement igeo:nom ?nom
 INFO 2016-03-29 11:22:54,241 [pool-7-thread-1] (CallableResult.java:52) - CallableResult for GetEdge
 INFO 2016-03-29 11:22:54,241 [pool-7-thread-2] (CallableResult.java:52) - CallableResult for GetEdge
 INFO 2016-03-29 11:22:54,246 [pool-7-thread-2] (CallableResult.java:63) - Finished CallableResult in 5 ms.
 INFO 2016-03-29 11:22:54,251 [pool-7-thread-1] (CallableResult.java:63) - Finished CallableResult in 10 ms.
 INFO 2016-03-29 11:22:54,251 [main] (ParallelMetaProducerLessBlocking.java:193) - Global results retrieved in getEdges 10ms.
 INFO 2016-03-29 11:22:54,251 [main] (Eval.java:2158) - 
	Get EDGE in 11ms.  
	FOR EDGE{?departement igeo:nom ?nom}

 INFO 2016-03-29 11:22:54,252 [main] (ParallelMetaProducerLessBlocking.java:61) - Searching for edge : ?departement igeo:nom ?nom
 INFO 2016-03-29 11:22:54,252 [pool-8-thread-1] (CallableResult.java:52) - CallableResult for GetEdge
 INFO 2016-03-29 11:22:54,252 [pool-8-thread-2] (CallableResult.java:52) - CallableResult for GetEdge
 INFO 2016-03-29 11:22:54,257 [pool-8-thread-2] (CallableResult.java:63) - Finished CallableResult in 5 ms.
 INFO 2016-03-29 11:22:54,259 [pool-8-thread-1] (CallableResult.java:63) - Finished CallableResult in 7 ms.
 INFO 2016-03-29 11:22:54,259 [main] (ParallelMetaProducerLessBlocking.java:193) - Global results retrieved in getEdges 7ms.
 INFO 2016-03-29 11:22:54,260 [main] (Eval.java:2158) - 
	Get EDGE in 9ms.  
	FOR EDGE{?departement igeo:nom ?nom}

 INFO 2016-03-29 11:22:54,260 [main] (ParallelMetaProducerLessBlocking.java:61) - Searching for edge : ?departement igeo:nom ?nom
 INFO 2016-03-29 11:22:54,260 [pool-9-thread-1] (CallableResult.java:52) - CallableResult for GetEdge
 INFO 2016-03-29 11:22:54,261 [pool-9-thread-2] (CallableResult.java:52) - CallableResult for GetEdge
 INFO 2016-03-29 11:22:54,266 [pool-9-thread-2] (CallableResult.java:63) - Finished CallableResult in 5 ms.
 INFO 2016-03-29 11:22:54,268 [pool-9-thread-1] (CallableResult.java:63) - Finished CallableResult in 8 ms.
 INFO 2016-03-29 11:22:54,268 [main] (ParallelMetaProducerLessBlocking.java:193) - Global results retrieved in getEdges 8ms.
 INFO 2016-03-29 11:22:54,268 [main] (Eval.java:2158) - 
	Get EDGE in 8ms.  
	FOR EDGE{?departement igeo:nom ?nom}

 INFO 2016-03-29 11:22:54,269 [main] (ParallelMetaProducerLessBlocking.java:61) - Searching for edge : ?departement igeo:nom ?nom
 INFO 2016-03-29 11:22:54,269 [pool-10-thread-1] (CallableResult.java:52) - CallableResult for GetEdge
 INFO 2016-03-29 11:22:54,269 [pool-10-thread-2] (CallableResult.java:52) - CallableResult for GetEdge
 INFO 2016-03-29 11:22:54,275 [pool-10-thread-2] (CallableResult.java:63) - Finished CallableResult in 6 ms.
 INFO 2016-03-29 11:22:54,276 [pool-10-thread-1] (CallableResult.java:63) - Finished CallableResult in 7 ms.
 INFO 2016-03-29 11:22:54,277 [main] (ParallelMetaProducerLessBlocking.java:193) - Global results retrieved in getEdges 8ms.
 INFO 2016-03-29 11:22:54,277 [main] (Eval.java:2158) - 
	Get EDGE in 8ms.  
	FOR EDGE{?departement igeo:nom ?nom}

 INFO 2016-03-29 11:22:54,277 [main] (ParallelMetaProducerLessBlocking.java:61) - Searching for edge : ?departement igeo:nom ?nom
 INFO 2016-03-29 11:22:54,278 [pool-11-thread-1] (CallableResult.java:52) - CallableResult for GetEdge
 INFO 2016-03-29 11:22:54,278 [pool-11-thread-2] (CallableResult.java:52) - CallableResult for GetEdge
 INFO 2016-03-29 11:22:54,284 [pool-11-thread-2] (CallableResult.java:63) - Finished CallableResult in 6 ms.
 INFO 2016-03-29 11:22:54,285 [pool-11-thread-1] (CallableResult.java:63) - Finished CallableResult in 7 ms.
 INFO 2016-03-29 11:22:54,285 [main] (ParallelMetaProducerLessBlocking.java:193) - Global results retrieved in getEdges 7ms.
 INFO 2016-03-29 11:22:54,286 [main] (Eval.java:2158) - 
	Get EDGE in 9ms.  
	FOR EDGE{?departement igeo:nom ?nom}

 INFO 2016-03-29 11:22:54,286 [main] (ParallelMetaProducerLessBlocking.java:61) - Searching for edge : ?departement igeo:nom ?nom
 INFO 2016-03-29 11:22:54,287 [pool-12-thread-1] (CallableResult.java:52) - CallableResult for GetEdge
 INFO 2016-03-29 11:22:54,287 [pool-12-thread-2] (CallableResult.java:52) - CallableResult for GetEdge
 INFO 2016-03-29 11:22:54,294 [pool-12-thread-2] (CallableResult.java:63) - Finished CallableResult in 7 ms.
 INFO 2016-03-29 11:22:54,295 [pool-12-thread-1] (CallableResult.java:63) - Finished CallableResult in 8 ms.
 INFO 2016-03-29 11:22:54,296 [main] (ParallelMetaProducerLessBlocking.java:193) - Global results retrieved in getEdges 9ms.
 INFO 2016-03-29 11:22:54,296 [main] (Eval.java:2158) - 
	Get EDGE in 10ms.  
	FOR EDGE{?departement igeo:nom ?nom}

 INFO 2016-03-29 11:22:54,296 [main] (Eval.java:2158) - 
	Get EDGE in 74ms.  
	FOR EDGE{?region igeo:subdivisionDirecte ?departement}

 INFO 2016-03-29 11:22:54,296 [main] (ParallelMetaProducerLessBlocking.java:61) - Searching for edge : ?region igeo:subdivisionDirecte ?departement
 INFO 2016-03-29 11:22:54,297 [pool-13-thread-1] (CallableResult.java:52) - CallableResult for GetEdge
 INFO 2016-03-29 11:22:54,299 [pool-13-thread-2] (CallableResult.java:52) - CallableResult for GetEdge
 INFO 2016-03-29 11:22:54,305 [pool-13-thread-2] (CallableResult.java:63) - Finished CallableResult in 6 ms.
 INFO 2016-03-29 11:22:54,308 [pool-13-thread-1] (CallableResult.java:63) - Finished CallableResult in 11 ms.
 INFO 2016-03-29 11:22:54,308 [main] (ParallelMetaProducerLessBlocking.java:193) - Global results retrieved in getEdges 9ms.
 INFO 2016-03-29 11:22:54,309 [main] (ParallelMetaProducerLessBlocking.java:61) - Searching for edge : ?departement igeo:nom ?nom
 INFO 2016-03-29 11:22:54,309 [pool-14-thread-1] (CallableResult.java:52) - CallableResult for GetEdge
 INFO 2016-03-29 11:22:54,309 [pool-14-thread-2] (CallableResult.java:52) - CallableResult for GetEdge
 INFO 2016-03-29 11:22:54,313 [pool-14-thread-1] (CallableResult.java:63) - Finished CallableResult in 4 ms.
 INFO 2016-03-29 11:22:54,315 [pool-14-thread-2] (CallableResult.java:63) - Finished CallableResult in 6 ms.
 INFO 2016-03-29 11:22:54,316 [main] (ParallelMetaProducerLessBlocking.java:193) - Global results retrieved in getEdges 7ms.
 INFO 2016-03-29 11:22:54,316 [main] (Eval.java:2158) - 
	Get EDGE in 7ms.  
	FOR EDGE{?departement igeo:nom ?nom}

 INFO 2016-03-29 11:22:54,316 [main] (Eval.java:2158) - 
	Get EDGE in 20ms.  
	FOR EDGE{?region igeo:subdivisionDirecte ?departement}

 INFO 2016-03-29 11:22:54,316 [main] (ParallelMetaProducerLessBlocking.java:61) - Searching for edge : ?region igeo:subdivisionDirecte ?departement
 INFO 2016-03-29 11:22:54,316 [pool-15-thread-1] (CallableResult.java:52) - CallableResult for GetEdge
 INFO 2016-03-29 11:22:54,316 [pool-15-thread-2] (CallableResult.java:52) - CallableResult for GetEdge
 INFO 2016-03-29 11:22:54,322 [pool-15-thread-2] (CallableResult.java:63) - Finished CallableResult in 6 ms.
 INFO 2016-03-29 11:22:54,324 [pool-15-thread-1] (CallableResult.java:63) - Finished CallableResult in 8 ms.
 INFO 2016-03-29 11:22:54,324 [main] (ParallelMetaProducerLessBlocking.java:193) - Global results retrieved in getEdges 8ms.
 INFO 2016-03-29 11:22:54,324 [main] (ParallelMetaProducerLessBlocking.java:61) - Searching for edge : ?departement igeo:nom ?nom
 INFO 2016-03-29 11:22:54,325 [pool-16-thread-1] (CallableResult.java:52) - CallableResult for GetEdge
 INFO 2016-03-29 11:22:54,325 [pool-16-thread-2] (CallableResult.java:52) - CallableResult for GetEdge
 INFO 2016-03-29 11:22:54,329 [pool-16-thread-2] (CallableResult.java:63) - Finished CallableResult in 4 ms.
 INFO 2016-03-29 11:22:54,332 [pool-16-thread-1] (CallableResult.java:63) - Finished CallableResult in 7 ms.
 INFO 2016-03-29 11:22:54,333 [main] (ParallelMetaProducerLessBlocking.java:193) - Global results retrieved in getEdges 8ms.
 INFO 2016-03-29 11:22:54,333 [main] (Eval.java:2158) - 
	Get EDGE in 9ms.  
	FOR EDGE{?departement igeo:nom ?nom}

 INFO 2016-03-29 11:22:54,333 [main] (Eval.java:2158) - 
	Get EDGE in 17ms.  
	FOR EDGE{?region igeo:subdivisionDirecte ?departement}

 INFO 2016-03-29 11:22:54,333 [main] (ParallelMetaProducerLessBlocking.java:61) - Searching for edge : ?region igeo:subdivisionDirecte ?departement
 INFO 2016-03-29 11:22:54,334 [pool-17-thread-1] (CallableResult.java:52) - CallableResult for GetEdge
 INFO 2016-03-29 11:22:54,334 [pool-17-thread-2] (CallableResult.java:52) - CallableResult for GetEdge
 INFO 2016-03-29 11:22:54,340 [pool-17-thread-1] (CallableResult.java:63) - Finished CallableResult in 6 ms.
 INFO 2016-03-29 11:22:54,342 [pool-17-thread-2] (CallableResult.java:63) - Finished CallableResult in 8 ms.
 INFO 2016-03-29 11:22:54,343 [main] (ParallelMetaProducerLessBlocking.java:193) - Global results retrieved in getEdges 9ms.
 INFO 2016-03-29 11:22:54,343 [main] (ParallelMetaProducerLessBlocking.java:61) - Searching for edge : ?departement igeo:nom ?nom
 INFO 2016-03-29 11:22:54,343 [pool-18-thread-1] (CallableResult.java:52) - CallableResult for GetEdge
 INFO 2016-03-29 11:22:54,344 [pool-18-thread-2] (CallableResult.java:52) - CallableResult for GetEdge
 INFO 2016-03-29 11:22:54,348 [pool-18-thread-1] (CallableResult.java:63) - Finished CallableResult in 5 ms.
 INFO 2016-03-29 11:22:54,350 [pool-18-thread-2] (CallableResult.java:63) - Finished CallableResult in 6 ms.
 INFO 2016-03-29 11:22:54,351 [main] (ParallelMetaProducerLessBlocking.java:193) - Global results retrieved in getEdges 8ms.
 INFO 2016-03-29 11:22:54,351 [main] (Eval.java:2158) - 
	Get EDGE in 8ms.  
	FOR EDGE{?departement igeo:nom ?nom}

 INFO 2016-03-29 11:22:54,351 [main] (ParallelMetaProducerLessBlocking.java:61) - Searching for edge : ?departement igeo:nom ?nom
 INFO 2016-03-29 11:22:54,351 [pool-19-thread-1] (CallableResult.java:52) - CallableResult for GetEdge
 INFO 2016-03-29 11:22:54,351 [pool-19-thread-2] (CallableResult.java:52) - CallableResult for GetEdge
 INFO 2016-03-29 11:22:54,356 [pool-19-thread-2] (CallableResult.java:63) - Finished CallableResult in 5 ms.
 INFO 2016-03-29 11:22:54,358 [pool-19-thread-1] (CallableResult.java:63) - Finished CallableResult in 7 ms.
 INFO 2016-03-29 11:22:54,358 [main] (ParallelMetaProducerLessBlocking.java:193) - Global results retrieved in getEdges 7ms.
 INFO 2016-03-29 11:22:54,358 [main] (Eval.java:2158) - 
	Get EDGE in 7ms.  
	FOR EDGE{?departement igeo:nom ?nom}

 INFO 2016-03-29 11:22:54,359 [main] (ParallelMetaProducerLessBlocking.java:61) - Searching for edge : ?departement igeo:nom ?nom
 INFO 2016-03-29 11:22:54,359 [pool-20-thread-1] (CallableResult.java:52) - CallableResult for GetEdge
 INFO 2016-03-29 11:22:54,359 [pool-20-thread-2] (CallableResult.java:52) - CallableResult for GetEdge
 INFO 2016-03-29 11:22:54,363 [pool-20-thread-2] (CallableResult.java:63) - Finished CallableResult in 4 ms.
 INFO 2016-03-29 11:22:54,366 [pool-20-thread-1] (CallableResult.java:63) - Finished CallableResult in 7 ms.
 INFO 2016-03-29 11:22:54,367 [main] (ParallelMetaProducerLessBlocking.java:193) - Global results retrieved in getEdges 8ms.
 INFO 2016-03-29 11:22:54,367 [main] (Eval.java:2158) - 
	Get EDGE in 8ms.  
	FOR EDGE{?departement igeo:nom ?nom}

 INFO 2016-03-29 11:22:54,367 [main] (Eval.java:2158) - 
	Get EDGE in 34ms.  
	FOR EDGE{?region igeo:subdivisionDirecte ?departement}

 INFO 2016-03-29 11:22:54,367 [main] (ParallelMetaProducerLessBlocking.java:61) - Searching for edge : ?region igeo:subdivisionDirecte ?departement
 INFO 2016-03-29 11:22:54,368 [pool-21-thread-1] (CallableResult.java:52) - CallableResult for GetEdge
 INFO 2016-03-29 11:22:54,368 [pool-21-thread-2] (CallableResult.java:52) - CallableResult for GetEdge
 INFO 2016-03-29 11:22:54,372 [pool-21-thread-2] (CallableResult.java:63) - Finished CallableResult in 4 ms.
 INFO 2016-03-29 11:22:54,374 [pool-21-thread-1] (CallableResult.java:63) - Finished CallableResult in 6 ms.
 INFO 2016-03-29 11:22:54,374 [main] (ParallelMetaProducerLessBlocking.java:193) - Global results retrieved in getEdges 6ms.
 INFO 2016-03-29 11:22:54,374 [main] (ParallelMetaProducerLessBlocking.java:61) - Searching for edge : ?departement igeo:nom ?nom
 INFO 2016-03-29 11:22:54,375 [pool-22-thread-1] (CallableResult.java:52) - CallableResult for GetEdge
 INFO 2016-03-29 11:22:54,375 [pool-22-thread-2] (CallableResult.java:52) - CallableResult for GetEdge
 INFO 2016-03-29 11:22:54,380 [pool-22-thread-2] (CallableResult.java:63) - Finished CallableResult in 5 ms.
 INFO 2016-03-29 11:22:54,381 [pool-22-thread-1] (CallableResult.java:63) - Finished CallableResult in 6 ms.
 INFO 2016-03-29 11:22:54,381 [main] (ParallelMetaProducerLessBlocking.java:193) - Global results retrieved in getEdges 6ms.
 INFO 2016-03-29 11:22:54,381 [main] (Eval.java:2158) - 
	Get EDGE in 7ms.  
	FOR EDGE{?departement igeo:nom ?nom}

 INFO 2016-03-29 11:22:54,381 [main] (Eval.java:2158) - 
	Get EDGE in 14ms.  
	FOR EDGE{?region igeo:subdivisionDirecte ?departement}

 INFO 2016-03-29 11:22:54,381 [main] (ParallelMetaProducerLessBlocking.java:61) - Searching for edge : ?region igeo:subdivisionDirecte ?departement
 INFO 2016-03-29 11:22:54,382 [pool-23-thread-1] (CallableResult.java:52) - CallableResult for GetEdge
 INFO 2016-03-29 11:22:54,382 [pool-23-thread-2] (CallableResult.java:52) - CallableResult for GetEdge
 INFO 2016-03-29 11:22:54,387 [pool-23-thread-2] (CallableResult.java:63) - Finished CallableResult in 5 ms.
 INFO 2016-03-29 11:22:54,390 [pool-23-thread-1] (CallableResult.java:63) - Finished CallableResult in 9 ms.
 INFO 2016-03-29 11:22:54,390 [main] (ParallelMetaProducerLessBlocking.java:193) - Global results retrieved in getEdges 8ms.
 INFO 2016-03-29 11:22:54,390 [main] (ParallelMetaProducerLessBlocking.java:61) - Searching for edge : ?departement igeo:nom ?nom
 INFO 2016-03-29 11:22:54,391 [pool-24-thread-1] (CallableResult.java:52) - CallableResult for GetEdge
 INFO 2016-03-29 11:22:54,391 [pool-24-thread-2] (CallableResult.java:52) - CallableResult for GetEdge
 INFO 2016-03-29 11:22:54,395 [pool-24-thread-2] (CallableResult.java:63) - Finished CallableResult in 4 ms.
 INFO 2016-03-29 11:22:54,397 [pool-24-thread-1] (CallableResult.java:63) - Finished CallableResult in 6 ms.
 INFO 2016-03-29 11:22:54,399 [main] (ParallelMetaProducerLessBlocking.java:193) - Global results retrieved in getEdges 8ms.
 INFO 2016-03-29 11:22:54,399 [main] (Eval.java:2158) - 
	Get EDGE in 9ms.  
	FOR EDGE{?departement igeo:nom ?nom}

 INFO 2016-03-29 11:22:54,400 [main] (ParallelMetaProducerLessBlocking.java:61) - Searching for edge : ?departement igeo:nom ?nom
 INFO 2016-03-29 11:22:54,400 [pool-25-thread-1] (CallableResult.java:52) - CallableResult for GetEdge
 INFO 2016-03-29 11:22:54,400 [pool-25-thread-2] (CallableResult.java:52) - CallableResult for GetEdge
 INFO 2016-03-29 11:22:54,406 [pool-25-thread-2] (CallableResult.java:63) - Finished CallableResult in 6 ms.
 INFO 2016-03-29 11:22:54,407 [pool-25-thread-1] (CallableResult.java:63) - Finished CallableResult in 7 ms.
 INFO 2016-03-29 11:22:54,408 [main] (ParallelMetaProducerLessBlocking.java:193) - Global results retrieved in getEdges 8ms.
 INFO 2016-03-29 11:22:54,408 [main] (Eval.java:2158) - 
	Get EDGE in 8ms.  
	FOR EDGE{?departement igeo:nom ?nom}

 INFO 2016-03-29 11:22:54,408 [main] (Eval.java:2158) - 
	Get EDGE in 27ms.  
	FOR EDGE{?region igeo:subdivisionDirecte ?departement}

 INFO 2016-03-29 11:22:54,408 [main] (ParallelMetaProducerLessBlocking.java:61) - Searching for edge : ?region igeo:subdivisionDirecte ?departement
 INFO 2016-03-29 11:22:54,408 [pool-26-thread-1] (CallableResult.java:52) - CallableResult for GetEdge
 INFO 2016-03-29 11:22:54,412 [pool-26-thread-1] (CallableResult.java:63) - Finished CallableResult in 4 ms.
 INFO 2016-03-29 11:22:54,413 [pool-26-thread-2] (CallableResult.java:52) - CallableResult for GetEdge
 INFO 2016-03-29 11:22:54,419 [pool-26-thread-2] (CallableResult.java:63) - Finished CallableResult in 6 ms.
 INFO 2016-03-29 11:22:54,420 [main] (ParallelMetaProducerLessBlocking.java:193) - Global results retrieved in getEdges 7ms.
 INFO 2016-03-29 11:22:54,420 [main] (ParallelMetaProducerLessBlocking.java:61) - Searching for edge : ?departement igeo:nom ?nom
 INFO 2016-03-29 11:22:54,420 [pool-27-thread-1] (CallableResult.java:52) - CallableResult for GetEdge
 INFO 2016-03-29 11:22:54,420 [pool-27-thread-2] (CallableResult.java:52) - CallableResult for GetEdge
 INFO 2016-03-29 11:22:54,424 [pool-27-thread-2] (CallableResult.java:63) - Finished CallableResult in 4 ms.
 INFO 2016-03-29 11:22:54,426 [pool-27-thread-1] (CallableResult.java:63) - Finished CallableResult in 6 ms.
 INFO 2016-03-29 11:22:54,426 [main] (ParallelMetaProducerLessBlocking.java:193) - Global results retrieved in getEdges 6ms.
 INFO 2016-03-29 11:22:54,426 [main] (Eval.java:2158) - 
	Get EDGE in 6ms.  
	FOR EDGE{?departement igeo:nom ?nom}

 INFO 2016-03-29 11:22:54,426 [main] (Eval.java:2158) - 
	Get EDGE in 18ms.  
	FOR EDGE{?region igeo:subdivisionDirecte ?departement}

 INFO 2016-03-29 11:22:54,426 [main] (ParallelMetaProducerLessBlocking.java:61) - Searching for edge : ?region igeo:subdivisionDirecte ?departement
 INFO 2016-03-29 11:22:54,427 [pool-28-thread-1] (CallableResult.java:52) - CallableResult for GetEdge
 INFO 2016-03-29 11:22:54,427 [pool-28-thread-2] (CallableResult.java:52) - CallableResult for GetEdge
 INFO 2016-03-29 11:22:54,431 [pool-28-thread-1] (CallableResult.java:63) - Finished CallableResult in 4 ms.
 INFO 2016-03-29 11:22:54,435 [pool-28-thread-2] (CallableResult.java:63) - Finished CallableResult in 8 ms.
 INFO 2016-03-29 11:22:54,435 [main] (ParallelMetaProducerLessBlocking.java:193) - Global results retrieved in getEdges 8ms.
 INFO 2016-03-29 11:22:54,436 [main] (ParallelMetaProducerLessBlocking.java:61) - Searching for edge : ?departement igeo:nom ?nom
 INFO 2016-03-29 11:22:54,436 [pool-29-thread-1] (CallableResult.java:52) - CallableResult for GetEdge
 INFO 2016-03-29 11:22:54,436 [pool-29-thread-2] (CallableResult.java:52) - CallableResult for GetEdge
 INFO 2016-03-29 11:22:54,440 [pool-29-thread-2] (CallableResult.java:63) - Finished CallableResult in 4 ms.
 INFO 2016-03-29 11:22:54,441 [pool-29-thread-1] (CallableResult.java:63) - Finished CallableResult in 5 ms.
 INFO 2016-03-29 11:22:54,441 [main] (ParallelMetaProducerLessBlocking.java:193) - Global results retrieved in getEdges 5ms.
 INFO 2016-03-29 11:22:54,441 [main] (Eval.java:2158) - 
	Get EDGE in 5ms.  
	FOR EDGE{?departement igeo:nom ?nom}

 INFO 2016-03-29 11:22:54,441 [main] (ParallelMetaProducerLessBlocking.java:61) - Searching for edge : ?departement igeo:nom ?nom
 INFO 2016-03-29 11:22:54,442 [pool-30-thread-1] (CallableResult.java:52) - CallableResult for GetEdge
 INFO 2016-03-29 11:22:54,442 [pool-30-thread-2] (CallableResult.java:52) - CallableResult for GetEdge
 INFO 2016-03-29 11:22:54,446 [pool-30-thread-2] (CallableResult.java:63) - Finished CallableResult in 4 ms.
 INFO 2016-03-29 11:22:54,447 [pool-30-thread-1] (CallableResult.java:63) - Finished CallableResult in 5 ms.
 INFO 2016-03-29 11:22:54,448 [main] (ParallelMetaProducerLessBlocking.java:193) - Global results retrieved in getEdges 6ms.
 INFO 2016-03-29 11:22:54,448 [main] (Eval.java:2158) - 
	Get EDGE in 7ms.  
	FOR EDGE{?departement igeo:nom ?nom}

 INFO 2016-03-29 11:22:54,448 [main] (ParallelMetaProducerLessBlocking.java:61) - Searching for edge : ?departement igeo:nom ?nom
 INFO 2016-03-29 11:22:54,448 [pool-31-thread-1] (CallableResult.java:52) - CallableResult for GetEdge
 INFO 2016-03-29 11:22:54,448 [pool-31-thread-2] (CallableResult.java:52) - CallableResult for GetEdge
 INFO 2016-03-29 11:22:54,453 [pool-31-thread-2] (CallableResult.java:63) - Finished CallableResult in 5 ms.
 INFO 2016-03-29 11:22:54,454 [pool-31-thread-1] (CallableResult.java:63) - Finished CallableResult in 6 ms.
 INFO 2016-03-29 11:22:54,454 [main] (ParallelMetaProducerLessBlocking.java:193) - Global results retrieved in getEdges 6ms.
 INFO 2016-03-29 11:22:54,454 [main] (Eval.java:2158) - 
	Get EDGE in 6ms.  
	FOR EDGE{?departement igeo:nom ?nom}

 INFO 2016-03-29 11:22:54,454 [main] (ParallelMetaProducerLessBlocking.java:61) - Searching for edge : ?departement igeo:nom ?nom
 INFO 2016-03-29 11:22:54,455 [pool-32-thread-1] (CallableResult.java:52) - CallableResult for GetEdge
 INFO 2016-03-29 11:22:54,455 [pool-32-thread-2] (CallableResult.java:52) - CallableResult for GetEdge
 INFO 2016-03-29 11:22:54,458 [pool-32-thread-1] (CallableResult.java:63) - Finished CallableResult in 3 ms.
 INFO 2016-03-29 11:22:54,461 [pool-32-thread-2] (CallableResult.java:63) - Finished CallableResult in 6 ms.
 INFO 2016-03-29 11:22:54,462 [main] (ParallelMetaProducerLessBlocking.java:193) - Global results retrieved in getEdges 7ms.
 INFO 2016-03-29 11:22:54,462 [main] (Eval.java:2158) - 
	Get EDGE in 8ms.  
	FOR EDGE{?departement igeo:nom ?nom}

 INFO 2016-03-29 11:22:54,462 [main] (Eval.java:2158) - 
	Get EDGE in 36ms.  
	FOR EDGE{?region igeo:subdivisionDirecte ?departement}

 INFO 2016-03-29 11:22:54,462 [main] (ParallelMetaProducerLessBlocking.java:61) - Searching for edge : ?region igeo:subdivisionDirecte ?departement
 INFO 2016-03-29 11:22:54,462 [pool-33-thread-2] (CallableResult.java:52) - CallableResult for GetEdge
 INFO 2016-03-29 11:22:54,462 [pool-33-thread-1] (CallableResult.java:52) - CallableResult for GetEdge
 INFO 2016-03-29 11:22:54,467 [pool-33-thread-1] (CallableResult.java:63) - Finished CallableResult in 5 ms.
 INFO 2016-03-29 11:22:54,472 [pool-33-thread-2] (CallableResult.java:63) - Finished CallableResult in 10 ms.
 INFO 2016-03-29 11:22:54,472 [main] (ParallelMetaProducerLessBlocking.java:193) - Global results retrieved in getEdges 10ms.
 INFO 2016-03-29 11:22:54,472 [main] (ParallelMetaProducerLessBlocking.java:61) - Searching for edge : ?departement igeo:nom ?nom
 INFO 2016-03-29 11:22:54,473 [pool-34-thread-1] (CallableResult.java:52) - CallableResult for GetEdge
 INFO 2016-03-29 11:22:54,473 [pool-34-thread-2] (CallableResult.java:52) - CallableResult for GetEdge
 INFO 2016-03-29 11:22:54,484 [pool-34-thread-2] (CallableResult.java:63) - Finished CallableResult in 11 ms.
 INFO 2016-03-29 11:22:54,485 [pool-34-thread-1] (CallableResult.java:63) - Finished CallableResult in 12 ms.
 INFO 2016-03-29 11:22:54,485 [main] (ParallelMetaProducerLessBlocking.java:193) - Global results retrieved in getEdges 12ms.
 INFO 2016-03-29 11:22:54,485 [main] (Eval.java:2158) - 
	Get EDGE in 13ms.  
	FOR EDGE{?departement igeo:nom ?nom}

 INFO 2016-03-29 11:22:54,485 [main] (ParallelMetaProducerLessBlocking.java:61) - Searching for edge : ?departement igeo:nom ?nom
 INFO 2016-03-29 11:22:54,485 [pool-35-thread-1] (CallableResult.java:52) - CallableResult for GetEdge
 INFO 2016-03-29 11:22:54,486 [pool-35-thread-2] (CallableResult.java:52) - CallableResult for GetEdge
 INFO 2016-03-29 11:22:54,489 [pool-35-thread-2] (CallableResult.java:63) - Finished CallableResult in 3 ms.
 INFO 2016-03-29 11:22:54,490 [pool-35-thread-1] (CallableResult.java:63) - Finished CallableResult in 5 ms.
 INFO 2016-03-29 11:22:54,490 [main] (ParallelMetaProducerLessBlocking.java:193) - Global results retrieved in getEdges 5ms.
 INFO 2016-03-29 11:22:54,491 [main] (Eval.java:2158) - 
	Get EDGE in 6ms.  
	FOR EDGE{?departement igeo:nom ?nom}

 INFO 2016-03-29 11:22:54,491 [main] (ParallelMetaProducerLessBlocking.java:61) - Searching for edge : ?departement igeo:nom ?nom
 INFO 2016-03-29 11:22:54,491 [pool-36-thread-2] (CallableResult.java:52) - CallableResult for GetEdge
 INFO 2016-03-29 11:22:54,491 [pool-36-thread-1] (CallableResult.java:52) - CallableResult for GetEdge
 INFO 2016-03-29 11:22:54,495 [pool-36-thread-2] (CallableResult.java:63) - Finished CallableResult in 4 ms.
 INFO 2016-03-29 11:22:54,496 [pool-36-thread-1] (CallableResult.java:63) - Finished CallableResult in 5 ms.
 INFO 2016-03-29 11:22:54,496 [main] (ParallelMetaProducerLessBlocking.java:193) - Global results retrieved in getEdges 5ms.
 INFO 2016-03-29 11:22:54,496 [main] (Eval.java:2158) - 
	Get EDGE in 5ms.  
	FOR EDGE{?departement igeo:nom ?nom}

 INFO 2016-03-29 11:22:54,496 [main] (ParallelMetaProducerLessBlocking.java:61) - Searching for edge : ?departement igeo:nom ?nom
 INFO 2016-03-29 11:22:54,497 [pool-37-thread-1] (CallableResult.java:52) - CallableResult for GetEdge
 INFO 2016-03-29 11:22:54,497 [pool-37-thread-2] (CallableResult.java:52) - CallableResult for GetEdge
 INFO 2016-03-29 11:22:54,500 [pool-37-thread-1] (CallableResult.java:63) - Finished CallableResult in 3 ms.
 INFO 2016-03-29 11:22:54,501 [pool-37-thread-2] (CallableResult.java:63) - Finished CallableResult in 4 ms.
 INFO 2016-03-29 11:22:54,501 [main] (ParallelMetaProducerLessBlocking.java:193) - Global results retrieved in getEdges 4ms.
 INFO 2016-03-29 11:22:54,501 [main] (Eval.java:2158) - 
	Get EDGE in 5ms.  
	FOR EDGE{?departement igeo:nom ?nom}

 INFO 2016-03-29 11:22:54,502 [main] (ParallelMetaProducerLessBlocking.java:61) - Searching for edge : ?departement igeo:nom ?nom
 INFO 2016-03-29 11:22:54,502 [pool-38-thread-1] (CallableResult.java:52) - CallableResult for GetEdge
 INFO 2016-03-29 11:22:54,502 [pool-38-thread-2] (CallableResult.java:52) - CallableResult for GetEdge
 INFO 2016-03-29 11:22:54,505 [pool-38-thread-1] (CallableResult.java:63) - Finished CallableResult in 3 ms.
 INFO 2016-03-29 11:22:54,509 [pool-38-thread-2] (CallableResult.java:63) - Finished CallableResult in 7 ms.
 INFO 2016-03-29 11:22:54,509 [main] (ParallelMetaProducerLessBlocking.java:193) - Global results retrieved in getEdges 7ms.
 INFO 2016-03-29 11:22:54,509 [main] (Eval.java:2158) - 
	Get EDGE in 7ms.  
	FOR EDGE{?departement igeo:nom ?nom}

 INFO 2016-03-29 11:22:54,509 [main] (Eval.java:2158) - 
	Get EDGE in 47ms.  
	FOR EDGE{?region igeo:subdivisionDirecte ?departement}

 INFO 2016-03-29 11:22:54,510 [main] (ParallelMetaProducerLessBlocking.java:61) - Searching for edge : ?region igeo:subdivisionDirecte ?departement
 INFO 2016-03-29 11:22:54,511 [pool-39-thread-1] (CallableResult.java:52) - CallableResult for GetEdge
 INFO 2016-03-29 11:22:54,513 [pool-39-thread-2] (CallableResult.java:52) - CallableResult for GetEdge
 INFO 2016-03-29 11:22:54,515 [pool-39-thread-1] (CallableResult.java:63) - Finished CallableResult in 4 ms.
 INFO 2016-03-29 11:22:54,519 [pool-39-thread-2] (CallableResult.java:63) - Finished CallableResult in 6 ms.
 INFO 2016-03-29 11:22:54,520 [main] (ParallelMetaProducerLessBlocking.java:193) - Global results retrieved in getEdges 8ms.
 INFO 2016-03-29 11:22:54,520 [main] (ParallelMetaProducerLessBlocking.java:61) - Searching for edge : ?departement igeo:nom ?nom
 INFO 2016-03-29 11:22:54,520 [pool-40-thread-1] (CallableResult.java:52) - CallableResult for GetEdge
 INFO 2016-03-29 11:22:54,520 [pool-40-thread-2] (CallableResult.java:52) - CallableResult for GetEdge
 INFO 2016-03-29 11:22:54,524 [pool-40-thread-2] (CallableResult.java:63) - Finished CallableResult in 4 ms.
 INFO 2016-03-29 11:22:54,526 [pool-40-thread-1] (CallableResult.java:63) - Finished CallableResult in 6 ms.
 INFO 2016-03-29 11:22:54,526 [main] (ParallelMetaProducerLessBlocking.java:193) - Global results retrieved in getEdges 6ms.
 INFO 2016-03-29 11:22:54,527 [main] (Eval.java:2158) - 
	Get EDGE in 7ms.  
	FOR EDGE{?departement igeo:nom ?nom}

 INFO 2016-03-29 11:22:54,527 [main] (ParallelMetaProducerLessBlocking.java:61) - Searching for edge : ?departement igeo:nom ?nom
 INFO 2016-03-29 11:22:54,527 [pool-41-thread-1] (CallableResult.java:52) - CallableResult for GetEdge
 INFO 2016-03-29 11:22:54,527 [pool-41-thread-2] (CallableResult.java:52) - CallableResult for GetEdge
 INFO 2016-03-29 11:22:54,531 [pool-41-thread-2] (CallableResult.java:63) - Finished CallableResult in 4 ms.
 INFO 2016-03-29 11:22:54,534 [pool-41-thread-1] (CallableResult.java:63) - Finished CallableResult in 7 ms.
 INFO 2016-03-29 11:22:54,534 [main] (ParallelMetaProducerLessBlocking.java:193) - Global results retrieved in getEdges 7ms.
 INFO 2016-03-29 11:22:54,534 [main] (Eval.java:2158) - 
	Get EDGE in 7ms.  
	FOR EDGE{?departement igeo:nom ?nom}

 INFO 2016-03-29 11:22:54,534 [main] (Eval.java:2158) - 
	Get EDGE in 24ms.  
	FOR EDGE{?region igeo:subdivisionDirecte ?departement}

 INFO 2016-03-29 11:22:54,535 [main] (ParallelMetaProducerLessBlocking.java:61) - Searching for edge : ?region igeo:subdivisionDirecte ?departement
 INFO 2016-03-29 11:22:54,535 [pool-42-thread-1] (CallableResult.java:52) - CallableResult for GetEdge
 INFO 2016-03-29 11:22:54,539 [pool-42-thread-1] (CallableResult.java:63) - Finished CallableResult in 4 ms.
 INFO 2016-03-29 11:22:54,539 [pool-42-thread-2] (CallableResult.java:52) - CallableResult for GetEdge
 INFO 2016-03-29 11:22:54,547 [pool-42-thread-2] (CallableResult.java:63) - Finished CallableResult in 8 ms.
 INFO 2016-03-29 11:22:54,547 [main] (ParallelMetaProducerLessBlocking.java:193) - Global results retrieved in getEdges 8ms.
 INFO 2016-03-29 11:22:54,547 [main] (ParallelMetaProducerLessBlocking.java:61) - Searching for edge : ?departement igeo:nom ?nom
 INFO 2016-03-29 11:22:54,548 [pool-43-thread-1] (CallableResult.java:52) - CallableResult for GetEdge
 INFO 2016-03-29 11:22:54,548 [pool-43-thread-2] (CallableResult.java:52) - CallableResult for GetEdge
 INFO 2016-03-29 11:22:54,551 [pool-43-thread-1] (CallableResult.java:63) - Finished CallableResult in 3 ms.
 INFO 2016-03-29 11:22:54,553 [pool-43-thread-2] (CallableResult.java:63) - Finished CallableResult in 5 ms.
 INFO 2016-03-29 11:22:54,554 [main] (ParallelMetaProducerLessBlocking.java:193) - Global results retrieved in getEdges 6ms.
 INFO 2016-03-29 11:22:54,554 [main] (Eval.java:2158) - 
	Get EDGE in 7ms.  
	FOR EDGE{?departement igeo:nom ?nom}

 INFO 2016-03-29 11:22:54,554 [main] (ParallelMetaProducerLessBlocking.java:61) - Searching for edge : ?departement igeo:nom ?nom
 INFO 2016-03-29 11:22:54,554 [pool-44-thread-1] (CallableResult.java:52) - CallableResult for GetEdge
 INFO 2016-03-29 11:22:54,554 [pool-44-thread-2] (CallableResult.java:52) - CallableResult for GetEdge
 INFO 2016-03-29 11:22:54,558 [pool-44-thread-2] (CallableResult.java:63) - Finished CallableResult in 4 ms.
 INFO 2016-03-29 11:22:54,559 [pool-44-thread-1] (CallableResult.java:63) - Finished CallableResult in 5 ms.
 INFO 2016-03-29 11:22:54,559 [main] (ParallelMetaProducerLessBlocking.java:193) - Global results retrieved in getEdges 5ms.
 INFO 2016-03-29 11:22:54,560 [main] (Eval.java:2158) - 
	Get EDGE in 6ms.  
	FOR EDGE{?departement igeo:nom ?nom}

 INFO 2016-03-29 11:22:54,560 [main] (ParallelMetaProducerLessBlocking.java:61) - Searching for edge : ?departement igeo:nom ?nom
 INFO 2016-03-29 11:22:54,560 [pool-45-thread-1] (CallableResult.java:52) - CallableResult for GetEdge
 INFO 2016-03-29 11:22:54,560 [pool-45-thread-2] (CallableResult.java:52) - CallableResult for GetEdge
 INFO 2016-03-29 11:22:54,565 [pool-45-thread-1] (CallableResult.java:63) - Finished CallableResult in 5 ms.
 INFO 2016-03-29 11:22:54,565 [pool-45-thread-2] (CallableResult.java:63) - Finished CallableResult in 5 ms.
 INFO 2016-03-29 11:22:54,565 [main] (ParallelMetaProducerLessBlocking.java:193) - Global results retrieved in getEdges 5ms.
 INFO 2016-03-29 11:22:54,565 [main] (Eval.java:2158) - 
	Get EDGE in 5ms.  
	FOR EDGE{?departement igeo:nom ?nom}

 INFO 2016-03-29 11:22:54,566 [main] (Eval.java:2158) - 
	Get EDGE in 30ms.  
	FOR EDGE{?region igeo:subdivisionDirecte ?departement}

 INFO 2016-03-29 11:22:54,566 [main] (ParallelMetaProducerLessBlocking.java:61) - Searching for edge : ?region igeo:subdivisionDirecte ?departement
 INFO 2016-03-29 11:22:54,566 [pool-46-thread-1] (CallableResult.java:52) - CallableResult for GetEdge
 INFO 2016-03-29 11:22:54,566 [pool-46-thread-2] (CallableResult.java:52) - CallableResult for GetEdge
 INFO 2016-03-29 11:22:54,569 [pool-46-thread-1] (CallableResult.java:63) - Finished CallableResult in 3 ms.
 INFO 2016-03-29 11:22:54,578 [pool-46-thread-2] (CallableResult.java:63) - Finished CallableResult in 12 ms.
 INFO 2016-03-29 11:22:54,578 [main] (ParallelMetaProducerLessBlocking.java:193) - Global results retrieved in getEdges 12ms.
 INFO 2016-03-29 11:22:54,578 [main] (ParallelMetaProducerLessBlocking.java:61) - Searching for edge : ?departement igeo:nom ?nom
 INFO 2016-03-29 11:22:54,578 [pool-47-thread-1] (CallableResult.java:52) - CallableResult for GetEdge
 INFO 2016-03-29 11:22:54,578 [pool-47-thread-2] (CallableResult.java:52) - CallableResult for GetEdge
 INFO 2016-03-29 11:22:54,582 [pool-47-thread-2] (CallableResult.java:63) - Finished CallableResult in 4 ms.
 INFO 2016-03-29 11:22:54,584 [pool-47-thread-1] (CallableResult.java:63) - Finished CallableResult in 6 ms.
 INFO 2016-03-29 11:22:54,584 [main] (ParallelMetaProducerLessBlocking.java:193) - Global results retrieved in getEdges 6ms.
 INFO 2016-03-29 11:22:54,585 [main] (Eval.java:2158) - 
	Get EDGE in 6ms.  
	FOR EDGE{?departement igeo:nom ?nom}

 INFO 2016-03-29 11:22:54,585 [main] (ParallelMetaProducerLessBlocking.java:61) - Searching for edge : ?departement igeo:nom ?nom
 INFO 2016-03-29 11:22:54,585 [pool-48-thread-1] (CallableResult.java:52) - CallableResult for GetEdge
 INFO 2016-03-29 11:22:54,585 [pool-48-thread-2] (CallableResult.java:52) - CallableResult for GetEdge
 INFO 2016-03-29 11:22:54,591 [pool-48-thread-1] (CallableResult.java:63) - Finished CallableResult in 6 ms.
 INFO 2016-03-29 11:22:54,592 [pool-48-thread-2] (CallableResult.java:63) - Finished CallableResult in 7 ms.
 INFO 2016-03-29 11:22:54,592 [main] (ParallelMetaProducerLessBlocking.java:193) - Global results retrieved in getEdges 7ms.
 INFO 2016-03-29 11:22:54,592 [main] (Eval.java:2158) - 
	Get EDGE in 7ms.  
	FOR EDGE{?departement igeo:nom ?nom}

 INFO 2016-03-29 11:22:54,592 [main] (ParallelMetaProducerLessBlocking.java:61) - Searching for edge : ?departement igeo:nom ?nom
 INFO 2016-03-29 11:22:54,593 [pool-49-thread-1] (CallableResult.java:52) - CallableResult for GetEdge
 INFO 2016-03-29 11:22:54,595 [pool-49-thread-2] (CallableResult.java:52) - CallableResult for GetEdge
 INFO 2016-03-29 11:22:54,599 [pool-49-thread-1] (CallableResult.java:63) - Finished CallableResult in 6 ms.
 INFO 2016-03-29 11:22:54,600 [pool-49-thread-2] (CallableResult.java:63) - Finished CallableResult in 5 ms.
 INFO 2016-03-29 11:22:54,600 [main] (ParallelMetaProducerLessBlocking.java:193) - Global results retrieved in getEdges 5ms.
 INFO 2016-03-29 11:22:54,600 [main] (Eval.java:2158) - 
	Get EDGE in 8ms.  
	FOR EDGE{?departement igeo:nom ?nom}

 INFO 2016-03-29 11:22:54,600 [main] (Eval.java:2158) - 
	Get EDGE in 34ms.  
	FOR EDGE{?region igeo:subdivisionDirecte ?departement}

 INFO 2016-03-29 11:22:54,600 [main] (ParallelMetaProducerLessBlocking.java:61) - Searching for edge : ?region igeo:subdivisionDirecte ?departement
 INFO 2016-03-29 11:22:54,601 [pool-50-thread-1] (CallableResult.java:52) - CallableResult for GetEdge
 INFO 2016-03-29 11:22:54,601 [pool-50-thread-2] (CallableResult.java:52) - CallableResult for GetEdge
 INFO 2016-03-29 11:22:54,604 [pool-50-thread-1] (CallableResult.java:63) - Finished CallableResult in 3 ms.
 INFO 2016-03-29 11:22:54,607 [pool-50-thread-2] (CallableResult.java:63) - Finished CallableResult in 6 ms.
 INFO 2016-03-29 11:22:54,607 [main] (ParallelMetaProducerLessBlocking.java:193) - Global results retrieved in getEdges 6ms.
 INFO 2016-03-29 11:22:54,608 [main] (ParallelMetaProducerLessBlocking.java:61) - Searching for edge : ?departement igeo:nom ?nom
 INFO 2016-03-29 11:22:54,609 [pool-51-thread-1] (CallableResult.java:52) - CallableResult for GetEdge
 INFO 2016-03-29 11:22:54,609 [pool-51-thread-2] (CallableResult.java:52) - CallableResult for GetEdge
 INFO 2016-03-29 11:22:54,613 [pool-51-thread-2] (CallableResult.java:63) - Finished CallableResult in 4 ms.
 INFO 2016-03-29 11:22:54,618 [pool-51-thread-1] (CallableResult.java:63) - Finished CallableResult in 9 ms.
 INFO 2016-03-29 11:22:54,618 [main] (ParallelMetaProducerLessBlocking.java:193) - Global results retrieved in getEdges 9ms.
 INFO 2016-03-29 11:22:54,618 [main] (Eval.java:2158) - 
	Get EDGE in 11ms.  
	FOR EDGE{?departement igeo:nom ?nom}

 INFO 2016-03-29 11:22:54,618 [main] (ParallelMetaProducerLessBlocking.java:61) - Searching for edge : ?departement igeo:nom ?nom
 INFO 2016-03-29 11:22:54,619 [pool-52-thread-1] (CallableResult.java:52) - CallableResult for GetEdge
 INFO 2016-03-29 11:22:54,619 [pool-52-thread-2] (CallableResult.java:52) - CallableResult for GetEdge
 INFO 2016-03-29 11:22:54,624 [pool-52-thread-1] (CallableResult.java:63) - Finished CallableResult in 5 ms.
 INFO 2016-03-29 11:22:54,625 [pool-52-thread-2] (CallableResult.java:63) - Finished CallableResult in 6 ms.
 INFO 2016-03-29 11:22:54,625 [main] (ParallelMetaProducerLessBlocking.java:193) - Global results retrieved in getEdges 6ms.
 INFO 2016-03-29 11:22:54,625 [main] (Eval.java:2158) - 
	Get EDGE in 7ms.  
	FOR EDGE{?departement igeo:nom ?nom}

 INFO 2016-03-29 11:22:54,625 [main] (Eval.java:2158) - 
	Get EDGE in 25ms.  
	FOR EDGE{?region igeo:subdivisionDirecte ?departement}

 INFO 2016-03-29 11:22:54,625 [main] (ParallelMetaProducerLessBlocking.java:61) - Searching for edge : ?region igeo:subdivisionDirecte ?departement
 INFO 2016-03-29 11:22:54,626 [pool-53-thread-1] (CallableResult.java:52) - CallableResult for GetEdge
 INFO 2016-03-29 11:22:54,627 [pool-53-thread-2] (CallableResult.java:52) - CallableResult for GetEdge
 INFO 2016-03-29 11:22:54,630 [pool-53-thread-1] (CallableResult.java:63) - Finished CallableResult in 4 ms.
 INFO 2016-03-29 11:22:54,636 [pool-53-thread-2] (CallableResult.java:63) - Finished CallableResult in 9 ms.
 INFO 2016-03-29 11:22:54,636 [main] (ParallelMetaProducerLessBlocking.java:193) - Global results retrieved in getEdges 9ms.
 INFO 2016-03-29 11:22:54,636 [main] (ParallelMetaProducerLessBlocking.java:61) - Searching for edge : ?departement igeo:nom ?nom
 INFO 2016-03-29 11:22:54,637 [pool-54-thread-1] (CallableResult.java:52) - CallableResult for GetEdge
 INFO 2016-03-29 11:22:54,637 [pool-54-thread-2] (CallableResult.java:52) - CallableResult for GetEdge
 INFO 2016-03-29 11:22:54,640 [pool-54-thread-2] (CallableResult.java:63) - Finished CallableResult in 3 ms.
 INFO 2016-03-29 11:22:54,644 [pool-54-thread-1] (CallableResult.java:63) - Finished CallableResult in 7 ms.
 INFO 2016-03-29 11:22:54,644 [main] (ParallelMetaProducerLessBlocking.java:193) - Global results retrieved in getEdges 7ms.
 INFO 2016-03-29 11:22:54,644 [main] (Eval.java:2158) - 
	Get EDGE in 8ms.  
	FOR EDGE{?departement igeo:nom ?nom}

 INFO 2016-03-29 11:22:54,644 [main] (ParallelMetaProducerLessBlocking.java:61) - Searching for edge : ?departement igeo:nom ?nom
 INFO 2016-03-29 11:22:54,645 [pool-55-thread-1] (CallableResult.java:52) - CallableResult for GetEdge
 INFO 2016-03-29 11:22:54,645 [pool-55-thread-2] (CallableResult.java:52) - CallableResult for GetEdge
 INFO 2016-03-29 11:22:54,649 [pool-55-thread-1] (CallableResult.java:63) - Finished CallableResult in 4 ms.
 INFO 2016-03-29 11:22:54,650 [pool-55-thread-2] (CallableResult.java:63) - Finished CallableResult in 5 ms.
 INFO 2016-03-29 11:22:54,650 [main] (ParallelMetaProducerLessBlocking.java:193) - Global results retrieved in getEdges 5ms.
 INFO 2016-03-29 11:22:54,650 [main] (Eval.java:2158) - 
	Get EDGE in 6ms.  
	FOR EDGE{?departement igeo:nom ?nom}

 INFO 2016-03-29 11:22:54,650 [main] (ParallelMetaProducerLessBlocking.java:61) - Searching for edge : ?departement igeo:nom ?nom
 INFO 2016-03-29 11:22:54,650 [pool-56-thread-1] (CallableResult.java:52) - CallableResult for GetEdge
 INFO 2016-03-29 11:22:54,650 [pool-56-thread-2] (CallableResult.java:52) - CallableResult for GetEdge
 INFO 2016-03-29 11:22:54,654 [pool-56-thread-1] (CallableResult.java:63) - Finished CallableResult in 4 ms.
 INFO 2016-03-29 11:22:54,656 [pool-56-thread-2] (CallableResult.java:63) - Finished CallableResult in 6 ms.
 INFO 2016-03-29 11:22:54,656 [main] (ParallelMetaProducerLessBlocking.java:193) - Global results retrieved in getEdges 6ms.
 INFO 2016-03-29 11:22:54,656 [main] (Eval.java:2158) - 
	Get EDGE in 6ms.  
	FOR EDGE{?departement igeo:nom ?nom}

 INFO 2016-03-29 11:22:54,656 [main] (Eval.java:2158) - 
	Get EDGE in 31ms.  
	FOR EDGE{?region igeo:subdivisionDirecte ?departement}

 INFO 2016-03-29 11:22:54,656 [main] (ParallelMetaProducerLessBlocking.java:61) - Searching for edge : ?region igeo:subdivisionDirecte ?departement
 INFO 2016-03-29 11:22:54,657 [pool-57-thread-1] (CallableResult.java:52) - CallableResult for GetEdge
 INFO 2016-03-29 11:22:54,657 [pool-57-thread-2] (CallableResult.java:52) - CallableResult for GetEdge
 INFO 2016-03-29 11:22:54,660 [pool-57-thread-1] (CallableResult.java:63) - Finished CallableResult in 3 ms.
 INFO 2016-03-29 11:22:54,666 [pool-57-thread-2] (CallableResult.java:63) - Finished CallableResult in 9 ms.
 INFO 2016-03-29 11:22:54,666 [main] (ParallelMetaProducerLessBlocking.java:193) - Global results retrieved in getEdges 9ms.
 INFO 2016-03-29 11:22:54,666 [main] (ParallelMetaProducerLessBlocking.java:61) - Searching for edge : ?departement igeo:nom ?nom
 INFO 2016-03-29 11:22:54,666 [pool-58-thread-1] (CallableResult.java:52) - CallableResult for GetEdge
 INFO 2016-03-29 11:22:54,666 [pool-58-thread-2] (CallableResult.java:52) - CallableResult for GetEdge
 INFO 2016-03-29 11:22:54,670 [pool-58-thread-2] (CallableResult.java:63) - Finished CallableResult in 4 ms.
 INFO 2016-03-29 11:22:54,671 [pool-58-thread-1] (CallableResult.java:63) - Finished CallableResult in 5 ms.
 INFO 2016-03-29 11:22:54,672 [main] (ParallelMetaProducerLessBlocking.java:193) - Global results retrieved in getEdges 6ms.
 INFO 2016-03-29 11:22:54,672 [main] (Eval.java:2158) - 
	Get EDGE in 6ms.  
	FOR EDGE{?departement igeo:nom ?nom}

 INFO 2016-03-29 11:22:54,672 [main] (ParallelMetaProducerLessBlocking.java:61) - Searching for edge : ?departement igeo:nom ?nom
 INFO 2016-03-29 11:22:54,672 [pool-59-thread-2] (CallableResult.java:52) - CallableResult for GetEdge
 INFO 2016-03-29 11:22:54,672 [pool-59-thread-1] (CallableResult.java:52) - CallableResult for GetEdge
 INFO 2016-03-29 11:22:54,676 [pool-59-thread-2] (CallableResult.java:63) - Finished CallableResult in 4 ms.
 INFO 2016-03-29 11:22:54,677 [pool-59-thread-1] (CallableResult.java:63) - Finished CallableResult in 5 ms.
 INFO 2016-03-29 11:22:54,677 [main] (ParallelMetaProducerLessBlocking.java:193) - Global results retrieved in getEdges 5ms.
 INFO 2016-03-29 11:22:54,678 [main] (Eval.java:2158) - 
	Get EDGE in 6ms.  
	FOR EDGE{?departement igeo:nom ?nom}

 INFO 2016-03-29 11:22:54,678 [main] (ParallelMetaProducerLessBlocking.java:61) - Searching for edge : ?departement igeo:nom ?nom
 INFO 2016-03-29 11:22:54,678 [pool-60-thread-1] (CallableResult.java:52) - CallableResult for GetEdge
 INFO 2016-03-29 11:22:54,678 [pool-60-thread-2] (CallableResult.java:52) - CallableResult for GetEdge
 INFO 2016-03-29 11:22:54,681 [pool-60-thread-2] (CallableResult.java:63) - Finished CallableResult in 3 ms.
 INFO 2016-03-29 11:22:54,682 [pool-60-thread-1] (CallableResult.java:63) - Finished CallableResult in 4 ms.
 INFO 2016-03-29 11:22:54,683 [main] (ParallelMetaProducerLessBlocking.java:193) - Global results retrieved in getEdges 5ms.
 INFO 2016-03-29 11:22:54,683 [main] (Eval.java:2158) - 
	Get EDGE in 5ms.  
	FOR EDGE{?departement igeo:nom ?nom}

 INFO 2016-03-29 11:22:54,683 [main] (Eval.java:2158) - 
	Get EDGE in 27ms.  
	FOR EDGE{?region igeo:subdivisionDirecte ?departement}

 INFO 2016-03-29 11:22:54,683 [main] (ParallelMetaProducerLessBlocking.java:61) - Searching for edge : ?region igeo:subdivisionDirecte ?departement
 INFO 2016-03-29 11:22:54,684 [pool-61-thread-2] (CallableResult.java:52) - CallableResult for GetEdge
 INFO 2016-03-29 11:22:54,684 [pool-61-thread-1] (CallableResult.java:52) - CallableResult for GetEdge
 INFO 2016-03-29 11:22:54,688 [pool-61-thread-1] (CallableResult.java:63) - Finished CallableResult in 4 ms.
 INFO 2016-03-29 11:22:54,688 [pool-61-thread-2] (CallableResult.java:63) - Finished CallableResult in 4 ms.
 INFO 2016-03-29 11:22:54,689 [main] (ParallelMetaProducerLessBlocking.java:193) - Global results retrieved in getEdges 5ms.
 INFO 2016-03-29 11:22:54,689 [main] (ParallelMetaProducerLessBlocking.java:61) - Searching for edge : ?departement igeo:nom ?nom
 INFO 2016-03-29 11:22:54,689 [pool-62-thread-1] (CallableResult.java:52) - CallableResult for GetEdge
 INFO 2016-03-29 11:22:54,689 [pool-62-thread-2] (CallableResult.java:52) - CallableResult for GetEdge
 INFO 2016-03-29 11:22:54,692 [pool-62-thread-2] (CallableResult.java:63) - Finished CallableResult in 3 ms.
 INFO 2016-03-29 11:22:54,694 [pool-62-thread-1] (CallableResult.java:63) - Finished CallableResult in 5 ms.
 INFO 2016-03-29 11:22:54,694 [main] (ParallelMetaProducerLessBlocking.java:193) - Global results retrieved in getEdges 5ms.
 INFO 2016-03-29 11:22:54,694 [main] (Eval.java:2158) - 
	Get EDGE in 5ms.  
	FOR EDGE{?departement igeo:nom ?nom}

 INFO 2016-03-29 11:22:54,694 [main] (Eval.java:2158) - 
	Get EDGE in 11ms.  
	FOR EDGE{?region igeo:subdivisionDirecte ?departement}

 INFO 2016-03-29 11:22:54,694 [main] (ParallelMetaProducerLessBlocking.java:61) - Searching for edge : ?region igeo:subdivisionDirecte ?departement
 INFO 2016-03-29 11:22:54,694 [pool-63-thread-1] (CallableResult.java:52) - CallableResult for GetEdge
 INFO 2016-03-29 11:22:54,694 [pool-63-thread-2] (CallableResult.java:52) - CallableResult for GetEdge
 INFO 2016-03-29 11:22:54,698 [pool-63-thread-1] (CallableResult.java:63) - Finished CallableResult in 4 ms.
 INFO 2016-03-29 11:22:54,701 [pool-63-thread-2] (CallableResult.java:63) - Finished CallableResult in 7 ms.
 INFO 2016-03-29 11:22:54,701 [main] (ParallelMetaProducerLessBlocking.java:193) - Global results retrieved in getEdges 7ms.
 INFO 2016-03-29 11:22:54,701 [main] (ParallelMetaProducerLessBlocking.java:61) - Searching for edge : ?departement igeo:nom ?nom
 INFO 2016-03-29 11:22:54,702 [pool-64-thread-1] (CallableResult.java:52) - CallableResult for GetEdge
 INFO 2016-03-29 11:22:54,702 [pool-64-thread-2] (CallableResult.java:52) - CallableResult for GetEdge
 INFO 2016-03-29 11:22:54,705 [pool-64-thread-2] (CallableResult.java:63) - Finished CallableResult in 3 ms.
 INFO 2016-03-29 11:22:54,706 [pool-64-thread-1] (CallableResult.java:63) - Finished CallableResult in 5 ms.
 INFO 2016-03-29 11:22:54,706 [main] (ParallelMetaProducerLessBlocking.java:193) - Global results retrieved in getEdges 4ms.
 INFO 2016-03-29 11:22:54,706 [main] (Eval.java:2158) - 
	Get EDGE in 5ms.  
	FOR EDGE{?departement igeo:nom ?nom}

 INFO 2016-03-29 11:22:54,707 [main] (ParallelMetaProducerLessBlocking.java:61) - Searching for edge : ?departement igeo:nom ?nom
 INFO 2016-03-29 11:22:54,707 [pool-65-thread-1] (CallableResult.java:52) - CallableResult for GetEdge
 INFO 2016-03-29 11:22:54,707 [pool-65-thread-2] (CallableResult.java:52) - CallableResult for GetEdge
 INFO 2016-03-29 11:22:54,710 [pool-65-thread-1] (CallableResult.java:63) - Finished CallableResult in 3 ms.
 INFO 2016-03-29 11:22:54,712 [pool-65-thread-2] (CallableResult.java:63) - Finished CallableResult in 5 ms.
 INFO 2016-03-29 11:22:54,712 [main] (ParallelMetaProducerLessBlocking.java:193) - Global results retrieved in getEdges 5ms.
 INFO 2016-03-29 11:22:54,712 [main] (Eval.java:2158) - 
	Get EDGE in 5ms.  
	FOR EDGE{?departement igeo:nom ?nom}

 INFO 2016-03-29 11:22:54,712 [main] (Eval.java:2158) - 
	Get EDGE in 18ms.  
	FOR EDGE{?region igeo:subdivisionDirecte ?departement}

 INFO 2016-03-29 11:22:54,712 [main] (ParallelMetaProducerLessBlocking.java:61) - Searching for edge : ?region igeo:subdivisionDirecte ?departement
 INFO 2016-03-29 11:22:54,713 [pool-66-thread-1] (CallableResult.java:52) - CallableResult for GetEdge
 INFO 2016-03-29 11:22:54,713 [pool-66-thread-2] (CallableResult.java:52) - CallableResult for GetEdge
 INFO 2016-03-29 11:22:54,716 [pool-66-thread-1] (CallableResult.java:63) - Finished CallableResult in 3 ms.
 INFO 2016-03-29 11:22:54,721 [pool-66-thread-2] (CallableResult.java:63) - Finished CallableResult in 8 ms.
 INFO 2016-03-29 11:22:54,721 [main] (ParallelMetaProducerLessBlocking.java:193) - Global results retrieved in getEdges 8ms.
 INFO 2016-03-29 11:22:54,721 [main] (ParallelMetaProducerLessBlocking.java:61) - Searching for edge : ?departement igeo:nom ?nom
 INFO 2016-03-29 11:22:54,722 [pool-67-thread-1] (CallableResult.java:52) - CallableResult for GetEdge
 INFO 2016-03-29 11:22:54,722 [pool-67-thread-2] (CallableResult.java:52) - CallableResult for GetEdge
 INFO 2016-03-29 11:22:54,725 [pool-67-thread-1] (CallableResult.java:63) - Finished CallableResult in 3 ms.
 INFO 2016-03-29 11:22:54,726 [pool-67-thread-2] (CallableResult.java:63) - Finished CallableResult in 4 ms.
 INFO 2016-03-29 11:22:54,726 [main] (ParallelMetaProducerLessBlocking.java:193) - Global results retrieved in getEdges 4ms.
 INFO 2016-03-29 11:22:54,727 [main] (Eval.java:2158) - 
	Get EDGE in 6ms.  
	FOR EDGE{?departement igeo:nom ?nom}

 INFO 2016-03-29 11:22:54,727 [main] (ParallelMetaProducerLessBlocking.java:61) - Searching for edge : ?departement igeo:nom ?nom
 INFO 2016-03-29 11:22:54,727 [pool-68-thread-1] (CallableResult.java:52) - CallableResult for GetEdge
 INFO 2016-03-29 11:22:54,727 [pool-68-thread-2] (CallableResult.java:52) - CallableResult for GetEdge
 INFO 2016-03-29 11:22:54,730 [pool-68-thread-2] (CallableResult.java:63) - Finished CallableResult in 3 ms.
 INFO 2016-03-29 11:22:54,732 [pool-68-thread-1] (CallableResult.java:63) - Finished CallableResult in 5 ms.
 INFO 2016-03-29 11:22:54,732 [main] (ParallelMetaProducerLessBlocking.java:193) - Global results retrieved in getEdges 5ms.
 INFO 2016-03-29 11:22:54,732 [main] (Eval.java:2158) - 
	Get EDGE in 5ms.  
	FOR EDGE{?departement igeo:nom ?nom}

 INFO 2016-03-29 11:22:54,732 [main] (Eval.java:2158) - 
	Get EDGE in 20ms.  
	FOR EDGE{?region igeo:subdivisionDirecte ?departement}

 INFO 2016-03-29 11:22:54,732 [main] (ParallelMetaProducerLessBlocking.java:61) - Searching for edge : ?region igeo:subdivisionDirecte ?departement
 INFO 2016-03-29 11:22:54,733 [pool-69-thread-1] (CallableResult.java:52) - CallableResult for GetEdge
 INFO 2016-03-29 11:22:54,733 [pool-69-thread-2] (CallableResult.java:52) - CallableResult for GetEdge
 INFO 2016-03-29 11:22:54,736 [pool-69-thread-1] (CallableResult.java:63) - Finished CallableResult in 4 ms.
 INFO 2016-03-29 11:22:54,737 [pool-69-thread-2] (CallableResult.java:63) - Finished CallableResult in 4 ms.
 INFO 2016-03-29 11:22:54,737 [main] (ParallelMetaProducerLessBlocking.java:193) - Global results retrieved in getEdges 5ms.
 INFO 2016-03-29 11:22:54,738 [main] (ParallelMetaProducerLessBlocking.java:61) - Searching for edge : ?departement igeo:nom ?nom
 INFO 2016-03-29 11:22:54,738 [pool-70-thread-1] (CallableResult.java:52) - CallableResult for GetEdge
 INFO 2016-03-29 11:22:54,738 [pool-70-thread-2] (CallableResult.java:52) - CallableResult for GetEdge
 INFO 2016-03-29 11:22:54,742 [pool-70-thread-2] (CallableResult.java:63) - Finished CallableResult in 4 ms.
 INFO 2016-03-29 11:22:54,743 [pool-70-thread-1] (CallableResult.java:63) - Finished CallableResult in 5 ms.
 INFO 2016-03-29 11:22:54,743 [main] (ParallelMetaProducerLessBlocking.java:193) - Global results retrieved in getEdges 5ms.
 INFO 2016-03-29 11:22:54,743 [main] (Eval.java:2158) - 
	Get EDGE in 5ms.  
	FOR EDGE{?departement igeo:nom ?nom}

 INFO 2016-03-29 11:22:54,743 [main] (Eval.java:2158) - 
	Get EDGE in 11ms.  
	FOR EDGE{?region igeo:subdivisionDirecte ?departement}

 INFO 2016-03-29 11:22:54,744 [main] (ParallelMetaProducerLessBlocking.java:61) - Searching for edge : ?region igeo:subdivisionDirecte ?departement
 INFO 2016-03-29 11:22:54,744 [pool-71-thread-1] (CallableResult.java:52) - CallableResult for GetEdge
 INFO 2016-03-29 11:22:54,744 [pool-71-thread-2] (CallableResult.java:52) - CallableResult for GetEdge
 INFO 2016-03-29 11:22:54,747 [pool-71-thread-1] (CallableResult.java:63) - Finished CallableResult in 3 ms.
 INFO 2016-03-29 11:22:54,749 [pool-71-thread-2] (CallableResult.java:63) - Finished CallableResult in 5 ms.
 INFO 2016-03-29 11:22:54,749 [main] (ParallelMetaProducerLessBlocking.java:193) - Global results retrieved in getEdges 5ms.
 INFO 2016-03-29 11:22:54,749 [main] (ParallelMetaProducerLessBlocking.java:61) - Searching for edge : ?departement igeo:nom ?nom
 INFO 2016-03-29 11:22:54,749 [pool-72-thread-1] (CallableResult.java:52) - CallableResult for GetEdge
 INFO 2016-03-29 11:22:54,749 [pool-72-thread-2] (CallableResult.java:52) - CallableResult for GetEdge
 INFO 2016-03-29 11:22:54,753 [pool-72-thread-2] (CallableResult.java:63) - Finished CallableResult in 4 ms.
 INFO 2016-03-29 11:22:54,756 [pool-72-thread-1] (CallableResult.java:63) - Finished CallableResult in 7 ms.
 INFO 2016-03-29 11:22:54,756 [main] (ParallelMetaProducerLessBlocking.java:193) - Global results retrieved in getEdges 7ms.
 INFO 2016-03-29 11:22:54,757 [main] (Eval.java:2158) - 
	Get EDGE in 8ms.  
	FOR EDGE{?departement igeo:nom ?nom}

 INFO 2016-03-29 11:22:54,757 [main] (Eval.java:2158) - 
	Get EDGE in 13ms.  
	FOR EDGE{?region igeo:subdivisionDirecte ?departement}

 INFO 2016-03-29 11:22:54,757 [main] (ParallelMetaProducerLessBlocking.java:61) - Searching for edge : ?region igeo:subdivisionDirecte ?departement
 INFO 2016-03-29 11:22:54,757 [pool-73-thread-1] (CallableResult.java:52) - CallableResult for GetEdge
 INFO 2016-03-29 11:22:54,757 [pool-73-thread-2] (CallableResult.java:52) - CallableResult for GetEdge
 INFO 2016-03-29 11:22:54,761 [pool-73-thread-1] (CallableResult.java:63) - Finished CallableResult in 4 ms.
 INFO 2016-03-29 11:22:54,763 [pool-73-thread-2] (CallableResult.java:63) - Finished CallableResult in 6 ms.
 INFO 2016-03-29 11:22:54,763 [main] (ParallelMetaProducerLessBlocking.java:193) - Global results retrieved in getEdges 6ms.
 INFO 2016-03-29 11:22:54,764 [main] (ParallelMetaProducerLessBlocking.java:61) - Searching for edge : ?departement igeo:nom ?nom
 INFO 2016-03-29 11:22:54,764 [pool-74-thread-1] (CallableResult.java:52) - CallableResult for GetEdge
 INFO 2016-03-29 11:22:54,764 [pool-74-thread-2] (CallableResult.java:52) - CallableResult for GetEdge
 INFO 2016-03-29 11:22:54,767 [pool-74-thread-2] (CallableResult.java:63) - Finished CallableResult in 3 ms.
 INFO 2016-03-29 11:22:54,768 [pool-74-thread-1] (CallableResult.java:63) - Finished CallableResult in 4 ms.
 INFO 2016-03-29 11:22:54,769 [main] (ParallelMetaProducerLessBlocking.java:193) - Global results retrieved in getEdges 5ms.
 INFO 2016-03-29 11:22:54,769 [main] (Eval.java:2158) - 
	Get EDGE in 5ms.  
	FOR EDGE{?departement igeo:nom ?nom}

 INFO 2016-03-29 11:22:54,769 [main] (Eval.java:2158) - 
	Get EDGE in 12ms.  
	FOR EDGE{?region igeo:subdivisionDirecte ?departement}

 INFO 2016-03-29 11:22:54,769 [main] (ParallelMetaProducerLessBlocking.java:61) - Searching for edge : ?region igeo:subdivisionDirecte ?departement
 INFO 2016-03-29 11:22:54,769 [pool-75-thread-1] (CallableResult.java:52) - CallableResult for GetEdge
 INFO 2016-03-29 11:22:54,769 [pool-75-thread-2] (CallableResult.java:52) - CallableResult for GetEdge
 INFO 2016-03-29 11:22:54,773 [pool-75-thread-1] (CallableResult.java:63) - Finished CallableResult in 4 ms.
 INFO 2016-03-29 11:22:54,774 [pool-75-thread-2] (CallableResult.java:63) - Finished CallableResult in 5 ms.
 INFO 2016-03-29 11:22:54,774 [main] (ParallelMetaProducerLessBlocking.java:193) - Global results retrieved in getEdges 5ms.
 INFO 2016-03-29 11:22:54,774 [main] (ParallelMetaProducerLessBlocking.java:61) - Searching for edge : ?departement igeo:nom ?nom
 INFO 2016-03-29 11:22:54,775 [pool-76-thread-1] (CallableResult.java:52) - CallableResult for GetEdge
 INFO 2016-03-29 11:22:54,784 [pool-76-thread-2] (CallableResult.java:52) - CallableResult for GetEdge
 INFO 2016-03-29 11:22:54,787 [pool-76-thread-2] (CallableResult.java:63) - Finished CallableResult in 3 ms.
 INFO 2016-03-29 11:22:54,788 [pool-76-thread-1] (CallableResult.java:63) - Finished CallableResult in 13 ms.
 INFO 2016-03-29 11:22:54,789 [main] (ParallelMetaProducerLessBlocking.java:193) - Global results retrieved in getEdges 14ms.
 INFO 2016-03-29 11:22:54,789 [main] (Eval.java:2158) - 
	Get EDGE in 15ms.  
	FOR EDGE{?departement igeo:nom ?nom}

 INFO 2016-03-29 11:22:54,789 [main] (Eval.java:2158) - 
	Get EDGE in 20ms.  
	FOR EDGE{?region igeo:subdivisionDirecte ?departement}

 INFO 2016-03-29 11:22:54,789 [main] (ParallelMetaProducerLessBlocking.java:61) - Searching for edge : ?region igeo:subdivisionDirecte ?departement
 INFO 2016-03-29 11:22:54,789 [pool-77-thread-1] (CallableResult.java:52) - CallableResult for GetEdge
 INFO 2016-03-29 11:22:54,789 [pool-77-thread-2] (CallableResult.java:52) - CallableResult for GetEdge
 INFO 2016-03-29 11:22:54,793 [pool-77-thread-1] (CallableResult.java:63) - Finished CallableResult in 4 ms.
 INFO 2016-03-29 11:22:54,794 [pool-77-thread-2] (CallableResult.java:63) - Finished CallableResult in 5 ms.
 INFO 2016-03-29 11:22:54,795 [main] (ParallelMetaProducerLessBlocking.java:193) - Global results retrieved in getEdges 6ms.
 INFO 2016-03-29 11:22:54,795 [main] (ParallelMetaProducerLessBlocking.java:61) - Searching for edge : ?departement igeo:nom ?nom
 INFO 2016-03-29 11:22:54,795 [pool-78-thread-1] (CallableResult.java:52) - CallableResult for GetEdge
 INFO 2016-03-29 11:22:54,795 [pool-78-thread-2] (CallableResult.java:52) - CallableResult for GetEdge
 INFO 2016-03-29 11:22:54,798 [pool-78-thread-1] (CallableResult.java:63) - Finished CallableResult in 3 ms.
 INFO 2016-03-29 11:22:54,801 [pool-78-thread-2] (CallableResult.java:63) - Finished CallableResult in 6 ms.
 INFO 2016-03-29 11:22:54,801 [main] (ParallelMetaProducerLessBlocking.java:193) - Global results retrieved in getEdges 6ms.
 INFO 2016-03-29 11:22:54,801 [main] (Eval.java:2158) - 
	Get EDGE in 6ms.  
	FOR EDGE{?departement igeo:nom ?nom}

 INFO 2016-03-29 11:22:54,801 [main] (Eval.java:2158) - 
	Get EDGE in 12ms.  
	FOR EDGE{?region igeo:subdivisionDirecte ?departement}

 INFO 2016-03-29 11:22:54,801 [main] (ParallelMetaProducerLessBlocking.java:61) - Searching for edge : ?region igeo:subdivisionDirecte ?departement
 INFO 2016-03-29 11:22:54,802 [pool-79-thread-1] (CallableResult.java:52) - CallableResult for GetEdge
 INFO 2016-03-29 11:22:54,802 [pool-79-thread-2] (CallableResult.java:52) - CallableResult for GetEdge
 INFO 2016-03-29 11:22:54,807 [pool-79-thread-1] (CallableResult.java:63) - Finished CallableResult in 5 ms.
 INFO 2016-03-29 11:22:54,810 [pool-79-thread-2] (CallableResult.java:63) - Finished CallableResult in 8 ms.
 INFO 2016-03-29 11:22:54,811 [main] (ParallelMetaProducerLessBlocking.java:193) - Global results retrieved in getEdges 9ms.
 INFO 2016-03-29 11:22:54,812 [main] (ParallelMetaProducerLessBlocking.java:61) - Searching for edge : ?departement igeo:nom ?nom
 INFO 2016-03-29 11:22:54,812 [pool-80-thread-1] (CallableResult.java:52) - CallableResult for GetEdge
 INFO 2016-03-29 11:22:54,817 [pool-80-thread-2] (CallableResult.java:52) - CallableResult for GetEdge
 INFO 2016-03-29 11:22:54,819 [pool-80-thread-1] (CallableResult.java:63) - Finished CallableResult in 7 ms.
 INFO 2016-03-29 11:22:54,820 [pool-80-thread-2] (CallableResult.java:63) - Finished CallableResult in 3 ms.
 INFO 2016-03-29 11:22:54,820 [main] (ParallelMetaProducerLessBlocking.java:193) - Global results retrieved in getEdges 3ms.
 INFO 2016-03-29 11:22:54,821 [main] (Eval.java:2158) - 
	Get EDGE in 9ms.  
	FOR EDGE{?departement igeo:nom ?nom}

 INFO 2016-03-29 11:22:54,821 [main] (ParallelMetaProducerLessBlocking.java:61) - Searching for edge : ?departement igeo:nom ?nom
 INFO 2016-03-29 11:22:54,821 [pool-81-thread-1] (CallableResult.java:52) - CallableResult for GetEdge
 INFO 2016-03-29 11:22:54,827 [pool-81-thread-2] (CallableResult.java:52) - CallableResult for GetEdge
 INFO 2016-03-29 11:22:54,828 [pool-81-thread-1] (CallableResult.java:63) - Finished CallableResult in 7 ms.
 INFO 2016-03-29 11:22:54,831 [pool-81-thread-2] (CallableResult.java:63) - Finished CallableResult in 4 ms.
 INFO 2016-03-29 11:22:54,832 [main] (ParallelMetaProducerLessBlocking.java:193) - Global results retrieved in getEdges 5ms.
 INFO 2016-03-29 11:22:54,832 [main] (Eval.java:2158) - 
	Get EDGE in 11ms.  
	FOR EDGE{?departement igeo:nom ?nom}

 INFO 2016-03-29 11:22:54,832 [main] (ParallelMetaProducerLessBlocking.java:61) - Searching for edge : ?departement igeo:nom ?nom
 INFO 2016-03-29 11:22:54,832 [pool-82-thread-1] (CallableResult.java:52) - CallableResult for GetEdge
 INFO 2016-03-29 11:22:54,833 [pool-82-thread-2] (CallableResult.java:52) - CallableResult for GetEdge
 INFO 2016-03-29 11:22:54,838 [pool-82-thread-1] (CallableResult.java:63) - Finished CallableResult in 6 ms.
 INFO 2016-03-29 11:22:54,839 [pool-82-thread-2] (CallableResult.java:63) - Finished CallableResult in 6 ms.
 INFO 2016-03-29 11:22:54,839 [main] (ParallelMetaProducerLessBlocking.java:193) - Global results retrieved in getEdges 7ms.
 INFO 2016-03-29 11:22:54,839 [main] (Eval.java:2158) - 
	Get EDGE in 7ms.  
	FOR EDGE{?departement igeo:nom ?nom}

 INFO 2016-03-29 11:22:54,840 [main] (Eval.java:2158) - 
	Get EDGE in 39ms.  
	FOR EDGE{?region igeo:subdivisionDirecte ?departement}

 INFO 2016-03-29 11:22:54,840 [main] (Eval.java:2158) - 
	Get EDGE in 906ms.  
	FOR EDGE{?region igeo:codeRegion ?v}

 INFO 2016-03-29 11:22:54,842 [main] (ProviderImplCostMonitoring.java:229) - ** Provider: 
prefix idemo: <http://rdf.insee.fr/def/demo#>
prefix igeo: <http://rdf.insee.fr/def/geo#>
select * 
where
{?departement idemo:population ?popLeg . 
?popLeg idemo:populationTotale ?popTotale . 
filter ((((((((((((((((((((?departement = <http://id.insee.fr/geo/departement/51>) || (?departement = <http://id.insee.fr/geo/departement/10>)) || (?departement = <http://id.insee.fr/geo/departement/52>)) || (?departement = <http://id.insee.fr/geo/departement/38>)) || (?departement = <http://id.insee.fr/geo/departement/74>)) || (?departement = <http://id.insee.fr/geo/departement/42>)) || (?departement = <http://id.insee.fr/geo/departement/26>)) || (?departement = <http://id.insee.fr/geo/departement/73>)) || (?departement = <http://id.insee.fr/geo/departement/69>)) || (?departement = <http://id.insee.fr/geo/departement/13>)) || (?departement = <http://id.insee.fr/geo/departement/976>)) || (?departement = <http://id.insee.fr/geo/departement/90>)) || (?departement = <http://id.insee.fr/geo/departement/39>)) || (?departement = <http://id.insee.fr/geo/departement/25>)) || (?departement = <http://id.insee.fr/geo/departement/54>)) || (?departement = <http://id.insee.fr/geo/departement/12>)) || (?departement = <http://id.insee.fr/geo/departement/65>)) || (?departement = <http://id.insee.fr/geo/departement/23>)) || (?departement = <http://id.insee.fr/geo/departement/78>)) || (?departement = <http://id.insee.fr/geo/departement/75>)) }


 INFO 2016-03-29 11:22:54,920 [main] (ProviderImplCostMonitoring.java:229) - ** Provider: 
prefix idemo: <http://rdf.insee.fr/def/demo#>
prefix igeo: <http://rdf.insee.fr/def/geo#>
select * 
where
{?departement idemo:population ?popLeg . 
?popLeg idemo:populationTotale ?popTotale . 
filter ((((((((((((((((((((?departement = <http://id.insee.fr/geo/departement/77>) || (?departement = <http://id.insee.fr/geo/departement/91>)) || (?departement = <http://id.insee.fr/geo/departement/64>)) || (?departement = <http://id.insee.fr/geo/departement/24>)) || (?departement = <http://id.insee.fr/geo/departement/33>)) || (?departement = <http://id.insee.fr/geo/departement/21>)) || (?departement = <http://id.insee.fr/geo/departement/71>)) || (?departement = <http://id.insee.fr/geo/departement/14>)) || (?departement = <http://id.insee.fr/geo/departement/50>)) || (?departement = <http://id.insee.fr/geo/departement/61>)) || (?departement = <http://id.insee.fr/geo/departement/36>)) || (?departement = <http://id.insee.fr/geo/departement/37>)) || (?departement = <http://id.insee.fr/geo/departement/28>)) || (?departement = <http://id.insee.fr/geo/departement/27>)) || (?departement = <http://id.insee.fr/geo/departement/76>)) || (?departement = <http://id.insee.fr/geo/departement/79>)) || (?departement = <http://id.insee.fr/geo/departement/17>)) || (?departement = <http://id.insee.fr/geo/departement/16>)) || (?departement = <http://id.insee.fr/geo/departement/29>)) || (?departement = <http://id.insee.fr/geo/departement/35>)) }


 INFO 2016-03-29 11:22:54,985 [main] (ProviderImplCostMonitoring.java:229) - ** Provider: 
prefix idemo: <http://rdf.insee.fr/def/demo#>
prefix igeo: <http://rdf.insee.fr/def/geo#>
select * 
where
{?departement idemo:population ?popLeg . 
?popLeg idemo:populationTotale ?popTotale . 
filter ((((((((((((((?departement = <http://id.insee.fr/geo/departement/22>) || (?departement = <http://id.insee.fr/geo/departement/60>)) || (?departement = <http://id.insee.fr/geo/departement/72>)) || (?departement = <http://id.insee.fr/geo/departement/53>)) || (?departement = <http://id.insee.fr/geo/departement/15>)) || (?departement = <http://id.insee.fr/geo/departement/63>)) || (?departement = <http://id.insee.fr/geo/departement/974>)) || (?departement = <http://id.insee.fr/geo/departement/973>)) || (?departement = <http://id.insee.fr/geo/departement/972>)) || (?departement = <http://id.insee.fr/geo/departement/971>)) || (?departement = <http://id.insee.fr/geo/departement/2A>)) || (?departement = <http://id.insee.fr/geo/departement/66>)) || (?departement = <http://id.insee.fr/geo/departement/11>)) || (?departement = <http://id.insee.fr/geo/departement/34>)) }


 INFO 2016-03-29 11:22:55,038 [main] (Eval.java:1706) - 
	SERVICE in 198ms.  
	FOR [AND{EDGE{?departement idemo:population ?popLeg} EDGE{?popLeg idemo:populationTotale ?popTotale} }]

 INFO 2016-03-29 11:22:55,042 [main] (TestDQP.java:205) - 53 results in 1293 ms
 INFO 2016-03-29 11:22:55,043 [main] (TestDQP.java:206) - 
01 ?nom = "Creuse"; ?popTotale = 125714; 
02 ?nom = "Territoire de Belfort"; ?popTotale = 147777; 
03 ?nom = "Corse-du-Sud"; ?popTotale = 151621; 
04 ?nom = "Cantal"; ?popTotale = 152797; 
05 ?nom = "Haute-Marne"; ?popTotale = 188083; 
06 ?nom = "Indre"; ?popTotale = 235181; 
07 ?nom = "Hautes-Pyrnes"; ?popTotale = 236728; 
08 ?nom = "Guyane"; ?popTotale = 246507; 
09 ?nom = "Jura"; ?popTotale = 270914; 
10 ?nom = "Aveyron"; ?popTotale = 289257; 
11 ?nom = "Orne"; ?popTotale = 298248; 
12 ?nom = "Aube"; ?popTotale = 314825; 
13 ?nom = "Mayenne"; ?popTotale = 318095; 
14 ?nom = "Charente"; ?popTotale = 366587; 
15 ?nom = "Aude"; ?popTotale = 374868; 
16 ?nom = "Deux-Svres"; ?popTotale = 383079; 
17 ?nom = "Martinique"; ?popTotale = 391837; 
18 ?nom = "Guadeloupe"; ?popTotale = 409055; 
19 ?nom = "Dordogne"; ?popTotale = 429579; 
20 ?nom = "Savoie"; ?popTotale = 437915; 
21 ?nom = "Eure-et-Loir"; ?popTotale = 444385; 
22 ?nom = "Pyrnes-Orientales"; ?popTotale = 471573; 
23 ?nom = "Drme"; ?popTotale = 509444; 
24 ?nom = "Manche"; ?popTotale = 518364; 
25 ?nom = "Cte-d\'Or"; ?popTotale = 543648; 
26 ?nom = "Doubs"; ?popTotale = 548026; 
27 ?nom = "Sane-et-Loire"; ?popTotale = 575097; 
28 ?nom = "Marne"; ?popTotale = 583691; 
29 ?nom = "Sarthe"; ?popTotale = 584865; 
30 ?nom = "Eure"; ?popTotale = 612518; 
31 ?nom = "Indre-et-Loire"; ?popTotale = 615557; 
32 ?nom = "Ctes-d\'Armor"; ?popTotale = 617565; 
33 ?nom = "Charente-Maritime"; ?popTotale = 652610; 
34 ?nom = "Puy-de-Dme"; ?popTotale = 658489; 
35 ?nom = "Pyrnes-Atlantiques"; ?popTotale = 685564; 
36 ?nom = "Calvados"; ?popTotale = 706635; 
37 ?nom = "Meurthe-et-Moselle"; ?popTotale = 745398; 
38 ?nom = "Loire"; ?popTotale = 774144; 
39 ?nom = "Haute-Savoie"; ?popTotale = 793342; 
40 ?nom = "Oise"; ?popTotale = 835918; 
41 ?nom = "La Runion"; ?popTotale = 844741; 
42 ?nom = "Finistre"; ?popTotale = 934625; 
43 ?nom = "Ille-et-Vilaine"; ?popTotale = 1047873; 
44 ?nom = "Hrault"; ?popTotale = 1111881; 
45 ?nom = "Isre"; ?popTotale = 1263850; 
46 ?nom = "Essonne"; ?popTotale = 1273233; 
47 ?nom = "Seine-Maritime"; ?popTotale = 1280410; 
48 ?nom = "Seine-et-Marne"; ?popTotale = 1387830; 
49 ?nom = "Yvelines"; ?popTotale = 1446301; 
50 ?nom = "Gironde"; ?popTotale = 1536448; 
51 ?nom = "Rhne"; ?popTotale = 1812196; 
52 ?nom = "Bouches-du-Rhne"; ?popTotale = 2022604; 
53 ?nom = "Paris"; ?popTotale = 2254262; 

 INFO 2016-03-29 11:22:55,043 [main] (TestDQP.java:207) - Remote queries
 INFO 2016-03-29 11:22:55,044 [main] (TestDQP.java:208) - =========
	?region igeo:subdivisionDirecte ?departement
	50
--
	prefix idemo: <http://rdf.insee.fr/def/demo#> prefix igeo: <http://rdf.insee.fr/def/geo#> select *  where {?departement idemo:population ?popLeg .  ?popLeg idemo:populationTotale ?popTotale .  filter ((((((((((((((((((((?departement = <http://id.insee.fr/geo/departement/51>) || (?departement = <http://id.insee.fr/geo/departement/10>)) || (?departement = <http://id.insee.fr/geo/departement/52>)) || (?departement = <http://id.insee.fr/geo/departement/38>)) || (?departement = <http://id.insee.fr/geo/departement/74>)) || (?departement = <http://id.insee.fr/geo/departement/42>)) || (?departement = <http://id.insee.fr/geo/departement/26>)) || (?departement = <http://id.insee.fr/geo/departement/73>)) || (?departement = <http://id.insee.fr/geo/departement/69>)) || (?departement = <http://id.insee.fr/geo/departement/13>)) || (?departement = <http://id.insee.fr/geo/departement/976>)) || (?departement = <http://id.insee.fr/geo/departement/90>)) || (?departement = <http://id.insee.fr/geo/departement/39>)) || (?departement = <http://id.insee.fr/geo/departement/25>)) || (?departement = <http://id.insee.fr/geo/departement/54>)) || (?departement = <http://id.insee.fr/geo/departement/12>)) || (?departement = <http://id.insee.fr/geo/departement/65>)) || (?departement = <http://id.insee.fr/geo/departement/23>)) || (?departement = <http://id.insee.fr/geo/departement/78>)) || (?departement = <http://id.insee.fr/geo/departement/75>)) }  
	1
--
	?region igeo:codeRegion ?v
	3
--
	prefix idemo: <http://rdf.insee.fr/def/demo#> prefix igeo: <http://rdf.insee.fr/def/geo#> select *  where {?departement idemo:population ?popLeg .  ?popLeg idemo:populationTotale ?popTotale .  filter ((((((((((((((?departement = <http://id.insee.fr/geo/departement/22>) || (?departement = <http://id.insee.fr/geo/departement/60>)) || (?departement = <http://id.insee.fr/geo/departement/72>)) || (?departement = <http://id.insee.fr/geo/departement/53>)) || (?departement = <http://id.insee.fr/geo/departement/15>)) || (?departement = <http://id.insee.fr/geo/departement/63>)) || (?departement = <http://id.insee.fr/geo/departement/974>)) || (?departement = <http://id.insee.fr/geo/departement/973>)) || (?departement = <http://id.insee.fr/geo/departement/972>)) || (?departement = <http://id.insee.fr/geo/departement/971>)) || (?departement = <http://id.insee.fr/geo/departement/2A>)) || (?departement = <http://id.insee.fr/geo/departement/66>)) || (?departement = <http://id.insee.fr/geo/departement/11>)) || (?departement = <http://id.insee.fr/geo/departement/34>)) }  
	1
--
	?departement igeo:nom ?nom
	112
--
	prefix idemo: <http://rdf.insee.fr/def/demo#> prefix igeo: <http://rdf.insee.fr/def/geo#> select *  where {?departement idemo:population ?popLeg .  ?popLeg idemo:populationTotale ?popTotale .  filter ((((((((((((((((((((?departement = <http://id.insee.fr/geo/departement/77>) || (?departement = <http://id.insee.fr/geo/departement/91>)) || (?departement = <http://id.insee.fr/geo/departement/64>)) || (?departement = <http://id.insee.fr/geo/departement/24>)) || (?departement = <http://id.insee.fr/geo/departement/33>)) || (?departement = <http://id.insee.fr/geo/departement/21>)) || (?departement = <http://id.insee.fr/geo/departement/71>)) || (?departement = <http://id.insee.fr/geo/departement/14>)) || (?departement = <http://id.insee.fr/geo/departement/50>)) || (?departement = <http://id.insee.fr/geo/departement/61>)) || (?departement = <http://id.insee.fr/geo/departement/36>)) || (?departement = <http://id.insee.fr/geo/departement/37>)) || (?departement = <http://id.insee.fr/geo/departement/28>)) || (?departement = <http://id.insee.fr/geo/departement/27>)) || (?departement = <http://id.insee.fr/geo/departement/76>)) || (?departement = <http://id.insee.fr/geo/departement/79>)) || (?departement = <http://id.insee.fr/geo/departement/17>)) || (?departement = <http://id.insee.fr/geo/departement/16>)) || (?departement = <http://id.insee.fr/geo/departement/29>)) || (?departement = <http://id.insee.fr/geo/departement/35>)) }  
	1
--
	>====  Sum = 168  =====

 INFO 2016-03-29 11:22:55,044 [main] (TestDQP.java:209) - Transferred results per query
 INFO 2016-03-29 11:22:55,044 [main] (TestDQP.java:210) - =========
	?region igeo:subdivisionDirecte ?departement
	56
--
	prefix idemo: <http://rdf.insee.fr/def/demo#> prefix igeo: <http://rdf.insee.fr/def/geo#> select *  where {?departement idemo:population ?popLeg .  ?popLeg idemo:populationTotale ?popTotale .  filter ((((((((((((((((((((?departement = <http://id.insee.fr/geo/departement/51>) || (?departement = <http://id.insee.fr/geo/departement/10>)) || (?departement = <http://id.insee.fr/geo/departement/52>)) || (?departement = <http://id.insee.fr/geo/departement/38>)) || (?departement = <http://id.insee.fr/geo/departement/74>)) || (?departement = <http://id.insee.fr/geo/departement/42>)) || (?departement = <http://id.insee.fr/geo/departement/26>)) || (?departement = <http://id.insee.fr/geo/departement/73>)) || (?departement = <http://id.insee.fr/geo/departement/69>)) || (?departement = <http://id.insee.fr/geo/departement/13>)) || (?departement = <http://id.insee.fr/geo/departement/976>)) || (?departement = <http://id.insee.fr/geo/departement/90>)) || (?departement = <http://id.insee.fr/geo/departement/39>)) || (?departement = <http://id.insee.fr/geo/departement/25>)) || (?departement = <http://id.insee.fr/geo/departement/54>)) || (?departement = <http://id.insee.fr/geo/departement/12>)) || (?departement = <http://id.insee.fr/geo/departement/65>)) || (?departement = <http://id.insee.fr/geo/departement/23>)) || (?departement = <http://id.insee.fr/geo/departement/78>)) || (?departement = <http://id.insee.fr/geo/departement/75>)) }  
	19
--
	?region igeo:codeRegion ?v
	51
--
	prefix idemo: <http://rdf.insee.fr/def/demo#> prefix igeo: <http://rdf.insee.fr/def/geo#> select *  where {?departement idemo:population ?popLeg .  ?popLeg idemo:populationTotale ?popTotale .  filter ((((((((((((((?departement = <http://id.insee.fr/geo/departement/22>) || (?departement = <http://id.insee.fr/geo/departement/60>)) || (?departement = <http://id.insee.fr/geo/departement/72>)) || (?departement = <http://id.insee.fr/geo/departement/53>)) || (?departement = <http://id.insee.fr/geo/departement/15>)) || (?departement = <http://id.insee.fr/geo/departement/63>)) || (?departement = <http://id.insee.fr/geo/departement/974>)) || (?departement = <http://id.insee.fr/geo/departement/973>)) || (?departement = <http://id.insee.fr/geo/departement/972>)) || (?departement = <http://id.insee.fr/geo/departement/971>)) || (?departement = <http://id.insee.fr/geo/departement/2A>)) || (?departement = <http://id.insee.fr/geo/departement/66>)) || (?departement = <http://id.insee.fr/geo/departement/11>)) || (?departement = <http://id.insee.fr/geo/departement/34>)) }  
	14
--
	?departement igeo:nom ?nom
	54
--
	prefix idemo: <http://rdf.insee.fr/def/demo#> prefix igeo: <http://rdf.insee.fr/def/geo#> select *  where {?departement idemo:population ?popLeg .  ?popLeg idemo:populationTotale ?popTotale .  filter ((((((((((((((((((((?departement = <http://id.insee.fr/geo/departement/77>) || (?departement = <http://id.insee.fr/geo/departement/91>)) || (?departement = <http://id.insee.fr/geo/departement/64>)) || (?departement = <http://id.insee.fr/geo/departement/24>)) || (?departement = <http://id.insee.fr/geo/departement/33>)) || (?departement = <http://id.insee.fr/geo/departement/21>)) || (?departement = <http://id.insee.fr/geo/departement/71>)) || (?departement = <http://id.insee.fr/geo/departement/14>)) || (?departement = <http://id.insee.fr/geo/departement/50>)) || (?departement = <http://id.insee.fr/geo/departement/61>)) || (?departement = <http://id.insee.fr/geo/departement/36>)) || (?departement = <http://id.insee.fr/geo/departement/37>)) || (?departement = <http://id.insee.fr/geo/departement/28>)) || (?departement = <http://id.insee.fr/geo/departement/27>)) || (?departement = <http://id.insee.fr/geo/departement/76>)) || (?departement = <http://id.insee.fr/geo/departement/79>)) || (?departement = <http://id.insee.fr/geo/departement/17>)) || (?departement = <http://id.insee.fr/geo/departement/16>)) || (?departement = <http://id.insee.fr/geo/departement/29>)) || (?departement = <http://id.insee.fr/geo/departement/35>)) }  
	20
--
	>====  Sum = 214  =====

 INFO 2016-03-29 11:22:55,044 [main] (TestDQP.java:211) - Remote queries per data source
 INFO 2016-03-29 11:22:55,044 [main] (TestDQP.java:212) - =========
	http://localhost:8085/sparql
	26
--
	http://localhost:8088/sparql
	3
--
	http://localhost:8086/sparql
	82
--
	http://localhost:8087/sparql
	57
--
	>====  Sum = 168  =====

 INFO 2016-03-29 11:22:55,044 [main] (TestDQP.java:213) - Transferred results per source
 INFO 2016-03-29 11:22:55,044 [main] (TestDQP.java:214) - =========
	http://localhost:8085/sparql
	22
--
	http://localhost:8088/sparql
	53
--
	http://localhost:8086/sparql
	102
--
	http://localhost:8087/sparql
	37
--
	>====  Sum = 214  =====

