 INFO 2016-03-29 11:23:07,269 [main] (ServiceGrouper.java:84) - Building indices for 
 INFO 2016-03-29 11:23:07,272 [main] (ServiceGrouper.java:85) - {?region igeo:codeRegion ?v . 
?region igeo:subdivisionDirecte ?departement . 
?departement igeo:nom ?nom . 
?departement idemo:population ?popLeg . 
?popLeg idemo:populationTotale ?popTotale . }
 INFO 2016-03-29 11:23:07,433 [main] (ServiceGrouper.java:559) - Edge index
 INFO 2016-03-29 11:23:07,434 [main] (ServiceGrouper.java:575) - Source index
 INFO 2016-03-29 11:23:07,434 [main] (ServiceGrouper.java:259) - Found consecutive triple patterns into {?region igeo:codeRegion ?v . 
?region igeo:subdivisionDirecte ?departement . 
?departement igeo:nom ?nom . 
?departement idemo:population ?popLeg . 
?popLeg idemo:populationTotale ?popTotale . }
 INFO 2016-03-29 11:23:07,435 [main] (ServiceGrouper.java:426) - Processing
[?region igeo:codeRegion ?v . , ?region igeo:subdivisionDirecte ?departement . , ?departement igeo:nom ?nom . , ?departement idemo:population ?popLeg . , ?popLeg idemo:populationTotale ?popTotale . ]
 WARN 2016-03-29 11:23:07,435 [main] (ServiceGrouper.java:446) - Triple pattern ?region igeo:codeRegion ?v .  appears in more than one data source, excluded from SERVICE.
 WARN 2016-03-29 11:23:07,435 [main] (ServiceGrouper.java:446) - Triple pattern ?region igeo:subdivisionDirecte ?departement .  appears in more than one data source, excluded from SERVICE.
 WARN 2016-03-29 11:23:07,436 [main] (ServiceGrouper.java:446) - Triple pattern ?region igeo:codeRegion ?v .  appears in more than one data source, excluded from SERVICE.
 WARN 2016-03-29 11:23:07,436 [main] (ServiceGrouper.java:446) - Triple pattern ?region igeo:subdivisionDirecte ?departement .  appears in more than one data source, excluded from SERVICE.
 WARN 2016-03-29 11:23:07,437 [main] (ServiceGrouper.java:446) - Triple pattern ?departement igeo:nom ?nom .  appears in more than one data source, excluded from SERVICE.
 WARN 2016-03-29 11:23:07,437 [main] (ServiceGrouper.java:446) - Triple pattern ?region igeo:codeRegion ?v .  appears in more than one data source, excluded from SERVICE.
 WARN 2016-03-29 11:23:07,437 [main] (ServiceGrouper.java:446) - Triple pattern ?departement igeo:nom ?nom .  appears in more than one data source, excluded from SERVICE.
 INFO 2016-03-29 11:23:07,437 [main] (ServiceGrouper.java:271) - Ranking : 
 INFO 2016-03-29 11:23:07,438 [main] (ServiceGrouper.java:272) - {?region igeo:codeRegion ?v . 
?region igeo:subdivisionDirecte ?departement . 
service <http://localhost:8088/sparql> {?departement idemo:population ?popLeg . 
?popLeg idemo:populationTotale ?popTotale . }
?departement igeo:nom ?nom . }
 INFO 2016-03-29 11:23:07,438 [main] (ServiceGrouper.java:277) - 2 free variables for ?region igeo:codeRegion ?v . 
 INFO 2016-03-29 11:23:07,438 [main] (ServiceGrouper.java:277) - 2 free variables for ?region igeo:subdivisionDirecte ?departement . 
 INFO 2016-03-29 11:23:07,438 [main] (ServiceGrouper.java:277) - 3 free variables for service <http://localhost:8088/sparql> {?departement idemo:population ?popLeg . 
?popLeg idemo:populationTotale ?popTotale . }
 INFO 2016-03-29 11:23:07,439 [main] (ServiceGrouper.java:277) - 2 free variables for ?departement igeo:nom ?nom . 
 INFO 2016-03-29 11:23:07,439 [main] (ServiceGrouper.java:286) - Sorting services possibly with the same score
 WARN 2016-03-29 11:23:07,439 [main] (ServiceGrouper.java:353) - Searching for ?region igeo:codeRegion ?v .  in [?region igeo:codeRegion ?v . , ?region igeo:subdivisionDirecte ?departement . , ?departement igeo:nom ?nom . , ?departement idemo:population ?popLeg . , ?popLeg idemo:populationTotale ?popTotale . ]
 WARN 2016-03-29 11:23:07,440 [main] (ServiceGrouper.java:353) - Searching for ?region igeo:subdivisionDirecte ?departement .  in [?region igeo:codeRegion ?v . , ?region igeo:subdivisionDirecte ?departement . , ?departement igeo:nom ?nom . , ?departement idemo:population ?popLeg . , ?popLeg idemo:populationTotale ?popTotale . ]
 INFO 2016-03-29 11:23:07,440 [main] (ServiceGrouper.java:328) - Comparing : ?region igeo:codeRegion ?v .  with ?region igeo:subdivisionDirecte ?departement . 
 WARN 2016-03-29 11:23:07,440 [main] (ServiceGrouper.java:353) - Searching for ?departement igeo:nom ?nom .  in [?region igeo:codeRegion ?v . , ?region igeo:subdivisionDirecte ?departement . , ?departement igeo:nom ?nom . , ?departement idemo:population ?popLeg . , ?popLeg idemo:populationTotale ?popTotale . ]
 WARN 2016-03-29 11:23:07,441 [main] (ServiceGrouper.java:353) - Searching for ?region igeo:codeRegion ?v .  in [?region igeo:codeRegion ?v . , ?region igeo:subdivisionDirecte ?departement . , ?departement igeo:nom ?nom . , ?departement idemo:population ?popLeg . , ?popLeg idemo:populationTotale ?popTotale . ]
 INFO 2016-03-29 11:23:07,441 [main] (ServiceGrouper.java:328) - Comparing : ?departement igeo:nom ?nom .  with ?region igeo:codeRegion ?v . 
 WARN 2016-03-29 11:23:07,441 [main] (ServiceGrouper.java:353) - Searching for ?departement igeo:nom ?nom .  in [?region igeo:codeRegion ?v . , ?region igeo:subdivisionDirecte ?departement . , ?departement igeo:nom ?nom . , ?departement idemo:population ?popLeg . , ?popLeg idemo:populationTotale ?popTotale . ]
 WARN 2016-03-29 11:23:07,441 [main] (ServiceGrouper.java:353) - Searching for ?region igeo:subdivisionDirecte ?departement .  in [?region igeo:codeRegion ?v . , ?region igeo:subdivisionDirecte ?departement . , ?departement igeo:nom ?nom . , ?departement idemo:population ?popLeg . , ?popLeg idemo:populationTotale ?popTotale . ]
 INFO 2016-03-29 11:23:07,441 [main] (ServiceGrouper.java:328) - Comparing : ?departement igeo:nom ?nom .  with ?region igeo:subdivisionDirecte ?departement . 
 INFO 2016-03-29 11:23:07,442 [main] (ServiceGrouper.java:340) - {?region igeo:codeRegion ?v . 
?region igeo:subdivisionDirecte ?departement . 
?departement igeo:nom ?nom . 
service <http://localhost:8088/sparql> {?departement idemo:population ?popLeg . 
?popLeg idemo:populationTotale ?popTotale . }}
 INFO 2016-03-29 11:23:07,442 [main] (ServiceGrouper.java:118) - Final rewritten query
 INFO 2016-03-29 11:23:07,442 [main] (ServiceGrouper.java:119) - prefix idemo: <http://rdf.insee.fr/def/demo#>
prefix igeo: <http://rdf.insee.fr/def/geo#>
select ?nom ?popTotale 
where
{?region igeo:codeRegion ?v . 
?region igeo:subdivisionDirecte ?departement . 
?departement igeo:nom ?nom . 
service <http://localhost:8088/sparql> {?departement idemo:population ?popLeg . 
?popLeg idemo:populationTotale ?popTotale . }}
order by ?popTotale 


 INFO 2016-03-29 11:23:07,459 [main] (ParallelMetaProducerLessBlocking.java:61) - Searching for edge : ?region igeo:codeRegion ?v
 INFO 2016-03-29 11:23:07,461 [pool-1-thread-1] (CallableResult.java:52) - CallableResult for GetEdge
 INFO 2016-03-29 11:23:07,462 [pool-1-thread-3] (CallableResult.java:52) - CallableResult for GetEdge
 INFO 2016-03-29 11:23:07,462 [pool-1-thread-2] (CallableResult.java:52) - CallableResult for GetEdge
 INFO 2016-03-29 11:23:07,626 [pool-1-thread-1] (CallableResult.java:63) - Finished CallableResult in 165 ms.
 INFO 2016-03-29 11:23:07,671 [pool-1-thread-2] (CallableResult.java:63) - Finished CallableResult in 210 ms.
 INFO 2016-03-29 11:23:07,696 [pool-1-thread-3] (CallableResult.java:63) - Finished CallableResult in 235 ms.
 INFO 2016-03-29 11:23:07,707 [main] (ParallelMetaProducerLessBlocking.java:193) - Global results retrieved in getEdges 246ms.
 INFO 2016-03-29 11:23:07,714 [main] (ParallelMetaProducerLessBlocking.java:61) - Searching for edge : ?region igeo:subdivisionDirecte ?departement
 INFO 2016-03-29 11:23:07,714 [pool-2-thread-1] (CallableResult.java:52) - CallableResult for GetEdge
 INFO 2016-03-29 11:23:07,722 [pool-2-thread-2] (CallableResult.java:52) - CallableResult for GetEdge
 INFO 2016-03-29 11:23:07,732 [pool-2-thread-2] (CallableResult.java:63) - Finished CallableResult in 10 ms.
 INFO 2016-03-29 11:23:07,737 [pool-2-thread-1] (CallableResult.java:63) - Finished CallableResult in 23 ms.
 INFO 2016-03-29 11:23:07,738 [main] (ParallelMetaProducerLessBlocking.java:193) - Global results retrieved in getEdges 24ms.
 INFO 2016-03-29 11:23:07,738 [main] (ParallelMetaProducerLessBlocking.java:61) - Searching for edge : ?departement igeo:nom ?nom
 INFO 2016-03-29 11:23:07,738 [pool-3-thread-1] (CallableResult.java:52) - CallableResult for GetEdge
 INFO 2016-03-29 11:23:07,738 [pool-3-thread-2] (CallableResult.java:52) - CallableResult for GetEdge
 INFO 2016-03-29 11:23:07,748 [pool-3-thread-1] (CallableResult.java:63) - Finished CallableResult in 10 ms.
 INFO 2016-03-29 11:23:07,752 [pool-3-thread-2] (CallableResult.java:63) - Finished CallableResult in 14 ms.
 INFO 2016-03-29 11:23:07,752 [main] (ParallelMetaProducerLessBlocking.java:193) - Global results retrieved in getEdges 14ms.
 INFO 2016-03-29 11:23:07,752 [main] (Eval.java:2158) - 
	Get EDGE in 14ms.  
	FOR EDGE{?departement igeo:nom ?nom}

 INFO 2016-03-29 11:23:07,753 [main] (ParallelMetaProducerLessBlocking.java:61) - Searching for edge : ?departement igeo:nom ?nom
 INFO 2016-03-29 11:23:07,753 [pool-4-thread-1] (CallableResult.java:52) - CallableResult for GetEdge
 INFO 2016-03-29 11:23:07,753 [pool-4-thread-2] (CallableResult.java:52) - CallableResult for GetEdge
 INFO 2016-03-29 11:23:07,757 [pool-4-thread-2] (CallableResult.java:63) - Finished CallableResult in 4 ms.
 INFO 2016-03-29 11:23:07,759 [pool-4-thread-1] (CallableResult.java:63) - Finished CallableResult in 6 ms.
 INFO 2016-03-29 11:23:07,759 [main] (ParallelMetaProducerLessBlocking.java:193) - Global results retrieved in getEdges 6ms.
 INFO 2016-03-29 11:23:07,759 [main] (Eval.java:2158) - 
	Get EDGE in 7ms.  
	FOR EDGE{?departement igeo:nom ?nom}

 INFO 2016-03-29 11:23:07,760 [main] (ParallelMetaProducerLessBlocking.java:61) - Searching for edge : ?departement igeo:nom ?nom
 INFO 2016-03-29 11:23:07,760 [pool-5-thread-1] (CallableResult.java:52) - CallableResult for GetEdge
 INFO 2016-03-29 11:23:07,760 [pool-5-thread-2] (CallableResult.java:52) - CallableResult for GetEdge
 INFO 2016-03-29 11:23:07,764 [pool-5-thread-1] (CallableResult.java:63) - Finished CallableResult in 4 ms.
 INFO 2016-03-29 11:23:07,769 [pool-5-thread-2] (CallableResult.java:63) - Finished CallableResult in 9 ms.
 INFO 2016-03-29 11:23:07,769 [main] (ParallelMetaProducerLessBlocking.java:193) - Global results retrieved in getEdges 9ms.
 INFO 2016-03-29 11:23:07,770 [main] (Eval.java:2158) - 
	Get EDGE in 10ms.  
	FOR EDGE{?departement igeo:nom ?nom}

 INFO 2016-03-29 11:23:07,770 [main] (Eval.java:2158) - 
	Get EDGE in 57ms.  
	FOR EDGE{?region igeo:subdivisionDirecte ?departement}

 INFO 2016-03-29 11:23:07,770 [main] (ParallelMetaProducerLessBlocking.java:61) - Searching for edge : ?region igeo:subdivisionDirecte ?departement
 INFO 2016-03-29 11:23:07,771 [pool-6-thread-1] (CallableResult.java:52) - CallableResult for GetEdge
 INFO 2016-03-29 11:23:07,771 [pool-6-thread-2] (CallableResult.java:52) - CallableResult for GetEdge
 INFO 2016-03-29 11:23:07,778 [pool-6-thread-2] (CallableResult.java:63) - Finished CallableResult in 7 ms.
 INFO 2016-03-29 11:23:07,786 [pool-6-thread-1] (CallableResult.java:63) - Finished CallableResult in 15 ms.
 INFO 2016-03-29 11:23:07,786 [main] (ParallelMetaProducerLessBlocking.java:193) - Global results retrieved in getEdges 15ms.
 INFO 2016-03-29 11:23:07,787 [main] (ParallelMetaProducerLessBlocking.java:61) - Searching for edge : ?departement igeo:nom ?nom
 INFO 2016-03-29 11:23:07,787 [pool-7-thread-1] (CallableResult.java:52) - CallableResult for GetEdge
 INFO 2016-03-29 11:23:07,787 [pool-7-thread-2] (CallableResult.java:52) - CallableResult for GetEdge
 INFO 2016-03-29 11:23:07,792 [pool-7-thread-2] (CallableResult.java:63) - Finished CallableResult in 5 ms.
 INFO 2016-03-29 11:23:07,794 [pool-7-thread-1] (CallableResult.java:63) - Finished CallableResult in 7 ms.
 INFO 2016-03-29 11:23:07,794 [main] (ParallelMetaProducerLessBlocking.java:193) - Global results retrieved in getEdges 7ms.
 INFO 2016-03-29 11:23:07,795 [main] (Eval.java:2158) - 
	Get EDGE in 9ms.  
	FOR EDGE{?departement igeo:nom ?nom}

 INFO 2016-03-29 11:23:07,795 [main] (ParallelMetaProducerLessBlocking.java:61) - Searching for edge : ?departement igeo:nom ?nom
 INFO 2016-03-29 11:23:07,795 [pool-8-thread-1] (CallableResult.java:52) - CallableResult for GetEdge
 INFO 2016-03-29 11:23:07,795 [pool-8-thread-2] (CallableResult.java:52) - CallableResult for GetEdge
 INFO 2016-03-29 11:23:07,800 [pool-8-thread-2] (CallableResult.java:63) - Finished CallableResult in 5 ms.
 INFO 2016-03-29 11:23:07,801 [pool-8-thread-1] (CallableResult.java:63) - Finished CallableResult in 6 ms.
 INFO 2016-03-29 11:23:07,801 [main] (ParallelMetaProducerLessBlocking.java:193) - Global results retrieved in getEdges 6ms.
 INFO 2016-03-29 11:23:07,801 [main] (Eval.java:2158) - 
	Get EDGE in 6ms.  
	FOR EDGE{?departement igeo:nom ?nom}

 INFO 2016-03-29 11:23:07,802 [main] (ParallelMetaProducerLessBlocking.java:61) - Searching for edge : ?departement igeo:nom ?nom
 INFO 2016-03-29 11:23:07,802 [pool-9-thread-1] (CallableResult.java:52) - CallableResult for GetEdge
 INFO 2016-03-29 11:23:07,802 [pool-9-thread-2] (CallableResult.java:52) - CallableResult for GetEdge
 INFO 2016-03-29 11:23:07,807 [pool-9-thread-2] (CallableResult.java:63) - Finished CallableResult in 5 ms.
 INFO 2016-03-29 11:23:07,808 [pool-9-thread-1] (CallableResult.java:63) - Finished CallableResult in 6 ms.
 INFO 2016-03-29 11:23:07,808 [main] (ParallelMetaProducerLessBlocking.java:193) - Global results retrieved in getEdges 6ms.
 INFO 2016-03-29 11:23:07,809 [main] (Eval.java:2158) - 
	Get EDGE in 7ms.  
	FOR EDGE{?departement igeo:nom ?nom}

 INFO 2016-03-29 11:23:07,809 [main] (ParallelMetaProducerLessBlocking.java:61) - Searching for edge : ?departement igeo:nom ?nom
 INFO 2016-03-29 11:23:07,810 [pool-10-thread-1] (CallableResult.java:52) - CallableResult for GetEdge
 INFO 2016-03-29 11:23:07,810 [pool-10-thread-2] (CallableResult.java:52) - CallableResult for GetEdge
 INFO 2016-03-29 11:23:07,815 [pool-10-thread-2] (CallableResult.java:63) - Finished CallableResult in 5 ms.
 INFO 2016-03-29 11:23:07,815 [pool-10-thread-1] (CallableResult.java:63) - Finished CallableResult in 5 ms.
 INFO 2016-03-29 11:23:07,816 [main] (ParallelMetaProducerLessBlocking.java:193) - Global results retrieved in getEdges 6ms.
 INFO 2016-03-29 11:23:07,816 [main] (Eval.java:2158) - 
	Get EDGE in 7ms.  
	FOR EDGE{?departement igeo:nom ?nom}

 INFO 2016-03-29 11:23:07,816 [main] (ParallelMetaProducerLessBlocking.java:61) - Searching for edge : ?departement igeo:nom ?nom
 INFO 2016-03-29 11:23:07,817 [pool-11-thread-1] (CallableResult.java:52) - CallableResult for GetEdge
 INFO 2016-03-29 11:23:07,817 [pool-11-thread-2] (CallableResult.java:52) - CallableResult for GetEdge
 INFO 2016-03-29 11:23:07,822 [pool-11-thread-1] (CallableResult.java:63) - Finished CallableResult in 5 ms.
 INFO 2016-03-29 11:23:07,829 [pool-11-thread-2] (CallableResult.java:63) - Finished CallableResult in 12 ms.
 INFO 2016-03-29 11:23:07,829 [main] (ParallelMetaProducerLessBlocking.java:193) - Global results retrieved in getEdges 12ms.
 INFO 2016-03-29 11:23:07,830 [main] (Eval.java:2158) - 
	Get EDGE in 14ms.  
	FOR EDGE{?departement igeo:nom ?nom}

 INFO 2016-03-29 11:23:07,830 [main] (ParallelMetaProducerLessBlocking.java:61) - Searching for edge : ?departement igeo:nom ?nom
 INFO 2016-03-29 11:23:07,830 [pool-12-thread-1] (CallableResult.java:52) - CallableResult for GetEdge
 INFO 2016-03-29 11:23:07,831 [pool-12-thread-2] (CallableResult.java:52) - CallableResult for GetEdge
 INFO 2016-03-29 11:23:07,837 [pool-12-thread-1] (CallableResult.java:63) - Finished CallableResult in 7 ms.
 INFO 2016-03-29 11:23:07,837 [pool-12-thread-2] (CallableResult.java:63) - Finished CallableResult in 6 ms.
 INFO 2016-03-29 11:23:07,837 [main] (ParallelMetaProducerLessBlocking.java:193) - Global results retrieved in getEdges 6ms.
 INFO 2016-03-29 11:23:07,837 [main] (Eval.java:2158) - 
	Get EDGE in 7ms.  
	FOR EDGE{?departement igeo:nom ?nom}

 INFO 2016-03-29 11:23:07,838 [main] (Eval.java:2158) - 
	Get EDGE in 68ms.  
	FOR EDGE{?region igeo:subdivisionDirecte ?departement}

 INFO 2016-03-29 11:23:07,838 [main] (ParallelMetaProducerLessBlocking.java:61) - Searching for edge : ?region igeo:subdivisionDirecte ?departement
 INFO 2016-03-29 11:23:07,838 [pool-13-thread-1] (CallableResult.java:52) - CallableResult for GetEdge
 INFO 2016-03-29 11:23:07,838 [pool-13-thread-2] (CallableResult.java:52) - CallableResult for GetEdge
 INFO 2016-03-29 11:23:07,843 [pool-13-thread-2] (CallableResult.java:63) - Finished CallableResult in 5 ms.
 INFO 2016-03-29 11:23:07,845 [pool-13-thread-1] (CallableResult.java:63) - Finished CallableResult in 7 ms.
 INFO 2016-03-29 11:23:07,845 [main] (ParallelMetaProducerLessBlocking.java:193) - Global results retrieved in getEdges 7ms.
 INFO 2016-03-29 11:23:07,845 [main] (ParallelMetaProducerLessBlocking.java:61) - Searching for edge : ?departement igeo:nom ?nom
 INFO 2016-03-29 11:23:07,846 [pool-14-thread-1] (CallableResult.java:52) - CallableResult for GetEdge
 INFO 2016-03-29 11:23:07,846 [pool-14-thread-2] (CallableResult.java:52) - CallableResult for GetEdge
 INFO 2016-03-29 11:23:07,850 [pool-14-thread-1] (CallableResult.java:63) - Finished CallableResult in 4 ms.
 INFO 2016-03-29 11:23:07,852 [pool-14-thread-2] (CallableResult.java:63) - Finished CallableResult in 6 ms.
 INFO 2016-03-29 11:23:07,852 [main] (ParallelMetaProducerLessBlocking.java:193) - Global results retrieved in getEdges 6ms.
 INFO 2016-03-29 11:23:07,852 [main] (Eval.java:2158) - 
	Get EDGE in 7ms.  
	FOR EDGE{?departement igeo:nom ?nom}

 INFO 2016-03-29 11:23:07,853 [main] (Eval.java:2158) - 
	Get EDGE in 15ms.  
	FOR EDGE{?region igeo:subdivisionDirecte ?departement}

 INFO 2016-03-29 11:23:07,853 [main] (ParallelMetaProducerLessBlocking.java:61) - Searching for edge : ?region igeo:subdivisionDirecte ?departement
 INFO 2016-03-29 11:23:07,853 [pool-15-thread-1] (CallableResult.java:52) - CallableResult for GetEdge
 INFO 2016-03-29 11:23:07,853 [pool-15-thread-2] (CallableResult.java:52) - CallableResult for GetEdge
 INFO 2016-03-29 11:23:07,857 [pool-15-thread-2] (CallableResult.java:63) - Finished CallableResult in 4 ms.
 INFO 2016-03-29 11:23:07,859 [pool-15-thread-1] (CallableResult.java:63) - Finished CallableResult in 6 ms.
 INFO 2016-03-29 11:23:07,859 [main] (ParallelMetaProducerLessBlocking.java:193) - Global results retrieved in getEdges 6ms.
 INFO 2016-03-29 11:23:07,859 [main] (ParallelMetaProducerLessBlocking.java:61) - Searching for edge : ?departement igeo:nom ?nom
 INFO 2016-03-29 11:23:07,860 [pool-16-thread-1] (CallableResult.java:52) - CallableResult for GetEdge
 INFO 2016-03-29 11:23:07,860 [pool-16-thread-2] (CallableResult.java:52) - CallableResult for GetEdge
 INFO 2016-03-29 11:23:07,864 [pool-16-thread-2] (CallableResult.java:63) - Finished CallableResult in 4 ms.
 INFO 2016-03-29 11:23:07,865 [pool-16-thread-1] (CallableResult.java:63) - Finished CallableResult in 5 ms.
 INFO 2016-03-29 11:23:07,865 [main] (ParallelMetaProducerLessBlocking.java:193) - Global results retrieved in getEdges 5ms.
 INFO 2016-03-29 11:23:07,865 [main] (Eval.java:2158) - 
	Get EDGE in 6ms.  
	FOR EDGE{?departement igeo:nom ?nom}

 INFO 2016-03-29 11:23:07,865 [main] (Eval.java:2158) - 
	Get EDGE in 12ms.  
	FOR EDGE{?region igeo:subdivisionDirecte ?departement}

 INFO 2016-03-29 11:23:07,866 [main] (ParallelMetaProducerLessBlocking.java:61) - Searching for edge : ?region igeo:subdivisionDirecte ?departement
 INFO 2016-03-29 11:23:07,866 [pool-17-thread-1] (CallableResult.java:52) - CallableResult for GetEdge
 INFO 2016-03-29 11:23:07,866 [pool-17-thread-2] (CallableResult.java:52) - CallableResult for GetEdge
 INFO 2016-03-29 11:23:07,872 [pool-17-thread-1] (CallableResult.java:63) - Finished CallableResult in 6 ms.
 INFO 2016-03-29 11:23:07,874 [pool-17-thread-2] (CallableResult.java:63) - Finished CallableResult in 8 ms.
 INFO 2016-03-29 11:23:07,874 [main] (ParallelMetaProducerLessBlocking.java:193) - Global results retrieved in getEdges 8ms.
 INFO 2016-03-29 11:23:07,875 [main] (ParallelMetaProducerLessBlocking.java:61) - Searching for edge : ?departement igeo:nom ?nom
 INFO 2016-03-29 11:23:07,875 [pool-18-thread-1] (CallableResult.java:52) - CallableResult for GetEdge
 INFO 2016-03-29 11:23:07,875 [pool-18-thread-2] (CallableResult.java:52) - CallableResult for GetEdge
 INFO 2016-03-29 11:23:07,879 [pool-18-thread-1] (CallableResult.java:63) - Finished CallableResult in 4 ms.
 INFO 2016-03-29 11:23:07,881 [pool-18-thread-2] (CallableResult.java:63) - Finished CallableResult in 6 ms.
 INFO 2016-03-29 11:23:07,882 [main] (ParallelMetaProducerLessBlocking.java:193) - Global results retrieved in getEdges 7ms.
 INFO 2016-03-29 11:23:07,882 [main] (Eval.java:2158) - 
	Get EDGE in 7ms.  
	FOR EDGE{?departement igeo:nom ?nom}

 INFO 2016-03-29 11:23:07,882 [main] (ParallelMetaProducerLessBlocking.java:61) - Searching for edge : ?departement igeo:nom ?nom
 INFO 2016-03-29 11:23:07,883 [pool-19-thread-1] (CallableResult.java:52) - CallableResult for GetEdge
 INFO 2016-03-29 11:23:07,883 [pool-19-thread-2] (CallableResult.java:52) - CallableResult for GetEdge
 INFO 2016-03-29 11:23:07,886 [pool-19-thread-2] (CallableResult.java:63) - Finished CallableResult in 3 ms.
 INFO 2016-03-29 11:23:07,888 [pool-19-thread-1] (CallableResult.java:63) - Finished CallableResult in 5 ms.
 INFO 2016-03-29 11:23:07,888 [main] (ParallelMetaProducerLessBlocking.java:193) - Global results retrieved in getEdges 5ms.
 INFO 2016-03-29 11:23:07,888 [main] (Eval.java:2158) - 
	Get EDGE in 6ms.  
	FOR EDGE{?departement igeo:nom ?nom}

 INFO 2016-03-29 11:23:07,888 [main] (ParallelMetaProducerLessBlocking.java:61) - Searching for edge : ?departement igeo:nom ?nom
 INFO 2016-03-29 11:23:07,888 [pool-20-thread-1] (CallableResult.java:52) - CallableResult for GetEdge
 INFO 2016-03-29 11:23:07,888 [pool-20-thread-2] (CallableResult.java:52) - CallableResult for GetEdge
 INFO 2016-03-29 11:23:07,892 [pool-20-thread-2] (CallableResult.java:63) - Finished CallableResult in 4 ms.
 INFO 2016-03-29 11:23:07,893 [pool-20-thread-1] (CallableResult.java:63) - Finished CallableResult in 5 ms.
 INFO 2016-03-29 11:23:07,895 [main] (ParallelMetaProducerLessBlocking.java:193) - Global results retrieved in getEdges 7ms.
 INFO 2016-03-29 11:23:07,895 [main] (Eval.java:2158) - 
	Get EDGE in 7ms.  
	FOR EDGE{?departement igeo:nom ?nom}

 INFO 2016-03-29 11:23:07,895 [main] (Eval.java:2158) - 
	Get EDGE in 29ms.  
	FOR EDGE{?region igeo:subdivisionDirecte ?departement}

 INFO 2016-03-29 11:23:07,895 [main] (ParallelMetaProducerLessBlocking.java:61) - Searching for edge : ?region igeo:subdivisionDirecte ?departement
 INFO 2016-03-29 11:23:07,895 [pool-21-thread-1] (CallableResult.java:52) - CallableResult for GetEdge
 INFO 2016-03-29 11:23:07,896 [pool-21-thread-2] (CallableResult.java:52) - CallableResult for GetEdge
 INFO 2016-03-29 11:23:07,901 [pool-21-thread-2] (CallableResult.java:63) - Finished CallableResult in 5 ms.
 INFO 2016-03-29 11:23:07,902 [pool-21-thread-1] (CallableResult.java:63) - Finished CallableResult in 7 ms.
 INFO 2016-03-29 11:23:07,902 [main] (ParallelMetaProducerLessBlocking.java:193) - Global results retrieved in getEdges 6ms.
 INFO 2016-03-29 11:23:07,903 [main] (ParallelMetaProducerLessBlocking.java:61) - Searching for edge : ?departement igeo:nom ?nom
 INFO 2016-03-29 11:23:07,903 [pool-22-thread-1] (CallableResult.java:52) - CallableResult for GetEdge
 INFO 2016-03-29 11:23:07,903 [pool-22-thread-2] (CallableResult.java:52) - CallableResult for GetEdge
 INFO 2016-03-29 11:23:07,906 [pool-22-thread-1] (CallableResult.java:63) - Finished CallableResult in 3 ms.
 INFO 2016-03-29 11:23:07,909 [pool-22-thread-2] (CallableResult.java:63) - Finished CallableResult in 6 ms.
 INFO 2016-03-29 11:23:07,909 [main] (ParallelMetaProducerLessBlocking.java:193) - Global results retrieved in getEdges 6ms.
 INFO 2016-03-29 11:23:07,909 [main] (Eval.java:2158) - 
	Get EDGE in 6ms.  
	FOR EDGE{?departement igeo:nom ?nom}

 INFO 2016-03-29 11:23:07,909 [main] (Eval.java:2158) - 
	Get EDGE in 14ms.  
	FOR EDGE{?region igeo:subdivisionDirecte ?departement}

 INFO 2016-03-29 11:23:07,910 [main] (ParallelMetaProducerLessBlocking.java:61) - Searching for edge : ?region igeo:subdivisionDirecte ?departement
 INFO 2016-03-29 11:23:07,910 [pool-23-thread-1] (CallableResult.java:52) - CallableResult for GetEdge
 INFO 2016-03-29 11:23:07,910 [pool-23-thread-2] (CallableResult.java:52) - CallableResult for GetEdge
 INFO 2016-03-29 11:23:07,914 [pool-23-thread-2] (CallableResult.java:63) - Finished CallableResult in 4 ms.
 INFO 2016-03-29 11:23:07,916 [pool-23-thread-1] (CallableResult.java:63) - Finished CallableResult in 6 ms.
 INFO 2016-03-29 11:23:07,917 [main] (ParallelMetaProducerLessBlocking.java:193) - Global results retrieved in getEdges 7ms.
 INFO 2016-03-29 11:23:07,917 [main] (ParallelMetaProducerLessBlocking.java:61) - Searching for edge : ?departement igeo:nom ?nom
 INFO 2016-03-29 11:23:07,917 [pool-24-thread-1] (CallableResult.java:52) - CallableResult for GetEdge
 INFO 2016-03-29 11:23:07,917 [pool-24-thread-2] (CallableResult.java:52) - CallableResult for GetEdge
 INFO 2016-03-29 11:23:07,921 [pool-24-thread-2] (CallableResult.java:63) - Finished CallableResult in 4 ms.
 INFO 2016-03-29 11:23:07,923 [pool-24-thread-1] (CallableResult.java:63) - Finished CallableResult in 6 ms.
 INFO 2016-03-29 11:23:07,923 [main] (ParallelMetaProducerLessBlocking.java:193) - Global results retrieved in getEdges 6ms.
 INFO 2016-03-29 11:23:07,924 [main] (Eval.java:2158) - 
	Get EDGE in 7ms.  
	FOR EDGE{?departement igeo:nom ?nom}

 INFO 2016-03-29 11:23:07,924 [main] (ParallelMetaProducerLessBlocking.java:61) - Searching for edge : ?departement igeo:nom ?nom
 INFO 2016-03-29 11:23:07,924 [pool-25-thread-1] (CallableResult.java:52) - CallableResult for GetEdge
 INFO 2016-03-29 11:23:07,924 [pool-25-thread-2] (CallableResult.java:52) - CallableResult for GetEdge
 INFO 2016-03-29 11:23:07,928 [pool-25-thread-2] (CallableResult.java:63) - Finished CallableResult in 4 ms.
 INFO 2016-03-29 11:23:07,929 [pool-25-thread-1] (CallableResult.java:63) - Finished CallableResult in 5 ms.
 INFO 2016-03-29 11:23:07,930 [main] (ParallelMetaProducerLessBlocking.java:193) - Global results retrieved in getEdges 6ms.
 INFO 2016-03-29 11:23:07,930 [main] (Eval.java:2158) - 
	Get EDGE in 6ms.  
	FOR EDGE{?departement igeo:nom ?nom}

 INFO 2016-03-29 11:23:07,930 [main] (Eval.java:2158) - 
	Get EDGE in 20ms.  
	FOR EDGE{?region igeo:subdivisionDirecte ?departement}

 INFO 2016-03-29 11:23:07,930 [main] (ParallelMetaProducerLessBlocking.java:61) - Searching for edge : ?region igeo:subdivisionDirecte ?departement
 INFO 2016-03-29 11:23:07,931 [pool-26-thread-1] (CallableResult.java:52) - CallableResult for GetEdge
 INFO 2016-03-29 11:23:07,931 [pool-26-thread-2] (CallableResult.java:52) - CallableResult for GetEdge
 INFO 2016-03-29 11:23:07,936 [pool-26-thread-1] (CallableResult.java:63) - Finished CallableResult in 5 ms.
 INFO 2016-03-29 11:23:07,938 [pool-26-thread-2] (CallableResult.java:63) - Finished CallableResult in 7 ms.
 INFO 2016-03-29 11:23:07,939 [main] (ParallelMetaProducerLessBlocking.java:193) - Global results retrieved in getEdges 8ms.
 INFO 2016-03-29 11:23:07,939 [main] (ParallelMetaProducerLessBlocking.java:61) - Searching for edge : ?departement igeo:nom ?nom
 INFO 2016-03-29 11:23:07,940 [pool-27-thread-1] (CallableResult.java:52) - CallableResult for GetEdge
 INFO 2016-03-29 11:23:07,940 [pool-27-thread-2] (CallableResult.java:52) - CallableResult for GetEdge
 INFO 2016-03-29 11:23:07,944 [pool-27-thread-2] (CallableResult.java:63) - Finished CallableResult in 4 ms.
 INFO 2016-03-29 11:23:07,946 [pool-27-thread-1] (CallableResult.java:63) - Finished CallableResult in 6 ms.
 INFO 2016-03-29 11:23:07,946 [main] (ParallelMetaProducerLessBlocking.java:193) - Global results retrieved in getEdges 6ms.
 INFO 2016-03-29 11:23:07,946 [main] (Eval.java:2158) - 
	Get EDGE in 7ms.  
	FOR EDGE{?departement igeo:nom ?nom}

 INFO 2016-03-29 11:23:07,946 [main] (Eval.java:2158) - 
	Get EDGE in 16ms.  
	FOR EDGE{?region igeo:subdivisionDirecte ?departement}

 INFO 2016-03-29 11:23:07,946 [main] (ParallelMetaProducerLessBlocking.java:61) - Searching for edge : ?region igeo:subdivisionDirecte ?departement
 INFO 2016-03-29 11:23:07,947 [pool-28-thread-1] (CallableResult.java:52) - CallableResult for GetEdge
 INFO 2016-03-29 11:23:07,947 [pool-28-thread-2] (CallableResult.java:52) - CallableResult for GetEdge
 INFO 2016-03-29 11:23:07,951 [pool-28-thread-1] (CallableResult.java:63) - Finished CallableResult in 4 ms.
 INFO 2016-03-29 11:23:07,954 [pool-28-thread-2] (CallableResult.java:63) - Finished CallableResult in 7 ms.
 INFO 2016-03-29 11:23:07,955 [main] (ParallelMetaProducerLessBlocking.java:193) - Global results retrieved in getEdges 8ms.
 INFO 2016-03-29 11:23:07,955 [main] (ParallelMetaProducerLessBlocking.java:61) - Searching for edge : ?departement igeo:nom ?nom
 INFO 2016-03-29 11:23:07,955 [pool-29-thread-1] (CallableResult.java:52) - CallableResult for GetEdge
 INFO 2016-03-29 11:23:07,956 [pool-29-thread-2] (CallableResult.java:52) - CallableResult for GetEdge
 INFO 2016-03-29 11:23:07,960 [pool-29-thread-2] (CallableResult.java:63) - Finished CallableResult in 4 ms.
 INFO 2016-03-29 11:23:07,963 [pool-29-thread-1] (CallableResult.java:63) - Finished CallableResult in 8 ms.
 INFO 2016-03-29 11:23:07,963 [main] (ParallelMetaProducerLessBlocking.java:193) - Global results retrieved in getEdges 7ms.
 INFO 2016-03-29 11:23:07,964 [main] (Eval.java:2158) - 
	Get EDGE in 9ms.  
	FOR EDGE{?departement igeo:nom ?nom}

 INFO 2016-03-29 11:23:07,964 [main] (ParallelMetaProducerLessBlocking.java:61) - Searching for edge : ?departement igeo:nom ?nom
 INFO 2016-03-29 11:23:07,964 [pool-30-thread-1] (CallableResult.java:52) - CallableResult for GetEdge
 INFO 2016-03-29 11:23:07,964 [pool-30-thread-2] (CallableResult.java:52) - CallableResult for GetEdge
 INFO 2016-03-29 11:23:07,967 [pool-30-thread-2] (CallableResult.java:63) - Finished CallableResult in 3 ms.
 INFO 2016-03-29 11:23:07,970 [pool-30-thread-1] (CallableResult.java:63) - Finished CallableResult in 6 ms.
 INFO 2016-03-29 11:23:07,970 [main] (ParallelMetaProducerLessBlocking.java:193) - Global results retrieved in getEdges 6ms.
 INFO 2016-03-29 11:23:07,970 [main] (Eval.java:2158) - 
	Get EDGE in 6ms.  
	FOR EDGE{?departement igeo:nom ?nom}

 INFO 2016-03-29 11:23:07,971 [main] (ParallelMetaProducerLessBlocking.java:61) - Searching for edge : ?departement igeo:nom ?nom
 INFO 2016-03-29 11:23:07,971 [pool-31-thread-1] (CallableResult.java:52) - CallableResult for GetEdge
 INFO 2016-03-29 11:23:07,971 [pool-31-thread-2] (CallableResult.java:52) - CallableResult for GetEdge
 INFO 2016-03-29 11:23:07,974 [pool-31-thread-2] (CallableResult.java:63) - Finished CallableResult in 3 ms.
 INFO 2016-03-29 11:23:07,977 [pool-31-thread-1] (CallableResult.java:63) - Finished CallableResult in 6 ms.
 INFO 2016-03-29 11:23:07,977 [main] (ParallelMetaProducerLessBlocking.java:193) - Global results retrieved in getEdges 6ms.
 INFO 2016-03-29 11:23:07,978 [main] (Eval.java:2158) - 
	Get EDGE in 8ms.  
	FOR EDGE{?departement igeo:nom ?nom}

 INFO 2016-03-29 11:23:07,978 [main] (ParallelMetaProducerLessBlocking.java:61) - Searching for edge : ?departement igeo:nom ?nom
 INFO 2016-03-29 11:23:07,979 [pool-32-thread-1] (CallableResult.java:52) - CallableResult for GetEdge
 INFO 2016-03-29 11:23:07,979 [pool-32-thread-2] (CallableResult.java:52) - CallableResult for GetEdge
 INFO 2016-03-29 11:23:07,983 [pool-32-thread-1] (CallableResult.java:63) - Finished CallableResult in 4 ms.
 INFO 2016-03-29 11:23:07,985 [pool-32-thread-2] (CallableResult.java:63) - Finished CallableResult in 6 ms.
 INFO 2016-03-29 11:23:07,986 [main] (ParallelMetaProducerLessBlocking.java:193) - Global results retrieved in getEdges 7ms.
 INFO 2016-03-29 11:23:07,986 [main] (Eval.java:2158) - 
	Get EDGE in 8ms.  
	FOR EDGE{?departement igeo:nom ?nom}

 INFO 2016-03-29 11:23:07,986 [main] (Eval.java:2158) - 
	Get EDGE in 40ms.  
	FOR EDGE{?region igeo:subdivisionDirecte ?departement}

 INFO 2016-03-29 11:23:07,986 [main] (ParallelMetaProducerLessBlocking.java:61) - Searching for edge : ?region igeo:subdivisionDirecte ?departement
 INFO 2016-03-29 11:23:07,987 [pool-33-thread-1] (CallableResult.java:52) - CallableResult for GetEdge
 INFO 2016-03-29 11:23:07,987 [pool-33-thread-2] (CallableResult.java:52) - CallableResult for GetEdge
 INFO 2016-03-29 11:23:07,991 [pool-33-thread-1] (CallableResult.java:63) - Finished CallableResult in 4 ms.
 INFO 2016-03-29 11:23:08,010 [pool-33-thread-2] (CallableResult.java:63) - Finished CallableResult in 23 ms.
 INFO 2016-03-29 11:23:08,010 [main] (ParallelMetaProducerLessBlocking.java:193) - Global results retrieved in getEdges 23ms.
 INFO 2016-03-29 11:23:08,010 [main] (ParallelMetaProducerLessBlocking.java:61) - Searching for edge : ?departement igeo:nom ?nom
 INFO 2016-03-29 11:23:08,011 [pool-34-thread-1] (CallableResult.java:52) - CallableResult for GetEdge
 INFO 2016-03-29 11:23:08,011 [pool-34-thread-2] (CallableResult.java:52) - CallableResult for GetEdge
 INFO 2016-03-29 11:23:08,017 [pool-34-thread-2] (CallableResult.java:63) - Finished CallableResult in 6 ms.
 INFO 2016-03-29 11:23:08,019 [pool-34-thread-1] (CallableResult.java:63) - Finished CallableResult in 8 ms.
 INFO 2016-03-29 11:23:08,020 [main] (ParallelMetaProducerLessBlocking.java:193) - Global results retrieved in getEdges 9ms.
 INFO 2016-03-29 11:23:08,020 [main] (Eval.java:2158) - 
	Get EDGE in 10ms.  
	FOR EDGE{?departement igeo:nom ?nom}

 INFO 2016-03-29 11:23:08,020 [main] (ParallelMetaProducerLessBlocking.java:61) - Searching for edge : ?departement igeo:nom ?nom
 INFO 2016-03-29 11:23:08,020 [pool-35-thread-1] (CallableResult.java:52) - CallableResult for GetEdge
 INFO 2016-03-29 11:23:08,022 [pool-35-thread-2] (CallableResult.java:52) - CallableResult for GetEdge
 INFO 2016-03-29 11:23:08,025 [pool-35-thread-1] (CallableResult.java:63) - Finished CallableResult in 5 ms.
 INFO 2016-03-29 11:23:08,026 [pool-35-thread-2] (CallableResult.java:63) - Finished CallableResult in 4 ms.
 INFO 2016-03-29 11:23:08,026 [main] (ParallelMetaProducerLessBlocking.java:193) - Global results retrieved in getEdges 4ms.
 INFO 2016-03-29 11:23:08,027 [main] (Eval.java:2158) - 
	Get EDGE in 7ms.  
	FOR EDGE{?departement igeo:nom ?nom}

 INFO 2016-03-29 11:23:08,027 [main] (ParallelMetaProducerLessBlocking.java:61) - Searching for edge : ?departement igeo:nom ?nom
 INFO 2016-03-29 11:23:08,027 [pool-36-thread-1] (CallableResult.java:52) - CallableResult for GetEdge
 INFO 2016-03-29 11:23:08,027 [pool-36-thread-2] (CallableResult.java:52) - CallableResult for GetEdge
 INFO 2016-03-29 11:23:08,031 [pool-36-thread-2] (CallableResult.java:63) - Finished CallableResult in 4 ms.
 INFO 2016-03-29 11:23:08,032 [pool-36-thread-1] (CallableResult.java:63) - Finished CallableResult in 5 ms.
 INFO 2016-03-29 11:23:08,032 [main] (ParallelMetaProducerLessBlocking.java:193) - Global results retrieved in getEdges 5ms.
 INFO 2016-03-29 11:23:08,032 [main] (Eval.java:2158) - 
	Get EDGE in 5ms.  
	FOR EDGE{?departement igeo:nom ?nom}

 INFO 2016-03-29 11:23:08,032 [main] (ParallelMetaProducerLessBlocking.java:61) - Searching for edge : ?departement igeo:nom ?nom
 INFO 2016-03-29 11:23:08,033 [pool-37-thread-1] (CallableResult.java:52) - CallableResult for GetEdge
 INFO 2016-03-29 11:23:08,033 [pool-37-thread-2] (CallableResult.java:52) - CallableResult for GetEdge
 INFO 2016-03-29 11:23:08,037 [pool-37-thread-2] (CallableResult.java:63) - Finished CallableResult in 4 ms.
 INFO 2016-03-29 11:23:08,037 [pool-37-thread-1] (CallableResult.java:63) - Finished CallableResult in 4 ms.
 INFO 2016-03-29 11:23:08,037 [main] (ParallelMetaProducerLessBlocking.java:193) - Global results retrieved in getEdges 4ms.
 INFO 2016-03-29 11:23:08,037 [main] (Eval.java:2158) - 
	Get EDGE in 5ms.  
	FOR EDGE{?departement igeo:nom ?nom}

 INFO 2016-03-29 11:23:08,037 [main] (ParallelMetaProducerLessBlocking.java:61) - Searching for edge : ?departement igeo:nom ?nom
 INFO 2016-03-29 11:23:08,038 [pool-38-thread-1] (CallableResult.java:52) - CallableResult for GetEdge
 INFO 2016-03-29 11:23:08,038 [pool-38-thread-2] (CallableResult.java:52) - CallableResult for GetEdge
 INFO 2016-03-29 11:23:08,042 [pool-38-thread-1] (CallableResult.java:63) - Finished CallableResult in 4 ms.
 INFO 2016-03-29 11:23:08,042 [pool-38-thread-2] (CallableResult.java:63) - Finished CallableResult in 4 ms.
 INFO 2016-03-29 11:23:08,043 [main] (ParallelMetaProducerLessBlocking.java:193) - Global results retrieved in getEdges 5ms.
 INFO 2016-03-29 11:23:08,043 [main] (Eval.java:2158) - 
	Get EDGE in 6ms.  
	FOR EDGE{?departement igeo:nom ?nom}

 INFO 2016-03-29 11:23:08,043 [main] (Eval.java:2158) - 
	Get EDGE in 57ms.  
	FOR EDGE{?region igeo:subdivisionDirecte ?departement}

 INFO 2016-03-29 11:23:08,043 [main] (ParallelMetaProducerLessBlocking.java:61) - Searching for edge : ?region igeo:subdivisionDirecte ?departement
 INFO 2016-03-29 11:23:08,043 [pool-39-thread-1] (CallableResult.java:52) - CallableResult for GetEdge
 INFO 2016-03-29 11:23:08,043 [pool-39-thread-2] (CallableResult.java:52) - CallableResult for GetEdge
 INFO 2016-03-29 11:23:08,047 [pool-39-thread-1] (CallableResult.java:63) - Finished CallableResult in 4 ms.
 INFO 2016-03-29 11:23:08,050 [pool-39-thread-2] (CallableResult.java:63) - Finished CallableResult in 7 ms.
 INFO 2016-03-29 11:23:08,051 [main] (ParallelMetaProducerLessBlocking.java:193) - Global results retrieved in getEdges 8ms.
 INFO 2016-03-29 11:23:08,051 [main] (ParallelMetaProducerLessBlocking.java:61) - Searching for edge : ?departement igeo:nom ?nom
 INFO 2016-03-29 11:23:08,051 [pool-40-thread-1] (CallableResult.java:52) - CallableResult for GetEdge
 INFO 2016-03-29 11:23:08,051 [pool-40-thread-2] (CallableResult.java:52) - CallableResult for GetEdge
 INFO 2016-03-29 11:23:08,055 [pool-40-thread-2] (CallableResult.java:63) - Finished CallableResult in 4 ms.
 INFO 2016-03-29 11:23:08,057 [pool-40-thread-1] (CallableResult.java:63) - Finished CallableResult in 6 ms.
 INFO 2016-03-29 11:23:08,057 [main] (ParallelMetaProducerLessBlocking.java:193) - Global results retrieved in getEdges 6ms.
 INFO 2016-03-29 11:23:08,058 [main] (Eval.java:2158) - 
	Get EDGE in 7ms.  
	FOR EDGE{?departement igeo:nom ?nom}

 INFO 2016-03-29 11:23:08,058 [main] (ParallelMetaProducerLessBlocking.java:61) - Searching for edge : ?departement igeo:nom ?nom
 INFO 2016-03-29 11:23:08,058 [pool-41-thread-1] (CallableResult.java:52) - CallableResult for GetEdge
 INFO 2016-03-29 11:23:08,058 [pool-41-thread-2] (CallableResult.java:52) - CallableResult for GetEdge
 INFO 2016-03-29 11:23:08,062 [pool-41-thread-2] (CallableResult.java:63) - Finished CallableResult in 4 ms.
 INFO 2016-03-29 11:23:08,063 [pool-41-thread-1] (CallableResult.java:63) - Finished CallableResult in 5 ms.
 INFO 2016-03-29 11:23:08,065 [main] (ParallelMetaProducerLessBlocking.java:193) - Global results retrieved in getEdges 7ms.
 INFO 2016-03-29 11:23:08,065 [main] (Eval.java:2158) - 
	Get EDGE in 7ms.  
	FOR EDGE{?departement igeo:nom ?nom}

 INFO 2016-03-29 11:23:08,065 [main] (Eval.java:2158) - 
	Get EDGE in 22ms.  
	FOR EDGE{?region igeo:subdivisionDirecte ?departement}

 INFO 2016-03-29 11:23:08,065 [main] (ParallelMetaProducerLessBlocking.java:61) - Searching for edge : ?region igeo:subdivisionDirecte ?departement
 INFO 2016-03-29 11:23:08,066 [pool-42-thread-1] (CallableResult.java:52) - CallableResult for GetEdge
 INFO 2016-03-29 11:23:08,066 [pool-42-thread-2] (CallableResult.java:52) - CallableResult for GetEdge
 INFO 2016-03-29 11:23:08,070 [pool-42-thread-1] (CallableResult.java:63) - Finished CallableResult in 4 ms.
 INFO 2016-03-29 11:23:08,076 [pool-42-thread-2] (CallableResult.java:63) - Finished CallableResult in 10 ms.
 INFO 2016-03-29 11:23:08,077 [main] (ParallelMetaProducerLessBlocking.java:193) - Global results retrieved in getEdges 11ms.
 INFO 2016-03-29 11:23:08,077 [main] (ParallelMetaProducerLessBlocking.java:61) - Searching for edge : ?departement igeo:nom ?nom
 INFO 2016-03-29 11:23:08,077 [pool-43-thread-1] (CallableResult.java:52) - CallableResult for GetEdge
 INFO 2016-03-29 11:23:08,078 [pool-43-thread-2] (CallableResult.java:52) - CallableResult for GetEdge
 INFO 2016-03-29 11:23:08,081 [pool-43-thread-1] (CallableResult.java:63) - Finished CallableResult in 4 ms.
 INFO 2016-03-29 11:23:08,083 [pool-43-thread-2] (CallableResult.java:63) - Finished CallableResult in 5 ms.
 INFO 2016-03-29 11:23:08,083 [main] (ParallelMetaProducerLessBlocking.java:193) - Global results retrieved in getEdges 6ms.
 INFO 2016-03-29 11:23:08,084 [main] (Eval.java:2158) - 
	Get EDGE in 7ms.  
	FOR EDGE{?departement igeo:nom ?nom}

 INFO 2016-03-29 11:23:08,084 [main] (ParallelMetaProducerLessBlocking.java:61) - Searching for edge : ?departement igeo:nom ?nom
 INFO 2016-03-29 11:23:08,084 [pool-44-thread-1] (CallableResult.java:52) - CallableResult for GetEdge
 INFO 2016-03-29 11:23:08,084 [pool-44-thread-2] (CallableResult.java:52) - CallableResult for GetEdge
 INFO 2016-03-29 11:23:08,088 [pool-44-thread-2] (CallableResult.java:63) - Finished CallableResult in 4 ms.
 INFO 2016-03-29 11:23:08,089 [pool-44-thread-1] (CallableResult.java:63) - Finished CallableResult in 5 ms.
 INFO 2016-03-29 11:23:08,089 [main] (ParallelMetaProducerLessBlocking.java:193) - Global results retrieved in getEdges 5ms.
 INFO 2016-03-29 11:23:08,089 [main] (Eval.java:2158) - 
	Get EDGE in 5ms.  
	FOR EDGE{?departement igeo:nom ?nom}

 INFO 2016-03-29 11:23:08,090 [main] (ParallelMetaProducerLessBlocking.java:61) - Searching for edge : ?departement igeo:nom ?nom
 INFO 2016-03-29 11:23:08,090 [pool-45-thread-1] (CallableResult.java:52) - CallableResult for GetEdge
 INFO 2016-03-29 11:23:08,090 [pool-45-thread-2] (CallableResult.java:52) - CallableResult for GetEdge
 INFO 2016-03-29 11:23:08,093 [pool-45-thread-2] (CallableResult.java:63) - Finished CallableResult in 3 ms.
 INFO 2016-03-29 11:23:08,095 [pool-45-thread-1] (CallableResult.java:63) - Finished CallableResult in 5 ms.
 INFO 2016-03-29 11:23:08,095 [main] (ParallelMetaProducerLessBlocking.java:193) - Global results retrieved in getEdges 5ms.
 INFO 2016-03-29 11:23:08,095 [main] (Eval.java:2158) - 
	Get EDGE in 5ms.  
	FOR EDGE{?departement igeo:nom ?nom}

 INFO 2016-03-29 11:23:08,095 [main] (Eval.java:2158) - 
	Get EDGE in 30ms.  
	FOR EDGE{?region igeo:subdivisionDirecte ?departement}

 INFO 2016-03-29 11:23:08,095 [main] (ParallelMetaProducerLessBlocking.java:61) - Searching for edge : ?region igeo:subdivisionDirecte ?departement
 INFO 2016-03-29 11:23:08,096 [pool-46-thread-1] (CallableResult.java:52) - CallableResult for GetEdge
 INFO 2016-03-29 11:23:08,096 [pool-46-thread-2] (CallableResult.java:52) - CallableResult for GetEdge
 INFO 2016-03-29 11:23:08,100 [pool-46-thread-1] (CallableResult.java:63) - Finished CallableResult in 4 ms.
 INFO 2016-03-29 11:23:08,110 [pool-46-thread-2] (CallableResult.java:63) - Finished CallableResult in 14 ms.
 INFO 2016-03-29 11:23:08,110 [main] (ParallelMetaProducerLessBlocking.java:193) - Global results retrieved in getEdges 14ms.
 INFO 2016-03-29 11:23:08,111 [main] (ParallelMetaProducerLessBlocking.java:61) - Searching for edge : ?departement igeo:nom ?nom
 INFO 2016-03-29 11:23:08,111 [pool-47-thread-1] (CallableResult.java:52) - CallableResult for GetEdge
 INFO 2016-03-29 11:23:08,111 [pool-47-thread-2] (CallableResult.java:52) - CallableResult for GetEdge
 INFO 2016-03-29 11:23:08,115 [pool-47-thread-2] (CallableResult.java:63) - Finished CallableResult in 4 ms.
 INFO 2016-03-29 11:23:08,117 [pool-47-thread-1] (CallableResult.java:63) - Finished CallableResult in 6 ms.
 INFO 2016-03-29 11:23:08,118 [main] (ParallelMetaProducerLessBlocking.java:193) - Global results retrieved in getEdges 7ms.
 INFO 2016-03-29 11:23:08,118 [main] (Eval.java:2158) - 
	Get EDGE in 7ms.  
	FOR EDGE{?departement igeo:nom ?nom}

 INFO 2016-03-29 11:23:08,118 [main] (ParallelMetaProducerLessBlocking.java:61) - Searching for edge : ?departement igeo:nom ?nom
 INFO 2016-03-29 11:23:08,118 [pool-48-thread-1] (CallableResult.java:52) - CallableResult for GetEdge
 INFO 2016-03-29 11:23:08,118 [pool-48-thread-2] (CallableResult.java:52) - CallableResult for GetEdge
 INFO 2016-03-29 11:23:08,122 [pool-48-thread-2] (CallableResult.java:63) - Finished CallableResult in 4 ms.
 INFO 2016-03-29 11:23:08,124 [pool-48-thread-1] (CallableResult.java:63) - Finished CallableResult in 6 ms.
 INFO 2016-03-29 11:23:08,125 [main] (ParallelMetaProducerLessBlocking.java:193) - Global results retrieved in getEdges 7ms.
 INFO 2016-03-29 11:23:08,125 [main] (Eval.java:2158) - 
	Get EDGE in 7ms.  
	FOR EDGE{?departement igeo:nom ?nom}

 INFO 2016-03-29 11:23:08,125 [main] (ParallelMetaProducerLessBlocking.java:61) - Searching for edge : ?departement igeo:nom ?nom
 INFO 2016-03-29 11:23:08,127 [pool-49-thread-1] (CallableResult.java:52) - CallableResult for GetEdge
 INFO 2016-03-29 11:23:08,127 [pool-49-thread-2] (CallableResult.java:52) - CallableResult for GetEdge
 INFO 2016-03-29 11:23:08,131 [pool-49-thread-2] (CallableResult.java:63) - Finished CallableResult in 4 ms.
 INFO 2016-03-29 11:23:08,134 [pool-49-thread-1] (CallableResult.java:63) - Finished CallableResult in 7 ms.
 INFO 2016-03-29 11:23:08,134 [main] (ParallelMetaProducerLessBlocking.java:193) - Global results retrieved in getEdges 7ms.
 INFO 2016-03-29 11:23:08,134 [main] (Eval.java:2158) - 
	Get EDGE in 9ms.  
	FOR EDGE{?departement igeo:nom ?nom}

 INFO 2016-03-29 11:23:08,134 [main] (Eval.java:2158) - 
	Get EDGE in 39ms.  
	FOR EDGE{?region igeo:subdivisionDirecte ?departement}

 INFO 2016-03-29 11:23:08,135 [main] (ParallelMetaProducerLessBlocking.java:61) - Searching for edge : ?region igeo:subdivisionDirecte ?departement
 INFO 2016-03-29 11:23:08,135 [pool-50-thread-1] (CallableResult.java:52) - CallableResult for GetEdge
 INFO 2016-03-29 11:23:08,135 [pool-50-thread-2] (CallableResult.java:52) - CallableResult for GetEdge
 INFO 2016-03-29 11:23:08,140 [pool-50-thread-1] (CallableResult.java:63) - Finished CallableResult in 5 ms.
 INFO 2016-03-29 11:23:08,148 [pool-50-thread-2] (CallableResult.java:63) - Finished CallableResult in 13 ms.
 INFO 2016-03-29 11:23:08,149 [main] (ParallelMetaProducerLessBlocking.java:193) - Global results retrieved in getEdges 14ms.
 INFO 2016-03-29 11:23:08,149 [main] (ParallelMetaProducerLessBlocking.java:61) - Searching for edge : ?departement igeo:nom ?nom
 INFO 2016-03-29 11:23:08,150 [pool-51-thread-1] (CallableResult.java:52) - CallableResult for GetEdge
 INFO 2016-03-29 11:23:08,150 [pool-51-thread-2] (CallableResult.java:52) - CallableResult for GetEdge
 INFO 2016-03-29 11:23:08,155 [pool-51-thread-2] (CallableResult.java:63) - Finished CallableResult in 5 ms.
 INFO 2016-03-29 11:23:08,158 [pool-51-thread-1] (CallableResult.java:63) - Finished CallableResult in 8 ms.
 INFO 2016-03-29 11:23:08,158 [main] (ParallelMetaProducerLessBlocking.java:193) - Global results retrieved in getEdges 8ms.
 INFO 2016-03-29 11:23:08,159 [main] (Eval.java:2158) - 
	Get EDGE in 10ms.  
	FOR EDGE{?departement igeo:nom ?nom}

 INFO 2016-03-29 11:23:08,159 [main] (ParallelMetaProducerLessBlocking.java:61) - Searching for edge : ?departement igeo:nom ?nom
 INFO 2016-03-29 11:23:08,159 [pool-52-thread-1] (CallableResult.java:52) - CallableResult for GetEdge
 INFO 2016-03-29 11:23:08,159 [pool-52-thread-2] (CallableResult.java:52) - CallableResult for GetEdge
 INFO 2016-03-29 11:23:08,167 [pool-52-thread-1] (CallableResult.java:63) - Finished CallableResult in 8 ms.
 INFO 2016-03-29 11:23:08,170 [pool-52-thread-2] (CallableResult.java:63) - Finished CallableResult in 11 ms.
 INFO 2016-03-29 11:23:08,171 [main] (ParallelMetaProducerLessBlocking.java:193) - Global results retrieved in getEdges 12ms.
 INFO 2016-03-29 11:23:08,171 [main] (Eval.java:2158) - 
	Get EDGE in 12ms.  
	FOR EDGE{?departement igeo:nom ?nom}

 INFO 2016-03-29 11:23:08,171 [main] (Eval.java:2158) - 
	Get EDGE in 36ms.  
	FOR EDGE{?region igeo:subdivisionDirecte ?departement}

 INFO 2016-03-29 11:23:08,171 [main] (ParallelMetaProducerLessBlocking.java:61) - Searching for edge : ?region igeo:subdivisionDirecte ?departement
 INFO 2016-03-29 11:23:08,171 [pool-53-thread-1] (CallableResult.java:52) - CallableResult for GetEdge
 INFO 2016-03-29 11:23:08,171 [pool-53-thread-2] (CallableResult.java:52) - CallableResult for GetEdge
 INFO 2016-03-29 11:23:08,175 [pool-53-thread-1] (CallableResult.java:63) - Finished CallableResult in 4 ms.
 INFO 2016-03-29 11:23:08,185 [pool-53-thread-2] (CallableResult.java:63) - Finished CallableResult in 14 ms.
 INFO 2016-03-29 11:23:08,185 [main] (ParallelMetaProducerLessBlocking.java:193) - Global results retrieved in getEdges 14ms.
 INFO 2016-03-29 11:23:08,185 [main] (ParallelMetaProducerLessBlocking.java:61) - Searching for edge : ?departement igeo:nom ?nom
 INFO 2016-03-29 11:23:08,186 [pool-54-thread-1] (CallableResult.java:52) - CallableResult for GetEdge
 INFO 2016-03-29 11:23:08,186 [pool-54-thread-2] (CallableResult.java:52) - CallableResult for GetEdge
 INFO 2016-03-29 11:23:08,190 [pool-54-thread-2] (CallableResult.java:63) - Finished CallableResult in 4 ms.
 INFO 2016-03-29 11:23:08,192 [pool-54-thread-1] (CallableResult.java:63) - Finished CallableResult in 6 ms.
 INFO 2016-03-29 11:23:08,192 [main] (ParallelMetaProducerLessBlocking.java:193) - Global results retrieved in getEdges 6ms.
 INFO 2016-03-29 11:23:08,192 [main] (Eval.java:2158) - 
	Get EDGE in 7ms.  
	FOR EDGE{?departement igeo:nom ?nom}

 INFO 2016-03-29 11:23:08,192 [main] (ParallelMetaProducerLessBlocking.java:61) - Searching for edge : ?departement igeo:nom ?nom
 INFO 2016-03-29 11:23:08,193 [pool-55-thread-1] (CallableResult.java:52) - CallableResult for GetEdge
 INFO 2016-03-29 11:23:08,193 [pool-55-thread-2] (CallableResult.java:52) - CallableResult for GetEdge
 INFO 2016-03-29 11:23:08,197 [pool-55-thread-1] (CallableResult.java:63) - Finished CallableResult in 4 ms.
 INFO 2016-03-29 11:23:08,201 [pool-55-thread-2] (CallableResult.java:63) - Finished CallableResult in 8 ms.
 INFO 2016-03-29 11:23:08,201 [main] (ParallelMetaProducerLessBlocking.java:193) - Global results retrieved in getEdges 8ms.
 INFO 2016-03-29 11:23:08,201 [main] (Eval.java:2158) - 
	Get EDGE in 9ms.  
	FOR EDGE{?departement igeo:nom ?nom}

 INFO 2016-03-29 11:23:08,201 [main] (ParallelMetaProducerLessBlocking.java:61) - Searching for edge : ?departement igeo:nom ?nom
 INFO 2016-03-29 11:23:08,202 [pool-56-thread-1] (CallableResult.java:52) - CallableResult for GetEdge
 INFO 2016-03-29 11:23:08,202 [pool-56-thread-2] (CallableResult.java:52) - CallableResult for GetEdge
 INFO 2016-03-29 11:23:08,207 [pool-56-thread-1] (CallableResult.java:63) - Finished CallableResult in 5 ms.
 INFO 2016-03-29 11:23:08,209 [pool-56-thread-2] (CallableResult.java:63) - Finished CallableResult in 7 ms.
 INFO 2016-03-29 11:23:08,210 [main] (ParallelMetaProducerLessBlocking.java:193) - Global results retrieved in getEdges 8ms.
 INFO 2016-03-29 11:23:08,210 [main] (Eval.java:2158) - 
	Get EDGE in 9ms.  
	FOR EDGE{?departement igeo:nom ?nom}

 INFO 2016-03-29 11:23:08,210 [main] (Eval.java:2158) - 
	Get EDGE in 39ms.  
	FOR EDGE{?region igeo:subdivisionDirecte ?departement}

 INFO 2016-03-29 11:23:08,210 [main] (ParallelMetaProducerLessBlocking.java:61) - Searching for edge : ?region igeo:subdivisionDirecte ?departement
 INFO 2016-03-29 11:23:08,211 [pool-57-thread-1] (CallableResult.java:52) - CallableResult for GetEdge
 INFO 2016-03-29 11:23:08,211 [pool-57-thread-2] (CallableResult.java:52) - CallableResult for GetEdge
 INFO 2016-03-29 11:23:08,216 [pool-57-thread-1] (CallableResult.java:63) - Finished CallableResult in 5 ms.
 INFO 2016-03-29 11:23:08,238 [pool-57-thread-2] (CallableResult.java:63) - Finished CallableResult in 27 ms.
 INFO 2016-03-29 11:23:08,239 [main] (ParallelMetaProducerLessBlocking.java:193) - Global results retrieved in getEdges 28ms.
 INFO 2016-03-29 11:23:08,239 [main] (ParallelMetaProducerLessBlocking.java:61) - Searching for edge : ?departement igeo:nom ?nom
 INFO 2016-03-29 11:23:08,247 [pool-58-thread-2] (CallableResult.java:52) - CallableResult for GetEdge
 INFO 2016-03-29 11:23:08,248 [pool-58-thread-1] (CallableResult.java:52) - CallableResult for GetEdge
 INFO 2016-03-29 11:23:08,254 [pool-58-thread-2] (CallableResult.java:63) - Finished CallableResult in 7 ms.
 INFO 2016-03-29 11:23:08,258 [pool-58-thread-1] (CallableResult.java:63) - Finished CallableResult in 10 ms.
 INFO 2016-03-29 11:23:08,258 [main] (ParallelMetaProducerLessBlocking.java:193) - Global results retrieved in getEdges 12ms.
 INFO 2016-03-29 11:23:08,258 [main] (Eval.java:2158) - 
	Get EDGE in 19ms.  
	FOR EDGE{?departement igeo:nom ?nom}

 INFO 2016-03-29 11:23:08,258 [main] (ParallelMetaProducerLessBlocking.java:61) - Searching for edge : ?departement igeo:nom ?nom
 INFO 2016-03-29 11:23:08,263 [pool-59-thread-2] (CallableResult.java:52) - CallableResult for GetEdge
 INFO 2016-03-29 11:23:08,267 [pool-59-thread-2] (CallableResult.java:63) - Finished CallableResult in 4 ms.
 INFO 2016-03-29 11:23:08,267 [pool-59-thread-1] (CallableResult.java:52) - CallableResult for GetEdge
 INFO 2016-03-29 11:23:08,273 [pool-59-thread-1] (CallableResult.java:63) - Finished CallableResult in 6 ms.
 INFO 2016-03-29 11:23:08,273 [main] (ParallelMetaProducerLessBlocking.java:193) - Global results retrieved in getEdges 10ms.
 INFO 2016-03-29 11:23:08,274 [main] (Eval.java:2158) - 
	Get EDGE in 16ms.  
	FOR EDGE{?departement igeo:nom ?nom}

 INFO 2016-03-29 11:23:08,274 [main] (ParallelMetaProducerLessBlocking.java:61) - Searching for edge : ?departement igeo:nom ?nom
 INFO 2016-03-29 11:23:08,274 [pool-60-thread-1] (CallableResult.java:52) - CallableResult for GetEdge
 INFO 2016-03-29 11:23:08,279 [pool-60-thread-1] (CallableResult.java:63) - Finished CallableResult in 5 ms.
 INFO 2016-03-29 11:23:08,281 [pool-60-thread-2] (CallableResult.java:52) - CallableResult for GetEdge
 INFO 2016-03-29 11:23:08,284 [pool-60-thread-2] (CallableResult.java:63) - Finished CallableResult in 3 ms.
 INFO 2016-03-29 11:23:08,284 [main] (ParallelMetaProducerLessBlocking.java:193) - Global results retrieved in getEdges 3ms.
 INFO 2016-03-29 11:23:08,285 [main] (Eval.java:2158) - 
	Get EDGE in 11ms.  
	FOR EDGE{?departement igeo:nom ?nom}

 INFO 2016-03-29 11:23:08,285 [main] (Eval.java:2158) - 
	Get EDGE in 75ms.  
	FOR EDGE{?region igeo:subdivisionDirecte ?departement}

 INFO 2016-03-29 11:23:08,285 [main] (ParallelMetaProducerLessBlocking.java:61) - Searching for edge : ?region igeo:subdivisionDirecte ?departement
 INFO 2016-03-29 11:23:08,285 [pool-61-thread-1] (CallableResult.java:52) - CallableResult for GetEdge
 INFO 2016-03-29 11:23:08,285 [pool-61-thread-2] (CallableResult.java:52) - CallableResult for GetEdge
 INFO 2016-03-29 11:23:08,289 [pool-61-thread-1] (CallableResult.java:63) - Finished CallableResult in 4 ms.
 INFO 2016-03-29 11:23:08,290 [pool-61-thread-2] (CallableResult.java:63) - Finished CallableResult in 5 ms.
 INFO 2016-03-29 11:23:08,290 [main] (ParallelMetaProducerLessBlocking.java:193) - Global results retrieved in getEdges 5ms.
 INFO 2016-03-29 11:23:08,290 [main] (ParallelMetaProducerLessBlocking.java:61) - Searching for edge : ?departement igeo:nom ?nom
 INFO 2016-03-29 11:23:08,291 [pool-62-thread-1] (CallableResult.java:52) - CallableResult for GetEdge
 INFO 2016-03-29 11:23:08,291 [pool-62-thread-2] (CallableResult.java:52) - CallableResult for GetEdge
 INFO 2016-03-29 11:23:08,296 [pool-62-thread-1] (CallableResult.java:63) - Finished CallableResult in 5 ms.
 INFO 2016-03-29 11:23:08,296 [pool-62-thread-2] (CallableResult.java:63) - Finished CallableResult in 5 ms.
 INFO 2016-03-29 11:23:08,297 [main] (ParallelMetaProducerLessBlocking.java:193) - Global results retrieved in getEdges 6ms.
 INFO 2016-03-29 11:23:08,297 [main] (Eval.java:2158) - 
	Get EDGE in 7ms.  
	FOR EDGE{?departement igeo:nom ?nom}

 INFO 2016-03-29 11:23:08,297 [main] (Eval.java:2158) - 
	Get EDGE in 12ms.  
	FOR EDGE{?region igeo:subdivisionDirecte ?departement}

 INFO 2016-03-29 11:23:08,297 [main] (ParallelMetaProducerLessBlocking.java:61) - Searching for edge : ?region igeo:subdivisionDirecte ?departement
 INFO 2016-03-29 11:23:08,297 [pool-63-thread-1] (CallableResult.java:52) - CallableResult for GetEdge
 INFO 2016-03-29 11:23:08,297 [pool-63-thread-2] (CallableResult.java:52) - CallableResult for GetEdge
 INFO 2016-03-29 11:23:08,301 [pool-63-thread-1] (CallableResult.java:63) - Finished CallableResult in 4 ms.
 INFO 2016-03-29 11:23:08,304 [pool-63-thread-2] (CallableResult.java:63) - Finished CallableResult in 7 ms.
 INFO 2016-03-29 11:23:08,304 [main] (ParallelMetaProducerLessBlocking.java:193) - Global results retrieved in getEdges 7ms.
 INFO 2016-03-29 11:23:08,304 [main] (ParallelMetaProducerLessBlocking.java:61) - Searching for edge : ?departement igeo:nom ?nom
 INFO 2016-03-29 11:23:08,305 [pool-64-thread-1] (CallableResult.java:52) - CallableResult for GetEdge
 INFO 2016-03-29 11:23:08,305 [pool-64-thread-2] (CallableResult.java:52) - CallableResult for GetEdge
 INFO 2016-03-29 11:23:08,309 [pool-64-thread-2] (CallableResult.java:63) - Finished CallableResult in 4 ms.
 INFO 2016-03-29 11:23:08,313 [pool-64-thread-1] (CallableResult.java:63) - Finished CallableResult in 8 ms.
 INFO 2016-03-29 11:23:08,313 [main] (ParallelMetaProducerLessBlocking.java:193) - Global results retrieved in getEdges 8ms.
 INFO 2016-03-29 11:23:08,314 [main] (Eval.java:2158) - 
	Get EDGE in 10ms.  
	FOR EDGE{?departement igeo:nom ?nom}

 INFO 2016-03-29 11:23:08,314 [main] (ParallelMetaProducerLessBlocking.java:61) - Searching for edge : ?departement igeo:nom ?nom
 INFO 2016-03-29 11:23:08,314 [pool-65-thread-1] (CallableResult.java:52) - CallableResult for GetEdge
 INFO 2016-03-29 11:23:08,314 [pool-65-thread-2] (CallableResult.java:52) - CallableResult for GetEdge
 INFO 2016-03-29 11:23:08,318 [pool-65-thread-1] (CallableResult.java:63) - Finished CallableResult in 4 ms.
 INFO 2016-03-29 11:23:08,322 [pool-65-thread-2] (CallableResult.java:63) - Finished CallableResult in 8 ms.
 INFO 2016-03-29 11:23:08,323 [main] (ParallelMetaProducerLessBlocking.java:193) - Global results retrieved in getEdges 9ms.
 INFO 2016-03-29 11:23:08,323 [main] (Eval.java:2158) - 
	Get EDGE in 9ms.  
	FOR EDGE{?departement igeo:nom ?nom}

 INFO 2016-03-29 11:23:08,323 [main] (Eval.java:2158) - 
	Get EDGE in 26ms.  
	FOR EDGE{?region igeo:subdivisionDirecte ?departement}

 INFO 2016-03-29 11:23:08,323 [main] (ParallelMetaProducerLessBlocking.java:61) - Searching for edge : ?region igeo:subdivisionDirecte ?departement
 INFO 2016-03-29 11:23:08,323 [pool-66-thread-1] (CallableResult.java:52) - CallableResult for GetEdge
 INFO 2016-03-29 11:23:08,323 [pool-66-thread-2] (CallableResult.java:52) - CallableResult for GetEdge
 INFO 2016-03-29 11:23:08,328 [pool-66-thread-1] (CallableResult.java:63) - Finished CallableResult in 5 ms.
 INFO 2016-03-29 11:23:08,331 [pool-66-thread-2] (CallableResult.java:63) - Finished CallableResult in 8 ms.
 INFO 2016-03-29 11:23:08,331 [main] (ParallelMetaProducerLessBlocking.java:193) - Global results retrieved in getEdges 8ms.
 INFO 2016-03-29 11:23:08,331 [main] (ParallelMetaProducerLessBlocking.java:61) - Searching for edge : ?departement igeo:nom ?nom
 INFO 2016-03-29 11:23:08,331 [pool-67-thread-1] (CallableResult.java:52) - CallableResult for GetEdge
 INFO 2016-03-29 11:23:08,331 [pool-67-thread-2] (CallableResult.java:52) - CallableResult for GetEdge
 INFO 2016-03-29 11:23:08,337 [pool-67-thread-1] (CallableResult.java:63) - Finished CallableResult in 6 ms.
 INFO 2016-03-29 11:23:08,339 [pool-67-thread-2] (CallableResult.java:63) - Finished CallableResult in 8 ms.
 INFO 2016-03-29 11:23:08,339 [main] (ParallelMetaProducerLessBlocking.java:193) - Global results retrieved in getEdges 8ms.
 INFO 2016-03-29 11:23:08,339 [main] (Eval.java:2158) - 
	Get EDGE in 8ms.  
	FOR EDGE{?departement igeo:nom ?nom}

 INFO 2016-03-29 11:23:08,339 [main] (ParallelMetaProducerLessBlocking.java:61) - Searching for edge : ?departement igeo:nom ?nom
 INFO 2016-03-29 11:23:08,340 [pool-68-thread-1] (CallableResult.java:52) - CallableResult for GetEdge
 INFO 2016-03-29 11:23:08,340 [pool-68-thread-2] (CallableResult.java:52) - CallableResult for GetEdge
 INFO 2016-03-29 11:23:08,343 [pool-68-thread-2] (CallableResult.java:63) - Finished CallableResult in 3 ms.
 INFO 2016-03-29 11:23:08,346 [pool-68-thread-1] (CallableResult.java:63) - Finished CallableResult in 6 ms.
 INFO 2016-03-29 11:23:08,347 [main] (ParallelMetaProducerLessBlocking.java:193) - Global results retrieved in getEdges 7ms.
 INFO 2016-03-29 11:23:08,347 [main] (Eval.java:2158) - 
	Get EDGE in 8ms.  
	FOR EDGE{?departement igeo:nom ?nom}

 INFO 2016-03-29 11:23:08,347 [main] (Eval.java:2158) - 
	Get EDGE in 24ms.  
	FOR EDGE{?region igeo:subdivisionDirecte ?departement}

 INFO 2016-03-29 11:23:08,347 [main] (ParallelMetaProducerLessBlocking.java:61) - Searching for edge : ?region igeo:subdivisionDirecte ?departement
 INFO 2016-03-29 11:23:08,347 [pool-69-thread-1] (CallableResult.java:52) - CallableResult for GetEdge
 INFO 2016-03-29 11:23:08,348 [pool-69-thread-2] (CallableResult.java:52) - CallableResult for GetEdge
 INFO 2016-03-29 11:23:08,351 [pool-69-thread-1] (CallableResult.java:63) - Finished CallableResult in 4 ms.
 INFO 2016-03-29 11:23:08,353 [pool-69-thread-2] (CallableResult.java:63) - Finished CallableResult in 5 ms.
 INFO 2016-03-29 11:23:08,353 [main] (ParallelMetaProducerLessBlocking.java:193) - Global results retrieved in getEdges 6ms.
 INFO 2016-03-29 11:23:08,353 [main] (ParallelMetaProducerLessBlocking.java:61) - Searching for edge : ?departement igeo:nom ?nom
 INFO 2016-03-29 11:23:08,354 [pool-70-thread-1] (CallableResult.java:52) - CallableResult for GetEdge
 INFO 2016-03-29 11:23:08,354 [pool-70-thread-2] (CallableResult.java:52) - CallableResult for GetEdge
 INFO 2016-03-29 11:23:08,357 [pool-70-thread-2] (CallableResult.java:63) - Finished CallableResult in 3 ms.
 INFO 2016-03-29 11:23:08,360 [pool-70-thread-1] (CallableResult.java:63) - Finished CallableResult in 6 ms.
 INFO 2016-03-29 11:23:08,361 [main] (ParallelMetaProducerLessBlocking.java:193) - Global results retrieved in getEdges 7ms.
 INFO 2016-03-29 11:23:08,362 [main] (Eval.java:2158) - 
	Get EDGE in 9ms.  
	FOR EDGE{?departement igeo:nom ?nom}

 INFO 2016-03-29 11:23:08,362 [main] (Eval.java:2158) - 
	Get EDGE in 15ms.  
	FOR EDGE{?region igeo:subdivisionDirecte ?departement}

 INFO 2016-03-29 11:23:08,362 [main] (ParallelMetaProducerLessBlocking.java:61) - Searching for edge : ?region igeo:subdivisionDirecte ?departement
 INFO 2016-03-29 11:23:08,362 [pool-71-thread-1] (CallableResult.java:52) - CallableResult for GetEdge
 INFO 2016-03-29 11:23:08,362 [pool-71-thread-2] (CallableResult.java:52) - CallableResult for GetEdge
 INFO 2016-03-29 11:23:08,369 [pool-71-thread-1] (CallableResult.java:63) - Finished CallableResult in 7 ms.
 INFO 2016-03-29 11:23:08,370 [pool-71-thread-2] (CallableResult.java:63) - Finished CallableResult in 8 ms.
 INFO 2016-03-29 11:23:08,370 [main] (ParallelMetaProducerLessBlocking.java:193) - Global results retrieved in getEdges 8ms.
 INFO 2016-03-29 11:23:08,370 [main] (ParallelMetaProducerLessBlocking.java:61) - Searching for edge : ?departement igeo:nom ?nom
 INFO 2016-03-29 11:23:08,371 [pool-72-thread-1] (CallableResult.java:52) - CallableResult for GetEdge
 INFO 2016-03-29 11:23:08,371 [pool-72-thread-2] (CallableResult.java:52) - CallableResult for GetEdge
 INFO 2016-03-29 11:23:08,377 [pool-72-thread-1] (CallableResult.java:63) - Finished CallableResult in 6 ms.
 INFO 2016-03-29 11:23:08,379 [pool-72-thread-2] (CallableResult.java:63) - Finished CallableResult in 8 ms.
 INFO 2016-03-29 11:23:08,379 [main] (ParallelMetaProducerLessBlocking.java:193) - Global results retrieved in getEdges 8ms.
 INFO 2016-03-29 11:23:08,380 [main] (Eval.java:2158) - 
	Get EDGE in 10ms.  
	FOR EDGE{?departement igeo:nom ?nom}

 INFO 2016-03-29 11:23:08,380 [main] (Eval.java:2158) - 
	Get EDGE in 18ms.  
	FOR EDGE{?region igeo:subdivisionDirecte ?departement}

 INFO 2016-03-29 11:23:08,380 [main] (ParallelMetaProducerLessBlocking.java:61) - Searching for edge : ?region igeo:subdivisionDirecte ?departement
 INFO 2016-03-29 11:23:08,380 [pool-73-thread-1] (CallableResult.java:52) - CallableResult for GetEdge
 INFO 2016-03-29 11:23:08,380 [pool-73-thread-2] (CallableResult.java:52) - CallableResult for GetEdge
 INFO 2016-03-29 11:23:08,386 [pool-73-thread-2] (CallableResult.java:63) - Finished CallableResult in 6 ms.
 INFO 2016-03-29 11:23:08,387 [pool-73-thread-1] (CallableResult.java:63) - Finished CallableResult in 7 ms.
 INFO 2016-03-29 11:23:08,387 [main] (ParallelMetaProducerLessBlocking.java:193) - Global results retrieved in getEdges 7ms.
 INFO 2016-03-29 11:23:08,387 [main] (ParallelMetaProducerLessBlocking.java:61) - Searching for edge : ?departement igeo:nom ?nom
 INFO 2016-03-29 11:23:08,388 [pool-74-thread-1] (CallableResult.java:52) - CallableResult for GetEdge
 INFO 2016-03-29 11:23:08,388 [pool-74-thread-2] (CallableResult.java:52) - CallableResult for GetEdge
 INFO 2016-03-29 11:23:08,393 [pool-74-thread-1] (CallableResult.java:63) - Finished CallableResult in 5 ms.
 INFO 2016-03-29 11:23:08,415 [pool-74-thread-2] (CallableResult.java:63) - Finished CallableResult in 27 ms.
 INFO 2016-03-29 11:23:08,415 [main] (ParallelMetaProducerLessBlocking.java:193) - Global results retrieved in getEdges 28ms.
 INFO 2016-03-29 11:23:08,416 [main] (Eval.java:2158) - 
	Get EDGE in 29ms.  
	FOR EDGE{?departement igeo:nom ?nom}

 INFO 2016-03-29 11:23:08,416 [main] (Eval.java:2158) - 
	Get EDGE in 36ms.  
	FOR EDGE{?region igeo:subdivisionDirecte ?departement}

 INFO 2016-03-29 11:23:08,416 [main] (ParallelMetaProducerLessBlocking.java:61) - Searching for edge : ?region igeo:subdivisionDirecte ?departement
 INFO 2016-03-29 11:23:08,416 [pool-75-thread-1] (CallableResult.java:52) - CallableResult for GetEdge
 INFO 2016-03-29 11:23:08,416 [pool-75-thread-2] (CallableResult.java:52) - CallableResult for GetEdge
 INFO 2016-03-29 11:23:08,419 [pool-75-thread-1] (CallableResult.java:63) - Finished CallableResult in 3 ms.
 INFO 2016-03-29 11:23:08,421 [pool-75-thread-2] (CallableResult.java:63) - Finished CallableResult in 5 ms.
 INFO 2016-03-29 11:23:08,421 [main] (ParallelMetaProducerLessBlocking.java:193) - Global results retrieved in getEdges 5ms.
 INFO 2016-03-29 11:23:08,421 [main] (ParallelMetaProducerLessBlocking.java:61) - Searching for edge : ?departement igeo:nom ?nom
 INFO 2016-03-29 11:23:08,421 [pool-76-thread-1] (CallableResult.java:52) - CallableResult for GetEdge
 INFO 2016-03-29 11:23:08,421 [pool-76-thread-2] (CallableResult.java:52) - CallableResult for GetEdge
 INFO 2016-03-29 11:23:08,424 [pool-76-thread-2] (CallableResult.java:63) - Finished CallableResult in 3 ms.
 INFO 2016-03-29 11:23:08,425 [pool-76-thread-1] (CallableResult.java:63) - Finished CallableResult in 4 ms.
 INFO 2016-03-29 11:23:08,425 [main] (ParallelMetaProducerLessBlocking.java:193) - Global results retrieved in getEdges 4ms.
 INFO 2016-03-29 11:23:08,425 [main] (Eval.java:2158) - 
	Get EDGE in 4ms.  
	FOR EDGE{?departement igeo:nom ?nom}

 INFO 2016-03-29 11:23:08,426 [main] (Eval.java:2158) - 
	Get EDGE in 10ms.  
	FOR EDGE{?region igeo:subdivisionDirecte ?departement}

 INFO 2016-03-29 11:23:08,426 [main] (ParallelMetaProducerLessBlocking.java:61) - Searching for edge : ?region igeo:subdivisionDirecte ?departement
 INFO 2016-03-29 11:23:08,426 [pool-77-thread-1] (CallableResult.java:52) - CallableResult for GetEdge
 INFO 2016-03-29 11:23:08,426 [pool-77-thread-2] (CallableResult.java:52) - CallableResult for GetEdge
 INFO 2016-03-29 11:23:08,429 [pool-77-thread-1] (CallableResult.java:63) - Finished CallableResult in 3 ms.
 INFO 2016-03-29 11:23:08,430 [pool-77-thread-2] (CallableResult.java:63) - Finished CallableResult in 4 ms.
 INFO 2016-03-29 11:23:08,431 [main] (ParallelMetaProducerLessBlocking.java:193) - Global results retrieved in getEdges 5ms.
 INFO 2016-03-29 11:23:08,431 [main] (ParallelMetaProducerLessBlocking.java:61) - Searching for edge : ?departement igeo:nom ?nom
 INFO 2016-03-29 11:23:08,431 [pool-78-thread-1] (CallableResult.java:52) - CallableResult for GetEdge
 INFO 2016-03-29 11:23:08,431 [pool-78-thread-2] (CallableResult.java:52) - CallableResult for GetEdge
 INFO 2016-03-29 11:23:08,436 [pool-78-thread-2] (CallableResult.java:63) - Finished CallableResult in 5 ms.
 INFO 2016-03-29 11:23:08,437 [pool-78-thread-1] (CallableResult.java:63) - Finished CallableResult in 6 ms.
 INFO 2016-03-29 11:23:08,437 [main] (ParallelMetaProducerLessBlocking.java:193) - Global results retrieved in getEdges 6ms.
 INFO 2016-03-29 11:23:08,437 [main] (Eval.java:2158) - 
	Get EDGE in 6ms.  
	FOR EDGE{?departement igeo:nom ?nom}

 INFO 2016-03-29 11:23:08,437 [main] (Eval.java:2158) - 
	Get EDGE in 11ms.  
	FOR EDGE{?region igeo:subdivisionDirecte ?departement}

 INFO 2016-03-29 11:23:08,438 [main] (ParallelMetaProducerLessBlocking.java:61) - Searching for edge : ?region igeo:subdivisionDirecte ?departement
 INFO 2016-03-29 11:23:08,438 [pool-79-thread-1] (CallableResult.java:52) - CallableResult for GetEdge
 INFO 2016-03-29 11:23:08,438 [pool-79-thread-2] (CallableResult.java:52) - CallableResult for GetEdge
 INFO 2016-03-29 11:23:08,441 [pool-79-thread-1] (CallableResult.java:63) - Finished CallableResult in 3 ms.
 INFO 2016-03-29 11:23:08,444 [pool-79-thread-2] (CallableResult.java:63) - Finished CallableResult in 6 ms.
 INFO 2016-03-29 11:23:08,444 [main] (ParallelMetaProducerLessBlocking.java:193) - Global results retrieved in getEdges 6ms.
 INFO 2016-03-29 11:23:08,444 [main] (ParallelMetaProducerLessBlocking.java:61) - Searching for edge : ?departement igeo:nom ?nom
 INFO 2016-03-29 11:23:08,444 [pool-80-thread-1] (CallableResult.java:52) - CallableResult for GetEdge
 INFO 2016-03-29 11:23:08,444 [pool-80-thread-2] (CallableResult.java:52) - CallableResult for GetEdge
 INFO 2016-03-29 11:23:08,447 [pool-80-thread-2] (CallableResult.java:63) - Finished CallableResult in 3 ms.
 INFO 2016-03-29 11:23:08,448 [pool-80-thread-1] (CallableResult.java:63) - Finished CallableResult in 4 ms.
 INFO 2016-03-29 11:23:08,449 [main] (ParallelMetaProducerLessBlocking.java:193) - Global results retrieved in getEdges 5ms.
 INFO 2016-03-29 11:23:08,449 [main] (Eval.java:2158) - 
	Get EDGE in 5ms.  
	FOR EDGE{?departement igeo:nom ?nom}

 INFO 2016-03-29 11:23:08,449 [main] (ParallelMetaProducerLessBlocking.java:61) - Searching for edge : ?departement igeo:nom ?nom
 INFO 2016-03-29 11:23:08,449 [pool-81-thread-1] (CallableResult.java:52) - CallableResult for GetEdge
 INFO 2016-03-29 11:23:08,449 [pool-81-thread-2] (CallableResult.java:52) - CallableResult for GetEdge
 INFO 2016-03-29 11:23:08,453 [pool-81-thread-2] (CallableResult.java:63) - Finished CallableResult in 4 ms.
 INFO 2016-03-29 11:23:08,454 [pool-81-thread-1] (CallableResult.java:63) - Finished CallableResult in 5 ms.
 INFO 2016-03-29 11:23:08,454 [main] (ParallelMetaProducerLessBlocking.java:193) - Global results retrieved in getEdges 5ms.
 INFO 2016-03-29 11:23:08,454 [main] (Eval.java:2158) - 
	Get EDGE in 5ms.  
	FOR EDGE{?departement igeo:nom ?nom}

 INFO 2016-03-29 11:23:08,455 [main] (ParallelMetaProducerLessBlocking.java:61) - Searching for edge : ?departement igeo:nom ?nom
 INFO 2016-03-29 11:23:08,455 [pool-82-thread-1] (CallableResult.java:52) - CallableResult for GetEdge
 INFO 2016-03-29 11:23:08,455 [pool-82-thread-2] (CallableResult.java:52) - CallableResult for GetEdge
 INFO 2016-03-29 11:23:08,458 [pool-82-thread-2] (CallableResult.java:63) - Finished CallableResult in 3 ms.
 INFO 2016-03-29 11:23:08,460 [pool-82-thread-1] (CallableResult.java:63) - Finished CallableResult in 5 ms.
 INFO 2016-03-29 11:23:08,460 [main] (ParallelMetaProducerLessBlocking.java:193) - Global results retrieved in getEdges 5ms.
 INFO 2016-03-29 11:23:08,460 [main] (Eval.java:2158) - 
	Get EDGE in 5ms.  
	FOR EDGE{?departement igeo:nom ?nom}

 INFO 2016-03-29 11:23:08,460 [main] (Eval.java:2158) - 
	Get EDGE in 22ms.  
	FOR EDGE{?region igeo:subdivisionDirecte ?departement}

 INFO 2016-03-29 11:23:08,460 [main] (Eval.java:2158) - 
	Get EDGE in 1004ms.  
	FOR EDGE{?region igeo:codeRegion ?v}

 INFO 2016-03-29 11:23:08,461 [main] (ProviderImplCostMonitoring.java:229) - ** Provider: 
prefix idemo: <http://rdf.insee.fr/def/demo#>
prefix igeo: <http://rdf.insee.fr/def/geo#>
select * 
where
{?departement idemo:population ?popLeg . 
?popLeg idemo:populationTotale ?popTotale . 
filter ((((((((((((((((((((?departement = <http://id.insee.fr/geo/departement/51>) || (?departement = <http://id.insee.fr/geo/departement/10>)) || (?departement = <http://id.insee.fr/geo/departement/52>)) || (?departement = <http://id.insee.fr/geo/departement/38>)) || (?departement = <http://id.insee.fr/geo/departement/74>)) || (?departement = <http://id.insee.fr/geo/departement/42>)) || (?departement = <http://id.insee.fr/geo/departement/26>)) || (?departement = <http://id.insee.fr/geo/departement/73>)) || (?departement = <http://id.insee.fr/geo/departement/69>)) || (?departement = <http://id.insee.fr/geo/departement/13>)) || (?departement = <http://id.insee.fr/geo/departement/976>)) || (?departement = <http://id.insee.fr/geo/departement/90>)) || (?departement = <http://id.insee.fr/geo/departement/39>)) || (?departement = <http://id.insee.fr/geo/departement/25>)) || (?departement = <http://id.insee.fr/geo/departement/54>)) || (?departement = <http://id.insee.fr/geo/departement/12>)) || (?departement = <http://id.insee.fr/geo/departement/65>)) || (?departement = <http://id.insee.fr/geo/departement/23>)) || (?departement = <http://id.insee.fr/geo/departement/78>)) || (?departement = <http://id.insee.fr/geo/departement/75>)) }


 INFO 2016-03-29 11:23:08,552 [main] (ProviderImplCostMonitoring.java:229) - ** Provider: 
prefix idemo: <http://rdf.insee.fr/def/demo#>
prefix igeo: <http://rdf.insee.fr/def/geo#>
select * 
where
{?departement idemo:population ?popLeg . 
?popLeg idemo:populationTotale ?popTotale . 
filter ((((((((((((((((((((?departement = <http://id.insee.fr/geo/departement/77>) || (?departement = <http://id.insee.fr/geo/departement/91>)) || (?departement = <http://id.insee.fr/geo/departement/64>)) || (?departement = <http://id.insee.fr/geo/departement/24>)) || (?departement = <http://id.insee.fr/geo/departement/33>)) || (?departement = <http://id.insee.fr/geo/departement/21>)) || (?departement = <http://id.insee.fr/geo/departement/71>)) || (?departement = <http://id.insee.fr/geo/departement/14>)) || (?departement = <http://id.insee.fr/geo/departement/50>)) || (?departement = <http://id.insee.fr/geo/departement/61>)) || (?departement = <http://id.insee.fr/geo/departement/36>)) || (?departement = <http://id.insee.fr/geo/departement/37>)) || (?departement = <http://id.insee.fr/geo/departement/28>)) || (?departement = <http://id.insee.fr/geo/departement/27>)) || (?departement = <http://id.insee.fr/geo/departement/76>)) || (?departement = <http://id.insee.fr/geo/departement/79>)) || (?departement = <http://id.insee.fr/geo/departement/17>)) || (?departement = <http://id.insee.fr/geo/departement/16>)) || (?departement = <http://id.insee.fr/geo/departement/29>)) || (?departement = <http://id.insee.fr/geo/departement/35>)) }


 INFO 2016-03-29 11:23:08,624 [main] (ProviderImplCostMonitoring.java:229) - ** Provider: 
prefix idemo: <http://rdf.insee.fr/def/demo#>
prefix igeo: <http://rdf.insee.fr/def/geo#>
select * 
where
{?departement idemo:population ?popLeg . 
?popLeg idemo:populationTotale ?popTotale . 
filter ((((((((((((((?departement = <http://id.insee.fr/geo/departement/22>) || (?departement = <http://id.insee.fr/geo/departement/60>)) || (?departement = <http://id.insee.fr/geo/departement/72>)) || (?departement = <http://id.insee.fr/geo/departement/53>)) || (?departement = <http://id.insee.fr/geo/departement/15>)) || (?departement = <http://id.insee.fr/geo/departement/63>)) || (?departement = <http://id.insee.fr/geo/departement/974>)) || (?departement = <http://id.insee.fr/geo/departement/973>)) || (?departement = <http://id.insee.fr/geo/departement/972>)) || (?departement = <http://id.insee.fr/geo/departement/971>)) || (?departement = <http://id.insee.fr/geo/departement/2A>)) || (?departement = <http://id.insee.fr/geo/departement/66>)) || (?departement = <http://id.insee.fr/geo/departement/11>)) || (?departement = <http://id.insee.fr/geo/departement/34>)) }


 INFO 2016-03-29 11:23:08,684 [main] (Eval.java:1706) - 
	SERVICE in 224ms.  
	FOR [AND{EDGE{?departement idemo:population ?popLeg} EDGE{?popLeg idemo:populationTotale ?popTotale} }]

 INFO 2016-03-29 11:23:08,687 [main] (TestDQP.java:205) - 53 results in 1419 ms
 INFO 2016-03-29 11:23:08,688 [main] (TestDQP.java:206) - 
01 ?nom = "Creuse"; ?popTotale = 125714; 
02 ?nom = "Territoire de Belfort"; ?popTotale = 147777; 
03 ?nom = "Corse-du-Sud"; ?popTotale = 151621; 
04 ?nom = "Cantal"; ?popTotale = 152797; 
05 ?nom = "Haute-Marne"; ?popTotale = 188083; 
06 ?nom = "Indre"; ?popTotale = 235181; 
07 ?nom = "Hautes-Pyrnes"; ?popTotale = 236728; 
08 ?nom = "Guyane"; ?popTotale = 246507; 
09 ?nom = "Jura"; ?popTotale = 270914; 
10 ?nom = "Aveyron"; ?popTotale = 289257; 
11 ?nom = "Orne"; ?popTotale = 298248; 
12 ?nom = "Aube"; ?popTotale = 314825; 
13 ?nom = "Mayenne"; ?popTotale = 318095; 
14 ?nom = "Charente"; ?popTotale = 366587; 
15 ?nom = "Aude"; ?popTotale = 374868; 
16 ?nom = "Deux-Svres"; ?popTotale = 383079; 
17 ?nom = "Martinique"; ?popTotale = 391837; 
18 ?nom = "Guadeloupe"; ?popTotale = 409055; 
19 ?nom = "Dordogne"; ?popTotale = 429579; 
20 ?nom = "Savoie"; ?popTotale = 437915; 
21 ?nom = "Eure-et-Loir"; ?popTotale = 444385; 
22 ?nom = "Pyrnes-Orientales"; ?popTotale = 471573; 
23 ?nom = "Drme"; ?popTotale = 509444; 
24 ?nom = "Manche"; ?popTotale = 518364; 
25 ?nom = "Cte-d\'Or"; ?popTotale = 543648; 
26 ?nom = "Doubs"; ?popTotale = 548026; 
27 ?nom = "Sane-et-Loire"; ?popTotale = 575097; 
28 ?nom = "Marne"; ?popTotale = 583691; 
29 ?nom = "Sarthe"; ?popTotale = 584865; 
30 ?nom = "Eure"; ?popTotale = 612518; 
31 ?nom = "Indre-et-Loire"; ?popTotale = 615557; 
32 ?nom = "Ctes-d\'Armor"; ?popTotale = 617565; 
33 ?nom = "Charente-Maritime"; ?popTotale = 652610; 
34 ?nom = "Puy-de-Dme"; ?popTotale = 658489; 
35 ?nom = "Pyrnes-Atlantiques"; ?popTotale = 685564; 
36 ?nom = "Calvados"; ?popTotale = 706635; 
37 ?nom = "Meurthe-et-Moselle"; ?popTotale = 745398; 
38 ?nom = "Loire"; ?popTotale = 774144; 
39 ?nom = "Haute-Savoie"; ?popTotale = 793342; 
40 ?nom = "Oise"; ?popTotale = 835918; 
41 ?nom = "La Runion"; ?popTotale = 844741; 
42 ?nom = "Finistre"; ?popTotale = 934625; 
43 ?nom = "Ille-et-Vilaine"; ?popTotale = 1047873; 
44 ?nom = "Hrault"; ?popTotale = 1111881; 
45 ?nom = "Isre"; ?popTotale = 1263850; 
46 ?nom = "Essonne"; ?popTotale = 1273233; 
47 ?nom = "Seine-Maritime"; ?popTotale = 1280410; 
48 ?nom = "Seine-et-Marne"; ?popTotale = 1387830; 
49 ?nom = "Yvelines"; ?popTotale = 1446301; 
50 ?nom = "Gironde"; ?popTotale = 1536448; 
51 ?nom = "Rhne"; ?popTotale = 1812196; 
52 ?nom = "Bouches-du-Rhne"; ?popTotale = 2022604; 
53 ?nom = "Paris"; ?popTotale = 2254262; 

 INFO 2016-03-29 11:23:08,689 [main] (TestDQP.java:207) - Remote queries
 INFO 2016-03-29 11:23:08,689 [main] (TestDQP.java:208) - =========
	?region igeo:subdivisionDirecte ?departement
	50
--
	prefix idemo: <http://rdf.insee.fr/def/demo#> prefix igeo: <http://rdf.insee.fr/def/geo#> select *  where {?departement idemo:population ?popLeg .  ?popLeg idemo:populationTotale ?popTotale .  filter ((((((((((((((((((((?departement = <http://id.insee.fr/geo/departement/51>) || (?departement = <http://id.insee.fr/geo/departement/10>)) || (?departement = <http://id.insee.fr/geo/departement/52>)) || (?departement = <http://id.insee.fr/geo/departement/38>)) || (?departement = <http://id.insee.fr/geo/departement/74>)) || (?departement = <http://id.insee.fr/geo/departement/42>)) || (?departement = <http://id.insee.fr/geo/departement/26>)) || (?departement = <http://id.insee.fr/geo/departement/73>)) || (?departement = <http://id.insee.fr/geo/departement/69>)) || (?departement = <http://id.insee.fr/geo/departement/13>)) || (?departement = <http://id.insee.fr/geo/departement/976>)) || (?departement = <http://id.insee.fr/geo/departement/90>)) || (?departement = <http://id.insee.fr/geo/departement/39>)) || (?departement = <http://id.insee.fr/geo/departement/25>)) || (?departement = <http://id.insee.fr/geo/departement/54>)) || (?departement = <http://id.insee.fr/geo/departement/12>)) || (?departement = <http://id.insee.fr/geo/departement/65>)) || (?departement = <http://id.insee.fr/geo/departement/23>)) || (?departement = <http://id.insee.fr/geo/departement/78>)) || (?departement = <http://id.insee.fr/geo/departement/75>)) }  
	1
--
	?region igeo:codeRegion ?v
	3
--
	prefix idemo: <http://rdf.insee.fr/def/demo#> prefix igeo: <http://rdf.insee.fr/def/geo#> select *  where {?departement idemo:population ?popLeg .  ?popLeg idemo:populationTotale ?popTotale .  filter ((((((((((((((?departement = <http://id.insee.fr/geo/departement/22>) || (?departement = <http://id.insee.fr/geo/departement/60>)) || (?departement = <http://id.insee.fr/geo/departement/72>)) || (?departement = <http://id.insee.fr/geo/departement/53>)) || (?departement = <http://id.insee.fr/geo/departement/15>)) || (?departement = <http://id.insee.fr/geo/departement/63>)) || (?departement = <http://id.insee.fr/geo/departement/974>)) || (?departement = <http://id.insee.fr/geo/departement/973>)) || (?departement = <http://id.insee.fr/geo/departement/972>)) || (?departement = <http://id.insee.fr/geo/departement/971>)) || (?departement = <http://id.insee.fr/geo/departement/2A>)) || (?departement = <http://id.insee.fr/geo/departement/66>)) || (?departement = <http://id.insee.fr/geo/departement/11>)) || (?departement = <http://id.insee.fr/geo/departement/34>)) }  
	1
--
	?departement igeo:nom ?nom
	112
--
	prefix idemo: <http://rdf.insee.fr/def/demo#> prefix igeo: <http://rdf.insee.fr/def/geo#> select *  where {?departement idemo:population ?popLeg .  ?popLeg idemo:populationTotale ?popTotale .  filter ((((((((((((((((((((?departement = <http://id.insee.fr/geo/departement/77>) || (?departement = <http://id.insee.fr/geo/departement/91>)) || (?departement = <http://id.insee.fr/geo/departement/64>)) || (?departement = <http://id.insee.fr/geo/departement/24>)) || (?departement = <http://id.insee.fr/geo/departement/33>)) || (?departement = <http://id.insee.fr/geo/departement/21>)) || (?departement = <http://id.insee.fr/geo/departement/71>)) || (?departement = <http://id.insee.fr/geo/departement/14>)) || (?departement = <http://id.insee.fr/geo/departement/50>)) || (?departement = <http://id.insee.fr/geo/departement/61>)) || (?departement = <http://id.insee.fr/geo/departement/36>)) || (?departement = <http://id.insee.fr/geo/departement/37>)) || (?departement = <http://id.insee.fr/geo/departement/28>)) || (?departement = <http://id.insee.fr/geo/departement/27>)) || (?departement = <http://id.insee.fr/geo/departement/76>)) || (?departement = <http://id.insee.fr/geo/departement/79>)) || (?departement = <http://id.insee.fr/geo/departement/17>)) || (?departement = <http://id.insee.fr/geo/departement/16>)) || (?departement = <http://id.insee.fr/geo/departement/29>)) || (?departement = <http://id.insee.fr/geo/departement/35>)) }  
	1
--
	>====  Sum = 168  =====

 INFO 2016-03-29 11:23:08,689 [main] (TestDQP.java:209) - Transferred results per query
 INFO 2016-03-29 11:23:08,689 [main] (TestDQP.java:210) - =========
	?region igeo:subdivisionDirecte ?departement
	56
--
	prefix idemo: <http://rdf.insee.fr/def/demo#> prefix igeo: <http://rdf.insee.fr/def/geo#> select *  where {?departement idemo:population ?popLeg .  ?popLeg idemo:populationTotale ?popTotale .  filter ((((((((((((((((((((?departement = <http://id.insee.fr/geo/departement/51>) || (?departement = <http://id.insee.fr/geo/departement/10>)) || (?departement = <http://id.insee.fr/geo/departement/52>)) || (?departement = <http://id.insee.fr/geo/departement/38>)) || (?departement = <http://id.insee.fr/geo/departement/74>)) || (?departement = <http://id.insee.fr/geo/departement/42>)) || (?departement = <http://id.insee.fr/geo/departement/26>)) || (?departement = <http://id.insee.fr/geo/departement/73>)) || (?departement = <http://id.insee.fr/geo/departement/69>)) || (?departement = <http://id.insee.fr/geo/departement/13>)) || (?departement = <http://id.insee.fr/geo/departement/976>)) || (?departement = <http://id.insee.fr/geo/departement/90>)) || (?departement = <http://id.insee.fr/geo/departement/39>)) || (?departement = <http://id.insee.fr/geo/departement/25>)) || (?departement = <http://id.insee.fr/geo/departement/54>)) || (?departement = <http://id.insee.fr/geo/departement/12>)) || (?departement = <http://id.insee.fr/geo/departement/65>)) || (?departement = <http://id.insee.fr/geo/departement/23>)) || (?departement = <http://id.insee.fr/geo/departement/78>)) || (?departement = <http://id.insee.fr/geo/departement/75>)) }  
	19
--
	?region igeo:codeRegion ?v
	51
--
	prefix idemo: <http://rdf.insee.fr/def/demo#> prefix igeo: <http://rdf.insee.fr/def/geo#> select *  where {?departement idemo:population ?popLeg .  ?popLeg idemo:populationTotale ?popTotale .  filter ((((((((((((((?departement = <http://id.insee.fr/geo/departement/22>) || (?departement = <http://id.insee.fr/geo/departement/60>)) || (?departement = <http://id.insee.fr/geo/departement/72>)) || (?departement = <http://id.insee.fr/geo/departement/53>)) || (?departement = <http://id.insee.fr/geo/departement/15>)) || (?departement = <http://id.insee.fr/geo/departement/63>)) || (?departement = <http://id.insee.fr/geo/departement/974>)) || (?departement = <http://id.insee.fr/geo/departement/973>)) || (?departement = <http://id.insee.fr/geo/departement/972>)) || (?departement = <http://id.insee.fr/geo/departement/971>)) || (?departement = <http://id.insee.fr/geo/departement/2A>)) || (?departement = <http://id.insee.fr/geo/departement/66>)) || (?departement = <http://id.insee.fr/geo/departement/11>)) || (?departement = <http://id.insee.fr/geo/departement/34>)) }  
	14
--
	?departement igeo:nom ?nom
	54
--
	prefix idemo: <http://rdf.insee.fr/def/demo#> prefix igeo: <http://rdf.insee.fr/def/geo#> select *  where {?departement idemo:population ?popLeg .  ?popLeg idemo:populationTotale ?popTotale .  filter ((((((((((((((((((((?departement = <http://id.insee.fr/geo/departement/77>) || (?departement = <http://id.insee.fr/geo/departement/91>)) || (?departement = <http://id.insee.fr/geo/departement/64>)) || (?departement = <http://id.insee.fr/geo/departement/24>)) || (?departement = <http://id.insee.fr/geo/departement/33>)) || (?departement = <http://id.insee.fr/geo/departement/21>)) || (?departement = <http://id.insee.fr/geo/departement/71>)) || (?departement = <http://id.insee.fr/geo/departement/14>)) || (?departement = <http://id.insee.fr/geo/departement/50>)) || (?departement = <http://id.insee.fr/geo/departement/61>)) || (?departement = <http://id.insee.fr/geo/departement/36>)) || (?departement = <http://id.insee.fr/geo/departement/37>)) || (?departement = <http://id.insee.fr/geo/departement/28>)) || (?departement = <http://id.insee.fr/geo/departement/27>)) || (?departement = <http://id.insee.fr/geo/departement/76>)) || (?departement = <http://id.insee.fr/geo/departement/79>)) || (?departement = <http://id.insee.fr/geo/departement/17>)) || (?departement = <http://id.insee.fr/geo/departement/16>)) || (?departement = <http://id.insee.fr/geo/departement/29>)) || (?departement = <http://id.insee.fr/geo/departement/35>)) }  
	20
--
	>====  Sum = 214  =====

 INFO 2016-03-29 11:23:08,689 [main] (TestDQP.java:211) - Remote queries per data source
 INFO 2016-03-29 11:23:08,689 [main] (TestDQP.java:212) - =========
	http://localhost:8085/sparql
	26
--
	http://localhost:8088/sparql
	3
--
	http://localhost:8086/sparql
	82
--
	http://localhost:8087/sparql
	57
--
	>====  Sum = 168  =====

 INFO 2016-03-29 11:23:08,690 [main] (TestDQP.java:213) - Transferred results per source
 INFO 2016-03-29 11:23:08,690 [main] (TestDQP.java:214) - =========
	http://localhost:8085/sparql
	22
--
	http://localhost:8088/sparql
	53
--
	http://localhost:8086/sparql
	102
--
	http://localhost:8087/sparql
	37
--
	>====  Sum = 214  =====

