 INFO 2016-04-01 14:07:08,023 [main] (ServiceGrouper.java:84) - Building indices for 
 INFO 2016-04-01 14:07:08,026 [main] (ServiceGrouper.java:85) - {?region igeo:codeRegion ?v . 
?region igeo:subdivisionDirecte ?departement . 
?departement igeo:nom ?nom . 
?departement idemo:population ?popLeg . 
?popLeg idemo:populationTotale ?popTotale . }
 INFO 2016-04-01 14:07:08,243 [main] (ServiceGrouper.java:559) - Edge index
 INFO 2016-04-01 14:07:08,244 [main] (ServiceGrouper.java:575) - Source index
 INFO 2016-04-01 14:07:08,245 [main] (ServiceGrouper.java:259) - Found consecutive triple patterns into {?region igeo:codeRegion ?v . 
?region igeo:subdivisionDirecte ?departement . 
?departement igeo:nom ?nom . 
?departement idemo:population ?popLeg . 
?popLeg idemo:populationTotale ?popTotale . }
 INFO 2016-04-01 14:07:08,246 [main] (ServiceGrouper.java:426) - Processing
[?region igeo:codeRegion ?v . , ?region igeo:subdivisionDirecte ?departement . , ?departement igeo:nom ?nom . , ?departement idemo:population ?popLeg . , ?popLeg idemo:populationTotale ?popTotale . ]
 WARN 2016-04-01 14:07:08,246 [main] (ServiceGrouper.java:446) - Triple pattern ?region igeo:codeRegion ?v .  appears in more than one data source, excluded from SERVICE.
 WARN 2016-04-01 14:07:08,246 [main] (ServiceGrouper.java:446) - Triple pattern ?region igeo:subdivisionDirecte ?departement .  appears in more than one data source, excluded from SERVICE.
 WARN 2016-04-01 14:07:08,247 [main] (ServiceGrouper.java:446) - Triple pattern ?region igeo:subdivisionDirecte ?departement .  appears in more than one data source, excluded from SERVICE.
 WARN 2016-04-01 14:07:08,247 [main] (ServiceGrouper.java:446) - Triple pattern ?departement igeo:nom ?nom .  appears in more than one data source, excluded from SERVICE.
 WARN 2016-04-01 14:07:08,248 [main] (ServiceGrouper.java:446) - Triple pattern ?region igeo:codeRegion ?v .  appears in more than one data source, excluded from SERVICE.
 WARN 2016-04-01 14:07:08,248 [main] (ServiceGrouper.java:446) - Triple pattern ?departement igeo:nom ?nom .  appears in more than one data source, excluded from SERVICE.
 INFO 2016-04-01 14:07:08,248 [main] (ServiceGrouper.java:271) - Ranking : 
 INFO 2016-04-01 14:07:08,248 [main] (ServiceGrouper.java:272) - {?region igeo:codeRegion ?v . 
?region igeo:subdivisionDirecte ?departement . 
service <http://localhost:8088/sparql> {?departement idemo:population ?popLeg . 
?popLeg idemo:populationTotale ?popTotale . }
?departement igeo:nom ?nom . }
 INFO 2016-04-01 14:07:08,248 [main] (ServiceGrouper.java:277) - 2 free variables for ?region igeo:codeRegion ?v . 
 INFO 2016-04-01 14:07:08,249 [main] (ServiceGrouper.java:277) - 2 free variables for ?region igeo:subdivisionDirecte ?departement . 
 INFO 2016-04-01 14:07:08,249 [main] (ServiceGrouper.java:277) - 3 free variables for service <http://localhost:8088/sparql> {?departement idemo:population ?popLeg . 
?popLeg idemo:populationTotale ?popTotale . }
 INFO 2016-04-01 14:07:08,249 [main] (ServiceGrouper.java:277) - 2 free variables for ?departement igeo:nom ?nom . 
 INFO 2016-04-01 14:07:08,249 [main] (ServiceGrouper.java:286) - Sorting services possibly with the same score
 WARN 2016-04-01 14:07:08,250 [main] (ServiceGrouper.java:353) - Searching for ?region igeo:codeRegion ?v .  in [?region igeo:codeRegion ?v . , ?region igeo:subdivisionDirecte ?departement . , ?departement igeo:nom ?nom . , ?departement idemo:population ?popLeg . , ?popLeg idemo:populationTotale ?popTotale . ]
 WARN 2016-04-01 14:07:08,250 [main] (ServiceGrouper.java:353) - Searching for ?departement igeo:nom ?nom .  in [?region igeo:codeRegion ?v . , ?region igeo:subdivisionDirecte ?departement . , ?departement igeo:nom ?nom . , ?departement idemo:population ?popLeg . , ?popLeg idemo:populationTotale ?popTotale . ]
 INFO 2016-04-01 14:07:08,250 [main] (ServiceGrouper.java:328) - Comparing : ?region igeo:codeRegion ?v .  with ?departement igeo:nom ?nom . 
 WARN 2016-04-01 14:07:08,251 [main] (ServiceGrouper.java:353) - Searching for ?region igeo:subdivisionDirecte ?departement .  in [?region igeo:codeRegion ?v . , ?region igeo:subdivisionDirecte ?departement . , ?departement igeo:nom ?nom . , ?departement idemo:population ?popLeg . , ?popLeg idemo:populationTotale ?popTotale . ]
 WARN 2016-04-01 14:07:08,251 [main] (ServiceGrouper.java:353) - Searching for ?region igeo:codeRegion ?v .  in [?region igeo:codeRegion ?v . , ?region igeo:subdivisionDirecte ?departement . , ?departement igeo:nom ?nom . , ?departement idemo:population ?popLeg . , ?popLeg idemo:populationTotale ?popTotale . ]
 INFO 2016-04-01 14:07:08,251 [main] (ServiceGrouper.java:328) - Comparing : ?region igeo:subdivisionDirecte ?departement .  with ?region igeo:codeRegion ?v . 
 WARN 2016-04-01 14:07:08,251 [main] (ServiceGrouper.java:353) - Searching for ?region igeo:subdivisionDirecte ?departement .  in [?region igeo:codeRegion ?v . , ?region igeo:subdivisionDirecte ?departement . , ?departement igeo:nom ?nom . , ?departement idemo:population ?popLeg . , ?popLeg idemo:populationTotale ?popTotale . ]
 WARN 2016-04-01 14:07:08,252 [main] (ServiceGrouper.java:353) - Searching for ?departement igeo:nom ?nom .  in [?region igeo:codeRegion ?v . , ?region igeo:subdivisionDirecte ?departement . , ?departement igeo:nom ?nom . , ?departement idemo:population ?popLeg . , ?popLeg idemo:populationTotale ?popTotale . ]
 INFO 2016-04-01 14:07:08,252 [main] (ServiceGrouper.java:328) - Comparing : ?region igeo:subdivisionDirecte ?departement .  with ?departement igeo:nom ?nom . 
 WARN 2016-04-01 14:07:08,252 [main] (ServiceGrouper.java:353) - Searching for ?region igeo:subdivisionDirecte ?departement .  in [?region igeo:codeRegion ?v . , ?region igeo:subdivisionDirecte ?departement . , ?departement igeo:nom ?nom . , ?departement idemo:population ?popLeg . , ?popLeg idemo:populationTotale ?popTotale . ]
 WARN 2016-04-01 14:07:08,252 [main] (ServiceGrouper.java:353) - Searching for ?region igeo:codeRegion ?v .  in [?region igeo:codeRegion ?v . , ?region igeo:subdivisionDirecte ?departement . , ?departement igeo:nom ?nom . , ?departement idemo:population ?popLeg . , ?popLeg idemo:populationTotale ?popTotale . ]
 INFO 2016-04-01 14:07:08,252 [main] (ServiceGrouper.java:328) - Comparing : ?region igeo:subdivisionDirecte ?departement .  with ?region igeo:codeRegion ?v . 
 INFO 2016-04-01 14:07:08,253 [main] (ServiceGrouper.java:340) - {?region igeo:codeRegion ?v . 
?region igeo:subdivisionDirecte ?departement . 
?departement igeo:nom ?nom . 
service <http://localhost:8088/sparql> {?departement idemo:population ?popLeg . 
?popLeg idemo:populationTotale ?popTotale . }}
 INFO 2016-04-01 14:07:08,253 [main] (ServiceGrouper.java:118) - Final rewritten query
 INFO 2016-04-01 14:07:08,253 [main] (ServiceGrouper.java:119) - prefix idemo: <http://rdf.insee.fr/def/demo#>
prefix igeo: <http://rdf.insee.fr/def/geo#>
select ?nom ?popTotale 
where
{?region igeo:codeRegion ?v . 
?region igeo:subdivisionDirecte ?departement . 
?departement igeo:nom ?nom . 
service <http://localhost:8088/sparql> {?departement idemo:population ?popLeg . 
?popLeg idemo:populationTotale ?popTotale . }}
order by ?popTotale 


 INFO 2016-04-01 14:07:08,269 [main] (ParallelMetaProducerLessBlocking.java:61) - Searching for edge : ?region igeo:codeRegion ?v
 INFO 2016-04-01 14:07:08,272 [pool-1-thread-2] (CallableResult.java:52) - CallableResult for GetEdge
 INFO 2016-04-01 14:07:08,272 [pool-1-thread-1] (CallableResult.java:52) - CallableResult for GetEdge
 INFO 2016-04-01 14:07:08,415 [pool-1-thread-1] (CallableResult.java:63) - Finished CallableResult in 144 ms.
 INFO 2016-04-01 14:07:08,491 [pool-1-thread-2] (CallableResult.java:63) - Finished CallableResult in 220 ms.
 INFO 2016-04-01 14:07:08,504 [main] (ParallelMetaProducerLessBlocking.java:193) - Global results retrieved in getEdges 233ms.
 INFO 2016-04-01 14:07:08,506 [main] (ParallelMetaProducerLessBlocking.java:61) - Searching for edge : ?region igeo:subdivisionDirecte ?departement
 INFO 2016-04-01 14:07:08,506 [pool-2-thread-1] (CallableResult.java:52) - CallableResult for GetEdge
 INFO 2016-04-01 14:07:08,506 [pool-2-thread-2] (CallableResult.java:52) - CallableResult for GetEdge
 INFO 2016-04-01 14:07:08,526 [pool-2-thread-2] (CallableResult.java:63) - Finished CallableResult in 20 ms.
 INFO 2016-04-01 14:07:08,529 [pool-2-thread-1] (CallableResult.java:63) - Finished CallableResult in 23 ms.
 INFO 2016-04-01 14:07:08,529 [main] (ParallelMetaProducerLessBlocking.java:193) - Global results retrieved in getEdges 23ms.
 INFO 2016-04-01 14:07:08,529 [main] (ParallelMetaProducerLessBlocking.java:61) - Searching for edge : ?departement igeo:nom ?nom
 INFO 2016-04-01 14:07:08,530 [pool-3-thread-1] (CallableResult.java:52) - CallableResult for GetEdge
 INFO 2016-04-01 14:07:08,530 [pool-3-thread-2] (CallableResult.java:52) - CallableResult for GetEdge
 INFO 2016-04-01 14:07:08,542 [pool-3-thread-1] (CallableResult.java:63) - Finished CallableResult in 12 ms.
 INFO 2016-04-01 14:07:08,545 [pool-3-thread-2] (CallableResult.java:63) - Finished CallableResult in 15 ms.
 INFO 2016-04-01 14:07:08,546 [main] (ParallelMetaProducerLessBlocking.java:193) - Global results retrieved in getEdges 16ms.
 INFO 2016-04-01 14:07:08,546 [main] (Eval.java:2158) - 
	Get EDGE in 17ms.  
	FOR EDGE{?departement igeo:nom ?nom}

 INFO 2016-04-01 14:07:08,547 [main] (ParallelMetaProducerLessBlocking.java:61) - Searching for edge : ?departement igeo:nom ?nom
 INFO 2016-04-01 14:07:08,547 [pool-4-thread-1] (CallableResult.java:52) - CallableResult for GetEdge
 INFO 2016-04-01 14:07:08,547 [pool-4-thread-2] (CallableResult.java:52) - CallableResult for GetEdge
 INFO 2016-04-01 14:07:08,554 [pool-4-thread-2] (CallableResult.java:63) - Finished CallableResult in 7 ms.
 INFO 2016-04-01 14:07:08,556 [pool-4-thread-1] (CallableResult.java:63) - Finished CallableResult in 9 ms.
 INFO 2016-04-01 14:07:08,557 [main] (ParallelMetaProducerLessBlocking.java:193) - Global results retrieved in getEdges 10ms.
 INFO 2016-04-01 14:07:08,557 [main] (Eval.java:2158) - 
	Get EDGE in 10ms.  
	FOR EDGE{?departement igeo:nom ?nom}

 INFO 2016-04-01 14:07:08,557 [main] (ParallelMetaProducerLessBlocking.java:61) - Searching for edge : ?departement igeo:nom ?nom
 INFO 2016-04-01 14:07:08,558 [pool-5-thread-1] (CallableResult.java:52) - CallableResult for GetEdge
 INFO 2016-04-01 14:07:08,558 [pool-5-thread-2] (CallableResult.java:52) - CallableResult for GetEdge
 INFO 2016-04-01 14:07:08,564 [pool-5-thread-1] (CallableResult.java:63) - Finished CallableResult in 6 ms.
 INFO 2016-04-01 14:07:08,566 [pool-5-thread-2] (CallableResult.java:63) - Finished CallableResult in 8 ms.
 INFO 2016-04-01 14:07:08,567 [main] (ParallelMetaProducerLessBlocking.java:193) - Global results retrieved in getEdges 9ms.
 INFO 2016-04-01 14:07:08,567 [main] (Eval.java:2158) - 
	Get EDGE in 10ms.  
	FOR EDGE{?departement igeo:nom ?nom}

 INFO 2016-04-01 14:07:08,567 [main] (Eval.java:2158) - 
	Get EDGE in 61ms.  
	FOR EDGE{?region igeo:subdivisionDirecte ?departement}

 INFO 2016-04-01 14:07:08,567 [main] (ParallelMetaProducerLessBlocking.java:61) - Searching for edge : ?region igeo:subdivisionDirecte ?departement
 INFO 2016-04-01 14:07:08,579 [pool-6-thread-1] (CallableResult.java:52) - CallableResult for GetEdge
 INFO 2016-04-01 14:07:08,579 [pool-6-thread-2] (CallableResult.java:52) - CallableResult for GetEdge
 INFO 2016-04-01 14:07:08,585 [pool-6-thread-2] (CallableResult.java:63) - Finished CallableResult in 6 ms.
 INFO 2016-04-01 14:07:08,600 [pool-6-thread-1] (CallableResult.java:63) - Finished CallableResult in 21 ms.
 INFO 2016-04-01 14:07:08,601 [main] (ParallelMetaProducerLessBlocking.java:193) - Global results retrieved in getEdges 22ms.
 INFO 2016-04-01 14:07:08,601 [main] (ParallelMetaProducerLessBlocking.java:61) - Searching for edge : ?departement igeo:nom ?nom
 INFO 2016-04-01 14:07:08,601 [pool-7-thread-2] (CallableResult.java:52) - CallableResult for GetEdge
 INFO 2016-04-01 14:07:08,601 [pool-7-thread-1] (CallableResult.java:52) - CallableResult for GetEdge
 INFO 2016-04-01 14:07:08,607 [pool-7-thread-2] (CallableResult.java:63) - Finished CallableResult in 6 ms.
 INFO 2016-04-01 14:07:08,610 [pool-7-thread-1] (CallableResult.java:63) - Finished CallableResult in 9 ms.
 INFO 2016-04-01 14:07:08,610 [main] (ParallelMetaProducerLessBlocking.java:193) - Global results retrieved in getEdges 9ms.
 INFO 2016-04-01 14:07:08,611 [main] (Eval.java:2158) - 
	Get EDGE in 10ms.  
	FOR EDGE{?departement igeo:nom ?nom}

 INFO 2016-04-01 14:07:08,611 [main] (ParallelMetaProducerLessBlocking.java:61) - Searching for edge : ?departement igeo:nom ?nom
 INFO 2016-04-01 14:07:08,612 [pool-8-thread-1] (CallableResult.java:52) - CallableResult for GetEdge
 INFO 2016-04-01 14:07:08,612 [pool-8-thread-2] (CallableResult.java:52) - CallableResult for GetEdge
 INFO 2016-04-01 14:07:08,617 [pool-8-thread-2] (CallableResult.java:63) - Finished CallableResult in 5 ms.
 INFO 2016-04-01 14:07:08,619 [pool-8-thread-1] (CallableResult.java:63) - Finished CallableResult in 8 ms.
 INFO 2016-04-01 14:07:08,619 [main] (ParallelMetaProducerLessBlocking.java:193) - Global results retrieved in getEdges 8ms.
 INFO 2016-04-01 14:07:08,620 [main] (Eval.java:2158) - 
	Get EDGE in 9ms.  
	FOR EDGE{?departement igeo:nom ?nom}

 INFO 2016-04-01 14:07:08,620 [main] (ParallelMetaProducerLessBlocking.java:61) - Searching for edge : ?departement igeo:nom ?nom
 INFO 2016-04-01 14:07:08,620 [pool-9-thread-1] (CallableResult.java:52) - CallableResult for GetEdge
 INFO 2016-04-01 14:07:08,620 [pool-9-thread-2] (CallableResult.java:52) - CallableResult for GetEdge
 INFO 2016-04-01 14:07:08,626 [pool-9-thread-2] (CallableResult.java:63) - Finished CallableResult in 6 ms.
 INFO 2016-04-01 14:07:08,628 [pool-9-thread-1] (CallableResult.java:63) - Finished CallableResult in 8 ms.
 INFO 2016-04-01 14:07:08,628 [main] (ParallelMetaProducerLessBlocking.java:193) - Global results retrieved in getEdges 8ms.
 INFO 2016-04-01 14:07:08,629 [main] (Eval.java:2158) - 
	Get EDGE in 9ms.  
	FOR EDGE{?departement igeo:nom ?nom}

 INFO 2016-04-01 14:07:08,629 [main] (ParallelMetaProducerLessBlocking.java:61) - Searching for edge : ?departement igeo:nom ?nom
 INFO 2016-04-01 14:07:08,629 [pool-10-thread-1] (CallableResult.java:52) - CallableResult for GetEdge
 INFO 2016-04-01 14:07:08,629 [pool-10-thread-2] (CallableResult.java:52) - CallableResult for GetEdge
 INFO 2016-04-01 14:07:08,635 [pool-10-thread-2] (CallableResult.java:63) - Finished CallableResult in 6 ms.
 INFO 2016-04-01 14:07:08,639 [pool-10-thread-1] (CallableResult.java:63) - Finished CallableResult in 10 ms.
 INFO 2016-04-01 14:07:08,640 [main] (ParallelMetaProducerLessBlocking.java:193) - Global results retrieved in getEdges 11ms.
 INFO 2016-04-01 14:07:08,640 [main] (Eval.java:2158) - 
	Get EDGE in 11ms.  
	FOR EDGE{?departement igeo:nom ?nom}

 INFO 2016-04-01 14:07:08,641 [main] (ParallelMetaProducerLessBlocking.java:61) - Searching for edge : ?departement igeo:nom ?nom
 INFO 2016-04-01 14:07:08,641 [pool-11-thread-1] (CallableResult.java:52) - CallableResult for GetEdge
 INFO 2016-04-01 14:07:08,641 [pool-11-thread-2] (CallableResult.java:52) - CallableResult for GetEdge
 INFO 2016-04-01 14:07:08,647 [pool-11-thread-2] (CallableResult.java:63) - Finished CallableResult in 6 ms.
 INFO 2016-04-01 14:07:08,650 [pool-11-thread-1] (CallableResult.java:63) - Finished CallableResult in 9 ms.
 INFO 2016-04-01 14:07:08,651 [main] (ParallelMetaProducerLessBlocking.java:193) - Global results retrieved in getEdges 10ms.
 INFO 2016-04-01 14:07:08,651 [main] (Eval.java:2158) - 
	Get EDGE in 11ms.  
	FOR EDGE{?departement igeo:nom ?nom}

 INFO 2016-04-01 14:07:08,651 [main] (ParallelMetaProducerLessBlocking.java:61) - Searching for edge : ?departement igeo:nom ?nom
 INFO 2016-04-01 14:07:08,652 [pool-12-thread-1] (CallableResult.java:52) - CallableResult for GetEdge
 INFO 2016-04-01 14:07:08,652 [pool-12-thread-2] (CallableResult.java:52) - CallableResult for GetEdge
 INFO 2016-04-01 14:07:08,658 [pool-12-thread-2] (CallableResult.java:63) - Finished CallableResult in 6 ms.
 INFO 2016-04-01 14:07:08,659 [pool-12-thread-1] (CallableResult.java:63) - Finished CallableResult in 7 ms.
 INFO 2016-04-01 14:07:08,660 [main] (ParallelMetaProducerLessBlocking.java:193) - Global results retrieved in getEdges 8ms.
 INFO 2016-04-01 14:07:08,660 [main] (Eval.java:2158) - 
	Get EDGE in 9ms.  
	FOR EDGE{?departement igeo:nom ?nom}

 INFO 2016-04-01 14:07:08,660 [main] (Eval.java:2158) - 
	Get EDGE in 93ms.  
	FOR EDGE{?region igeo:subdivisionDirecte ?departement}

 INFO 2016-04-01 14:07:08,660 [main] (ParallelMetaProducerLessBlocking.java:61) - Searching for edge : ?region igeo:subdivisionDirecte ?departement
 INFO 2016-04-01 14:07:08,661 [pool-13-thread-1] (CallableResult.java:52) - CallableResult for GetEdge
 INFO 2016-04-01 14:07:08,661 [pool-13-thread-2] (CallableResult.java:52) - CallableResult for GetEdge
 INFO 2016-04-01 14:07:08,666 [pool-13-thread-2] (CallableResult.java:63) - Finished CallableResult in 5 ms.
 INFO 2016-04-01 14:07:08,669 [pool-13-thread-1] (CallableResult.java:63) - Finished CallableResult in 8 ms.
 INFO 2016-04-01 14:07:08,669 [main] (ParallelMetaProducerLessBlocking.java:193) - Global results retrieved in getEdges 8ms.
 INFO 2016-04-01 14:07:08,670 [main] (ParallelMetaProducerLessBlocking.java:61) - Searching for edge : ?departement igeo:nom ?nom
 INFO 2016-04-01 14:07:08,670 [pool-14-thread-1] (CallableResult.java:52) - CallableResult for GetEdge
 INFO 2016-04-01 14:07:08,670 [pool-14-thread-2] (CallableResult.java:52) - CallableResult for GetEdge
 INFO 2016-04-01 14:07:08,674 [pool-14-thread-1] (CallableResult.java:63) - Finished CallableResult in 4 ms.
 INFO 2016-04-01 14:07:08,679 [pool-14-thread-2] (CallableResult.java:63) - Finished CallableResult in 9 ms.
 INFO 2016-04-01 14:07:08,680 [main] (ParallelMetaProducerLessBlocking.java:193) - Global results retrieved in getEdges 10ms.
 INFO 2016-04-01 14:07:08,680 [main] (Eval.java:2158) - 
	Get EDGE in 11ms.  
	FOR EDGE{?departement igeo:nom ?nom}

 INFO 2016-04-01 14:07:08,680 [main] (Eval.java:2158) - 
	Get EDGE in 20ms.  
	FOR EDGE{?region igeo:subdivisionDirecte ?departement}

 INFO 2016-04-01 14:07:08,681 [main] (ParallelMetaProducerLessBlocking.java:61) - Searching for edge : ?region igeo:subdivisionDirecte ?departement
 INFO 2016-04-01 14:07:08,681 [pool-15-thread-1] (CallableResult.java:52) - CallableResult for GetEdge
 INFO 2016-04-01 14:07:08,681 [pool-15-thread-2] (CallableResult.java:52) - CallableResult for GetEdge
 INFO 2016-04-01 14:07:08,687 [pool-15-thread-2] (CallableResult.java:63) - Finished CallableResult in 6 ms.
 INFO 2016-04-01 14:07:08,689 [pool-15-thread-1] (CallableResult.java:63) - Finished CallableResult in 8 ms.
 INFO 2016-04-01 14:07:08,689 [main] (ParallelMetaProducerLessBlocking.java:193) - Global results retrieved in getEdges 8ms.
 INFO 2016-04-01 14:07:08,689 [main] (ParallelMetaProducerLessBlocking.java:61) - Searching for edge : ?departement igeo:nom ?nom
 INFO 2016-04-01 14:07:08,690 [pool-16-thread-1] (CallableResult.java:52) - CallableResult for GetEdge
 INFO 2016-04-01 14:07:08,690 [pool-16-thread-2] (CallableResult.java:52) - CallableResult for GetEdge
 INFO 2016-04-01 14:07:08,698 [pool-16-thread-2] (CallableResult.java:63) - Finished CallableResult in 8 ms.
 INFO 2016-04-01 14:07:08,699 [pool-16-thread-1] (CallableResult.java:63) - Finished CallableResult in 9 ms.
 INFO 2016-04-01 14:07:08,699 [main] (ParallelMetaProducerLessBlocking.java:193) - Global results retrieved in getEdges 9ms.
 INFO 2016-04-01 14:07:08,699 [main] (Eval.java:2158) - 
	Get EDGE in 10ms.  
	FOR EDGE{?departement igeo:nom ?nom}

 INFO 2016-04-01 14:07:08,700 [main] (Eval.java:2158) - 
	Get EDGE in 19ms.  
	FOR EDGE{?region igeo:subdivisionDirecte ?departement}

 INFO 2016-04-01 14:07:08,700 [main] (ParallelMetaProducerLessBlocking.java:61) - Searching for edge : ?region igeo:subdivisionDirecte ?departement
 INFO 2016-04-01 14:07:08,700 [pool-17-thread-1] (CallableResult.java:52) - CallableResult for GetEdge
 INFO 2016-04-01 14:07:08,700 [pool-17-thread-2] (CallableResult.java:52) - CallableResult for GetEdge
 INFO 2016-04-01 14:07:08,706 [pool-17-thread-2] (CallableResult.java:63) - Finished CallableResult in 6 ms.
 INFO 2016-04-01 14:07:08,709 [pool-17-thread-1] (CallableResult.java:63) - Finished CallableResult in 9 ms.
 INFO 2016-04-01 14:07:08,710 [main] (ParallelMetaProducerLessBlocking.java:193) - Global results retrieved in getEdges 10ms.
 INFO 2016-04-01 14:07:08,710 [main] (ParallelMetaProducerLessBlocking.java:61) - Searching for edge : ?departement igeo:nom ?nom
 INFO 2016-04-01 14:07:08,710 [pool-18-thread-1] (CallableResult.java:52) - CallableResult for GetEdge
 INFO 2016-04-01 14:07:08,710 [pool-18-thread-2] (CallableResult.java:52) - CallableResult for GetEdge
 INFO 2016-04-01 14:07:08,717 [pool-18-thread-1] (CallableResult.java:63) - Finished CallableResult in 7 ms.
 INFO 2016-04-01 14:07:08,724 [pool-18-thread-2] (CallableResult.java:63) - Finished CallableResult in 14 ms.
 INFO 2016-04-01 14:07:08,725 [main] (ParallelMetaProducerLessBlocking.java:193) - Global results retrieved in getEdges 15ms.
 INFO 2016-04-01 14:07:08,725 [main] (Eval.java:2158) - 
	Get EDGE in 15ms.  
	FOR EDGE{?departement igeo:nom ?nom}

 INFO 2016-04-01 14:07:08,725 [main] (Eval.java:2158) - 
	Get EDGE in 25ms.  
	FOR EDGE{?region igeo:subdivisionDirecte ?departement}

 INFO 2016-04-01 14:07:08,725 [main] (ParallelMetaProducerLessBlocking.java:61) - Searching for edge : ?region igeo:subdivisionDirecte ?departement
 INFO 2016-04-01 14:07:08,726 [pool-19-thread-2] (CallableResult.java:52) - CallableResult for GetEdge
 INFO 2016-04-01 14:07:08,729 [pool-19-thread-1] (CallableResult.java:52) - CallableResult for GetEdge
 INFO 2016-04-01 14:07:08,736 [pool-19-thread-2] (CallableResult.java:63) - Finished CallableResult in 10 ms.
 INFO 2016-04-01 14:07:08,740 [pool-19-thread-1] (CallableResult.java:63) - Finished CallableResult in 11 ms.
 INFO 2016-04-01 14:07:08,741 [main] (ParallelMetaProducerLessBlocking.java:193) - Global results retrieved in getEdges 15ms.
 INFO 2016-04-01 14:07:08,741 [main] (ParallelMetaProducerLessBlocking.java:61) - Searching for edge : ?departement igeo:nom ?nom
 INFO 2016-04-01 14:07:08,742 [pool-20-thread-1] (CallableResult.java:52) - CallableResult for GetEdge
 INFO 2016-04-01 14:07:08,743 [pool-20-thread-2] (CallableResult.java:52) - CallableResult for GetEdge
 INFO 2016-04-01 14:07:08,748 [pool-20-thread-1] (CallableResult.java:63) - Finished CallableResult in 6 ms.
 INFO 2016-04-01 14:07:08,756 [pool-20-thread-2] (CallableResult.java:63) - Finished CallableResult in 13 ms.
 INFO 2016-04-01 14:07:08,756 [main] (ParallelMetaProducerLessBlocking.java:193) - Global results retrieved in getEdges 13ms.
 INFO 2016-04-01 14:07:08,757 [main] (Eval.java:2158) - 
	Get EDGE in 16ms.  
	FOR EDGE{?departement igeo:nom ?nom}

 INFO 2016-04-01 14:07:08,757 [main] (ParallelMetaProducerLessBlocking.java:61) - Searching for edge : ?departement igeo:nom ?nom
 INFO 2016-04-01 14:07:08,762 [pool-21-thread-1] (CallableResult.java:52) - CallableResult for GetEdge
 INFO 2016-04-01 14:07:08,771 [pool-21-thread-2] (CallableResult.java:52) - CallableResult for GetEdge
 INFO 2016-04-01 14:07:08,771 [pool-21-thread-1] (CallableResult.java:63) - Finished CallableResult in 9 ms.
 INFO 2016-04-01 14:07:08,775 [pool-21-thread-2] (CallableResult.java:63) - Finished CallableResult in 4 ms.
 INFO 2016-04-01 14:07:08,775 [main] (ParallelMetaProducerLessBlocking.java:193) - Global results retrieved in getEdges 4ms.
 INFO 2016-04-01 14:07:08,776 [main] (Eval.java:2158) - 
	Get EDGE in 19ms.  
	FOR EDGE{?departement igeo:nom ?nom}

 INFO 2016-04-01 14:07:08,776 [main] (ParallelMetaProducerLessBlocking.java:61) - Searching for edge : ?departement igeo:nom ?nom
 INFO 2016-04-01 14:07:08,776 [pool-22-thread-1] (CallableResult.java:52) - CallableResult for GetEdge
 INFO 2016-04-01 14:07:08,776 [pool-22-thread-2] (CallableResult.java:52) - CallableResult for GetEdge
 INFO 2016-04-01 14:07:08,780 [pool-22-thread-1] (CallableResult.java:63) - Finished CallableResult in 4 ms.
 INFO 2016-04-01 14:07:08,784 [pool-22-thread-2] (CallableResult.java:63) - Finished CallableResult in 8 ms.
 INFO 2016-04-01 14:07:08,785 [main] (ParallelMetaProducerLessBlocking.java:193) - Global results retrieved in getEdges 9ms.
 INFO 2016-04-01 14:07:08,785 [main] (Eval.java:2158) - 
	Get EDGE in 9ms.  
	FOR EDGE{?departement igeo:nom ?nom}

 INFO 2016-04-01 14:07:08,785 [main] (Eval.java:2158) - 
	Get EDGE in 60ms.  
	FOR EDGE{?region igeo:subdivisionDirecte ?departement}

 INFO 2016-04-01 14:07:08,785 [main] (ParallelMetaProducerLessBlocking.java:61) - Searching for edge : ?region igeo:subdivisionDirecte ?departement
 INFO 2016-04-01 14:07:08,786 [pool-23-thread-1] (CallableResult.java:52) - CallableResult for GetEdge
 INFO 2016-04-01 14:07:08,786 [pool-23-thread-2] (CallableResult.java:52) - CallableResult for GetEdge
 INFO 2016-04-01 14:07:08,791 [pool-23-thread-2] (CallableResult.java:63) - Finished CallableResult in 5 ms.
 INFO 2016-04-01 14:07:08,793 [pool-23-thread-1] (CallableResult.java:63) - Finished CallableResult in 7 ms.
 INFO 2016-04-01 14:07:08,794 [main] (ParallelMetaProducerLessBlocking.java:193) - Global results retrieved in getEdges 8ms.
 INFO 2016-04-01 14:07:08,794 [main] (ParallelMetaProducerLessBlocking.java:61) - Searching for edge : ?departement igeo:nom ?nom
 INFO 2016-04-01 14:07:08,794 [pool-24-thread-1] (CallableResult.java:52) - CallableResult for GetEdge
 INFO 2016-04-01 14:07:08,794 [pool-24-thread-2] (CallableResult.java:52) - CallableResult for GetEdge
 INFO 2016-04-01 14:07:08,800 [pool-24-thread-1] (CallableResult.java:63) - Finished CallableResult in 6 ms.
 INFO 2016-04-01 14:07:08,804 [pool-24-thread-2] (CallableResult.java:63) - Finished CallableResult in 10 ms.
 INFO 2016-04-01 14:07:08,804 [main] (ParallelMetaProducerLessBlocking.java:193) - Global results retrieved in getEdges 10ms.
 INFO 2016-04-01 14:07:08,804 [main] (Eval.java:2158) - 
	Get EDGE in 10ms.  
	FOR EDGE{?departement igeo:nom ?nom}

 INFO 2016-04-01 14:07:08,805 [main] (Eval.java:2158) - 
	Get EDGE in 20ms.  
	FOR EDGE{?region igeo:subdivisionDirecte ?departement}

 INFO 2016-04-01 14:07:08,805 [main] (ParallelMetaProducerLessBlocking.java:61) - Searching for edge : ?region igeo:subdivisionDirecte ?departement
 INFO 2016-04-01 14:07:08,808 [pool-25-thread-1] (CallableResult.java:52) - CallableResult for GetEdge
 INFO 2016-04-01 14:07:08,808 [pool-25-thread-2] (CallableResult.java:52) - CallableResult for GetEdge
 INFO 2016-04-01 14:07:08,813 [pool-25-thread-2] (CallableResult.java:63) - Finished CallableResult in 5 ms.
 INFO 2016-04-01 14:07:08,818 [pool-25-thread-1] (CallableResult.java:63) - Finished CallableResult in 11 ms.
 INFO 2016-04-01 14:07:08,818 [main] (ParallelMetaProducerLessBlocking.java:193) - Global results retrieved in getEdges 10ms.
 INFO 2016-04-01 14:07:08,819 [main] (ParallelMetaProducerLessBlocking.java:61) - Searching for edge : ?departement igeo:nom ?nom
 INFO 2016-04-01 14:07:08,819 [pool-26-thread-1] (CallableResult.java:52) - CallableResult for GetEdge
 INFO 2016-04-01 14:07:08,819 [pool-26-thread-2] (CallableResult.java:52) - CallableResult for GetEdge
 INFO 2016-04-01 14:07:08,825 [pool-26-thread-2] (CallableResult.java:63) - Finished CallableResult in 6 ms.
 INFO 2016-04-01 14:07:08,828 [pool-26-thread-1] (CallableResult.java:63) - Finished CallableResult in 9 ms.
 INFO 2016-04-01 14:07:08,828 [main] (ParallelMetaProducerLessBlocking.java:193) - Global results retrieved in getEdges 9ms.
 INFO 2016-04-01 14:07:08,828 [main] (Eval.java:2158) - 
	Get EDGE in 9ms.  
	FOR EDGE{?departement igeo:nom ?nom}

 INFO 2016-04-01 14:07:08,829 [main] (ParallelMetaProducerLessBlocking.java:61) - Searching for edge : ?departement igeo:nom ?nom
 INFO 2016-04-01 14:07:08,829 [pool-27-thread-1] (CallableResult.java:52) - CallableResult for GetEdge
 INFO 2016-04-01 14:07:08,830 [pool-27-thread-2] (CallableResult.java:52) - CallableResult for GetEdge
 INFO 2016-04-01 14:07:08,836 [pool-27-thread-2] (CallableResult.java:63) - Finished CallableResult in 6 ms.
 INFO 2016-04-01 14:07:08,838 [pool-27-thread-1] (CallableResult.java:63) - Finished CallableResult in 9 ms.
 INFO 2016-04-01 14:07:08,838 [main] (ParallelMetaProducerLessBlocking.java:193) - Global results retrieved in getEdges 8ms.
 INFO 2016-04-01 14:07:08,838 [main] (Eval.java:2158) - 
	Get EDGE in 9ms.  
	FOR EDGE{?departement igeo:nom ?nom}

 INFO 2016-04-01 14:07:08,838 [main] (Eval.java:2158) - 
	Get EDGE in 33ms.  
	FOR EDGE{?region igeo:subdivisionDirecte ?departement}

 INFO 2016-04-01 14:07:08,839 [main] (ParallelMetaProducerLessBlocking.java:61) - Searching for edge : ?region igeo:subdivisionDirecte ?departement
 INFO 2016-04-01 14:07:08,839 [pool-28-thread-1] (CallableResult.java:52) - CallableResult for GetEdge
 INFO 2016-04-01 14:07:08,839 [pool-28-thread-2] (CallableResult.java:52) - CallableResult for GetEdge
 INFO 2016-04-01 14:07:08,844 [pool-28-thread-1] (CallableResult.java:63) - Finished CallableResult in 5 ms.
 INFO 2016-04-01 14:07:08,845 [pool-28-thread-2] (CallableResult.java:63) - Finished CallableResult in 6 ms.
 INFO 2016-04-01 14:07:08,846 [main] (ParallelMetaProducerLessBlocking.java:193) - Global results retrieved in getEdges 7ms.
 INFO 2016-04-01 14:07:08,846 [main] (ParallelMetaProducerLessBlocking.java:61) - Searching for edge : ?departement igeo:nom ?nom
 INFO 2016-04-01 14:07:08,846 [pool-29-thread-1] (CallableResult.java:52) - CallableResult for GetEdge
 INFO 2016-04-01 14:07:08,846 [pool-29-thread-2] (CallableResult.java:52) - CallableResult for GetEdge
 INFO 2016-04-01 14:07:08,851 [pool-29-thread-2] (CallableResult.java:63) - Finished CallableResult in 5 ms.
 INFO 2016-04-01 14:07:08,854 [pool-29-thread-1] (CallableResult.java:63) - Finished CallableResult in 8 ms.
 INFO 2016-04-01 14:07:08,854 [main] (ParallelMetaProducerLessBlocking.java:193) - Global results retrieved in getEdges 8ms.
 INFO 2016-04-01 14:07:08,854 [main] (Eval.java:2158) - 
	Get EDGE in 8ms.  
	FOR EDGE{?departement igeo:nom ?nom}

 INFO 2016-04-01 14:07:08,855 [main] (Eval.java:2158) - 
	Get EDGE in 17ms.  
	FOR EDGE{?region igeo:subdivisionDirecte ?departement}

 INFO 2016-04-01 14:07:08,855 [main] (ParallelMetaProducerLessBlocking.java:61) - Searching for edge : ?region igeo:subdivisionDirecte ?departement
 INFO 2016-04-01 14:07:08,856 [pool-30-thread-1] (CallableResult.java:52) - CallableResult for GetEdge
 INFO 2016-04-01 14:07:08,857 [pool-30-thread-2] (CallableResult.java:52) - CallableResult for GetEdge
 INFO 2016-04-01 14:07:08,861 [pool-30-thread-1] (CallableResult.java:63) - Finished CallableResult in 5 ms.
 INFO 2016-04-01 14:07:08,873 [pool-30-thread-2] (CallableResult.java:63) - Finished CallableResult in 16 ms.
 INFO 2016-04-01 14:07:08,873 [main] (ParallelMetaProducerLessBlocking.java:193) - Global results retrieved in getEdges 16ms.
 INFO 2016-04-01 14:07:08,873 [main] (ParallelMetaProducerLessBlocking.java:61) - Searching for edge : ?departement igeo:nom ?nom
 INFO 2016-04-01 14:07:08,874 [pool-31-thread-1] (CallableResult.java:52) - CallableResult for GetEdge
 INFO 2016-04-01 14:07:08,874 [pool-31-thread-2] (CallableResult.java:52) - CallableResult for GetEdge
 INFO 2016-04-01 14:07:08,878 [pool-31-thread-2] (CallableResult.java:63) - Finished CallableResult in 4 ms.
 INFO 2016-04-01 14:07:08,882 [pool-31-thread-1] (CallableResult.java:63) - Finished CallableResult in 8 ms.
 INFO 2016-04-01 14:07:08,883 [main] (ParallelMetaProducerLessBlocking.java:193) - Global results retrieved in getEdges 9ms.
 INFO 2016-04-01 14:07:08,883 [main] (Eval.java:2158) - 
	Get EDGE in 10ms.  
	FOR EDGE{?departement igeo:nom ?nom}

 INFO 2016-04-01 14:07:08,883 [main] (ParallelMetaProducerLessBlocking.java:61) - Searching for edge : ?departement igeo:nom ?nom
 INFO 2016-04-01 14:07:08,883 [pool-32-thread-1] (CallableResult.java:52) - CallableResult for GetEdge
 INFO 2016-04-01 14:07:08,884 [pool-32-thread-2] (CallableResult.java:52) - CallableResult for GetEdge
 INFO 2016-04-01 14:07:08,891 [pool-32-thread-2] (CallableResult.java:63) - Finished CallableResult in 7 ms.
 INFO 2016-04-01 14:07:08,892 [pool-32-thread-1] (CallableResult.java:63) - Finished CallableResult in 9 ms.
 INFO 2016-04-01 14:07:08,893 [main] (ParallelMetaProducerLessBlocking.java:193) - Global results retrieved in getEdges 10ms.
 INFO 2016-04-01 14:07:08,893 [main] (Eval.java:2158) - 
	Get EDGE in 10ms.  
	FOR EDGE{?departement igeo:nom ?nom}

 INFO 2016-04-01 14:07:08,893 [main] (ParallelMetaProducerLessBlocking.java:61) - Searching for edge : ?departement igeo:nom ?nom
 INFO 2016-04-01 14:07:08,893 [pool-33-thread-1] (CallableResult.java:52) - CallableResult for GetEdge
 INFO 2016-04-01 14:07:08,896 [pool-33-thread-2] (CallableResult.java:52) - CallableResult for GetEdge
 INFO 2016-04-01 14:07:08,901 [pool-33-thread-2] (CallableResult.java:63) - Finished CallableResult in 5 ms.
 INFO 2016-04-01 14:07:08,904 [pool-33-thread-1] (CallableResult.java:63) - Finished CallableResult in 11 ms.
 INFO 2016-04-01 14:07:08,904 [main] (ParallelMetaProducerLessBlocking.java:193) - Global results retrieved in getEdges 10ms.
 INFO 2016-04-01 14:07:08,904 [main] (Eval.java:2158) - 
	Get EDGE in 11ms.  
	FOR EDGE{?departement igeo:nom ?nom}

 INFO 2016-04-01 14:07:08,904 [main] (ParallelMetaProducerLessBlocking.java:61) - Searching for edge : ?departement igeo:nom ?nom
 INFO 2016-04-01 14:07:08,905 [pool-34-thread-1] (CallableResult.java:52) - CallableResult for GetEdge
 INFO 2016-04-01 14:07:08,906 [pool-34-thread-2] (CallableResult.java:52) - CallableResult for GetEdge
 INFO 2016-04-01 14:07:08,910 [pool-34-thread-1] (CallableResult.java:63) - Finished CallableResult in 5 ms.
 INFO 2016-04-01 14:07:08,918 [pool-34-thread-2] (CallableResult.java:63) - Finished CallableResult in 12 ms.
 INFO 2016-04-01 14:07:08,918 [main] (ParallelMetaProducerLessBlocking.java:193) - Global results retrieved in getEdges 12ms.
 INFO 2016-04-01 14:07:08,919 [main] (Eval.java:2158) - 
	Get EDGE in 15ms.  
	FOR EDGE{?departement igeo:nom ?nom}

 INFO 2016-04-01 14:07:08,919 [main] (Eval.java:2158) - 
	Get EDGE in 64ms.  
	FOR EDGE{?region igeo:subdivisionDirecte ?departement}

 INFO 2016-04-01 14:07:08,919 [main] (ParallelMetaProducerLessBlocking.java:61) - Searching for edge : ?region igeo:subdivisionDirecte ?departement
 INFO 2016-04-01 14:07:08,920 [pool-35-thread-2] (CallableResult.java:52) - CallableResult for GetEdge
 INFO 2016-04-01 14:07:08,920 [pool-35-thread-1] (CallableResult.java:52) - CallableResult for GetEdge
 INFO 2016-04-01 14:07:08,925 [pool-35-thread-1] (CallableResult.java:63) - Finished CallableResult in 5 ms.
 INFO 2016-04-01 14:07:08,935 [pool-35-thread-2] (CallableResult.java:63) - Finished CallableResult in 15 ms.
 INFO 2016-04-01 14:07:08,935 [main] (ParallelMetaProducerLessBlocking.java:193) - Global results retrieved in getEdges 15ms.
 INFO 2016-04-01 14:07:08,936 [main] (ParallelMetaProducerLessBlocking.java:61) - Searching for edge : ?departement igeo:nom ?nom
 INFO 2016-04-01 14:07:08,936 [pool-36-thread-1] (CallableResult.java:52) - CallableResult for GetEdge
 INFO 2016-04-01 14:07:08,938 [pool-36-thread-2] (CallableResult.java:52) - CallableResult for GetEdge
 INFO 2016-04-01 14:07:08,943 [pool-36-thread-2] (CallableResult.java:63) - Finished CallableResult in 6 ms.
 INFO 2016-04-01 14:07:08,944 [pool-36-thread-1] (CallableResult.java:63) - Finished CallableResult in 8 ms.
 INFO 2016-04-01 14:07:08,944 [main] (ParallelMetaProducerLessBlocking.java:193) - Global results retrieved in getEdges 7ms.
 INFO 2016-04-01 14:07:08,945 [main] (Eval.java:2158) - 
	Get EDGE in 8ms.  
	FOR EDGE{?departement igeo:nom ?nom}

 INFO 2016-04-01 14:07:08,945 [main] (ParallelMetaProducerLessBlocking.java:61) - Searching for edge : ?departement igeo:nom ?nom
 INFO 2016-04-01 14:07:08,945 [pool-37-thread-1] (CallableResult.java:52) - CallableResult for GetEdge
 INFO 2016-04-01 14:07:08,945 [pool-37-thread-2] (CallableResult.java:52) - CallableResult for GetEdge
 INFO 2016-04-01 14:07:08,952 [pool-37-thread-1] (CallableResult.java:63) - Finished CallableResult in 7 ms.
 INFO 2016-04-01 14:07:08,958 [pool-37-thread-2] (CallableResult.java:63) - Finished CallableResult in 13 ms.
 INFO 2016-04-01 14:07:08,959 [main] (ParallelMetaProducerLessBlocking.java:193) - Global results retrieved in getEdges 14ms.
 INFO 2016-04-01 14:07:08,959 [main] (Eval.java:2158) - 
	Get EDGE in 14ms.  
	FOR EDGE{?departement igeo:nom ?nom}

 INFO 2016-04-01 14:07:08,959 [main] (ParallelMetaProducerLessBlocking.java:61) - Searching for edge : ?departement igeo:nom ?nom
 INFO 2016-04-01 14:07:08,960 [pool-38-thread-1] (CallableResult.java:52) - CallableResult for GetEdge
 INFO 2016-04-01 14:07:08,961 [pool-38-thread-2] (CallableResult.java:52) - CallableResult for GetEdge
 INFO 2016-04-01 14:07:08,968 [pool-38-thread-1] (CallableResult.java:63) - Finished CallableResult in 8 ms.
 INFO 2016-04-01 14:07:08,969 [pool-38-thread-2] (CallableResult.java:63) - Finished CallableResult in 8 ms.
 INFO 2016-04-01 14:07:08,969 [main] (ParallelMetaProducerLessBlocking.java:193) - Global results retrieved in getEdges 8ms.
 INFO 2016-04-01 14:07:08,969 [main] (Eval.java:2158) - 
	Get EDGE in 10ms.  
	FOR EDGE{?departement igeo:nom ?nom}

 INFO 2016-04-01 14:07:08,970 [main] (ParallelMetaProducerLessBlocking.java:61) - Searching for edge : ?departement igeo:nom ?nom
 INFO 2016-04-01 14:07:08,970 [pool-39-thread-1] (CallableResult.java:52) - CallableResult for GetEdge
 INFO 2016-04-01 14:07:08,970 [pool-39-thread-2] (CallableResult.java:52) - CallableResult for GetEdge
 INFO 2016-04-01 14:07:08,976 [pool-39-thread-2] (CallableResult.java:63) - Finished CallableResult in 6 ms.
 INFO 2016-04-01 14:07:08,976 [pool-39-thread-1] (CallableResult.java:63) - Finished CallableResult in 6 ms.
 INFO 2016-04-01 14:07:08,977 [main] (ParallelMetaProducerLessBlocking.java:193) - Global results retrieved in getEdges 7ms.
 INFO 2016-04-01 14:07:08,977 [main] (Eval.java:2158) - 
	Get EDGE in 7ms.  
	FOR EDGE{?departement igeo:nom ?nom}

 INFO 2016-04-01 14:07:08,977 [main] (ParallelMetaProducerLessBlocking.java:61) - Searching for edge : ?departement igeo:nom ?nom
 INFO 2016-04-01 14:07:08,977 [pool-40-thread-1] (CallableResult.java:52) - CallableResult for GetEdge
 INFO 2016-04-01 14:07:08,982 [pool-40-thread-1] (CallableResult.java:63) - Finished CallableResult in 5 ms.
 INFO 2016-04-01 14:07:08,983 [pool-40-thread-2] (CallableResult.java:52) - CallableResult for GetEdge
 INFO 2016-04-01 14:07:08,987 [pool-40-thread-2] (CallableResult.java:63) - Finished CallableResult in 4 ms.
 INFO 2016-04-01 14:07:08,987 [main] (ParallelMetaProducerLessBlocking.java:193) - Global results retrieved in getEdges 4ms.
 INFO 2016-04-01 14:07:08,987 [main] (Eval.java:2158) - 
	Get EDGE in 10ms.  
	FOR EDGE{?departement igeo:nom ?nom}

 INFO 2016-04-01 14:07:08,987 [main] (Eval.java:2158) - 
	Get EDGE in 68ms.  
	FOR EDGE{?region igeo:subdivisionDirecte ?departement}

 INFO 2016-04-01 14:07:08,988 [main] (ParallelMetaProducerLessBlocking.java:61) - Searching for edge : ?region igeo:subdivisionDirecte ?departement
 INFO 2016-04-01 14:07:08,988 [pool-41-thread-1] (CallableResult.java:52) - CallableResult for GetEdge
 INFO 2016-04-01 14:07:08,988 [pool-41-thread-2] (CallableResult.java:52) - CallableResult for GetEdge
 INFO 2016-04-01 14:07:08,993 [pool-41-thread-1] (CallableResult.java:63) - Finished CallableResult in 5 ms.
 INFO 2016-04-01 14:07:08,997 [pool-41-thread-2] (CallableResult.java:63) - Finished CallableResult in 9 ms.
 INFO 2016-04-01 14:07:08,997 [main] (ParallelMetaProducerLessBlocking.java:193) - Global results retrieved in getEdges 9ms.
 INFO 2016-04-01 14:07:08,998 [main] (ParallelMetaProducerLessBlocking.java:61) - Searching for edge : ?departement igeo:nom ?nom
 INFO 2016-04-01 14:07:08,998 [pool-42-thread-1] (CallableResult.java:52) - CallableResult for GetEdge
 INFO 2016-04-01 14:07:08,998 [pool-42-thread-2] (CallableResult.java:52) - CallableResult for GetEdge
 INFO 2016-04-01 14:07:09,003 [pool-42-thread-2] (CallableResult.java:63) - Finished CallableResult in 5 ms.
 INFO 2016-04-01 14:07:09,006 [pool-42-thread-1] (CallableResult.java:63) - Finished CallableResult in 8 ms.
 INFO 2016-04-01 14:07:09,007 [main] (ParallelMetaProducerLessBlocking.java:193) - Global results retrieved in getEdges 9ms.
 INFO 2016-04-01 14:07:09,007 [main] (Eval.java:2158) - 
	Get EDGE in 9ms.  
	FOR EDGE{?departement igeo:nom ?nom}

 INFO 2016-04-01 14:07:09,007 [main] (ParallelMetaProducerLessBlocking.java:61) - Searching for edge : ?departement igeo:nom ?nom
 INFO 2016-04-01 14:07:09,007 [pool-43-thread-1] (CallableResult.java:52) - CallableResult for GetEdge
 INFO 2016-04-01 14:07:09,007 [pool-43-thread-2] (CallableResult.java:52) - CallableResult for GetEdge
 INFO 2016-04-01 14:07:09,013 [pool-43-thread-2] (CallableResult.java:63) - Finished CallableResult in 6 ms.
 INFO 2016-04-01 14:07:09,016 [pool-43-thread-1] (CallableResult.java:63) - Finished CallableResult in 9 ms.
 INFO 2016-04-01 14:07:09,017 [main] (ParallelMetaProducerLessBlocking.java:193) - Global results retrieved in getEdges 10ms.
 INFO 2016-04-01 14:07:09,017 [main] (Eval.java:2158) - 
	Get EDGE in 10ms.  
	FOR EDGE{?departement igeo:nom ?nom}

 INFO 2016-04-01 14:07:09,017 [main] (Eval.java:2158) - 
	Get EDGE in 30ms.  
	FOR EDGE{?region igeo:subdivisionDirecte ?departement}

 INFO 2016-04-01 14:07:09,017 [main] (ParallelMetaProducerLessBlocking.java:61) - Searching for edge : ?region igeo:subdivisionDirecte ?departement
 INFO 2016-04-01 14:07:09,018 [pool-44-thread-1] (CallableResult.java:52) - CallableResult for GetEdge
 INFO 2016-04-01 14:07:09,018 [pool-44-thread-2] (CallableResult.java:52) - CallableResult for GetEdge
 INFO 2016-04-01 14:07:09,023 [pool-44-thread-1] (CallableResult.java:63) - Finished CallableResult in 5 ms.
 INFO 2016-04-01 14:07:09,031 [pool-44-thread-2] (CallableResult.java:63) - Finished CallableResult in 13 ms.
 INFO 2016-04-01 14:07:09,032 [main] (ParallelMetaProducerLessBlocking.java:193) - Global results retrieved in getEdges 14ms.
 INFO 2016-04-01 14:07:09,032 [main] (ParallelMetaProducerLessBlocking.java:61) - Searching for edge : ?departement igeo:nom ?nom
 INFO 2016-04-01 14:07:09,033 [pool-45-thread-1] (CallableResult.java:52) - CallableResult for GetEdge
 INFO 2016-04-01 14:07:09,037 [pool-45-thread-2] (CallableResult.java:52) - CallableResult for GetEdge
 INFO 2016-04-01 14:07:09,037 [pool-45-thread-1] (CallableResult.java:63) - Finished CallableResult in 4 ms.
 INFO 2016-04-01 14:07:09,056 [pool-45-thread-2] (CallableResult.java:63) - Finished CallableResult in 19 ms.
 INFO 2016-04-01 14:07:09,056 [main] (ParallelMetaProducerLessBlocking.java:193) - Global results retrieved in getEdges 19ms.
 INFO 2016-04-01 14:07:09,057 [main] (Eval.java:2158) - 
	Get EDGE in 24ms.  
	FOR EDGE{?departement igeo:nom ?nom}

 INFO 2016-04-01 14:07:09,057 [main] (ParallelMetaProducerLessBlocking.java:61) - Searching for edge : ?departement igeo:nom ?nom
 INFO 2016-04-01 14:07:09,057 [pool-46-thread-1] (CallableResult.java:52) - CallableResult for GetEdge
 INFO 2016-04-01 14:07:09,057 [pool-46-thread-2] (CallableResult.java:52) - CallableResult for GetEdge
 INFO 2016-04-01 14:07:09,062 [pool-46-thread-2] (CallableResult.java:63) - Finished CallableResult in 5 ms.
 INFO 2016-04-01 14:07:09,064 [pool-46-thread-1] (CallableResult.java:63) - Finished CallableResult in 7 ms.
 INFO 2016-04-01 14:07:09,064 [main] (ParallelMetaProducerLessBlocking.java:193) - Global results retrieved in getEdges 7ms.
 INFO 2016-04-01 14:07:09,064 [main] (Eval.java:2158) - 
	Get EDGE in 7ms.  
	FOR EDGE{?departement igeo:nom ?nom}

 INFO 2016-04-01 14:07:09,064 [main] (ParallelMetaProducerLessBlocking.java:61) - Searching for edge : ?departement igeo:nom ?nom
 INFO 2016-04-01 14:07:09,065 [pool-47-thread-1] (CallableResult.java:52) - CallableResult for GetEdge
 INFO 2016-04-01 14:07:09,065 [pool-47-thread-2] (CallableResult.java:52) - CallableResult for GetEdge
 INFO 2016-04-01 14:07:09,069 [pool-47-thread-2] (CallableResult.java:63) - Finished CallableResult in 4 ms.
 INFO 2016-04-01 14:07:09,070 [pool-47-thread-1] (CallableResult.java:63) - Finished CallableResult in 5 ms.
 INFO 2016-04-01 14:07:09,071 [main] (ParallelMetaProducerLessBlocking.java:193) - Global results retrieved in getEdges 6ms.
 INFO 2016-04-01 14:07:09,071 [main] (Eval.java:2158) - 
	Get EDGE in 7ms.  
	FOR EDGE{?departement igeo:nom ?nom}

 INFO 2016-04-01 14:07:09,071 [main] (Eval.java:2158) - 
	Get EDGE in 54ms.  
	FOR EDGE{?region igeo:subdivisionDirecte ?departement}

 INFO 2016-04-01 14:07:09,072 [main] (ParallelMetaProducerLessBlocking.java:61) - Searching for edge : ?region igeo:subdivisionDirecte ?departement
 INFO 2016-04-01 14:07:09,072 [pool-48-thread-1] (CallableResult.java:52) - CallableResult for GetEdge
 INFO 2016-04-01 14:07:09,072 [pool-48-thread-2] (CallableResult.java:52) - CallableResult for GetEdge
 INFO 2016-04-01 14:07:09,076 [pool-48-thread-1] (CallableResult.java:63) - Finished CallableResult in 4 ms.
 INFO 2016-04-01 14:07:09,083 [pool-48-thread-2] (CallableResult.java:63) - Finished CallableResult in 11 ms.
 INFO 2016-04-01 14:07:09,084 [main] (ParallelMetaProducerLessBlocking.java:193) - Global results retrieved in getEdges 12ms.
 INFO 2016-04-01 14:07:09,084 [main] (ParallelMetaProducerLessBlocking.java:61) - Searching for edge : ?departement igeo:nom ?nom
 INFO 2016-04-01 14:07:09,084 [pool-49-thread-1] (CallableResult.java:52) - CallableResult for GetEdge
 INFO 2016-04-01 14:07:09,084 [pool-49-thread-2] (CallableResult.java:52) - CallableResult for GetEdge
 INFO 2016-04-01 14:07:09,090 [pool-49-thread-1] (CallableResult.java:63) - Finished CallableResult in 6 ms.
 INFO 2016-04-01 14:07:09,090 [pool-49-thread-2] (CallableResult.java:63) - Finished CallableResult in 6 ms.
 INFO 2016-04-01 14:07:09,090 [main] (ParallelMetaProducerLessBlocking.java:193) - Global results retrieved in getEdges 6ms.
 INFO 2016-04-01 14:07:09,091 [main] (Eval.java:2158) - 
	Get EDGE in 7ms.  
	FOR EDGE{?departement igeo:nom ?nom}

 INFO 2016-04-01 14:07:09,091 [main] (ParallelMetaProducerLessBlocking.java:61) - Searching for edge : ?departement igeo:nom ?nom
 INFO 2016-04-01 14:07:09,091 [pool-50-thread-1] (CallableResult.java:52) - CallableResult for GetEdge
 INFO 2016-04-01 14:07:09,091 [pool-50-thread-2] (CallableResult.java:52) - CallableResult for GetEdge
 INFO 2016-04-01 14:07:09,097 [pool-50-thread-2] (CallableResult.java:63) - Finished CallableResult in 6 ms.
 INFO 2016-04-01 14:07:09,097 [pool-50-thread-1] (CallableResult.java:63) - Finished CallableResult in 6 ms.
 INFO 2016-04-01 14:07:09,097 [main] (ParallelMetaProducerLessBlocking.java:193) - Global results retrieved in getEdges 6ms.
 INFO 2016-04-01 14:07:09,097 [main] (Eval.java:2158) - 
	Get EDGE in 6ms.  
	FOR EDGE{?departement igeo:nom ?nom}

 INFO 2016-04-01 14:07:09,098 [main] (ParallelMetaProducerLessBlocking.java:61) - Searching for edge : ?departement igeo:nom ?nom
 INFO 2016-04-01 14:07:09,098 [pool-51-thread-1] (CallableResult.java:52) - CallableResult for GetEdge
 INFO 2016-04-01 14:07:09,098 [pool-51-thread-2] (CallableResult.java:52) - CallableResult for GetEdge
 INFO 2016-04-01 14:07:09,104 [pool-51-thread-1] (CallableResult.java:63) - Finished CallableResult in 6 ms.
 INFO 2016-04-01 14:07:09,104 [pool-51-thread-2] (CallableResult.java:63) - Finished CallableResult in 6 ms.
 INFO 2016-04-01 14:07:09,104 [main] (ParallelMetaProducerLessBlocking.java:193) - Global results retrieved in getEdges 6ms.
 INFO 2016-04-01 14:07:09,105 [main] (Eval.java:2158) - 
	Get EDGE in 7ms.  
	FOR EDGE{?departement igeo:nom ?nom}

 INFO 2016-04-01 14:07:09,105 [main] (Eval.java:2158) - 
	Get EDGE in 34ms.  
	FOR EDGE{?region igeo:subdivisionDirecte ?departement}

 INFO 2016-04-01 14:07:09,105 [main] (ParallelMetaProducerLessBlocking.java:61) - Searching for edge : ?region igeo:subdivisionDirecte ?departement
 INFO 2016-04-01 14:07:09,105 [pool-52-thread-1] (CallableResult.java:52) - CallableResult for GetEdge
 INFO 2016-04-01 14:07:09,106 [pool-52-thread-2] (CallableResult.java:52) - CallableResult for GetEdge
 INFO 2016-04-01 14:07:09,110 [pool-52-thread-1] (CallableResult.java:63) - Finished CallableResult in 5 ms.
 INFO 2016-04-01 14:07:09,115 [pool-52-thread-2] (CallableResult.java:63) - Finished CallableResult in 9 ms.
 INFO 2016-04-01 14:07:09,115 [main] (ParallelMetaProducerLessBlocking.java:193) - Global results retrieved in getEdges 10ms.
 INFO 2016-04-01 14:07:09,115 [main] (ParallelMetaProducerLessBlocking.java:61) - Searching for edge : ?departement igeo:nom ?nom
 INFO 2016-04-01 14:07:09,116 [pool-53-thread-1] (CallableResult.java:52) - CallableResult for GetEdge
 INFO 2016-04-01 14:07:09,116 [pool-53-thread-2] (CallableResult.java:52) - CallableResult for GetEdge
 INFO 2016-04-01 14:07:09,120 [pool-53-thread-2] (CallableResult.java:63) - Finished CallableResult in 4 ms.
 INFO 2016-04-01 14:07:09,121 [pool-53-thread-1] (CallableResult.java:63) - Finished CallableResult in 5 ms.
 INFO 2016-04-01 14:07:09,122 [main] (ParallelMetaProducerLessBlocking.java:193) - Global results retrieved in getEdges 6ms.
 INFO 2016-04-01 14:07:09,122 [main] (Eval.java:2158) - 
	Get EDGE in 7ms.  
	FOR EDGE{?departement igeo:nom ?nom}

 INFO 2016-04-01 14:07:09,122 [main] (ParallelMetaProducerLessBlocking.java:61) - Searching for edge : ?departement igeo:nom ?nom
 INFO 2016-04-01 14:07:09,122 [pool-54-thread-1] (CallableResult.java:52) - CallableResult for GetEdge
 INFO 2016-04-01 14:07:09,123 [pool-54-thread-2] (CallableResult.java:52) - CallableResult for GetEdge
 INFO 2016-04-01 14:07:09,127 [pool-54-thread-2] (CallableResult.java:63) - Finished CallableResult in 4 ms.
 INFO 2016-04-01 14:07:09,128 [pool-54-thread-1] (CallableResult.java:63) - Finished CallableResult in 6 ms.
 INFO 2016-04-01 14:07:09,128 [main] (ParallelMetaProducerLessBlocking.java:193) - Global results retrieved in getEdges 5ms.
 INFO 2016-04-01 14:07:09,129 [main] (Eval.java:2158) - 
	Get EDGE in 7ms.  
	FOR EDGE{?departement igeo:nom ?nom}

 INFO 2016-04-01 14:07:09,129 [main] (Eval.java:2158) - 
	Get EDGE in 24ms.  
	FOR EDGE{?region igeo:subdivisionDirecte ?departement}

 INFO 2016-04-01 14:07:09,129 [main] (ParallelMetaProducerLessBlocking.java:61) - Searching for edge : ?region igeo:subdivisionDirecte ?departement
 INFO 2016-04-01 14:07:09,129 [pool-55-thread-1] (CallableResult.java:52) - CallableResult for GetEdge
 INFO 2016-04-01 14:07:09,130 [pool-55-thread-2] (CallableResult.java:52) - CallableResult for GetEdge
 INFO 2016-04-01 14:07:09,133 [pool-55-thread-1] (CallableResult.java:63) - Finished CallableResult in 4 ms.
 INFO 2016-04-01 14:07:09,139 [pool-55-thread-2] (CallableResult.java:63) - Finished CallableResult in 9 ms.
 INFO 2016-04-01 14:07:09,140 [main] (ParallelMetaProducerLessBlocking.java:193) - Global results retrieved in getEdges 10ms.
 INFO 2016-04-01 14:07:09,140 [main] (ParallelMetaProducerLessBlocking.java:61) - Searching for edge : ?departement igeo:nom ?nom
 INFO 2016-04-01 14:07:09,140 [pool-56-thread-1] (CallableResult.java:52) - CallableResult for GetEdge
 INFO 2016-04-01 14:07:09,140 [pool-56-thread-2] (CallableResult.java:52) - CallableResult for GetEdge
 INFO 2016-04-01 14:07:09,144 [pool-56-thread-2] (CallableResult.java:63) - Finished CallableResult in 4 ms.
 INFO 2016-04-01 14:07:09,147 [pool-56-thread-1] (CallableResult.java:63) - Finished CallableResult in 7 ms.
 INFO 2016-04-01 14:07:09,147 [main] (ParallelMetaProducerLessBlocking.java:193) - Global results retrieved in getEdges 7ms.
 INFO 2016-04-01 14:07:09,148 [main] (Eval.java:2158) - 
	Get EDGE in 8ms.  
	FOR EDGE{?departement igeo:nom ?nom}

 INFO 2016-04-01 14:07:09,148 [main] (ParallelMetaProducerLessBlocking.java:61) - Searching for edge : ?departement igeo:nom ?nom
 INFO 2016-04-01 14:07:09,148 [pool-57-thread-1] (CallableResult.java:52) - CallableResult for GetEdge
 INFO 2016-04-01 14:07:09,148 [pool-57-thread-2] (CallableResult.java:52) - CallableResult for GetEdge
 INFO 2016-04-01 14:07:09,152 [pool-57-thread-1] (CallableResult.java:63) - Finished CallableResult in 4 ms.
 INFO 2016-04-01 14:07:09,156 [pool-57-thread-2] (CallableResult.java:63) - Finished CallableResult in 8 ms.
 INFO 2016-04-01 14:07:09,156 [main] (ParallelMetaProducerLessBlocking.java:193) - Global results retrieved in getEdges 8ms.
 INFO 2016-04-01 14:07:09,157 [main] (Eval.java:2158) - 
	Get EDGE in 8ms.  
	FOR EDGE{?departement igeo:nom ?nom}

 INFO 2016-04-01 14:07:09,157 [main] (ParallelMetaProducerLessBlocking.java:61) - Searching for edge : ?departement igeo:nom ?nom
 INFO 2016-04-01 14:07:09,157 [pool-58-thread-1] (CallableResult.java:52) - CallableResult for GetEdge
 INFO 2016-04-01 14:07:09,157 [pool-58-thread-2] (CallableResult.java:52) - CallableResult for GetEdge
 INFO 2016-04-01 14:07:09,162 [pool-58-thread-1] (CallableResult.java:63) - Finished CallableResult in 5 ms.
 INFO 2016-04-01 14:07:09,166 [pool-58-thread-2] (CallableResult.java:63) - Finished CallableResult in 9 ms.
 INFO 2016-04-01 14:07:09,166 [main] (ParallelMetaProducerLessBlocking.java:193) - Global results retrieved in getEdges 9ms.
 INFO 2016-04-01 14:07:09,166 [main] (Eval.java:2158) - 
	Get EDGE in 9ms.  
	FOR EDGE{?departement igeo:nom ?nom}

 INFO 2016-04-01 14:07:09,167 [main] (Eval.java:2158) - 
	Get EDGE in 38ms.  
	FOR EDGE{?region igeo:subdivisionDirecte ?departement}

 INFO 2016-04-01 14:07:09,167 [main] (ParallelMetaProducerLessBlocking.java:61) - Searching for edge : ?region igeo:subdivisionDirecte ?departement
 INFO 2016-04-01 14:07:09,167 [pool-59-thread-1] (CallableResult.java:52) - CallableResult for GetEdge
 INFO 2016-04-01 14:07:09,170 [pool-59-thread-2] (CallableResult.java:52) - CallableResult for GetEdge
 INFO 2016-04-01 14:07:09,172 [pool-59-thread-1] (CallableResult.java:63) - Finished CallableResult in 5 ms.
 INFO 2016-04-01 14:07:09,179 [pool-59-thread-2] (CallableResult.java:63) - Finished CallableResult in 9 ms.
 INFO 2016-04-01 14:07:09,180 [main] (ParallelMetaProducerLessBlocking.java:193) - Global results retrieved in getEdges 10ms.
 INFO 2016-04-01 14:07:09,180 [main] (ParallelMetaProducerLessBlocking.java:61) - Searching for edge : ?departement igeo:nom ?nom
 INFO 2016-04-01 14:07:09,180 [pool-60-thread-1] (CallableResult.java:52) - CallableResult for GetEdge
 INFO 2016-04-01 14:07:09,180 [pool-60-thread-2] (CallableResult.java:52) - CallableResult for GetEdge
 INFO 2016-04-01 14:07:09,184 [pool-60-thread-2] (CallableResult.java:63) - Finished CallableResult in 4 ms.
 INFO 2016-04-01 14:07:09,187 [pool-60-thread-1] (CallableResult.java:63) - Finished CallableResult in 7 ms.
 INFO 2016-04-01 14:07:09,188 [main] (ParallelMetaProducerLessBlocking.java:193) - Global results retrieved in getEdges 8ms.
 INFO 2016-04-01 14:07:09,188 [main] (Eval.java:2158) - 
	Get EDGE in 8ms.  
	FOR EDGE{?departement igeo:nom ?nom}

 INFO 2016-04-01 14:07:09,188 [main] (ParallelMetaProducerLessBlocking.java:61) - Searching for edge : ?departement igeo:nom ?nom
 INFO 2016-04-01 14:07:09,188 [pool-61-thread-1] (CallableResult.java:52) - CallableResult for GetEdge
 INFO 2016-04-01 14:07:09,191 [pool-61-thread-2] (CallableResult.java:52) - CallableResult for GetEdge
 INFO 2016-04-01 14:07:09,194 [pool-61-thread-1] (CallableResult.java:63) - Finished CallableResult in 6 ms.
 INFO 2016-04-01 14:07:09,196 [pool-61-thread-2] (CallableResult.java:63) - Finished CallableResult in 5 ms.
 INFO 2016-04-01 14:07:09,196 [main] (ParallelMetaProducerLessBlocking.java:193) - Global results retrieved in getEdges 6ms.
 INFO 2016-04-01 14:07:09,196 [main] (Eval.java:2158) - 
	Get EDGE in 8ms.  
	FOR EDGE{?departement igeo:nom ?nom}

 INFO 2016-04-01 14:07:09,197 [main] (ParallelMetaProducerLessBlocking.java:61) - Searching for edge : ?departement igeo:nom ?nom
 INFO 2016-04-01 14:07:09,197 [pool-62-thread-1] (CallableResult.java:52) - CallableResult for GetEdge
 INFO 2016-04-01 14:07:09,197 [pool-62-thread-2] (CallableResult.java:52) - CallableResult for GetEdge
 INFO 2016-04-01 14:07:09,203 [pool-62-thread-2] (CallableResult.java:63) - Finished CallableResult in 6 ms.
 INFO 2016-04-01 14:07:09,205 [pool-62-thread-1] (CallableResult.java:63) - Finished CallableResult in 8 ms.
 INFO 2016-04-01 14:07:09,205 [main] (ParallelMetaProducerLessBlocking.java:193) - Global results retrieved in getEdges 8ms.
 INFO 2016-04-01 14:07:09,205 [main] (Eval.java:2158) - 
	Get EDGE in 8ms.  
	FOR EDGE{?departement igeo:nom ?nom}

 INFO 2016-04-01 14:07:09,206 [main] (Eval.java:2158) - 
	Get EDGE in 39ms.  
	FOR EDGE{?region igeo:subdivisionDirecte ?departement}

 INFO 2016-04-01 14:07:09,206 [main] (ParallelMetaProducerLessBlocking.java:61) - Searching for edge : ?region igeo:subdivisionDirecte ?departement
 INFO 2016-04-01 14:07:09,206 [pool-63-thread-1] (CallableResult.java:52) - CallableResult for GetEdge
 INFO 2016-04-01 14:07:09,206 [pool-63-thread-2] (CallableResult.java:52) - CallableResult for GetEdge
 INFO 2016-04-01 14:07:09,210 [pool-63-thread-1] (CallableResult.java:63) - Finished CallableResult in 4 ms.
 INFO 2016-04-01 14:07:09,214 [pool-63-thread-2] (CallableResult.java:63) - Finished CallableResult in 8 ms.
 INFO 2016-04-01 14:07:09,214 [main] (ParallelMetaProducerLessBlocking.java:193) - Global results retrieved in getEdges 8ms.
 INFO 2016-04-01 14:07:09,214 [main] (ParallelMetaProducerLessBlocking.java:61) - Searching for edge : ?departement igeo:nom ?nom
 INFO 2016-04-01 14:07:09,215 [pool-64-thread-1] (CallableResult.java:52) - CallableResult for GetEdge
 INFO 2016-04-01 14:07:09,215 [pool-64-thread-2] (CallableResult.java:52) - CallableResult for GetEdge
 INFO 2016-04-01 14:07:09,219 [pool-64-thread-2] (CallableResult.java:63) - Finished CallableResult in 4 ms.
 INFO 2016-04-01 14:07:09,223 [pool-64-thread-1] (CallableResult.java:63) - Finished CallableResult in 8 ms.
 INFO 2016-04-01 14:07:09,223 [main] (ParallelMetaProducerLessBlocking.java:193) - Global results retrieved in getEdges 8ms.
 INFO 2016-04-01 14:07:09,224 [main] (Eval.java:2158) - 
	Get EDGE in 10ms.  
	FOR EDGE{?departement igeo:nom ?nom}

 INFO 2016-04-01 14:07:09,224 [main] (Eval.java:2158) - 
	Get EDGE in 18ms.  
	FOR EDGE{?region igeo:subdivisionDirecte ?departement}

 INFO 2016-04-01 14:07:09,224 [main] (ParallelMetaProducerLessBlocking.java:61) - Searching for edge : ?region igeo:subdivisionDirecte ?departement
 INFO 2016-04-01 14:07:09,224 [pool-65-thread-1] (CallableResult.java:52) - CallableResult for GetEdge
 INFO 2016-04-01 14:07:09,224 [pool-65-thread-2] (CallableResult.java:52) - CallableResult for GetEdge
 INFO 2016-04-01 14:07:09,228 [pool-65-thread-1] (CallableResult.java:63) - Finished CallableResult in 4 ms.
 INFO 2016-04-01 14:07:09,236 [pool-65-thread-2] (CallableResult.java:63) - Finished CallableResult in 11 ms.
 INFO 2016-04-01 14:07:09,236 [main] (ParallelMetaProducerLessBlocking.java:193) - Global results retrieved in getEdges 12ms.
 INFO 2016-04-01 14:07:09,236 [main] (ParallelMetaProducerLessBlocking.java:61) - Searching for edge : ?departement igeo:nom ?nom
 INFO 2016-04-01 14:07:09,236 [pool-66-thread-1] (CallableResult.java:52) - CallableResult for GetEdge
 INFO 2016-04-01 14:07:09,236 [pool-66-thread-2] (CallableResult.java:52) - CallableResult for GetEdge
 INFO 2016-04-01 14:07:09,240 [pool-66-thread-2] (CallableResult.java:63) - Finished CallableResult in 4 ms.
 INFO 2016-04-01 14:07:09,244 [pool-66-thread-1] (CallableResult.java:63) - Finished CallableResult in 8 ms.
 INFO 2016-04-01 14:07:09,244 [main] (ParallelMetaProducerLessBlocking.java:193) - Global results retrieved in getEdges 8ms.
 INFO 2016-04-01 14:07:09,244 [main] (Eval.java:2158) - 
	Get EDGE in 8ms.  
	FOR EDGE{?departement igeo:nom ?nom}

 INFO 2016-04-01 14:07:09,244 [main] (ParallelMetaProducerLessBlocking.java:61) - Searching for edge : ?departement igeo:nom ?nom
 INFO 2016-04-01 14:07:09,245 [pool-67-thread-1] (CallableResult.java:52) - CallableResult for GetEdge
 INFO 2016-04-01 14:07:09,245 [pool-67-thread-2] (CallableResult.java:52) - CallableResult for GetEdge
 INFO 2016-04-01 14:07:09,249 [pool-67-thread-1] (CallableResult.java:63) - Finished CallableResult in 4 ms.
 INFO 2016-04-01 14:07:09,252 [pool-67-thread-2] (CallableResult.java:63) - Finished CallableResult in 7 ms.
 INFO 2016-04-01 14:07:09,252 [main] (ParallelMetaProducerLessBlocking.java:193) - Global results retrieved in getEdges 7ms.
 INFO 2016-04-01 14:07:09,252 [main] (Eval.java:2158) - 
	Get EDGE in 8ms.  
	FOR EDGE{?departement igeo:nom ?nom}

 INFO 2016-04-01 14:07:09,252 [main] (Eval.java:2158) - 
	Get EDGE in 28ms.  
	FOR EDGE{?region igeo:subdivisionDirecte ?departement}

 INFO 2016-04-01 14:07:09,253 [main] (ParallelMetaProducerLessBlocking.java:61) - Searching for edge : ?region igeo:subdivisionDirecte ?departement
 INFO 2016-04-01 14:07:09,253 [pool-68-thread-1] (CallableResult.java:52) - CallableResult for GetEdge
 INFO 2016-04-01 14:07:09,253 [pool-68-thread-2] (CallableResult.java:52) - CallableResult for GetEdge
 INFO 2016-04-01 14:07:09,260 [pool-68-thread-1] (CallableResult.java:63) - Finished CallableResult in 7 ms.
 INFO 2016-04-01 14:07:09,263 [pool-68-thread-2] (CallableResult.java:63) - Finished CallableResult in 10 ms.
 INFO 2016-04-01 14:07:09,263 [main] (ParallelMetaProducerLessBlocking.java:193) - Global results retrieved in getEdges 10ms.
 INFO 2016-04-01 14:07:09,264 [main] (ParallelMetaProducerLessBlocking.java:61) - Searching for edge : ?departement igeo:nom ?nom
 INFO 2016-04-01 14:07:09,264 [pool-69-thread-1] (CallableResult.java:52) - CallableResult for GetEdge
 INFO 2016-04-01 14:07:09,264 [pool-69-thread-2] (CallableResult.java:52) - CallableResult for GetEdge
 INFO 2016-04-01 14:07:09,268 [pool-69-thread-1] (CallableResult.java:63) - Finished CallableResult in 4 ms.
 INFO 2016-04-01 14:07:09,271 [pool-69-thread-2] (CallableResult.java:63) - Finished CallableResult in 7 ms.
 INFO 2016-04-01 14:07:09,271 [main] (ParallelMetaProducerLessBlocking.java:193) - Global results retrieved in getEdges 7ms.
 INFO 2016-04-01 14:07:09,272 [main] (Eval.java:2158) - 
	Get EDGE in 8ms.  
	FOR EDGE{?departement igeo:nom ?nom}

 INFO 2016-04-01 14:07:09,272 [main] (ParallelMetaProducerLessBlocking.java:61) - Searching for edge : ?departement igeo:nom ?nom
 INFO 2016-04-01 14:07:09,272 [pool-70-thread-1] (CallableResult.java:52) - CallableResult for GetEdge
 INFO 2016-04-01 14:07:09,272 [pool-70-thread-2] (CallableResult.java:52) - CallableResult for GetEdge
 INFO 2016-04-01 14:07:09,277 [pool-70-thread-2] (CallableResult.java:63) - Finished CallableResult in 5 ms.
 INFO 2016-04-01 14:07:09,278 [pool-70-thread-1] (CallableResult.java:63) - Finished CallableResult in 6 ms.
 INFO 2016-04-01 14:07:09,279 [main] (ParallelMetaProducerLessBlocking.java:193) - Global results retrieved in getEdges 7ms.
 INFO 2016-04-01 14:07:09,280 [main] (Eval.java:2158) - 
	Get EDGE in 8ms.  
	FOR EDGE{?departement igeo:nom ?nom}

 INFO 2016-04-01 14:07:09,280 [main] (Eval.java:2158) - 
	Get EDGE in 27ms.  
	FOR EDGE{?region igeo:subdivisionDirecte ?departement}

 INFO 2016-04-01 14:07:09,280 [main] (ParallelMetaProducerLessBlocking.java:61) - Searching for edge : ?region igeo:subdivisionDirecte ?departement
 INFO 2016-04-01 14:07:09,280 [pool-71-thread-1] (CallableResult.java:52) - CallableResult for GetEdge
 INFO 2016-04-01 14:07:09,280 [pool-71-thread-2] (CallableResult.java:52) - CallableResult for GetEdge
 INFO 2016-04-01 14:07:09,284 [pool-71-thread-1] (CallableResult.java:63) - Finished CallableResult in 4 ms.
 INFO 2016-04-01 14:07:09,288 [pool-71-thread-2] (CallableResult.java:63) - Finished CallableResult in 8 ms.
 INFO 2016-04-01 14:07:09,288 [main] (ParallelMetaProducerLessBlocking.java:193) - Global results retrieved in getEdges 8ms.
 INFO 2016-04-01 14:07:09,288 [main] (ParallelMetaProducerLessBlocking.java:61) - Searching for edge : ?departement igeo:nom ?nom
 INFO 2016-04-01 14:07:09,289 [pool-72-thread-1] (CallableResult.java:52) - CallableResult for GetEdge
 INFO 2016-04-01 14:07:09,289 [pool-72-thread-2] (CallableResult.java:52) - CallableResult for GetEdge
 INFO 2016-04-01 14:07:09,295 [pool-72-thread-1] (CallableResult.java:63) - Finished CallableResult in 6 ms.
 INFO 2016-04-01 14:07:09,296 [pool-72-thread-2] (CallableResult.java:63) - Finished CallableResult in 7 ms.
 INFO 2016-04-01 14:07:09,297 [main] (ParallelMetaProducerLessBlocking.java:193) - Global results retrieved in getEdges 8ms.
 INFO 2016-04-01 14:07:09,297 [main] (Eval.java:2158) - 
	Get EDGE in 9ms.  
	FOR EDGE{?departement igeo:nom ?nom}

 INFO 2016-04-01 14:07:09,298 [main] (Eval.java:2158) - 
	Get EDGE in 18ms.  
	FOR EDGE{?region igeo:subdivisionDirecte ?departement}

 INFO 2016-04-01 14:07:09,298 [main] (ParallelMetaProducerLessBlocking.java:61) - Searching for edge : ?region igeo:subdivisionDirecte ?departement
 INFO 2016-04-01 14:07:09,298 [pool-73-thread-1] (CallableResult.java:52) - CallableResult for GetEdge
 INFO 2016-04-01 14:07:09,298 [pool-73-thread-2] (CallableResult.java:52) - CallableResult for GetEdge
 INFO 2016-04-01 14:07:09,304 [pool-73-thread-1] (CallableResult.java:63) - Finished CallableResult in 6 ms.
 INFO 2016-04-01 14:07:09,305 [pool-73-thread-2] (CallableResult.java:63) - Finished CallableResult in 7 ms.
 INFO 2016-04-01 14:07:09,306 [main] (ParallelMetaProducerLessBlocking.java:193) - Global results retrieved in getEdges 8ms.
 INFO 2016-04-01 14:07:09,306 [main] (ParallelMetaProducerLessBlocking.java:61) - Searching for edge : ?departement igeo:nom ?nom
 INFO 2016-04-01 14:07:09,306 [pool-74-thread-1] (CallableResult.java:52) - CallableResult for GetEdge
 INFO 2016-04-01 14:07:09,307 [pool-74-thread-2] (CallableResult.java:52) - CallableResult for GetEdge
 INFO 2016-04-01 14:07:09,311 [pool-74-thread-2] (CallableResult.java:63) - Finished CallableResult in 4 ms.
 INFO 2016-04-01 14:07:09,313 [pool-74-thread-1] (CallableResult.java:63) - Finished CallableResult in 7 ms.
 INFO 2016-04-01 14:07:09,313 [main] (ParallelMetaProducerLessBlocking.java:193) - Global results retrieved in getEdges 7ms.
 INFO 2016-04-01 14:07:09,314 [main] (Eval.java:2158) - 
	Get EDGE in 8ms.  
	FOR EDGE{?departement igeo:nom ?nom}

 INFO 2016-04-01 14:07:09,314 [main] (Eval.java:2158) - 
	Get EDGE in 16ms.  
	FOR EDGE{?region igeo:subdivisionDirecte ?departement}

 INFO 2016-04-01 14:07:09,314 [main] (ParallelMetaProducerLessBlocking.java:61) - Searching for edge : ?region igeo:subdivisionDirecte ?departement
 INFO 2016-04-01 14:07:09,315 [pool-75-thread-1] (CallableResult.java:52) - CallableResult for GetEdge
 INFO 2016-04-01 14:07:09,315 [pool-75-thread-2] (CallableResult.java:52) - CallableResult for GetEdge
 INFO 2016-04-01 14:07:09,319 [pool-75-thread-1] (CallableResult.java:63) - Finished CallableResult in 4 ms.
 INFO 2016-04-01 14:07:09,321 [pool-75-thread-2] (CallableResult.java:63) - Finished CallableResult in 6 ms.
 INFO 2016-04-01 14:07:09,322 [main] (ParallelMetaProducerLessBlocking.java:193) - Global results retrieved in getEdges 7ms.
 INFO 2016-04-01 14:07:09,322 [main] (ParallelMetaProducerLessBlocking.java:61) - Searching for edge : ?departement igeo:nom ?nom
 INFO 2016-04-01 14:07:09,322 [pool-76-thread-1] (CallableResult.java:52) - CallableResult for GetEdge
 INFO 2016-04-01 14:07:09,322 [pool-76-thread-2] (CallableResult.java:52) - CallableResult for GetEdge
 INFO 2016-04-01 14:07:09,327 [pool-76-thread-2] (CallableResult.java:63) - Finished CallableResult in 5 ms.
 INFO 2016-04-01 14:07:09,329 [pool-76-thread-1] (CallableResult.java:63) - Finished CallableResult in 7 ms.
 INFO 2016-04-01 14:07:09,329 [main] (ParallelMetaProducerLessBlocking.java:193) - Global results retrieved in getEdges 7ms.
 INFO 2016-04-01 14:07:09,329 [main] (Eval.java:2158) - 
	Get EDGE in 7ms.  
	FOR EDGE{?departement igeo:nom ?nom}

 INFO 2016-04-01 14:07:09,329 [main] (Eval.java:2158) - 
	Get EDGE in 15ms.  
	FOR EDGE{?region igeo:subdivisionDirecte ?departement}

 INFO 2016-04-01 14:07:09,330 [main] (ParallelMetaProducerLessBlocking.java:61) - Searching for edge : ?region igeo:subdivisionDirecte ?departement
 INFO 2016-04-01 14:07:09,330 [pool-77-thread-1] (CallableResult.java:52) - CallableResult for GetEdge
 INFO 2016-04-01 14:07:09,330 [pool-77-thread-2] (CallableResult.java:52) - CallableResult for GetEdge
 INFO 2016-04-01 14:07:09,336 [pool-77-thread-1] (CallableResult.java:63) - Finished CallableResult in 5 ms.
 INFO 2016-04-01 14:07:09,337 [pool-77-thread-2] (CallableResult.java:63) - Finished CallableResult in 7 ms.
 INFO 2016-04-01 14:07:09,337 [main] (ParallelMetaProducerLessBlocking.java:193) - Global results retrieved in getEdges 7ms.
 INFO 2016-04-01 14:07:09,337 [main] (ParallelMetaProducerLessBlocking.java:61) - Searching for edge : ?departement igeo:nom ?nom
 INFO 2016-04-01 14:07:09,338 [pool-78-thread-1] (CallableResult.java:52) - CallableResult for GetEdge
 INFO 2016-04-01 14:07:09,338 [pool-78-thread-2] (CallableResult.java:52) - CallableResult for GetEdge
 INFO 2016-04-01 14:07:09,342 [pool-78-thread-1] (CallableResult.java:63) - Finished CallableResult in 4 ms.
 INFO 2016-04-01 14:07:09,346 [pool-78-thread-2] (CallableResult.java:63) - Finished CallableResult in 8 ms.
 INFO 2016-04-01 14:07:09,346 [main] (ParallelMetaProducerLessBlocking.java:193) - Global results retrieved in getEdges 8ms.
 INFO 2016-04-01 14:07:09,346 [main] (Eval.java:2158) - 
	Get EDGE in 9ms.  
	FOR EDGE{?departement igeo:nom ?nom}

 INFO 2016-04-01 14:07:09,347 [main] (Eval.java:2158) - 
	Get EDGE in 17ms.  
	FOR EDGE{?region igeo:subdivisionDirecte ?departement}

 INFO 2016-04-01 14:07:09,347 [main] (ParallelMetaProducerLessBlocking.java:61) - Searching for edge : ?region igeo:subdivisionDirecte ?departement
 INFO 2016-04-01 14:07:09,347 [pool-79-thread-1] (CallableResult.java:52) - CallableResult for GetEdge
 INFO 2016-04-01 14:07:09,347 [pool-79-thread-2] (CallableResult.java:52) - CallableResult for GetEdge
 INFO 2016-04-01 14:07:09,351 [pool-79-thread-1] (CallableResult.java:63) - Finished CallableResult in 4 ms.
 INFO 2016-04-01 14:07:09,353 [pool-79-thread-2] (CallableResult.java:63) - Finished CallableResult in 6 ms.
 INFO 2016-04-01 14:07:09,353 [main] (ParallelMetaProducerLessBlocking.java:193) - Global results retrieved in getEdges 6ms.
 INFO 2016-04-01 14:07:09,353 [main] (ParallelMetaProducerLessBlocking.java:61) - Searching for edge : ?departement igeo:nom ?nom
 INFO 2016-04-01 14:07:09,354 [pool-80-thread-1] (CallableResult.java:52) - CallableResult for GetEdge
 INFO 2016-04-01 14:07:09,354 [pool-80-thread-2] (CallableResult.java:52) - CallableResult for GetEdge
 INFO 2016-04-01 14:07:09,358 [pool-80-thread-2] (CallableResult.java:63) - Finished CallableResult in 4 ms.
 INFO 2016-04-01 14:07:09,359 [pool-80-thread-1] (CallableResult.java:63) - Finished CallableResult in 5 ms.
 INFO 2016-04-01 14:07:09,359 [main] (ParallelMetaProducerLessBlocking.java:193) - Global results retrieved in getEdges 5ms.
 INFO 2016-04-01 14:07:09,360 [main] (Eval.java:2158) - 
	Get EDGE in 7ms.  
	FOR EDGE{?departement igeo:nom ?nom}

 INFO 2016-04-01 14:07:09,360 [main] (Eval.java:2158) - 
	Get EDGE in 13ms.  
	FOR EDGE{?region igeo:subdivisionDirecte ?departement}

 INFO 2016-04-01 14:07:09,360 [main] (ParallelMetaProducerLessBlocking.java:61) - Searching for edge : ?region igeo:subdivisionDirecte ?departement
 INFO 2016-04-01 14:07:09,360 [pool-81-thread-1] (CallableResult.java:52) - CallableResult for GetEdge
 INFO 2016-04-01 14:07:09,360 [pool-81-thread-2] (CallableResult.java:52) - CallableResult for GetEdge
 INFO 2016-04-01 14:07:09,366 [pool-81-thread-1] (CallableResult.java:63) - Finished CallableResult in 6 ms.
 INFO 2016-04-01 14:07:09,374 [pool-81-thread-2] (CallableResult.java:63) - Finished CallableResult in 14 ms.
 INFO 2016-04-01 14:07:09,374 [main] (ParallelMetaProducerLessBlocking.java:193) - Global results retrieved in getEdges 14ms.
 INFO 2016-04-01 14:07:09,374 [main] (ParallelMetaProducerLessBlocking.java:61) - Searching for edge : ?departement igeo:nom ?nom
 INFO 2016-04-01 14:07:09,375 [pool-82-thread-1] (CallableResult.java:52) - CallableResult for GetEdge
 INFO 2016-04-01 14:07:09,375 [pool-82-thread-2] (CallableResult.java:52) - CallableResult for GetEdge
 INFO 2016-04-01 14:07:09,380 [pool-82-thread-2] (CallableResult.java:63) - Finished CallableResult in 5 ms.
 INFO 2016-04-01 14:07:09,381 [pool-82-thread-1] (CallableResult.java:63) - Finished CallableResult in 6 ms.
 INFO 2016-04-01 14:07:09,381 [main] (ParallelMetaProducerLessBlocking.java:193) - Global results retrieved in getEdges 6ms.
 INFO 2016-04-01 14:07:09,382 [main] (Eval.java:2158) - 
	Get EDGE in 8ms.  
	FOR EDGE{?departement igeo:nom ?nom}

 INFO 2016-04-01 14:07:09,382 [main] (ParallelMetaProducerLessBlocking.java:61) - Searching for edge : ?departement igeo:nom ?nom
 INFO 2016-04-01 14:07:09,382 [pool-83-thread-1] (CallableResult.java:52) - CallableResult for GetEdge
 INFO 2016-04-01 14:07:09,383 [pool-83-thread-2] (CallableResult.java:52) - CallableResult for GetEdge
 INFO 2016-04-01 14:07:09,388 [pool-83-thread-2] (CallableResult.java:63) - Finished CallableResult in 5 ms.
 INFO 2016-04-01 14:07:09,389 [pool-83-thread-1] (CallableResult.java:63) - Finished CallableResult in 7 ms.
 INFO 2016-04-01 14:07:09,389 [main] (ParallelMetaProducerLessBlocking.java:193) - Global results retrieved in getEdges 7ms.
 INFO 2016-04-01 14:07:09,389 [main] (Eval.java:2158) - 
	Get EDGE in 7ms.  
	FOR EDGE{?departement igeo:nom ?nom}

 INFO 2016-04-01 14:07:09,389 [main] (ParallelMetaProducerLessBlocking.java:61) - Searching for edge : ?departement igeo:nom ?nom
 INFO 2016-04-01 14:07:09,390 [pool-84-thread-1] (CallableResult.java:52) - CallableResult for GetEdge
 INFO 2016-04-01 14:07:09,390 [pool-84-thread-2] (CallableResult.java:52) - CallableResult for GetEdge
 INFO 2016-04-01 14:07:09,394 [pool-84-thread-2] (CallableResult.java:63) - Finished CallableResult in 4 ms.
 INFO 2016-04-01 14:07:09,395 [pool-84-thread-1] (CallableResult.java:63) - Finished CallableResult in 5 ms.
 INFO 2016-04-01 14:07:09,395 [main] (ParallelMetaProducerLessBlocking.java:193) - Global results retrieved in getEdges 5ms.
 INFO 2016-04-01 14:07:09,396 [main] (Eval.java:2158) - 
	Get EDGE in 6ms.  
	FOR EDGE{?departement igeo:nom ?nom}

 INFO 2016-04-01 14:07:09,396 [main] (Eval.java:2158) - 
	Get EDGE in 36ms.  
	FOR EDGE{?region igeo:subdivisionDirecte ?departement}

 INFO 2016-04-01 14:07:09,396 [main] (Eval.java:2158) - 
	Get EDGE in 1130ms.  
	FOR EDGE{?region igeo:codeRegion ?v}

 INFO 2016-04-01 14:07:09,398 [main] (ProviderImplCostMonitoring.java:229) - ** Provider: 
prefix idemo: <http://rdf.insee.fr/def/demo#>
prefix igeo: <http://rdf.insee.fr/def/geo#>
select * 
where
{?departement idemo:population ?popLeg . 
?popLeg idemo:populationTotale ?popTotale . 
filter ((((((((((((((((((((?departement = <http://id.insee.fr/geo/departement/51>) || (?departement = <http://id.insee.fr/geo/departement/10>)) || (?departement = <http://id.insee.fr/geo/departement/52>)) || (?departement = <http://id.insee.fr/geo/departement/38>)) || (?departement = <http://id.insee.fr/geo/departement/74>)) || (?departement = <http://id.insee.fr/geo/departement/42>)) || (?departement = <http://id.insee.fr/geo/departement/26>)) || (?departement = <http://id.insee.fr/geo/departement/73>)) || (?departement = <http://id.insee.fr/geo/departement/69>)) || (?departement = <http://id.insee.fr/geo/departement/13>)) || (?departement = <http://id.insee.fr/geo/departement/62>)) || (?departement = <http://id.insee.fr/geo/departement/976>)) || (?departement = <http://id.insee.fr/geo/departement/39>)) || (?departement = <http://id.insee.fr/geo/departement/25>)) || (?departement = <http://id.insee.fr/geo/departement/90>)) || (?departement = <http://id.insee.fr/geo/departement/54>)) || (?departement = <http://id.insee.fr/geo/departement/12>)) || (?departement = <http://id.insee.fr/geo/departement/65>)) || (?departement = <http://id.insee.fr/geo/departement/23>)) || (?departement = <http://id.insee.fr/geo/departement/78>)) }


 INFO 2016-04-01 14:07:09,544 [main] (ProviderImplCostMonitoring.java:229) - ** Provider: 
prefix idemo: <http://rdf.insee.fr/def/demo#>
prefix igeo: <http://rdf.insee.fr/def/geo#>
select * 
where
{?departement idemo:population ?popLeg . 
?popLeg idemo:populationTotale ?popTotale . 
filter ((((((((((((((((((((?departement = <http://id.insee.fr/geo/departement/75>) || (?departement = <http://id.insee.fr/geo/departement/77>)) || (?departement = <http://id.insee.fr/geo/departement/91>)) || (?departement = <http://id.insee.fr/geo/departement/64>)) || (?departement = <http://id.insee.fr/geo/departement/24>)) || (?departement = <http://id.insee.fr/geo/departement/33>)) || (?departement = <http://id.insee.fr/geo/departement/21>)) || (?departement = <http://id.insee.fr/geo/departement/71>)) || (?departement = <http://id.insee.fr/geo/departement/14>)) || (?departement = <http://id.insee.fr/geo/departement/50>)) || (?departement = <http://id.insee.fr/geo/departement/61>)) || (?departement = <http://id.insee.fr/geo/departement/36>)) || (?departement = <http://id.insee.fr/geo/departement/37>)) || (?departement = <http://id.insee.fr/geo/departement/28>)) || (?departement = <http://id.insee.fr/geo/departement/27>)) || (?departement = <http://id.insee.fr/geo/departement/76>)) || (?departement = <http://id.insee.fr/geo/departement/79>)) || (?departement = <http://id.insee.fr/geo/departement/17>)) || (?departement = <http://id.insee.fr/geo/departement/16>)) || (?departement = <http://id.insee.fr/geo/departement/29>)) }


 INFO 2016-04-01 14:07:09,694 [main] (ProviderImplCostMonitoring.java:229) - ** Provider: 
prefix idemo: <http://rdf.insee.fr/def/demo#>
prefix igeo: <http://rdf.insee.fr/def/geo#>
select * 
where
{?departement idemo:population ?popLeg . 
?popLeg idemo:populationTotale ?popTotale . 
filter (((((((((((((((?departement = <http://id.insee.fr/geo/departement/35>) || (?departement = <http://id.insee.fr/geo/departement/22>)) || (?departement = <http://id.insee.fr/geo/departement/60>)) || (?departement = <http://id.insee.fr/geo/departement/72>)) || (?departement = <http://id.insee.fr/geo/departement/53>)) || (?departement = <http://id.insee.fr/geo/departement/15>)) || (?departement = <http://id.insee.fr/geo/departement/63>)) || (?departement = <http://id.insee.fr/geo/departement/974>)) || (?departement = <http://id.insee.fr/geo/departement/973>)) || (?departement = <http://id.insee.fr/geo/departement/972>)) || (?departement = <http://id.insee.fr/geo/departement/2A>)) || (?departement = <http://id.insee.fr/geo/departement/971>)) || (?departement = <http://id.insee.fr/geo/departement/66>)) || (?departement = <http://id.insee.fr/geo/departement/11>)) || (?departement = <http://id.insee.fr/geo/departement/34>)) }


 INFO 2016-04-01 14:07:09,791 [main] (Eval.java:1706) - 
	SERVICE in 395ms.  
	FOR [AND{EDGE{?departement idemo:population ?popLeg} EDGE{?popLeg idemo:populationTotale ?popTotale} }]

 INFO 2016-04-01 14:07:09,797 [main] (TestDQP.java:205) - 54 results in 1776 ms
 INFO 2016-04-01 14:07:09,797 [main] (TestDQP.java:206) - 
01 ?nom = "Creuse"; ?popTotale = 125714; 
02 ?nom = "Territoire de Belfort"; ?popTotale = 147777; 
03 ?nom = "Corse-du-Sud"; ?popTotale = 151621; 
04 ?nom = "Cantal"; ?popTotale = 152797; 
05 ?nom = "Haute-Marne"; ?popTotale = 188083; 
06 ?nom = "Indre"; ?popTotale = 235181; 
07 ?nom = "Hautes-Pyrnes"; ?popTotale = 236728; 
08 ?nom = "Guyane"; ?popTotale = 246507; 
09 ?nom = "Jura"; ?popTotale = 270914; 
10 ?nom = "Aveyron"; ?popTotale = 289257; 
11 ?nom = "Orne"; ?popTotale = 298248; 
12 ?nom = "Aube"; ?popTotale = 314825; 
13 ?nom = "Mayenne"; ?popTotale = 318095; 
14 ?nom = "Charente"; ?popTotale = 366587; 
15 ?nom = "Aude"; ?popTotale = 374868; 
16 ?nom = "Deux-Svres"; ?popTotale = 383079; 
17 ?nom = "Martinique"; ?popTotale = 391837; 
18 ?nom = "Guadeloupe"; ?popTotale = 409055; 
19 ?nom = "Dordogne"; ?popTotale = 429579; 
20 ?nom = "Savoie"; ?popTotale = 437915; 
21 ?nom = "Eure-et-Loir"; ?popTotale = 444385; 
22 ?nom = "Pyrnes-Orientales"; ?popTotale = 471573; 
23 ?nom = "Drme"; ?popTotale = 509444; 
24 ?nom = "Manche"; ?popTotale = 518364; 
25 ?nom = "Cte-d\'Or"; ?popTotale = 543648; 
26 ?nom = "Doubs"; ?popTotale = 548026; 
27 ?nom = "Sane-et-Loire"; ?popTotale = 575097; 
28 ?nom = "Marne"; ?popTotale = 583691; 
29 ?nom = "Sarthe"; ?popTotale = 584865; 
30 ?nom = "Eure"; ?popTotale = 612518; 
31 ?nom = "Indre-et-Loire"; ?popTotale = 615557; 
32 ?nom = "Ctes-d\'Armor"; ?popTotale = 617565; 
33 ?nom = "Charente-Maritime"; ?popTotale = 652610; 
34 ?nom = "Puy-de-Dme"; ?popTotale = 658489; 
35 ?nom = "Pyrnes-Atlantiques"; ?popTotale = 685564; 
36 ?nom = "Calvados"; ?popTotale = 706635; 
37 ?nom = "Meurthe-et-Moselle"; ?popTotale = 745398; 
38 ?nom = "Loire"; ?popTotale = 774144; 
39 ?nom = "Haute-Savoie"; ?popTotale = 793342; 
40 ?nom = "Oise"; ?popTotale = 835918; 
41 ?nom = "La Runion"; ?popTotale = 844741; 
42 ?nom = "Finistre"; ?popTotale = 934625; 
43 ?nom = "Ille-et-Vilaine"; ?popTotale = 1047873; 
44 ?nom = "Hrault"; ?popTotale = 1111881; 
45 ?nom = "Isre"; ?popTotale = 1263850; 
46 ?nom = "Essonne"; ?popTotale = 1273233; 
47 ?nom = "Seine-Maritime"; ?popTotale = 1280410; 
48 ?nom = "Seine-et-Marne"; ?popTotale = 1387830; 
49 ?nom = "Yvelines"; ?popTotale = 1446301; 
50 ?nom = "Pas-de-Calais"; ?popTotale = 1491735; 
51 ?nom = "Gironde"; ?popTotale = 1536448; 
52 ?nom = "Rhne"; ?popTotale = 1812196; 
53 ?nom = "Bouches-du-Rhne"; ?popTotale = 2022604; 
54 ?nom = "Paris"; ?popTotale = 2254262; 

 INFO 2016-04-01 14:07:09,798 [main] (TestDQP.java:207) - Remote queries
 INFO 2016-04-01 14:07:09,799 [main] (TestDQP.java:208) - =========
	?region igeo:subdivisionDirecte ?departement
	52
--
	?region igeo:codeRegion ?v
	2
--
	?departement igeo:nom ?nom
	114
--
	prefix idemo: <http://rdf.insee.fr/def/demo#> prefix igeo: <http://rdf.insee.fr/def/geo#> select *  where {?departement idemo:population ?popLeg .  ?popLeg idemo:populationTotale ?popTotale .  filter ((((((((((((((((((((?departement = <http://id.insee.fr/geo/departement/75>) || (?departement = <http://id.insee.fr/geo/departement/77>)) || (?departement = <http://id.insee.fr/geo/departement/91>)) || (?departement = <http://id.insee.fr/geo/departement/64>)) || (?departement = <http://id.insee.fr/geo/departement/24>)) || (?departement = <http://id.insee.fr/geo/departement/33>)) || (?departement = <http://id.insee.fr/geo/departement/21>)) || (?departement = <http://id.insee.fr/geo/departement/71>)) || (?departement = <http://id.insee.fr/geo/departement/14>)) || (?departement = <http://id.insee.fr/geo/departement/50>)) || (?departement = <http://id.insee.fr/geo/departement/61>)) || (?departement = <http://id.insee.fr/geo/departement/36>)) || (?departement = <http://id.insee.fr/geo/departement/37>)) || (?departement = <http://id.insee.fr/geo/departement/28>)) || (?departement = <http://id.insee.fr/geo/departement/27>)) || (?departement = <http://id.insee.fr/geo/departement/76>)) || (?departement = <http://id.insee.fr/geo/departement/79>)) || (?departement = <http://id.insee.fr/geo/departement/17>)) || (?departement = <http://id.insee.fr/geo/departement/16>)) || (?departement = <http://id.insee.fr/geo/departement/29>)) }  
	1
--
	prefix idemo: <http://rdf.insee.fr/def/demo#> prefix igeo: <http://rdf.insee.fr/def/geo#> select *  where {?departement idemo:population ?popLeg .  ?popLeg idemo:populationTotale ?popTotale .  filter (((((((((((((((?departement = <http://id.insee.fr/geo/departement/35>) || (?departement = <http://id.insee.fr/geo/departement/22>)) || (?departement = <http://id.insee.fr/geo/departement/60>)) || (?departement = <http://id.insee.fr/geo/departement/72>)) || (?departement = <http://id.insee.fr/geo/departement/53>)) || (?departement = <http://id.insee.fr/geo/departement/15>)) || (?departement = <http://id.insee.fr/geo/departement/63>)) || (?departement = <http://id.insee.fr/geo/departement/974>)) || (?departement = <http://id.insee.fr/geo/departement/973>)) || (?departement = <http://id.insee.fr/geo/departement/972>)) || (?departement = <http://id.insee.fr/geo/departement/2A>)) || (?departement = <http://id.insee.fr/geo/departement/971>)) || (?departement = <http://id.insee.fr/geo/departement/66>)) || (?departement = <http://id.insee.fr/geo/departement/11>)) || (?departement = <http://id.insee.fr/geo/departement/34>)) }  
	1
--
	prefix idemo: <http://rdf.insee.fr/def/demo#> prefix igeo: <http://rdf.insee.fr/def/geo#> select *  where {?departement idemo:population ?popLeg .  ?popLeg idemo:populationTotale ?popTotale .  filter ((((((((((((((((((((?departement = <http://id.insee.fr/geo/departement/51>) || (?departement = <http://id.insee.fr/geo/departement/10>)) || (?departement = <http://id.insee.fr/geo/departement/52>)) || (?departement = <http://id.insee.fr/geo/departement/38>)) || (?departement = <http://id.insee.fr/geo/departement/74>)) || (?departement = <http://id.insee.fr/geo/departement/42>)) || (?departement = <http://id.insee.fr/geo/departement/26>)) || (?departement = <http://id.insee.fr/geo/departement/73>)) || (?departement = <http://id.insee.fr/geo/departement/69>)) || (?departement = <http://id.insee.fr/geo/departement/13>)) || (?departement = <http://id.insee.fr/geo/departement/62>)) || (?departement = <http://id.insee.fr/geo/departement/976>)) || (?departement = <http://id.insee.fr/geo/departement/39>)) || (?departement = <http://id.insee.fr/geo/departement/25>)) || (?departement = <http://id.insee.fr/geo/departement/90>)) || (?departement = <http://id.insee.fr/geo/departement/54>)) || (?departement = <http://id.insee.fr/geo/departement/12>)) || (?departement = <http://id.insee.fr/geo/departement/65>)) || (?departement = <http://id.insee.fr/geo/departement/23>)) || (?departement = <http://id.insee.fr/geo/departement/78>)) }  
	1
--
	>====  Sum = 171  =====

 INFO 2016-04-01 14:07:09,799 [main] (TestDQP.java:209) - Transferred results per query
 INFO 2016-04-01 14:07:09,799 [main] (TestDQP.java:210) - =========
	?region igeo:subdivisionDirecte ?departement
	57
--
	?region igeo:codeRegion ?v
	33
--
	?departement igeo:nom ?nom
	55
--
	prefix idemo: <http://rdf.insee.fr/def/demo#> prefix igeo: <http://rdf.insee.fr/def/geo#> select *  where {?departement idemo:population ?popLeg .  ?popLeg idemo:populationTotale ?popTotale .  filter ((((((((((((((((((((?departement = <http://id.insee.fr/geo/departement/75>) || (?departement = <http://id.insee.fr/geo/departement/77>)) || (?departement = <http://id.insee.fr/geo/departement/91>)) || (?departement = <http://id.insee.fr/geo/departement/64>)) || (?departement = <http://id.insee.fr/geo/departement/24>)) || (?departement = <http://id.insee.fr/geo/departement/33>)) || (?departement = <http://id.insee.fr/geo/departement/21>)) || (?departement = <http://id.insee.fr/geo/departement/71>)) || (?departement = <http://id.insee.fr/geo/departement/14>)) || (?departement = <http://id.insee.fr/geo/departement/50>)) || (?departement = <http://id.insee.fr/geo/departement/61>)) || (?departement = <http://id.insee.fr/geo/departement/36>)) || (?departement = <http://id.insee.fr/geo/departement/37>)) || (?departement = <http://id.insee.fr/geo/departement/28>)) || (?departement = <http://id.insee.fr/geo/departement/27>)) || (?departement = <http://id.insee.fr/geo/departement/76>)) || (?departement = <http://id.insee.fr/geo/departement/79>)) || (?departement = <http://id.insee.fr/geo/departement/17>)) || (?departement = <http://id.insee.fr/geo/departement/16>)) || (?departement = <http://id.insee.fr/geo/departement/29>)) }  
	20
--
	prefix idemo: <http://rdf.insee.fr/def/demo#> prefix igeo: <http://rdf.insee.fr/def/geo#> select *  where {?departement idemo:population ?popLeg .  ?popLeg idemo:populationTotale ?popTotale .  filter (((((((((((((((?departement = <http://id.insee.fr/geo/departement/35>) || (?departement = <http://id.insee.fr/geo/departement/22>)) || (?departement = <http://id.insee.fr/geo/departement/60>)) || (?departement = <http://id.insee.fr/geo/departement/72>)) || (?departement = <http://id.insee.fr/geo/departement/53>)) || (?departement = <http://id.insee.fr/geo/departement/15>)) || (?departement = <http://id.insee.fr/geo/departement/63>)) || (?departement = <http://id.insee.fr/geo/departement/974>)) || (?departement = <http://id.insee.fr/geo/departement/973>)) || (?departement = <http://id.insee.fr/geo/departement/972>)) || (?departement = <http://id.insee.fr/geo/departement/2A>)) || (?departement = <http://id.insee.fr/geo/departement/971>)) || (?departement = <http://id.insee.fr/geo/departement/66>)) || (?departement = <http://id.insee.fr/geo/departement/11>)) || (?departement = <http://id.insee.fr/geo/departement/34>)) }  
	15
--
	prefix idemo: <http://rdf.insee.fr/def/demo#> prefix igeo: <http://rdf.insee.fr/def/geo#> select *  where {?departement idemo:population ?popLeg .  ?popLeg idemo:populationTotale ?popTotale .  filter ((((((((((((((((((((?departement = <http://id.insee.fr/geo/departement/51>) || (?departement = <http://id.insee.fr/geo/departement/10>)) || (?departement = <http://id.insee.fr/geo/departement/52>)) || (?departement = <http://id.insee.fr/geo/departement/38>)) || (?departement = <http://id.insee.fr/geo/departement/74>)) || (?departement = <http://id.insee.fr/geo/departement/42>)) || (?departement = <http://id.insee.fr/geo/departement/26>)) || (?departement = <http://id.insee.fr/geo/departement/73>)) || (?departement = <http://id.insee.fr/geo/departement/69>)) || (?departement = <http://id.insee.fr/geo/departement/13>)) || (?departement = <http://id.insee.fr/geo/departement/62>)) || (?departement = <http://id.insee.fr/geo/departement/976>)) || (?departement = <http://id.insee.fr/geo/departement/39>)) || (?departement = <http://id.insee.fr/geo/departement/25>)) || (?departement = <http://id.insee.fr/geo/departement/90>)) || (?departement = <http://id.insee.fr/geo/departement/54>)) || (?departement = <http://id.insee.fr/geo/departement/12>)) || (?departement = <http://id.insee.fr/geo/departement/65>)) || (?departement = <http://id.insee.fr/geo/departement/23>)) || (?departement = <http://id.insee.fr/geo/departement/78>)) }  
	19
--
	>====  Sum = 199  =====

 INFO 2016-04-01 14:07:09,799 [main] (TestDQP.java:211) - Remote queries per data source
 INFO 2016-04-01 14:07:09,799 [main] (TestDQP.java:212) - =========
	http://localhost:8085/sparql
	27
--
	http://localhost:8088/sparql
	3
--
	http://localhost:8086/sparql
	83
--
	http://localhost:8087/sparql
	58
--
	>====  Sum = 171  =====

 INFO 2016-04-01 14:07:09,799 [main] (TestDQP.java:213) - Transferred results per source
 INFO 2016-04-01 14:07:09,799 [main] (TestDQP.java:214) - =========
	http://localhost:8085/sparql
	24
--
	http://localhost:8088/sparql
	54
--
	http://localhost:8086/sparql
	84
--
	http://localhost:8087/sparql
	37
--
	>====  Sum = 199  =====

