 INFO 2016-04-01 14:08:01,680 [main] (ServiceGrouper.java:84) - Building indices for 
 INFO 2016-04-01 14:08:01,682 [main] (ServiceGrouper.java:85) - {?region igeo:codeRegion ?v . 
?region igeo:subdivisionDirecte ?departement . 
?departement igeo:nom ?nom . 
?departement idemo:population ?popLeg . 
?popLeg idemo:populationTotale ?popTotale . }
 INFO 2016-04-01 14:08:01,841 [main] (ServiceGrouper.java:559) - Edge index
 INFO 2016-04-01 14:08:01,841 [main] (ServiceGrouper.java:575) - Source index
 INFO 2016-04-01 14:08:01,842 [main] (ServiceGrouper.java:259) - Found consecutive triple patterns into {?region igeo:codeRegion ?v . 
?region igeo:subdivisionDirecte ?departement . 
?departement igeo:nom ?nom . 
?departement idemo:population ?popLeg . 
?popLeg idemo:populationTotale ?popTotale . }
 INFO 2016-04-01 14:08:01,842 [main] (ServiceGrouper.java:426) - Processing
[?region igeo:codeRegion ?v . , ?region igeo:subdivisionDirecte ?departement . , ?departement igeo:nom ?nom . , ?departement idemo:population ?popLeg . , ?popLeg idemo:populationTotale ?popTotale . ]
 WARN 2016-04-01 14:08:01,843 [main] (ServiceGrouper.java:446) - Triple pattern ?region igeo:codeRegion ?v .  appears in more than one data source, excluded from SERVICE.
 WARN 2016-04-01 14:08:01,843 [main] (ServiceGrouper.java:446) - Triple pattern ?region igeo:subdivisionDirecte ?departement .  appears in more than one data source, excluded from SERVICE.
 WARN 2016-04-01 14:08:01,844 [main] (ServiceGrouper.java:446) - Triple pattern ?region igeo:subdivisionDirecte ?departement .  appears in more than one data source, excluded from SERVICE.
 WARN 2016-04-01 14:08:01,844 [main] (ServiceGrouper.java:446) - Triple pattern ?departement igeo:nom ?nom .  appears in more than one data source, excluded from SERVICE.
 WARN 2016-04-01 14:08:01,844 [main] (ServiceGrouper.java:446) - Triple pattern ?region igeo:codeRegion ?v .  appears in more than one data source, excluded from SERVICE.
 WARN 2016-04-01 14:08:01,844 [main] (ServiceGrouper.java:446) - Triple pattern ?departement igeo:nom ?nom .  appears in more than one data source, excluded from SERVICE.
 INFO 2016-04-01 14:08:01,844 [main] (ServiceGrouper.java:271) - Ranking : 
 INFO 2016-04-01 14:08:01,845 [main] (ServiceGrouper.java:272) - {?region igeo:codeRegion ?v . 
?region igeo:subdivisionDirecte ?departement . 
service <http://localhost:8088/sparql> {?departement idemo:population ?popLeg . 
?popLeg idemo:populationTotale ?popTotale . }
?departement igeo:nom ?nom . }
 INFO 2016-04-01 14:08:01,845 [main] (ServiceGrouper.java:277) - 2 free variables for ?region igeo:codeRegion ?v . 
 INFO 2016-04-01 14:08:01,845 [main] (ServiceGrouper.java:277) - 2 free variables for ?region igeo:subdivisionDirecte ?departement . 
 INFO 2016-04-01 14:08:01,845 [main] (ServiceGrouper.java:277) - 3 free variables for service <http://localhost:8088/sparql> {?departement idemo:population ?popLeg . 
?popLeg idemo:populationTotale ?popTotale . }
 INFO 2016-04-01 14:08:01,845 [main] (ServiceGrouper.java:277) - 2 free variables for ?departement igeo:nom ?nom . 
 INFO 2016-04-01 14:08:01,846 [main] (ServiceGrouper.java:286) - Sorting services possibly with the same score
 WARN 2016-04-01 14:08:01,846 [main] (ServiceGrouper.java:353) - Searching for ?region igeo:codeRegion ?v .  in [?region igeo:codeRegion ?v . , ?region igeo:subdivisionDirecte ?departement . , ?departement igeo:nom ?nom . , ?departement idemo:population ?popLeg . , ?popLeg idemo:populationTotale ?popTotale . ]
 WARN 2016-04-01 14:08:01,846 [main] (ServiceGrouper.java:353) - Searching for ?departement igeo:nom ?nom .  in [?region igeo:codeRegion ?v . , ?region igeo:subdivisionDirecte ?departement . , ?departement igeo:nom ?nom . , ?departement idemo:population ?popLeg . , ?popLeg idemo:populationTotale ?popTotale . ]
 INFO 2016-04-01 14:08:01,847 [main] (ServiceGrouper.java:328) - Comparing : ?region igeo:codeRegion ?v .  with ?departement igeo:nom ?nom . 
 WARN 2016-04-01 14:08:01,847 [main] (ServiceGrouper.java:353) - Searching for ?region igeo:subdivisionDirecte ?departement .  in [?region igeo:codeRegion ?v . , ?region igeo:subdivisionDirecte ?departement . , ?departement igeo:nom ?nom . , ?departement idemo:population ?popLeg . , ?popLeg idemo:populationTotale ?popTotale . ]
 WARN 2016-04-01 14:08:01,847 [main] (ServiceGrouper.java:353) - Searching for ?region igeo:codeRegion ?v .  in [?region igeo:codeRegion ?v . , ?region igeo:subdivisionDirecte ?departement . , ?departement igeo:nom ?nom . , ?departement idemo:population ?popLeg . , ?popLeg idemo:populationTotale ?popTotale . ]
 INFO 2016-04-01 14:08:01,847 [main] (ServiceGrouper.java:328) - Comparing : ?region igeo:subdivisionDirecte ?departement .  with ?region igeo:codeRegion ?v . 
 WARN 2016-04-01 14:08:01,847 [main] (ServiceGrouper.java:353) - Searching for ?region igeo:subdivisionDirecte ?departement .  in [?region igeo:codeRegion ?v . , ?region igeo:subdivisionDirecte ?departement . , ?departement igeo:nom ?nom . , ?departement idemo:population ?popLeg . , ?popLeg idemo:populationTotale ?popTotale . ]
 WARN 2016-04-01 14:08:01,847 [main] (ServiceGrouper.java:353) - Searching for ?departement igeo:nom ?nom .  in [?region igeo:codeRegion ?v . , ?region igeo:subdivisionDirecte ?departement . , ?departement igeo:nom ?nom . , ?departement idemo:population ?popLeg . , ?popLeg idemo:populationTotale ?popTotale . ]
 INFO 2016-04-01 14:08:01,848 [main] (ServiceGrouper.java:328) - Comparing : ?region igeo:subdivisionDirecte ?departement .  with ?departement igeo:nom ?nom . 
 WARN 2016-04-01 14:08:01,848 [main] (ServiceGrouper.java:353) - Searching for ?region igeo:subdivisionDirecte ?departement .  in [?region igeo:codeRegion ?v . , ?region igeo:subdivisionDirecte ?departement . , ?departement igeo:nom ?nom . , ?departement idemo:population ?popLeg . , ?popLeg idemo:populationTotale ?popTotale . ]
 WARN 2016-04-01 14:08:01,848 [main] (ServiceGrouper.java:353) - Searching for ?region igeo:codeRegion ?v .  in [?region igeo:codeRegion ?v . , ?region igeo:subdivisionDirecte ?departement . , ?departement igeo:nom ?nom . , ?departement idemo:population ?popLeg . , ?popLeg idemo:populationTotale ?popTotale . ]
 INFO 2016-04-01 14:08:01,848 [main] (ServiceGrouper.java:328) - Comparing : ?region igeo:subdivisionDirecte ?departement .  with ?region igeo:codeRegion ?v . 
 INFO 2016-04-01 14:08:01,849 [main] (ServiceGrouper.java:340) - {?region igeo:codeRegion ?v . 
?region igeo:subdivisionDirecte ?departement . 
?departement igeo:nom ?nom . 
service <http://localhost:8088/sparql> {?departement idemo:population ?popLeg . 
?popLeg idemo:populationTotale ?popTotale . }}
 INFO 2016-04-01 14:08:01,849 [main] (ServiceGrouper.java:118) - Final rewritten query
 INFO 2016-04-01 14:08:01,849 [main] (ServiceGrouper.java:119) - prefix idemo: <http://rdf.insee.fr/def/demo#>
prefix igeo: <http://rdf.insee.fr/def/geo#>
select ?nom ?popTotale 
where
{?region igeo:codeRegion ?v . 
?region igeo:subdivisionDirecte ?departement . 
?departement igeo:nom ?nom . 
service <http://localhost:8088/sparql> {?departement idemo:population ?popLeg . 
?popLeg idemo:populationTotale ?popTotale . }}
order by ?popTotale 


 INFO 2016-04-01 14:08:01,862 [main] (ParallelMetaProducerLessBlocking.java:61) - Searching for edge : ?region igeo:codeRegion ?v
 INFO 2016-04-01 14:08:01,863 [pool-1-thread-2] (CallableResult.java:52) - CallableResult for GetEdge
 INFO 2016-04-01 14:08:01,865 [pool-1-thread-1] (CallableResult.java:52) - CallableResult for GetEdge
 INFO 2016-04-01 14:08:01,963 [pool-1-thread-1] (CallableResult.java:63) - Finished CallableResult in 100 ms.
 INFO 2016-04-01 14:08:02,018 [pool-1-thread-2] (CallableResult.java:63) - Finished CallableResult in 155 ms.
 INFO 2016-04-01 14:08:02,026 [main] (ParallelMetaProducerLessBlocking.java:193) - Global results retrieved in getEdges 163ms.
 INFO 2016-04-01 14:08:02,027 [main] (ParallelMetaProducerLessBlocking.java:61) - Searching for edge : ?region igeo:subdivisionDirecte ?departement
 INFO 2016-04-01 14:08:02,027 [pool-2-thread-2] (CallableResult.java:52) - CallableResult for GetEdge
 INFO 2016-04-01 14:08:02,027 [pool-2-thread-1] (CallableResult.java:52) - CallableResult for GetEdge
 INFO 2016-04-01 14:08:02,036 [pool-2-thread-2] (CallableResult.java:63) - Finished CallableResult in 9 ms.
 INFO 2016-04-01 14:08:02,045 [pool-2-thread-1] (CallableResult.java:63) - Finished CallableResult in 18 ms.
 INFO 2016-04-01 14:08:02,046 [main] (ParallelMetaProducerLessBlocking.java:193) - Global results retrieved in getEdges 18ms.
 INFO 2016-04-01 14:08:02,047 [main] (ParallelMetaProducerLessBlocking.java:61) - Searching for edge : ?departement igeo:nom ?nom
 INFO 2016-04-01 14:08:02,047 [pool-3-thread-1] (CallableResult.java:52) - CallableResult for GetEdge
 INFO 2016-04-01 14:08:02,047 [pool-3-thread-2] (CallableResult.java:52) - CallableResult for GetEdge
 INFO 2016-04-01 14:08:02,059 [pool-3-thread-1] (CallableResult.java:63) - Finished CallableResult in 12 ms.
 INFO 2016-04-01 14:08:02,060 [pool-3-thread-2] (CallableResult.java:63) - Finished CallableResult in 13 ms.
 INFO 2016-04-01 14:08:02,060 [main] (ParallelMetaProducerLessBlocking.java:193) - Global results retrieved in getEdges 13ms.
 INFO 2016-04-01 14:08:02,060 [main] (Eval.java:2158) - 
	Get EDGE in 13ms.  
	FOR EDGE{?departement igeo:nom ?nom}

 INFO 2016-04-01 14:08:02,061 [main] (ParallelMetaProducerLessBlocking.java:61) - Searching for edge : ?departement igeo:nom ?nom
 INFO 2016-04-01 14:08:02,061 [pool-4-thread-1] (CallableResult.java:52) - CallableResult for GetEdge
 INFO 2016-04-01 14:08:02,061 [pool-4-thread-2] (CallableResult.java:52) - CallableResult for GetEdge
 INFO 2016-04-01 14:08:02,066 [pool-4-thread-2] (CallableResult.java:63) - Finished CallableResult in 5 ms.
 INFO 2016-04-01 14:08:02,069 [pool-4-thread-1] (CallableResult.java:63) - Finished CallableResult in 7 ms.
 INFO 2016-04-01 14:08:02,069 [main] (ParallelMetaProducerLessBlocking.java:193) - Global results retrieved in getEdges 8ms.
 INFO 2016-04-01 14:08:02,069 [main] (Eval.java:2158) - 
	Get EDGE in 8ms.  
	FOR EDGE{?departement igeo:nom ?nom}

 INFO 2016-04-01 14:08:02,069 [main] (ParallelMetaProducerLessBlocking.java:61) - Searching for edge : ?departement igeo:nom ?nom
 INFO 2016-04-01 14:08:02,077 [pool-5-thread-1] (CallableResult.java:52) - CallableResult for GetEdge
 INFO 2016-04-01 14:08:02,078 [pool-5-thread-2] (CallableResult.java:52) - CallableResult for GetEdge
 INFO 2016-04-01 14:08:02,082 [pool-5-thread-1] (CallableResult.java:63) - Finished CallableResult in 5 ms.
 INFO 2016-04-01 14:08:02,085 [pool-5-thread-2] (CallableResult.java:63) - Finished CallableResult in 8 ms.
 INFO 2016-04-01 14:08:02,085 [main] (ParallelMetaProducerLessBlocking.java:193) - Global results retrieved in getEdges 15ms.
 INFO 2016-04-01 14:08:02,085 [main] (Eval.java:2158) - 
	Get EDGE in 16ms.  
	FOR EDGE{?departement igeo:nom ?nom}

 INFO 2016-04-01 14:08:02,085 [main] (Eval.java:2158) - 
	Get EDGE in 58ms.  
	FOR EDGE{?region igeo:subdivisionDirecte ?departement}

 INFO 2016-04-01 14:08:02,086 [main] (ParallelMetaProducerLessBlocking.java:61) - Searching for edge : ?region igeo:subdivisionDirecte ?departement
 INFO 2016-04-01 14:08:02,086 [pool-6-thread-1] (CallableResult.java:52) - CallableResult for GetEdge
 INFO 2016-04-01 14:08:02,086 [pool-6-thread-2] (CallableResult.java:52) - CallableResult for GetEdge
 INFO 2016-04-01 14:08:02,091 [pool-6-thread-2] (CallableResult.java:63) - Finished CallableResult in 5 ms.
 INFO 2016-04-01 14:08:02,105 [pool-6-thread-1] (CallableResult.java:63) - Finished CallableResult in 19 ms.
 INFO 2016-04-01 14:08:02,105 [main] (ParallelMetaProducerLessBlocking.java:193) - Global results retrieved in getEdges 19ms.
 INFO 2016-04-01 14:08:02,106 [main] (ParallelMetaProducerLessBlocking.java:61) - Searching for edge : ?departement igeo:nom ?nom
 INFO 2016-04-01 14:08:02,106 [pool-7-thread-1] (CallableResult.java:52) - CallableResult for GetEdge
 INFO 2016-04-01 14:08:02,106 [pool-7-thread-2] (CallableResult.java:52) - CallableResult for GetEdge
 INFO 2016-04-01 14:08:02,112 [pool-7-thread-1] (CallableResult.java:63) - Finished CallableResult in 6 ms.
 INFO 2016-04-01 14:08:02,116 [pool-7-thread-2] (CallableResult.java:63) - Finished CallableResult in 10 ms.
 INFO 2016-04-01 14:08:02,117 [main] (ParallelMetaProducerLessBlocking.java:193) - Global results retrieved in getEdges 11ms.
 INFO 2016-04-01 14:08:02,117 [main] (Eval.java:2158) - 
	Get EDGE in 11ms.  
	FOR EDGE{?departement igeo:nom ?nom}

 INFO 2016-04-01 14:08:02,117 [main] (ParallelMetaProducerLessBlocking.java:61) - Searching for edge : ?departement igeo:nom ?nom
 INFO 2016-04-01 14:08:02,117 [pool-8-thread-1] (CallableResult.java:52) - CallableResult for GetEdge
 INFO 2016-04-01 14:08:02,118 [pool-8-thread-2] (CallableResult.java:52) - CallableResult for GetEdge
 INFO 2016-04-01 14:08:02,121 [pool-8-thread-2] (CallableResult.java:63) - Finished CallableResult in 3 ms.
 INFO 2016-04-01 14:08:02,124 [pool-8-thread-1] (CallableResult.java:63) - Finished CallableResult in 7 ms.
 INFO 2016-04-01 14:08:02,125 [main] (ParallelMetaProducerLessBlocking.java:193) - Global results retrieved in getEdges 8ms.
 INFO 2016-04-01 14:08:02,125 [main] (Eval.java:2158) - 
	Get EDGE in 8ms.  
	FOR EDGE{?departement igeo:nom ?nom}

 INFO 2016-04-01 14:08:02,125 [main] (ParallelMetaProducerLessBlocking.java:61) - Searching for edge : ?departement igeo:nom ?nom
 INFO 2016-04-01 14:08:02,125 [pool-9-thread-1] (CallableResult.java:52) - CallableResult for GetEdge
 INFO 2016-04-01 14:08:02,125 [pool-9-thread-2] (CallableResult.java:52) - CallableResult for GetEdge
 INFO 2016-04-01 14:08:02,130 [pool-9-thread-2] (CallableResult.java:63) - Finished CallableResult in 5 ms.
 INFO 2016-04-01 14:08:02,132 [pool-9-thread-1] (CallableResult.java:63) - Finished CallableResult in 7 ms.
 INFO 2016-04-01 14:08:02,132 [main] (ParallelMetaProducerLessBlocking.java:193) - Global results retrieved in getEdges 7ms.
 INFO 2016-04-01 14:08:02,133 [main] (Eval.java:2158) - 
	Get EDGE in 8ms.  
	FOR EDGE{?departement igeo:nom ?nom}

 INFO 2016-04-01 14:08:02,133 [main] (ParallelMetaProducerLessBlocking.java:61) - Searching for edge : ?departement igeo:nom ?nom
 INFO 2016-04-01 14:08:02,133 [pool-10-thread-1] (CallableResult.java:52) - CallableResult for GetEdge
 INFO 2016-04-01 14:08:02,133 [pool-10-thread-2] (CallableResult.java:52) - CallableResult for GetEdge
 INFO 2016-04-01 14:08:02,137 [pool-10-thread-2] (CallableResult.java:63) - Finished CallableResult in 4 ms.
 INFO 2016-04-01 14:08:02,139 [pool-10-thread-1] (CallableResult.java:63) - Finished CallableResult in 6 ms.
 INFO 2016-04-01 14:08:02,139 [main] (ParallelMetaProducerLessBlocking.java:193) - Global results retrieved in getEdges 6ms.
 INFO 2016-04-01 14:08:02,140 [main] (Eval.java:2158) - 
	Get EDGE in 6ms.  
	FOR EDGE{?departement igeo:nom ?nom}

 INFO 2016-04-01 14:08:02,140 [main] (ParallelMetaProducerLessBlocking.java:61) - Searching for edge : ?departement igeo:nom ?nom
 INFO 2016-04-01 14:08:02,140 [pool-11-thread-1] (CallableResult.java:52) - CallableResult for GetEdge
 INFO 2016-04-01 14:08:02,140 [pool-11-thread-2] (CallableResult.java:52) - CallableResult for GetEdge
 INFO 2016-04-01 14:08:02,144 [pool-11-thread-2] (CallableResult.java:63) - Finished CallableResult in 4 ms.
 INFO 2016-04-01 14:08:02,147 [pool-11-thread-1] (CallableResult.java:63) - Finished CallableResult in 7 ms.
 INFO 2016-04-01 14:08:02,147 [main] (ParallelMetaProducerLessBlocking.java:193) - Global results retrieved in getEdges 7ms.
 INFO 2016-04-01 14:08:02,148 [main] (Eval.java:2158) - 
	Get EDGE in 8ms.  
	FOR EDGE{?departement igeo:nom ?nom}

 INFO 2016-04-01 14:08:02,148 [main] (ParallelMetaProducerLessBlocking.java:61) - Searching for edge : ?departement igeo:nom ?nom
 INFO 2016-04-01 14:08:02,148 [pool-12-thread-1] (CallableResult.java:52) - CallableResult for GetEdge
 INFO 2016-04-01 14:08:02,149 [pool-12-thread-2] (CallableResult.java:52) - CallableResult for GetEdge
 INFO 2016-04-01 14:08:02,154 [pool-12-thread-2] (CallableResult.java:63) - Finished CallableResult in 4 ms.
 INFO 2016-04-01 14:08:02,154 [pool-12-thread-1] (CallableResult.java:63) - Finished CallableResult in 6 ms.
 INFO 2016-04-01 14:08:02,155 [main] (ParallelMetaProducerLessBlocking.java:193) - Global results retrieved in getEdges 6ms.
 INFO 2016-04-01 14:08:02,155 [main] (Eval.java:2158) - 
	Get EDGE in 7ms.  
	FOR EDGE{?departement igeo:nom ?nom}

 INFO 2016-04-01 14:08:02,155 [main] (Eval.java:2158) - 
	Get EDGE in 69ms.  
	FOR EDGE{?region igeo:subdivisionDirecte ?departement}

 INFO 2016-04-01 14:08:02,155 [main] (ParallelMetaProducerLessBlocking.java:61) - Searching for edge : ?region igeo:subdivisionDirecte ?departement
 INFO 2016-04-01 14:08:02,156 [pool-13-thread-1] (CallableResult.java:52) - CallableResult for GetEdge
 INFO 2016-04-01 14:08:02,156 [pool-13-thread-2] (CallableResult.java:52) - CallableResult for GetEdge
 INFO 2016-04-01 14:08:02,160 [pool-13-thread-2] (CallableResult.java:63) - Finished CallableResult in 4 ms.
 INFO 2016-04-01 14:08:02,161 [pool-13-thread-1] (CallableResult.java:63) - Finished CallableResult in 5 ms.
 INFO 2016-04-01 14:08:02,161 [main] (ParallelMetaProducerLessBlocking.java:193) - Global results retrieved in getEdges 5ms.
 INFO 2016-04-01 14:08:02,161 [main] (ParallelMetaProducerLessBlocking.java:61) - Searching for edge : ?departement igeo:nom ?nom
 INFO 2016-04-01 14:08:02,162 [pool-14-thread-1] (CallableResult.java:52) - CallableResult for GetEdge
 INFO 2016-04-01 14:08:02,162 [pool-14-thread-2] (CallableResult.java:52) - CallableResult for GetEdge
 INFO 2016-04-01 14:08:02,165 [pool-14-thread-1] (CallableResult.java:63) - Finished CallableResult in 3 ms.
 INFO 2016-04-01 14:08:02,168 [pool-14-thread-2] (CallableResult.java:63) - Finished CallableResult in 6 ms.
 INFO 2016-04-01 14:08:02,169 [main] (ParallelMetaProducerLessBlocking.java:193) - Global results retrieved in getEdges 7ms.
 INFO 2016-04-01 14:08:02,169 [main] (Eval.java:2158) - 
	Get EDGE in 8ms.  
	FOR EDGE{?departement igeo:nom ?nom}

 INFO 2016-04-01 14:08:02,169 [main] (Eval.java:2158) - 
	Get EDGE in 14ms.  
	FOR EDGE{?region igeo:subdivisionDirecte ?departement}

 INFO 2016-04-01 14:08:02,170 [main] (ParallelMetaProducerLessBlocking.java:61) - Searching for edge : ?region igeo:subdivisionDirecte ?departement
 INFO 2016-04-01 14:08:02,170 [pool-15-thread-1] (CallableResult.java:52) - CallableResult for GetEdge
 INFO 2016-04-01 14:08:02,170 [pool-15-thread-2] (CallableResult.java:52) - CallableResult for GetEdge
 INFO 2016-04-01 14:08:02,174 [pool-15-thread-2] (CallableResult.java:63) - Finished CallableResult in 4 ms.
 INFO 2016-04-01 14:08:02,175 [pool-15-thread-1] (CallableResult.java:63) - Finished CallableResult in 5 ms.
 INFO 2016-04-01 14:08:02,175 [main] (ParallelMetaProducerLessBlocking.java:193) - Global results retrieved in getEdges 5ms.
 INFO 2016-04-01 14:08:02,175 [main] (ParallelMetaProducerLessBlocking.java:61) - Searching for edge : ?departement igeo:nom ?nom
 INFO 2016-04-01 14:08:02,176 [pool-16-thread-1] (CallableResult.java:52) - CallableResult for GetEdge
 INFO 2016-04-01 14:08:02,176 [pool-16-thread-2] (CallableResult.java:52) - CallableResult for GetEdge
 INFO 2016-04-01 14:08:02,180 [pool-16-thread-2] (CallableResult.java:63) - Finished CallableResult in 4 ms.
 INFO 2016-04-01 14:08:02,181 [pool-16-thread-1] (CallableResult.java:63) - Finished CallableResult in 5 ms.
 INFO 2016-04-01 14:08:02,182 [main] (ParallelMetaProducerLessBlocking.java:193) - Global results retrieved in getEdges 6ms.
 INFO 2016-04-01 14:08:02,182 [main] (Eval.java:2158) - 
	Get EDGE in 7ms.  
	FOR EDGE{?departement igeo:nom ?nom}

 INFO 2016-04-01 14:08:02,182 [main] (Eval.java:2158) - 
	Get EDGE in 12ms.  
	FOR EDGE{?region igeo:subdivisionDirecte ?departement}

 INFO 2016-04-01 14:08:02,182 [main] (ParallelMetaProducerLessBlocking.java:61) - Searching for edge : ?region igeo:subdivisionDirecte ?departement
 INFO 2016-04-01 14:08:02,182 [pool-17-thread-1] (CallableResult.java:52) - CallableResult for GetEdge
 INFO 2016-04-01 14:08:02,182 [pool-17-thread-2] (CallableResult.java:52) - CallableResult for GetEdge
 INFO 2016-04-01 14:08:02,187 [pool-17-thread-2] (CallableResult.java:63) - Finished CallableResult in 5 ms.
 INFO 2016-04-01 14:08:02,188 [pool-17-thread-1] (CallableResult.java:63) - Finished CallableResult in 6 ms.
 INFO 2016-04-01 14:08:02,190 [main] (ParallelMetaProducerLessBlocking.java:193) - Global results retrieved in getEdges 7ms.
 INFO 2016-04-01 14:08:02,190 [main] (ParallelMetaProducerLessBlocking.java:61) - Searching for edge : ?departement igeo:nom ?nom
 INFO 2016-04-01 14:08:02,191 [pool-18-thread-1] (CallableResult.java:52) - CallableResult for GetEdge
 INFO 2016-04-01 14:08:02,191 [pool-18-thread-2] (CallableResult.java:52) - CallableResult for GetEdge
 INFO 2016-04-01 14:08:02,194 [pool-18-thread-2] (CallableResult.java:63) - Finished CallableResult in 3 ms.
 INFO 2016-04-01 14:08:02,196 [pool-18-thread-1] (CallableResult.java:63) - Finished CallableResult in 4 ms.
 INFO 2016-04-01 14:08:02,196 [main] (ParallelMetaProducerLessBlocking.java:193) - Global results retrieved in getEdges 5ms.
 INFO 2016-04-01 14:08:02,196 [main] (Eval.java:2158) - 
	Get EDGE in 6ms.  
	FOR EDGE{?departement igeo:nom ?nom}

 INFO 2016-04-01 14:08:02,196 [main] (Eval.java:2158) - 
	Get EDGE in 14ms.  
	FOR EDGE{?region igeo:subdivisionDirecte ?departement}

 INFO 2016-04-01 14:08:02,196 [main] (ParallelMetaProducerLessBlocking.java:61) - Searching for edge : ?region igeo:subdivisionDirecte ?departement
 INFO 2016-04-01 14:08:02,197 [pool-19-thread-1] (CallableResult.java:52) - CallableResult for GetEdge
 INFO 2016-04-01 14:08:02,197 [pool-19-thread-2] (CallableResult.java:52) - CallableResult for GetEdge
 INFO 2016-04-01 14:08:02,202 [pool-19-thread-1] (CallableResult.java:63) - Finished CallableResult in 5 ms.
 INFO 2016-04-01 14:08:02,204 [pool-19-thread-2] (CallableResult.java:63) - Finished CallableResult in 7 ms.
 INFO 2016-04-01 14:08:02,205 [main] (ParallelMetaProducerLessBlocking.java:193) - Global results retrieved in getEdges 8ms.
 INFO 2016-04-01 14:08:02,205 [main] (ParallelMetaProducerLessBlocking.java:61) - Searching for edge : ?departement igeo:nom ?nom
 INFO 2016-04-01 14:08:02,205 [pool-20-thread-1] (CallableResult.java:52) - CallableResult for GetEdge
 INFO 2016-04-01 14:08:02,205 [pool-20-thread-2] (CallableResult.java:52) - CallableResult for GetEdge
 INFO 2016-04-01 14:08:02,209 [pool-20-thread-1] (CallableResult.java:63) - Finished CallableResult in 4 ms.
 INFO 2016-04-01 14:08:02,211 [pool-20-thread-2] (CallableResult.java:63) - Finished CallableResult in 6 ms.
 INFO 2016-04-01 14:08:02,212 [main] (ParallelMetaProducerLessBlocking.java:193) - Global results retrieved in getEdges 7ms.
 INFO 2016-04-01 14:08:02,212 [main] (Eval.java:2158) - 
	Get EDGE in 7ms.  
	FOR EDGE{?departement igeo:nom ?nom}

 INFO 2016-04-01 14:08:02,212 [main] (ParallelMetaProducerLessBlocking.java:61) - Searching for edge : ?departement igeo:nom ?nom
 INFO 2016-04-01 14:08:02,213 [pool-21-thread-1] (CallableResult.java:52) - CallableResult for GetEdge
 INFO 2016-04-01 14:08:02,213 [pool-21-thread-2] (CallableResult.java:52) - CallableResult for GetEdge
 INFO 2016-04-01 14:08:02,218 [pool-21-thread-2] (CallableResult.java:63) - Finished CallableResult in 5 ms.
 INFO 2016-04-01 14:08:02,220 [pool-21-thread-1] (CallableResult.java:63) - Finished CallableResult in 7 ms.
 INFO 2016-04-01 14:08:02,220 [main] (ParallelMetaProducerLessBlocking.java:193) - Global results retrieved in getEdges 7ms.
 INFO 2016-04-01 14:08:02,220 [main] (Eval.java:2158) - 
	Get EDGE in 8ms.  
	FOR EDGE{?departement igeo:nom ?nom}

 INFO 2016-04-01 14:08:02,220 [main] (ParallelMetaProducerLessBlocking.java:61) - Searching for edge : ?departement igeo:nom ?nom
 INFO 2016-04-01 14:08:02,221 [pool-22-thread-1] (CallableResult.java:52) - CallableResult for GetEdge
 INFO 2016-04-01 14:08:02,221 [pool-22-thread-2] (CallableResult.java:52) - CallableResult for GetEdge
 INFO 2016-04-01 14:08:02,225 [pool-22-thread-2] (CallableResult.java:63) - Finished CallableResult in 4 ms.
 INFO 2016-04-01 14:08:02,226 [pool-22-thread-1] (CallableResult.java:63) - Finished CallableResult in 5 ms.
 INFO 2016-04-01 14:08:02,226 [main] (ParallelMetaProducerLessBlocking.java:193) - Global results retrieved in getEdges 5ms.
 INFO 2016-04-01 14:08:02,226 [main] (Eval.java:2158) - 
	Get EDGE in 6ms.  
	FOR EDGE{?departement igeo:nom ?nom}

 INFO 2016-04-01 14:08:02,227 [main] (Eval.java:2158) - 
	Get EDGE in 31ms.  
	FOR EDGE{?region igeo:subdivisionDirecte ?departement}

 INFO 2016-04-01 14:08:02,227 [main] (ParallelMetaProducerLessBlocking.java:61) - Searching for edge : ?region igeo:subdivisionDirecte ?departement
 INFO 2016-04-01 14:08:02,227 [pool-23-thread-1] (CallableResult.java:52) - CallableResult for GetEdge
 INFO 2016-04-01 14:08:02,227 [pool-23-thread-2] (CallableResult.java:52) - CallableResult for GetEdge
 INFO 2016-04-01 14:08:02,230 [pool-23-thread-2] (CallableResult.java:63) - Finished CallableResult in 3 ms.
 INFO 2016-04-01 14:08:02,232 [pool-23-thread-1] (CallableResult.java:63) - Finished CallableResult in 5 ms.
 INFO 2016-04-01 14:08:02,232 [main] (ParallelMetaProducerLessBlocking.java:193) - Global results retrieved in getEdges 5ms.
 INFO 2016-04-01 14:08:02,232 [main] (ParallelMetaProducerLessBlocking.java:61) - Searching for edge : ?departement igeo:nom ?nom
 INFO 2016-04-01 14:08:02,232 [pool-24-thread-1] (CallableResult.java:52) - CallableResult for GetEdge
 INFO 2016-04-01 14:08:02,232 [pool-24-thread-2] (CallableResult.java:52) - CallableResult for GetEdge
 INFO 2016-04-01 14:08:02,236 [pool-24-thread-1] (CallableResult.java:63) - Finished CallableResult in 4 ms.
 INFO 2016-04-01 14:08:02,239 [pool-24-thread-2] (CallableResult.java:63) - Finished CallableResult in 7 ms.
 INFO 2016-04-01 14:08:02,239 [main] (ParallelMetaProducerLessBlocking.java:193) - Global results retrieved in getEdges 7ms.
 INFO 2016-04-01 14:08:02,239 [main] (Eval.java:2158) - 
	Get EDGE in 7ms.  
	FOR EDGE{?departement igeo:nom ?nom}

 INFO 2016-04-01 14:08:02,239 [main] (Eval.java:2158) - 
	Get EDGE in 12ms.  
	FOR EDGE{?region igeo:subdivisionDirecte ?departement}

 INFO 2016-04-01 14:08:02,240 [main] (ParallelMetaProducerLessBlocking.java:61) - Searching for edge : ?region igeo:subdivisionDirecte ?departement
 INFO 2016-04-01 14:08:02,240 [pool-25-thread-1] (CallableResult.java:52) - CallableResult for GetEdge
 INFO 2016-04-01 14:08:02,240 [pool-25-thread-2] (CallableResult.java:52) - CallableResult for GetEdge
 INFO 2016-04-01 14:08:02,249 [pool-25-thread-2] (CallableResult.java:63) - Finished CallableResult in 9 ms.
 INFO 2016-04-01 14:08:02,250 [pool-25-thread-1] (CallableResult.java:63) - Finished CallableResult in 10 ms.
 INFO 2016-04-01 14:08:02,250 [main] (ParallelMetaProducerLessBlocking.java:193) - Global results retrieved in getEdges 10ms.
 INFO 2016-04-01 14:08:02,250 [main] (ParallelMetaProducerLessBlocking.java:61) - Searching for edge : ?departement igeo:nom ?nom
 INFO 2016-04-01 14:08:02,251 [pool-26-thread-1] (CallableResult.java:52) - CallableResult for GetEdge
 INFO 2016-04-01 14:08:02,251 [pool-26-thread-2] (CallableResult.java:52) - CallableResult for GetEdge
 INFO 2016-04-01 14:08:02,254 [pool-26-thread-2] (CallableResult.java:63) - Finished CallableResult in 3 ms.
 INFO 2016-04-01 14:08:02,256 [pool-26-thread-1] (CallableResult.java:63) - Finished CallableResult in 6 ms.
 INFO 2016-04-01 14:08:02,257 [main] (ParallelMetaProducerLessBlocking.java:193) - Global results retrieved in getEdges 6ms.
 INFO 2016-04-01 14:08:02,257 [main] (Eval.java:2158) - 
	Get EDGE in 7ms.  
	FOR EDGE{?departement igeo:nom ?nom}

 INFO 2016-04-01 14:08:02,257 [main] (ParallelMetaProducerLessBlocking.java:61) - Searching for edge : ?departement igeo:nom ?nom
 INFO 2016-04-01 14:08:02,257 [pool-27-thread-1] (CallableResult.java:52) - CallableResult for GetEdge
 INFO 2016-04-01 14:08:02,257 [pool-27-thread-2] (CallableResult.java:52) - CallableResult for GetEdge
 INFO 2016-04-01 14:08:02,261 [pool-27-thread-2] (CallableResult.java:63) - Finished CallableResult in 4 ms.
 INFO 2016-04-01 14:08:02,265 [pool-27-thread-1] (CallableResult.java:63) - Finished CallableResult in 8 ms.
 INFO 2016-04-01 14:08:02,265 [main] (ParallelMetaProducerLessBlocking.java:193) - Global results retrieved in getEdges 8ms.
 INFO 2016-04-01 14:08:02,265 [main] (Eval.java:2158) - 
	Get EDGE in 8ms.  
	FOR EDGE{?departement igeo:nom ?nom}

 INFO 2016-04-01 14:08:02,266 [main] (Eval.java:2158) - 
	Get EDGE in 26ms.  
	FOR EDGE{?region igeo:subdivisionDirecte ?departement}

 INFO 2016-04-01 14:08:02,266 [main] (ParallelMetaProducerLessBlocking.java:61) - Searching for edge : ?region igeo:subdivisionDirecte ?departement
 INFO 2016-04-01 14:08:02,266 [pool-28-thread-1] (CallableResult.java:52) - CallableResult for GetEdge
 INFO 2016-04-01 14:08:02,266 [pool-28-thread-2] (CallableResult.java:52) - CallableResult for GetEdge
 INFO 2016-04-01 14:08:02,270 [pool-28-thread-1] (CallableResult.java:63) - Finished CallableResult in 4 ms.
 INFO 2016-04-01 14:08:02,273 [pool-28-thread-2] (CallableResult.java:63) - Finished CallableResult in 7 ms.
 INFO 2016-04-01 14:08:02,273 [main] (ParallelMetaProducerLessBlocking.java:193) - Global results retrieved in getEdges 7ms.
 INFO 2016-04-01 14:08:02,274 [main] (ParallelMetaProducerLessBlocking.java:61) - Searching for edge : ?departement igeo:nom ?nom
 INFO 2016-04-01 14:08:02,274 [pool-29-thread-1] (CallableResult.java:52) - CallableResult for GetEdge
 INFO 2016-04-01 14:08:02,274 [pool-29-thread-2] (CallableResult.java:52) - CallableResult for GetEdge
 INFO 2016-04-01 14:08:02,278 [pool-29-thread-2] (CallableResult.java:63) - Finished CallableResult in 4 ms.
 INFO 2016-04-01 14:08:02,279 [pool-29-thread-1] (CallableResult.java:63) - Finished CallableResult in 5 ms.
 INFO 2016-04-01 14:08:02,279 [main] (ParallelMetaProducerLessBlocking.java:193) - Global results retrieved in getEdges 5ms.
 INFO 2016-04-01 14:08:02,279 [main] (Eval.java:2158) - 
	Get EDGE in 5ms.  
	FOR EDGE{?departement igeo:nom ?nom}

 INFO 2016-04-01 14:08:02,279 [main] (Eval.java:2158) - 
	Get EDGE in 13ms.  
	FOR EDGE{?region igeo:subdivisionDirecte ?departement}

 INFO 2016-04-01 14:08:02,280 [main] (ParallelMetaProducerLessBlocking.java:61) - Searching for edge : ?region igeo:subdivisionDirecte ?departement
 INFO 2016-04-01 14:08:02,280 [pool-30-thread-1] (CallableResult.java:52) - CallableResult for GetEdge
 INFO 2016-04-01 14:08:02,280 [pool-30-thread-2] (CallableResult.java:52) - CallableResult for GetEdge
 INFO 2016-04-01 14:08:02,283 [pool-30-thread-1] (CallableResult.java:63) - Finished CallableResult in 3 ms.
 INFO 2016-04-01 14:08:02,290 [pool-30-thread-2] (CallableResult.java:63) - Finished CallableResult in 10 ms.
 INFO 2016-04-01 14:08:02,290 [main] (ParallelMetaProducerLessBlocking.java:193) - Global results retrieved in getEdges 10ms.
 INFO 2016-04-01 14:08:02,291 [main] (ParallelMetaProducerLessBlocking.java:61) - Searching for edge : ?departement igeo:nom ?nom
 INFO 2016-04-01 14:08:02,291 [pool-31-thread-1] (CallableResult.java:52) - CallableResult for GetEdge
 INFO 2016-04-01 14:08:02,291 [pool-31-thread-2] (CallableResult.java:52) - CallableResult for GetEdge
 INFO 2016-04-01 14:08:02,295 [pool-31-thread-2] (CallableResult.java:63) - Finished CallableResult in 4 ms.
 INFO 2016-04-01 14:08:02,296 [pool-31-thread-1] (CallableResult.java:63) - Finished CallableResult in 5 ms.
 INFO 2016-04-01 14:08:02,296 [main] (ParallelMetaProducerLessBlocking.java:193) - Global results retrieved in getEdges 5ms.
 INFO 2016-04-01 14:08:02,296 [main] (Eval.java:2158) - 
	Get EDGE in 5ms.  
	FOR EDGE{?departement igeo:nom ?nom}

 INFO 2016-04-01 14:08:02,297 [main] (ParallelMetaProducerLessBlocking.java:61) - Searching for edge : ?departement igeo:nom ?nom
 INFO 2016-04-01 14:08:02,297 [pool-32-thread-1] (CallableResult.java:52) - CallableResult for GetEdge
 INFO 2016-04-01 14:08:02,300 [pool-32-thread-2] (CallableResult.java:52) - CallableResult for GetEdge
 INFO 2016-04-01 14:08:02,302 [pool-32-thread-1] (CallableResult.java:63) - Finished CallableResult in 5 ms.
 INFO 2016-04-01 14:08:02,303 [pool-32-thread-2] (CallableResult.java:63) - Finished CallableResult in 3 ms.
 INFO 2016-04-01 14:08:02,304 [main] (ParallelMetaProducerLessBlocking.java:193) - Global results retrieved in getEdges 5ms.
 INFO 2016-04-01 14:08:02,304 [main] (Eval.java:2158) - 
	Get EDGE in 7ms.  
	FOR EDGE{?departement igeo:nom ?nom}

 INFO 2016-04-01 14:08:02,304 [main] (ParallelMetaProducerLessBlocking.java:61) - Searching for edge : ?departement igeo:nom ?nom
 INFO 2016-04-01 14:08:02,304 [pool-33-thread-1] (CallableResult.java:52) - CallableResult for GetEdge
 INFO 2016-04-01 14:08:02,304 [pool-33-thread-2] (CallableResult.java:52) - CallableResult for GetEdge
 INFO 2016-04-01 14:08:02,308 [pool-33-thread-2] (CallableResult.java:63) - Finished CallableResult in 4 ms.
 INFO 2016-04-01 14:08:02,312 [pool-33-thread-1] (CallableResult.java:63) - Finished CallableResult in 8 ms.
 INFO 2016-04-01 14:08:02,312 [main] (ParallelMetaProducerLessBlocking.java:193) - Global results retrieved in getEdges 8ms.
 INFO 2016-04-01 14:08:02,312 [main] (Eval.java:2158) - 
	Get EDGE in 8ms.  
	FOR EDGE{?departement igeo:nom ?nom}

 INFO 2016-04-01 14:08:02,312 [main] (ParallelMetaProducerLessBlocking.java:61) - Searching for edge : ?departement igeo:nom ?nom
 INFO 2016-04-01 14:08:02,313 [pool-34-thread-1] (CallableResult.java:52) - CallableResult for GetEdge
 INFO 2016-04-01 14:08:02,313 [pool-34-thread-2] (CallableResult.java:52) - CallableResult for GetEdge
 INFO 2016-04-01 14:08:02,317 [pool-34-thread-1] (CallableResult.java:63) - Finished CallableResult in 4 ms.
 INFO 2016-04-01 14:08:02,319 [pool-34-thread-2] (CallableResult.java:63) - Finished CallableResult in 6 ms.
 INFO 2016-04-01 14:08:02,320 [main] (ParallelMetaProducerLessBlocking.java:193) - Global results retrieved in getEdges 7ms.
 INFO 2016-04-01 14:08:02,320 [main] (Eval.java:2158) - 
	Get EDGE in 8ms.  
	FOR EDGE{?departement igeo:nom ?nom}

 INFO 2016-04-01 14:08:02,320 [main] (Eval.java:2158) - 
	Get EDGE in 41ms.  
	FOR EDGE{?region igeo:subdivisionDirecte ?departement}

 INFO 2016-04-01 14:08:02,320 [main] (ParallelMetaProducerLessBlocking.java:61) - Searching for edge : ?region igeo:subdivisionDirecte ?departement
 INFO 2016-04-01 14:08:02,320 [pool-35-thread-1] (CallableResult.java:52) - CallableResult for GetEdge
 INFO 2016-04-01 14:08:02,320 [pool-35-thread-2] (CallableResult.java:52) - CallableResult for GetEdge
 INFO 2016-04-01 14:08:02,323 [pool-35-thread-1] (CallableResult.java:63) - Finished CallableResult in 3 ms.
 INFO 2016-04-01 14:08:02,331 [pool-35-thread-2] (CallableResult.java:63) - Finished CallableResult in 11 ms.
 INFO 2016-04-01 14:08:02,331 [main] (ParallelMetaProducerLessBlocking.java:193) - Global results retrieved in getEdges 11ms.
 INFO 2016-04-01 14:08:02,332 [main] (ParallelMetaProducerLessBlocking.java:61) - Searching for edge : ?departement igeo:nom ?nom
 INFO 2016-04-01 14:08:02,332 [pool-36-thread-1] (CallableResult.java:52) - CallableResult for GetEdge
 INFO 2016-04-01 14:08:02,332 [pool-36-thread-2] (CallableResult.java:52) - CallableResult for GetEdge
 INFO 2016-04-01 14:08:02,335 [pool-36-thread-2] (CallableResult.java:63) - Finished CallableResult in 3 ms.
 INFO 2016-04-01 14:08:02,336 [pool-36-thread-1] (CallableResult.java:63) - Finished CallableResult in 4 ms.
 INFO 2016-04-01 14:08:02,337 [main] (ParallelMetaProducerLessBlocking.java:193) - Global results retrieved in getEdges 5ms.
 INFO 2016-04-01 14:08:02,337 [main] (Eval.java:2158) - 
	Get EDGE in 6ms.  
	FOR EDGE{?departement igeo:nom ?nom}

 INFO 2016-04-01 14:08:02,337 [main] (ParallelMetaProducerLessBlocking.java:61) - Searching for edge : ?departement igeo:nom ?nom
 INFO 2016-04-01 14:08:02,337 [pool-37-thread-1] (CallableResult.java:52) - CallableResult for GetEdge
 INFO 2016-04-01 14:08:02,337 [pool-37-thread-2] (CallableResult.java:52) - CallableResult for GetEdge
 INFO 2016-04-01 14:08:02,341 [pool-37-thread-2] (CallableResult.java:63) - Finished CallableResult in 4 ms.
 INFO 2016-04-01 14:08:02,342 [pool-37-thread-1] (CallableResult.java:63) - Finished CallableResult in 5 ms.
 INFO 2016-04-01 14:08:02,342 [main] (ParallelMetaProducerLessBlocking.java:193) - Global results retrieved in getEdges 5ms.
 INFO 2016-04-01 14:08:02,342 [main] (Eval.java:2158) - 
	Get EDGE in 5ms.  
	FOR EDGE{?departement igeo:nom ?nom}

 INFO 2016-04-01 14:08:02,342 [main] (ParallelMetaProducerLessBlocking.java:61) - Searching for edge : ?departement igeo:nom ?nom
 INFO 2016-04-01 14:08:02,343 [pool-38-thread-1] (CallableResult.java:52) - CallableResult for GetEdge
 INFO 2016-04-01 14:08:02,343 [pool-38-thread-2] (CallableResult.java:52) - CallableResult for GetEdge
 INFO 2016-04-01 14:08:02,347 [pool-38-thread-2] (CallableResult.java:63) - Finished CallableResult in 4 ms.
 INFO 2016-04-01 14:08:02,347 [pool-38-thread-1] (CallableResult.java:63) - Finished CallableResult in 4 ms.
 INFO 2016-04-01 14:08:02,347 [main] (ParallelMetaProducerLessBlocking.java:193) - Global results retrieved in getEdges 4ms.
 INFO 2016-04-01 14:08:02,348 [main] (Eval.java:2158) - 
	Get EDGE in 6ms.  
	FOR EDGE{?departement igeo:nom ?nom}

 INFO 2016-04-01 14:08:02,348 [main] (ParallelMetaProducerLessBlocking.java:61) - Searching for edge : ?departement igeo:nom ?nom
 INFO 2016-04-01 14:08:02,348 [pool-39-thread-1] (CallableResult.java:52) - CallableResult for GetEdge
 INFO 2016-04-01 14:08:02,348 [pool-39-thread-2] (CallableResult.java:52) - CallableResult for GetEdge
 INFO 2016-04-01 14:08:02,352 [pool-39-thread-2] (CallableResult.java:63) - Finished CallableResult in 4 ms.
 INFO 2016-04-01 14:08:02,352 [pool-39-thread-1] (CallableResult.java:63) - Finished CallableResult in 4 ms.
 INFO 2016-04-01 14:08:02,352 [main] (ParallelMetaProducerLessBlocking.java:193) - Global results retrieved in getEdges 4ms.
 INFO 2016-04-01 14:08:02,352 [main] (Eval.java:2158) - 
	Get EDGE in 4ms.  
	FOR EDGE{?departement igeo:nom ?nom}

 INFO 2016-04-01 14:08:02,353 [main] (ParallelMetaProducerLessBlocking.java:61) - Searching for edge : ?departement igeo:nom ?nom
 INFO 2016-04-01 14:08:02,353 [pool-40-thread-1] (CallableResult.java:52) - CallableResult for GetEdge
 INFO 2016-04-01 14:08:02,353 [pool-40-thread-2] (CallableResult.java:52) - CallableResult for GetEdge
 INFO 2016-04-01 14:08:02,356 [pool-40-thread-2] (CallableResult.java:63) - Finished CallableResult in 3 ms.
 INFO 2016-04-01 14:08:02,356 [pool-40-thread-1] (CallableResult.java:63) - Finished CallableResult in 3 ms.
 INFO 2016-04-01 14:08:02,357 [main] (ParallelMetaProducerLessBlocking.java:193) - Global results retrieved in getEdges 4ms.
 INFO 2016-04-01 14:08:02,357 [main] (Eval.java:2158) - 
	Get EDGE in 4ms.  
	FOR EDGE{?departement igeo:nom ?nom}

 INFO 2016-04-01 14:08:02,357 [main] (Eval.java:2158) - 
	Get EDGE in 37ms.  
	FOR EDGE{?region igeo:subdivisionDirecte ?departement}

 INFO 2016-04-01 14:08:02,357 [main] (ParallelMetaProducerLessBlocking.java:61) - Searching for edge : ?region igeo:subdivisionDirecte ?departement
 INFO 2016-04-01 14:08:02,357 [pool-41-thread-1] (CallableResult.java:52) - CallableResult for GetEdge
 INFO 2016-04-01 14:08:02,358 [pool-41-thread-2] (CallableResult.java:52) - CallableResult for GetEdge
 INFO 2016-04-01 14:08:02,363 [pool-41-thread-1] (CallableResult.java:63) - Finished CallableResult in 6 ms.
 INFO 2016-04-01 14:08:02,365 [pool-41-thread-2] (CallableResult.java:63) - Finished CallableResult in 8 ms.
 INFO 2016-04-01 14:08:02,365 [main] (ParallelMetaProducerLessBlocking.java:193) - Global results retrieved in getEdges 8ms.
 INFO 2016-04-01 14:08:02,365 [main] (ParallelMetaProducerLessBlocking.java:61) - Searching for edge : ?departement igeo:nom ?nom
 INFO 2016-04-01 14:08:02,365 [pool-42-thread-1] (CallableResult.java:52) - CallableResult for GetEdge
 INFO 2016-04-01 14:08:02,365 [pool-42-thread-2] (CallableResult.java:52) - CallableResult for GetEdge
 INFO 2016-04-01 14:08:02,369 [pool-42-thread-2] (CallableResult.java:63) - Finished CallableResult in 4 ms.
 INFO 2016-04-01 14:08:02,372 [pool-42-thread-1] (CallableResult.java:63) - Finished CallableResult in 7 ms.
 INFO 2016-04-01 14:08:02,372 [main] (ParallelMetaProducerLessBlocking.java:193) - Global results retrieved in getEdges 7ms.
 INFO 2016-04-01 14:08:02,373 [main] (Eval.java:2158) - 
	Get EDGE in 8ms.  
	FOR EDGE{?departement igeo:nom ?nom}

 INFO 2016-04-01 14:08:02,373 [main] (ParallelMetaProducerLessBlocking.java:61) - Searching for edge : ?departement igeo:nom ?nom
 INFO 2016-04-01 14:08:02,373 [pool-43-thread-1] (CallableResult.java:52) - CallableResult for GetEdge
 INFO 2016-04-01 14:08:02,373 [pool-43-thread-2] (CallableResult.java:52) - CallableResult for GetEdge
 INFO 2016-04-01 14:08:02,377 [pool-43-thread-2] (CallableResult.java:63) - Finished CallableResult in 4 ms.
 INFO 2016-04-01 14:08:02,378 [pool-43-thread-1] (CallableResult.java:63) - Finished CallableResult in 5 ms.
 INFO 2016-04-01 14:08:02,379 [main] (ParallelMetaProducerLessBlocking.java:193) - Global results retrieved in getEdges 6ms.
 INFO 2016-04-01 14:08:02,379 [main] (Eval.java:2158) - 
	Get EDGE in 6ms.  
	FOR EDGE{?departement igeo:nom ?nom}

 INFO 2016-04-01 14:08:02,379 [main] (Eval.java:2158) - 
	Get EDGE in 22ms.  
	FOR EDGE{?region igeo:subdivisionDirecte ?departement}

 INFO 2016-04-01 14:08:02,379 [main] (ParallelMetaProducerLessBlocking.java:61) - Searching for edge : ?region igeo:subdivisionDirecte ?departement
 INFO 2016-04-01 14:08:02,379 [pool-44-thread-1] (CallableResult.java:52) - CallableResult for GetEdge
 INFO 2016-04-01 14:08:02,379 [pool-44-thread-2] (CallableResult.java:52) - CallableResult for GetEdge
 INFO 2016-04-01 14:08:02,382 [pool-44-thread-1] (CallableResult.java:63) - Finished CallableResult in 3 ms.
 INFO 2016-04-01 14:08:02,386 [pool-44-thread-2] (CallableResult.java:63) - Finished CallableResult in 7 ms.
 INFO 2016-04-01 14:08:02,386 [main] (ParallelMetaProducerLessBlocking.java:193) - Global results retrieved in getEdges 7ms.
 INFO 2016-04-01 14:08:02,397 [main] (ParallelMetaProducerLessBlocking.java:61) - Searching for edge : ?departement igeo:nom ?nom
 INFO 2016-04-01 14:08:02,397 [pool-45-thread-1] (CallableResult.java:52) - CallableResult for GetEdge
 INFO 2016-04-01 14:08:02,397 [pool-45-thread-2] (CallableResult.java:52) - CallableResult for GetEdge
 INFO 2016-04-01 14:08:02,400 [pool-45-thread-1] (CallableResult.java:63) - Finished CallableResult in 3 ms.
 INFO 2016-04-01 14:08:02,401 [pool-45-thread-2] (CallableResult.java:63) - Finished CallableResult in 4 ms.
 INFO 2016-04-01 14:08:02,402 [main] (ParallelMetaProducerLessBlocking.java:193) - Global results retrieved in getEdges 5ms.
 INFO 2016-04-01 14:08:02,402 [main] (Eval.java:2158) - 
	Get EDGE in 5ms.  
	FOR EDGE{?departement igeo:nom ?nom}

 INFO 2016-04-01 14:08:02,402 [main] (ParallelMetaProducerLessBlocking.java:61) - Searching for edge : ?departement igeo:nom ?nom
 INFO 2016-04-01 14:08:02,402 [pool-46-thread-1] (CallableResult.java:52) - CallableResult for GetEdge
 INFO 2016-04-01 14:08:02,402 [pool-46-thread-2] (CallableResult.java:52) - CallableResult for GetEdge
 INFO 2016-04-01 14:08:02,406 [pool-46-thread-2] (CallableResult.java:63) - Finished CallableResult in 4 ms.
 INFO 2016-04-01 14:08:02,408 [pool-46-thread-1] (CallableResult.java:63) - Finished CallableResult in 6 ms.
 INFO 2016-04-01 14:08:02,409 [main] (ParallelMetaProducerLessBlocking.java:193) - Global results retrieved in getEdges 7ms.
 INFO 2016-04-01 14:08:02,409 [main] (Eval.java:2158) - 
	Get EDGE in 7ms.  
	FOR EDGE{?departement igeo:nom ?nom}

 INFO 2016-04-01 14:08:02,409 [main] (ParallelMetaProducerLessBlocking.java:61) - Searching for edge : ?departement igeo:nom ?nom
 INFO 2016-04-01 14:08:02,410 [pool-47-thread-1] (CallableResult.java:52) - CallableResult for GetEdge
 INFO 2016-04-01 14:08:02,410 [pool-47-thread-2] (CallableResult.java:52) - CallableResult for GetEdge
 INFO 2016-04-01 14:08:02,415 [pool-47-thread-2] (CallableResult.java:63) - Finished CallableResult in 5 ms.
 INFO 2016-04-01 14:08:02,417 [pool-47-thread-1] (CallableResult.java:63) - Finished CallableResult in 7 ms.
 INFO 2016-04-01 14:08:02,418 [main] (ParallelMetaProducerLessBlocking.java:193) - Global results retrieved in getEdges 8ms.
 INFO 2016-04-01 14:08:02,418 [main] (Eval.java:2158) - 
	Get EDGE in 9ms.  
	FOR EDGE{?departement igeo:nom ?nom}

 INFO 2016-04-01 14:08:02,418 [main] (Eval.java:2158) - 
	Get EDGE in 39ms.  
	FOR EDGE{?region igeo:subdivisionDirecte ?departement}

 INFO 2016-04-01 14:08:02,418 [main] (ParallelMetaProducerLessBlocking.java:61) - Searching for edge : ?region igeo:subdivisionDirecte ?departement
 INFO 2016-04-01 14:08:02,419 [pool-48-thread-2] (CallableResult.java:52) - CallableResult for GetEdge
 INFO 2016-04-01 14:08:02,419 [pool-48-thread-1] (CallableResult.java:52) - CallableResult for GetEdge
 INFO 2016-04-01 14:08:02,422 [pool-48-thread-1] (CallableResult.java:63) - Finished CallableResult in 3 ms.
 INFO 2016-04-01 14:08:02,427 [pool-48-thread-2] (CallableResult.java:63) - Finished CallableResult in 8 ms.
 INFO 2016-04-01 14:08:02,427 [main] (ParallelMetaProducerLessBlocking.java:193) - Global results retrieved in getEdges 8ms.
 INFO 2016-04-01 14:08:02,427 [main] (ParallelMetaProducerLessBlocking.java:61) - Searching for edge : ?departement igeo:nom ?nom
 INFO 2016-04-01 14:08:02,428 [pool-49-thread-1] (CallableResult.java:52) - CallableResult for GetEdge
 INFO 2016-04-01 14:08:02,428 [pool-49-thread-2] (CallableResult.java:52) - CallableResult for GetEdge
 INFO 2016-04-01 14:08:02,431 [pool-49-thread-2] (CallableResult.java:63) - Finished CallableResult in 3 ms.
 INFO 2016-04-01 14:08:02,433 [pool-49-thread-1] (CallableResult.java:63) - Finished CallableResult in 5 ms.
 INFO 2016-04-01 14:08:02,434 [main] (ParallelMetaProducerLessBlocking.java:193) - Global results retrieved in getEdges 6ms.
 INFO 2016-04-01 14:08:02,434 [main] (Eval.java:2158) - 
	Get EDGE in 7ms.  
	FOR EDGE{?departement igeo:nom ?nom}

 INFO 2016-04-01 14:08:02,434 [main] (ParallelMetaProducerLessBlocking.java:61) - Searching for edge : ?departement igeo:nom ?nom
 INFO 2016-04-01 14:08:02,434 [pool-50-thread-1] (CallableResult.java:52) - CallableResult for GetEdge
 INFO 2016-04-01 14:08:02,434 [pool-50-thread-2] (CallableResult.java:52) - CallableResult for GetEdge
 INFO 2016-04-01 14:08:02,438 [pool-50-thread-2] (CallableResult.java:63) - Finished CallableResult in 4 ms.
 INFO 2016-04-01 14:08:02,440 [pool-50-thread-1] (CallableResult.java:63) - Finished CallableResult in 6 ms.
 INFO 2016-04-01 14:08:02,440 [main] (ParallelMetaProducerLessBlocking.java:193) - Global results retrieved in getEdges 6ms.
 INFO 2016-04-01 14:08:02,440 [main] (Eval.java:2158) - 
	Get EDGE in 6ms.  
	FOR EDGE{?departement igeo:nom ?nom}

 INFO 2016-04-01 14:08:02,440 [main] (ParallelMetaProducerLessBlocking.java:61) - Searching for edge : ?departement igeo:nom ?nom
 INFO 2016-04-01 14:08:02,441 [pool-51-thread-1] (CallableResult.java:52) - CallableResult for GetEdge
 INFO 2016-04-01 14:08:02,441 [pool-51-thread-2] (CallableResult.java:52) - CallableResult for GetEdge
 INFO 2016-04-01 14:08:02,444 [pool-51-thread-2] (CallableResult.java:63) - Finished CallableResult in 3 ms.
 INFO 2016-04-01 14:08:02,450 [pool-51-thread-1] (CallableResult.java:63) - Finished CallableResult in 9 ms.
 INFO 2016-04-01 14:08:02,451 [main] (ParallelMetaProducerLessBlocking.java:193) - Global results retrieved in getEdges 10ms.
 INFO 2016-04-01 14:08:02,451 [main] (Eval.java:2158) - 
	Get EDGE in 11ms.  
	FOR EDGE{?departement igeo:nom ?nom}

 INFO 2016-04-01 14:08:02,451 [main] (Eval.java:2158) - 
	Get EDGE in 33ms.  
	FOR EDGE{?region igeo:subdivisionDirecte ?departement}

 INFO 2016-04-01 14:08:02,451 [main] (ParallelMetaProducerLessBlocking.java:61) - Searching for edge : ?region igeo:subdivisionDirecte ?departement
 INFO 2016-04-01 14:08:02,452 [pool-52-thread-1] (CallableResult.java:52) - CallableResult for GetEdge
 INFO 2016-04-01 14:08:02,453 [pool-52-thread-2] (CallableResult.java:52) - CallableResult for GetEdge
 INFO 2016-04-01 14:08:02,456 [pool-52-thread-1] (CallableResult.java:63) - Finished CallableResult in 4 ms.
 INFO 2016-04-01 14:08:02,461 [pool-52-thread-2] (CallableResult.java:63) - Finished CallableResult in 8 ms.
 INFO 2016-04-01 14:08:02,461 [main] (ParallelMetaProducerLessBlocking.java:193) - Global results retrieved in getEdges 8ms.
 INFO 2016-04-01 14:08:02,461 [main] (ParallelMetaProducerLessBlocking.java:61) - Searching for edge : ?departement igeo:nom ?nom
 INFO 2016-04-01 14:08:02,462 [pool-53-thread-1] (CallableResult.java:52) - CallableResult for GetEdge
 INFO 2016-04-01 14:08:02,462 [pool-53-thread-2] (CallableResult.java:52) - CallableResult for GetEdge
 INFO 2016-04-01 14:08:02,465 [pool-53-thread-2] (CallableResult.java:63) - Finished CallableResult in 3 ms.
 INFO 2016-04-01 14:08:02,467 [pool-53-thread-1] (CallableResult.java:63) - Finished CallableResult in 6 ms.
 INFO 2016-04-01 14:08:02,467 [main] (ParallelMetaProducerLessBlocking.java:193) - Global results retrieved in getEdges 6ms.
 INFO 2016-04-01 14:08:02,467 [main] (Eval.java:2158) - 
	Get EDGE in 6ms.  
	FOR EDGE{?departement igeo:nom ?nom}

 INFO 2016-04-01 14:08:02,467 [main] (ParallelMetaProducerLessBlocking.java:61) - Searching for edge : ?departement igeo:nom ?nom
 INFO 2016-04-01 14:08:02,468 [pool-54-thread-1] (CallableResult.java:52) - CallableResult for GetEdge
 INFO 2016-04-01 14:08:02,469 [pool-54-thread-2] (CallableResult.java:52) - CallableResult for GetEdge
 INFO 2016-04-01 14:08:02,474 [pool-54-thread-1] (CallableResult.java:63) - Finished CallableResult in 6 ms.
 INFO 2016-04-01 14:08:02,474 [pool-54-thread-2] (CallableResult.java:63) - Finished CallableResult in 5 ms.
 INFO 2016-04-01 14:08:02,474 [main] (ParallelMetaProducerLessBlocking.java:193) - Global results retrieved in getEdges 5ms.
 INFO 2016-04-01 14:08:02,474 [main] (Eval.java:2158) - 
	Get EDGE in 7ms.  
	FOR EDGE{?departement igeo:nom ?nom}

 INFO 2016-04-01 14:08:02,474 [main] (Eval.java:2158) - 
	Get EDGE in 23ms.  
	FOR EDGE{?region igeo:subdivisionDirecte ?departement}

 INFO 2016-04-01 14:08:02,474 [main] (ParallelMetaProducerLessBlocking.java:61) - Searching for edge : ?region igeo:subdivisionDirecte ?departement
 INFO 2016-04-01 14:08:02,475 [pool-55-thread-1] (CallableResult.java:52) - CallableResult for GetEdge
 INFO 2016-04-01 14:08:02,475 [pool-55-thread-2] (CallableResult.java:52) - CallableResult for GetEdge
 INFO 2016-04-01 14:08:02,478 [pool-55-thread-1] (CallableResult.java:63) - Finished CallableResult in 3 ms.
 INFO 2016-04-01 14:08:02,483 [pool-55-thread-2] (CallableResult.java:63) - Finished CallableResult in 8 ms.
 INFO 2016-04-01 14:08:02,483 [main] (ParallelMetaProducerLessBlocking.java:193) - Global results retrieved in getEdges 8ms.
 INFO 2016-04-01 14:08:02,484 [main] (ParallelMetaProducerLessBlocking.java:61) - Searching for edge : ?departement igeo:nom ?nom
 INFO 2016-04-01 14:08:02,484 [pool-56-thread-1] (CallableResult.java:52) - CallableResult for GetEdge
 INFO 2016-04-01 14:08:02,484 [pool-56-thread-2] (CallableResult.java:52) - CallableResult for GetEdge
 INFO 2016-04-01 14:08:02,488 [pool-56-thread-2] (CallableResult.java:63) - Finished CallableResult in 4 ms.
 INFO 2016-04-01 14:08:02,489 [pool-56-thread-1] (CallableResult.java:63) - Finished CallableResult in 5 ms.
 INFO 2016-04-01 14:08:02,489 [main] (ParallelMetaProducerLessBlocking.java:193) - Global results retrieved in getEdges 5ms.
 INFO 2016-04-01 14:08:02,490 [main] (Eval.java:2158) - 
	Get EDGE in 6ms.  
	FOR EDGE{?departement igeo:nom ?nom}

 INFO 2016-04-01 14:08:02,490 [main] (ParallelMetaProducerLessBlocking.java:61) - Searching for edge : ?departement igeo:nom ?nom
 INFO 2016-04-01 14:08:02,490 [pool-57-thread-1] (CallableResult.java:52) - CallableResult for GetEdge
 INFO 2016-04-01 14:08:02,490 [pool-57-thread-2] (CallableResult.java:52) - CallableResult for GetEdge
 INFO 2016-04-01 14:08:02,493 [pool-57-thread-1] (CallableResult.java:63) - Finished CallableResult in 3 ms.
 INFO 2016-04-01 14:08:02,495 [pool-57-thread-2] (CallableResult.java:63) - Finished CallableResult in 5 ms.
 INFO 2016-04-01 14:08:02,495 [main] (ParallelMetaProducerLessBlocking.java:193) - Global results retrieved in getEdges 5ms.
 INFO 2016-04-01 14:08:02,495 [main] (Eval.java:2158) - 
	Get EDGE in 5ms.  
	FOR EDGE{?departement igeo:nom ?nom}

 INFO 2016-04-01 14:08:02,495 [main] (ParallelMetaProducerLessBlocking.java:61) - Searching for edge : ?departement igeo:nom ?nom
 INFO 2016-04-01 14:08:02,495 [pool-58-thread-1] (CallableResult.java:52) - CallableResult for GetEdge
 INFO 2016-04-01 14:08:02,495 [pool-58-thread-2] (CallableResult.java:52) - CallableResult for GetEdge
 INFO 2016-04-01 14:08:02,501 [pool-58-thread-2] (CallableResult.java:63) - Finished CallableResult in 6 ms.
 INFO 2016-04-01 14:08:02,501 [pool-58-thread-1] (CallableResult.java:63) - Finished CallableResult in 6 ms.
 INFO 2016-04-01 14:08:02,501 [main] (ParallelMetaProducerLessBlocking.java:193) - Global results retrieved in getEdges 6ms.
 INFO 2016-04-01 14:08:02,501 [main] (Eval.java:2158) - 
	Get EDGE in 6ms.  
	FOR EDGE{?departement igeo:nom ?nom}

 INFO 2016-04-01 14:08:02,501 [main] (Eval.java:2158) - 
	Get EDGE in 27ms.  
	FOR EDGE{?region igeo:subdivisionDirecte ?departement}

 INFO 2016-04-01 14:08:02,501 [main] (ParallelMetaProducerLessBlocking.java:61) - Searching for edge : ?region igeo:subdivisionDirecte ?departement
 INFO 2016-04-01 14:08:02,502 [pool-59-thread-1] (CallableResult.java:52) - CallableResult for GetEdge
 INFO 2016-04-01 14:08:02,502 [pool-59-thread-2] (CallableResult.java:52) - CallableResult for GetEdge
 INFO 2016-04-01 14:08:02,505 [pool-59-thread-1] (CallableResult.java:63) - Finished CallableResult in 3 ms.
 INFO 2016-04-01 14:08:02,510 [pool-59-thread-2] (CallableResult.java:63) - Finished CallableResult in 8 ms.
 INFO 2016-04-01 14:08:02,510 [main] (ParallelMetaProducerLessBlocking.java:193) - Global results retrieved in getEdges 8ms.
 INFO 2016-04-01 14:08:02,510 [main] (ParallelMetaProducerLessBlocking.java:61) - Searching for edge : ?departement igeo:nom ?nom
 INFO 2016-04-01 14:08:02,511 [pool-60-thread-1] (CallableResult.java:52) - CallableResult for GetEdge
 INFO 2016-04-01 14:08:02,511 [pool-60-thread-2] (CallableResult.java:52) - CallableResult for GetEdge
 INFO 2016-04-01 14:08:02,514 [pool-60-thread-2] (CallableResult.java:63) - Finished CallableResult in 3 ms.
 INFO 2016-04-01 14:08:02,517 [pool-60-thread-1] (CallableResult.java:63) - Finished CallableResult in 6 ms.
 INFO 2016-04-01 14:08:02,518 [main] (ParallelMetaProducerLessBlocking.java:193) - Global results retrieved in getEdges 7ms.
 INFO 2016-04-01 14:08:02,518 [main] (Eval.java:2158) - 
	Get EDGE in 8ms.  
	FOR EDGE{?departement igeo:nom ?nom}

 INFO 2016-04-01 14:08:02,518 [main] (ParallelMetaProducerLessBlocking.java:61) - Searching for edge : ?departement igeo:nom ?nom
 INFO 2016-04-01 14:08:02,518 [pool-61-thread-1] (CallableResult.java:52) - CallableResult for GetEdge
 INFO 2016-04-01 14:08:02,518 [pool-61-thread-2] (CallableResult.java:52) - CallableResult for GetEdge
 INFO 2016-04-01 14:08:02,522 [pool-61-thread-2] (CallableResult.java:63) - Finished CallableResult in 4 ms.
 INFO 2016-04-01 14:08:02,524 [pool-61-thread-1] (CallableResult.java:63) - Finished CallableResult in 6 ms.
 INFO 2016-04-01 14:08:02,524 [main] (ParallelMetaProducerLessBlocking.java:193) - Global results retrieved in getEdges 6ms.
 INFO 2016-04-01 14:08:02,524 [main] (Eval.java:2158) - 
	Get EDGE in 6ms.  
	FOR EDGE{?departement igeo:nom ?nom}

 INFO 2016-04-01 14:08:02,524 [main] (ParallelMetaProducerLessBlocking.java:61) - Searching for edge : ?departement igeo:nom ?nom
 INFO 2016-04-01 14:08:02,525 [pool-62-thread-1] (CallableResult.java:52) - CallableResult for GetEdge
 INFO 2016-04-01 14:08:02,525 [pool-62-thread-2] (CallableResult.java:52) - CallableResult for GetEdge
 INFO 2016-04-01 14:08:02,528 [pool-62-thread-2] (CallableResult.java:63) - Finished CallableResult in 3 ms.
 INFO 2016-04-01 14:08:02,529 [pool-62-thread-1] (CallableResult.java:63) - Finished CallableResult in 4 ms.
 INFO 2016-04-01 14:08:02,530 [main] (ParallelMetaProducerLessBlocking.java:193) - Global results retrieved in getEdges 5ms.
 INFO 2016-04-01 14:08:02,530 [main] (Eval.java:2158) - 
	Get EDGE in 6ms.  
	FOR EDGE{?departement igeo:nom ?nom}

 INFO 2016-04-01 14:08:02,530 [main] (Eval.java:2158) - 
	Get EDGE in 29ms.  
	FOR EDGE{?region igeo:subdivisionDirecte ?departement}

 INFO 2016-04-01 14:08:02,530 [main] (ParallelMetaProducerLessBlocking.java:61) - Searching for edge : ?region igeo:subdivisionDirecte ?departement
 INFO 2016-04-01 14:08:02,530 [pool-63-thread-1] (CallableResult.java:52) - CallableResult for GetEdge
 INFO 2016-04-01 14:08:02,530 [pool-63-thread-2] (CallableResult.java:52) - CallableResult for GetEdge
 INFO 2016-04-01 14:08:02,533 [pool-63-thread-1] (CallableResult.java:63) - Finished CallableResult in 3 ms.
 INFO 2016-04-01 14:08:02,535 [pool-63-thread-2] (CallableResult.java:63) - Finished CallableResult in 5 ms.
 INFO 2016-04-01 14:08:02,535 [main] (ParallelMetaProducerLessBlocking.java:193) - Global results retrieved in getEdges 5ms.
 INFO 2016-04-01 14:08:02,535 [main] (ParallelMetaProducerLessBlocking.java:61) - Searching for edge : ?departement igeo:nom ?nom
 INFO 2016-04-01 14:08:02,536 [pool-64-thread-1] (CallableResult.java:52) - CallableResult for GetEdge
 INFO 2016-04-01 14:08:02,536 [pool-64-thread-2] (CallableResult.java:52) - CallableResult for GetEdge
 INFO 2016-04-01 14:08:02,539 [pool-64-thread-2] (CallableResult.java:63) - Finished CallableResult in 3 ms.
 INFO 2016-04-01 14:08:02,541 [pool-64-thread-1] (CallableResult.java:63) - Finished CallableResult in 5 ms.
 INFO 2016-04-01 14:08:02,541 [main] (ParallelMetaProducerLessBlocking.java:193) - Global results retrieved in getEdges 5ms.
 INFO 2016-04-01 14:08:02,541 [main] (Eval.java:2158) - 
	Get EDGE in 6ms.  
	FOR EDGE{?departement igeo:nom ?nom}

 INFO 2016-04-01 14:08:02,541 [main] (Eval.java:2158) - 
	Get EDGE in 11ms.  
	FOR EDGE{?region igeo:subdivisionDirecte ?departement}

 INFO 2016-04-01 14:08:02,542 [main] (ParallelMetaProducerLessBlocking.java:61) - Searching for edge : ?region igeo:subdivisionDirecte ?departement
 INFO 2016-04-01 14:08:02,542 [pool-65-thread-1] (CallableResult.java:52) - CallableResult for GetEdge
 INFO 2016-04-01 14:08:02,542 [pool-65-thread-2] (CallableResult.java:52) - CallableResult for GetEdge
 INFO 2016-04-01 14:08:02,546 [pool-65-thread-1] (CallableResult.java:63) - Finished CallableResult in 4 ms.
 INFO 2016-04-01 14:08:02,549 [pool-65-thread-2] (CallableResult.java:63) - Finished CallableResult in 7 ms.
 INFO 2016-04-01 14:08:02,549 [main] (ParallelMetaProducerLessBlocking.java:193) - Global results retrieved in getEdges 7ms.
 INFO 2016-04-01 14:08:02,549 [main] (ParallelMetaProducerLessBlocking.java:61) - Searching for edge : ?departement igeo:nom ?nom
 INFO 2016-04-01 14:08:02,549 [pool-66-thread-1] (CallableResult.java:52) - CallableResult for GetEdge
 INFO 2016-04-01 14:08:02,550 [pool-66-thread-2] (CallableResult.java:52) - CallableResult for GetEdge
 INFO 2016-04-01 14:08:02,555 [pool-66-thread-2] (CallableResult.java:63) - Finished CallableResult in 5 ms.
 INFO 2016-04-01 14:08:02,556 [pool-66-thread-1] (CallableResult.java:63) - Finished CallableResult in 7 ms.
 INFO 2016-04-01 14:08:02,556 [main] (ParallelMetaProducerLessBlocking.java:193) - Global results retrieved in getEdges 6ms.
 INFO 2016-04-01 14:08:02,556 [main] (Eval.java:2158) - 
	Get EDGE in 7ms.  
	FOR EDGE{?departement igeo:nom ?nom}

 INFO 2016-04-01 14:08:02,556 [main] (ParallelMetaProducerLessBlocking.java:61) - Searching for edge : ?departement igeo:nom ?nom
 INFO 2016-04-01 14:08:02,556 [pool-67-thread-1] (CallableResult.java:52) - CallableResult for GetEdge
 INFO 2016-04-01 14:08:02,557 [pool-67-thread-2] (CallableResult.java:52) - CallableResult for GetEdge
 INFO 2016-04-01 14:08:02,559 [pool-67-thread-1] (CallableResult.java:63) - Finished CallableResult in 3 ms.
 INFO 2016-04-01 14:08:02,561 [pool-67-thread-2] (CallableResult.java:63) - Finished CallableResult in 4 ms.
 INFO 2016-04-01 14:08:02,561 [main] (ParallelMetaProducerLessBlocking.java:193) - Global results retrieved in getEdges 5ms.
 INFO 2016-04-01 14:08:02,561 [main] (Eval.java:2158) - 
	Get EDGE in 5ms.  
	FOR EDGE{?departement igeo:nom ?nom}

 INFO 2016-04-01 14:08:02,561 [main] (Eval.java:2158) - 
	Get EDGE in 19ms.  
	FOR EDGE{?region igeo:subdivisionDirecte ?departement}

 INFO 2016-04-01 14:08:02,561 [main] (ParallelMetaProducerLessBlocking.java:61) - Searching for edge : ?region igeo:subdivisionDirecte ?departement
 INFO 2016-04-01 14:08:02,561 [pool-68-thread-1] (CallableResult.java:52) - CallableResult for GetEdge
 INFO 2016-04-01 14:08:02,561 [pool-68-thread-2] (CallableResult.java:52) - CallableResult for GetEdge
 INFO 2016-04-01 14:08:02,565 [pool-68-thread-1] (CallableResult.java:63) - Finished CallableResult in 4 ms.
 INFO 2016-04-01 14:08:02,567 [pool-68-thread-2] (CallableResult.java:63) - Finished CallableResult in 6 ms.
 INFO 2016-04-01 14:08:02,567 [main] (ParallelMetaProducerLessBlocking.java:193) - Global results retrieved in getEdges 6ms.
 INFO 2016-04-01 14:08:02,567 [main] (ParallelMetaProducerLessBlocking.java:61) - Searching for edge : ?departement igeo:nom ?nom
 INFO 2016-04-01 14:08:02,567 [pool-69-thread-1] (CallableResult.java:52) - CallableResult for GetEdge
 INFO 2016-04-01 14:08:02,568 [pool-69-thread-2] (CallableResult.java:52) - CallableResult for GetEdge
 INFO 2016-04-01 14:08:02,571 [pool-69-thread-1] (CallableResult.java:63) - Finished CallableResult in 4 ms.
 INFO 2016-04-01 14:08:02,575 [pool-69-thread-2] (CallableResult.java:63) - Finished CallableResult in 7 ms.
 INFO 2016-04-01 14:08:02,575 [main] (ParallelMetaProducerLessBlocking.java:193) - Global results retrieved in getEdges 8ms.
 INFO 2016-04-01 14:08:02,576 [main] (Eval.java:2158) - 
	Get EDGE in 9ms.  
	FOR EDGE{?departement igeo:nom ?nom}

 INFO 2016-04-01 14:08:02,576 [main] (ParallelMetaProducerLessBlocking.java:61) - Searching for edge : ?departement igeo:nom ?nom
 INFO 2016-04-01 14:08:02,576 [pool-70-thread-1] (CallableResult.java:52) - CallableResult for GetEdge
 INFO 2016-04-01 14:08:02,576 [pool-70-thread-2] (CallableResult.java:52) - CallableResult for GetEdge
 INFO 2016-04-01 14:08:02,579 [pool-70-thread-2] (CallableResult.java:63) - Finished CallableResult in 3 ms.
 INFO 2016-04-01 14:08:02,581 [pool-70-thread-1] (CallableResult.java:63) - Finished CallableResult in 5 ms.
 INFO 2016-04-01 14:08:02,581 [main] (ParallelMetaProducerLessBlocking.java:193) - Global results retrieved in getEdges 5ms.
 INFO 2016-04-01 14:08:02,581 [main] (Eval.java:2158) - 
	Get EDGE in 5ms.  
	FOR EDGE{?departement igeo:nom ?nom}

 INFO 2016-04-01 14:08:02,581 [main] (Eval.java:2158) - 
	Get EDGE in 20ms.  
	FOR EDGE{?region igeo:subdivisionDirecte ?departement}

 INFO 2016-04-01 14:08:02,582 [main] (ParallelMetaProducerLessBlocking.java:61) - Searching for edge : ?region igeo:subdivisionDirecte ?departement
 INFO 2016-04-01 14:08:02,582 [pool-71-thread-1] (CallableResult.java:52) - CallableResult for GetEdge
 INFO 2016-04-01 14:08:02,582 [pool-71-thread-2] (CallableResult.java:52) - CallableResult for GetEdge
 INFO 2016-04-01 14:08:02,587 [pool-71-thread-1] (CallableResult.java:63) - Finished CallableResult in 5 ms.
 INFO 2016-04-01 14:08:02,589 [pool-71-thread-2] (CallableResult.java:63) - Finished CallableResult in 7 ms.
 INFO 2016-04-01 14:08:02,589 [main] (ParallelMetaProducerLessBlocking.java:193) - Global results retrieved in getEdges 7ms.
 INFO 2016-04-01 14:08:02,589 [main] (ParallelMetaProducerLessBlocking.java:61) - Searching for edge : ?departement igeo:nom ?nom
 INFO 2016-04-01 14:08:02,590 [pool-72-thread-1] (CallableResult.java:52) - CallableResult for GetEdge
 INFO 2016-04-01 14:08:02,590 [pool-72-thread-2] (CallableResult.java:52) - CallableResult for GetEdge
 INFO 2016-04-01 14:08:02,595 [pool-72-thread-2] (CallableResult.java:63) - Finished CallableResult in 5 ms.
 INFO 2016-04-01 14:08:02,597 [pool-72-thread-1] (CallableResult.java:63) - Finished CallableResult in 7 ms.
 INFO 2016-04-01 14:08:02,598 [main] (ParallelMetaProducerLessBlocking.java:193) - Global results retrieved in getEdges 8ms.
 INFO 2016-04-01 14:08:02,598 [main] (Eval.java:2158) - 
	Get EDGE in 9ms.  
	FOR EDGE{?departement igeo:nom ?nom}

 INFO 2016-04-01 14:08:02,598 [main] (Eval.java:2158) - 
	Get EDGE in 16ms.  
	FOR EDGE{?region igeo:subdivisionDirecte ?departement}

 INFO 2016-04-01 14:08:02,599 [main] (ParallelMetaProducerLessBlocking.java:61) - Searching for edge : ?region igeo:subdivisionDirecte ?departement
 INFO 2016-04-01 14:08:02,599 [pool-73-thread-1] (CallableResult.java:52) - CallableResult for GetEdge
 INFO 2016-04-01 14:08:02,599 [pool-73-thread-2] (CallableResult.java:52) - CallableResult for GetEdge
 INFO 2016-04-01 14:08:02,605 [pool-73-thread-1] (CallableResult.java:63) - Finished CallableResult in 6 ms.
 INFO 2016-04-01 14:08:02,608 [pool-73-thread-2] (CallableResult.java:63) - Finished CallableResult in 9 ms.
 INFO 2016-04-01 14:08:02,608 [main] (ParallelMetaProducerLessBlocking.java:193) - Global results retrieved in getEdges 9ms.
 INFO 2016-04-01 14:08:02,608 [main] (ParallelMetaProducerLessBlocking.java:61) - Searching for edge : ?departement igeo:nom ?nom
 INFO 2016-04-01 14:08:02,609 [pool-74-thread-1] (CallableResult.java:52) - CallableResult for GetEdge
 INFO 2016-04-01 14:08:02,609 [pool-74-thread-2] (CallableResult.java:52) - CallableResult for GetEdge
 INFO 2016-04-01 14:08:02,612 [pool-74-thread-2] (CallableResult.java:63) - Finished CallableResult in 3 ms.
 INFO 2016-04-01 14:08:02,613 [pool-74-thread-1] (CallableResult.java:63) - Finished CallableResult in 4 ms.
 INFO 2016-04-01 14:08:02,613 [main] (ParallelMetaProducerLessBlocking.java:193) - Global results retrieved in getEdges 4ms.
 INFO 2016-04-01 14:08:02,613 [main] (Eval.java:2158) - 
	Get EDGE in 5ms.  
	FOR EDGE{?departement igeo:nom ?nom}

 INFO 2016-04-01 14:08:02,613 [main] (Eval.java:2158) - 
	Get EDGE in 14ms.  
	FOR EDGE{?region igeo:subdivisionDirecte ?departement}

 INFO 2016-04-01 14:08:02,613 [main] (ParallelMetaProducerLessBlocking.java:61) - Searching for edge : ?region igeo:subdivisionDirecte ?departement
 INFO 2016-04-01 14:08:02,614 [pool-75-thread-1] (CallableResult.java:52) - CallableResult for GetEdge
 INFO 2016-04-01 14:08:02,614 [pool-75-thread-2] (CallableResult.java:52) - CallableResult for GetEdge
 INFO 2016-04-01 14:08:02,616 [pool-75-thread-1] (CallableResult.java:63) - Finished CallableResult in 2 ms.
 INFO 2016-04-01 14:08:02,617 [pool-75-thread-2] (CallableResult.java:63) - Finished CallableResult in 3 ms.
 INFO 2016-04-01 14:08:02,618 [main] (ParallelMetaProducerLessBlocking.java:193) - Global results retrieved in getEdges 4ms.
 INFO 2016-04-01 14:08:02,618 [main] (ParallelMetaProducerLessBlocking.java:61) - Searching for edge : ?departement igeo:nom ?nom
 INFO 2016-04-01 14:08:02,618 [pool-76-thread-1] (CallableResult.java:52) - CallableResult for GetEdge
 INFO 2016-04-01 14:08:02,618 [pool-76-thread-2] (CallableResult.java:52) - CallableResult for GetEdge
 INFO 2016-04-01 14:08:02,622 [pool-76-thread-2] (CallableResult.java:63) - Finished CallableResult in 4 ms.
 INFO 2016-04-01 14:08:02,623 [pool-76-thread-1] (CallableResult.java:63) - Finished CallableResult in 5 ms.
 INFO 2016-04-01 14:08:02,623 [main] (ParallelMetaProducerLessBlocking.java:193) - Global results retrieved in getEdges 5ms.
 INFO 2016-04-01 14:08:02,623 [main] (Eval.java:2158) - 
	Get EDGE in 5ms.  
	FOR EDGE{?departement igeo:nom ?nom}

 INFO 2016-04-01 14:08:02,624 [main] (Eval.java:2158) - 
	Get EDGE in 11ms.  
	FOR EDGE{?region igeo:subdivisionDirecte ?departement}

 INFO 2016-04-01 14:08:02,624 [main] (ParallelMetaProducerLessBlocking.java:61) - Searching for edge : ?region igeo:subdivisionDirecte ?departement
 INFO 2016-04-01 14:08:02,624 [pool-77-thread-1] (CallableResult.java:52) - CallableResult for GetEdge
 INFO 2016-04-01 14:08:02,624 [pool-77-thread-2] (CallableResult.java:52) - CallableResult for GetEdge
 INFO 2016-04-01 14:08:02,628 [pool-77-thread-1] (CallableResult.java:63) - Finished CallableResult in 4 ms.
 INFO 2016-04-01 14:08:02,630 [pool-77-thread-2] (CallableResult.java:63) - Finished CallableResult in 6 ms.
 INFO 2016-04-01 14:08:02,630 [main] (ParallelMetaProducerLessBlocking.java:193) - Global results retrieved in getEdges 6ms.
 INFO 2016-04-01 14:08:02,631 [main] (ParallelMetaProducerLessBlocking.java:61) - Searching for edge : ?departement igeo:nom ?nom
 INFO 2016-04-01 14:08:02,631 [pool-78-thread-1] (CallableResult.java:52) - CallableResult for GetEdge
 INFO 2016-04-01 14:08:02,631 [pool-78-thread-2] (CallableResult.java:52) - CallableResult for GetEdge
 INFO 2016-04-01 14:08:02,634 [pool-78-thread-1] (CallableResult.java:63) - Finished CallableResult in 3 ms.
 INFO 2016-04-01 14:08:02,635 [pool-78-thread-2] (CallableResult.java:63) - Finished CallableResult in 4 ms.
 INFO 2016-04-01 14:08:02,635 [main] (ParallelMetaProducerLessBlocking.java:193) - Global results retrieved in getEdges 4ms.
 INFO 2016-04-01 14:08:02,636 [main] (Eval.java:2158) - 
	Get EDGE in 5ms.  
	FOR EDGE{?departement igeo:nom ?nom}

 INFO 2016-04-01 14:08:02,636 [main] (Eval.java:2158) - 
	Get EDGE in 12ms.  
	FOR EDGE{?region igeo:subdivisionDirecte ?departement}

 INFO 2016-04-01 14:08:02,636 [main] (ParallelMetaProducerLessBlocking.java:61) - Searching for edge : ?region igeo:subdivisionDirecte ?departement
 INFO 2016-04-01 14:08:02,636 [pool-79-thread-1] (CallableResult.java:52) - CallableResult for GetEdge
 INFO 2016-04-01 14:08:02,638 [pool-79-thread-2] (CallableResult.java:52) - CallableResult for GetEdge
 INFO 2016-04-01 14:08:02,639 [pool-79-thread-1] (CallableResult.java:63) - Finished CallableResult in 3 ms.
 INFO 2016-04-01 14:08:02,643 [pool-79-thread-2] (CallableResult.java:63) - Finished CallableResult in 5 ms.
 INFO 2016-04-01 14:08:02,643 [main] (ParallelMetaProducerLessBlocking.java:193) - Global results retrieved in getEdges 5ms.
 INFO 2016-04-01 14:08:02,643 [main] (ParallelMetaProducerLessBlocking.java:61) - Searching for edge : ?departement igeo:nom ?nom
 INFO 2016-04-01 14:08:02,644 [pool-80-thread-1] (CallableResult.java:52) - CallableResult for GetEdge
 INFO 2016-04-01 14:08:02,644 [pool-80-thread-2] (CallableResult.java:52) - CallableResult for GetEdge
 INFO 2016-04-01 14:08:02,648 [pool-80-thread-1] (CallableResult.java:63) - Finished CallableResult in 4 ms.
 INFO 2016-04-01 14:08:02,649 [pool-80-thread-2] (CallableResult.java:63) - Finished CallableResult in 5 ms.
 INFO 2016-04-01 14:08:02,649 [main] (ParallelMetaProducerLessBlocking.java:193) - Global results retrieved in getEdges 5ms.
 INFO 2016-04-01 14:08:02,649 [main] (Eval.java:2158) - 
	Get EDGE in 6ms.  
	FOR EDGE{?departement igeo:nom ?nom}

 INFO 2016-04-01 14:08:02,649 [main] (Eval.java:2158) - 
	Get EDGE in 13ms.  
	FOR EDGE{?region igeo:subdivisionDirecte ?departement}

 INFO 2016-04-01 14:08:02,649 [main] (ParallelMetaProducerLessBlocking.java:61) - Searching for edge : ?region igeo:subdivisionDirecte ?departement
 INFO 2016-04-01 14:08:02,650 [pool-81-thread-2] (CallableResult.java:52) - CallableResult for GetEdge
 INFO 2016-04-01 14:08:02,651 [pool-81-thread-1] (CallableResult.java:52) - CallableResult for GetEdge
 INFO 2016-04-01 14:08:02,654 [pool-81-thread-1] (CallableResult.java:63) - Finished CallableResult in 3 ms.
 INFO 2016-04-01 14:08:02,658 [pool-81-thread-2] (CallableResult.java:63) - Finished CallableResult in 8 ms.
 INFO 2016-04-01 14:08:02,659 [main] (ParallelMetaProducerLessBlocking.java:193) - Global results retrieved in getEdges 9ms.
 INFO 2016-04-01 14:08:02,659 [main] (ParallelMetaProducerLessBlocking.java:61) - Searching for edge : ?departement igeo:nom ?nom
 INFO 2016-04-01 14:08:02,663 [pool-82-thread-1] (CallableResult.java:52) - CallableResult for GetEdge
 INFO 2016-04-01 14:08:02,664 [pool-82-thread-2] (CallableResult.java:52) - CallableResult for GetEdge
 INFO 2016-04-01 14:08:02,668 [pool-82-thread-2] (CallableResult.java:63) - Finished CallableResult in 4 ms.
 INFO 2016-04-01 14:08:02,672 [pool-82-thread-1] (CallableResult.java:63) - Finished CallableResult in 9 ms.
 INFO 2016-04-01 14:08:02,673 [main] (ParallelMetaProducerLessBlocking.java:193) - Global results retrieved in getEdges 10ms.
 INFO 2016-04-01 14:08:02,673 [main] (Eval.java:2158) - 
	Get EDGE in 14ms.  
	FOR EDGE{?departement igeo:nom ?nom}

 INFO 2016-04-01 14:08:02,673 [main] (ParallelMetaProducerLessBlocking.java:61) - Searching for edge : ?departement igeo:nom ?nom
 INFO 2016-04-01 14:08:02,674 [pool-83-thread-1] (CallableResult.java:52) - CallableResult for GetEdge
 INFO 2016-04-01 14:08:02,675 [pool-83-thread-2] (CallableResult.java:52) - CallableResult for GetEdge
 INFO 2016-04-01 14:08:02,679 [pool-83-thread-1] (CallableResult.java:63) - Finished CallableResult in 5 ms.
 INFO 2016-04-01 14:08:02,680 [pool-83-thread-2] (CallableResult.java:63) - Finished CallableResult in 5 ms.
 INFO 2016-04-01 14:08:02,680 [main] (ParallelMetaProducerLessBlocking.java:193) - Global results retrieved in getEdges 5ms.
 INFO 2016-04-01 14:08:02,680 [main] (Eval.java:2158) - 
	Get EDGE in 7ms.  
	FOR EDGE{?departement igeo:nom ?nom}

 INFO 2016-04-01 14:08:02,681 [main] (ParallelMetaProducerLessBlocking.java:61) - Searching for edge : ?departement igeo:nom ?nom
 INFO 2016-04-01 14:08:02,681 [pool-84-thread-1] (CallableResult.java:52) - CallableResult for GetEdge
 INFO 2016-04-01 14:08:02,685 [pool-84-thread-2] (CallableResult.java:52) - CallableResult for GetEdge
 INFO 2016-04-01 14:08:02,685 [pool-84-thread-1] (CallableResult.java:63) - Finished CallableResult in 4 ms.
 INFO 2016-04-01 14:08:02,690 [pool-84-thread-2] (CallableResult.java:63) - Finished CallableResult in 5 ms.
 INFO 2016-04-01 14:08:02,690 [main] (ParallelMetaProducerLessBlocking.java:193) - Global results retrieved in getEdges 5ms.
 INFO 2016-04-01 14:08:02,691 [main] (Eval.java:2158) - 
	Get EDGE in 10ms.  
	FOR EDGE{?departement igeo:nom ?nom}

 INFO 2016-04-01 14:08:02,691 [main] (Eval.java:2158) - 
	Get EDGE in 42ms.  
	FOR EDGE{?region igeo:subdivisionDirecte ?departement}

 INFO 2016-04-01 14:08:02,691 [main] (Eval.java:2158) - 
	Get EDGE in 832ms.  
	FOR EDGE{?region igeo:codeRegion ?v}

 INFO 2016-04-01 14:08:02,693 [main] (ProviderImplCostMonitoring.java:229) - ** Provider: 
prefix idemo: <http://rdf.insee.fr/def/demo#>
prefix igeo: <http://rdf.insee.fr/def/geo#>
select * 
where
{?departement idemo:population ?popLeg . 
?popLeg idemo:populationTotale ?popTotale . 
filter ((((((((((((((((((((?departement = <http://id.insee.fr/geo/departement/51>) || (?departement = <http://id.insee.fr/geo/departement/10>)) || (?departement = <http://id.insee.fr/geo/departement/52>)) || (?departement = <http://id.insee.fr/geo/departement/38>)) || (?departement = <http://id.insee.fr/geo/departement/74>)) || (?departement = <http://id.insee.fr/geo/departement/42>)) || (?departement = <http://id.insee.fr/geo/departement/26>)) || (?departement = <http://id.insee.fr/geo/departement/73>)) || (?departement = <http://id.insee.fr/geo/departement/69>)) || (?departement = <http://id.insee.fr/geo/departement/13>)) || (?departement = <http://id.insee.fr/geo/departement/62>)) || (?departement = <http://id.insee.fr/geo/departement/976>)) || (?departement = <http://id.insee.fr/geo/departement/90>)) || (?departement = <http://id.insee.fr/geo/departement/39>)) || (?departement = <http://id.insee.fr/geo/departement/25>)) || (?departement = <http://id.insee.fr/geo/departement/54>)) || (?departement = <http://id.insee.fr/geo/departement/12>)) || (?departement = <http://id.insee.fr/geo/departement/65>)) || (?departement = <http://id.insee.fr/geo/departement/23>)) || (?departement = <http://id.insee.fr/geo/departement/78>)) }


 INFO 2016-04-01 14:08:03,037 [main] (ProviderImplCostMonitoring.java:229) - ** Provider: 
prefix idemo: <http://rdf.insee.fr/def/demo#>
prefix igeo: <http://rdf.insee.fr/def/geo#>
select * 
where
{?departement idemo:population ?popLeg . 
?popLeg idemo:populationTotale ?popTotale . 
filter ((((((((((((((((((((?departement = <http://id.insee.fr/geo/departement/75>) || (?departement = <http://id.insee.fr/geo/departement/77>)) || (?departement = <http://id.insee.fr/geo/departement/91>)) || (?departement = <http://id.insee.fr/geo/departement/64>)) || (?departement = <http://id.insee.fr/geo/departement/24>)) || (?departement = <http://id.insee.fr/geo/departement/33>)) || (?departement = <http://id.insee.fr/geo/departement/21>)) || (?departement = <http://id.insee.fr/geo/departement/71>)) || (?departement = <http://id.insee.fr/geo/departement/14>)) || (?departement = <http://id.insee.fr/geo/departement/50>)) || (?departement = <http://id.insee.fr/geo/departement/61>)) || (?departement = <http://id.insee.fr/geo/departement/36>)) || (?departement = <http://id.insee.fr/geo/departement/37>)) || (?departement = <http://id.insee.fr/geo/departement/28>)) || (?departement = <http://id.insee.fr/geo/departement/27>)) || (?departement = <http://id.insee.fr/geo/departement/76>)) || (?departement = <http://id.insee.fr/geo/departement/79>)) || (?departement = <http://id.insee.fr/geo/departement/17>)) || (?departement = <http://id.insee.fr/geo/departement/16>)) || (?departement = <http://id.insee.fr/geo/departement/29>)) }


 INFO 2016-04-01 14:08:03,147 [main] (ProviderImplCostMonitoring.java:229) - ** Provider: 
prefix idemo: <http://rdf.insee.fr/def/demo#>
prefix igeo: <http://rdf.insee.fr/def/geo#>
select * 
where
{?departement idemo:population ?popLeg . 
?popLeg idemo:populationTotale ?popTotale . 
filter (((((((((((((((?departement = <http://id.insee.fr/geo/departement/35>) || (?departement = <http://id.insee.fr/geo/departement/22>)) || (?departement = <http://id.insee.fr/geo/departement/60>)) || (?departement = <http://id.insee.fr/geo/departement/72>)) || (?departement = <http://id.insee.fr/geo/departement/53>)) || (?departement = <http://id.insee.fr/geo/departement/15>)) || (?departement = <http://id.insee.fr/geo/departement/63>)) || (?departement = <http://id.insee.fr/geo/departement/974>)) || (?departement = <http://id.insee.fr/geo/departement/973>)) || (?departement = <http://id.insee.fr/geo/departement/972>)) || (?departement = <http://id.insee.fr/geo/departement/2A>)) || (?departement = <http://id.insee.fr/geo/departement/971>)) || (?departement = <http://id.insee.fr/geo/departement/66>)) || (?departement = <http://id.insee.fr/geo/departement/11>)) || (?departement = <http://id.insee.fr/geo/departement/34>)) }


 INFO 2016-04-01 14:08:03,249 [main] (Eval.java:1706) - 
	SERVICE in 558ms.  
	FOR [AND{EDGE{?departement idemo:population ?popLeg} EDGE{?popLeg idemo:populationTotale ?popTotale} }]

 INFO 2016-04-01 14:08:03,256 [main] (TestDQP.java:205) - 54 results in 1577 ms
 INFO 2016-04-01 14:08:03,257 [main] (TestDQP.java:206) - 
01 ?nom = "Creuse"; ?popTotale = 125714; 
02 ?nom = "Territoire de Belfort"; ?popTotale = 147777; 
03 ?nom = "Corse-du-Sud"; ?popTotale = 151621; 
04 ?nom = "Cantal"; ?popTotale = 152797; 
05 ?nom = "Haute-Marne"; ?popTotale = 188083; 
06 ?nom = "Indre"; ?popTotale = 235181; 
07 ?nom = "Hautes-Pyrnes"; ?popTotale = 236728; 
08 ?nom = "Guyane"; ?popTotale = 246507; 
09 ?nom = "Jura"; ?popTotale = 270914; 
10 ?nom = "Aveyron"; ?popTotale = 289257; 
11 ?nom = "Orne"; ?popTotale = 298248; 
12 ?nom = "Aube"; ?popTotale = 314825; 
13 ?nom = "Mayenne"; ?popTotale = 318095; 
14 ?nom = "Charente"; ?popTotale = 366587; 
15 ?nom = "Aude"; ?popTotale = 374868; 
16 ?nom = "Deux-Svres"; ?popTotale = 383079; 
17 ?nom = "Martinique"; ?popTotale = 391837; 
18 ?nom = "Guadeloupe"; ?popTotale = 409055; 
19 ?nom = "Dordogne"; ?popTotale = 429579; 
20 ?nom = "Savoie"; ?popTotale = 437915; 
21 ?nom = "Eure-et-Loir"; ?popTotale = 444385; 
22 ?nom = "Pyrnes-Orientales"; ?popTotale = 471573; 
23 ?nom = "Drme"; ?popTotale = 509444; 
24 ?nom = "Manche"; ?popTotale = 518364; 
25 ?nom = "Cte-d\'Or"; ?popTotale = 543648; 
26 ?nom = "Doubs"; ?popTotale = 548026; 
27 ?nom = "Sane-et-Loire"; ?popTotale = 575097; 
28 ?nom = "Marne"; ?popTotale = 583691; 
29 ?nom = "Sarthe"; ?popTotale = 584865; 
30 ?nom = "Eure"; ?popTotale = 612518; 
31 ?nom = "Indre-et-Loire"; ?popTotale = 615557; 
32 ?nom = "Ctes-d\'Armor"; ?popTotale = 617565; 
33 ?nom = "Charente-Maritime"; ?popTotale = 652610; 
34 ?nom = "Puy-de-Dme"; ?popTotale = 658489; 
35 ?nom = "Pyrnes-Atlantiques"; ?popTotale = 685564; 
36 ?nom = "Calvados"; ?popTotale = 706635; 
37 ?nom = "Meurthe-et-Moselle"; ?popTotale = 745398; 
38 ?nom = "Loire"; ?popTotale = 774144; 
39 ?nom = "Haute-Savoie"; ?popTotale = 793342; 
40 ?nom = "Oise"; ?popTotale = 835918; 
41 ?nom = "La Runion"; ?popTotale = 844741; 
42 ?nom = "Finistre"; ?popTotale = 934625; 
43 ?nom = "Ille-et-Vilaine"; ?popTotale = 1047873; 
44 ?nom = "Hrault"; ?popTotale = 1111881; 
45 ?nom = "Isre"; ?popTotale = 1263850; 
46 ?nom = "Essonne"; ?popTotale = 1273233; 
47 ?nom = "Seine-Maritime"; ?popTotale = 1280410; 
48 ?nom = "Seine-et-Marne"; ?popTotale = 1387830; 
49 ?nom = "Yvelines"; ?popTotale = 1446301; 
50 ?nom = "Pas-de-Calais"; ?popTotale = 1491735; 
51 ?nom = "Gironde"; ?popTotale = 1536448; 
52 ?nom = "Rhne"; ?popTotale = 1812196; 
53 ?nom = "Bouches-du-Rhne"; ?popTotale = 2022604; 
54 ?nom = "Paris"; ?popTotale = 2254262; 

 INFO 2016-04-01 14:08:03,257 [main] (TestDQP.java:207) - Remote queries
 INFO 2016-04-01 14:08:03,258 [main] (TestDQP.java:208) - =========
	?region igeo:subdivisionDirecte ?departement
	52
--
	?region igeo:codeRegion ?v
	2
--
	?departement igeo:nom ?nom
	114
--
	prefix idemo: <http://rdf.insee.fr/def/demo#> prefix igeo: <http://rdf.insee.fr/def/geo#> select *  where {?departement idemo:population ?popLeg .  ?popLeg idemo:populationTotale ?popTotale .  filter ((((((((((((((((((((?departement = <http://id.insee.fr/geo/departement/75>) || (?departement = <http://id.insee.fr/geo/departement/77>)) || (?departement = <http://id.insee.fr/geo/departement/91>)) || (?departement = <http://id.insee.fr/geo/departement/64>)) || (?departement = <http://id.insee.fr/geo/departement/24>)) || (?departement = <http://id.insee.fr/geo/departement/33>)) || (?departement = <http://id.insee.fr/geo/departement/21>)) || (?departement = <http://id.insee.fr/geo/departement/71>)) || (?departement = <http://id.insee.fr/geo/departement/14>)) || (?departement = <http://id.insee.fr/geo/departement/50>)) || (?departement = <http://id.insee.fr/geo/departement/61>)) || (?departement = <http://id.insee.fr/geo/departement/36>)) || (?departement = <http://id.insee.fr/geo/departement/37>)) || (?departement = <http://id.insee.fr/geo/departement/28>)) || (?departement = <http://id.insee.fr/geo/departement/27>)) || (?departement = <http://id.insee.fr/geo/departement/76>)) || (?departement = <http://id.insee.fr/geo/departement/79>)) || (?departement = <http://id.insee.fr/geo/departement/17>)) || (?departement = <http://id.insee.fr/geo/departement/16>)) || (?departement = <http://id.insee.fr/geo/departement/29>)) }  
	1
--
	prefix idemo: <http://rdf.insee.fr/def/demo#> prefix igeo: <http://rdf.insee.fr/def/geo#> select *  where {?departement idemo:population ?popLeg .  ?popLeg idemo:populationTotale ?popTotale .  filter (((((((((((((((?departement = <http://id.insee.fr/geo/departement/35>) || (?departement = <http://id.insee.fr/geo/departement/22>)) || (?departement = <http://id.insee.fr/geo/departement/60>)) || (?departement = <http://id.insee.fr/geo/departement/72>)) || (?departement = <http://id.insee.fr/geo/departement/53>)) || (?departement = <http://id.insee.fr/geo/departement/15>)) || (?departement = <http://id.insee.fr/geo/departement/63>)) || (?departement = <http://id.insee.fr/geo/departement/974>)) || (?departement = <http://id.insee.fr/geo/departement/973>)) || (?departement = <http://id.insee.fr/geo/departement/972>)) || (?departement = <http://id.insee.fr/geo/departement/2A>)) || (?departement = <http://id.insee.fr/geo/departement/971>)) || (?departement = <http://id.insee.fr/geo/departement/66>)) || (?departement = <http://id.insee.fr/geo/departement/11>)) || (?departement = <http://id.insee.fr/geo/departement/34>)) }  
	1
--
	prefix idemo: <http://rdf.insee.fr/def/demo#> prefix igeo: <http://rdf.insee.fr/def/geo#> select *  where {?departement idemo:population ?popLeg .  ?popLeg idemo:populationTotale ?popTotale .  filter ((((((((((((((((((((?departement = <http://id.insee.fr/geo/departement/51>) || (?departement = <http://id.insee.fr/geo/departement/10>)) || (?departement = <http://id.insee.fr/geo/departement/52>)) || (?departement = <http://id.insee.fr/geo/departement/38>)) || (?departement = <http://id.insee.fr/geo/departement/74>)) || (?departement = <http://id.insee.fr/geo/departement/42>)) || (?departement = <http://id.insee.fr/geo/departement/26>)) || (?departement = <http://id.insee.fr/geo/departement/73>)) || (?departement = <http://id.insee.fr/geo/departement/69>)) || (?departement = <http://id.insee.fr/geo/departement/13>)) || (?departement = <http://id.insee.fr/geo/departement/62>)) || (?departement = <http://id.insee.fr/geo/departement/976>)) || (?departement = <http://id.insee.fr/geo/departement/90>)) || (?departement = <http://id.insee.fr/geo/departement/39>)) || (?departement = <http://id.insee.fr/geo/departement/25>)) || (?departement = <http://id.insee.fr/geo/departement/54>)) || (?departement = <http://id.insee.fr/geo/departement/12>)) || (?departement = <http://id.insee.fr/geo/departement/65>)) || (?departement = <http://id.insee.fr/geo/departement/23>)) || (?departement = <http://id.insee.fr/geo/departement/78>)) }  
	1
--
	>====  Sum = 171  =====

 INFO 2016-04-01 14:08:03,258 [main] (TestDQP.java:209) - Transferred results per query
 INFO 2016-04-01 14:08:03,258 [main] (TestDQP.java:210) - =========
	?region igeo:subdivisionDirecte ?departement
	57
--
	?region igeo:codeRegion ?v
	33
--
	?departement igeo:nom ?nom
	55
--
	prefix idemo: <http://rdf.insee.fr/def/demo#> prefix igeo: <http://rdf.insee.fr/def/geo#> select *  where {?departement idemo:population ?popLeg .  ?popLeg idemo:populationTotale ?popTotale .  filter ((((((((((((((((((((?departement = <http://id.insee.fr/geo/departement/75>) || (?departement = <http://id.insee.fr/geo/departement/77>)) || (?departement = <http://id.insee.fr/geo/departement/91>)) || (?departement = <http://id.insee.fr/geo/departement/64>)) || (?departement = <http://id.insee.fr/geo/departement/24>)) || (?departement = <http://id.insee.fr/geo/departement/33>)) || (?departement = <http://id.insee.fr/geo/departement/21>)) || (?departement = <http://id.insee.fr/geo/departement/71>)) || (?departement = <http://id.insee.fr/geo/departement/14>)) || (?departement = <http://id.insee.fr/geo/departement/50>)) || (?departement = <http://id.insee.fr/geo/departement/61>)) || (?departement = <http://id.insee.fr/geo/departement/36>)) || (?departement = <http://id.insee.fr/geo/departement/37>)) || (?departement = <http://id.insee.fr/geo/departement/28>)) || (?departement = <http://id.insee.fr/geo/departement/27>)) || (?departement = <http://id.insee.fr/geo/departement/76>)) || (?departement = <http://id.insee.fr/geo/departement/79>)) || (?departement = <http://id.insee.fr/geo/departement/17>)) || (?departement = <http://id.insee.fr/geo/departement/16>)) || (?departement = <http://id.insee.fr/geo/departement/29>)) }  
	20
--
	prefix idemo: <http://rdf.insee.fr/def/demo#> prefix igeo: <http://rdf.insee.fr/def/geo#> select *  where {?departement idemo:population ?popLeg .  ?popLeg idemo:populationTotale ?popTotale .  filter (((((((((((((((?departement = <http://id.insee.fr/geo/departement/35>) || (?departement = <http://id.insee.fr/geo/departement/22>)) || (?departement = <http://id.insee.fr/geo/departement/60>)) || (?departement = <http://id.insee.fr/geo/departement/72>)) || (?departement = <http://id.insee.fr/geo/departement/53>)) || (?departement = <http://id.insee.fr/geo/departement/15>)) || (?departement = <http://id.insee.fr/geo/departement/63>)) || (?departement = <http://id.insee.fr/geo/departement/974>)) || (?departement = <http://id.insee.fr/geo/departement/973>)) || (?departement = <http://id.insee.fr/geo/departement/972>)) || (?departement = <http://id.insee.fr/geo/departement/2A>)) || (?departement = <http://id.insee.fr/geo/departement/971>)) || (?departement = <http://id.insee.fr/geo/departement/66>)) || (?departement = <http://id.insee.fr/geo/departement/11>)) || (?departement = <http://id.insee.fr/geo/departement/34>)) }  
	15
--
	prefix idemo: <http://rdf.insee.fr/def/demo#> prefix igeo: <http://rdf.insee.fr/def/geo#> select *  where {?departement idemo:population ?popLeg .  ?popLeg idemo:populationTotale ?popTotale .  filter ((((((((((((((((((((?departement = <http://id.insee.fr/geo/departement/51>) || (?departement = <http://id.insee.fr/geo/departement/10>)) || (?departement = <http://id.insee.fr/geo/departement/52>)) || (?departement = <http://id.insee.fr/geo/departement/38>)) || (?departement = <http://id.insee.fr/geo/departement/74>)) || (?departement = <http://id.insee.fr/geo/departement/42>)) || (?departement = <http://id.insee.fr/geo/departement/26>)) || (?departement = <http://id.insee.fr/geo/departement/73>)) || (?departement = <http://id.insee.fr/geo/departement/69>)) || (?departement = <http://id.insee.fr/geo/departement/13>)) || (?departement = <http://id.insee.fr/geo/departement/62>)) || (?departement = <http://id.insee.fr/geo/departement/976>)) || (?departement = <http://id.insee.fr/geo/departement/90>)) || (?departement = <http://id.insee.fr/geo/departement/39>)) || (?departement = <http://id.insee.fr/geo/departement/25>)) || (?departement = <http://id.insee.fr/geo/departement/54>)) || (?departement = <http://id.insee.fr/geo/departement/12>)) || (?departement = <http://id.insee.fr/geo/departement/65>)) || (?departement = <http://id.insee.fr/geo/departement/23>)) || (?departement = <http://id.insee.fr/geo/departement/78>)) }  
	19
--
	>====  Sum = 199  =====

 INFO 2016-04-01 14:08:03,258 [main] (TestDQP.java:211) - Remote queries per data source
 INFO 2016-04-01 14:08:03,258 [main] (TestDQP.java:212) - =========
	http://localhost:8085/sparql
	27
--
	http://localhost:8088/sparql
	3
--
	http://localhost:8086/sparql
	83
--
	http://localhost:8087/sparql
	58
--
	>====  Sum = 171  =====

 INFO 2016-04-01 14:08:03,258 [main] (TestDQP.java:213) - Transferred results per source
 INFO 2016-04-01 14:08:03,258 [main] (TestDQP.java:214) - =========
	http://localhost:8085/sparql
	24
--
	http://localhost:8088/sparql
	54
--
	http://localhost:8086/sparql
	84
--
	http://localhost:8087/sparql
	37
--
	>====  Sum = 199  =====

