 INFO 2016-04-01 14:06:47,349 [main] (ServiceGrouper.java:84) - Building indices for 
 INFO 2016-04-01 14:06:47,351 [main] (ServiceGrouper.java:85) - {?region igeo:codeRegion ?v . 
?region igeo:subdivisionDirecte ?departement . 
?departement igeo:nom ?nom . 
?departement idemo:population ?popLeg . 
?popLeg idemo:populationTotale ?popTotale . }
 INFO 2016-04-01 14:06:47,565 [main] (ServiceGrouper.java:559) - Edge index
 INFO 2016-04-01 14:06:47,566 [main] (ServiceGrouper.java:575) - Source index
 INFO 2016-04-01 14:06:47,567 [main] (ServiceGrouper.java:259) - Found consecutive triple patterns into {?region igeo:codeRegion ?v . 
?region igeo:subdivisionDirecte ?departement . 
?departement igeo:nom ?nom . 
?departement idemo:population ?popLeg . 
?popLeg idemo:populationTotale ?popTotale . }
 INFO 2016-04-01 14:06:47,567 [main] (ServiceGrouper.java:426) - Processing
[?region igeo:codeRegion ?v . , ?region igeo:subdivisionDirecte ?departement . , ?departement igeo:nom ?nom . , ?departement idemo:population ?popLeg . , ?popLeg idemo:populationTotale ?popTotale . ]
 WARN 2016-04-01 14:06:47,567 [main] (ServiceGrouper.java:446) - Triple pattern ?region igeo:codeRegion ?v .  appears in more than one data source, excluded from SERVICE.
 WARN 2016-04-01 14:06:47,568 [main] (ServiceGrouper.java:446) - Triple pattern ?region igeo:subdivisionDirecte ?departement .  appears in more than one data source, excluded from SERVICE.
 WARN 2016-04-01 14:06:47,569 [main] (ServiceGrouper.java:446) - Triple pattern ?region igeo:subdivisionDirecte ?departement .  appears in more than one data source, excluded from SERVICE.
 WARN 2016-04-01 14:06:47,569 [main] (ServiceGrouper.java:446) - Triple pattern ?departement igeo:nom ?nom .  appears in more than one data source, excluded from SERVICE.
 WARN 2016-04-01 14:06:47,569 [main] (ServiceGrouper.java:446) - Triple pattern ?region igeo:codeRegion ?v .  appears in more than one data source, excluded from SERVICE.
 WARN 2016-04-01 14:06:47,570 [main] (ServiceGrouper.java:446) - Triple pattern ?departement igeo:nom ?nom .  appears in more than one data source, excluded from SERVICE.
 INFO 2016-04-01 14:06:47,570 [main] (ServiceGrouper.java:271) - Ranking : 
 INFO 2016-04-01 14:06:47,570 [main] (ServiceGrouper.java:272) - {?region igeo:codeRegion ?v . 
?region igeo:subdivisionDirecte ?departement . 
service <http://localhost:8088/sparql> {?departement idemo:population ?popLeg . 
?popLeg idemo:populationTotale ?popTotale . }
?departement igeo:nom ?nom . }
 INFO 2016-04-01 14:06:47,570 [main] (ServiceGrouper.java:277) - 2 free variables for ?region igeo:codeRegion ?v . 
 INFO 2016-04-01 14:06:47,571 [main] (ServiceGrouper.java:277) - 2 free variables for ?region igeo:subdivisionDirecte ?departement . 
 INFO 2016-04-01 14:06:47,571 [main] (ServiceGrouper.java:277) - 3 free variables for service <http://localhost:8088/sparql> {?departement idemo:population ?popLeg . 
?popLeg idemo:populationTotale ?popTotale . }
 INFO 2016-04-01 14:06:47,571 [main] (ServiceGrouper.java:277) - 2 free variables for ?departement igeo:nom ?nom . 
 INFO 2016-04-01 14:06:47,571 [main] (ServiceGrouper.java:286) - Sorting services possibly with the same score
 WARN 2016-04-01 14:06:47,572 [main] (ServiceGrouper.java:353) - Searching for ?region igeo:codeRegion ?v .  in [?region igeo:codeRegion ?v . , ?region igeo:subdivisionDirecte ?departement . , ?departement igeo:nom ?nom . , ?departement idemo:population ?popLeg . , ?popLeg idemo:populationTotale ?popTotale . ]
 WARN 2016-04-01 14:06:47,572 [main] (ServiceGrouper.java:353) - Searching for ?departement igeo:nom ?nom .  in [?region igeo:codeRegion ?v . , ?region igeo:subdivisionDirecte ?departement . , ?departement igeo:nom ?nom . , ?departement idemo:population ?popLeg . , ?popLeg idemo:populationTotale ?popTotale . ]
 INFO 2016-04-01 14:06:47,573 [main] (ServiceGrouper.java:328) - Comparing : ?region igeo:codeRegion ?v .  with ?departement igeo:nom ?nom . 
 WARN 2016-04-01 14:06:47,573 [main] (ServiceGrouper.java:353) - Searching for ?region igeo:subdivisionDirecte ?departement .  in [?region igeo:codeRegion ?v . , ?region igeo:subdivisionDirecte ?departement . , ?departement igeo:nom ?nom . , ?departement idemo:population ?popLeg . , ?popLeg idemo:populationTotale ?popTotale . ]
 WARN 2016-04-01 14:06:47,573 [main] (ServiceGrouper.java:353) - Searching for ?region igeo:codeRegion ?v .  in [?region igeo:codeRegion ?v . , ?region igeo:subdivisionDirecte ?departement . , ?departement igeo:nom ?nom . , ?departement idemo:population ?popLeg . , ?popLeg idemo:populationTotale ?popTotale . ]
 INFO 2016-04-01 14:06:47,574 [main] (ServiceGrouper.java:328) - Comparing : ?region igeo:subdivisionDirecte ?departement .  with ?region igeo:codeRegion ?v . 
 WARN 2016-04-01 14:06:47,574 [main] (ServiceGrouper.java:353) - Searching for ?region igeo:subdivisionDirecte ?departement .  in [?region igeo:codeRegion ?v . , ?region igeo:subdivisionDirecte ?departement . , ?departement igeo:nom ?nom . , ?departement idemo:population ?popLeg . , ?popLeg idemo:populationTotale ?popTotale . ]
 WARN 2016-04-01 14:06:47,574 [main] (ServiceGrouper.java:353) - Searching for ?departement igeo:nom ?nom .  in [?region igeo:codeRegion ?v . , ?region igeo:subdivisionDirecte ?departement . , ?departement igeo:nom ?nom . , ?departement idemo:population ?popLeg . , ?popLeg idemo:populationTotale ?popTotale . ]
 INFO 2016-04-01 14:06:47,574 [main] (ServiceGrouper.java:328) - Comparing : ?region igeo:subdivisionDirecte ?departement .  with ?departement igeo:nom ?nom . 
 WARN 2016-04-01 14:06:47,575 [main] (ServiceGrouper.java:353) - Searching for ?region igeo:subdivisionDirecte ?departement .  in [?region igeo:codeRegion ?v . , ?region igeo:subdivisionDirecte ?departement . , ?departement igeo:nom ?nom . , ?departement idemo:population ?popLeg . , ?popLeg idemo:populationTotale ?popTotale . ]
 WARN 2016-04-01 14:06:47,575 [main] (ServiceGrouper.java:353) - Searching for ?region igeo:codeRegion ?v .  in [?region igeo:codeRegion ?v . , ?region igeo:subdivisionDirecte ?departement . , ?departement igeo:nom ?nom . , ?departement idemo:population ?popLeg . , ?popLeg idemo:populationTotale ?popTotale . ]
 INFO 2016-04-01 14:06:47,575 [main] (ServiceGrouper.java:328) - Comparing : ?region igeo:subdivisionDirecte ?departement .  with ?region igeo:codeRegion ?v . 
 INFO 2016-04-01 14:06:47,575 [main] (ServiceGrouper.java:340) - {?region igeo:codeRegion ?v . 
?region igeo:subdivisionDirecte ?departement . 
?departement igeo:nom ?nom . 
service <http://localhost:8088/sparql> {?departement idemo:population ?popLeg . 
?popLeg idemo:populationTotale ?popTotale . }}
 INFO 2016-04-01 14:06:47,576 [main] (ServiceGrouper.java:118) - Final rewritten query
 INFO 2016-04-01 14:06:47,576 [main] (ServiceGrouper.java:119) - prefix idemo: <http://rdf.insee.fr/def/demo#>
prefix igeo: <http://rdf.insee.fr/def/geo#>
select ?nom ?popTotale 
where
{?region igeo:codeRegion ?v . 
?region igeo:subdivisionDirecte ?departement . 
?departement igeo:nom ?nom . 
service <http://localhost:8088/sparql> {?departement idemo:population ?popLeg . 
?popLeg idemo:populationTotale ?popTotale . }}
order by ?popTotale 


 INFO 2016-04-01 14:06:47,595 [main] (ParallelMetaProducerLessBlocking.java:61) - Searching for edge : ?region igeo:codeRegion ?v
 INFO 2016-04-01 14:06:47,597 [pool-1-thread-1] (CallableResult.java:52) - CallableResult for GetEdge
 INFO 2016-04-01 14:06:47,599 [pool-1-thread-2] (CallableResult.java:52) - CallableResult for GetEdge
 INFO 2016-04-01 14:06:47,754 [pool-1-thread-1] (CallableResult.java:63) - Finished CallableResult in 157 ms.
 INFO 2016-04-01 14:06:47,803 [pool-1-thread-2] (CallableResult.java:63) - Finished CallableResult in 206 ms.
 INFO 2016-04-01 14:06:47,814 [main] (ParallelMetaProducerLessBlocking.java:193) - Global results retrieved in getEdges 217ms.
 INFO 2016-04-01 14:06:47,815 [main] (ParallelMetaProducerLessBlocking.java:61) - Searching for edge : ?region igeo:subdivisionDirecte ?departement
 INFO 2016-04-01 14:06:47,815 [pool-2-thread-1] (CallableResult.java:52) - CallableResult for GetEdge
 INFO 2016-04-01 14:06:47,815 [pool-2-thread-2] (CallableResult.java:52) - CallableResult for GetEdge
 INFO 2016-04-01 14:06:47,827 [pool-2-thread-2] (CallableResult.java:63) - Finished CallableResult in 12 ms.
 INFO 2016-04-01 14:06:47,835 [pool-2-thread-1] (CallableResult.java:63) - Finished CallableResult in 20 ms.
 INFO 2016-04-01 14:06:47,836 [main] (ParallelMetaProducerLessBlocking.java:193) - Global results retrieved in getEdges 21ms.
 INFO 2016-04-01 14:06:47,836 [main] (ParallelMetaProducerLessBlocking.java:61) - Searching for edge : ?departement igeo:nom ?nom
 INFO 2016-04-01 14:06:47,836 [pool-3-thread-1] (CallableResult.java:52) - CallableResult for GetEdge
 INFO 2016-04-01 14:06:47,836 [pool-3-thread-2] (CallableResult.java:52) - CallableResult for GetEdge
 INFO 2016-04-01 14:06:47,847 [pool-3-thread-1] (CallableResult.java:63) - Finished CallableResult in 11 ms.
 INFO 2016-04-01 14:06:47,850 [pool-3-thread-2] (CallableResult.java:63) - Finished CallableResult in 14 ms.
 INFO 2016-04-01 14:06:47,850 [main] (ParallelMetaProducerLessBlocking.java:193) - Global results retrieved in getEdges 14ms.
 INFO 2016-04-01 14:06:47,850 [main] (Eval.java:2158) - 
	Get EDGE in 14ms.  
	FOR EDGE{?departement igeo:nom ?nom}

 INFO 2016-04-01 14:06:47,851 [main] (ParallelMetaProducerLessBlocking.java:61) - Searching for edge : ?departement igeo:nom ?nom
 INFO 2016-04-01 14:06:47,851 [pool-4-thread-1] (CallableResult.java:52) - CallableResult for GetEdge
 INFO 2016-04-01 14:06:47,851 [pool-4-thread-2] (CallableResult.java:52) - CallableResult for GetEdge
 INFO 2016-04-01 14:06:47,856 [pool-4-thread-2] (CallableResult.java:63) - Finished CallableResult in 5 ms.
 INFO 2016-04-01 14:06:47,857 [pool-4-thread-1] (CallableResult.java:63) - Finished CallableResult in 6 ms.
 INFO 2016-04-01 14:06:47,858 [main] (ParallelMetaProducerLessBlocking.java:193) - Global results retrieved in getEdges 7ms.
 INFO 2016-04-01 14:06:47,858 [main] (Eval.java:2158) - 
	Get EDGE in 7ms.  
	FOR EDGE{?departement igeo:nom ?nom}

 INFO 2016-04-01 14:06:47,858 [main] (ParallelMetaProducerLessBlocking.java:61) - Searching for edge : ?departement igeo:nom ?nom
 INFO 2016-04-01 14:06:47,859 [pool-5-thread-1] (CallableResult.java:52) - CallableResult for GetEdge
 INFO 2016-04-01 14:06:47,859 [pool-5-thread-2] (CallableResult.java:52) - CallableResult for GetEdge
 INFO 2016-04-01 14:06:47,865 [pool-5-thread-1] (CallableResult.java:63) - Finished CallableResult in 6 ms.
 INFO 2016-04-01 14:06:47,878 [pool-5-thread-2] (CallableResult.java:63) - Finished CallableResult in 19 ms.
 INFO 2016-04-01 14:06:47,878 [main] (ParallelMetaProducerLessBlocking.java:193) - Global results retrieved in getEdges 19ms.
 INFO 2016-04-01 14:06:47,879 [main] (Eval.java:2158) - 
	Get EDGE in 21ms.  
	FOR EDGE{?departement igeo:nom ?nom}

 INFO 2016-04-01 14:06:47,879 [main] (Eval.java:2158) - 
	Get EDGE in 64ms.  
	FOR EDGE{?region igeo:subdivisionDirecte ?departement}

 INFO 2016-04-01 14:06:47,879 [main] (ParallelMetaProducerLessBlocking.java:61) - Searching for edge : ?region igeo:subdivisionDirecte ?departement
 INFO 2016-04-01 14:06:47,880 [pool-6-thread-2] (CallableResult.java:52) - CallableResult for GetEdge
 INFO 2016-04-01 14:06:47,880 [pool-6-thread-1] (CallableResult.java:52) - CallableResult for GetEdge
 INFO 2016-04-01 14:06:47,884 [pool-6-thread-2] (CallableResult.java:63) - Finished CallableResult in 4 ms.
 INFO 2016-04-01 14:06:47,894 [pool-6-thread-1] (CallableResult.java:63) - Finished CallableResult in 14 ms.
 INFO 2016-04-01 14:06:47,894 [main] (ParallelMetaProducerLessBlocking.java:193) - Global results retrieved in getEdges 14ms.
 INFO 2016-04-01 14:06:47,894 [main] (ParallelMetaProducerLessBlocking.java:61) - Searching for edge : ?departement igeo:nom ?nom
 INFO 2016-04-01 14:06:47,895 [pool-7-thread-1] (CallableResult.java:52) - CallableResult for GetEdge
 INFO 2016-04-01 14:06:47,895 [pool-7-thread-2] (CallableResult.java:52) - CallableResult for GetEdge
 INFO 2016-04-01 14:06:47,908 [pool-7-thread-2] (CallableResult.java:63) - Finished CallableResult in 7 ms.
 INFO 2016-04-01 14:06:47,909 [pool-7-thread-1] (CallableResult.java:63) - Finished CallableResult in 14 ms.
 INFO 2016-04-01 14:06:47,909 [main] (ParallelMetaProducerLessBlocking.java:193) - Global results retrieved in getEdges 14ms.
 INFO 2016-04-01 14:06:47,909 [main] (Eval.java:2158) - 
	Get EDGE in 15ms.  
	FOR EDGE{?departement igeo:nom ?nom}

 INFO 2016-04-01 14:06:47,909 [main] (ParallelMetaProducerLessBlocking.java:61) - Searching for edge : ?departement igeo:nom ?nom
 INFO 2016-04-01 14:06:47,910 [pool-8-thread-1] (CallableResult.java:52) - CallableResult for GetEdge
 INFO 2016-04-01 14:06:47,912 [pool-8-thread-2] (CallableResult.java:52) - CallableResult for GetEdge
 INFO 2016-04-01 14:06:47,917 [pool-8-thread-2] (CallableResult.java:63) - Finished CallableResult in 5 ms.
 INFO 2016-04-01 14:06:47,919 [pool-8-thread-1] (CallableResult.java:63) - Finished CallableResult in 9 ms.
 INFO 2016-04-01 14:06:47,919 [main] (ParallelMetaProducerLessBlocking.java:193) - Global results retrieved in getEdges 8ms.
 INFO 2016-04-01 14:06:47,919 [main] (Eval.java:2158) - 
	Get EDGE in 10ms.  
	FOR EDGE{?departement igeo:nom ?nom}

 INFO 2016-04-01 14:06:47,919 [main] (ParallelMetaProducerLessBlocking.java:61) - Searching for edge : ?departement igeo:nom ?nom
 INFO 2016-04-01 14:06:47,920 [pool-9-thread-1] (CallableResult.java:52) - CallableResult for GetEdge
 INFO 2016-04-01 14:06:47,920 [pool-9-thread-2] (CallableResult.java:52) - CallableResult for GetEdge
 INFO 2016-04-01 14:06:47,926 [pool-9-thread-2] (CallableResult.java:63) - Finished CallableResult in 6 ms.
 INFO 2016-04-01 14:06:47,926 [pool-9-thread-1] (CallableResult.java:63) - Finished CallableResult in 6 ms.
 INFO 2016-04-01 14:06:47,927 [main] (ParallelMetaProducerLessBlocking.java:193) - Global results retrieved in getEdges 7ms.
 INFO 2016-04-01 14:06:47,927 [main] (Eval.java:2158) - 
	Get EDGE in 8ms.  
	FOR EDGE{?departement igeo:nom ?nom}

 INFO 2016-04-01 14:06:47,927 [main] (ParallelMetaProducerLessBlocking.java:61) - Searching for edge : ?departement igeo:nom ?nom
 INFO 2016-04-01 14:06:47,928 [pool-10-thread-1] (CallableResult.java:52) - CallableResult for GetEdge
 INFO 2016-04-01 14:06:47,928 [pool-10-thread-2] (CallableResult.java:52) - CallableResult for GetEdge
 INFO 2016-04-01 14:06:47,933 [pool-10-thread-2] (CallableResult.java:63) - Finished CallableResult in 5 ms.
 INFO 2016-04-01 14:06:47,935 [pool-10-thread-1] (CallableResult.java:63) - Finished CallableResult in 7 ms.
 INFO 2016-04-01 14:06:47,935 [main] (ParallelMetaProducerLessBlocking.java:193) - Global results retrieved in getEdges 7ms.
 INFO 2016-04-01 14:06:47,935 [main] (Eval.java:2158) - 
	Get EDGE in 8ms.  
	FOR EDGE{?departement igeo:nom ?nom}

 INFO 2016-04-01 14:06:47,936 [main] (ParallelMetaProducerLessBlocking.java:61) - Searching for edge : ?departement igeo:nom ?nom
 INFO 2016-04-01 14:06:47,936 [pool-11-thread-1] (CallableResult.java:52) - CallableResult for GetEdge
 INFO 2016-04-01 14:06:47,936 [pool-11-thread-2] (CallableResult.java:52) - CallableResult for GetEdge
 INFO 2016-04-01 14:06:47,941 [pool-11-thread-2] (CallableResult.java:63) - Finished CallableResult in 5 ms.
 INFO 2016-04-01 14:06:47,942 [pool-11-thread-1] (CallableResult.java:63) - Finished CallableResult in 6 ms.
 INFO 2016-04-01 14:06:47,942 [main] (ParallelMetaProducerLessBlocking.java:193) - Global results retrieved in getEdges 6ms.
 INFO 2016-04-01 14:06:47,943 [main] (Eval.java:2158) - 
	Get EDGE in 7ms.  
	FOR EDGE{?departement igeo:nom ?nom}

 INFO 2016-04-01 14:06:47,943 [main] (ParallelMetaProducerLessBlocking.java:61) - Searching for edge : ?departement igeo:nom ?nom
 INFO 2016-04-01 14:06:47,943 [pool-12-thread-1] (CallableResult.java:52) - CallableResult for GetEdge
 INFO 2016-04-01 14:06:47,943 [pool-12-thread-2] (CallableResult.java:52) - CallableResult for GetEdge
 INFO 2016-04-01 14:06:47,948 [pool-12-thread-2] (CallableResult.java:63) - Finished CallableResult in 5 ms.
 INFO 2016-04-01 14:06:47,950 [pool-12-thread-1] (CallableResult.java:63) - Finished CallableResult in 7 ms.
 INFO 2016-04-01 14:06:47,950 [main] (ParallelMetaProducerLessBlocking.java:193) - Global results retrieved in getEdges 7ms.
 INFO 2016-04-01 14:06:47,950 [main] (Eval.java:2158) - 
	Get EDGE in 7ms.  
	FOR EDGE{?departement igeo:nom ?nom}

 INFO 2016-04-01 14:06:47,950 [main] (Eval.java:2158) - 
	Get EDGE in 71ms.  
	FOR EDGE{?region igeo:subdivisionDirecte ?departement}

 INFO 2016-04-01 14:06:47,951 [main] (ParallelMetaProducerLessBlocking.java:61) - Searching for edge : ?region igeo:subdivisionDirecte ?departement
 INFO 2016-04-01 14:06:47,951 [pool-13-thread-1] (CallableResult.java:52) - CallableResult for GetEdge
 INFO 2016-04-01 14:06:47,951 [pool-13-thread-2] (CallableResult.java:52) - CallableResult for GetEdge
 INFO 2016-04-01 14:06:47,955 [pool-13-thread-2] (CallableResult.java:63) - Finished CallableResult in 4 ms.
 INFO 2016-04-01 14:06:47,957 [pool-13-thread-1] (CallableResult.java:63) - Finished CallableResult in 6 ms.
 INFO 2016-04-01 14:06:47,964 [main] (ParallelMetaProducerLessBlocking.java:193) - Global results retrieved in getEdges 13ms.
 INFO 2016-04-01 14:06:47,964 [main] (ParallelMetaProducerLessBlocking.java:61) - Searching for edge : ?departement igeo:nom ?nom
 INFO 2016-04-01 14:06:47,965 [pool-14-thread-1] (CallableResult.java:52) - CallableResult for GetEdge
 INFO 2016-04-01 14:06:47,965 [pool-14-thread-2] (CallableResult.java:52) - CallableResult for GetEdge
 INFO 2016-04-01 14:06:47,969 [pool-14-thread-1] (CallableResult.java:63) - Finished CallableResult in 4 ms.
 INFO 2016-04-01 14:06:47,972 [pool-14-thread-2] (CallableResult.java:63) - Finished CallableResult in 7 ms.
 INFO 2016-04-01 14:06:47,972 [main] (ParallelMetaProducerLessBlocking.java:193) - Global results retrieved in getEdges 7ms.
 INFO 2016-04-01 14:06:47,972 [main] (Eval.java:2158) - 
	Get EDGE in 8ms.  
	FOR EDGE{?departement igeo:nom ?nom}

 INFO 2016-04-01 14:06:47,973 [main] (Eval.java:2158) - 
	Get EDGE in 22ms.  
	FOR EDGE{?region igeo:subdivisionDirecte ?departement}

 INFO 2016-04-01 14:06:47,973 [main] (ParallelMetaProducerLessBlocking.java:61) - Searching for edge : ?region igeo:subdivisionDirecte ?departement
 INFO 2016-04-01 14:06:47,973 [pool-15-thread-1] (CallableResult.java:52) - CallableResult for GetEdge
 INFO 2016-04-01 14:06:47,973 [pool-15-thread-2] (CallableResult.java:52) - CallableResult for GetEdge
 INFO 2016-04-01 14:06:47,976 [pool-15-thread-2] (CallableResult.java:63) - Finished CallableResult in 3 ms.
 INFO 2016-04-01 14:06:47,978 [pool-15-thread-1] (CallableResult.java:63) - Finished CallableResult in 5 ms.
 INFO 2016-04-01 14:06:47,978 [main] (ParallelMetaProducerLessBlocking.java:193) - Global results retrieved in getEdges 5ms.
 INFO 2016-04-01 14:06:47,978 [main] (ParallelMetaProducerLessBlocking.java:61) - Searching for edge : ?departement igeo:nom ?nom
 INFO 2016-04-01 14:06:47,979 [pool-16-thread-1] (CallableResult.java:52) - CallableResult for GetEdge
 INFO 2016-04-01 14:06:47,979 [pool-16-thread-2] (CallableResult.java:52) - CallableResult for GetEdge
 INFO 2016-04-01 14:06:47,983 [pool-16-thread-2] (CallableResult.java:63) - Finished CallableResult in 4 ms.
 INFO 2016-04-01 14:06:47,985 [pool-16-thread-1] (CallableResult.java:63) - Finished CallableResult in 6 ms.
 INFO 2016-04-01 14:06:47,986 [main] (ParallelMetaProducerLessBlocking.java:193) - Global results retrieved in getEdges 7ms.
 INFO 2016-04-01 14:06:47,986 [main] (Eval.java:2158) - 
	Get EDGE in 8ms.  
	FOR EDGE{?departement igeo:nom ?nom}

 INFO 2016-04-01 14:06:47,986 [main] (Eval.java:2158) - 
	Get EDGE in 13ms.  
	FOR EDGE{?region igeo:subdivisionDirecte ?departement}

 INFO 2016-04-01 14:06:47,986 [main] (ParallelMetaProducerLessBlocking.java:61) - Searching for edge : ?region igeo:subdivisionDirecte ?departement
 INFO 2016-04-01 14:06:47,986 [pool-17-thread-1] (CallableResult.java:52) - CallableResult for GetEdge
 INFO 2016-04-01 14:06:47,986 [pool-17-thread-2] (CallableResult.java:52) - CallableResult for GetEdge
 INFO 2016-04-01 14:06:47,990 [pool-17-thread-2] (CallableResult.java:63) - Finished CallableResult in 4 ms.
 INFO 2016-04-01 14:06:47,992 [pool-17-thread-1] (CallableResult.java:63) - Finished CallableResult in 6 ms.
 INFO 2016-04-01 14:06:47,993 [main] (ParallelMetaProducerLessBlocking.java:193) - Global results retrieved in getEdges 7ms.
 INFO 2016-04-01 14:06:47,993 [main] (ParallelMetaProducerLessBlocking.java:61) - Searching for edge : ?departement igeo:nom ?nom
 INFO 2016-04-01 14:06:47,993 [pool-18-thread-1] (CallableResult.java:52) - CallableResult for GetEdge
 INFO 2016-04-01 14:06:47,993 [pool-18-thread-2] (CallableResult.java:52) - CallableResult for GetEdge
 INFO 2016-04-01 14:06:47,998 [pool-18-thread-2] (CallableResult.java:63) - Finished CallableResult in 5 ms.
 INFO 2016-04-01 14:06:48,000 [pool-18-thread-1] (CallableResult.java:63) - Finished CallableResult in 7 ms.
 INFO 2016-04-01 14:06:48,001 [main] (ParallelMetaProducerLessBlocking.java:193) - Global results retrieved in getEdges 8ms.
 INFO 2016-04-01 14:06:48,001 [main] (Eval.java:2158) - 
	Get EDGE in 8ms.  
	FOR EDGE{?departement igeo:nom ?nom}

 INFO 2016-04-01 14:06:48,001 [main] (Eval.java:2158) - 
	Get EDGE in 15ms.  
	FOR EDGE{?region igeo:subdivisionDirecte ?departement}

 INFO 2016-04-01 14:06:48,001 [main] (ParallelMetaProducerLessBlocking.java:61) - Searching for edge : ?region igeo:subdivisionDirecte ?departement
 INFO 2016-04-01 14:06:48,001 [pool-19-thread-1] (CallableResult.java:52) - CallableResult for GetEdge
 INFO 2016-04-01 14:06:48,001 [pool-19-thread-2] (CallableResult.java:52) - CallableResult for GetEdge
 INFO 2016-04-01 14:06:48,008 [pool-19-thread-1] (CallableResult.java:63) - Finished CallableResult in 7 ms.
 INFO 2016-04-01 14:06:48,009 [pool-19-thread-2] (CallableResult.java:63) - Finished CallableResult in 8 ms.
 INFO 2016-04-01 14:06:48,009 [main] (ParallelMetaProducerLessBlocking.java:193) - Global results retrieved in getEdges 8ms.
 INFO 2016-04-01 14:06:48,009 [main] (ParallelMetaProducerLessBlocking.java:61) - Searching for edge : ?departement igeo:nom ?nom
 INFO 2016-04-01 14:06:48,010 [pool-20-thread-1] (CallableResult.java:52) - CallableResult for GetEdge
 INFO 2016-04-01 14:06:48,010 [pool-20-thread-2] (CallableResult.java:52) - CallableResult for GetEdge
 INFO 2016-04-01 14:06:48,015 [pool-20-thread-1] (CallableResult.java:63) - Finished CallableResult in 5 ms.
 INFO 2016-04-01 14:06:48,019 [pool-20-thread-2] (CallableResult.java:63) - Finished CallableResult in 9 ms.
 INFO 2016-04-01 14:06:48,020 [main] (ParallelMetaProducerLessBlocking.java:193) - Global results retrieved in getEdges 10ms.
 INFO 2016-04-01 14:06:48,020 [main] (Eval.java:2158) - 
	Get EDGE in 11ms.  
	FOR EDGE{?departement igeo:nom ?nom}

 INFO 2016-04-01 14:06:48,020 [main] (ParallelMetaProducerLessBlocking.java:61) - Searching for edge : ?departement igeo:nom ?nom
 INFO 2016-04-01 14:06:48,020 [pool-21-thread-1] (CallableResult.java:52) - CallableResult for GetEdge
 INFO 2016-04-01 14:06:48,020 [pool-21-thread-2] (CallableResult.java:52) - CallableResult for GetEdge
 INFO 2016-04-01 14:06:48,026 [pool-21-thread-2] (CallableResult.java:63) - Finished CallableResult in 6 ms.
 INFO 2016-04-01 14:06:48,027 [pool-21-thread-1] (CallableResult.java:63) - Finished CallableResult in 7 ms.
 INFO 2016-04-01 14:06:48,027 [main] (ParallelMetaProducerLessBlocking.java:193) - Global results retrieved in getEdges 7ms.
 INFO 2016-04-01 14:06:48,027 [main] (Eval.java:2158) - 
	Get EDGE in 7ms.  
	FOR EDGE{?departement igeo:nom ?nom}

 INFO 2016-04-01 14:06:48,028 [main] (ParallelMetaProducerLessBlocking.java:61) - Searching for edge : ?departement igeo:nom ?nom
 INFO 2016-04-01 14:06:48,031 [pool-22-thread-1] (CallableResult.java:52) - CallableResult for GetEdge
 INFO 2016-04-01 14:06:48,031 [pool-22-thread-2] (CallableResult.java:52) - CallableResult for GetEdge
 INFO 2016-04-01 14:06:48,038 [pool-22-thread-2] (CallableResult.java:63) - Finished CallableResult in 7 ms.
 INFO 2016-04-01 14:06:48,044 [pool-22-thread-1] (CallableResult.java:63) - Finished CallableResult in 13 ms.
 INFO 2016-04-01 14:06:48,045 [main] (ParallelMetaProducerLessBlocking.java:193) - Global results retrieved in getEdges 14ms.
 INFO 2016-04-01 14:06:48,045 [main] (Eval.java:2158) - 
	Get EDGE in 17ms.  
	FOR EDGE{?departement igeo:nom ?nom}

 INFO 2016-04-01 14:06:48,045 [main] (Eval.java:2158) - 
	Get EDGE in 44ms.  
	FOR EDGE{?region igeo:subdivisionDirecte ?departement}

 INFO 2016-04-01 14:06:48,045 [main] (ParallelMetaProducerLessBlocking.java:61) - Searching for edge : ?region igeo:subdivisionDirecte ?departement
 INFO 2016-04-01 14:06:48,047 [pool-23-thread-1] (CallableResult.java:52) - CallableResult for GetEdge
 INFO 2016-04-01 14:06:48,047 [pool-23-thread-2] (CallableResult.java:52) - CallableResult for GetEdge
 INFO 2016-04-01 14:06:48,051 [pool-23-thread-2] (CallableResult.java:63) - Finished CallableResult in 4 ms.
 INFO 2016-04-01 14:06:48,053 [pool-23-thread-1] (CallableResult.java:63) - Finished CallableResult in 6 ms.
 INFO 2016-04-01 14:06:48,053 [main] (ParallelMetaProducerLessBlocking.java:193) - Global results retrieved in getEdges 6ms.
 INFO 2016-04-01 14:06:48,053 [main] (ParallelMetaProducerLessBlocking.java:61) - Searching for edge : ?departement igeo:nom ?nom
 INFO 2016-04-01 14:06:48,054 [pool-24-thread-1] (CallableResult.java:52) - CallableResult for GetEdge
 INFO 2016-04-01 14:06:48,054 [pool-24-thread-2] (CallableResult.java:52) - CallableResult for GetEdge
 INFO 2016-04-01 14:06:48,059 [pool-24-thread-1] (CallableResult.java:63) - Finished CallableResult in 5 ms.
 INFO 2016-04-01 14:06:48,060 [pool-24-thread-2] (CallableResult.java:63) - Finished CallableResult in 6 ms.
 INFO 2016-04-01 14:06:48,061 [main] (ParallelMetaProducerLessBlocking.java:193) - Global results retrieved in getEdges 7ms.
 INFO 2016-04-01 14:06:48,061 [main] (Eval.java:2158) - 
	Get EDGE in 8ms.  
	FOR EDGE{?departement igeo:nom ?nom}

 INFO 2016-04-01 14:06:48,061 [main] (Eval.java:2158) - 
	Get EDGE in 16ms.  
	FOR EDGE{?region igeo:subdivisionDirecte ?departement}

 INFO 2016-04-01 14:06:48,061 [main] (ParallelMetaProducerLessBlocking.java:61) - Searching for edge : ?region igeo:subdivisionDirecte ?departement
 INFO 2016-04-01 14:06:48,062 [pool-25-thread-1] (CallableResult.java:52) - CallableResult for GetEdge
 INFO 2016-04-01 14:06:48,062 [pool-25-thread-2] (CallableResult.java:52) - CallableResult for GetEdge
 INFO 2016-04-01 14:06:48,066 [pool-25-thread-2] (CallableResult.java:63) - Finished CallableResult in 4 ms.
 INFO 2016-04-01 14:06:48,069 [pool-25-thread-1] (CallableResult.java:63) - Finished CallableResult in 7 ms.
 INFO 2016-04-01 14:06:48,069 [main] (ParallelMetaProducerLessBlocking.java:193) - Global results retrieved in getEdges 7ms.
 INFO 2016-04-01 14:06:48,069 [main] (ParallelMetaProducerLessBlocking.java:61) - Searching for edge : ?departement igeo:nom ?nom
 INFO 2016-04-01 14:06:48,069 [pool-26-thread-1] (CallableResult.java:52) - CallableResult for GetEdge
 INFO 2016-04-01 14:06:48,069 [pool-26-thread-2] (CallableResult.java:52) - CallableResult for GetEdge
 INFO 2016-04-01 14:06:48,074 [pool-26-thread-2] (CallableResult.java:63) - Finished CallableResult in 4 ms.
 INFO 2016-04-01 14:06:48,075 [pool-26-thread-1] (CallableResult.java:63) - Finished CallableResult in 6 ms.
 INFO 2016-04-01 14:06:48,075 [main] (ParallelMetaProducerLessBlocking.java:193) - Global results retrieved in getEdges 6ms.
 INFO 2016-04-01 14:06:48,075 [main] (Eval.java:2158) - 
	Get EDGE in 6ms.  
	FOR EDGE{?departement igeo:nom ?nom}

 INFO 2016-04-01 14:06:48,075 [main] (ParallelMetaProducerLessBlocking.java:61) - Searching for edge : ?departement igeo:nom ?nom
 INFO 2016-04-01 14:06:48,076 [pool-27-thread-2] (CallableResult.java:52) - CallableResult for GetEdge
 INFO 2016-04-01 14:06:48,076 [pool-27-thread-1] (CallableResult.java:52) - CallableResult for GetEdge
 INFO 2016-04-01 14:06:48,081 [pool-27-thread-2] (CallableResult.java:63) - Finished CallableResult in 5 ms.
 INFO 2016-04-01 14:06:48,081 [pool-27-thread-1] (CallableResult.java:63) - Finished CallableResult in 5 ms.
 INFO 2016-04-01 14:06:48,081 [main] (ParallelMetaProducerLessBlocking.java:193) - Global results retrieved in getEdges 5ms.
 INFO 2016-04-01 14:06:48,081 [main] (Eval.java:2158) - 
	Get EDGE in 6ms.  
	FOR EDGE{?departement igeo:nom ?nom}

 INFO 2016-04-01 14:06:48,081 [main] (Eval.java:2158) - 
	Get EDGE in 20ms.  
	FOR EDGE{?region igeo:subdivisionDirecte ?departement}

 INFO 2016-04-01 14:06:48,082 [main] (ParallelMetaProducerLessBlocking.java:61) - Searching for edge : ?region igeo:subdivisionDirecte ?departement
 INFO 2016-04-01 14:06:48,082 [pool-28-thread-1] (CallableResult.java:52) - CallableResult for GetEdge
 INFO 2016-04-01 14:06:48,082 [pool-28-thread-2] (CallableResult.java:52) - CallableResult for GetEdge
 INFO 2016-04-01 14:06:48,085 [pool-28-thread-1] (CallableResult.java:63) - Finished CallableResult in 3 ms.
 INFO 2016-04-01 14:06:48,087 [pool-28-thread-2] (CallableResult.java:63) - Finished CallableResult in 5 ms.
 INFO 2016-04-01 14:06:48,087 [main] (ParallelMetaProducerLessBlocking.java:193) - Global results retrieved in getEdges 5ms.
 INFO 2016-04-01 14:06:48,087 [main] (ParallelMetaProducerLessBlocking.java:61) - Searching for edge : ?departement igeo:nom ?nom
 INFO 2016-04-01 14:06:48,087 [pool-29-thread-1] (CallableResult.java:52) - CallableResult for GetEdge
 INFO 2016-04-01 14:06:48,088 [pool-29-thread-2] (CallableResult.java:52) - CallableResult for GetEdge
 INFO 2016-04-01 14:06:48,093 [pool-29-thread-2] (CallableResult.java:63) - Finished CallableResult in 5 ms.
 INFO 2016-04-01 14:06:48,093 [pool-29-thread-1] (CallableResult.java:63) - Finished CallableResult in 6 ms.
 INFO 2016-04-01 14:06:48,093 [main] (ParallelMetaProducerLessBlocking.java:193) - Global results retrieved in getEdges 6ms.
 INFO 2016-04-01 14:06:48,094 [main] (Eval.java:2158) - 
	Get EDGE in 7ms.  
	FOR EDGE{?departement igeo:nom ?nom}

 INFO 2016-04-01 14:06:48,094 [main] (Eval.java:2158) - 
	Get EDGE in 12ms.  
	FOR EDGE{?region igeo:subdivisionDirecte ?departement}

 INFO 2016-04-01 14:06:48,094 [main] (ParallelMetaProducerLessBlocking.java:61) - Searching for edge : ?region igeo:subdivisionDirecte ?departement
 INFO 2016-04-01 14:06:48,095 [pool-30-thread-1] (CallableResult.java:52) - CallableResult for GetEdge
 INFO 2016-04-01 14:06:48,095 [pool-30-thread-2] (CallableResult.java:52) - CallableResult for GetEdge
 INFO 2016-04-01 14:06:48,099 [pool-30-thread-1] (CallableResult.java:63) - Finished CallableResult in 4 ms.
 INFO 2016-04-01 14:06:48,107 [pool-30-thread-2] (CallableResult.java:63) - Finished CallableResult in 12 ms.
 INFO 2016-04-01 14:06:48,108 [main] (ParallelMetaProducerLessBlocking.java:193) - Global results retrieved in getEdges 13ms.
 INFO 2016-04-01 14:06:48,108 [main] (ParallelMetaProducerLessBlocking.java:61) - Searching for edge : ?departement igeo:nom ?nom
 INFO 2016-04-01 14:06:48,109 [pool-31-thread-1] (CallableResult.java:52) - CallableResult for GetEdge
 INFO 2016-04-01 14:06:48,109 [pool-31-thread-2] (CallableResult.java:52) - CallableResult for GetEdge
 INFO 2016-04-01 14:06:48,115 [pool-31-thread-2] (CallableResult.java:63) - Finished CallableResult in 6 ms.
 INFO 2016-04-01 14:06:48,116 [pool-31-thread-1] (CallableResult.java:63) - Finished CallableResult in 7 ms.
 INFO 2016-04-01 14:06:48,117 [main] (ParallelMetaProducerLessBlocking.java:193) - Global results retrieved in getEdges 8ms.
 INFO 2016-04-01 14:06:48,117 [main] (Eval.java:2158) - 
	Get EDGE in 9ms.  
	FOR EDGE{?departement igeo:nom ?nom}

 INFO 2016-04-01 14:06:48,117 [main] (ParallelMetaProducerLessBlocking.java:61) - Searching for edge : ?departement igeo:nom ?nom
 INFO 2016-04-01 14:06:48,118 [pool-32-thread-1] (CallableResult.java:52) - CallableResult for GetEdge
 INFO 2016-04-01 14:06:48,118 [pool-32-thread-2] (CallableResult.java:52) - CallableResult for GetEdge
 INFO 2016-04-01 14:06:48,124 [pool-32-thread-2] (CallableResult.java:63) - Finished CallableResult in 6 ms.
 INFO 2016-04-01 14:06:48,126 [pool-32-thread-1] (CallableResult.java:63) - Finished CallableResult in 8 ms.
 INFO 2016-04-01 14:06:48,126 [main] (ParallelMetaProducerLessBlocking.java:193) - Global results retrieved in getEdges 8ms.
 INFO 2016-04-01 14:06:48,127 [main] (Eval.java:2158) - 
	Get EDGE in 10ms.  
	FOR EDGE{?departement igeo:nom ?nom}

 INFO 2016-04-01 14:06:48,127 [main] (ParallelMetaProducerLessBlocking.java:61) - Searching for edge : ?departement igeo:nom ?nom
 INFO 2016-04-01 14:06:48,127 [pool-33-thread-1] (CallableResult.java:52) - CallableResult for GetEdge
 INFO 2016-04-01 14:06:48,127 [pool-33-thread-2] (CallableResult.java:52) - CallableResult for GetEdge
 INFO 2016-04-01 14:06:48,131 [pool-33-thread-2] (CallableResult.java:63) - Finished CallableResult in 4 ms.
 INFO 2016-04-01 14:06:48,132 [pool-33-thread-1] (CallableResult.java:63) - Finished CallableResult in 5 ms.
 INFO 2016-04-01 14:06:48,132 [main] (ParallelMetaProducerLessBlocking.java:193) - Global results retrieved in getEdges 5ms.
 INFO 2016-04-01 14:06:48,132 [main] (Eval.java:2158) - 
	Get EDGE in 5ms.  
	FOR EDGE{?departement igeo:nom ?nom}

 INFO 2016-04-01 14:06:48,133 [main] (ParallelMetaProducerLessBlocking.java:61) - Searching for edge : ?departement igeo:nom ?nom
 INFO 2016-04-01 14:06:48,133 [pool-34-thread-1] (CallableResult.java:52) - CallableResult for GetEdge
 INFO 2016-04-01 14:06:48,133 [pool-34-thread-2] (CallableResult.java:52) - CallableResult for GetEdge
 INFO 2016-04-01 14:06:48,137 [pool-34-thread-1] (CallableResult.java:63) - Finished CallableResult in 4 ms.
 INFO 2016-04-01 14:06:48,138 [pool-34-thread-2] (CallableResult.java:63) - Finished CallableResult in 5 ms.
 INFO 2016-04-01 14:06:48,139 [main] (ParallelMetaProducerLessBlocking.java:193) - Global results retrieved in getEdges 6ms.
 INFO 2016-04-01 14:06:48,139 [main] (Eval.java:2158) - 
	Get EDGE in 6ms.  
	FOR EDGE{?departement igeo:nom ?nom}

 INFO 2016-04-01 14:06:48,139 [main] (Eval.java:2158) - 
	Get EDGE in 45ms.  
	FOR EDGE{?region igeo:subdivisionDirecte ?departement}

 INFO 2016-04-01 14:06:48,139 [main] (ParallelMetaProducerLessBlocking.java:61) - Searching for edge : ?region igeo:subdivisionDirecte ?departement
 INFO 2016-04-01 14:06:48,139 [pool-35-thread-1] (CallableResult.java:52) - CallableResult for GetEdge
 INFO 2016-04-01 14:06:48,140 [pool-35-thread-2] (CallableResult.java:52) - CallableResult for GetEdge
 INFO 2016-04-01 14:06:48,143 [pool-35-thread-1] (CallableResult.java:63) - Finished CallableResult in 4 ms.
 INFO 2016-04-01 14:06:48,152 [pool-35-thread-2] (CallableResult.java:63) - Finished CallableResult in 12 ms.
 INFO 2016-04-01 14:06:48,153 [main] (ParallelMetaProducerLessBlocking.java:193) - Global results retrieved in getEdges 13ms.
 INFO 2016-04-01 14:06:48,153 [main] (ParallelMetaProducerLessBlocking.java:61) - Searching for edge : ?departement igeo:nom ?nom
 INFO 2016-04-01 14:06:48,153 [pool-36-thread-1] (CallableResult.java:52) - CallableResult for GetEdge
 INFO 2016-04-01 14:06:48,153 [pool-36-thread-2] (CallableResult.java:52) - CallableResult for GetEdge
 INFO 2016-04-01 14:06:48,157 [pool-36-thread-2] (CallableResult.java:63) - Finished CallableResult in 4 ms.
 INFO 2016-04-01 14:06:48,159 [pool-36-thread-1] (CallableResult.java:63) - Finished CallableResult in 6 ms.
 INFO 2016-04-01 14:06:48,159 [main] (ParallelMetaProducerLessBlocking.java:193) - Global results retrieved in getEdges 6ms.
 INFO 2016-04-01 14:06:48,160 [main] (Eval.java:2158) - 
	Get EDGE in 7ms.  
	FOR EDGE{?departement igeo:nom ?nom}

 INFO 2016-04-01 14:06:48,160 [main] (ParallelMetaProducerLessBlocking.java:61) - Searching for edge : ?departement igeo:nom ?nom
 INFO 2016-04-01 14:06:48,161 [pool-37-thread-1] (CallableResult.java:52) - CallableResult for GetEdge
 INFO 2016-04-01 14:06:48,161 [pool-37-thread-2] (CallableResult.java:52) - CallableResult for GetEdge
 INFO 2016-04-01 14:06:48,165 [pool-37-thread-2] (CallableResult.java:63) - Finished CallableResult in 4 ms.
 INFO 2016-04-01 14:06:48,167 [pool-37-thread-1] (CallableResult.java:63) - Finished CallableResult in 6 ms.
 INFO 2016-04-01 14:06:48,167 [main] (ParallelMetaProducerLessBlocking.java:193) - Global results retrieved in getEdges 6ms.
 INFO 2016-04-01 14:06:48,167 [main] (Eval.java:2158) - 
	Get EDGE in 7ms.  
	FOR EDGE{?departement igeo:nom ?nom}

 INFO 2016-04-01 14:06:48,167 [main] (ParallelMetaProducerLessBlocking.java:61) - Searching for edge : ?departement igeo:nom ?nom
 INFO 2016-04-01 14:06:48,168 [pool-38-thread-1] (CallableResult.java:52) - CallableResult for GetEdge
 INFO 2016-04-01 14:06:48,168 [pool-38-thread-2] (CallableResult.java:52) - CallableResult for GetEdge
 INFO 2016-04-01 14:06:48,173 [pool-38-thread-2] (CallableResult.java:63) - Finished CallableResult in 5 ms.
 INFO 2016-04-01 14:06:48,189 [pool-38-thread-1] (CallableResult.java:63) - Finished CallableResult in 21 ms.
 INFO 2016-04-01 14:06:48,189 [main] (ParallelMetaProducerLessBlocking.java:193) - Global results retrieved in getEdges 21ms.
 INFO 2016-04-01 14:06:48,189 [main] (Eval.java:2158) - 
	Get EDGE in 22ms.  
	FOR EDGE{?departement igeo:nom ?nom}

 INFO 2016-04-01 14:06:48,190 [main] (ParallelMetaProducerLessBlocking.java:61) - Searching for edge : ?departement igeo:nom ?nom
 INFO 2016-04-01 14:06:48,190 [pool-39-thread-1] (CallableResult.java:52) - CallableResult for GetEdge
 INFO 2016-04-01 14:06:48,190 [pool-39-thread-2] (CallableResult.java:52) - CallableResult for GetEdge
 INFO 2016-04-01 14:06:48,195 [pool-39-thread-2] (CallableResult.java:63) - Finished CallableResult in 5 ms.
 INFO 2016-04-01 14:06:48,195 [pool-39-thread-1] (CallableResult.java:63) - Finished CallableResult in 5 ms.
 INFO 2016-04-01 14:06:48,195 [main] (ParallelMetaProducerLessBlocking.java:193) - Global results retrieved in getEdges 5ms.
 INFO 2016-04-01 14:06:48,195 [main] (Eval.java:2158) - 
	Get EDGE in 5ms.  
	FOR EDGE{?departement igeo:nom ?nom}

 INFO 2016-04-01 14:06:48,195 [main] (ParallelMetaProducerLessBlocking.java:61) - Searching for edge : ?departement igeo:nom ?nom
 INFO 2016-04-01 14:06:48,200 [pool-40-thread-1] (CallableResult.java:52) - CallableResult for GetEdge
 INFO 2016-04-01 14:06:48,202 [pool-40-thread-2] (CallableResult.java:52) - CallableResult for GetEdge
 INFO 2016-04-01 14:06:48,208 [pool-40-thread-1] (CallableResult.java:63) - Finished CallableResult in 8 ms.
 INFO 2016-04-01 14:06:48,211 [pool-40-thread-2] (CallableResult.java:63) - Finished CallableResult in 9 ms.
 INFO 2016-04-01 14:06:48,211 [main] (ParallelMetaProducerLessBlocking.java:193) - Global results retrieved in getEdges 10ms.
 INFO 2016-04-01 14:06:48,212 [main] (Eval.java:2158) - 
	Get EDGE in 17ms.  
	FOR EDGE{?departement igeo:nom ?nom}

 INFO 2016-04-01 14:06:48,212 [main] (Eval.java:2158) - 
	Get EDGE in 73ms.  
	FOR EDGE{?region igeo:subdivisionDirecte ?departement}

 INFO 2016-04-01 14:06:48,212 [main] (ParallelMetaProducerLessBlocking.java:61) - Searching for edge : ?region igeo:subdivisionDirecte ?departement
 INFO 2016-04-01 14:06:48,212 [pool-41-thread-1] (CallableResult.java:52) - CallableResult for GetEdge
 INFO 2016-04-01 14:06:48,217 [pool-41-thread-2] (CallableResult.java:52) - CallableResult for GetEdge
 INFO 2016-04-01 14:06:48,217 [pool-41-thread-1] (CallableResult.java:63) - Finished CallableResult in 5 ms.
 INFO 2016-04-01 14:06:48,225 [pool-41-thread-2] (CallableResult.java:63) - Finished CallableResult in 8 ms.
 INFO 2016-04-01 14:06:48,225 [main] (ParallelMetaProducerLessBlocking.java:193) - Global results retrieved in getEdges 8ms.
 INFO 2016-04-01 14:06:48,226 [main] (ParallelMetaProducerLessBlocking.java:61) - Searching for edge : ?departement igeo:nom ?nom
 INFO 2016-04-01 14:06:48,226 [pool-42-thread-1] (CallableResult.java:52) - CallableResult for GetEdge
 INFO 2016-04-01 14:06:48,226 [pool-42-thread-2] (CallableResult.java:52) - CallableResult for GetEdge
 INFO 2016-04-01 14:06:48,230 [pool-42-thread-2] (CallableResult.java:63) - Finished CallableResult in 4 ms.
 INFO 2016-04-01 14:06:48,232 [pool-42-thread-1] (CallableResult.java:63) - Finished CallableResult in 6 ms.
 INFO 2016-04-01 14:06:48,232 [main] (ParallelMetaProducerLessBlocking.java:193) - Global results retrieved in getEdges 6ms.
 INFO 2016-04-01 14:06:48,232 [main] (Eval.java:2158) - 
	Get EDGE in 6ms.  
	FOR EDGE{?departement igeo:nom ?nom}

 INFO 2016-04-01 14:06:48,233 [main] (ParallelMetaProducerLessBlocking.java:61) - Searching for edge : ?departement igeo:nom ?nom
 INFO 2016-04-01 14:06:48,233 [pool-43-thread-2] (CallableResult.java:52) - CallableResult for GetEdge
 INFO 2016-04-01 14:06:48,233 [pool-43-thread-1] (CallableResult.java:52) - CallableResult for GetEdge
 INFO 2016-04-01 14:06:48,239 [pool-43-thread-2] (CallableResult.java:63) - Finished CallableResult in 6 ms.
 INFO 2016-04-01 14:06:48,239 [pool-43-thread-1] (CallableResult.java:63) - Finished CallableResult in 6 ms.
 INFO 2016-04-01 14:06:48,240 [main] (ParallelMetaProducerLessBlocking.java:193) - Global results retrieved in getEdges 7ms.
 INFO 2016-04-01 14:06:48,240 [main] (Eval.java:2158) - 
	Get EDGE in 7ms.  
	FOR EDGE{?departement igeo:nom ?nom}

 INFO 2016-04-01 14:06:48,240 [main] (Eval.java:2158) - 
	Get EDGE in 28ms.  
	FOR EDGE{?region igeo:subdivisionDirecte ?departement}

 INFO 2016-04-01 14:06:48,240 [main] (ParallelMetaProducerLessBlocking.java:61) - Searching for edge : ?region igeo:subdivisionDirecte ?departement
 INFO 2016-04-01 14:06:48,240 [pool-44-thread-1] (CallableResult.java:52) - CallableResult for GetEdge
 INFO 2016-04-01 14:06:48,240 [pool-44-thread-2] (CallableResult.java:52) - CallableResult for GetEdge
 INFO 2016-04-01 14:06:48,243 [pool-44-thread-1] (CallableResult.java:63) - Finished CallableResult in 3 ms.
 INFO 2016-04-01 14:06:48,248 [pool-44-thread-2] (CallableResult.java:63) - Finished CallableResult in 8 ms.
 INFO 2016-04-01 14:06:48,248 [main] (ParallelMetaProducerLessBlocking.java:193) - Global results retrieved in getEdges 8ms.
 INFO 2016-04-01 14:06:48,249 [main] (ParallelMetaProducerLessBlocking.java:61) - Searching for edge : ?departement igeo:nom ?nom
 INFO 2016-04-01 14:06:48,249 [pool-45-thread-1] (CallableResult.java:52) - CallableResult for GetEdge
 INFO 2016-04-01 14:06:48,249 [pool-45-thread-2] (CallableResult.java:52) - CallableResult for GetEdge
 INFO 2016-04-01 14:06:48,253 [pool-45-thread-1] (CallableResult.java:63) - Finished CallableResult in 4 ms.
 INFO 2016-04-01 14:06:48,256 [pool-45-thread-2] (CallableResult.java:63) - Finished CallableResult in 7 ms.
 INFO 2016-04-01 14:06:48,256 [main] (ParallelMetaProducerLessBlocking.java:193) - Global results retrieved in getEdges 7ms.
 INFO 2016-04-01 14:06:48,257 [main] (Eval.java:2158) - 
	Get EDGE in 8ms.  
	FOR EDGE{?departement igeo:nom ?nom}

 INFO 2016-04-01 14:06:48,257 [main] (ParallelMetaProducerLessBlocking.java:61) - Searching for edge : ?departement igeo:nom ?nom
 INFO 2016-04-01 14:06:48,257 [pool-46-thread-2] (CallableResult.java:52) - CallableResult for GetEdge
 INFO 2016-04-01 14:06:48,257 [pool-46-thread-1] (CallableResult.java:52) - CallableResult for GetEdge
 INFO 2016-04-01 14:06:48,262 [pool-46-thread-2] (CallableResult.java:63) - Finished CallableResult in 5 ms.
 INFO 2016-04-01 14:06:48,264 [pool-46-thread-1] (CallableResult.java:63) - Finished CallableResult in 7 ms.
 INFO 2016-04-01 14:06:48,264 [main] (ParallelMetaProducerLessBlocking.java:193) - Global results retrieved in getEdges 7ms.
 INFO 2016-04-01 14:06:48,264 [main] (Eval.java:2158) - 
	Get EDGE in 7ms.  
	FOR EDGE{?departement igeo:nom ?nom}

 INFO 2016-04-01 14:06:48,265 [main] (ParallelMetaProducerLessBlocking.java:61) - Searching for edge : ?departement igeo:nom ?nom
 INFO 2016-04-01 14:06:48,265 [pool-47-thread-1] (CallableResult.java:52) - CallableResult for GetEdge
 INFO 2016-04-01 14:06:48,265 [pool-47-thread-2] (CallableResult.java:52) - CallableResult for GetEdge
 INFO 2016-04-01 14:06:48,272 [pool-47-thread-2] (CallableResult.java:63) - Finished CallableResult in 7 ms.
 INFO 2016-04-01 14:06:48,277 [pool-47-thread-1] (CallableResult.java:63) - Finished CallableResult in 12 ms.
 INFO 2016-04-01 14:06:48,279 [main] (ParallelMetaProducerLessBlocking.java:193) - Global results retrieved in getEdges 14ms.
 INFO 2016-04-01 14:06:48,280 [main] (Eval.java:2158) - 
	Get EDGE in 16ms.  
	FOR EDGE{?departement igeo:nom ?nom}

 INFO 2016-04-01 14:06:48,280 [main] (Eval.java:2158) - 
	Get EDGE in 40ms.  
	FOR EDGE{?region igeo:subdivisionDirecte ?departement}

 INFO 2016-04-01 14:06:48,280 [main] (ParallelMetaProducerLessBlocking.java:61) - Searching for edge : ?region igeo:subdivisionDirecte ?departement
 INFO 2016-04-01 14:06:48,280 [pool-48-thread-1] (CallableResult.java:52) - CallableResult for GetEdge
 INFO 2016-04-01 14:06:48,280 [pool-48-thread-2] (CallableResult.java:52) - CallableResult for GetEdge
 INFO 2016-04-01 14:06:48,294 [pool-48-thread-2] (CallableResult.java:63) - Finished CallableResult in 14 ms.
 INFO 2016-04-01 14:06:48,294 [pool-48-thread-1] (CallableResult.java:63) - Finished CallableResult in 14 ms.
 INFO 2016-04-01 14:06:48,295 [main] (ParallelMetaProducerLessBlocking.java:193) - Global results retrieved in getEdges 15ms.
 INFO 2016-04-01 14:06:48,295 [main] (ParallelMetaProducerLessBlocking.java:61) - Searching for edge : ?departement igeo:nom ?nom
 INFO 2016-04-01 14:06:48,296 [pool-49-thread-1] (CallableResult.java:52) - CallableResult for GetEdge
 INFO 2016-04-01 14:06:48,303 [pool-49-thread-1] (CallableResult.java:63) - Finished CallableResult in 7 ms.
 INFO 2016-04-01 14:06:48,307 [pool-49-thread-2] (CallableResult.java:52) - CallableResult for GetEdge
 INFO 2016-04-01 14:06:48,313 [pool-49-thread-2] (CallableResult.java:63) - Finished CallableResult in 6 ms.
 INFO 2016-04-01 14:06:48,315 [main] (ParallelMetaProducerLessBlocking.java:193) - Global results retrieved in getEdges 12ms.
 INFO 2016-04-01 14:06:48,316 [main] (Eval.java:2158) - 
	Get EDGE in 21ms.  
	FOR EDGE{?departement igeo:nom ?nom}

 INFO 2016-04-01 14:06:48,316 [main] (ParallelMetaProducerLessBlocking.java:61) - Searching for edge : ?departement igeo:nom ?nom
 INFO 2016-04-01 14:06:48,316 [pool-50-thread-1] (CallableResult.java:52) - CallableResult for GetEdge
 INFO 2016-04-01 14:06:48,317 [pool-50-thread-2] (CallableResult.java:52) - CallableResult for GetEdge
 INFO 2016-04-01 14:06:48,323 [pool-50-thread-1] (CallableResult.java:63) - Finished CallableResult in 7 ms.
 INFO 2016-04-01 14:06:48,324 [pool-50-thread-2] (CallableResult.java:63) - Finished CallableResult in 7 ms.
 INFO 2016-04-01 14:06:48,325 [main] (ParallelMetaProducerLessBlocking.java:193) - Global results retrieved in getEdges 9ms.
 INFO 2016-04-01 14:06:48,325 [main] (Eval.java:2158) - 
	Get EDGE in 9ms.  
	FOR EDGE{?departement igeo:nom ?nom}

 INFO 2016-04-01 14:06:48,325 [main] (ParallelMetaProducerLessBlocking.java:61) - Searching for edge : ?departement igeo:nom ?nom
 INFO 2016-04-01 14:06:48,326 [pool-51-thread-1] (CallableResult.java:52) - CallableResult for GetEdge
 INFO 2016-04-01 14:06:48,326 [pool-51-thread-2] (CallableResult.java:52) - CallableResult for GetEdge
 INFO 2016-04-01 14:06:48,331 [pool-51-thread-2] (CallableResult.java:63) - Finished CallableResult in 5 ms.
 INFO 2016-04-01 14:06:48,332 [pool-51-thread-1] (CallableResult.java:63) - Finished CallableResult in 6 ms.
 INFO 2016-04-01 14:06:48,332 [main] (ParallelMetaProducerLessBlocking.java:193) - Global results retrieved in getEdges 6ms.
 INFO 2016-04-01 14:06:48,332 [main] (Eval.java:2158) - 
	Get EDGE in 7ms.  
	FOR EDGE{?departement igeo:nom ?nom}

 INFO 2016-04-01 14:06:48,332 [main] (Eval.java:2158) - 
	Get EDGE in 52ms.  
	FOR EDGE{?region igeo:subdivisionDirecte ?departement}

 INFO 2016-04-01 14:06:48,332 [main] (ParallelMetaProducerLessBlocking.java:61) - Searching for edge : ?region igeo:subdivisionDirecte ?departement
 INFO 2016-04-01 14:06:48,333 [pool-52-thread-1] (CallableResult.java:52) - CallableResult for GetEdge
 INFO 2016-04-01 14:06:48,333 [pool-52-thread-2] (CallableResult.java:52) - CallableResult for GetEdge
 INFO 2016-04-01 14:06:48,336 [pool-52-thread-1] (CallableResult.java:63) - Finished CallableResult in 3 ms.
 INFO 2016-04-01 14:06:48,341 [pool-52-thread-2] (CallableResult.java:63) - Finished CallableResult in 8 ms.
 INFO 2016-04-01 14:06:48,341 [main] (ParallelMetaProducerLessBlocking.java:193) - Global results retrieved in getEdges 8ms.
 INFO 2016-04-01 14:06:48,342 [main] (ParallelMetaProducerLessBlocking.java:61) - Searching for edge : ?departement igeo:nom ?nom
 INFO 2016-04-01 14:06:48,342 [pool-53-thread-1] (CallableResult.java:52) - CallableResult for GetEdge
 INFO 2016-04-01 14:06:48,342 [pool-53-thread-2] (CallableResult.java:52) - CallableResult for GetEdge
 INFO 2016-04-01 14:06:48,347 [pool-53-thread-1] (CallableResult.java:63) - Finished CallableResult in 5 ms.
 INFO 2016-04-01 14:06:48,348 [pool-53-thread-2] (CallableResult.java:63) - Finished CallableResult in 6 ms.
 INFO 2016-04-01 14:06:48,348 [main] (ParallelMetaProducerLessBlocking.java:193) - Global results retrieved in getEdges 6ms.
 INFO 2016-04-01 14:06:48,348 [main] (Eval.java:2158) - 
	Get EDGE in 6ms.  
	FOR EDGE{?departement igeo:nom ?nom}

 INFO 2016-04-01 14:06:48,349 [main] (ParallelMetaProducerLessBlocking.java:61) - Searching for edge : ?departement igeo:nom ?nom
 INFO 2016-04-01 14:06:48,349 [pool-54-thread-1] (CallableResult.java:52) - CallableResult for GetEdge
 INFO 2016-04-01 14:06:48,349 [pool-54-thread-2] (CallableResult.java:52) - CallableResult for GetEdge
 INFO 2016-04-01 14:06:48,353 [pool-54-thread-2] (CallableResult.java:63) - Finished CallableResult in 4 ms.
 INFO 2016-04-01 14:06:48,354 [pool-54-thread-1] (CallableResult.java:63) - Finished CallableResult in 5 ms.
 INFO 2016-04-01 14:06:48,355 [main] (ParallelMetaProducerLessBlocking.java:193) - Global results retrieved in getEdges 6ms.
 INFO 2016-04-01 14:06:48,355 [main] (Eval.java:2158) - 
	Get EDGE in 7ms.  
	FOR EDGE{?departement igeo:nom ?nom}

 INFO 2016-04-01 14:06:48,355 [main] (Eval.java:2158) - 
	Get EDGE in 23ms.  
	FOR EDGE{?region igeo:subdivisionDirecte ?departement}

 INFO 2016-04-01 14:06:48,355 [main] (ParallelMetaProducerLessBlocking.java:61) - Searching for edge : ?region igeo:subdivisionDirecte ?departement
 INFO 2016-04-01 14:06:48,355 [pool-55-thread-1] (CallableResult.java:52) - CallableResult for GetEdge
 INFO 2016-04-01 14:06:48,355 [pool-55-thread-2] (CallableResult.java:52) - CallableResult for GetEdge
 INFO 2016-04-01 14:06:48,358 [pool-55-thread-1] (CallableResult.java:63) - Finished CallableResult in 3 ms.
 INFO 2016-04-01 14:06:48,364 [pool-55-thread-2] (CallableResult.java:63) - Finished CallableResult in 9 ms.
 INFO 2016-04-01 14:06:48,364 [main] (ParallelMetaProducerLessBlocking.java:193) - Global results retrieved in getEdges 9ms.
 INFO 2016-04-01 14:06:48,364 [main] (ParallelMetaProducerLessBlocking.java:61) - Searching for edge : ?departement igeo:nom ?nom
 INFO 2016-04-01 14:06:48,365 [pool-56-thread-1] (CallableResult.java:52) - CallableResult for GetEdge
 INFO 2016-04-01 14:06:48,365 [pool-56-thread-2] (CallableResult.java:52) - CallableResult for GetEdge
 INFO 2016-04-01 14:06:48,369 [pool-56-thread-2] (CallableResult.java:63) - Finished CallableResult in 4 ms.
 INFO 2016-04-01 14:06:48,371 [pool-56-thread-1] (CallableResult.java:63) - Finished CallableResult in 6 ms.
 INFO 2016-04-01 14:06:48,371 [main] (ParallelMetaProducerLessBlocking.java:193) - Global results retrieved in getEdges 6ms.
 INFO 2016-04-01 14:06:48,371 [main] (Eval.java:2158) - 
	Get EDGE in 7ms.  
	FOR EDGE{?departement igeo:nom ?nom}

 INFO 2016-04-01 14:06:48,371 [main] (ParallelMetaProducerLessBlocking.java:61) - Searching for edge : ?departement igeo:nom ?nom
 INFO 2016-04-01 14:06:48,372 [pool-57-thread-1] (CallableResult.java:52) - CallableResult for GetEdge
 INFO 2016-04-01 14:06:48,372 [pool-57-thread-2] (CallableResult.java:52) - CallableResult for GetEdge
 INFO 2016-04-01 14:06:48,375 [pool-57-thread-1] (CallableResult.java:63) - Finished CallableResult in 3 ms.
 INFO 2016-04-01 14:06:48,378 [pool-57-thread-2] (CallableResult.java:63) - Finished CallableResult in 6 ms.
 INFO 2016-04-01 14:06:48,379 [main] (ParallelMetaProducerLessBlocking.java:193) - Global results retrieved in getEdges 7ms.
 INFO 2016-04-01 14:06:48,379 [main] (Eval.java:2158) - 
	Get EDGE in 8ms.  
	FOR EDGE{?departement igeo:nom ?nom}

 INFO 2016-04-01 14:06:48,379 [main] (ParallelMetaProducerLessBlocking.java:61) - Searching for edge : ?departement igeo:nom ?nom
 INFO 2016-04-01 14:06:48,380 [pool-58-thread-1] (CallableResult.java:52) - CallableResult for GetEdge
 INFO 2016-04-01 14:06:48,380 [pool-58-thread-2] (CallableResult.java:52) - CallableResult for GetEdge
 INFO 2016-04-01 14:06:48,385 [pool-58-thread-1] (CallableResult.java:63) - Finished CallableResult in 5 ms.
 INFO 2016-04-01 14:06:48,389 [pool-58-thread-2] (CallableResult.java:63) - Finished CallableResult in 9 ms.
 INFO 2016-04-01 14:06:48,389 [main] (ParallelMetaProducerLessBlocking.java:193) - Global results retrieved in getEdges 9ms.
 INFO 2016-04-01 14:06:48,389 [main] (Eval.java:2158) - 
	Get EDGE in 10ms.  
	FOR EDGE{?departement igeo:nom ?nom}

 INFO 2016-04-01 14:06:48,389 [main] (Eval.java:2158) - 
	Get EDGE in 34ms.  
	FOR EDGE{?region igeo:subdivisionDirecte ?departement}

 INFO 2016-04-01 14:06:48,389 [main] (ParallelMetaProducerLessBlocking.java:61) - Searching for edge : ?region igeo:subdivisionDirecte ?departement
 INFO 2016-04-01 14:06:48,390 [pool-59-thread-1] (CallableResult.java:52) - CallableResult for GetEdge
 INFO 2016-04-01 14:06:48,390 [pool-59-thread-2] (CallableResult.java:52) - CallableResult for GetEdge
 INFO 2016-04-01 14:06:48,393 [pool-59-thread-1] (CallableResult.java:63) - Finished CallableResult in 3 ms.
 INFO 2016-04-01 14:06:48,399 [pool-59-thread-2] (CallableResult.java:63) - Finished CallableResult in 9 ms.
 INFO 2016-04-01 14:06:48,399 [main] (ParallelMetaProducerLessBlocking.java:193) - Global results retrieved in getEdges 9ms.
 INFO 2016-04-01 14:06:48,400 [main] (ParallelMetaProducerLessBlocking.java:61) - Searching for edge : ?departement igeo:nom ?nom
 INFO 2016-04-01 14:06:48,400 [pool-60-thread-1] (CallableResult.java:52) - CallableResult for GetEdge
 INFO 2016-04-01 14:06:48,400 [pool-60-thread-2] (CallableResult.java:52) - CallableResult for GetEdge
 INFO 2016-04-01 14:06:48,404 [pool-60-thread-2] (CallableResult.java:63) - Finished CallableResult in 4 ms.
 INFO 2016-04-01 14:06:48,405 [pool-60-thread-1] (CallableResult.java:63) - Finished CallableResult in 5 ms.
 INFO 2016-04-01 14:06:48,406 [main] (ParallelMetaProducerLessBlocking.java:193) - Global results retrieved in getEdges 6ms.
 INFO 2016-04-01 14:06:48,406 [main] (Eval.java:2158) - 
	Get EDGE in 6ms.  
	FOR EDGE{?departement igeo:nom ?nom}

 INFO 2016-04-01 14:06:48,406 [main] (ParallelMetaProducerLessBlocking.java:61) - Searching for edge : ?departement igeo:nom ?nom
 INFO 2016-04-01 14:06:48,406 [pool-61-thread-1] (CallableResult.java:52) - CallableResult for GetEdge
 INFO 2016-04-01 14:06:48,406 [pool-61-thread-2] (CallableResult.java:52) - CallableResult for GetEdge
 INFO 2016-04-01 14:06:48,410 [pool-61-thread-2] (CallableResult.java:63) - Finished CallableResult in 4 ms.
 INFO 2016-04-01 14:06:48,412 [pool-61-thread-1] (CallableResult.java:63) - Finished CallableResult in 6 ms.
 INFO 2016-04-01 14:06:48,412 [main] (ParallelMetaProducerLessBlocking.java:193) - Global results retrieved in getEdges 6ms.
 INFO 2016-04-01 14:06:48,412 [main] (Eval.java:2158) - 
	Get EDGE in 6ms.  
	FOR EDGE{?departement igeo:nom ?nom}

 INFO 2016-04-01 14:06:48,412 [main] (ParallelMetaProducerLessBlocking.java:61) - Searching for edge : ?departement igeo:nom ?nom
 INFO 2016-04-01 14:06:48,413 [pool-62-thread-1] (CallableResult.java:52) - CallableResult for GetEdge
 INFO 2016-04-01 14:06:48,413 [pool-62-thread-2] (CallableResult.java:52) - CallableResult for GetEdge
 INFO 2016-04-01 14:06:48,416 [pool-62-thread-2] (CallableResult.java:63) - Finished CallableResult in 3 ms.
 INFO 2016-04-01 14:06:48,418 [pool-62-thread-1] (CallableResult.java:63) - Finished CallableResult in 5 ms.
 INFO 2016-04-01 14:06:48,418 [main] (ParallelMetaProducerLessBlocking.java:193) - Global results retrieved in getEdges 5ms.
 INFO 2016-04-01 14:06:48,418 [main] (Eval.java:2158) - 
	Get EDGE in 6ms.  
	FOR EDGE{?departement igeo:nom ?nom}

 INFO 2016-04-01 14:06:48,419 [main] (Eval.java:2158) - 
	Get EDGE in 30ms.  
	FOR EDGE{?region igeo:subdivisionDirecte ?departement}

 INFO 2016-04-01 14:06:48,419 [main] (ParallelMetaProducerLessBlocking.java:61) - Searching for edge : ?region igeo:subdivisionDirecte ?departement
 INFO 2016-04-01 14:06:48,419 [pool-63-thread-1] (CallableResult.java:52) - CallableResult for GetEdge
 INFO 2016-04-01 14:06:48,419 [pool-63-thread-2] (CallableResult.java:52) - CallableResult for GetEdge
 INFO 2016-04-01 14:06:48,424 [pool-63-thread-1] (CallableResult.java:63) - Finished CallableResult in 5 ms.
 INFO 2016-04-01 14:06:48,426 [pool-63-thread-2] (CallableResult.java:63) - Finished CallableResult in 7 ms.
 INFO 2016-04-01 14:06:48,427 [main] (ParallelMetaProducerLessBlocking.java:193) - Global results retrieved in getEdges 8ms.
 INFO 2016-04-01 14:06:48,427 [main] (ParallelMetaProducerLessBlocking.java:61) - Searching for edge : ?departement igeo:nom ?nom
 INFO 2016-04-01 14:06:48,427 [pool-64-thread-1] (CallableResult.java:52) - CallableResult for GetEdge
 INFO 2016-04-01 14:06:48,427 [pool-64-thread-2] (CallableResult.java:52) - CallableResult for GetEdge
 INFO 2016-04-01 14:06:48,430 [pool-64-thread-2] (CallableResult.java:63) - Finished CallableResult in 3 ms.
 INFO 2016-04-01 14:06:48,432 [pool-64-thread-1] (CallableResult.java:63) - Finished CallableResult in 5 ms.
 INFO 2016-04-01 14:06:48,433 [main] (ParallelMetaProducerLessBlocking.java:193) - Global results retrieved in getEdges 6ms.
 INFO 2016-04-01 14:06:48,433 [main] (Eval.java:2158) - 
	Get EDGE in 6ms.  
	FOR EDGE{?departement igeo:nom ?nom}

 INFO 2016-04-01 14:06:48,433 [main] (Eval.java:2158) - 
	Get EDGE in 14ms.  
	FOR EDGE{?region igeo:subdivisionDirecte ?departement}

 INFO 2016-04-01 14:06:48,433 [main] (ParallelMetaProducerLessBlocking.java:61) - Searching for edge : ?region igeo:subdivisionDirecte ?departement
 INFO 2016-04-01 14:06:48,433 [pool-65-thread-1] (CallableResult.java:52) - CallableResult for GetEdge
 INFO 2016-04-01 14:06:48,433 [pool-65-thread-2] (CallableResult.java:52) - CallableResult for GetEdge
 INFO 2016-04-01 14:06:48,436 [pool-65-thread-1] (CallableResult.java:63) - Finished CallableResult in 3 ms.
 INFO 2016-04-01 14:06:48,438 [pool-65-thread-2] (CallableResult.java:63) - Finished CallableResult in 5 ms.
 INFO 2016-04-01 14:06:48,439 [main] (ParallelMetaProducerLessBlocking.java:193) - Global results retrieved in getEdges 6ms.
 INFO 2016-04-01 14:06:48,439 [main] (ParallelMetaProducerLessBlocking.java:61) - Searching for edge : ?departement igeo:nom ?nom
 INFO 2016-04-01 14:06:48,439 [pool-66-thread-1] (CallableResult.java:52) - CallableResult for GetEdge
 INFO 2016-04-01 14:06:48,439 [pool-66-thread-2] (CallableResult.java:52) - CallableResult for GetEdge
 INFO 2016-04-01 14:06:48,443 [pool-66-thread-2] (CallableResult.java:63) - Finished CallableResult in 4 ms.
 INFO 2016-04-01 14:06:48,444 [pool-66-thread-1] (CallableResult.java:63) - Finished CallableResult in 5 ms.
 INFO 2016-04-01 14:06:48,445 [main] (ParallelMetaProducerLessBlocking.java:193) - Global results retrieved in getEdges 6ms.
 INFO 2016-04-01 14:06:48,445 [main] (Eval.java:2158) - 
	Get EDGE in 6ms.  
	FOR EDGE{?departement igeo:nom ?nom}

 INFO 2016-04-01 14:06:48,445 [main] (ParallelMetaProducerLessBlocking.java:61) - Searching for edge : ?departement igeo:nom ?nom
 INFO 2016-04-01 14:06:48,445 [pool-67-thread-1] (CallableResult.java:52) - CallableResult for GetEdge
 INFO 2016-04-01 14:06:48,445 [pool-67-thread-2] (CallableResult.java:52) - CallableResult for GetEdge
 INFO 2016-04-01 14:06:48,448 [pool-67-thread-1] (CallableResult.java:63) - Finished CallableResult in 3 ms.
 INFO 2016-04-01 14:06:48,451 [pool-67-thread-2] (CallableResult.java:63) - Finished CallableResult in 6 ms.
 INFO 2016-04-01 14:06:48,451 [main] (ParallelMetaProducerLessBlocking.java:193) - Global results retrieved in getEdges 6ms.
 INFO 2016-04-01 14:06:48,452 [main] (Eval.java:2158) - 
	Get EDGE in 7ms.  
	FOR EDGE{?departement igeo:nom ?nom}

 INFO 2016-04-01 14:06:48,452 [main] (Eval.java:2158) - 
	Get EDGE in 19ms.  
	FOR EDGE{?region igeo:subdivisionDirecte ?departement}

 INFO 2016-04-01 14:06:48,452 [main] (ParallelMetaProducerLessBlocking.java:61) - Searching for edge : ?region igeo:subdivisionDirecte ?departement
 INFO 2016-04-01 14:06:48,452 [pool-68-thread-1] (CallableResult.java:52) - CallableResult for GetEdge
 INFO 2016-04-01 14:06:48,452 [pool-68-thread-2] (CallableResult.java:52) - CallableResult for GetEdge
 INFO 2016-04-01 14:06:48,455 [pool-68-thread-1] (CallableResult.java:63) - Finished CallableResult in 3 ms.
 INFO 2016-04-01 14:06:48,461 [pool-68-thread-2] (CallableResult.java:63) - Finished CallableResult in 9 ms.
 INFO 2016-04-01 14:06:48,461 [main] (ParallelMetaProducerLessBlocking.java:193) - Global results retrieved in getEdges 9ms.
 INFO 2016-04-01 14:06:48,462 [main] (ParallelMetaProducerLessBlocking.java:61) - Searching for edge : ?departement igeo:nom ?nom
 INFO 2016-04-01 14:06:48,462 [pool-69-thread-1] (CallableResult.java:52) - CallableResult for GetEdge
 INFO 2016-04-01 14:06:48,463 [pool-69-thread-2] (CallableResult.java:52) - CallableResult for GetEdge
 INFO 2016-04-01 14:06:48,466 [pool-69-thread-1] (CallableResult.java:63) - Finished CallableResult in 4 ms.
 INFO 2016-04-01 14:06:48,469 [pool-69-thread-2] (CallableResult.java:63) - Finished CallableResult in 6 ms.
 INFO 2016-04-01 14:06:48,469 [main] (ParallelMetaProducerLessBlocking.java:193) - Global results retrieved in getEdges 6ms.
 INFO 2016-04-01 14:06:48,469 [main] (Eval.java:2158) - 
	Get EDGE in 7ms.  
	FOR EDGE{?departement igeo:nom ?nom}

 INFO 2016-04-01 14:06:48,470 [main] (ParallelMetaProducerLessBlocking.java:61) - Searching for edge : ?departement igeo:nom ?nom
 INFO 2016-04-01 14:06:48,470 [pool-70-thread-1] (CallableResult.java:52) - CallableResult for GetEdge
 INFO 2016-04-01 14:06:48,470 [pool-70-thread-2] (CallableResult.java:52) - CallableResult for GetEdge
 INFO 2016-04-01 14:06:48,475 [pool-70-thread-2] (CallableResult.java:63) - Finished CallableResult in 5 ms.
 INFO 2016-04-01 14:06:48,475 [pool-70-thread-1] (CallableResult.java:63) - Finished CallableResult in 5 ms.
 INFO 2016-04-01 14:06:48,476 [main] (ParallelMetaProducerLessBlocking.java:193) - Global results retrieved in getEdges 6ms.
 INFO 2016-04-01 14:06:48,476 [main] (Eval.java:2158) - 
	Get EDGE in 6ms.  
	FOR EDGE{?departement igeo:nom ?nom}

 INFO 2016-04-01 14:06:48,476 [main] (Eval.java:2158) - 
	Get EDGE in 24ms.  
	FOR EDGE{?region igeo:subdivisionDirecte ?departement}

 INFO 2016-04-01 14:06:48,476 [main] (ParallelMetaProducerLessBlocking.java:61) - Searching for edge : ?region igeo:subdivisionDirecte ?departement
 INFO 2016-04-01 14:06:48,476 [pool-71-thread-1] (CallableResult.java:52) - CallableResult for GetEdge
 INFO 2016-04-01 14:06:48,476 [pool-71-thread-2] (CallableResult.java:52) - CallableResult for GetEdge
 INFO 2016-04-01 14:06:48,479 [pool-71-thread-1] (CallableResult.java:63) - Finished CallableResult in 3 ms.
 INFO 2016-04-01 14:06:48,482 [pool-71-thread-2] (CallableResult.java:63) - Finished CallableResult in 6 ms.
 INFO 2016-04-01 14:06:48,482 [main] (ParallelMetaProducerLessBlocking.java:193) - Global results retrieved in getEdges 6ms.
 INFO 2016-04-01 14:06:48,482 [main] (ParallelMetaProducerLessBlocking.java:61) - Searching for edge : ?departement igeo:nom ?nom
 INFO 2016-04-01 14:06:48,483 [pool-72-thread-1] (CallableResult.java:52) - CallableResult for GetEdge
 INFO 2016-04-01 14:06:48,483 [pool-72-thread-2] (CallableResult.java:52) - CallableResult for GetEdge
 INFO 2016-04-01 14:06:48,486 [pool-72-thread-2] (CallableResult.java:63) - Finished CallableResult in 3 ms.
 INFO 2016-04-01 14:06:48,488 [pool-72-thread-1] (CallableResult.java:63) - Finished CallableResult in 5 ms.
 INFO 2016-04-01 14:06:48,488 [main] (ParallelMetaProducerLessBlocking.java:193) - Global results retrieved in getEdges 5ms.
 INFO 2016-04-01 14:06:48,488 [main] (Eval.java:2158) - 
	Get EDGE in 6ms.  
	FOR EDGE{?departement igeo:nom ?nom}

 INFO 2016-04-01 14:06:48,489 [main] (Eval.java:2158) - 
	Get EDGE in 13ms.  
	FOR EDGE{?region igeo:subdivisionDirecte ?departement}

 INFO 2016-04-01 14:06:48,489 [main] (ParallelMetaProducerLessBlocking.java:61) - Searching for edge : ?region igeo:subdivisionDirecte ?departement
 INFO 2016-04-01 14:06:48,489 [pool-73-thread-1] (CallableResult.java:52) - CallableResult for GetEdge
 INFO 2016-04-01 14:06:48,489 [pool-73-thread-2] (CallableResult.java:52) - CallableResult for GetEdge
 INFO 2016-04-01 14:06:48,494 [pool-73-thread-1] (CallableResult.java:63) - Finished CallableResult in 5 ms.
 INFO 2016-04-01 14:06:48,496 [pool-73-thread-2] (CallableResult.java:63) - Finished CallableResult in 7 ms.
 INFO 2016-04-01 14:06:48,497 [main] (ParallelMetaProducerLessBlocking.java:193) - Global results retrieved in getEdges 8ms.
 INFO 2016-04-01 14:06:48,497 [main] (ParallelMetaProducerLessBlocking.java:61) - Searching for edge : ?departement igeo:nom ?nom
 INFO 2016-04-01 14:06:48,497 [pool-74-thread-1] (CallableResult.java:52) - CallableResult for GetEdge
 INFO 2016-04-01 14:06:48,497 [pool-74-thread-2] (CallableResult.java:52) - CallableResult for GetEdge
 INFO 2016-04-01 14:06:48,502 [pool-74-thread-2] (CallableResult.java:63) - Finished CallableResult in 5 ms.
 INFO 2016-04-01 14:06:48,503 [pool-74-thread-1] (CallableResult.java:63) - Finished CallableResult in 6 ms.
 INFO 2016-04-01 14:06:48,503 [main] (ParallelMetaProducerLessBlocking.java:193) - Global results retrieved in getEdges 6ms.
 INFO 2016-04-01 14:06:48,503 [main] (Eval.java:2158) - 
	Get EDGE in 6ms.  
	FOR EDGE{?departement igeo:nom ?nom}

 INFO 2016-04-01 14:06:48,504 [main] (Eval.java:2158) - 
	Get EDGE in 15ms.  
	FOR EDGE{?region igeo:subdivisionDirecte ?departement}

 INFO 2016-04-01 14:06:48,504 [main] (ParallelMetaProducerLessBlocking.java:61) - Searching for edge : ?region igeo:subdivisionDirecte ?departement
 INFO 2016-04-01 14:06:48,507 [pool-75-thread-1] (CallableResult.java:52) - CallableResult for GetEdge
 INFO 2016-04-01 14:06:48,508 [pool-75-thread-2] (CallableResult.java:52) - CallableResult for GetEdge
 INFO 2016-04-01 14:06:48,511 [pool-75-thread-1] (CallableResult.java:63) - Finished CallableResult in 4 ms.
 INFO 2016-04-01 14:06:48,514 [pool-75-thread-2] (CallableResult.java:63) - Finished CallableResult in 6 ms.
 INFO 2016-04-01 14:06:48,514 [main] (ParallelMetaProducerLessBlocking.java:193) - Global results retrieved in getEdges 7ms.
 INFO 2016-04-01 14:06:48,514 [main] (ParallelMetaProducerLessBlocking.java:61) - Searching for edge : ?departement igeo:nom ?nom
 INFO 2016-04-01 14:06:48,514 [pool-76-thread-1] (CallableResult.java:52) - CallableResult for GetEdge
 INFO 2016-04-01 14:06:48,514 [pool-76-thread-2] (CallableResult.java:52) - CallableResult for GetEdge
 INFO 2016-04-01 14:06:48,518 [pool-76-thread-2] (CallableResult.java:63) - Finished CallableResult in 4 ms.
 INFO 2016-04-01 14:06:48,519 [pool-76-thread-1] (CallableResult.java:63) - Finished CallableResult in 5 ms.
 INFO 2016-04-01 14:06:48,519 [main] (ParallelMetaProducerLessBlocking.java:193) - Global results retrieved in getEdges 5ms.
 INFO 2016-04-01 14:06:48,519 [main] (Eval.java:2158) - 
	Get EDGE in 5ms.  
	FOR EDGE{?departement igeo:nom ?nom}

 INFO 2016-04-01 14:06:48,519 [main] (Eval.java:2158) - 
	Get EDGE in 15ms.  
	FOR EDGE{?region igeo:subdivisionDirecte ?departement}

 INFO 2016-04-01 14:06:48,520 [main] (ParallelMetaProducerLessBlocking.java:61) - Searching for edge : ?region igeo:subdivisionDirecte ?departement
 INFO 2016-04-01 14:06:48,520 [pool-77-thread-1] (CallableResult.java:52) - CallableResult for GetEdge
 INFO 2016-04-01 14:06:48,520 [pool-77-thread-2] (CallableResult.java:52) - CallableResult for GetEdge
 INFO 2016-04-01 14:06:48,523 [pool-77-thread-1] (CallableResult.java:63) - Finished CallableResult in 3 ms.
 INFO 2016-04-01 14:06:48,525 [pool-77-thread-2] (CallableResult.java:63) - Finished CallableResult in 5 ms.
 INFO 2016-04-01 14:06:48,525 [main] (ParallelMetaProducerLessBlocking.java:193) - Global results retrieved in getEdges 5ms.
 INFO 2016-04-01 14:06:48,525 [main] (ParallelMetaProducerLessBlocking.java:61) - Searching for edge : ?departement igeo:nom ?nom
 INFO 2016-04-01 14:06:48,525 [pool-78-thread-1] (CallableResult.java:52) - CallableResult for GetEdge
 INFO 2016-04-01 14:06:48,525 [pool-78-thread-2] (CallableResult.java:52) - CallableResult for GetEdge
 INFO 2016-04-01 14:06:48,529 [pool-78-thread-1] (CallableResult.java:63) - Finished CallableResult in 4 ms.
 INFO 2016-04-01 14:06:48,530 [pool-78-thread-2] (CallableResult.java:63) - Finished CallableResult in 5 ms.
 INFO 2016-04-01 14:06:48,530 [main] (ParallelMetaProducerLessBlocking.java:193) - Global results retrieved in getEdges 5ms.
 INFO 2016-04-01 14:06:48,530 [main] (Eval.java:2158) - 
	Get EDGE in 5ms.  
	FOR EDGE{?departement igeo:nom ?nom}

 INFO 2016-04-01 14:06:48,530 [main] (Eval.java:2158) - 
	Get EDGE in 10ms.  
	FOR EDGE{?region igeo:subdivisionDirecte ?departement}

 INFO 2016-04-01 14:06:48,531 [main] (ParallelMetaProducerLessBlocking.java:61) - Searching for edge : ?region igeo:subdivisionDirecte ?departement
 INFO 2016-04-01 14:06:48,531 [pool-79-thread-1] (CallableResult.java:52) - CallableResult for GetEdge
 INFO 2016-04-01 14:06:48,531 [pool-79-thread-2] (CallableResult.java:52) - CallableResult for GetEdge
 INFO 2016-04-01 14:06:48,534 [pool-79-thread-1] (CallableResult.java:63) - Finished CallableResult in 3 ms.
 INFO 2016-04-01 14:06:48,537 [pool-79-thread-2] (CallableResult.java:63) - Finished CallableResult in 6 ms.
 INFO 2016-04-01 14:06:48,538 [main] (ParallelMetaProducerLessBlocking.java:193) - Global results retrieved in getEdges 7ms.
 INFO 2016-04-01 14:06:48,538 [main] (ParallelMetaProducerLessBlocking.java:61) - Searching for edge : ?departement igeo:nom ?nom
 INFO 2016-04-01 14:06:48,538 [pool-80-thread-1] (CallableResult.java:52) - CallableResult for GetEdge
 INFO 2016-04-01 14:06:48,538 [pool-80-thread-2] (CallableResult.java:52) - CallableResult for GetEdge
 INFO 2016-04-01 14:06:48,552 [pool-80-thread-2] (CallableResult.java:63) - Finished CallableResult in 14 ms.
 INFO 2016-04-01 14:06:48,554 [pool-80-thread-1] (CallableResult.java:63) - Finished CallableResult in 16 ms.
 INFO 2016-04-01 14:06:48,554 [main] (ParallelMetaProducerLessBlocking.java:193) - Global results retrieved in getEdges 16ms.
 INFO 2016-04-01 14:06:48,554 [main] (Eval.java:2158) - 
	Get EDGE in 16ms.  
	FOR EDGE{?departement igeo:nom ?nom}

 INFO 2016-04-01 14:06:48,554 [main] (Eval.java:2158) - 
	Get EDGE in 23ms.  
	FOR EDGE{?region igeo:subdivisionDirecte ?departement}

 INFO 2016-04-01 14:06:48,555 [main] (ParallelMetaProducerLessBlocking.java:61) - Searching for edge : ?region igeo:subdivisionDirecte ?departement
 INFO 2016-04-01 14:06:48,555 [pool-81-thread-1] (CallableResult.java:52) - CallableResult for GetEdge
 INFO 2016-04-01 14:06:48,555 [pool-81-thread-2] (CallableResult.java:52) - CallableResult for GetEdge
 INFO 2016-04-01 14:06:48,559 [pool-81-thread-1] (CallableResult.java:63) - Finished CallableResult in 4 ms.
 INFO 2016-04-01 14:06:48,563 [pool-81-thread-2] (CallableResult.java:63) - Finished CallableResult in 8 ms.
 INFO 2016-04-01 14:06:48,563 [main] (ParallelMetaProducerLessBlocking.java:193) - Global results retrieved in getEdges 8ms.
 INFO 2016-04-01 14:06:48,563 [main] (ParallelMetaProducerLessBlocking.java:61) - Searching for edge : ?departement igeo:nom ?nom
 INFO 2016-04-01 14:06:48,564 [pool-82-thread-1] (CallableResult.java:52) - CallableResult for GetEdge
 INFO 2016-04-01 14:06:48,564 [pool-82-thread-2] (CallableResult.java:52) - CallableResult for GetEdge
 INFO 2016-04-01 14:06:48,569 [pool-82-thread-2] (CallableResult.java:63) - Finished CallableResult in 5 ms.
 INFO 2016-04-01 14:06:48,571 [pool-82-thread-1] (CallableResult.java:63) - Finished CallableResult in 7 ms.
 INFO 2016-04-01 14:06:48,571 [main] (ParallelMetaProducerLessBlocking.java:193) - Global results retrieved in getEdges 7ms.
 INFO 2016-04-01 14:06:48,572 [main] (Eval.java:2158) - 
	Get EDGE in 9ms.  
	FOR EDGE{?departement igeo:nom ?nom}

 INFO 2016-04-01 14:06:48,572 [main] (ParallelMetaProducerLessBlocking.java:61) - Searching for edge : ?departement igeo:nom ?nom
 INFO 2016-04-01 14:06:48,572 [pool-83-thread-1] (CallableResult.java:52) - CallableResult for GetEdge
 INFO 2016-04-01 14:06:48,573 [pool-83-thread-2] (CallableResult.java:52) - CallableResult for GetEdge
 INFO 2016-04-01 14:06:48,577 [pool-83-thread-2] (CallableResult.java:63) - Finished CallableResult in 4 ms.
 INFO 2016-04-01 14:06:48,578 [pool-83-thread-1] (CallableResult.java:63) - Finished CallableResult in 6 ms.
 INFO 2016-04-01 14:06:48,579 [main] (ParallelMetaProducerLessBlocking.java:193) - Global results retrieved in getEdges 7ms.
 INFO 2016-04-01 14:06:48,579 [main] (Eval.java:2158) - 
	Get EDGE in 7ms.  
	FOR EDGE{?departement igeo:nom ?nom}

 INFO 2016-04-01 14:06:48,579 [main] (ParallelMetaProducerLessBlocking.java:61) - Searching for edge : ?departement igeo:nom ?nom
 INFO 2016-04-01 14:06:48,580 [pool-84-thread-1] (CallableResult.java:52) - CallableResult for GetEdge
 INFO 2016-04-01 14:06:48,580 [pool-84-thread-2] (CallableResult.java:52) - CallableResult for GetEdge
 INFO 2016-04-01 14:06:48,583 [pool-84-thread-2] (CallableResult.java:63) - Finished CallableResult in 3 ms.
 INFO 2016-04-01 14:06:48,585 [pool-84-thread-1] (CallableResult.java:63) - Finished CallableResult in 5 ms.
 INFO 2016-04-01 14:06:48,585 [main] (ParallelMetaProducerLessBlocking.java:193) - Global results retrieved in getEdges 5ms.
 INFO 2016-04-01 14:06:48,585 [main] (Eval.java:2158) - 
	Get EDGE in 6ms.  
	FOR EDGE{?departement igeo:nom ?nom}

 INFO 2016-04-01 14:06:48,585 [main] (Eval.java:2158) - 
	Get EDGE in 30ms.  
	FOR EDGE{?region igeo:subdivisionDirecte ?departement}

 INFO 2016-04-01 14:06:48,585 [main] (Eval.java:2158) - 
	Get EDGE in 993ms.  
	FOR EDGE{?region igeo:codeRegion ?v}

 INFO 2016-04-01 14:06:48,587 [main] (ProviderImplCostMonitoring.java:229) - ** Provider: 
prefix idemo: <http://rdf.insee.fr/def/demo#>
prefix igeo: <http://rdf.insee.fr/def/geo#>
select * 
where
{?departement idemo:population ?popLeg . 
?popLeg idemo:populationTotale ?popTotale . 
filter ((((((((((((((((((((?departement = <http://id.insee.fr/geo/departement/51>) || (?departement = <http://id.insee.fr/geo/departement/10>)) || (?departement = <http://id.insee.fr/geo/departement/52>)) || (?departement = <http://id.insee.fr/geo/departement/38>)) || (?departement = <http://id.insee.fr/geo/departement/74>)) || (?departement = <http://id.insee.fr/geo/departement/42>)) || (?departement = <http://id.insee.fr/geo/departement/26>)) || (?departement = <http://id.insee.fr/geo/departement/73>)) || (?departement = <http://id.insee.fr/geo/departement/69>)) || (?departement = <http://id.insee.fr/geo/departement/13>)) || (?departement = <http://id.insee.fr/geo/departement/62>)) || (?departement = <http://id.insee.fr/geo/departement/976>)) || (?departement = <http://id.insee.fr/geo/departement/90>)) || (?departement = <http://id.insee.fr/geo/departement/39>)) || (?departement = <http://id.insee.fr/geo/departement/25>)) || (?departement = <http://id.insee.fr/geo/departement/54>)) || (?departement = <http://id.insee.fr/geo/departement/12>)) || (?departement = <http://id.insee.fr/geo/departement/65>)) || (?departement = <http://id.insee.fr/geo/departement/23>)) || (?departement = <http://id.insee.fr/geo/departement/78>)) }


 INFO 2016-04-01 14:06:48,760 [main] (ProviderImplCostMonitoring.java:229) - ** Provider: 
prefix idemo: <http://rdf.insee.fr/def/demo#>
prefix igeo: <http://rdf.insee.fr/def/geo#>
select * 
where
{?departement idemo:population ?popLeg . 
?popLeg idemo:populationTotale ?popTotale . 
filter ((((((((((((((((((((?departement = <http://id.insee.fr/geo/departement/75>) || (?departement = <http://id.insee.fr/geo/departement/77>)) || (?departement = <http://id.insee.fr/geo/departement/91>)) || (?departement = <http://id.insee.fr/geo/departement/64>)) || (?departement = <http://id.insee.fr/geo/departement/24>)) || (?departement = <http://id.insee.fr/geo/departement/33>)) || (?departement = <http://id.insee.fr/geo/departement/21>)) || (?departement = <http://id.insee.fr/geo/departement/71>)) || (?departement = <http://id.insee.fr/geo/departement/14>)) || (?departement = <http://id.insee.fr/geo/departement/50>)) || (?departement = <http://id.insee.fr/geo/departement/61>)) || (?departement = <http://id.insee.fr/geo/departement/36>)) || (?departement = <http://id.insee.fr/geo/departement/37>)) || (?departement = <http://id.insee.fr/geo/departement/28>)) || (?departement = <http://id.insee.fr/geo/departement/27>)) || (?departement = <http://id.insee.fr/geo/departement/76>)) || (?departement = <http://id.insee.fr/geo/departement/79>)) || (?departement = <http://id.insee.fr/geo/departement/17>)) || (?departement = <http://id.insee.fr/geo/departement/16>)) || (?departement = <http://id.insee.fr/geo/departement/29>)) }


 INFO 2016-04-01 14:06:48,878 [main] (ProviderImplCostMonitoring.java:229) - ** Provider: 
prefix idemo: <http://rdf.insee.fr/def/demo#>
prefix igeo: <http://rdf.insee.fr/def/geo#>
select * 
where
{?departement idemo:population ?popLeg . 
?popLeg idemo:populationTotale ?popTotale . 
filter (((((((((((((((?departement = <http://id.insee.fr/geo/departement/35>) || (?departement = <http://id.insee.fr/geo/departement/22>)) || (?departement = <http://id.insee.fr/geo/departement/60>)) || (?departement = <http://id.insee.fr/geo/departement/72>)) || (?departement = <http://id.insee.fr/geo/departement/53>)) || (?departement = <http://id.insee.fr/geo/departement/15>)) || (?departement = <http://id.insee.fr/geo/departement/63>)) || (?departement = <http://id.insee.fr/geo/departement/974>)) || (?departement = <http://id.insee.fr/geo/departement/973>)) || (?departement = <http://id.insee.fr/geo/departement/972>)) || (?departement = <http://id.insee.fr/geo/departement/2A>)) || (?departement = <http://id.insee.fr/geo/departement/971>)) || (?departement = <http://id.insee.fr/geo/departement/66>)) || (?departement = <http://id.insee.fr/geo/departement/11>)) || (?departement = <http://id.insee.fr/geo/departement/34>)) }


 INFO 2016-04-01 14:06:48,989 [main] (Eval.java:1706) - 
	SERVICE in 403ms.  
	FOR [AND{EDGE{?departement idemo:population ?popLeg} EDGE{?popLeg idemo:populationTotale ?popTotale} }]

 INFO 2016-04-01 14:06:48,998 [main] (TestDQP.java:205) - 54 results in 1650 ms
 INFO 2016-04-01 14:06:48,999 [main] (TestDQP.java:206) - 
01 ?nom = "Creuse"; ?popTotale = 125714; 
02 ?nom = "Territoire de Belfort"; ?popTotale = 147777; 
03 ?nom = "Corse-du-Sud"; ?popTotale = 151621; 
04 ?nom = "Cantal"; ?popTotale = 152797; 
05 ?nom = "Haute-Marne"; ?popTotale = 188083; 
06 ?nom = "Indre"; ?popTotale = 235181; 
07 ?nom = "Hautes-Pyrnes"; ?popTotale = 236728; 
08 ?nom = "Guyane"; ?popTotale = 246507; 
09 ?nom = "Jura"; ?popTotale = 270914; 
10 ?nom = "Aveyron"; ?popTotale = 289257; 
11 ?nom = "Orne"; ?popTotale = 298248; 
12 ?nom = "Aube"; ?popTotale = 314825; 
13 ?nom = "Mayenne"; ?popTotale = 318095; 
14 ?nom = "Charente"; ?popTotale = 366587; 
15 ?nom = "Aude"; ?popTotale = 374868; 
16 ?nom = "Deux-Svres"; ?popTotale = 383079; 
17 ?nom = "Martinique"; ?popTotale = 391837; 
18 ?nom = "Guadeloupe"; ?popTotale = 409055; 
19 ?nom = "Dordogne"; ?popTotale = 429579; 
20 ?nom = "Savoie"; ?popTotale = 437915; 
21 ?nom = "Eure-et-Loir"; ?popTotale = 444385; 
22 ?nom = "Pyrnes-Orientales"; ?popTotale = 471573; 
23 ?nom = "Drme"; ?popTotale = 509444; 
24 ?nom = "Manche"; ?popTotale = 518364; 
25 ?nom = "Cte-d\'Or"; ?popTotale = 543648; 
26 ?nom = "Doubs"; ?popTotale = 548026; 
27 ?nom = "Sane-et-Loire"; ?popTotale = 575097; 
28 ?nom = "Marne"; ?popTotale = 583691; 
29 ?nom = "Sarthe"; ?popTotale = 584865; 
30 ?nom = "Eure"; ?popTotale = 612518; 
31 ?nom = "Indre-et-Loire"; ?popTotale = 615557; 
32 ?nom = "Ctes-d\'Armor"; ?popTotale = 617565; 
33 ?nom = "Charente-Maritime"; ?popTotale = 652610; 
34 ?nom = "Puy-de-Dme"; ?popTotale = 658489; 
35 ?nom = "Pyrnes-Atlantiques"; ?popTotale = 685564; 
36 ?nom = "Calvados"; ?popTotale = 706635; 
37 ?nom = "Meurthe-et-Moselle"; ?popTotale = 745398; 
38 ?nom = "Loire"; ?popTotale = 774144; 
39 ?nom = "Haute-Savoie"; ?popTotale = 793342; 
40 ?nom = "Oise"; ?popTotale = 835918; 
41 ?nom = "La Runion"; ?popTotale = 844741; 
42 ?nom = "Finistre"; ?popTotale = 934625; 
43 ?nom = "Ille-et-Vilaine"; ?popTotale = 1047873; 
44 ?nom = "Hrault"; ?popTotale = 1111881; 
45 ?nom = "Isre"; ?popTotale = 1263850; 
46 ?nom = "Essonne"; ?popTotale = 1273233; 
47 ?nom = "Seine-Maritime"; ?popTotale = 1280410; 
48 ?nom = "Seine-et-Marne"; ?popTotale = 1387830; 
49 ?nom = "Yvelines"; ?popTotale = 1446301; 
50 ?nom = "Pas-de-Calais"; ?popTotale = 1491735; 
51 ?nom = "Gironde"; ?popTotale = 1536448; 
52 ?nom = "Rhne"; ?popTotale = 1812196; 
53 ?nom = "Bouches-du-Rhne"; ?popTotale = 2022604; 
54 ?nom = "Paris"; ?popTotale = 2254262; 

 INFO 2016-04-01 14:06:49,000 [main] (TestDQP.java:207) - Remote queries
 INFO 2016-04-01 14:06:49,000 [main] (TestDQP.java:208) - =========
	?region igeo:subdivisionDirecte ?departement
	52
--
	?region igeo:codeRegion ?v
	2
--
	?departement igeo:nom ?nom
	114
--
	prefix idemo: <http://rdf.insee.fr/def/demo#> prefix igeo: <http://rdf.insee.fr/def/geo#> select *  where {?departement idemo:population ?popLeg .  ?popLeg idemo:populationTotale ?popTotale .  filter ((((((((((((((((((((?departement = <http://id.insee.fr/geo/departement/75>) || (?departement = <http://id.insee.fr/geo/departement/77>)) || (?departement = <http://id.insee.fr/geo/departement/91>)) || (?departement = <http://id.insee.fr/geo/departement/64>)) || (?departement = <http://id.insee.fr/geo/departement/24>)) || (?departement = <http://id.insee.fr/geo/departement/33>)) || (?departement = <http://id.insee.fr/geo/departement/21>)) || (?departement = <http://id.insee.fr/geo/departement/71>)) || (?departement = <http://id.insee.fr/geo/departement/14>)) || (?departement = <http://id.insee.fr/geo/departement/50>)) || (?departement = <http://id.insee.fr/geo/departement/61>)) || (?departement = <http://id.insee.fr/geo/departement/36>)) || (?departement = <http://id.insee.fr/geo/departement/37>)) || (?departement = <http://id.insee.fr/geo/departement/28>)) || (?departement = <http://id.insee.fr/geo/departement/27>)) || (?departement = <http://id.insee.fr/geo/departement/76>)) || (?departement = <http://id.insee.fr/geo/departement/79>)) || (?departement = <http://id.insee.fr/geo/departement/17>)) || (?departement = <http://id.insee.fr/geo/departement/16>)) || (?departement = <http://id.insee.fr/geo/departement/29>)) }  
	1
--
	prefix idemo: <http://rdf.insee.fr/def/demo#> prefix igeo: <http://rdf.insee.fr/def/geo#> select *  where {?departement idemo:population ?popLeg .  ?popLeg idemo:populationTotale ?popTotale .  filter (((((((((((((((?departement = <http://id.insee.fr/geo/departement/35>) || (?departement = <http://id.insee.fr/geo/departement/22>)) || (?departement = <http://id.insee.fr/geo/departement/60>)) || (?departement = <http://id.insee.fr/geo/departement/72>)) || (?departement = <http://id.insee.fr/geo/departement/53>)) || (?departement = <http://id.insee.fr/geo/departement/15>)) || (?departement = <http://id.insee.fr/geo/departement/63>)) || (?departement = <http://id.insee.fr/geo/departement/974>)) || (?departement = <http://id.insee.fr/geo/departement/973>)) || (?departement = <http://id.insee.fr/geo/departement/972>)) || (?departement = <http://id.insee.fr/geo/departement/2A>)) || (?departement = <http://id.insee.fr/geo/departement/971>)) || (?departement = <http://id.insee.fr/geo/departement/66>)) || (?departement = <http://id.insee.fr/geo/departement/11>)) || (?departement = <http://id.insee.fr/geo/departement/34>)) }  
	1
--
	prefix idemo: <http://rdf.insee.fr/def/demo#> prefix igeo: <http://rdf.insee.fr/def/geo#> select *  where {?departement idemo:population ?popLeg .  ?popLeg idemo:populationTotale ?popTotale .  filter ((((((((((((((((((((?departement = <http://id.insee.fr/geo/departement/51>) || (?departement = <http://id.insee.fr/geo/departement/10>)) || (?departement = <http://id.insee.fr/geo/departement/52>)) || (?departement = <http://id.insee.fr/geo/departement/38>)) || (?departement = <http://id.insee.fr/geo/departement/74>)) || (?departement = <http://id.insee.fr/geo/departement/42>)) || (?departement = <http://id.insee.fr/geo/departement/26>)) || (?departement = <http://id.insee.fr/geo/departement/73>)) || (?departement = <http://id.insee.fr/geo/departement/69>)) || (?departement = <http://id.insee.fr/geo/departement/13>)) || (?departement = <http://id.insee.fr/geo/departement/62>)) || (?departement = <http://id.insee.fr/geo/departement/976>)) || (?departement = <http://id.insee.fr/geo/departement/90>)) || (?departement = <http://id.insee.fr/geo/departement/39>)) || (?departement = <http://id.insee.fr/geo/departement/25>)) || (?departement = <http://id.insee.fr/geo/departement/54>)) || (?departement = <http://id.insee.fr/geo/departement/12>)) || (?departement = <http://id.insee.fr/geo/departement/65>)) || (?departement = <http://id.insee.fr/geo/departement/23>)) || (?departement = <http://id.insee.fr/geo/departement/78>)) }  
	1
--
	>====  Sum = 171  =====

 INFO 2016-04-01 14:06:49,001 [main] (TestDQP.java:209) - Transferred results per query
 INFO 2016-04-01 14:06:49,001 [main] (TestDQP.java:210) - =========
	?region igeo:subdivisionDirecte ?departement
	57
--
	?region igeo:codeRegion ?v
	33
--
	?departement igeo:nom ?nom
	55
--
	prefix idemo: <http://rdf.insee.fr/def/demo#> prefix igeo: <http://rdf.insee.fr/def/geo#> select *  where {?departement idemo:population ?popLeg .  ?popLeg idemo:populationTotale ?popTotale .  filter ((((((((((((((((((((?departement = <http://id.insee.fr/geo/departement/75>) || (?departement = <http://id.insee.fr/geo/departement/77>)) || (?departement = <http://id.insee.fr/geo/departement/91>)) || (?departement = <http://id.insee.fr/geo/departement/64>)) || (?departement = <http://id.insee.fr/geo/departement/24>)) || (?departement = <http://id.insee.fr/geo/departement/33>)) || (?departement = <http://id.insee.fr/geo/departement/21>)) || (?departement = <http://id.insee.fr/geo/departement/71>)) || (?departement = <http://id.insee.fr/geo/departement/14>)) || (?departement = <http://id.insee.fr/geo/departement/50>)) || (?departement = <http://id.insee.fr/geo/departement/61>)) || (?departement = <http://id.insee.fr/geo/departement/36>)) || (?departement = <http://id.insee.fr/geo/departement/37>)) || (?departement = <http://id.insee.fr/geo/departement/28>)) || (?departement = <http://id.insee.fr/geo/departement/27>)) || (?departement = <http://id.insee.fr/geo/departement/76>)) || (?departement = <http://id.insee.fr/geo/departement/79>)) || (?departement = <http://id.insee.fr/geo/departement/17>)) || (?departement = <http://id.insee.fr/geo/departement/16>)) || (?departement = <http://id.insee.fr/geo/departement/29>)) }  
	20
--
	prefix idemo: <http://rdf.insee.fr/def/demo#> prefix igeo: <http://rdf.insee.fr/def/geo#> select *  where {?departement idemo:population ?popLeg .  ?popLeg idemo:populationTotale ?popTotale .  filter (((((((((((((((?departement = <http://id.insee.fr/geo/departement/35>) || (?departement = <http://id.insee.fr/geo/departement/22>)) || (?departement = <http://id.insee.fr/geo/departement/60>)) || (?departement = <http://id.insee.fr/geo/departement/72>)) || (?departement = <http://id.insee.fr/geo/departement/53>)) || (?departement = <http://id.insee.fr/geo/departement/15>)) || (?departement = <http://id.insee.fr/geo/departement/63>)) || (?departement = <http://id.insee.fr/geo/departement/974>)) || (?departement = <http://id.insee.fr/geo/departement/973>)) || (?departement = <http://id.insee.fr/geo/departement/972>)) || (?departement = <http://id.insee.fr/geo/departement/2A>)) || (?departement = <http://id.insee.fr/geo/departement/971>)) || (?departement = <http://id.insee.fr/geo/departement/66>)) || (?departement = <http://id.insee.fr/geo/departement/11>)) || (?departement = <http://id.insee.fr/geo/departement/34>)) }  
	15
--
	prefix idemo: <http://rdf.insee.fr/def/demo#> prefix igeo: <http://rdf.insee.fr/def/geo#> select *  where {?departement idemo:population ?popLeg .  ?popLeg idemo:populationTotale ?popTotale .  filter ((((((((((((((((((((?departement = <http://id.insee.fr/geo/departement/51>) || (?departement = <http://id.insee.fr/geo/departement/10>)) || (?departement = <http://id.insee.fr/geo/departement/52>)) || (?departement = <http://id.insee.fr/geo/departement/38>)) || (?departement = <http://id.insee.fr/geo/departement/74>)) || (?departement = <http://id.insee.fr/geo/departement/42>)) || (?departement = <http://id.insee.fr/geo/departement/26>)) || (?departement = <http://id.insee.fr/geo/departement/73>)) || (?departement = <http://id.insee.fr/geo/departement/69>)) || (?departement = <http://id.insee.fr/geo/departement/13>)) || (?departement = <http://id.insee.fr/geo/departement/62>)) || (?departement = <http://id.insee.fr/geo/departement/976>)) || (?departement = <http://id.insee.fr/geo/departement/90>)) || (?departement = <http://id.insee.fr/geo/departement/39>)) || (?departement = <http://id.insee.fr/geo/departement/25>)) || (?departement = <http://id.insee.fr/geo/departement/54>)) || (?departement = <http://id.insee.fr/geo/departement/12>)) || (?departement = <http://id.insee.fr/geo/departement/65>)) || (?departement = <http://id.insee.fr/geo/departement/23>)) || (?departement = <http://id.insee.fr/geo/departement/78>)) }  
	19
--
	>====  Sum = 199  =====

 INFO 2016-04-01 14:06:49,001 [main] (TestDQP.java:211) - Remote queries per data source
 INFO 2016-04-01 14:06:49,001 [main] (TestDQP.java:212) - =========
	http://localhost:8085/sparql
	27
--
	http://localhost:8088/sparql
	3
--
	http://localhost:8086/sparql
	83
--
	http://localhost:8087/sparql
	58
--
	>====  Sum = 171  =====

 INFO 2016-04-01 14:06:49,001 [main] (TestDQP.java:213) - Transferred results per source
 INFO 2016-04-01 14:06:49,001 [main] (TestDQP.java:214) - =========
	http://localhost:8085/sparql
	24
--
	http://localhost:8088/sparql
	54
--
	http://localhost:8086/sparql
	84
--
	http://localhost:8087/sparql
	37
--
	>====  Sum = 199  =====

