 INFO 2016-04-01 14:34:53,586 [main] (ServiceGrouper.java:84) - Building indices for 
 INFO 2016-04-01 14:34:53,589 [main] (ServiceGrouper.java:85) - {?region igeo:codeRegion ?v . 
?region igeo:subdivisionDirecte ?departement . 
?departement igeo:nom ?nom . 
?departement idemo:population ?popLeg . 
?popLeg idemo:populationTotale ?popTotale . }
 INFO 2016-04-01 14:34:53,802 [main] (ServiceGrouper.java:559) - Edge index
 INFO 2016-04-01 14:34:53,802 [main] (ServiceGrouper.java:575) - Source index
 INFO 2016-04-01 14:34:53,803 [main] (ServiceGrouper.java:259) - Found consecutive triple patterns into {?region igeo:codeRegion ?v . 
?region igeo:subdivisionDirecte ?departement . 
?departement igeo:nom ?nom . 
?departement idemo:population ?popLeg . 
?popLeg idemo:populationTotale ?popTotale . }
 INFO 2016-04-01 14:34:53,803 [main] (ServiceGrouper.java:426) - Processing
[?region igeo:codeRegion ?v . , ?region igeo:subdivisionDirecte ?departement . , ?departement igeo:nom ?nom . , ?departement idemo:population ?popLeg . , ?popLeg idemo:populationTotale ?popTotale . ]
 WARN 2016-04-01 14:34:53,804 [main] (ServiceGrouper.java:446) - Triple pattern ?region igeo:codeRegion ?v .  appears in more than one data source, excluded from SERVICE.
 WARN 2016-04-01 14:34:53,804 [main] (ServiceGrouper.java:446) - Triple pattern ?region igeo:subdivisionDirecte ?departement .  appears in more than one data source, excluded from SERVICE.
 WARN 2016-04-01 14:34:53,805 [main] (ServiceGrouper.java:446) - Triple pattern ?region igeo:subdivisionDirecte ?departement .  appears in more than one data source, excluded from SERVICE.
 WARN 2016-04-01 14:34:53,805 [main] (ServiceGrouper.java:446) - Triple pattern ?departement igeo:nom ?nom .  appears in more than one data source, excluded from SERVICE.
 WARN 2016-04-01 14:34:53,805 [main] (ServiceGrouper.java:446) - Triple pattern ?region igeo:codeRegion ?v .  appears in more than one data source, excluded from SERVICE.
 WARN 2016-04-01 14:34:53,806 [main] (ServiceGrouper.java:446) - Triple pattern ?departement igeo:nom ?nom .  appears in more than one data source, excluded from SERVICE.
 INFO 2016-04-01 14:34:53,806 [main] (ServiceGrouper.java:271) - Ranking : 
 INFO 2016-04-01 14:34:53,806 [main] (ServiceGrouper.java:272) - {?region igeo:codeRegion ?v . 
?region igeo:subdivisionDirecte ?departement . 
service <http://localhost:8088/sparql> {?departement idemo:population ?popLeg . 
?popLeg idemo:populationTotale ?popTotale . }
?departement igeo:nom ?nom . }
 INFO 2016-04-01 14:34:53,806 [main] (ServiceGrouper.java:277) - 2 free variables for ?region igeo:codeRegion ?v . 
 INFO 2016-04-01 14:34:53,807 [main] (ServiceGrouper.java:277) - 2 free variables for ?region igeo:subdivisionDirecte ?departement . 
 INFO 2016-04-01 14:34:53,807 [main] (ServiceGrouper.java:277) - 3 free variables for service <http://localhost:8088/sparql> {?departement idemo:population ?popLeg . 
?popLeg idemo:populationTotale ?popTotale . }
 INFO 2016-04-01 14:34:53,807 [main] (ServiceGrouper.java:277) - 2 free variables for ?departement igeo:nom ?nom . 
 INFO 2016-04-01 14:34:53,807 [main] (ServiceGrouper.java:286) - Sorting services possibly with the same score
 WARN 2016-04-01 14:34:53,808 [main] (ServiceGrouper.java:353) - Searching for ?region igeo:codeRegion ?v .  in [?region igeo:codeRegion ?v . , ?region igeo:subdivisionDirecte ?departement . , ?departement igeo:nom ?nom . , ?departement idemo:population ?popLeg . , ?popLeg idemo:populationTotale ?popTotale . ]
 WARN 2016-04-01 14:34:53,808 [main] (ServiceGrouper.java:353) - Searching for ?departement igeo:nom ?nom .  in [?region igeo:codeRegion ?v . , ?region igeo:subdivisionDirecte ?departement . , ?departement igeo:nom ?nom . , ?departement idemo:population ?popLeg . , ?popLeg idemo:populationTotale ?popTotale . ]
 INFO 2016-04-01 14:34:53,808 [main] (ServiceGrouper.java:328) - Comparing : ?region igeo:codeRegion ?v .  with ?departement igeo:nom ?nom . 
 WARN 2016-04-01 14:34:53,809 [main] (ServiceGrouper.java:353) - Searching for ?region igeo:subdivisionDirecte ?departement .  in [?region igeo:codeRegion ?v . , ?region igeo:subdivisionDirecte ?departement . , ?departement igeo:nom ?nom . , ?departement idemo:population ?popLeg . , ?popLeg idemo:populationTotale ?popTotale . ]
 WARN 2016-04-01 14:34:53,809 [main] (ServiceGrouper.java:353) - Searching for ?region igeo:codeRegion ?v .  in [?region igeo:codeRegion ?v . , ?region igeo:subdivisionDirecte ?departement . , ?departement igeo:nom ?nom . , ?departement idemo:population ?popLeg . , ?popLeg idemo:populationTotale ?popTotale . ]
 INFO 2016-04-01 14:34:53,809 [main] (ServiceGrouper.java:328) - Comparing : ?region igeo:subdivisionDirecte ?departement .  with ?region igeo:codeRegion ?v . 
 WARN 2016-04-01 14:34:53,809 [main] (ServiceGrouper.java:353) - Searching for ?region igeo:subdivisionDirecte ?departement .  in [?region igeo:codeRegion ?v . , ?region igeo:subdivisionDirecte ?departement . , ?departement igeo:nom ?nom . , ?departement idemo:population ?popLeg . , ?popLeg idemo:populationTotale ?popTotale . ]
 WARN 2016-04-01 14:34:53,810 [main] (ServiceGrouper.java:353) - Searching for ?departement igeo:nom ?nom .  in [?region igeo:codeRegion ?v . , ?region igeo:subdivisionDirecte ?departement . , ?departement igeo:nom ?nom . , ?departement idemo:population ?popLeg . , ?popLeg idemo:populationTotale ?popTotale . ]
 INFO 2016-04-01 14:34:53,810 [main] (ServiceGrouper.java:328) - Comparing : ?region igeo:subdivisionDirecte ?departement .  with ?departement igeo:nom ?nom . 
 WARN 2016-04-01 14:34:53,810 [main] (ServiceGrouper.java:353) - Searching for ?region igeo:subdivisionDirecte ?departement .  in [?region igeo:codeRegion ?v . , ?region igeo:subdivisionDirecte ?departement . , ?departement igeo:nom ?nom . , ?departement idemo:population ?popLeg . , ?popLeg idemo:populationTotale ?popTotale . ]
 WARN 2016-04-01 14:34:53,810 [main] (ServiceGrouper.java:353) - Searching for ?region igeo:codeRegion ?v .  in [?region igeo:codeRegion ?v . , ?region igeo:subdivisionDirecte ?departement . , ?departement igeo:nom ?nom . , ?departement idemo:population ?popLeg . , ?popLeg idemo:populationTotale ?popTotale . ]
 INFO 2016-04-01 14:34:53,810 [main] (ServiceGrouper.java:328) - Comparing : ?region igeo:subdivisionDirecte ?departement .  with ?region igeo:codeRegion ?v . 
 INFO 2016-04-01 14:34:53,811 [main] (ServiceGrouper.java:340) - {?region igeo:codeRegion ?v . 
?region igeo:subdivisionDirecte ?departement . 
?departement igeo:nom ?nom . 
service <http://localhost:8088/sparql> {?departement idemo:population ?popLeg . 
?popLeg idemo:populationTotale ?popTotale . }}
 INFO 2016-04-01 14:34:53,811 [main] (ServiceGrouper.java:118) - Final rewritten query
 INFO 2016-04-01 14:34:53,811 [main] (ServiceGrouper.java:119) - prefix idemo: <http://rdf.insee.fr/def/demo#>
prefix igeo: <http://rdf.insee.fr/def/geo#>
select ?nom ?popTotale 
where
{?region igeo:codeRegion ?v . 
?region igeo:subdivisionDirecte ?departement . 
?departement igeo:nom ?nom . 
service <http://localhost:8088/sparql> {?departement idemo:population ?popLeg . 
?popLeg idemo:populationTotale ?popTotale . }}
order by ?popTotale 


 INFO 2016-04-01 14:34:53,829 [main] (ParallelMetaProducerLessBlocking.java:61) - Searching for edge : ?region igeo:codeRegion ?v
 INFO 2016-04-01 14:34:53,832 [pool-1-thread-2] (CallableResult.java:52) - CallableResult for GetEdge
 INFO 2016-04-01 14:34:53,832 [pool-1-thread-1] (CallableResult.java:52) - CallableResult for GetEdge
 INFO 2016-04-01 14:34:54,051 [pool-1-thread-1] (CallableResult.java:63) - Finished CallableResult in 220 ms.
 INFO 2016-04-01 14:34:54,117 [pool-1-thread-2] (CallableResult.java:63) - Finished CallableResult in 286 ms.
 INFO 2016-04-01 14:34:54,130 [main] (ParallelMetaProducerLessBlocking.java:193) - Global results retrieved in getEdges 299ms.
 INFO 2016-04-01 14:34:54,131 [main] (ParallelMetaProducerLessBlocking.java:61) - Searching for edge : ?region igeo:subdivisionDirecte ?departement
 INFO 2016-04-01 14:34:54,132 [pool-2-thread-1] (CallableResult.java:52) - CallableResult for GetEdge
 INFO 2016-04-01 14:34:54,132 [pool-2-thread-2] (CallableResult.java:52) - CallableResult for GetEdge
 INFO 2016-04-01 14:34:54,151 [pool-2-thread-2] (CallableResult.java:63) - Finished CallableResult in 19 ms.
 INFO 2016-04-01 14:34:54,165 [pool-2-thread-1] (CallableResult.java:63) - Finished CallableResult in 33 ms.
 INFO 2016-04-01 14:34:54,166 [main] (ParallelMetaProducerLessBlocking.java:193) - Global results retrieved in getEdges 34ms.
 INFO 2016-04-01 14:34:54,166 [main] (ParallelMetaProducerLessBlocking.java:61) - Searching for edge : ?departement igeo:nom ?nom
 INFO 2016-04-01 14:34:54,167 [pool-3-thread-1] (CallableResult.java:52) - CallableResult for GetEdge
 INFO 2016-04-01 14:34:54,169 [pool-3-thread-2] (CallableResult.java:52) - CallableResult for GetEdge
 INFO 2016-04-01 14:34:54,181 [pool-3-thread-1] (CallableResult.java:63) - Finished CallableResult in 14 ms.
 INFO 2016-04-01 14:34:54,185 [pool-3-thread-2] (CallableResult.java:63) - Finished CallableResult in 16 ms.
 INFO 2016-04-01 14:34:54,186 [main] (ParallelMetaProducerLessBlocking.java:193) - Global results retrieved in getEdges 17ms.
 INFO 2016-04-01 14:34:54,187 [main] (Eval.java:2158) - 
	Get EDGE in 21ms.  
	FOR EDGE{?departement igeo:nom ?nom}

 INFO 2016-04-01 14:34:54,187 [main] (ParallelMetaProducerLessBlocking.java:61) - Searching for edge : ?departement igeo:nom ?nom
 INFO 2016-04-01 14:34:54,188 [pool-4-thread-1] (CallableResult.java:52) - CallableResult for GetEdge
 INFO 2016-04-01 14:34:54,188 [pool-4-thread-2] (CallableResult.java:52) - CallableResult for GetEdge
 INFO 2016-04-01 14:34:54,220 [pool-4-thread-2] (CallableResult.java:63) - Finished CallableResult in 32 ms.
 INFO 2016-04-01 14:34:54,222 [pool-4-thread-1] (CallableResult.java:63) - Finished CallableResult in 34 ms.
 INFO 2016-04-01 14:34:54,222 [main] (ParallelMetaProducerLessBlocking.java:193) - Global results retrieved in getEdges 34ms.
 INFO 2016-04-01 14:34:54,222 [main] (Eval.java:2158) - 
	Get EDGE in 35ms.  
	FOR EDGE{?departement igeo:nom ?nom}

 INFO 2016-04-01 14:34:54,223 [main] (ParallelMetaProducerLessBlocking.java:61) - Searching for edge : ?departement igeo:nom ?nom
 INFO 2016-04-01 14:34:54,223 [pool-5-thread-1] (CallableResult.java:52) - CallableResult for GetEdge
 INFO 2016-04-01 14:34:54,228 [pool-5-thread-2] (CallableResult.java:52) - CallableResult for GetEdge
 INFO 2016-04-01 14:34:54,229 [pool-5-thread-1] (CallableResult.java:63) - Finished CallableResult in 6 ms.
 INFO 2016-04-01 14:34:54,238 [pool-5-thread-2] (CallableResult.java:63) - Finished CallableResult in 10 ms.
 INFO 2016-04-01 14:34:54,238 [main] (ParallelMetaProducerLessBlocking.java:193) - Global results retrieved in getEdges 10ms.
 INFO 2016-04-01 14:34:54,239 [main] (Eval.java:2158) - 
	Get EDGE in 16ms.  
	FOR EDGE{?departement igeo:nom ?nom}

 INFO 2016-04-01 14:34:54,239 [main] (Eval.java:2158) - 
	Get EDGE in 108ms.  
	FOR EDGE{?region igeo:subdivisionDirecte ?departement}

 INFO 2016-04-01 14:34:54,239 [main] (ParallelMetaProducerLessBlocking.java:61) - Searching for edge : ?region igeo:subdivisionDirecte ?departement
 INFO 2016-04-01 14:34:54,240 [pool-6-thread-1] (CallableResult.java:52) - CallableResult for GetEdge
 INFO 2016-04-01 14:34:54,240 [pool-6-thread-2] (CallableResult.java:52) - CallableResult for GetEdge
 INFO 2016-04-01 14:34:54,248 [pool-6-thread-2] (CallableResult.java:63) - Finished CallableResult in 8 ms.
 INFO 2016-04-01 14:34:54,266 [pool-6-thread-1] (CallableResult.java:63) - Finished CallableResult in 26 ms.
 INFO 2016-04-01 14:34:54,266 [main] (ParallelMetaProducerLessBlocking.java:193) - Global results retrieved in getEdges 26ms.
 INFO 2016-04-01 14:34:54,267 [main] (ParallelMetaProducerLessBlocking.java:61) - Searching for edge : ?departement igeo:nom ?nom
 INFO 2016-04-01 14:34:54,267 [pool-7-thread-1] (CallableResult.java:52) - CallableResult for GetEdge
 INFO 2016-04-01 14:34:54,267 [pool-7-thread-2] (CallableResult.java:52) - CallableResult for GetEdge
 INFO 2016-04-01 14:34:54,281 [pool-7-thread-2] (CallableResult.java:63) - Finished CallableResult in 14 ms.
 INFO 2016-04-01 14:34:54,281 [pool-7-thread-1] (CallableResult.java:63) - Finished CallableResult in 14 ms.
 INFO 2016-04-01 14:34:54,282 [main] (ParallelMetaProducerLessBlocking.java:193) - Global results retrieved in getEdges 15ms.
 INFO 2016-04-01 14:34:54,282 [main] (Eval.java:2158) - 
	Get EDGE in 15ms.  
	FOR EDGE{?departement igeo:nom ?nom}

 INFO 2016-04-01 14:34:54,282 [main] (ParallelMetaProducerLessBlocking.java:61) - Searching for edge : ?departement igeo:nom ?nom
 INFO 2016-04-01 14:34:54,283 [pool-8-thread-2] (CallableResult.java:52) - CallableResult for GetEdge
 INFO 2016-04-01 14:34:54,283 [pool-8-thread-1] (CallableResult.java:52) - CallableResult for GetEdge
 INFO 2016-04-01 14:34:54,290 [pool-8-thread-2] (CallableResult.java:63) - Finished CallableResult in 7 ms.
 INFO 2016-04-01 14:34:54,293 [pool-8-thread-1] (CallableResult.java:63) - Finished CallableResult in 10 ms.
 INFO 2016-04-01 14:34:54,293 [main] (ParallelMetaProducerLessBlocking.java:193) - Global results retrieved in getEdges 10ms.
 INFO 2016-04-01 14:34:54,293 [main] (Eval.java:2158) - 
	Get EDGE in 11ms.  
	FOR EDGE{?departement igeo:nom ?nom}

 INFO 2016-04-01 14:34:54,294 [main] (ParallelMetaProducerLessBlocking.java:61) - Searching for edge : ?departement igeo:nom ?nom
 INFO 2016-04-01 14:34:54,294 [pool-9-thread-1] (CallableResult.java:52) - CallableResult for GetEdge
 INFO 2016-04-01 14:34:54,294 [pool-9-thread-2] (CallableResult.java:52) - CallableResult for GetEdge
 INFO 2016-04-01 14:34:54,301 [pool-9-thread-2] (CallableResult.java:63) - Finished CallableResult in 7 ms.
 INFO 2016-04-01 14:34:54,304 [pool-9-thread-1] (CallableResult.java:63) - Finished CallableResult in 10 ms.
 INFO 2016-04-01 14:34:54,305 [main] (ParallelMetaProducerLessBlocking.java:193) - Global results retrieved in getEdges 11ms.
 INFO 2016-04-01 14:34:54,305 [main] (Eval.java:2158) - 
	Get EDGE in 11ms.  
	FOR EDGE{?departement igeo:nom ?nom}

 INFO 2016-04-01 14:34:54,305 [main] (ParallelMetaProducerLessBlocking.java:61) - Searching for edge : ?departement igeo:nom ?nom
 INFO 2016-04-01 14:34:54,306 [pool-10-thread-1] (CallableResult.java:52) - CallableResult for GetEdge
 INFO 2016-04-01 14:34:54,306 [pool-10-thread-2] (CallableResult.java:52) - CallableResult for GetEdge
 INFO 2016-04-01 14:34:54,312 [pool-10-thread-2] (CallableResult.java:63) - Finished CallableResult in 6 ms.
 INFO 2016-04-01 14:34:54,315 [pool-10-thread-1] (CallableResult.java:63) - Finished CallableResult in 9 ms.
 INFO 2016-04-01 14:34:54,315 [main] (ParallelMetaProducerLessBlocking.java:193) - Global results retrieved in getEdges 9ms.
 INFO 2016-04-01 14:34:54,316 [main] (Eval.java:2158) - 
	Get EDGE in 11ms.  
	FOR EDGE{?departement igeo:nom ?nom}

 INFO 2016-04-01 14:34:54,316 [main] (ParallelMetaProducerLessBlocking.java:61) - Searching for edge : ?departement igeo:nom ?nom
 INFO 2016-04-01 14:34:54,317 [pool-11-thread-1] (CallableResult.java:52) - CallableResult for GetEdge
 INFO 2016-04-01 14:34:54,317 [pool-11-thread-2] (CallableResult.java:52) - CallableResult for GetEdge
 INFO 2016-04-01 14:34:54,322 [pool-11-thread-2] (CallableResult.java:63) - Finished CallableResult in 5 ms.
 INFO 2016-04-01 14:34:54,325 [pool-11-thread-1] (CallableResult.java:63) - Finished CallableResult in 8 ms.
 INFO 2016-04-01 14:34:54,325 [main] (ParallelMetaProducerLessBlocking.java:193) - Global results retrieved in getEdges 8ms.
 INFO 2016-04-01 14:34:54,326 [main] (Eval.java:2158) - 
	Get EDGE in 10ms.  
	FOR EDGE{?departement igeo:nom ?nom}

 INFO 2016-04-01 14:34:54,326 [main] (ParallelMetaProducerLessBlocking.java:61) - Searching for edge : ?departement igeo:nom ?nom
 INFO 2016-04-01 14:34:54,326 [pool-12-thread-1] (CallableResult.java:52) - CallableResult for GetEdge
 INFO 2016-04-01 14:34:54,327 [pool-12-thread-2] (CallableResult.java:52) - CallableResult for GetEdge
 INFO 2016-04-01 14:34:54,332 [pool-12-thread-2] (CallableResult.java:63) - Finished CallableResult in 6 ms.
 INFO 2016-04-01 14:34:54,335 [pool-12-thread-1] (CallableResult.java:63) - Finished CallableResult in 9 ms.
 INFO 2016-04-01 14:34:54,336 [main] (ParallelMetaProducerLessBlocking.java:193) - Global results retrieved in getEdges 10ms.
 INFO 2016-04-01 14:34:54,336 [main] (Eval.java:2158) - 
	Get EDGE in 10ms.  
	FOR EDGE{?departement igeo:nom ?nom}

 INFO 2016-04-01 14:34:54,336 [main] (Eval.java:2158) - 
	Get EDGE in 97ms.  
	FOR EDGE{?region igeo:subdivisionDirecte ?departement}

 INFO 2016-04-01 14:34:54,337 [main] (ParallelMetaProducerLessBlocking.java:61) - Searching for edge : ?region igeo:subdivisionDirecte ?departement
 INFO 2016-04-01 14:34:54,337 [pool-13-thread-1] (CallableResult.java:52) - CallableResult for GetEdge
 INFO 2016-04-01 14:34:54,337 [pool-13-thread-2] (CallableResult.java:52) - CallableResult for GetEdge
 INFO 2016-04-01 14:34:54,343 [pool-13-thread-2] (CallableResult.java:63) - Finished CallableResult in 6 ms.
 INFO 2016-04-01 14:34:54,346 [pool-13-thread-1] (CallableResult.java:63) - Finished CallableResult in 9 ms.
 INFO 2016-04-01 14:34:54,346 [main] (ParallelMetaProducerLessBlocking.java:193) - Global results retrieved in getEdges 9ms.
 INFO 2016-04-01 14:34:54,347 [main] (ParallelMetaProducerLessBlocking.java:61) - Searching for edge : ?departement igeo:nom ?nom
 INFO 2016-04-01 14:34:54,347 [pool-14-thread-1] (CallableResult.java:52) - CallableResult for GetEdge
 INFO 2016-04-01 14:34:54,347 [pool-14-thread-2] (CallableResult.java:52) - CallableResult for GetEdge
 INFO 2016-04-01 14:34:54,351 [pool-14-thread-1] (CallableResult.java:63) - Finished CallableResult in 4 ms.
 INFO 2016-04-01 14:34:54,356 [pool-14-thread-2] (CallableResult.java:63) - Finished CallableResult in 9 ms.
 INFO 2016-04-01 14:34:54,356 [main] (ParallelMetaProducerLessBlocking.java:193) - Global results retrieved in getEdges 9ms.
 INFO 2016-04-01 14:34:54,357 [main] (Eval.java:2158) - 
	Get EDGE in 10ms.  
	FOR EDGE{?departement igeo:nom ?nom}

 INFO 2016-04-01 14:34:54,357 [main] (Eval.java:2158) - 
	Get EDGE in 20ms.  
	FOR EDGE{?region igeo:subdivisionDirecte ?departement}

 INFO 2016-04-01 14:34:54,357 [main] (ParallelMetaProducerLessBlocking.java:61) - Searching for edge : ?region igeo:subdivisionDirecte ?departement
 INFO 2016-04-01 14:34:54,358 [pool-15-thread-1] (CallableResult.java:52) - CallableResult for GetEdge
 INFO 2016-04-01 14:34:54,358 [pool-15-thread-2] (CallableResult.java:52) - CallableResult for GetEdge
 INFO 2016-04-01 14:34:54,363 [pool-15-thread-2] (CallableResult.java:63) - Finished CallableResult in 5 ms.
 INFO 2016-04-01 14:34:54,366 [pool-15-thread-1] (CallableResult.java:63) - Finished CallableResult in 8 ms.
 INFO 2016-04-01 14:34:54,367 [main] (ParallelMetaProducerLessBlocking.java:193) - Global results retrieved in getEdges 9ms.
 INFO 2016-04-01 14:34:54,367 [main] (ParallelMetaProducerLessBlocking.java:61) - Searching for edge : ?departement igeo:nom ?nom
 INFO 2016-04-01 14:34:54,367 [pool-16-thread-1] (CallableResult.java:52) - CallableResult for GetEdge
 INFO 2016-04-01 14:34:54,367 [pool-16-thread-2] (CallableResult.java:52) - CallableResult for GetEdge
 INFO 2016-04-01 14:34:54,372 [pool-16-thread-2] (CallableResult.java:63) - Finished CallableResult in 5 ms.
 INFO 2016-04-01 14:34:54,375 [pool-16-thread-1] (CallableResult.java:63) - Finished CallableResult in 8 ms.
 INFO 2016-04-01 14:34:54,375 [main] (ParallelMetaProducerLessBlocking.java:193) - Global results retrieved in getEdges 8ms.
 INFO 2016-04-01 14:34:54,375 [main] (Eval.java:2158) - 
	Get EDGE in 8ms.  
	FOR EDGE{?departement igeo:nom ?nom}

 INFO 2016-04-01 14:34:54,376 [main] (Eval.java:2158) - 
	Get EDGE in 19ms.  
	FOR EDGE{?region igeo:subdivisionDirecte ?departement}

 INFO 2016-04-01 14:34:54,376 [main] (ParallelMetaProducerLessBlocking.java:61) - Searching for edge : ?region igeo:subdivisionDirecte ?departement
 INFO 2016-04-01 14:34:54,376 [pool-17-thread-1] (CallableResult.java:52) - CallableResult for GetEdge
 INFO 2016-04-01 14:34:54,376 [pool-17-thread-2] (CallableResult.java:52) - CallableResult for GetEdge
 INFO 2016-04-01 14:34:54,382 [pool-17-thread-2] (CallableResult.java:63) - Finished CallableResult in 6 ms.
 INFO 2016-04-01 14:34:54,384 [pool-17-thread-1] (CallableResult.java:63) - Finished CallableResult in 8 ms.
 INFO 2016-04-01 14:34:54,385 [main] (ParallelMetaProducerLessBlocking.java:193) - Global results retrieved in getEdges 9ms.
 INFO 2016-04-01 14:34:54,385 [main] (ParallelMetaProducerLessBlocking.java:61) - Searching for edge : ?departement igeo:nom ?nom
 INFO 2016-04-01 14:34:54,386 [pool-18-thread-1] (CallableResult.java:52) - CallableResult for GetEdge
 INFO 2016-04-01 14:34:54,386 [pool-18-thread-2] (CallableResult.java:52) - CallableResult for GetEdge
 INFO 2016-04-01 14:34:54,391 [pool-18-thread-2] (CallableResult.java:63) - Finished CallableResult in 5 ms.
 INFO 2016-04-01 14:34:54,393 [pool-18-thread-1] (CallableResult.java:63) - Finished CallableResult in 7 ms.
 INFO 2016-04-01 14:34:54,393 [main] (ParallelMetaProducerLessBlocking.java:193) - Global results retrieved in getEdges 7ms.
 INFO 2016-04-01 14:34:54,394 [main] (Eval.java:2158) - 
	Get EDGE in 9ms.  
	FOR EDGE{?departement igeo:nom ?nom}

 INFO 2016-04-01 14:34:54,394 [main] (Eval.java:2158) - 
	Get EDGE in 18ms.  
	FOR EDGE{?region igeo:subdivisionDirecte ?departement}

 INFO 2016-04-01 14:34:54,394 [main] (ParallelMetaProducerLessBlocking.java:61) - Searching for edge : ?region igeo:subdivisionDirecte ?departement
 INFO 2016-04-01 14:34:54,395 [pool-19-thread-1] (CallableResult.java:52) - CallableResult for GetEdge
 INFO 2016-04-01 14:34:54,395 [pool-19-thread-2] (CallableResult.java:52) - CallableResult for GetEdge
 INFO 2016-04-01 14:34:54,401 [pool-19-thread-1] (CallableResult.java:63) - Finished CallableResult in 6 ms.
 INFO 2016-04-01 14:34:54,404 [pool-19-thread-2] (CallableResult.java:63) - Finished CallableResult in 9 ms.
 INFO 2016-04-01 14:34:54,404 [main] (ParallelMetaProducerLessBlocking.java:193) - Global results retrieved in getEdges 9ms.
 INFO 2016-04-01 14:34:54,405 [main] (ParallelMetaProducerLessBlocking.java:61) - Searching for edge : ?departement igeo:nom ?nom
 INFO 2016-04-01 14:34:54,405 [pool-20-thread-1] (CallableResult.java:52) - CallableResult for GetEdge
 INFO 2016-04-01 14:34:54,405 [pool-20-thread-2] (CallableResult.java:52) - CallableResult for GetEdge
 INFO 2016-04-01 14:34:54,410 [pool-20-thread-1] (CallableResult.java:63) - Finished CallableResult in 5 ms.
 INFO 2016-04-01 14:34:54,412 [pool-20-thread-2] (CallableResult.java:63) - Finished CallableResult in 7 ms.
 INFO 2016-04-01 14:34:54,412 [main] (ParallelMetaProducerLessBlocking.java:193) - Global results retrieved in getEdges 7ms.
 INFO 2016-04-01 14:34:54,412 [main] (Eval.java:2158) - 
	Get EDGE in 7ms.  
	FOR EDGE{?departement igeo:nom ?nom}

 INFO 2016-04-01 14:34:54,412 [main] (ParallelMetaProducerLessBlocking.java:61) - Searching for edge : ?departement igeo:nom ?nom
 INFO 2016-04-01 14:34:54,413 [pool-21-thread-1] (CallableResult.java:52) - CallableResult for GetEdge
 INFO 2016-04-01 14:34:54,413 [pool-21-thread-2] (CallableResult.java:52) - CallableResult for GetEdge
 INFO 2016-04-01 14:34:54,417 [pool-21-thread-2] (CallableResult.java:63) - Finished CallableResult in 4 ms.
 INFO 2016-04-01 14:34:54,420 [pool-21-thread-1] (CallableResult.java:63) - Finished CallableResult in 7 ms.
 INFO 2016-04-01 14:34:54,421 [main] (ParallelMetaProducerLessBlocking.java:193) - Global results retrieved in getEdges 8ms.
 INFO 2016-04-01 14:34:54,421 [main] (Eval.java:2158) - 
	Get EDGE in 9ms.  
	FOR EDGE{?departement igeo:nom ?nom}

 INFO 2016-04-01 14:34:54,421 [main] (ParallelMetaProducerLessBlocking.java:61) - Searching for edge : ?departement igeo:nom ?nom
 INFO 2016-04-01 14:34:54,422 [pool-22-thread-1] (CallableResult.java:52) - CallableResult for GetEdge
 INFO 2016-04-01 14:34:54,422 [pool-22-thread-2] (CallableResult.java:52) - CallableResult for GetEdge
 INFO 2016-04-01 14:34:54,427 [pool-22-thread-2] (CallableResult.java:63) - Finished CallableResult in 5 ms.
 INFO 2016-04-01 14:34:54,430 [pool-22-thread-1] (CallableResult.java:63) - Finished CallableResult in 8 ms.
 INFO 2016-04-01 14:34:54,431 [main] (ParallelMetaProducerLessBlocking.java:193) - Global results retrieved in getEdges 9ms.
 INFO 2016-04-01 14:34:54,431 [main] (Eval.java:2158) - 
	Get EDGE in 10ms.  
	FOR EDGE{?departement igeo:nom ?nom}

 INFO 2016-04-01 14:34:54,431 [main] (Eval.java:2158) - 
	Get EDGE in 37ms.  
	FOR EDGE{?region igeo:subdivisionDirecte ?departement}

 INFO 2016-04-01 14:34:54,432 [main] (ParallelMetaProducerLessBlocking.java:61) - Searching for edge : ?region igeo:subdivisionDirecte ?departement
 INFO 2016-04-01 14:34:54,432 [pool-23-thread-1] (CallableResult.java:52) - CallableResult for GetEdge
 INFO 2016-04-01 14:34:54,432 [pool-23-thread-2] (CallableResult.java:52) - CallableResult for GetEdge
 INFO 2016-04-01 14:34:54,437 [pool-23-thread-2] (CallableResult.java:63) - Finished CallableResult in 5 ms.
 INFO 2016-04-01 14:34:54,441 [pool-23-thread-1] (CallableResult.java:63) - Finished CallableResult in 9 ms.
 INFO 2016-04-01 14:34:54,442 [main] (ParallelMetaProducerLessBlocking.java:193) - Global results retrieved in getEdges 10ms.
 INFO 2016-04-01 14:34:54,442 [main] (ParallelMetaProducerLessBlocking.java:61) - Searching for edge : ?departement igeo:nom ?nom
 INFO 2016-04-01 14:34:54,443 [pool-24-thread-1] (CallableResult.java:52) - CallableResult for GetEdge
 INFO 2016-04-01 14:34:54,443 [pool-24-thread-2] (CallableResult.java:52) - CallableResult for GetEdge
 INFO 2016-04-01 14:34:54,451 [pool-24-thread-2] (CallableResult.java:63) - Finished CallableResult in 8 ms.
 INFO 2016-04-01 14:34:54,454 [pool-24-thread-1] (CallableResult.java:63) - Finished CallableResult in 11 ms.
 INFO 2016-04-01 14:34:54,454 [main] (ParallelMetaProducerLessBlocking.java:193) - Global results retrieved in getEdges 11ms.
 INFO 2016-04-01 14:34:54,454 [main] (Eval.java:2158) - 
	Get EDGE in 12ms.  
	FOR EDGE{?departement igeo:nom ?nom}

 INFO 2016-04-01 14:34:54,454 [main] (Eval.java:2158) - 
	Get EDGE in 22ms.  
	FOR EDGE{?region igeo:subdivisionDirecte ?departement}

 INFO 2016-04-01 14:34:54,455 [main] (ParallelMetaProducerLessBlocking.java:61) - Searching for edge : ?region igeo:subdivisionDirecte ?departement
 INFO 2016-04-01 14:34:54,455 [pool-25-thread-1] (CallableResult.java:52) - CallableResult for GetEdge
 INFO 2016-04-01 14:34:54,455 [pool-25-thread-2] (CallableResult.java:52) - CallableResult for GetEdge
 INFO 2016-04-01 14:34:54,460 [pool-25-thread-2] (CallableResult.java:63) - Finished CallableResult in 5 ms.
 INFO 2016-04-01 14:34:54,466 [pool-25-thread-1] (CallableResult.java:63) - Finished CallableResult in 11 ms.
 INFO 2016-04-01 14:34:54,466 [main] (ParallelMetaProducerLessBlocking.java:193) - Global results retrieved in getEdges 11ms.
 INFO 2016-04-01 14:34:54,466 [main] (ParallelMetaProducerLessBlocking.java:61) - Searching for edge : ?departement igeo:nom ?nom
 INFO 2016-04-01 14:34:54,467 [pool-26-thread-1] (CallableResult.java:52) - CallableResult for GetEdge
 INFO 2016-04-01 14:34:54,467 [pool-26-thread-2] (CallableResult.java:52) - CallableResult for GetEdge
 INFO 2016-04-01 14:34:54,471 [pool-26-thread-2] (CallableResult.java:63) - Finished CallableResult in 4 ms.
 INFO 2016-04-01 14:34:54,473 [pool-26-thread-1] (CallableResult.java:63) - Finished CallableResult in 6 ms.
 INFO 2016-04-01 14:34:54,473 [main] (ParallelMetaProducerLessBlocking.java:193) - Global results retrieved in getEdges 6ms.
 INFO 2016-04-01 14:34:54,474 [main] (Eval.java:2158) - 
	Get EDGE in 8ms.  
	FOR EDGE{?departement igeo:nom ?nom}

 INFO 2016-04-01 14:34:54,474 [main] (ParallelMetaProducerLessBlocking.java:61) - Searching for edge : ?departement igeo:nom ?nom
 INFO 2016-04-01 14:34:54,474 [pool-27-thread-1] (CallableResult.java:52) - CallableResult for GetEdge
 INFO 2016-04-01 14:34:54,474 [pool-27-thread-2] (CallableResult.java:52) - CallableResult for GetEdge
 INFO 2016-04-01 14:34:54,480 [pool-27-thread-2] (CallableResult.java:63) - Finished CallableResult in 6 ms.
 INFO 2016-04-01 14:34:54,482 [pool-27-thread-1] (CallableResult.java:63) - Finished CallableResult in 8 ms.
 INFO 2016-04-01 14:34:54,482 [main] (ParallelMetaProducerLessBlocking.java:193) - Global results retrieved in getEdges 8ms.
 INFO 2016-04-01 14:34:54,482 [main] (Eval.java:2158) - 
	Get EDGE in 8ms.  
	FOR EDGE{?departement igeo:nom ?nom}

 INFO 2016-04-01 14:34:54,483 [main] (Eval.java:2158) - 
	Get EDGE in 28ms.  
	FOR EDGE{?region igeo:subdivisionDirecte ?departement}

 INFO 2016-04-01 14:34:54,483 [main] (ParallelMetaProducerLessBlocking.java:61) - Searching for edge : ?region igeo:subdivisionDirecte ?departement
 INFO 2016-04-01 14:34:54,483 [pool-28-thread-1] (CallableResult.java:52) - CallableResult for GetEdge
 INFO 2016-04-01 14:34:54,483 [pool-28-thread-2] (CallableResult.java:52) - CallableResult for GetEdge
 INFO 2016-04-01 14:34:54,488 [pool-28-thread-1] (CallableResult.java:63) - Finished CallableResult in 5 ms.
 INFO 2016-04-01 14:34:54,489 [pool-28-thread-2] (CallableResult.java:63) - Finished CallableResult in 6 ms.
 INFO 2016-04-01 14:34:54,489 [main] (ParallelMetaProducerLessBlocking.java:193) - Global results retrieved in getEdges 6ms.
 INFO 2016-04-01 14:34:54,489 [main] (ParallelMetaProducerLessBlocking.java:61) - Searching for edge : ?departement igeo:nom ?nom
 INFO 2016-04-01 14:34:54,490 [pool-29-thread-1] (CallableResult.java:52) - CallableResult for GetEdge
 INFO 2016-04-01 14:34:54,490 [pool-29-thread-2] (CallableResult.java:52) - CallableResult for GetEdge
 INFO 2016-04-01 14:34:54,494 [pool-29-thread-2] (CallableResult.java:63) - Finished CallableResult in 4 ms.
 INFO 2016-04-01 14:34:54,498 [pool-29-thread-1] (CallableResult.java:63) - Finished CallableResult in 8 ms.
 INFO 2016-04-01 14:34:54,499 [main] (ParallelMetaProducerLessBlocking.java:193) - Global results retrieved in getEdges 9ms.
 INFO 2016-04-01 14:34:54,499 [main] (Eval.java:2158) - 
	Get EDGE in 10ms.  
	FOR EDGE{?departement igeo:nom ?nom}

 INFO 2016-04-01 14:34:54,499 [main] (Eval.java:2158) - 
	Get EDGE in 16ms.  
	FOR EDGE{?region igeo:subdivisionDirecte ?departement}

 INFO 2016-04-01 14:34:54,500 [main] (ParallelMetaProducerLessBlocking.java:61) - Searching for edge : ?region igeo:subdivisionDirecte ?departement
 INFO 2016-04-01 14:34:54,500 [pool-30-thread-1] (CallableResult.java:52) - CallableResult for GetEdge
 INFO 2016-04-01 14:34:54,500 [pool-30-thread-2] (CallableResult.java:52) - CallableResult for GetEdge
 INFO 2016-04-01 14:34:54,504 [pool-30-thread-1] (CallableResult.java:63) - Finished CallableResult in 4 ms.
 INFO 2016-04-01 14:34:54,512 [pool-30-thread-2] (CallableResult.java:63) - Finished CallableResult in 12 ms.
 INFO 2016-04-01 14:34:54,513 [main] (ParallelMetaProducerLessBlocking.java:193) - Global results retrieved in getEdges 13ms.
 INFO 2016-04-01 14:34:54,513 [main] (ParallelMetaProducerLessBlocking.java:61) - Searching for edge : ?departement igeo:nom ?nom
 INFO 2016-04-01 14:34:54,513 [pool-31-thread-1] (CallableResult.java:52) - CallableResult for GetEdge
 INFO 2016-04-01 14:34:54,513 [pool-31-thread-2] (CallableResult.java:52) - CallableResult for GetEdge
 INFO 2016-04-01 14:34:54,517 [pool-31-thread-2] (CallableResult.java:63) - Finished CallableResult in 4 ms.
 INFO 2016-04-01 14:34:54,520 [pool-31-thread-1] (CallableResult.java:63) - Finished CallableResult in 7 ms.
 INFO 2016-04-01 14:34:54,520 [main] (ParallelMetaProducerLessBlocking.java:193) - Global results retrieved in getEdges 7ms.
 INFO 2016-04-01 14:34:54,521 [main] (Eval.java:2158) - 
	Get EDGE in 8ms.  
	FOR EDGE{?departement igeo:nom ?nom}

 INFO 2016-04-01 14:34:54,521 [main] (ParallelMetaProducerLessBlocking.java:61) - Searching for edge : ?departement igeo:nom ?nom
 INFO 2016-04-01 14:34:54,521 [pool-32-thread-1] (CallableResult.java:52) - CallableResult for GetEdge
 INFO 2016-04-01 14:34:54,521 [pool-32-thread-2] (CallableResult.java:52) - CallableResult for GetEdge
 INFO 2016-04-01 14:34:54,525 [pool-32-thread-2] (CallableResult.java:63) - Finished CallableResult in 4 ms.
 INFO 2016-04-01 14:34:54,528 [pool-32-thread-1] (CallableResult.java:63) - Finished CallableResult in 7 ms.
 INFO 2016-04-01 14:34:54,529 [main] (ParallelMetaProducerLessBlocking.java:193) - Global results retrieved in getEdges 8ms.
 INFO 2016-04-01 14:34:54,529 [main] (Eval.java:2158) - 
	Get EDGE in 8ms.  
	FOR EDGE{?departement igeo:nom ?nom}

 INFO 2016-04-01 14:34:54,529 [main] (ParallelMetaProducerLessBlocking.java:61) - Searching for edge : ?departement igeo:nom ?nom
 INFO 2016-04-01 14:34:54,530 [pool-33-thread-2] (CallableResult.java:52) - CallableResult for GetEdge
 INFO 2016-04-01 14:34:54,530 [pool-33-thread-1] (CallableResult.java:52) - CallableResult for GetEdge
 INFO 2016-04-01 14:34:54,534 [pool-33-thread-2] (CallableResult.java:63) - Finished CallableResult in 4 ms.
 INFO 2016-04-01 14:34:54,536 [pool-33-thread-1] (CallableResult.java:63) - Finished CallableResult in 6 ms.
 INFO 2016-04-01 14:34:54,536 [main] (ParallelMetaProducerLessBlocking.java:193) - Global results retrieved in getEdges 6ms.
 INFO 2016-04-01 14:34:54,536 [main] (Eval.java:2158) - 
	Get EDGE in 7ms.  
	FOR EDGE{?departement igeo:nom ?nom}

 INFO 2016-04-01 14:34:54,536 [main] (ParallelMetaProducerLessBlocking.java:61) - Searching for edge : ?departement igeo:nom ?nom
 INFO 2016-04-01 14:34:54,537 [pool-34-thread-2] (CallableResult.java:52) - CallableResult for GetEdge
 INFO 2016-04-01 14:34:54,537 [pool-34-thread-1] (CallableResult.java:52) - CallableResult for GetEdge
 INFO 2016-04-01 14:34:54,541 [pool-34-thread-1] (CallableResult.java:63) - Finished CallableResult in 4 ms.
 INFO 2016-04-01 14:34:54,543 [pool-34-thread-2] (CallableResult.java:63) - Finished CallableResult in 6 ms.
 INFO 2016-04-01 14:34:54,543 [main] (ParallelMetaProducerLessBlocking.java:193) - Global results retrieved in getEdges 6ms.
 INFO 2016-04-01 14:34:54,543 [main] (Eval.java:2158) - 
	Get EDGE in 7ms.  
	FOR EDGE{?departement igeo:nom ?nom}

 INFO 2016-04-01 14:34:54,543 [main] (Eval.java:2158) - 
	Get EDGE in 43ms.  
	FOR EDGE{?region igeo:subdivisionDirecte ?departement}

 INFO 2016-04-01 14:34:54,544 [main] (ParallelMetaProducerLessBlocking.java:61) - Searching for edge : ?region igeo:subdivisionDirecte ?departement
 INFO 2016-04-01 14:34:54,544 [pool-35-thread-1] (CallableResult.java:52) - CallableResult for GetEdge
 INFO 2016-04-01 14:34:54,544 [pool-35-thread-2] (CallableResult.java:52) - CallableResult for GetEdge
 INFO 2016-04-01 14:34:54,549 [pool-35-thread-1] (CallableResult.java:63) - Finished CallableResult in 5 ms.
 INFO 2016-04-01 14:34:54,555 [pool-35-thread-2] (CallableResult.java:63) - Finished CallableResult in 11 ms.
 INFO 2016-04-01 14:34:54,555 [main] (ParallelMetaProducerLessBlocking.java:193) - Global results retrieved in getEdges 11ms.
 INFO 2016-04-01 14:34:54,556 [main] (ParallelMetaProducerLessBlocking.java:61) - Searching for edge : ?departement igeo:nom ?nom
 INFO 2016-04-01 14:34:54,558 [pool-36-thread-1] (CallableResult.java:52) - CallableResult for GetEdge
 INFO 2016-04-01 14:34:54,558 [pool-36-thread-2] (CallableResult.java:52) - CallableResult for GetEdge
 INFO 2016-04-01 14:34:54,566 [pool-36-thread-1] (CallableResult.java:63) - Finished CallableResult in 8 ms.
 INFO 2016-04-01 14:34:54,567 [pool-36-thread-2] (CallableResult.java:63) - Finished CallableResult in 9 ms.
 INFO 2016-04-01 14:34:54,567 [main] (ParallelMetaProducerLessBlocking.java:193) - Global results retrieved in getEdges 9ms.
 INFO 2016-04-01 14:34:54,568 [main] (Eval.java:2158) - 
	Get EDGE in 12ms.  
	FOR EDGE{?departement igeo:nom ?nom}

 INFO 2016-04-01 14:34:54,568 [main] (ParallelMetaProducerLessBlocking.java:61) - Searching for edge : ?departement igeo:nom ?nom
 INFO 2016-04-01 14:34:54,579 [pool-37-thread-1] (CallableResult.java:52) - CallableResult for GetEdge
 INFO 2016-04-01 14:34:54,579 [pool-37-thread-2] (CallableResult.java:52) - CallableResult for GetEdge
 INFO 2016-04-01 14:34:54,583 [pool-37-thread-2] (CallableResult.java:63) - Finished CallableResult in 4 ms.
 INFO 2016-04-01 14:34:54,584 [pool-37-thread-1] (CallableResult.java:63) - Finished CallableResult in 5 ms.
 INFO 2016-04-01 14:34:54,585 [main] (ParallelMetaProducerLessBlocking.java:193) - Global results retrieved in getEdges 6ms.
 INFO 2016-04-01 14:34:54,585 [main] (Eval.java:2158) - 
	Get EDGE in 17ms.  
	FOR EDGE{?departement igeo:nom ?nom}

 INFO 2016-04-01 14:34:54,585 [main] (ParallelMetaProducerLessBlocking.java:61) - Searching for edge : ?departement igeo:nom ?nom
 INFO 2016-04-01 14:34:54,586 [pool-38-thread-1] (CallableResult.java:52) - CallableResult for GetEdge
 INFO 2016-04-01 14:34:54,586 [pool-38-thread-2] (CallableResult.java:52) - CallableResult for GetEdge
 INFO 2016-04-01 14:34:54,590 [pool-38-thread-2] (CallableResult.java:63) - Finished CallableResult in 4 ms.
 INFO 2016-04-01 14:34:54,591 [pool-38-thread-1] (CallableResult.java:63) - Finished CallableResult in 5 ms.
 INFO 2016-04-01 14:34:54,592 [main] (ParallelMetaProducerLessBlocking.java:193) - Global results retrieved in getEdges 6ms.
 INFO 2016-04-01 14:34:54,593 [main] (Eval.java:2158) - 
	Get EDGE in 8ms.  
	FOR EDGE{?departement igeo:nom ?nom}

 INFO 2016-04-01 14:34:54,593 [main] (ParallelMetaProducerLessBlocking.java:61) - Searching for edge : ?departement igeo:nom ?nom
 INFO 2016-04-01 14:34:54,594 [pool-39-thread-1] (CallableResult.java:52) - CallableResult for GetEdge
 INFO 2016-04-01 14:34:54,594 [pool-39-thread-2] (CallableResult.java:52) - CallableResult for GetEdge
 INFO 2016-04-01 14:34:54,598 [pool-39-thread-1] (CallableResult.java:63) - Finished CallableResult in 4 ms.
 INFO 2016-04-01 14:34:54,598 [pool-39-thread-2] (CallableResult.java:63) - Finished CallableResult in 4 ms.
 INFO 2016-04-01 14:34:54,598 [main] (ParallelMetaProducerLessBlocking.java:193) - Global results retrieved in getEdges 4ms.
 INFO 2016-04-01 14:34:54,599 [main] (Eval.java:2158) - 
	Get EDGE in 6ms.  
	FOR EDGE{?departement igeo:nom ?nom}

 INFO 2016-04-01 14:34:54,599 [main] (ParallelMetaProducerLessBlocking.java:61) - Searching for edge : ?departement igeo:nom ?nom
 INFO 2016-04-01 14:34:54,599 [pool-40-thread-1] (CallableResult.java:52) - CallableResult for GetEdge
 INFO 2016-04-01 14:34:54,599 [pool-40-thread-2] (CallableResult.java:52) - CallableResult for GetEdge
 INFO 2016-04-01 14:34:54,603 [pool-40-thread-1] (CallableResult.java:63) - Finished CallableResult in 4 ms.
 INFO 2016-04-01 14:34:54,603 [pool-40-thread-2] (CallableResult.java:63) - Finished CallableResult in 4 ms.
 INFO 2016-04-01 14:34:54,603 [main] (ParallelMetaProducerLessBlocking.java:193) - Global results retrieved in getEdges 4ms.
 INFO 2016-04-01 14:34:54,603 [main] (Eval.java:2158) - 
	Get EDGE in 4ms.  
	FOR EDGE{?departement igeo:nom ?nom}

 INFO 2016-04-01 14:34:54,603 [main] (Eval.java:2158) - 
	Get EDGE in 59ms.  
	FOR EDGE{?region igeo:subdivisionDirecte ?departement}

 INFO 2016-04-01 14:34:54,604 [main] (ParallelMetaProducerLessBlocking.java:61) - Searching for edge : ?region igeo:subdivisionDirecte ?departement
 INFO 2016-04-01 14:34:54,604 [pool-41-thread-1] (CallableResult.java:52) - CallableResult for GetEdge
 INFO 2016-04-01 14:34:54,604 [pool-41-thread-2] (CallableResult.java:52) - CallableResult for GetEdge
 INFO 2016-04-01 14:34:54,608 [pool-41-thread-1] (CallableResult.java:63) - Finished CallableResult in 4 ms.
 INFO 2016-04-01 14:34:54,610 [pool-41-thread-2] (CallableResult.java:63) - Finished CallableResult in 6 ms.
 INFO 2016-04-01 14:34:54,611 [main] (ParallelMetaProducerLessBlocking.java:193) - Global results retrieved in getEdges 7ms.
 INFO 2016-04-01 14:34:54,611 [main] (ParallelMetaProducerLessBlocking.java:61) - Searching for edge : ?departement igeo:nom ?nom
 INFO 2016-04-01 14:34:54,612 [pool-42-thread-1] (CallableResult.java:52) - CallableResult for GetEdge
 INFO 2016-04-01 14:34:54,612 [pool-42-thread-2] (CallableResult.java:52) - CallableResult for GetEdge
 INFO 2016-04-01 14:34:54,615 [pool-42-thread-2] (CallableResult.java:63) - Finished CallableResult in 3 ms.
 INFO 2016-04-01 14:34:54,617 [pool-42-thread-1] (CallableResult.java:63) - Finished CallableResult in 5 ms.
 INFO 2016-04-01 14:34:54,618 [main] (ParallelMetaProducerLessBlocking.java:193) - Global results retrieved in getEdges 6ms.
 INFO 2016-04-01 14:34:54,618 [main] (Eval.java:2158) - 
	Get EDGE in 7ms.  
	FOR EDGE{?departement igeo:nom ?nom}

 INFO 2016-04-01 14:34:54,618 [main] (ParallelMetaProducerLessBlocking.java:61) - Searching for edge : ?departement igeo:nom ?nom
 INFO 2016-04-01 14:34:54,619 [pool-43-thread-1] (CallableResult.java:52) - CallableResult for GetEdge
 INFO 2016-04-01 14:34:54,619 [pool-43-thread-2] (CallableResult.java:52) - CallableResult for GetEdge
 INFO 2016-04-01 14:34:54,623 [pool-43-thread-2] (CallableResult.java:63) - Finished CallableResult in 4 ms.
 INFO 2016-04-01 14:34:54,625 [pool-43-thread-1] (CallableResult.java:63) - Finished CallableResult in 6 ms.
 INFO 2016-04-01 14:34:54,625 [main] (ParallelMetaProducerLessBlocking.java:193) - Global results retrieved in getEdges 6ms.
 INFO 2016-04-01 14:34:54,626 [main] (Eval.java:2158) - 
	Get EDGE in 8ms.  
	FOR EDGE{?departement igeo:nom ?nom}

 INFO 2016-04-01 14:34:54,626 [main] (Eval.java:2158) - 
	Get EDGE in 22ms.  
	FOR EDGE{?region igeo:subdivisionDirecte ?departement}

 INFO 2016-04-01 14:34:54,626 [main] (ParallelMetaProducerLessBlocking.java:61) - Searching for edge : ?region igeo:subdivisionDirecte ?departement
 INFO 2016-04-01 14:34:54,626 [pool-44-thread-1] (CallableResult.java:52) - CallableResult for GetEdge
 INFO 2016-04-01 14:34:54,627 [pool-44-thread-2] (CallableResult.java:52) - CallableResult for GetEdge
 INFO 2016-04-01 14:34:54,630 [pool-44-thread-1] (CallableResult.java:63) - Finished CallableResult in 4 ms.
 INFO 2016-04-01 14:34:54,638 [pool-44-thread-2] (CallableResult.java:63) - Finished CallableResult in 11 ms.
 INFO 2016-04-01 14:34:54,638 [main] (ParallelMetaProducerLessBlocking.java:193) - Global results retrieved in getEdges 12ms.
 INFO 2016-04-01 14:34:54,639 [main] (ParallelMetaProducerLessBlocking.java:61) - Searching for edge : ?departement igeo:nom ?nom
 INFO 2016-04-01 14:34:54,639 [pool-45-thread-1] (CallableResult.java:52) - CallableResult for GetEdge
 INFO 2016-04-01 14:34:54,639 [pool-45-thread-2] (CallableResult.java:52) - CallableResult for GetEdge
 INFO 2016-04-01 14:34:54,642 [pool-45-thread-1] (CallableResult.java:63) - Finished CallableResult in 3 ms.
 INFO 2016-04-01 14:34:54,646 [pool-45-thread-2] (CallableResult.java:63) - Finished CallableResult in 7 ms.
 INFO 2016-04-01 14:34:54,646 [main] (ParallelMetaProducerLessBlocking.java:193) - Global results retrieved in getEdges 7ms.
 INFO 2016-04-01 14:34:54,646 [main] (Eval.java:2158) - 
	Get EDGE in 7ms.  
	FOR EDGE{?departement igeo:nom ?nom}

 INFO 2016-04-01 14:34:54,647 [main] (ParallelMetaProducerLessBlocking.java:61) - Searching for edge : ?departement igeo:nom ?nom
 INFO 2016-04-01 14:34:54,647 [pool-46-thread-1] (CallableResult.java:52) - CallableResult for GetEdge
 INFO 2016-04-01 14:34:54,647 [pool-46-thread-2] (CallableResult.java:52) - CallableResult for GetEdge
 INFO 2016-04-01 14:34:54,650 [pool-46-thread-2] (CallableResult.java:63) - Finished CallableResult in 3 ms.
 INFO 2016-04-01 14:34:54,653 [pool-46-thread-1] (CallableResult.java:63) - Finished CallableResult in 6 ms.
 INFO 2016-04-01 14:34:54,653 [main] (ParallelMetaProducerLessBlocking.java:193) - Global results retrieved in getEdges 6ms.
 INFO 2016-04-01 14:34:54,654 [main] (Eval.java:2158) - 
	Get EDGE in 8ms.  
	FOR EDGE{?departement igeo:nom ?nom}

 INFO 2016-04-01 14:34:54,654 [main] (ParallelMetaProducerLessBlocking.java:61) - Searching for edge : ?departement igeo:nom ?nom
 INFO 2016-04-01 14:34:54,654 [pool-47-thread-1] (CallableResult.java:52) - CallableResult for GetEdge
 INFO 2016-04-01 14:34:54,654 [pool-47-thread-2] (CallableResult.java:52) - CallableResult for GetEdge
 INFO 2016-04-01 14:34:54,658 [pool-47-thread-2] (CallableResult.java:63) - Finished CallableResult in 4 ms.
 INFO 2016-04-01 14:34:54,661 [pool-47-thread-1] (CallableResult.java:63) - Finished CallableResult in 7 ms.
 INFO 2016-04-01 14:34:54,661 [main] (ParallelMetaProducerLessBlocking.java:193) - Global results retrieved in getEdges 7ms.
 INFO 2016-04-01 14:34:54,662 [main] (Eval.java:2158) - 
	Get EDGE in 8ms.  
	FOR EDGE{?departement igeo:nom ?nom}

 INFO 2016-04-01 14:34:54,662 [main] (Eval.java:2158) - 
	Get EDGE in 36ms.  
	FOR EDGE{?region igeo:subdivisionDirecte ?departement}

 INFO 2016-04-01 14:34:54,662 [main] (ParallelMetaProducerLessBlocking.java:61) - Searching for edge : ?region igeo:subdivisionDirecte ?departement
 INFO 2016-04-01 14:34:54,662 [pool-48-thread-1] (CallableResult.java:52) - CallableResult for GetEdge
 INFO 2016-04-01 14:34:54,662 [pool-48-thread-2] (CallableResult.java:52) - CallableResult for GetEdge
 INFO 2016-04-01 14:34:54,666 [pool-48-thread-1] (CallableResult.java:63) - Finished CallableResult in 4 ms.
 INFO 2016-04-01 14:34:54,673 [pool-48-thread-2] (CallableResult.java:63) - Finished CallableResult in 11 ms.
 INFO 2016-04-01 14:34:54,674 [main] (ParallelMetaProducerLessBlocking.java:193) - Global results retrieved in getEdges 12ms.
 INFO 2016-04-01 14:34:54,675 [main] (ParallelMetaProducerLessBlocking.java:61) - Searching for edge : ?departement igeo:nom ?nom
 INFO 2016-04-01 14:34:54,675 [pool-49-thread-1] (CallableResult.java:52) - CallableResult for GetEdge
 INFO 2016-04-01 14:34:54,675 [pool-49-thread-2] (CallableResult.java:52) - CallableResult for GetEdge
 INFO 2016-04-01 14:34:54,680 [pool-49-thread-2] (CallableResult.java:63) - Finished CallableResult in 5 ms.
 INFO 2016-04-01 14:34:54,682 [pool-49-thread-1] (CallableResult.java:63) - Finished CallableResult in 7 ms.
 INFO 2016-04-01 14:34:54,683 [main] (ParallelMetaProducerLessBlocking.java:193) - Global results retrieved in getEdges 8ms.
 INFO 2016-04-01 14:34:54,683 [main] (Eval.java:2158) - 
	Get EDGE in 9ms.  
	FOR EDGE{?departement igeo:nom ?nom}

 INFO 2016-04-01 14:34:54,683 [main] (ParallelMetaProducerLessBlocking.java:61) - Searching for edge : ?departement igeo:nom ?nom
 INFO 2016-04-01 14:34:54,684 [pool-50-thread-1] (CallableResult.java:52) - CallableResult for GetEdge
 INFO 2016-04-01 14:34:54,684 [pool-50-thread-2] (CallableResult.java:52) - CallableResult for GetEdge
 INFO 2016-04-01 14:34:54,688 [pool-50-thread-2] (CallableResult.java:63) - Finished CallableResult in 4 ms.
 INFO 2016-04-01 14:34:54,689 [pool-50-thread-1] (CallableResult.java:63) - Finished CallableResult in 5 ms.
 INFO 2016-04-01 14:34:54,690 [main] (ParallelMetaProducerLessBlocking.java:193) - Global results retrieved in getEdges 6ms.
 INFO 2016-04-01 14:34:54,690 [main] (Eval.java:2158) - 
	Get EDGE in 7ms.  
	FOR EDGE{?departement igeo:nom ?nom}

 INFO 2016-04-01 14:34:54,690 [main] (ParallelMetaProducerLessBlocking.java:61) - Searching for edge : ?departement igeo:nom ?nom
 INFO 2016-04-01 14:34:54,690 [pool-51-thread-1] (CallableResult.java:52) - CallableResult for GetEdge
 INFO 2016-04-01 14:34:54,690 [pool-51-thread-2] (CallableResult.java:52) - CallableResult for GetEdge
 INFO 2016-04-01 14:34:54,695 [pool-51-thread-2] (CallableResult.java:63) - Finished CallableResult in 5 ms.
 INFO 2016-04-01 14:34:54,696 [pool-51-thread-1] (CallableResult.java:63) - Finished CallableResult in 6 ms.
 INFO 2016-04-01 14:34:54,696 [main] (ParallelMetaProducerLessBlocking.java:193) - Global results retrieved in getEdges 6ms.
 INFO 2016-04-01 14:34:54,697 [main] (Eval.java:2158) - 
	Get EDGE in 7ms.  
	FOR EDGE{?departement igeo:nom ?nom}

 INFO 2016-04-01 14:34:54,697 [main] (Eval.java:2158) - 
	Get EDGE in 35ms.  
	FOR EDGE{?region igeo:subdivisionDirecte ?departement}

 INFO 2016-04-01 14:34:54,697 [main] (ParallelMetaProducerLessBlocking.java:61) - Searching for edge : ?region igeo:subdivisionDirecte ?departement
 INFO 2016-04-01 14:34:54,697 [pool-52-thread-1] (CallableResult.java:52) - CallableResult for GetEdge
 INFO 2016-04-01 14:34:54,697 [pool-52-thread-2] (CallableResult.java:52) - CallableResult for GetEdge
 INFO 2016-04-01 14:34:54,701 [pool-52-thread-1] (CallableResult.java:63) - Finished CallableResult in 4 ms.
 INFO 2016-04-01 14:34:54,706 [pool-52-thread-2] (CallableResult.java:63) - Finished CallableResult in 9 ms.
 INFO 2016-04-01 14:34:54,707 [main] (ParallelMetaProducerLessBlocking.java:193) - Global results retrieved in getEdges 10ms.
 INFO 2016-04-01 14:34:54,707 [main] (ParallelMetaProducerLessBlocking.java:61) - Searching for edge : ?departement igeo:nom ?nom
 INFO 2016-04-01 14:34:54,707 [pool-53-thread-1] (CallableResult.java:52) - CallableResult for GetEdge
 INFO 2016-04-01 14:34:54,707 [pool-53-thread-2] (CallableResult.java:52) - CallableResult for GetEdge
 INFO 2016-04-01 14:34:54,712 [pool-53-thread-2] (CallableResult.java:63) - Finished CallableResult in 5 ms.
 INFO 2016-04-01 14:34:54,713 [pool-53-thread-1] (CallableResult.java:63) - Finished CallableResult in 6 ms.
 INFO 2016-04-01 14:34:54,713 [main] (ParallelMetaProducerLessBlocking.java:193) - Global results retrieved in getEdges 6ms.
 INFO 2016-04-01 14:34:54,713 [main] (Eval.java:2158) - 
	Get EDGE in 6ms.  
	FOR EDGE{?departement igeo:nom ?nom}

 INFO 2016-04-01 14:34:54,713 [main] (ParallelMetaProducerLessBlocking.java:61) - Searching for edge : ?departement igeo:nom ?nom
 INFO 2016-04-01 14:34:54,714 [pool-54-thread-1] (CallableResult.java:52) - CallableResult for GetEdge
 INFO 2016-04-01 14:34:54,714 [pool-54-thread-2] (CallableResult.java:52) - CallableResult for GetEdge
 INFO 2016-04-01 14:34:54,717 [pool-54-thread-2] (CallableResult.java:63) - Finished CallableResult in 3 ms.
 INFO 2016-04-01 14:34:54,721 [pool-54-thread-1] (CallableResult.java:63) - Finished CallableResult in 7 ms.
 INFO 2016-04-01 14:34:54,721 [main] (ParallelMetaProducerLessBlocking.java:193) - Global results retrieved in getEdges 7ms.
 INFO 2016-04-01 14:34:54,721 [main] (Eval.java:2158) - 
	Get EDGE in 8ms.  
	FOR EDGE{?departement igeo:nom ?nom}

 INFO 2016-04-01 14:34:54,721 [main] (Eval.java:2158) - 
	Get EDGE in 24ms.  
	FOR EDGE{?region igeo:subdivisionDirecte ?departement}

 INFO 2016-04-01 14:34:54,722 [main] (ParallelMetaProducerLessBlocking.java:61) - Searching for edge : ?region igeo:subdivisionDirecte ?departement
 INFO 2016-04-01 14:34:54,722 [pool-55-thread-1] (CallableResult.java:52) - CallableResult for GetEdge
 INFO 2016-04-01 14:34:54,722 [pool-55-thread-2] (CallableResult.java:52) - CallableResult for GetEdge
 INFO 2016-04-01 14:34:54,726 [pool-55-thread-1] (CallableResult.java:63) - Finished CallableResult in 4 ms.
 INFO 2016-04-01 14:34:54,731 [pool-55-thread-2] (CallableResult.java:63) - Finished CallableResult in 9 ms.
 INFO 2016-04-01 14:34:54,731 [main] (ParallelMetaProducerLessBlocking.java:193) - Global results retrieved in getEdges 9ms.
 INFO 2016-04-01 14:34:54,732 [main] (ParallelMetaProducerLessBlocking.java:61) - Searching for edge : ?departement igeo:nom ?nom
 INFO 2016-04-01 14:34:54,732 [pool-56-thread-1] (CallableResult.java:52) - CallableResult for GetEdge
 INFO 2016-04-01 14:34:54,732 [pool-56-thread-2] (CallableResult.java:52) - CallableResult for GetEdge
 INFO 2016-04-01 14:34:54,736 [pool-56-thread-2] (CallableResult.java:63) - Finished CallableResult in 4 ms.
 INFO 2016-04-01 14:34:54,738 [pool-56-thread-1] (CallableResult.java:63) - Finished CallableResult in 6 ms.
 INFO 2016-04-01 14:34:54,738 [main] (ParallelMetaProducerLessBlocking.java:193) - Global results retrieved in getEdges 6ms.
 INFO 2016-04-01 14:34:54,738 [main] (Eval.java:2158) - 
	Get EDGE in 7ms.  
	FOR EDGE{?departement igeo:nom ?nom}

 INFO 2016-04-01 14:34:54,739 [main] (ParallelMetaProducerLessBlocking.java:61) - Searching for edge : ?departement igeo:nom ?nom
 INFO 2016-04-01 14:34:54,739 [pool-57-thread-1] (CallableResult.java:52) - CallableResult for GetEdge
 INFO 2016-04-01 14:34:54,739 [pool-57-thread-2] (CallableResult.java:52) - CallableResult for GetEdge
 INFO 2016-04-01 14:34:54,743 [pool-57-thread-1] (CallableResult.java:63) - Finished CallableResult in 4 ms.
 INFO 2016-04-01 14:34:54,746 [pool-57-thread-2] (CallableResult.java:63) - Finished CallableResult in 7 ms.
 INFO 2016-04-01 14:34:54,746 [main] (ParallelMetaProducerLessBlocking.java:193) - Global results retrieved in getEdges 7ms.
 INFO 2016-04-01 14:34:54,747 [main] (Eval.java:2158) - 
	Get EDGE in 8ms.  
	FOR EDGE{?departement igeo:nom ?nom}

 INFO 2016-04-01 14:34:54,747 [main] (ParallelMetaProducerLessBlocking.java:61) - Searching for edge : ?departement igeo:nom ?nom
 INFO 2016-04-01 14:34:54,747 [pool-58-thread-1] (CallableResult.java:52) - CallableResult for GetEdge
 INFO 2016-04-01 14:34:54,747 [pool-58-thread-2] (CallableResult.java:52) - CallableResult for GetEdge
 INFO 2016-04-01 14:34:54,751 [pool-58-thread-1] (CallableResult.java:63) - Finished CallableResult in 4 ms.
 INFO 2016-04-01 14:34:54,754 [pool-58-thread-2] (CallableResult.java:63) - Finished CallableResult in 7 ms.
 INFO 2016-04-01 14:34:54,754 [main] (ParallelMetaProducerLessBlocking.java:193) - Global results retrieved in getEdges 7ms.
 INFO 2016-04-01 14:34:54,754 [main] (Eval.java:2158) - 
	Get EDGE in 7ms.  
	FOR EDGE{?departement igeo:nom ?nom}

 INFO 2016-04-01 14:34:54,754 [main] (Eval.java:2158) - 
	Get EDGE in 32ms.  
	FOR EDGE{?region igeo:subdivisionDirecte ?departement}

 INFO 2016-04-01 14:34:54,755 [main] (ParallelMetaProducerLessBlocking.java:61) - Searching for edge : ?region igeo:subdivisionDirecte ?departement
 INFO 2016-04-01 14:34:54,755 [pool-59-thread-1] (CallableResult.java:52) - CallableResult for GetEdge
 INFO 2016-04-01 14:34:54,755 [pool-59-thread-2] (CallableResult.java:52) - CallableResult for GetEdge
 INFO 2016-04-01 14:34:54,759 [pool-59-thread-1] (CallableResult.java:63) - Finished CallableResult in 4 ms.
 INFO 2016-04-01 14:34:54,767 [pool-59-thread-2] (CallableResult.java:63) - Finished CallableResult in 12 ms.
 INFO 2016-04-01 14:34:54,767 [main] (ParallelMetaProducerLessBlocking.java:193) - Global results retrieved in getEdges 12ms.
 INFO 2016-04-01 14:34:54,767 [main] (ParallelMetaProducerLessBlocking.java:61) - Searching for edge : ?departement igeo:nom ?nom
 INFO 2016-04-01 14:34:54,768 [pool-60-thread-1] (CallableResult.java:52) - CallableResult for GetEdge
 INFO 2016-04-01 14:34:54,768 [pool-60-thread-2] (CallableResult.java:52) - CallableResult for GetEdge
 INFO 2016-04-01 14:34:54,772 [pool-60-thread-2] (CallableResult.java:63) - Finished CallableResult in 4 ms.
 INFO 2016-04-01 14:34:54,775 [pool-60-thread-1] (CallableResult.java:63) - Finished CallableResult in 7 ms.
 INFO 2016-04-01 14:34:54,776 [main] (ParallelMetaProducerLessBlocking.java:193) - Global results retrieved in getEdges 8ms.
 INFO 2016-04-01 14:34:54,776 [main] (Eval.java:2158) - 
	Get EDGE in 9ms.  
	FOR EDGE{?departement igeo:nom ?nom}

 INFO 2016-04-01 14:34:54,776 [main] (ParallelMetaProducerLessBlocking.java:61) - Searching for edge : ?departement igeo:nom ?nom
 INFO 2016-04-01 14:34:54,777 [pool-61-thread-1] (CallableResult.java:52) - CallableResult for GetEdge
 INFO 2016-04-01 14:34:54,777 [pool-61-thread-2] (CallableResult.java:52) - CallableResult for GetEdge
 INFO 2016-04-01 14:34:54,780 [pool-61-thread-2] (CallableResult.java:63) - Finished CallableResult in 3 ms.
 INFO 2016-04-01 14:34:54,783 [pool-61-thread-1] (CallableResult.java:63) - Finished CallableResult in 6 ms.
 INFO 2016-04-01 14:34:54,783 [main] (ParallelMetaProducerLessBlocking.java:193) - Global results retrieved in getEdges 6ms.
 INFO 2016-04-01 14:34:54,784 [main] (Eval.java:2158) - 
	Get EDGE in 8ms.  
	FOR EDGE{?departement igeo:nom ?nom}

 INFO 2016-04-01 14:34:54,784 [main] (ParallelMetaProducerLessBlocking.java:61) - Searching for edge : ?departement igeo:nom ?nom
 INFO 2016-04-01 14:34:54,784 [pool-62-thread-1] (CallableResult.java:52) - CallableResult for GetEdge
 INFO 2016-04-01 14:34:54,784 [pool-62-thread-2] (CallableResult.java:52) - CallableResult for GetEdge
 INFO 2016-04-01 14:34:54,791 [pool-62-thread-1] (CallableResult.java:63) - Finished CallableResult in 7 ms.
 INFO 2016-04-01 14:34:54,792 [pool-62-thread-2] (CallableResult.java:63) - Finished CallableResult in 8 ms.
 INFO 2016-04-01 14:34:54,792 [main] (ParallelMetaProducerLessBlocking.java:193) - Global results retrieved in getEdges 8ms.
 INFO 2016-04-01 14:34:54,792 [main] (Eval.java:2158) - 
	Get EDGE in 8ms.  
	FOR EDGE{?departement igeo:nom ?nom}

 INFO 2016-04-01 14:34:54,792 [main] (Eval.java:2158) - 
	Get EDGE in 37ms.  
	FOR EDGE{?region igeo:subdivisionDirecte ?departement}

 INFO 2016-04-01 14:34:54,792 [main] (ParallelMetaProducerLessBlocking.java:61) - Searching for edge : ?region igeo:subdivisionDirecte ?departement
 INFO 2016-04-01 14:34:54,793 [pool-63-thread-1] (CallableResult.java:52) - CallableResult for GetEdge
 INFO 2016-04-01 14:34:54,793 [pool-63-thread-2] (CallableResult.java:52) - CallableResult for GetEdge
 INFO 2016-04-01 14:34:54,797 [pool-63-thread-1] (CallableResult.java:63) - Finished CallableResult in 4 ms.
 INFO 2016-04-01 14:34:54,800 [pool-63-thread-2] (CallableResult.java:63) - Finished CallableResult in 7 ms.
 INFO 2016-04-01 14:34:54,800 [main] (ParallelMetaProducerLessBlocking.java:193) - Global results retrieved in getEdges 7ms.
 INFO 2016-04-01 14:34:54,800 [main] (ParallelMetaProducerLessBlocking.java:61) - Searching for edge : ?departement igeo:nom ?nom
 INFO 2016-04-01 14:34:54,801 [pool-64-thread-1] (CallableResult.java:52) - CallableResult for GetEdge
 INFO 2016-04-01 14:34:54,801 [pool-64-thread-2] (CallableResult.java:52) - CallableResult for GetEdge
 INFO 2016-04-01 14:34:54,805 [pool-64-thread-2] (CallableResult.java:63) - Finished CallableResult in 4 ms.
 INFO 2016-04-01 14:34:54,809 [pool-64-thread-1] (CallableResult.java:63) - Finished CallableResult in 8 ms.
 INFO 2016-04-01 14:34:54,809 [main] (ParallelMetaProducerLessBlocking.java:193) - Global results retrieved in getEdges 8ms.
 INFO 2016-04-01 14:34:54,810 [main] (Eval.java:2158) - 
	Get EDGE in 10ms.  
	FOR EDGE{?departement igeo:nom ?nom}

 INFO 2016-04-01 14:34:54,810 [main] (Eval.java:2158) - 
	Get EDGE in 18ms.  
	FOR EDGE{?region igeo:subdivisionDirecte ?departement}

 INFO 2016-04-01 14:34:54,810 [main] (ParallelMetaProducerLessBlocking.java:61) - Searching for edge : ?region igeo:subdivisionDirecte ?departement
 INFO 2016-04-01 14:34:54,810 [pool-65-thread-1] (CallableResult.java:52) - CallableResult for GetEdge
 INFO 2016-04-01 14:34:54,810 [pool-65-thread-2] (CallableResult.java:52) - CallableResult for GetEdge
 INFO 2016-04-01 14:34:54,815 [pool-65-thread-1] (CallableResult.java:63) - Finished CallableResult in 5 ms.
 INFO 2016-04-01 14:34:54,822 [pool-65-thread-2] (CallableResult.java:63) - Finished CallableResult in 12 ms.
 INFO 2016-04-01 14:34:54,822 [main] (ParallelMetaProducerLessBlocking.java:193) - Global results retrieved in getEdges 12ms.
 INFO 2016-04-01 14:34:54,823 [main] (ParallelMetaProducerLessBlocking.java:61) - Searching for edge : ?departement igeo:nom ?nom
 INFO 2016-04-01 14:34:54,823 [pool-66-thread-1] (CallableResult.java:52) - CallableResult for GetEdge
 INFO 2016-04-01 14:34:54,823 [pool-66-thread-2] (CallableResult.java:52) - CallableResult for GetEdge
 INFO 2016-04-01 14:34:54,827 [pool-66-thread-2] (CallableResult.java:63) - Finished CallableResult in 4 ms.
 INFO 2016-04-01 14:34:54,830 [pool-66-thread-1] (CallableResult.java:63) - Finished CallableResult in 7 ms.
 INFO 2016-04-01 14:34:54,830 [main] (ParallelMetaProducerLessBlocking.java:193) - Global results retrieved in getEdges 7ms.
 INFO 2016-04-01 14:34:54,830 [main] (Eval.java:2158) - 
	Get EDGE in 7ms.  
	FOR EDGE{?departement igeo:nom ?nom}

 INFO 2016-04-01 14:34:54,831 [main] (ParallelMetaProducerLessBlocking.java:61) - Searching for edge : ?departement igeo:nom ?nom
 INFO 2016-04-01 14:34:54,831 [pool-67-thread-1] (CallableResult.java:52) - CallableResult for GetEdge
 INFO 2016-04-01 14:34:54,832 [pool-67-thread-2] (CallableResult.java:52) - CallableResult for GetEdge
 INFO 2016-04-01 14:34:54,835 [pool-67-thread-1] (CallableResult.java:63) - Finished CallableResult in 4 ms.
 INFO 2016-04-01 14:34:54,838 [pool-67-thread-2] (CallableResult.java:63) - Finished CallableResult in 6 ms.
 INFO 2016-04-01 14:34:54,838 [main] (ParallelMetaProducerLessBlocking.java:193) - Global results retrieved in getEdges 7ms.
 INFO 2016-04-01 14:34:54,838 [main] (Eval.java:2158) - 
	Get EDGE in 7ms.  
	FOR EDGE{?departement igeo:nom ?nom}

 INFO 2016-04-01 14:34:54,838 [main] (Eval.java:2158) - 
	Get EDGE in 28ms.  
	FOR EDGE{?region igeo:subdivisionDirecte ?departement}

 INFO 2016-04-01 14:34:54,839 [main] (ParallelMetaProducerLessBlocking.java:61) - Searching for edge : ?region igeo:subdivisionDirecte ?departement
 INFO 2016-04-01 14:34:54,839 [pool-68-thread-1] (CallableResult.java:52) - CallableResult for GetEdge
 INFO 2016-04-01 14:34:54,839 [pool-68-thread-2] (CallableResult.java:52) - CallableResult for GetEdge
 INFO 2016-04-01 14:34:54,844 [pool-68-thread-1] (CallableResult.java:63) - Finished CallableResult in 5 ms.
 INFO 2016-04-01 14:34:54,849 [pool-68-thread-2] (CallableResult.java:63) - Finished CallableResult in 10 ms.
 INFO 2016-04-01 14:34:54,849 [main] (ParallelMetaProducerLessBlocking.java:193) - Global results retrieved in getEdges 10ms.
 INFO 2016-04-01 14:34:54,849 [main] (ParallelMetaProducerLessBlocking.java:61) - Searching for edge : ?departement igeo:nom ?nom
 INFO 2016-04-01 14:34:54,849 [pool-69-thread-1] (CallableResult.java:52) - CallableResult for GetEdge
 INFO 2016-04-01 14:34:54,849 [pool-69-thread-2] (CallableResult.java:52) - CallableResult for GetEdge
 INFO 2016-04-01 14:34:54,854 [pool-69-thread-1] (CallableResult.java:63) - Finished CallableResult in 5 ms.
 INFO 2016-04-01 14:34:54,855 [pool-69-thread-2] (CallableResult.java:63) - Finished CallableResult in 6 ms.
 INFO 2016-04-01 14:34:54,856 [main] (ParallelMetaProducerLessBlocking.java:193) - Global results retrieved in getEdges 7ms.
 INFO 2016-04-01 14:34:54,856 [main] (Eval.java:2158) - 
	Get EDGE in 7ms.  
	FOR EDGE{?departement igeo:nom ?nom}

 INFO 2016-04-01 14:34:54,856 [main] (ParallelMetaProducerLessBlocking.java:61) - Searching for edge : ?departement igeo:nom ?nom
 INFO 2016-04-01 14:34:54,857 [pool-70-thread-1] (CallableResult.java:52) - CallableResult for GetEdge
 INFO 2016-04-01 14:34:54,857 [pool-70-thread-2] (CallableResult.java:52) - CallableResult for GetEdge
 INFO 2016-04-01 14:34:54,861 [pool-70-thread-2] (CallableResult.java:63) - Finished CallableResult in 4 ms.
 INFO 2016-04-01 14:34:54,863 [pool-70-thread-1] (CallableResult.java:63) - Finished CallableResult in 6 ms.
 INFO 2016-04-01 14:34:54,864 [main] (ParallelMetaProducerLessBlocking.java:193) - Global results retrieved in getEdges 7ms.
 INFO 2016-04-01 14:34:54,864 [main] (Eval.java:2158) - 
	Get EDGE in 8ms.  
	FOR EDGE{?departement igeo:nom ?nom}

 INFO 2016-04-01 14:34:54,864 [main] (Eval.java:2158) - 
	Get EDGE in 25ms.  
	FOR EDGE{?region igeo:subdivisionDirecte ?departement}

 INFO 2016-04-01 14:34:54,864 [main] (ParallelMetaProducerLessBlocking.java:61) - Searching for edge : ?region igeo:subdivisionDirecte ?departement
 INFO 2016-04-01 14:34:54,864 [pool-71-thread-1] (CallableResult.java:52) - CallableResult for GetEdge
 INFO 2016-04-01 14:34:54,864 [pool-71-thread-2] (CallableResult.java:52) - CallableResult for GetEdge
 INFO 2016-04-01 14:34:54,871 [pool-71-thread-2] (CallableResult.java:63) - Finished CallableResult in 7 ms.
 INFO 2016-04-01 14:34:54,871 [pool-71-thread-1] (CallableResult.java:63) - Finished CallableResult in 7 ms.
 INFO 2016-04-01 14:34:54,871 [main] (ParallelMetaProducerLessBlocking.java:193) - Global results retrieved in getEdges 7ms.
 INFO 2016-04-01 14:34:54,871 [main] (ParallelMetaProducerLessBlocking.java:61) - Searching for edge : ?departement igeo:nom ?nom
 INFO 2016-04-01 14:34:54,872 [pool-72-thread-2] (CallableResult.java:52) - CallableResult for GetEdge
 INFO 2016-04-01 14:34:54,872 [pool-72-thread-1] (CallableResult.java:52) - CallableResult for GetEdge
 INFO 2016-04-01 14:34:54,875 [pool-72-thread-2] (CallableResult.java:63) - Finished CallableResult in 3 ms.
 INFO 2016-04-01 14:34:54,878 [pool-72-thread-1] (CallableResult.java:63) - Finished CallableResult in 6 ms.
 INFO 2016-04-01 14:34:54,879 [main] (ParallelMetaProducerLessBlocking.java:193) - Global results retrieved in getEdges 7ms.
 INFO 2016-04-01 14:34:54,879 [main] (Eval.java:2158) - 
	Get EDGE in 8ms.  
	FOR EDGE{?departement igeo:nom ?nom}

 INFO 2016-04-01 14:34:54,879 [main] (Eval.java:2158) - 
	Get EDGE in 15ms.  
	FOR EDGE{?region igeo:subdivisionDirecte ?departement}

 INFO 2016-04-01 14:34:54,879 [main] (ParallelMetaProducerLessBlocking.java:61) - Searching for edge : ?region igeo:subdivisionDirecte ?departement
 INFO 2016-04-01 14:34:54,880 [pool-73-thread-1] (CallableResult.java:52) - CallableResult for GetEdge
 INFO 2016-04-01 14:34:54,880 [pool-73-thread-2] (CallableResult.java:52) - CallableResult for GetEdge
 INFO 2016-04-01 14:34:54,884 [pool-73-thread-1] (CallableResult.java:63) - Finished CallableResult in 4 ms.
 INFO 2016-04-01 14:34:54,886 [pool-73-thread-2] (CallableResult.java:63) - Finished CallableResult in 6 ms.
 INFO 2016-04-01 14:34:54,886 [main] (ParallelMetaProducerLessBlocking.java:193) - Global results retrieved in getEdges 6ms.
 INFO 2016-04-01 14:34:54,887 [main] (ParallelMetaProducerLessBlocking.java:61) - Searching for edge : ?departement igeo:nom ?nom
 INFO 2016-04-01 14:34:54,887 [pool-74-thread-1] (CallableResult.java:52) - CallableResult for GetEdge
 INFO 2016-04-01 14:34:54,887 [pool-74-thread-2] (CallableResult.java:52) - CallableResult for GetEdge
 INFO 2016-04-01 14:34:54,891 [pool-74-thread-2] (CallableResult.java:63) - Finished CallableResult in 4 ms.
 INFO 2016-04-01 14:34:54,894 [pool-74-thread-1] (CallableResult.java:63) - Finished CallableResult in 7 ms.
 INFO 2016-04-01 14:34:54,894 [main] (ParallelMetaProducerLessBlocking.java:193) - Global results retrieved in getEdges 7ms.
 INFO 2016-04-01 14:34:54,895 [main] (Eval.java:2158) - 
	Get EDGE in 8ms.  
	FOR EDGE{?departement igeo:nom ?nom}

 INFO 2016-04-01 14:34:54,895 [main] (Eval.java:2158) - 
	Get EDGE in 16ms.  
	FOR EDGE{?region igeo:subdivisionDirecte ?departement}

 INFO 2016-04-01 14:34:54,895 [main] (ParallelMetaProducerLessBlocking.java:61) - Searching for edge : ?region igeo:subdivisionDirecte ?departement
 INFO 2016-04-01 14:34:54,896 [pool-75-thread-1] (CallableResult.java:52) - CallableResult for GetEdge
 INFO 2016-04-01 14:34:54,896 [pool-75-thread-2] (CallableResult.java:52) - CallableResult for GetEdge
 INFO 2016-04-01 14:34:54,900 [pool-75-thread-1] (CallableResult.java:63) - Finished CallableResult in 4 ms.
 INFO 2016-04-01 14:34:54,902 [pool-75-thread-2] (CallableResult.java:63) - Finished CallableResult in 6 ms.
 INFO 2016-04-01 14:34:54,902 [main] (ParallelMetaProducerLessBlocking.java:193) - Global results retrieved in getEdges 6ms.
 INFO 2016-04-01 14:34:54,902 [main] (ParallelMetaProducerLessBlocking.java:61) - Searching for edge : ?departement igeo:nom ?nom
 INFO 2016-04-01 14:34:54,903 [pool-76-thread-1] (CallableResult.java:52) - CallableResult for GetEdge
 INFO 2016-04-01 14:34:54,903 [pool-76-thread-2] (CallableResult.java:52) - CallableResult for GetEdge
 INFO 2016-04-01 14:34:54,906 [pool-76-thread-2] (CallableResult.java:63) - Finished CallableResult in 3 ms.
 INFO 2016-04-01 14:34:54,908 [pool-76-thread-1] (CallableResult.java:63) - Finished CallableResult in 5 ms.
 INFO 2016-04-01 14:34:54,908 [main] (ParallelMetaProducerLessBlocking.java:193) - Global results retrieved in getEdges 5ms.
 INFO 2016-04-01 14:34:54,908 [main] (Eval.java:2158) - 
	Get EDGE in 6ms.  
	FOR EDGE{?departement igeo:nom ?nom}

 INFO 2016-04-01 14:34:54,909 [main] (Eval.java:2158) - 
	Get EDGE in 14ms.  
	FOR EDGE{?region igeo:subdivisionDirecte ?departement}

 INFO 2016-04-01 14:34:54,909 [main] (ParallelMetaProducerLessBlocking.java:61) - Searching for edge : ?region igeo:subdivisionDirecte ?departement
 INFO 2016-04-01 14:34:54,909 [pool-77-thread-1] (CallableResult.java:52) - CallableResult for GetEdge
 INFO 2016-04-01 14:34:54,909 [pool-77-thread-2] (CallableResult.java:52) - CallableResult for GetEdge
 INFO 2016-04-01 14:34:54,913 [pool-77-thread-1] (CallableResult.java:63) - Finished CallableResult in 4 ms.
 INFO 2016-04-01 14:34:54,915 [pool-77-thread-2] (CallableResult.java:63) - Finished CallableResult in 6 ms.
 INFO 2016-04-01 14:34:54,916 [main] (ParallelMetaProducerLessBlocking.java:193) - Global results retrieved in getEdges 7ms.
 INFO 2016-04-01 14:34:54,916 [main] (ParallelMetaProducerLessBlocking.java:61) - Searching for edge : ?departement igeo:nom ?nom
 INFO 2016-04-01 14:34:54,916 [pool-78-thread-1] (CallableResult.java:52) - CallableResult for GetEdge
 INFO 2016-04-01 14:34:54,939 [pool-78-thread-2] (CallableResult.java:52) - CallableResult for GetEdge
 INFO 2016-04-01 14:34:54,940 [pool-78-thread-1] (CallableResult.java:63) - Finished CallableResult in 24 ms.
 INFO 2016-04-01 14:34:54,945 [pool-78-thread-2] (CallableResult.java:63) - Finished CallableResult in 6 ms.
 INFO 2016-04-01 14:34:54,945 [main] (ParallelMetaProducerLessBlocking.java:193) - Global results retrieved in getEdges 29ms.
 INFO 2016-04-01 14:34:54,945 [main] (Eval.java:2158) - 
	Get EDGE in 29ms.  
	FOR EDGE{?departement igeo:nom ?nom}

 INFO 2016-04-01 14:34:54,946 [main] (Eval.java:2158) - 
	Get EDGE in 36ms.  
	FOR EDGE{?region igeo:subdivisionDirecte ?departement}

 INFO 2016-04-01 14:34:54,946 [main] (ParallelMetaProducerLessBlocking.java:61) - Searching for edge : ?region igeo:subdivisionDirecte ?departement
 INFO 2016-04-01 14:34:54,946 [pool-79-thread-1] (CallableResult.java:52) - CallableResult for GetEdge
 INFO 2016-04-01 14:34:54,947 [pool-79-thread-2] (CallableResult.java:52) - CallableResult for GetEdge
 INFO 2016-04-01 14:34:54,950 [pool-79-thread-1] (CallableResult.java:63) - Finished CallableResult in 4 ms.
 INFO 2016-04-01 14:34:54,958 [pool-79-thread-2] (CallableResult.java:63) - Finished CallableResult in 11 ms.
 INFO 2016-04-01 14:34:54,958 [main] (ParallelMetaProducerLessBlocking.java:193) - Global results retrieved in getEdges 11ms.
 INFO 2016-04-01 14:34:54,959 [main] (ParallelMetaProducerLessBlocking.java:61) - Searching for edge : ?departement igeo:nom ?nom
 INFO 2016-04-01 14:34:54,959 [pool-80-thread-1] (CallableResult.java:52) - CallableResult for GetEdge
 INFO 2016-04-01 14:34:54,959 [pool-80-thread-2] (CallableResult.java:52) - CallableResult for GetEdge
 INFO 2016-04-01 14:34:54,963 [pool-80-thread-2] (CallableResult.java:63) - Finished CallableResult in 4 ms.
 INFO 2016-04-01 14:34:54,966 [pool-80-thread-1] (CallableResult.java:63) - Finished CallableResult in 7 ms.
 INFO 2016-04-01 14:34:54,966 [main] (ParallelMetaProducerLessBlocking.java:193) - Global results retrieved in getEdges 7ms.
 INFO 2016-04-01 14:34:54,967 [main] (Eval.java:2158) - 
	Get EDGE in 8ms.  
	FOR EDGE{?departement igeo:nom ?nom}

 INFO 2016-04-01 14:34:54,967 [main] (Eval.java:2158) - 
	Get EDGE in 21ms.  
	FOR EDGE{?region igeo:subdivisionDirecte ?departement}

 INFO 2016-04-01 14:34:54,967 [main] (ParallelMetaProducerLessBlocking.java:61) - Searching for edge : ?region igeo:subdivisionDirecte ?departement
 INFO 2016-04-01 14:34:54,967 [pool-81-thread-1] (CallableResult.java:52) - CallableResult for GetEdge
 INFO 2016-04-01 14:34:54,967 [pool-81-thread-2] (CallableResult.java:52) - CallableResult for GetEdge
 INFO 2016-04-01 14:34:54,972 [pool-81-thread-1] (CallableResult.java:63) - Finished CallableResult in 5 ms.
 INFO 2016-04-01 14:34:54,977 [pool-81-thread-2] (CallableResult.java:63) - Finished CallableResult in 10 ms.
 INFO 2016-04-01 14:34:54,977 [main] (ParallelMetaProducerLessBlocking.java:193) - Global results retrieved in getEdges 10ms.
 INFO 2016-04-01 14:34:54,977 [main] (ParallelMetaProducerLessBlocking.java:61) - Searching for edge : ?departement igeo:nom ?nom
 INFO 2016-04-01 14:34:54,978 [pool-82-thread-1] (CallableResult.java:52) - CallableResult for GetEdge
 INFO 2016-04-01 14:34:54,978 [pool-82-thread-2] (CallableResult.java:52) - CallableResult for GetEdge
 INFO 2016-04-01 14:34:54,981 [pool-82-thread-2] (CallableResult.java:63) - Finished CallableResult in 3 ms.
 INFO 2016-04-01 14:34:54,983 [pool-82-thread-1] (CallableResult.java:63) - Finished CallableResult in 5 ms.
 INFO 2016-04-01 14:34:54,983 [main] (ParallelMetaProducerLessBlocking.java:193) - Global results retrieved in getEdges 5ms.
 INFO 2016-04-01 14:34:54,983 [main] (Eval.java:2158) - 
	Get EDGE in 6ms.  
	FOR EDGE{?departement igeo:nom ?nom}

 INFO 2016-04-01 14:34:54,983 [main] (ParallelMetaProducerLessBlocking.java:61) - Searching for edge : ?departement igeo:nom ?nom
 INFO 2016-04-01 14:34:54,984 [pool-83-thread-1] (CallableResult.java:52) - CallableResult for GetEdge
 INFO 2016-04-01 14:34:54,984 [pool-83-thread-2] (CallableResult.java:52) - CallableResult for GetEdge
 INFO 2016-04-01 14:34:54,988 [pool-83-thread-2] (CallableResult.java:63) - Finished CallableResult in 4 ms.
 INFO 2016-04-01 14:34:54,989 [pool-83-thread-1] (CallableResult.java:63) - Finished CallableResult in 5 ms.
 INFO 2016-04-01 14:34:54,990 [main] (ParallelMetaProducerLessBlocking.java:193) - Global results retrieved in getEdges 6ms.
 INFO 2016-04-01 14:34:54,990 [main] (Eval.java:2158) - 
	Get EDGE in 7ms.  
	FOR EDGE{?departement igeo:nom ?nom}

 INFO 2016-04-01 14:34:54,990 [main] (ParallelMetaProducerLessBlocking.java:61) - Searching for edge : ?departement igeo:nom ?nom
 INFO 2016-04-01 14:34:54,991 [pool-84-thread-1] (CallableResult.java:52) - CallableResult for GetEdge
 INFO 2016-04-01 14:34:54,991 [pool-84-thread-2] (CallableResult.java:52) - CallableResult for GetEdge
 INFO 2016-04-01 14:34:54,995 [pool-84-thread-2] (CallableResult.java:63) - Finished CallableResult in 4 ms.
 INFO 2016-04-01 14:34:54,996 [pool-84-thread-1] (CallableResult.java:63) - Finished CallableResult in 5 ms.
 INFO 2016-04-01 14:34:54,996 [main] (ParallelMetaProducerLessBlocking.java:193) - Global results retrieved in getEdges 5ms.
 INFO 2016-04-01 14:34:54,997 [main] (Eval.java:2158) - 
	Get EDGE in 7ms.  
	FOR EDGE{?departement igeo:nom ?nom}

 INFO 2016-04-01 14:34:54,997 [main] (Eval.java:2158) - 
	Get EDGE in 30ms.  
	FOR EDGE{?region igeo:subdivisionDirecte ?departement}

 INFO 2016-04-01 14:34:54,997 [main] (Eval.java:2158) - 
	Get EDGE in 1171ms.  
	FOR EDGE{?region igeo:codeRegion ?v}

 INFO 2016-04-01 14:34:55,000 [main] (ProviderImplCostMonitoring.java:229) - ** Provider: 
prefix idemo: <http://rdf.insee.fr/def/demo#>
prefix igeo: <http://rdf.insee.fr/def/geo#>
select * 
where
{?departement idemo:population ?popLeg . 
?popLeg idemo:populationTotale ?popTotale . 
filter ((((((((((((((((((((?departement = <http://id.insee.fr/geo/departement/51>) || (?departement = <http://id.insee.fr/geo/departement/10>)) || (?departement = <http://id.insee.fr/geo/departement/52>)) || (?departement = <http://id.insee.fr/geo/departement/38>)) || (?departement = <http://id.insee.fr/geo/departement/74>)) || (?departement = <http://id.insee.fr/geo/departement/42>)) || (?departement = <http://id.insee.fr/geo/departement/26>)) || (?departement = <http://id.insee.fr/geo/departement/73>)) || (?departement = <http://id.insee.fr/geo/departement/69>)) || (?departement = <http://id.insee.fr/geo/departement/13>)) || (?departement = <http://id.insee.fr/geo/departement/62>)) || (?departement = <http://id.insee.fr/geo/departement/976>)) || (?departement = <http://id.insee.fr/geo/departement/90>)) || (?departement = <http://id.insee.fr/geo/departement/39>)) || (?departement = <http://id.insee.fr/geo/departement/25>)) || (?departement = <http://id.insee.fr/geo/departement/54>)) || (?departement = <http://id.insee.fr/geo/departement/12>)) || (?departement = <http://id.insee.fr/geo/departement/65>)) || (?departement = <http://id.insee.fr/geo/departement/23>)) || (?departement = <http://id.insee.fr/geo/departement/78>)) }


 INFO 2016-04-01 14:34:55,138 [main] (ProviderImplCostMonitoring.java:229) - ** Provider: 
prefix idemo: <http://rdf.insee.fr/def/demo#>
prefix igeo: <http://rdf.insee.fr/def/geo#>
select * 
where
{?departement idemo:population ?popLeg . 
?popLeg idemo:populationTotale ?popTotale . 
filter ((((((((((((((((((((?departement = <http://id.insee.fr/geo/departement/75>) || (?departement = <http://id.insee.fr/geo/departement/77>)) || (?departement = <http://id.insee.fr/geo/departement/91>)) || (?departement = <http://id.insee.fr/geo/departement/64>)) || (?departement = <http://id.insee.fr/geo/departement/24>)) || (?departement = <http://id.insee.fr/geo/departement/33>)) || (?departement = <http://id.insee.fr/geo/departement/21>)) || (?departement = <http://id.insee.fr/geo/departement/71>)) || (?departement = <http://id.insee.fr/geo/departement/14>)) || (?departement = <http://id.insee.fr/geo/departement/50>)) || (?departement = <http://id.insee.fr/geo/departement/61>)) || (?departement = <http://id.insee.fr/geo/departement/36>)) || (?departement = <http://id.insee.fr/geo/departement/37>)) || (?departement = <http://id.insee.fr/geo/departement/28>)) || (?departement = <http://id.insee.fr/geo/departement/27>)) || (?departement = <http://id.insee.fr/geo/departement/76>)) || (?departement = <http://id.insee.fr/geo/departement/79>)) || (?departement = <http://id.insee.fr/geo/departement/17>)) || (?departement = <http://id.insee.fr/geo/departement/16>)) || (?departement = <http://id.insee.fr/geo/departement/29>)) }


 INFO 2016-04-01 14:34:55,283 [main] (ProviderImplCostMonitoring.java:229) - ** Provider: 
prefix idemo: <http://rdf.insee.fr/def/demo#>
prefix igeo: <http://rdf.insee.fr/def/geo#>
select * 
where
{?departement idemo:population ?popLeg . 
?popLeg idemo:populationTotale ?popTotale . 
filter (((((((((((((((?departement = <http://id.insee.fr/geo/departement/35>) || (?departement = <http://id.insee.fr/geo/departement/22>)) || (?departement = <http://id.insee.fr/geo/departement/60>)) || (?departement = <http://id.insee.fr/geo/departement/72>)) || (?departement = <http://id.insee.fr/geo/departement/53>)) || (?departement = <http://id.insee.fr/geo/departement/15>)) || (?departement = <http://id.insee.fr/geo/departement/63>)) || (?departement = <http://id.insee.fr/geo/departement/974>)) || (?departement = <http://id.insee.fr/geo/departement/973>)) || (?departement = <http://id.insee.fr/geo/departement/972>)) || (?departement = <http://id.insee.fr/geo/departement/2A>)) || (?departement = <http://id.insee.fr/geo/departement/971>)) || (?departement = <http://id.insee.fr/geo/departement/66>)) || (?departement = <http://id.insee.fr/geo/departement/11>)) || (?departement = <http://id.insee.fr/geo/departement/34>)) }


 INFO 2016-04-01 14:34:55,392 [main] (Eval.java:1706) - 
	SERVICE in 395ms.  
	FOR [AND{EDGE{?departement idemo:population ?popLeg} EDGE{?popLeg idemo:populationTotale ?popTotale} }]

 INFO 2016-04-01 14:34:55,398 [main] (TestDQP.java:205) - 54 results in 1814 ms
 INFO 2016-04-01 14:34:55,398 [main] (TestDQP.java:206) - 
01 ?nom = "Creuse"; ?popTotale = 125714; 
02 ?nom = "Territoire de Belfort"; ?popTotale = 147777; 
03 ?nom = "Corse-du-Sud"; ?popTotale = 151621; 
04 ?nom = "Cantal"; ?popTotale = 152797; 
05 ?nom = "Haute-Marne"; ?popTotale = 188083; 
06 ?nom = "Indre"; ?popTotale = 235181; 
07 ?nom = "Hautes-Pyrnes"; ?popTotale = 236728; 
08 ?nom = "Guyane"; ?popTotale = 246507; 
09 ?nom = "Jura"; ?popTotale = 270914; 
10 ?nom = "Aveyron"; ?popTotale = 289257; 
11 ?nom = "Orne"; ?popTotale = 298248; 
12 ?nom = "Aube"; ?popTotale = 314825; 
13 ?nom = "Mayenne"; ?popTotale = 318095; 
14 ?nom = "Charente"; ?popTotale = 366587; 
15 ?nom = "Aude"; ?popTotale = 374868; 
16 ?nom = "Deux-Svres"; ?popTotale = 383079; 
17 ?nom = "Martinique"; ?popTotale = 391837; 
18 ?nom = "Guadeloupe"; ?popTotale = 409055; 
19 ?nom = "Dordogne"; ?popTotale = 429579; 
20 ?nom = "Savoie"; ?popTotale = 437915; 
21 ?nom = "Eure-et-Loir"; ?popTotale = 444385; 
22 ?nom = "Pyrnes-Orientales"; ?popTotale = 471573; 
23 ?nom = "Drme"; ?popTotale = 509444; 
24 ?nom = "Manche"; ?popTotale = 518364; 
25 ?nom = "Cte-d\'Or"; ?popTotale = 543648; 
26 ?nom = "Doubs"; ?popTotale = 548026; 
27 ?nom = "Sane-et-Loire"; ?popTotale = 575097; 
28 ?nom = "Marne"; ?popTotale = 583691; 
29 ?nom = "Sarthe"; ?popTotale = 584865; 
30 ?nom = "Eure"; ?popTotale = 612518; 
31 ?nom = "Indre-et-Loire"; ?popTotale = 615557; 
32 ?nom = "Ctes-d\'Armor"; ?popTotale = 617565; 
33 ?nom = "Charente-Maritime"; ?popTotale = 652610; 
34 ?nom = "Puy-de-Dme"; ?popTotale = 658489; 
35 ?nom = "Pyrnes-Atlantiques"; ?popTotale = 685564; 
36 ?nom = "Calvados"; ?popTotale = 706635; 
37 ?nom = "Meurthe-et-Moselle"; ?popTotale = 745398; 
38 ?nom = "Loire"; ?popTotale = 774144; 
39 ?nom = "Haute-Savoie"; ?popTotale = 793342; 
40 ?nom = "Oise"; ?popTotale = 835918; 
41 ?nom = "La Runion"; ?popTotale = 844741; 
42 ?nom = "Finistre"; ?popTotale = 934625; 
43 ?nom = "Ille-et-Vilaine"; ?popTotale = 1047873; 
44 ?nom = "Hrault"; ?popTotale = 1111881; 
45 ?nom = "Isre"; ?popTotale = 1263850; 
46 ?nom = "Essonne"; ?popTotale = 1273233; 
47 ?nom = "Seine-Maritime"; ?popTotale = 1280410; 
48 ?nom = "Seine-et-Marne"; ?popTotale = 1387830; 
49 ?nom = "Yvelines"; ?popTotale = 1446301; 
50 ?nom = "Pas-de-Calais"; ?popTotale = 1491735; 
51 ?nom = "Gironde"; ?popTotale = 1536448; 
52 ?nom = "Rhne"; ?popTotale = 1812196; 
53 ?nom = "Bouches-du-Rhne"; ?popTotale = 2022604; 
54 ?nom = "Paris"; ?popTotale = 2254262; 

 INFO 2016-04-01 14:34:55,399 [main] (TestDQP.java:207) - Remote queries
 INFO 2016-04-01 14:34:55,400 [main] (TestDQP.java:208) - =========
	?region igeo:subdivisionDirecte ?departement
	52
--
	?region igeo:codeRegion ?v
	2
--
	?departement igeo:nom ?nom
	114
--
	prefix idemo: <http://rdf.insee.fr/def/demo#> prefix igeo: <http://rdf.insee.fr/def/geo#> select *  where {?departement idemo:population ?popLeg .  ?popLeg idemo:populationTotale ?popTotale .  filter ((((((((((((((((((((?departement = <http://id.insee.fr/geo/departement/75>) || (?departement = <http://id.insee.fr/geo/departement/77>)) || (?departement = <http://id.insee.fr/geo/departement/91>)) || (?departement = <http://id.insee.fr/geo/departement/64>)) || (?departement = <http://id.insee.fr/geo/departement/24>)) || (?departement = <http://id.insee.fr/geo/departement/33>)) || (?departement = <http://id.insee.fr/geo/departement/21>)) || (?departement = <http://id.insee.fr/geo/departement/71>)) || (?departement = <http://id.insee.fr/geo/departement/14>)) || (?departement = <http://id.insee.fr/geo/departement/50>)) || (?departement = <http://id.insee.fr/geo/departement/61>)) || (?departement = <http://id.insee.fr/geo/departement/36>)) || (?departement = <http://id.insee.fr/geo/departement/37>)) || (?departement = <http://id.insee.fr/geo/departement/28>)) || (?departement = <http://id.insee.fr/geo/departement/27>)) || (?departement = <http://id.insee.fr/geo/departement/76>)) || (?departement = <http://id.insee.fr/geo/departement/79>)) || (?departement = <http://id.insee.fr/geo/departement/17>)) || (?departement = <http://id.insee.fr/geo/departement/16>)) || (?departement = <http://id.insee.fr/geo/departement/29>)) }  
	1
--
	prefix idemo: <http://rdf.insee.fr/def/demo#> prefix igeo: <http://rdf.insee.fr/def/geo#> select *  where {?departement idemo:population ?popLeg .  ?popLeg idemo:populationTotale ?popTotale .  filter (((((((((((((((?departement = <http://id.insee.fr/geo/departement/35>) || (?departement = <http://id.insee.fr/geo/departement/22>)) || (?departement = <http://id.insee.fr/geo/departement/60>)) || (?departement = <http://id.insee.fr/geo/departement/72>)) || (?departement = <http://id.insee.fr/geo/departement/53>)) || (?departement = <http://id.insee.fr/geo/departement/15>)) || (?departement = <http://id.insee.fr/geo/departement/63>)) || (?departement = <http://id.insee.fr/geo/departement/974>)) || (?departement = <http://id.insee.fr/geo/departement/973>)) || (?departement = <http://id.insee.fr/geo/departement/972>)) || (?departement = <http://id.insee.fr/geo/departement/2A>)) || (?departement = <http://id.insee.fr/geo/departement/971>)) || (?departement = <http://id.insee.fr/geo/departement/66>)) || (?departement = <http://id.insee.fr/geo/departement/11>)) || (?departement = <http://id.insee.fr/geo/departement/34>)) }  
	1
--
	prefix idemo: <http://rdf.insee.fr/def/demo#> prefix igeo: <http://rdf.insee.fr/def/geo#> select *  where {?departement idemo:population ?popLeg .  ?popLeg idemo:populationTotale ?popTotale .  filter ((((((((((((((((((((?departement = <http://id.insee.fr/geo/departement/51>) || (?departement = <http://id.insee.fr/geo/departement/10>)) || (?departement = <http://id.insee.fr/geo/departement/52>)) || (?departement = <http://id.insee.fr/geo/departement/38>)) || (?departement = <http://id.insee.fr/geo/departement/74>)) || (?departement = <http://id.insee.fr/geo/departement/42>)) || (?departement = <http://id.insee.fr/geo/departement/26>)) || (?departement = <http://id.insee.fr/geo/departement/73>)) || (?departement = <http://id.insee.fr/geo/departement/69>)) || (?departement = <http://id.insee.fr/geo/departement/13>)) || (?departement = <http://id.insee.fr/geo/departement/62>)) || (?departement = <http://id.insee.fr/geo/departement/976>)) || (?departement = <http://id.insee.fr/geo/departement/90>)) || (?departement = <http://id.insee.fr/geo/departement/39>)) || (?departement = <http://id.insee.fr/geo/departement/25>)) || (?departement = <http://id.insee.fr/geo/departement/54>)) || (?departement = <http://id.insee.fr/geo/departement/12>)) || (?departement = <http://id.insee.fr/geo/departement/65>)) || (?departement = <http://id.insee.fr/geo/departement/23>)) || (?departement = <http://id.insee.fr/geo/departement/78>)) }  
	1
--
	>====  Sum = 171  =====

 INFO 2016-04-01 14:34:55,400 [main] (TestDQP.java:209) - Transferred results per query
 INFO 2016-04-01 14:34:55,401 [main] (TestDQP.java:210) - =========
	?region igeo:subdivisionDirecte ?departement
	57
--
	?region igeo:codeRegion ?v
	33
--
	?departement igeo:nom ?nom
	55
--
	prefix idemo: <http://rdf.insee.fr/def/demo#> prefix igeo: <http://rdf.insee.fr/def/geo#> select *  where {?departement idemo:population ?popLeg .  ?popLeg idemo:populationTotale ?popTotale .  filter ((((((((((((((((((((?departement = <http://id.insee.fr/geo/departement/75>) || (?departement = <http://id.insee.fr/geo/departement/77>)) || (?departement = <http://id.insee.fr/geo/departement/91>)) || (?departement = <http://id.insee.fr/geo/departement/64>)) || (?departement = <http://id.insee.fr/geo/departement/24>)) || (?departement = <http://id.insee.fr/geo/departement/33>)) || (?departement = <http://id.insee.fr/geo/departement/21>)) || (?departement = <http://id.insee.fr/geo/departement/71>)) || (?departement = <http://id.insee.fr/geo/departement/14>)) || (?departement = <http://id.insee.fr/geo/departement/50>)) || (?departement = <http://id.insee.fr/geo/departement/61>)) || (?departement = <http://id.insee.fr/geo/departement/36>)) || (?departement = <http://id.insee.fr/geo/departement/37>)) || (?departement = <http://id.insee.fr/geo/departement/28>)) || (?departement = <http://id.insee.fr/geo/departement/27>)) || (?departement = <http://id.insee.fr/geo/departement/76>)) || (?departement = <http://id.insee.fr/geo/departement/79>)) || (?departement = <http://id.insee.fr/geo/departement/17>)) || (?departement = <http://id.insee.fr/geo/departement/16>)) || (?departement = <http://id.insee.fr/geo/departement/29>)) }  
	20
--
	prefix idemo: <http://rdf.insee.fr/def/demo#> prefix igeo: <http://rdf.insee.fr/def/geo#> select *  where {?departement idemo:population ?popLeg .  ?popLeg idemo:populationTotale ?popTotale .  filter (((((((((((((((?departement = <http://id.insee.fr/geo/departement/35>) || (?departement = <http://id.insee.fr/geo/departement/22>)) || (?departement = <http://id.insee.fr/geo/departement/60>)) || (?departement = <http://id.insee.fr/geo/departement/72>)) || (?departement = <http://id.insee.fr/geo/departement/53>)) || (?departement = <http://id.insee.fr/geo/departement/15>)) || (?departement = <http://id.insee.fr/geo/departement/63>)) || (?departement = <http://id.insee.fr/geo/departement/974>)) || (?departement = <http://id.insee.fr/geo/departement/973>)) || (?departement = <http://id.insee.fr/geo/departement/972>)) || (?departement = <http://id.insee.fr/geo/departement/2A>)) || (?departement = <http://id.insee.fr/geo/departement/971>)) || (?departement = <http://id.insee.fr/geo/departement/66>)) || (?departement = <http://id.insee.fr/geo/departement/11>)) || (?departement = <http://id.insee.fr/geo/departement/34>)) }  
	15
--
	prefix idemo: <http://rdf.insee.fr/def/demo#> prefix igeo: <http://rdf.insee.fr/def/geo#> select *  where {?departement idemo:population ?popLeg .  ?popLeg idemo:populationTotale ?popTotale .  filter ((((((((((((((((((((?departement = <http://id.insee.fr/geo/departement/51>) || (?departement = <http://id.insee.fr/geo/departement/10>)) || (?departement = <http://id.insee.fr/geo/departement/52>)) || (?departement = <http://id.insee.fr/geo/departement/38>)) || (?departement = <http://id.insee.fr/geo/departement/74>)) || (?departement = <http://id.insee.fr/geo/departement/42>)) || (?departement = <http://id.insee.fr/geo/departement/26>)) || (?departement = <http://id.insee.fr/geo/departement/73>)) || (?departement = <http://id.insee.fr/geo/departement/69>)) || (?departement = <http://id.insee.fr/geo/departement/13>)) || (?departement = <http://id.insee.fr/geo/departement/62>)) || (?departement = <http://id.insee.fr/geo/departement/976>)) || (?departement = <http://id.insee.fr/geo/departement/90>)) || (?departement = <http://id.insee.fr/geo/departement/39>)) || (?departement = <http://id.insee.fr/geo/departement/25>)) || (?departement = <http://id.insee.fr/geo/departement/54>)) || (?departement = <http://id.insee.fr/geo/departement/12>)) || (?departement = <http://id.insee.fr/geo/departement/65>)) || (?departement = <http://id.insee.fr/geo/departement/23>)) || (?departement = <http://id.insee.fr/geo/departement/78>)) }  
	19
--
	>====  Sum = 199  =====

 INFO 2016-04-01 14:34:55,401 [main] (TestDQP.java:211) - Remote queries per data source
 INFO 2016-04-01 14:34:55,401 [main] (TestDQP.java:212) - =========
	http://localhost:8085/sparql
	27
--
	http://localhost:8088/sparql
	3
--
	http://localhost:8086/sparql
	83
--
	http://localhost:8087/sparql
	58
--
	>====  Sum = 171  =====

 INFO 2016-04-01 14:34:55,401 [main] (TestDQP.java:213) - Transferred results per source
 INFO 2016-04-01 14:34:55,401 [main] (TestDQP.java:214) - =========
	http://localhost:8085/sparql
	24
--
	http://localhost:8088/sparql
	54
--
	http://localhost:8086/sparql
	84
--
	http://localhost:8087/sparql
	37
--
	>====  Sum = 199  =====

