 INFO 2016-03-25 13:40:24,759 [main] (ServiceGrouper.java:84) - Building indices for 
 INFO 2016-03-25 13:40:24,762 [main] (ServiceGrouper.java:85) - {?region igeo:codeRegion ?v . 
?region igeo:subdivisionDirecte ?departement . 
?departement igeo:nom ?nom . 
?departement idemo:population ?popLeg . 
?popLeg idemo:populationTotale ?popTotale . }
 INFO 2016-03-25 13:40:24,965 [main] (ServiceGrouper.java:559) - Edge index
 INFO 2016-03-25 13:40:24,967 [main] (ServiceGrouper.java:575) - Source index
 INFO 2016-03-25 13:40:24,968 [main] (ServiceGrouper.java:259) - Found consecutive triple patterns into {?region igeo:codeRegion ?v . 
?region igeo:subdivisionDirecte ?departement . 
?departement igeo:nom ?nom . 
?departement idemo:population ?popLeg . 
?popLeg idemo:populationTotale ?popTotale . }
 INFO 2016-03-25 13:40:24,969 [main] (ServiceGrouper.java:426) - Processing
[?region igeo:codeRegion ?v . , ?region igeo:subdivisionDirecte ?departement . , ?departement igeo:nom ?nom . , ?departement idemo:population ?popLeg . , ?popLeg idemo:populationTotale ?popTotale . ]
 WARN 2016-03-25 13:40:24,969 [main] (ServiceGrouper.java:446) - Triple pattern ?region igeo:codeRegion ?v .  appears in more than one data source, excluded from SERVICE.
 WARN 2016-03-25 13:40:24,969 [main] (ServiceGrouper.java:446) - Triple pattern ?departement igeo:nom ?nom .  appears in more than one data source, excluded from SERVICE.
 WARN 2016-03-25 13:40:24,971 [main] (ServiceGrouper.java:446) - Triple pattern ?region igeo:codeRegion ?v .  appears in more than one data source, excluded from SERVICE.
 WARN 2016-03-25 13:40:24,971 [main] (ServiceGrouper.java:446) - Triple pattern ?region igeo:subdivisionDirecte ?departement .  appears in more than one data source, excluded from SERVICE.
 WARN 2016-03-25 13:40:24,971 [main] (ServiceGrouper.java:446) - Triple pattern ?region igeo:codeRegion ?v .  appears in more than one data source, excluded from SERVICE.
 WARN 2016-03-25 13:40:24,972 [main] (ServiceGrouper.java:446) - Triple pattern ?region igeo:subdivisionDirecte ?departement .  appears in more than one data source, excluded from SERVICE.
 WARN 2016-03-25 13:40:24,972 [main] (ServiceGrouper.java:446) - Triple pattern ?departement igeo:nom ?nom .  appears in more than one data source, excluded from SERVICE.
 INFO 2016-03-25 13:40:24,972 [main] (ServiceGrouper.java:271) - Ranking : 
 INFO 2016-03-25 13:40:24,973 [main] (ServiceGrouper.java:272) - {?region igeo:codeRegion ?v . 
?departement igeo:nom ?nom . 
?region igeo:subdivisionDirecte ?departement . 
service <http://localhost:8096/sparql> {?departement idemo:population ?popLeg . 
?popLeg idemo:populationTotale ?popTotale . }}
 INFO 2016-03-25 13:40:24,973 [main] (ServiceGrouper.java:277) - 2 free variables for ?region igeo:codeRegion ?v . 
 INFO 2016-03-25 13:40:24,973 [main] (ServiceGrouper.java:277) - 2 free variables for ?departement igeo:nom ?nom . 
 INFO 2016-03-25 13:40:24,974 [main] (ServiceGrouper.java:277) - 2 free variables for ?region igeo:subdivisionDirecte ?departement . 
 INFO 2016-03-25 13:40:24,974 [main] (ServiceGrouper.java:277) - 3 free variables for service <http://localhost:8096/sparql> {?departement idemo:population ?popLeg . 
?popLeg idemo:populationTotale ?popTotale . }
 INFO 2016-03-25 13:40:24,974 [main] (ServiceGrouper.java:286) - Sorting services possibly with the same score
 WARN 2016-03-25 13:40:24,975 [main] (ServiceGrouper.java:353) - Searching for ?region igeo:codeRegion ?v .  in [?region igeo:codeRegion ?v . , ?region igeo:subdivisionDirecte ?departement . , ?departement igeo:nom ?nom . , ?departement idemo:population ?popLeg . , ?popLeg idemo:populationTotale ?popTotale . ]
 WARN 2016-03-25 13:40:24,975 [main] (ServiceGrouper.java:353) - Searching for ?region igeo:subdivisionDirecte ?departement .  in [?region igeo:codeRegion ?v . , ?region igeo:subdivisionDirecte ?departement . , ?departement igeo:nom ?nom . , ?departement idemo:population ?popLeg . , ?popLeg idemo:populationTotale ?popTotale . ]
 INFO 2016-03-25 13:40:24,976 [main] (ServiceGrouper.java:328) - Comparing : ?region igeo:codeRegion ?v .  with ?region igeo:subdivisionDirecte ?departement . 
 WARN 2016-03-25 13:40:24,976 [main] (ServiceGrouper.java:353) - Searching for ?departement igeo:nom ?nom .  in [?region igeo:codeRegion ?v . , ?region igeo:subdivisionDirecte ?departement . , ?departement igeo:nom ?nom . , ?departement idemo:population ?popLeg . , ?popLeg idemo:populationTotale ?popTotale . ]
 WARN 2016-03-25 13:40:24,976 [main] (ServiceGrouper.java:353) - Searching for ?region igeo:subdivisionDirecte ?departement .  in [?region igeo:codeRegion ?v . , ?region igeo:subdivisionDirecte ?departement . , ?departement igeo:nom ?nom . , ?departement idemo:population ?popLeg . , ?popLeg idemo:populationTotale ?popTotale . ]
 INFO 2016-03-25 13:40:24,977 [main] (ServiceGrouper.java:328) - Comparing : ?departement igeo:nom ?nom .  with ?region igeo:subdivisionDirecte ?departement . 
 INFO 2016-03-25 13:40:24,977 [main] (ServiceGrouper.java:340) - {?region igeo:codeRegion ?v . 
?region igeo:subdivisionDirecte ?departement . 
?departement igeo:nom ?nom . 
service <http://localhost:8096/sparql> {?departement idemo:population ?popLeg . 
?popLeg idemo:populationTotale ?popTotale . }}
 INFO 2016-03-25 13:40:24,977 [main] (ServiceGrouper.java:118) - Final rewritten query
 INFO 2016-03-25 13:40:24,978 [main] (ServiceGrouper.java:119) - prefix idemo: <http://rdf.insee.fr/def/demo#>
prefix igeo: <http://rdf.insee.fr/def/geo#>
select ?nom ?popTotale 
where
{?region igeo:codeRegion ?v . 
?region igeo:subdivisionDirecte ?departement . 
?departement igeo:nom ?nom . 
service <http://localhost:8096/sparql> {?departement idemo:population ?popLeg . 
?popLeg idemo:populationTotale ?popTotale . }}
order by ?popTotale 


 INFO 2016-03-25 13:40:25,000 [main] (ParallelMetaProducerLessBlocking.java:61) - Searching for edge : ?region igeo:codeRegion ?v
 INFO 2016-03-25 13:40:25,003 [pool-1-thread-1] (CallableResult.java:52) - CallableResult for GetEdge
 INFO 2016-03-25 13:40:25,004 [pool-1-thread-2] (CallableResult.java:52) - CallableResult for GetEdge
 INFO 2016-03-25 13:40:25,007 [pool-1-thread-3] (CallableResult.java:52) - CallableResult for GetEdge
 INFO 2016-03-25 13:40:25,152 [pool-1-thread-1] (CallableResult.java:63) - Finished CallableResult in 149 ms.
 INFO 2016-03-25 13:40:25,192 [pool-1-thread-2] (CallableResult.java:63) - Finished CallableResult in 189 ms.
 INFO 2016-03-25 13:40:25,210 [pool-1-thread-3] (CallableResult.java:63) - Finished CallableResult in 207 ms.
 INFO 2016-03-25 13:40:25,220 [main] (ParallelMetaProducerLessBlocking.java:193) - Global results retrieved in getEdges 217ms.
 INFO 2016-03-25 13:40:25,221 [main] (ParallelMetaProducerLessBlocking.java:61) - Searching for edge : ?region igeo:subdivisionDirecte ?departement
 INFO 2016-03-25 13:40:25,221 [pool-2-thread-1] (CallableResult.java:52) - CallableResult for GetEdge
 INFO 2016-03-25 13:40:25,228 [pool-2-thread-2] (CallableResult.java:52) - CallableResult for GetEdge
 INFO 2016-03-25 13:40:25,250 [pool-2-thread-2] (CallableResult.java:63) - Finished CallableResult in 22 ms.
 INFO 2016-03-25 13:40:25,255 [pool-2-thread-1] (CallableResult.java:63) - Finished CallableResult in 34 ms.
 INFO 2016-03-25 13:40:25,256 [main] (ParallelMetaProducerLessBlocking.java:193) - Global results retrieved in getEdges 35ms.
 INFO 2016-03-25 13:40:25,256 [main] (ParallelMetaProducerLessBlocking.java:61) - Searching for edge : ?departement igeo:nom ?nom
 INFO 2016-03-25 13:40:25,256 [pool-3-thread-1] (CallableResult.java:52) - CallableResult for GetEdge
 INFO 2016-03-25 13:40:25,257 [pool-3-thread-2] (CallableResult.java:52) - CallableResult for GetEdge
 INFO 2016-03-25 13:40:25,267 [pool-3-thread-1] (CallableResult.java:63) - Finished CallableResult in 11 ms.
 INFO 2016-03-25 13:40:25,269 [pool-3-thread-2] (CallableResult.java:63) - Finished CallableResult in 12 ms.
 INFO 2016-03-25 13:40:25,270 [main] (ParallelMetaProducerLessBlocking.java:193) - Global results retrieved in getEdges 14ms.
 INFO 2016-03-25 13:40:25,270 [main] (ParallelMetaProducerLessBlocking.java:61) - Searching for edge : ?departement igeo:nom ?nom
 INFO 2016-03-25 13:40:25,271 [pool-4-thread-1] (CallableResult.java:52) - CallableResult for GetEdge
 INFO 2016-03-25 13:40:25,271 [pool-4-thread-2] (CallableResult.java:52) - CallableResult for GetEdge
 INFO 2016-03-25 13:40:25,276 [pool-4-thread-2] (CallableResult.java:63) - Finished CallableResult in 5 ms.
 INFO 2016-03-25 13:40:25,278 [pool-4-thread-1] (CallableResult.java:63) - Finished CallableResult in 7 ms.
 INFO 2016-03-25 13:40:25,279 [main] (ParallelMetaProducerLessBlocking.java:193) - Global results retrieved in getEdges 8ms.
 INFO 2016-03-25 13:40:25,279 [main] (ParallelMetaProducerLessBlocking.java:61) - Searching for edge : ?departement igeo:nom ?nom
 INFO 2016-03-25 13:40:25,280 [pool-5-thread-1] (CallableResult.java:52) - CallableResult for GetEdge
 INFO 2016-03-25 13:40:25,280 [pool-5-thread-2] (CallableResult.java:52) - CallableResult for GetEdge
 INFO 2016-03-25 13:40:25,284 [pool-5-thread-1] (CallableResult.java:63) - Finished CallableResult in 4 ms.
 INFO 2016-03-25 13:40:25,289 [pool-5-thread-2] (CallableResult.java:63) - Finished CallableResult in 9 ms.
 INFO 2016-03-25 13:40:25,289 [main] (ParallelMetaProducerLessBlocking.java:193) - Global results retrieved in getEdges 9ms.
 INFO 2016-03-25 13:40:25,289 [main] (ParallelMetaProducerLessBlocking.java:61) - Searching for edge : ?region igeo:subdivisionDirecte ?departement
 INFO 2016-03-25 13:40:25,290 [pool-6-thread-1] (CallableResult.java:52) - CallableResult for GetEdge
 INFO 2016-03-25 13:40:25,290 [pool-6-thread-2] (CallableResult.java:52) - CallableResult for GetEdge
 INFO 2016-03-25 13:40:25,295 [pool-6-thread-2] (CallableResult.java:63) - Finished CallableResult in 5 ms.
 INFO 2016-03-25 13:40:25,303 [pool-6-thread-1] (CallableResult.java:63) - Finished CallableResult in 13 ms.
 INFO 2016-03-25 13:40:25,304 [main] (ParallelMetaProducerLessBlocking.java:193) - Global results retrieved in getEdges 14ms.
 INFO 2016-03-25 13:40:25,304 [main] (ParallelMetaProducerLessBlocking.java:61) - Searching for edge : ?departement igeo:nom ?nom
 INFO 2016-03-25 13:40:25,304 [pool-7-thread-1] (CallableResult.java:52) - CallableResult for GetEdge
 INFO 2016-03-25 13:40:25,304 [pool-7-thread-2] (CallableResult.java:52) - CallableResult for GetEdge
 INFO 2016-03-25 13:40:25,310 [pool-7-thread-2] (CallableResult.java:63) - Finished CallableResult in 6 ms.
 INFO 2016-03-25 13:40:25,313 [pool-7-thread-1] (CallableResult.java:63) - Finished CallableResult in 9 ms.
 INFO 2016-03-25 13:40:25,313 [main] (ParallelMetaProducerLessBlocking.java:193) - Global results retrieved in getEdges 9ms.
 INFO 2016-03-25 13:40:25,314 [main] (ParallelMetaProducerLessBlocking.java:61) - Searching for edge : ?departement igeo:nom ?nom
 INFO 2016-03-25 13:40:25,314 [pool-8-thread-1] (CallableResult.java:52) - CallableResult for GetEdge
 INFO 2016-03-25 13:40:25,314 [pool-8-thread-2] (CallableResult.java:52) - CallableResult for GetEdge
 INFO 2016-03-25 13:40:25,319 [pool-8-thread-2] (CallableResult.java:63) - Finished CallableResult in 5 ms.
 INFO 2016-03-25 13:40:25,322 [pool-8-thread-1] (CallableResult.java:63) - Finished CallableResult in 8 ms.
 INFO 2016-03-25 13:40:25,322 [main] (ParallelMetaProducerLessBlocking.java:193) - Global results retrieved in getEdges 8ms.
 INFO 2016-03-25 13:40:25,323 [main] (ParallelMetaProducerLessBlocking.java:61) - Searching for edge : ?departement igeo:nom ?nom
 INFO 2016-03-25 13:40:25,323 [pool-9-thread-1] (CallableResult.java:52) - CallableResult for GetEdge
 INFO 2016-03-25 13:40:25,323 [pool-9-thread-2] (CallableResult.java:52) - CallableResult for GetEdge
 INFO 2016-03-25 13:40:25,329 [pool-9-thread-2] (CallableResult.java:63) - Finished CallableResult in 6 ms.
 INFO 2016-03-25 13:40:25,331 [pool-9-thread-1] (CallableResult.java:63) - Finished CallableResult in 8 ms.
 INFO 2016-03-25 13:40:25,332 [main] (ParallelMetaProducerLessBlocking.java:193) - Global results retrieved in getEdges 9ms.
 INFO 2016-03-25 13:40:25,332 [main] (ParallelMetaProducerLessBlocking.java:61) - Searching for edge : ?departement igeo:nom ?nom
 INFO 2016-03-25 13:40:25,333 [pool-10-thread-1] (CallableResult.java:52) - CallableResult for GetEdge
 INFO 2016-03-25 13:40:25,335 [pool-10-thread-2] (CallableResult.java:52) - CallableResult for GetEdge
 INFO 2016-03-25 13:40:25,340 [pool-10-thread-1] (CallableResult.java:63) - Finished CallableResult in 7 ms.
 INFO 2016-03-25 13:40:25,340 [pool-10-thread-2] (CallableResult.java:63) - Finished CallableResult in 5 ms.
 INFO 2016-03-25 13:40:25,340 [main] (ParallelMetaProducerLessBlocking.java:193) - Global results retrieved in getEdges 5ms.
 INFO 2016-03-25 13:40:25,341 [main] (ParallelMetaProducerLessBlocking.java:61) - Searching for edge : ?departement igeo:nom ?nom
 INFO 2016-03-25 13:40:25,341 [pool-11-thread-1] (CallableResult.java:52) - CallableResult for GetEdge
 INFO 2016-03-25 13:40:25,341 [pool-11-thread-2] (CallableResult.java:52) - CallableResult for GetEdge
 INFO 2016-03-25 13:40:25,347 [pool-11-thread-2] (CallableResult.java:63) - Finished CallableResult in 6 ms.
 INFO 2016-03-25 13:40:25,349 [pool-11-thread-1] (CallableResult.java:63) - Finished CallableResult in 8 ms.
 INFO 2016-03-25 13:40:25,350 [main] (ParallelMetaProducerLessBlocking.java:193) - Global results retrieved in getEdges 9ms.
 INFO 2016-03-25 13:40:25,350 [main] (ParallelMetaProducerLessBlocking.java:61) - Searching for edge : ?departement igeo:nom ?nom
 INFO 2016-03-25 13:40:25,351 [pool-12-thread-1] (CallableResult.java:52) - CallableResult for GetEdge
 INFO 2016-03-25 13:40:25,351 [pool-12-thread-2] (CallableResult.java:52) - CallableResult for GetEdge
 INFO 2016-03-25 13:40:25,355 [pool-12-thread-2] (CallableResult.java:63) - Finished CallableResult in 4 ms.
 INFO 2016-03-25 13:40:25,359 [pool-12-thread-1] (CallableResult.java:63) - Finished CallableResult in 8 ms.
 INFO 2016-03-25 13:40:25,360 [main] (ParallelMetaProducerLessBlocking.java:193) - Global results retrieved in getEdges 9ms.
 INFO 2016-03-25 13:40:25,360 [main] (ParallelMetaProducerLessBlocking.java:61) - Searching for edge : ?region igeo:subdivisionDirecte ?departement
 INFO 2016-03-25 13:40:25,360 [pool-13-thread-1] (CallableResult.java:52) - CallableResult for GetEdge
 INFO 2016-03-25 13:40:25,360 [pool-13-thread-2] (CallableResult.java:52) - CallableResult for GetEdge
 INFO 2016-03-25 13:40:25,364 [pool-13-thread-2] (CallableResult.java:63) - Finished CallableResult in 4 ms.
 INFO 2016-03-25 13:40:25,366 [pool-13-thread-1] (CallableResult.java:63) - Finished CallableResult in 6 ms.
 INFO 2016-03-25 13:40:25,366 [main] (ParallelMetaProducerLessBlocking.java:193) - Global results retrieved in getEdges 6ms.
 INFO 2016-03-25 13:40:25,366 [main] (ParallelMetaProducerLessBlocking.java:61) - Searching for edge : ?departement igeo:nom ?nom
 INFO 2016-03-25 13:40:25,367 [pool-14-thread-1] (CallableResult.java:52) - CallableResult for GetEdge
 INFO 2016-03-25 13:40:25,367 [pool-14-thread-2] (CallableResult.java:52) - CallableResult for GetEdge
 INFO 2016-03-25 13:40:25,371 [pool-14-thread-1] (CallableResult.java:63) - Finished CallableResult in 4 ms.
 INFO 2016-03-25 13:40:25,373 [pool-14-thread-2] (CallableResult.java:63) - Finished CallableResult in 6 ms.
 INFO 2016-03-25 13:40:25,374 [main] (ParallelMetaProducerLessBlocking.java:193) - Global results retrieved in getEdges 7ms.
 INFO 2016-03-25 13:40:25,374 [main] (ParallelMetaProducerLessBlocking.java:61) - Searching for edge : ?region igeo:subdivisionDirecte ?departement
 INFO 2016-03-25 13:40:25,374 [pool-15-thread-1] (CallableResult.java:52) - CallableResult for GetEdge
 INFO 2016-03-25 13:40:25,374 [pool-15-thread-2] (CallableResult.java:52) - CallableResult for GetEdge
 INFO 2016-03-25 13:40:25,378 [pool-15-thread-2] (CallableResult.java:63) - Finished CallableResult in 4 ms.
 INFO 2016-03-25 13:40:25,380 [pool-15-thread-1] (CallableResult.java:63) - Finished CallableResult in 6 ms.
 INFO 2016-03-25 13:40:25,380 [main] (ParallelMetaProducerLessBlocking.java:193) - Global results retrieved in getEdges 6ms.
 INFO 2016-03-25 13:40:25,380 [main] (ParallelMetaProducerLessBlocking.java:61) - Searching for edge : ?departement igeo:nom ?nom
 INFO 2016-03-25 13:40:25,381 [pool-16-thread-1] (CallableResult.java:52) - CallableResult for GetEdge
 INFO 2016-03-25 13:40:25,381 [pool-16-thread-2] (CallableResult.java:52) - CallableResult for GetEdge
 INFO 2016-03-25 13:40:25,385 [pool-16-thread-2] (CallableResult.java:63) - Finished CallableResult in 4 ms.
 INFO 2016-03-25 13:40:25,386 [pool-16-thread-1] (CallableResult.java:63) - Finished CallableResult in 5 ms.
 INFO 2016-03-25 13:40:25,387 [main] (ParallelMetaProducerLessBlocking.java:193) - Global results retrieved in getEdges 6ms.
 INFO 2016-03-25 13:40:25,387 [main] (ParallelMetaProducerLessBlocking.java:61) - Searching for edge : ?region igeo:subdivisionDirecte ?departement
 INFO 2016-03-25 13:40:25,387 [pool-17-thread-1] (CallableResult.java:52) - CallableResult for GetEdge
 INFO 2016-03-25 13:40:25,388 [pool-17-thread-2] (CallableResult.java:52) - CallableResult for GetEdge
 INFO 2016-03-25 13:40:25,393 [pool-17-thread-1] (CallableResult.java:63) - Finished CallableResult in 6 ms.
 INFO 2016-03-25 13:40:25,395 [pool-17-thread-2] (CallableResult.java:63) - Finished CallableResult in 7 ms.
 INFO 2016-03-25 13:40:25,396 [main] (ParallelMetaProducerLessBlocking.java:193) - Global results retrieved in getEdges 9ms.
 INFO 2016-03-25 13:40:25,396 [main] (ParallelMetaProducerLessBlocking.java:61) - Searching for edge : ?departement igeo:nom ?nom
 INFO 2016-03-25 13:40:25,397 [pool-18-thread-1] (CallableResult.java:52) - CallableResult for GetEdge
 INFO 2016-03-25 13:40:25,397 [pool-18-thread-2] (CallableResult.java:52) - CallableResult for GetEdge
 INFO 2016-03-25 13:40:25,401 [pool-18-thread-1] (CallableResult.java:63) - Finished CallableResult in 4 ms.
 INFO 2016-03-25 13:40:25,404 [pool-18-thread-2] (CallableResult.java:63) - Finished CallableResult in 7 ms.
 INFO 2016-03-25 13:40:25,405 [main] (ParallelMetaProducerLessBlocking.java:193) - Global results retrieved in getEdges 8ms.
 INFO 2016-03-25 13:40:25,405 [main] (ParallelMetaProducerLessBlocking.java:61) - Searching for edge : ?departement igeo:nom ?nom
 INFO 2016-03-25 13:40:25,406 [pool-19-thread-1] (CallableResult.java:52) - CallableResult for GetEdge
 INFO 2016-03-25 13:40:25,406 [pool-19-thread-2] (CallableResult.java:52) - CallableResult for GetEdge
 INFO 2016-03-25 13:40:25,410 [pool-19-thread-2] (CallableResult.java:63) - Finished CallableResult in 4 ms.
 INFO 2016-03-25 13:40:25,412 [pool-19-thread-1] (CallableResult.java:63) - Finished CallableResult in 6 ms.
 INFO 2016-03-25 13:40:25,412 [main] (ParallelMetaProducerLessBlocking.java:193) - Global results retrieved in getEdges 6ms.
 INFO 2016-03-25 13:40:25,412 [main] (ParallelMetaProducerLessBlocking.java:61) - Searching for edge : ?departement igeo:nom ?nom
 INFO 2016-03-25 13:40:25,413 [pool-20-thread-1] (CallableResult.java:52) - CallableResult for GetEdge
 INFO 2016-03-25 13:40:25,413 [pool-20-thread-2] (CallableResult.java:52) - CallableResult for GetEdge
 INFO 2016-03-25 13:40:25,418 [pool-20-thread-1] (CallableResult.java:63) - Finished CallableResult in 5 ms.
 INFO 2016-03-25 13:40:25,419 [pool-20-thread-2] (CallableResult.java:63) - Finished CallableResult in 5 ms.
 INFO 2016-03-25 13:40:25,419 [main] (ParallelMetaProducerLessBlocking.java:193) - Global results retrieved in getEdges 6ms.
 INFO 2016-03-25 13:40:25,419 [main] (ParallelMetaProducerLessBlocking.java:61) - Searching for edge : ?region igeo:subdivisionDirecte ?departement
 INFO 2016-03-25 13:40:25,420 [pool-21-thread-1] (CallableResult.java:52) - CallableResult for GetEdge
 INFO 2016-03-25 13:40:25,420 [pool-21-thread-2] (CallableResult.java:52) - CallableResult for GetEdge
 INFO 2016-03-25 13:40:25,424 [pool-21-thread-2] (CallableResult.java:63) - Finished CallableResult in 4 ms.
 INFO 2016-03-25 13:40:25,426 [pool-21-thread-1] (CallableResult.java:63) - Finished CallableResult in 6 ms.
 INFO 2016-03-25 13:40:25,426 [main] (ParallelMetaProducerLessBlocking.java:193) - Global results retrieved in getEdges 6ms.
 INFO 2016-03-25 13:40:25,426 [main] (ParallelMetaProducerLessBlocking.java:61) - Searching for edge : ?departement igeo:nom ?nom
 INFO 2016-03-25 13:40:25,427 [pool-22-thread-1] (CallableResult.java:52) - CallableResult for GetEdge
 INFO 2016-03-25 13:40:25,427 [pool-22-thread-2] (CallableResult.java:52) - CallableResult for GetEdge
 INFO 2016-03-25 13:40:25,431 [pool-22-thread-1] (CallableResult.java:63) - Finished CallableResult in 4 ms.
 INFO 2016-03-25 13:40:25,433 [pool-22-thread-2] (CallableResult.java:63) - Finished CallableResult in 6 ms.
 INFO 2016-03-25 13:40:25,434 [main] (ParallelMetaProducerLessBlocking.java:193) - Global results retrieved in getEdges 7ms.
 INFO 2016-03-25 13:40:25,434 [main] (ParallelMetaProducerLessBlocking.java:61) - Searching for edge : ?region igeo:subdivisionDirecte ?departement
 INFO 2016-03-25 13:40:25,434 [pool-23-thread-1] (CallableResult.java:52) - CallableResult for GetEdge
 INFO 2016-03-25 13:40:25,435 [pool-23-thread-2] (CallableResult.java:52) - CallableResult for GetEdge
 INFO 2016-03-25 13:40:25,441 [pool-23-thread-2] (CallableResult.java:63) - Finished CallableResult in 6 ms.
 INFO 2016-03-25 13:40:25,442 [pool-23-thread-1] (CallableResult.java:63) - Finished CallableResult in 8 ms.
 INFO 2016-03-25 13:40:25,442 [main] (ParallelMetaProducerLessBlocking.java:193) - Global results retrieved in getEdges 7ms.
 INFO 2016-03-25 13:40:25,442 [main] (ParallelMetaProducerLessBlocking.java:61) - Searching for edge : ?departement igeo:nom ?nom
 INFO 2016-03-25 13:40:25,443 [pool-24-thread-1] (CallableResult.java:52) - CallableResult for GetEdge
 INFO 2016-03-25 13:40:25,443 [pool-24-thread-2] (CallableResult.java:52) - CallableResult for GetEdge
 INFO 2016-03-25 13:40:25,447 [pool-24-thread-2] (CallableResult.java:63) - Finished CallableResult in 4 ms.
 INFO 2016-03-25 13:40:25,449 [pool-24-thread-1] (CallableResult.java:63) - Finished CallableResult in 6 ms.
 INFO 2016-03-25 13:40:25,449 [main] (ParallelMetaProducerLessBlocking.java:193) - Global results retrieved in getEdges 6ms.
 INFO 2016-03-25 13:40:25,449 [main] (ParallelMetaProducerLessBlocking.java:61) - Searching for edge : ?departement igeo:nom ?nom
 INFO 2016-03-25 13:40:25,450 [pool-25-thread-1] (CallableResult.java:52) - CallableResult for GetEdge
 INFO 2016-03-25 13:40:25,450 [pool-25-thread-2] (CallableResult.java:52) - CallableResult for GetEdge
 INFO 2016-03-25 13:40:25,455 [pool-25-thread-2] (CallableResult.java:63) - Finished CallableResult in 5 ms.
 INFO 2016-03-25 13:40:25,457 [pool-25-thread-1] (CallableResult.java:63) - Finished CallableResult in 7 ms.
 INFO 2016-03-25 13:40:25,457 [main] (ParallelMetaProducerLessBlocking.java:193) - Global results retrieved in getEdges 7ms.
 INFO 2016-03-25 13:40:25,457 [main] (ParallelMetaProducerLessBlocking.java:61) - Searching for edge : ?region igeo:subdivisionDirecte ?departement
 INFO 2016-03-25 13:40:25,458 [pool-26-thread-1] (CallableResult.java:52) - CallableResult for GetEdge
 INFO 2016-03-25 13:40:25,458 [pool-26-thread-2] (CallableResult.java:52) - CallableResult for GetEdge
 INFO 2016-03-25 13:40:25,462 [pool-26-thread-1] (CallableResult.java:63) - Finished CallableResult in 4 ms.
 INFO 2016-03-25 13:40:25,466 [pool-26-thread-2] (CallableResult.java:63) - Finished CallableResult in 8 ms.
 INFO 2016-03-25 13:40:25,466 [main] (ParallelMetaProducerLessBlocking.java:193) - Global results retrieved in getEdges 8ms.
 INFO 2016-03-25 13:40:25,467 [main] (ParallelMetaProducerLessBlocking.java:61) - Searching for edge : ?departement igeo:nom ?nom
 INFO 2016-03-25 13:40:25,468 [pool-27-thread-1] (CallableResult.java:52) - CallableResult for GetEdge
 INFO 2016-03-25 13:40:25,468 [pool-27-thread-2] (CallableResult.java:52) - CallableResult for GetEdge
 INFO 2016-03-25 13:40:25,474 [pool-27-thread-1] (CallableResult.java:63) - Finished CallableResult in 6 ms.
 INFO 2016-03-25 13:40:25,474 [pool-27-thread-2] (CallableResult.java:63) - Finished CallableResult in 6 ms.
 INFO 2016-03-25 13:40:25,475 [main] (ParallelMetaProducerLessBlocking.java:193) - Global results retrieved in getEdges 7ms.
 INFO 2016-03-25 13:40:25,475 [main] (ParallelMetaProducerLessBlocking.java:61) - Searching for edge : ?region igeo:subdivisionDirecte ?departement
 INFO 2016-03-25 13:40:25,476 [pool-28-thread-1] (CallableResult.java:52) - CallableResult for GetEdge
 INFO 2016-03-25 13:40:25,476 [pool-28-thread-2] (CallableResult.java:52) - CallableResult for GetEdge
 INFO 2016-03-25 13:40:25,480 [pool-28-thread-1] (CallableResult.java:63) - Finished CallableResult in 4 ms.
 INFO 2016-03-25 13:40:25,487 [pool-28-thread-2] (CallableResult.java:63) - Finished CallableResult in 11 ms.
 INFO 2016-03-25 13:40:25,487 [main] (ParallelMetaProducerLessBlocking.java:193) - Global results retrieved in getEdges 12ms.
 INFO 2016-03-25 13:40:25,487 [main] (ParallelMetaProducerLessBlocking.java:61) - Searching for edge : ?departement igeo:nom ?nom
 INFO 2016-03-25 13:40:25,488 [pool-29-thread-1] (CallableResult.java:52) - CallableResult for GetEdge
 INFO 2016-03-25 13:40:25,488 [pool-29-thread-2] (CallableResult.java:52) - CallableResult for GetEdge
 INFO 2016-03-25 13:40:25,492 [pool-29-thread-2] (CallableResult.java:63) - Finished CallableResult in 4 ms.
 INFO 2016-03-25 13:40:25,493 [pool-29-thread-1] (CallableResult.java:63) - Finished CallableResult in 5 ms.
 INFO 2016-03-25 13:40:25,493 [main] (ParallelMetaProducerLessBlocking.java:193) - Global results retrieved in getEdges 5ms.
 INFO 2016-03-25 13:40:25,494 [main] (ParallelMetaProducerLessBlocking.java:61) - Searching for edge : ?departement igeo:nom ?nom
 INFO 2016-03-25 13:40:25,494 [pool-30-thread-1] (CallableResult.java:52) - CallableResult for GetEdge
 INFO 2016-03-25 13:40:25,494 [pool-30-thread-2] (CallableResult.java:52) - CallableResult for GetEdge
 INFO 2016-03-25 13:40:25,498 [pool-30-thread-2] (CallableResult.java:63) - Finished CallableResult in 4 ms.
 INFO 2016-03-25 13:40:25,501 [pool-30-thread-1] (CallableResult.java:63) - Finished CallableResult in 7 ms.
 INFO 2016-03-25 13:40:25,502 [main] (ParallelMetaProducerLessBlocking.java:193) - Global results retrieved in getEdges 8ms.
 INFO 2016-03-25 13:40:25,502 [main] (ParallelMetaProducerLessBlocking.java:61) - Searching for edge : ?departement igeo:nom ?nom
 INFO 2016-03-25 13:40:25,502 [pool-31-thread-1] (CallableResult.java:52) - CallableResult for GetEdge
 INFO 2016-03-25 13:40:25,503 [pool-31-thread-2] (CallableResult.java:52) - CallableResult for GetEdge
 INFO 2016-03-25 13:40:25,507 [pool-31-thread-2] (CallableResult.java:63) - Finished CallableResult in 4 ms.
 INFO 2016-03-25 13:40:25,509 [pool-31-thread-1] (CallableResult.java:63) - Finished CallableResult in 7 ms.
 INFO 2016-03-25 13:40:25,509 [main] (ParallelMetaProducerLessBlocking.java:193) - Global results retrieved in getEdges 7ms.
 INFO 2016-03-25 13:40:25,510 [main] (ParallelMetaProducerLessBlocking.java:61) - Searching for edge : ?departement igeo:nom ?nom
 INFO 2016-03-25 13:40:25,510 [pool-32-thread-2] (CallableResult.java:52) - CallableResult for GetEdge
 INFO 2016-03-25 13:40:25,510 [pool-32-thread-1] (CallableResult.java:52) - CallableResult for GetEdge
 INFO 2016-03-25 13:40:25,514 [pool-32-thread-1] (CallableResult.java:63) - Finished CallableResult in 4 ms.
 INFO 2016-03-25 13:40:25,515 [pool-32-thread-2] (CallableResult.java:63) - Finished CallableResult in 5 ms.
 INFO 2016-03-25 13:40:25,516 [main] (ParallelMetaProducerLessBlocking.java:193) - Global results retrieved in getEdges 6ms.
 INFO 2016-03-25 13:40:25,516 [main] (ParallelMetaProducerLessBlocking.java:61) - Searching for edge : ?region igeo:subdivisionDirecte ?departement
 INFO 2016-03-25 13:40:25,517 [pool-33-thread-1] (CallableResult.java:52) - CallableResult for GetEdge
 INFO 2016-03-25 13:40:25,517 [pool-33-thread-2] (CallableResult.java:52) - CallableResult for GetEdge
 INFO 2016-03-25 13:40:25,520 [pool-33-thread-1] (CallableResult.java:63) - Finished CallableResult in 3 ms.
 INFO 2016-03-25 13:40:25,529 [pool-33-thread-2] (CallableResult.java:63) - Finished CallableResult in 12 ms.
 INFO 2016-03-25 13:40:25,530 [main] (ParallelMetaProducerLessBlocking.java:193) - Global results retrieved in getEdges 13ms.
 INFO 2016-03-25 13:40:25,530 [main] (ParallelMetaProducerLessBlocking.java:61) - Searching for edge : ?departement igeo:nom ?nom
 INFO 2016-03-25 13:40:25,530 [pool-34-thread-1] (CallableResult.java:52) - CallableResult for GetEdge
 INFO 2016-03-25 13:40:25,530 [pool-34-thread-2] (CallableResult.java:52) - CallableResult for GetEdge
 INFO 2016-03-25 13:40:25,534 [pool-34-thread-2] (CallableResult.java:63) - Finished CallableResult in 4 ms.
 INFO 2016-03-25 13:40:25,536 [pool-34-thread-1] (CallableResult.java:63) - Finished CallableResult in 6 ms.
 INFO 2016-03-25 13:40:25,537 [main] (ParallelMetaProducerLessBlocking.java:193) - Global results retrieved in getEdges 7ms.
 INFO 2016-03-25 13:40:25,537 [main] (ParallelMetaProducerLessBlocking.java:61) - Searching for edge : ?departement igeo:nom ?nom
 INFO 2016-03-25 13:40:25,537 [pool-35-thread-1] (CallableResult.java:52) - CallableResult for GetEdge
 INFO 2016-03-25 13:40:25,537 [pool-35-thread-2] (CallableResult.java:52) - CallableResult for GetEdge
 INFO 2016-03-25 13:40:25,551 [pool-35-thread-2] (CallableResult.java:63) - Finished CallableResult in 14 ms.
 INFO 2016-03-25 13:40:25,552 [pool-35-thread-1] (CallableResult.java:63) - Finished CallableResult in 15 ms.
 INFO 2016-03-25 13:40:25,552 [main] (ParallelMetaProducerLessBlocking.java:193) - Global results retrieved in getEdges 15ms.
 INFO 2016-03-25 13:40:25,553 [main] (ParallelMetaProducerLessBlocking.java:61) - Searching for edge : ?departement igeo:nom ?nom
 INFO 2016-03-25 13:40:25,553 [pool-36-thread-1] (CallableResult.java:52) - CallableResult for GetEdge
 INFO 2016-03-25 13:40:25,553 [pool-36-thread-2] (CallableResult.java:52) - CallableResult for GetEdge
 INFO 2016-03-25 13:40:25,558 [pool-36-thread-2] (CallableResult.java:63) - Finished CallableResult in 5 ms.
 INFO 2016-03-25 13:40:25,560 [pool-36-thread-1] (CallableResult.java:63) - Finished CallableResult in 7 ms.
 INFO 2016-03-25 13:40:25,562 [main] (ParallelMetaProducerLessBlocking.java:193) - Global results retrieved in getEdges 9ms.
 INFO 2016-03-25 13:40:25,562 [main] (ParallelMetaProducerLessBlocking.java:61) - Searching for edge : ?departement igeo:nom ?nom
 INFO 2016-03-25 13:40:25,563 [pool-37-thread-1] (CallableResult.java:52) - CallableResult for GetEdge
 INFO 2016-03-25 13:40:25,563 [pool-37-thread-2] (CallableResult.java:52) - CallableResult for GetEdge
 INFO 2016-03-25 13:40:25,567 [pool-37-thread-2] (CallableResult.java:63) - Finished CallableResult in 4 ms.
 INFO 2016-03-25 13:40:25,585 [pool-37-thread-1] (CallableResult.java:63) - Finished CallableResult in 22 ms.
 INFO 2016-03-25 13:40:25,586 [main] (ParallelMetaProducerLessBlocking.java:193) - Global results retrieved in getEdges 23ms.
 INFO 2016-03-25 13:40:25,587 [main] (ParallelMetaProducerLessBlocking.java:61) - Searching for edge : ?departement igeo:nom ?nom
 INFO 2016-03-25 13:40:25,587 [pool-38-thread-1] (CallableResult.java:52) - CallableResult for GetEdge
 INFO 2016-03-25 13:40:25,588 [pool-38-thread-2] (CallableResult.java:52) - CallableResult for GetEdge
 INFO 2016-03-25 13:40:25,592 [pool-38-thread-2] (CallableResult.java:63) - Finished CallableResult in 4 ms.
 INFO 2016-03-25 13:40:25,592 [pool-38-thread-1] (CallableResult.java:63) - Finished CallableResult in 5 ms.
 INFO 2016-03-25 13:40:25,593 [main] (ParallelMetaProducerLessBlocking.java:193) - Global results retrieved in getEdges 5ms.
 INFO 2016-03-25 13:40:25,593 [main] (ParallelMetaProducerLessBlocking.java:61) - Searching for edge : ?region igeo:subdivisionDirecte ?departement
 INFO 2016-03-25 13:40:25,597 [pool-39-thread-2] (CallableResult.java:52) - CallableResult for GetEdge
 INFO 2016-03-25 13:40:25,599 [pool-39-thread-1] (CallableResult.java:52) - CallableResult for GetEdge
 INFO 2016-03-25 13:40:25,607 [pool-39-thread-1] (CallableResult.java:63) - Finished CallableResult in 8 ms.
 INFO 2016-03-25 13:40:25,608 [pool-39-thread-2] (CallableResult.java:63) - Finished CallableResult in 11 ms.
 INFO 2016-03-25 13:40:25,609 [main] (ParallelMetaProducerLessBlocking.java:193) - Global results retrieved in getEdges 12ms.
 INFO 2016-03-25 13:40:25,609 [main] (ParallelMetaProducerLessBlocking.java:61) - Searching for edge : ?departement igeo:nom ?nom
 INFO 2016-03-25 13:40:25,616 [pool-40-thread-2] (CallableResult.java:52) - CallableResult for GetEdge
 INFO 2016-03-25 13:40:25,619 [pool-40-thread-1] (CallableResult.java:52) - CallableResult for GetEdge
 INFO 2016-03-25 13:40:25,620 [pool-40-thread-2] (CallableResult.java:63) - Finished CallableResult in 5 ms.
 INFO 2016-03-25 13:40:25,627 [pool-40-thread-1] (CallableResult.java:63) - Finished CallableResult in 8 ms.
 INFO 2016-03-25 13:40:25,627 [main] (ParallelMetaProducerLessBlocking.java:193) - Global results retrieved in getEdges 12ms.
 INFO 2016-03-25 13:40:25,627 [main] (ParallelMetaProducerLessBlocking.java:61) - Searching for edge : ?departement igeo:nom ?nom
 INFO 2016-03-25 13:40:25,628 [pool-41-thread-1] (CallableResult.java:52) - CallableResult for GetEdge
 INFO 2016-03-25 13:40:25,628 [pool-41-thread-2] (CallableResult.java:52) - CallableResult for GetEdge
 INFO 2016-03-25 13:40:25,632 [pool-41-thread-2] (CallableResult.java:63) - Finished CallableResult in 4 ms.
 INFO 2016-03-25 13:40:25,636 [pool-41-thread-1] (CallableResult.java:63) - Finished CallableResult in 8 ms.
 INFO 2016-03-25 13:40:25,637 [main] (ParallelMetaProducerLessBlocking.java:193) - Global results retrieved in getEdges 9ms.
 INFO 2016-03-25 13:40:25,637 [main] (ParallelMetaProducerLessBlocking.java:61) - Searching for edge : ?region igeo:subdivisionDirecte ?departement
 INFO 2016-03-25 13:40:25,637 [pool-42-thread-1] (CallableResult.java:52) - CallableResult for GetEdge
 INFO 2016-03-25 13:40:25,638 [pool-42-thread-2] (CallableResult.java:52) - CallableResult for GetEdge
 INFO 2016-03-25 13:40:25,641 [pool-42-thread-1] (CallableResult.java:63) - Finished CallableResult in 4 ms.
 INFO 2016-03-25 13:40:25,650 [pool-42-thread-2] (CallableResult.java:63) - Finished CallableResult in 12 ms.
 INFO 2016-03-25 13:40:25,650 [main] (ParallelMetaProducerLessBlocking.java:193) - Global results retrieved in getEdges 12ms.
 INFO 2016-03-25 13:40:25,651 [main] (ParallelMetaProducerLessBlocking.java:61) - Searching for edge : ?departement igeo:nom ?nom
 INFO 2016-03-25 13:40:25,651 [pool-43-thread-1] (CallableResult.java:52) - CallableResult for GetEdge
 INFO 2016-03-25 13:40:25,655 [pool-43-thread-1] (CallableResult.java:63) - Finished CallableResult in 4 ms.
 INFO 2016-03-25 13:40:25,655 [pool-43-thread-2] (CallableResult.java:52) - CallableResult for GetEdge
 INFO 2016-03-25 13:40:25,663 [pool-43-thread-2] (CallableResult.java:63) - Finished CallableResult in 7 ms.
 INFO 2016-03-25 13:40:25,663 [main] (ParallelMetaProducerLessBlocking.java:193) - Global results retrieved in getEdges 8ms.
 INFO 2016-03-25 13:40:25,663 [main] (ParallelMetaProducerLessBlocking.java:61) - Searching for edge : ?departement igeo:nom ?nom
 INFO 2016-03-25 13:40:25,664 [pool-44-thread-1] (CallableResult.java:52) - CallableResult for GetEdge
 INFO 2016-03-25 13:40:25,664 [pool-44-thread-2] (CallableResult.java:52) - CallableResult for GetEdge
 INFO 2016-03-25 13:40:25,668 [pool-44-thread-2] (CallableResult.java:63) - Finished CallableResult in 4 ms.
 INFO 2016-03-25 13:40:25,671 [pool-44-thread-1] (CallableResult.java:63) - Finished CallableResult in 7 ms.
 INFO 2016-03-25 13:40:25,671 [main] (ParallelMetaProducerLessBlocking.java:193) - Global results retrieved in getEdges 7ms.
 INFO 2016-03-25 13:40:25,672 [main] (ParallelMetaProducerLessBlocking.java:61) - Searching for edge : ?departement igeo:nom ?nom
 INFO 2016-03-25 13:40:25,672 [pool-45-thread-2] (CallableResult.java:52) - CallableResult for GetEdge
 INFO 2016-03-25 13:40:25,672 [pool-45-thread-1] (CallableResult.java:52) - CallableResult for GetEdge
 INFO 2016-03-25 13:40:25,676 [pool-45-thread-2] (CallableResult.java:63) - Finished CallableResult in 4 ms.
 INFO 2016-03-25 13:40:25,679 [pool-45-thread-1] (CallableResult.java:63) - Finished CallableResult in 7 ms.
 INFO 2016-03-25 13:40:25,679 [main] (ParallelMetaProducerLessBlocking.java:193) - Global results retrieved in getEdges 7ms.
 INFO 2016-03-25 13:40:25,680 [main] (ParallelMetaProducerLessBlocking.java:61) - Searching for edge : ?region igeo:subdivisionDirecte ?departement
 INFO 2016-03-25 13:40:25,681 [pool-46-thread-1] (CallableResult.java:52) - CallableResult for GetEdge
 INFO 2016-03-25 13:40:25,684 [pool-46-thread-2] (CallableResult.java:52) - CallableResult for GetEdge
 INFO 2016-03-25 13:40:25,686 [pool-46-thread-1] (CallableResult.java:63) - Finished CallableResult in 5 ms.
 INFO 2016-03-25 13:40:25,699 [pool-46-thread-2] (CallableResult.java:63) - Finished CallableResult in 15 ms.
 INFO 2016-03-25 13:40:25,700 [main] (ParallelMetaProducerLessBlocking.java:193) - Global results retrieved in getEdges 19ms.
 INFO 2016-03-25 13:40:25,700 [main] (ParallelMetaProducerLessBlocking.java:61) - Searching for edge : ?departement igeo:nom ?nom
 INFO 2016-03-25 13:40:25,701 [pool-47-thread-2] (CallableResult.java:52) - CallableResult for GetEdge
 INFO 2016-03-25 13:40:25,701 [pool-47-thread-1] (CallableResult.java:52) - CallableResult for GetEdge
 INFO 2016-03-25 13:40:25,705 [pool-47-thread-2] (CallableResult.java:63) - Finished CallableResult in 4 ms.
 INFO 2016-03-25 13:40:25,709 [pool-47-thread-1] (CallableResult.java:63) - Finished CallableResult in 8 ms.
 INFO 2016-03-25 13:40:25,709 [main] (ParallelMetaProducerLessBlocking.java:193) - Global results retrieved in getEdges 9ms.
 INFO 2016-03-25 13:40:25,710 [main] (ParallelMetaProducerLessBlocking.java:61) - Searching for edge : ?departement igeo:nom ?nom
 INFO 2016-03-25 13:40:25,710 [pool-48-thread-1] (CallableResult.java:52) - CallableResult for GetEdge
 INFO 2016-03-25 13:40:25,710 [pool-48-thread-2] (CallableResult.java:52) - CallableResult for GetEdge
 INFO 2016-03-25 13:40:25,714 [pool-48-thread-2] (CallableResult.java:63) - Finished CallableResult in 4 ms.
 INFO 2016-03-25 13:40:25,717 [pool-48-thread-1] (CallableResult.java:63) - Finished CallableResult in 7 ms.
 INFO 2016-03-25 13:40:25,717 [main] (ParallelMetaProducerLessBlocking.java:193) - Global results retrieved in getEdges 7ms.
 INFO 2016-03-25 13:40:25,717 [main] (ParallelMetaProducerLessBlocking.java:61) - Searching for edge : ?departement igeo:nom ?nom
 INFO 2016-03-25 13:40:25,718 [pool-49-thread-1] (CallableResult.java:52) - CallableResult for GetEdge
 INFO 2016-03-25 13:40:25,718 [pool-49-thread-2] (CallableResult.java:52) - CallableResult for GetEdge
 INFO 2016-03-25 13:40:25,722 [pool-49-thread-2] (CallableResult.java:63) - Finished CallableResult in 4 ms.
 INFO 2016-03-25 13:40:25,724 [pool-49-thread-1] (CallableResult.java:63) - Finished CallableResult in 6 ms.
 INFO 2016-03-25 13:40:25,724 [main] (ParallelMetaProducerLessBlocking.java:193) - Global results retrieved in getEdges 6ms.
 INFO 2016-03-25 13:40:25,725 [main] (ParallelMetaProducerLessBlocking.java:61) - Searching for edge : ?region igeo:subdivisionDirecte ?departement
 INFO 2016-03-25 13:40:25,725 [pool-50-thread-1] (CallableResult.java:52) - CallableResult for GetEdge
 INFO 2016-03-25 13:40:25,725 [pool-50-thread-2] (CallableResult.java:52) - CallableResult for GetEdge
 INFO 2016-03-25 13:40:25,729 [pool-50-thread-1] (CallableResult.java:63) - Finished CallableResult in 4 ms.
 INFO 2016-03-25 13:40:25,733 [pool-50-thread-2] (CallableResult.java:63) - Finished CallableResult in 8 ms.
 INFO 2016-03-25 13:40:25,733 [main] (ParallelMetaProducerLessBlocking.java:193) - Global results retrieved in getEdges 8ms.
 INFO 2016-03-25 13:40:25,734 [main] (ParallelMetaProducerLessBlocking.java:61) - Searching for edge : ?departement igeo:nom ?nom
 INFO 2016-03-25 13:40:25,734 [pool-51-thread-1] (CallableResult.java:52) - CallableResult for GetEdge
 INFO 2016-03-25 13:40:25,735 [pool-51-thread-2] (CallableResult.java:52) - CallableResult for GetEdge
 INFO 2016-03-25 13:40:25,738 [pool-51-thread-2] (CallableResult.java:63) - Finished CallableResult in 3 ms.
 INFO 2016-03-25 13:40:25,740 [pool-51-thread-1] (CallableResult.java:63) - Finished CallableResult in 5 ms.
 INFO 2016-03-25 13:40:25,740 [main] (ParallelMetaProducerLessBlocking.java:193) - Global results retrieved in getEdges 5ms.
 INFO 2016-03-25 13:40:25,740 [main] (ParallelMetaProducerLessBlocking.java:61) - Searching for edge : ?departement igeo:nom ?nom
 INFO 2016-03-25 13:40:25,740 [pool-52-thread-1] (CallableResult.java:52) - CallableResult for GetEdge
 INFO 2016-03-25 13:40:25,741 [pool-52-thread-2] (CallableResult.java:52) - CallableResult for GetEdge
 INFO 2016-03-25 13:40:25,744 [pool-52-thread-2] (CallableResult.java:63) - Finished CallableResult in 3 ms.
 INFO 2016-03-25 13:40:25,745 [pool-52-thread-1] (CallableResult.java:63) - Finished CallableResult in 5 ms.
 INFO 2016-03-25 13:40:25,746 [main] (ParallelMetaProducerLessBlocking.java:193) - Global results retrieved in getEdges 6ms.
 INFO 2016-03-25 13:40:25,746 [main] (ParallelMetaProducerLessBlocking.java:61) - Searching for edge : ?region igeo:subdivisionDirecte ?departement
 INFO 2016-03-25 13:40:25,746 [pool-53-thread-1] (CallableResult.java:52) - CallableResult for GetEdge
 INFO 2016-03-25 13:40:25,746 [pool-53-thread-2] (CallableResult.java:52) - CallableResult for GetEdge
 INFO 2016-03-25 13:40:25,749 [pool-53-thread-1] (CallableResult.java:63) - Finished CallableResult in 3 ms.
 INFO 2016-03-25 13:40:25,755 [pool-53-thread-2] (CallableResult.java:63) - Finished CallableResult in 9 ms.
 INFO 2016-03-25 13:40:25,756 [main] (ParallelMetaProducerLessBlocking.java:193) - Global results retrieved in getEdges 10ms.
 INFO 2016-03-25 13:40:25,756 [main] (ParallelMetaProducerLessBlocking.java:61) - Searching for edge : ?departement igeo:nom ?nom
 INFO 2016-03-25 13:40:25,756 [pool-54-thread-1] (CallableResult.java:52) - CallableResult for GetEdge
 INFO 2016-03-25 13:40:25,756 [pool-54-thread-2] (CallableResult.java:52) - CallableResult for GetEdge
 INFO 2016-03-25 13:40:25,760 [pool-54-thread-2] (CallableResult.java:63) - Finished CallableResult in 4 ms.
 INFO 2016-03-25 13:40:25,761 [pool-54-thread-1] (CallableResult.java:63) - Finished CallableResult in 5 ms.
 INFO 2016-03-25 13:40:25,763 [main] (ParallelMetaProducerLessBlocking.java:193) - Global results retrieved in getEdges 7ms.
 INFO 2016-03-25 13:40:25,763 [main] (ParallelMetaProducerLessBlocking.java:61) - Searching for edge : ?departement igeo:nom ?nom
 INFO 2016-03-25 13:40:25,764 [pool-55-thread-1] (CallableResult.java:52) - CallableResult for GetEdge
 INFO 2016-03-25 13:40:25,766 [pool-55-thread-2] (CallableResult.java:52) - CallableResult for GetEdge
 INFO 2016-03-25 13:40:25,767 [pool-55-thread-1] (CallableResult.java:63) - Finished CallableResult in 3 ms.
 INFO 2016-03-25 13:40:25,772 [pool-55-thread-2] (CallableResult.java:63) - Finished CallableResult in 6 ms.
 INFO 2016-03-25 13:40:25,773 [main] (ParallelMetaProducerLessBlocking.java:193) - Global results retrieved in getEdges 7ms.
 INFO 2016-03-25 13:40:25,773 [main] (ParallelMetaProducerLessBlocking.java:61) - Searching for edge : ?departement igeo:nom ?nom
 INFO 2016-03-25 13:40:25,773 [pool-56-thread-1] (CallableResult.java:52) - CallableResult for GetEdge
 INFO 2016-03-25 13:40:25,773 [pool-56-thread-2] (CallableResult.java:52) - CallableResult for GetEdge
 INFO 2016-03-25 13:40:25,777 [pool-56-thread-1] (CallableResult.java:63) - Finished CallableResult in 4 ms.
 INFO 2016-03-25 13:40:25,779 [pool-56-thread-2] (CallableResult.java:63) - Finished CallableResult in 6 ms.
 INFO 2016-03-25 13:40:25,780 [main] (ParallelMetaProducerLessBlocking.java:193) - Global results retrieved in getEdges 7ms.
 INFO 2016-03-25 13:40:25,780 [main] (ParallelMetaProducerLessBlocking.java:61) - Searching for edge : ?region igeo:subdivisionDirecte ?departement
 INFO 2016-03-25 13:40:25,780 [pool-57-thread-1] (CallableResult.java:52) - CallableResult for GetEdge
 INFO 2016-03-25 13:40:25,780 [pool-57-thread-2] (CallableResult.java:52) - CallableResult for GetEdge
 INFO 2016-03-25 13:40:25,788 [pool-57-thread-1] (CallableResult.java:63) - Finished CallableResult in 8 ms.
 INFO 2016-03-25 13:40:25,788 [pool-57-thread-2] (CallableResult.java:63) - Finished CallableResult in 8 ms.
 INFO 2016-03-25 13:40:25,788 [main] (ParallelMetaProducerLessBlocking.java:193) - Global results retrieved in getEdges 8ms.
 INFO 2016-03-25 13:40:25,789 [main] (ParallelMetaProducerLessBlocking.java:61) - Searching for edge : ?departement igeo:nom ?nom
 INFO 2016-03-25 13:40:25,789 [pool-58-thread-1] (CallableResult.java:52) - CallableResult for GetEdge
 INFO 2016-03-25 13:40:25,790 [pool-58-thread-2] (CallableResult.java:52) - CallableResult for GetEdge
 INFO 2016-03-25 13:40:25,794 [pool-58-thread-2] (CallableResult.java:63) - Finished CallableResult in 4 ms.
 INFO 2016-03-25 13:40:25,794 [pool-58-thread-1] (CallableResult.java:63) - Finished CallableResult in 5 ms.
 INFO 2016-03-25 13:40:25,794 [main] (ParallelMetaProducerLessBlocking.java:193) - Global results retrieved in getEdges 5ms.
 INFO 2016-03-25 13:40:25,795 [main] (ParallelMetaProducerLessBlocking.java:61) - Searching for edge : ?departement igeo:nom ?nom
 INFO 2016-03-25 13:40:25,795 [pool-59-thread-1] (CallableResult.java:52) - CallableResult for GetEdge
 INFO 2016-03-25 13:40:25,795 [pool-59-thread-2] (CallableResult.java:52) - CallableResult for GetEdge
 INFO 2016-03-25 13:40:25,798 [pool-59-thread-2] (CallableResult.java:63) - Finished CallableResult in 3 ms.
 INFO 2016-03-25 13:40:25,800 [pool-59-thread-1] (CallableResult.java:63) - Finished CallableResult in 5 ms.
 INFO 2016-03-25 13:40:25,800 [main] (ParallelMetaProducerLessBlocking.java:193) - Global results retrieved in getEdges 5ms.
 INFO 2016-03-25 13:40:25,800 [main] (ParallelMetaProducerLessBlocking.java:61) - Searching for edge : ?departement igeo:nom ?nom
 INFO 2016-03-25 13:40:25,801 [pool-60-thread-1] (CallableResult.java:52) - CallableResult for GetEdge
 INFO 2016-03-25 13:40:25,801 [pool-60-thread-2] (CallableResult.java:52) - CallableResult for GetEdge
 INFO 2016-03-25 13:40:25,804 [pool-60-thread-2] (CallableResult.java:63) - Finished CallableResult in 3 ms.
 INFO 2016-03-25 13:40:25,806 [pool-60-thread-1] (CallableResult.java:63) - Finished CallableResult in 5 ms.
 INFO 2016-03-25 13:40:25,807 [main] (ParallelMetaProducerLessBlocking.java:193) - Global results retrieved in getEdges 6ms.
 INFO 2016-03-25 13:40:25,807 [main] (ParallelMetaProducerLessBlocking.java:61) - Searching for edge : ?region igeo:subdivisionDirecte ?departement
 INFO 2016-03-25 13:40:25,807 [pool-61-thread-1] (CallableResult.java:52) - CallableResult for GetEdge
 INFO 2016-03-25 13:40:25,807 [pool-61-thread-2] (CallableResult.java:52) - CallableResult for GetEdge
 INFO 2016-03-25 13:40:25,812 [pool-61-thread-1] (CallableResult.java:63) - Finished CallableResult in 5 ms.
 INFO 2016-03-25 13:40:25,851 [pool-61-thread-2] (CallableResult.java:63) - Finished CallableResult in 44 ms.
 INFO 2016-03-25 13:40:25,851 [main] (ParallelMetaProducerLessBlocking.java:193) - Global results retrieved in getEdges 44ms.
 INFO 2016-03-25 13:40:25,852 [main] (ParallelMetaProducerLessBlocking.java:61) - Searching for edge : ?departement igeo:nom ?nom
 INFO 2016-03-25 13:40:25,852 [pool-62-thread-1] (CallableResult.java:52) - CallableResult for GetEdge
 INFO 2016-03-25 13:40:25,852 [pool-62-thread-2] (CallableResult.java:52) - CallableResult for GetEdge
 INFO 2016-03-25 13:40:25,855 [pool-62-thread-2] (CallableResult.java:63) - Finished CallableResult in 3 ms.
 INFO 2016-03-25 13:40:25,856 [pool-62-thread-1] (CallableResult.java:63) - Finished CallableResult in 4 ms.
 INFO 2016-03-25 13:40:25,857 [main] (ParallelMetaProducerLessBlocking.java:193) - Global results retrieved in getEdges 5ms.
 INFO 2016-03-25 13:40:25,857 [main] (ParallelMetaProducerLessBlocking.java:61) - Searching for edge : ?region igeo:subdivisionDirecte ?departement
 INFO 2016-03-25 13:40:25,857 [pool-63-thread-1] (CallableResult.java:52) - CallableResult for GetEdge
 INFO 2016-03-25 13:40:25,857 [pool-63-thread-2] (CallableResult.java:52) - CallableResult for GetEdge
 INFO 2016-03-25 13:40:25,862 [pool-63-thread-1] (CallableResult.java:63) - Finished CallableResult in 5 ms.
 INFO 2016-03-25 13:40:25,864 [pool-63-thread-2] (CallableResult.java:63) - Finished CallableResult in 7 ms.
 INFO 2016-03-25 13:40:25,865 [main] (ParallelMetaProducerLessBlocking.java:193) - Global results retrieved in getEdges 8ms.
 INFO 2016-03-25 13:40:25,865 [main] (ParallelMetaProducerLessBlocking.java:61) - Searching for edge : ?departement igeo:nom ?nom
 INFO 2016-03-25 13:40:25,865 [pool-64-thread-1] (CallableResult.java:52) - CallableResult for GetEdge
 INFO 2016-03-25 13:40:25,865 [pool-64-thread-2] (CallableResult.java:52) - CallableResult for GetEdge
 INFO 2016-03-25 13:40:25,869 [pool-64-thread-2] (CallableResult.java:63) - Finished CallableResult in 4 ms.
 INFO 2016-03-25 13:40:25,870 [pool-64-thread-1] (CallableResult.java:63) - Finished CallableResult in 5 ms.
 INFO 2016-03-25 13:40:25,871 [main] (ParallelMetaProducerLessBlocking.java:193) - Global results retrieved in getEdges 6ms.
 INFO 2016-03-25 13:40:25,871 [main] (ParallelMetaProducerLessBlocking.java:61) - Searching for edge : ?departement igeo:nom ?nom
 INFO 2016-03-25 13:40:25,871 [pool-65-thread-1] (CallableResult.java:52) - CallableResult for GetEdge
 INFO 2016-03-25 13:40:25,871 [pool-65-thread-2] (CallableResult.java:52) - CallableResult for GetEdge
 INFO 2016-03-25 13:40:25,875 [pool-65-thread-1] (CallableResult.java:63) - Finished CallableResult in 4 ms.
 INFO 2016-03-25 13:40:25,877 [pool-65-thread-2] (CallableResult.java:63) - Finished CallableResult in 6 ms.
 INFO 2016-03-25 13:40:25,877 [main] (ParallelMetaProducerLessBlocking.java:193) - Global results retrieved in getEdges 6ms.
 INFO 2016-03-25 13:40:25,878 [main] (ParallelMetaProducerLessBlocking.java:61) - Searching for edge : ?region igeo:subdivisionDirecte ?departement
 INFO 2016-03-25 13:40:25,878 [pool-66-thread-1] (CallableResult.java:52) - CallableResult for GetEdge
 INFO 2016-03-25 13:40:25,878 [pool-66-thread-2] (CallableResult.java:52) - CallableResult for GetEdge
 INFO 2016-03-25 13:40:25,882 [pool-66-thread-1] (CallableResult.java:63) - Finished CallableResult in 4 ms.
 INFO 2016-03-25 13:40:25,886 [pool-66-thread-2] (CallableResult.java:63) - Finished CallableResult in 8 ms.
 INFO 2016-03-25 13:40:25,886 [main] (ParallelMetaProducerLessBlocking.java:193) - Global results retrieved in getEdges 8ms.
 INFO 2016-03-25 13:40:25,886 [main] (ParallelMetaProducerLessBlocking.java:61) - Searching for edge : ?departement igeo:nom ?nom
 INFO 2016-03-25 13:40:25,886 [pool-67-thread-1] (CallableResult.java:52) - CallableResult for GetEdge
 INFO 2016-03-25 13:40:25,887 [pool-67-thread-2] (CallableResult.java:52) - CallableResult for GetEdge
 INFO 2016-03-25 13:40:25,890 [pool-67-thread-1] (CallableResult.java:63) - Finished CallableResult in 4 ms.
 INFO 2016-03-25 13:40:25,893 [pool-67-thread-2] (CallableResult.java:63) - Finished CallableResult in 6 ms.
 INFO 2016-03-25 13:40:25,893 [main] (ParallelMetaProducerLessBlocking.java:193) - Global results retrieved in getEdges 7ms.
 INFO 2016-03-25 13:40:25,893 [main] (ParallelMetaProducerLessBlocking.java:61) - Searching for edge : ?departement igeo:nom ?nom
 INFO 2016-03-25 13:40:25,894 [pool-68-thread-1] (CallableResult.java:52) - CallableResult for GetEdge
 INFO 2016-03-25 13:40:25,894 [pool-68-thread-2] (CallableResult.java:52) - CallableResult for GetEdge
 INFO 2016-03-25 13:40:25,898 [pool-68-thread-2] (CallableResult.java:63) - Finished CallableResult in 4 ms.
 INFO 2016-03-25 13:40:25,899 [pool-68-thread-1] (CallableResult.java:63) - Finished CallableResult in 5 ms.
 INFO 2016-03-25 13:40:25,899 [main] (ParallelMetaProducerLessBlocking.java:193) - Global results retrieved in getEdges 5ms.
 INFO 2016-03-25 13:40:25,900 [main] (ParallelMetaProducerLessBlocking.java:61) - Searching for edge : ?region igeo:subdivisionDirecte ?departement
 INFO 2016-03-25 13:40:25,900 [pool-69-thread-1] (CallableResult.java:52) - CallableResult for GetEdge
 INFO 2016-03-25 13:40:25,900 [pool-69-thread-2] (CallableResult.java:52) - CallableResult for GetEdge
 INFO 2016-03-25 13:40:25,904 [pool-69-thread-1] (CallableResult.java:63) - Finished CallableResult in 4 ms.
 INFO 2016-03-25 13:40:25,906 [pool-69-thread-2] (CallableResult.java:63) - Finished CallableResult in 6 ms.
 INFO 2016-03-25 13:40:25,906 [main] (ParallelMetaProducerLessBlocking.java:193) - Global results retrieved in getEdges 6ms.
 INFO 2016-03-25 13:40:25,906 [main] (ParallelMetaProducerLessBlocking.java:61) - Searching for edge : ?departement igeo:nom ?nom
 INFO 2016-03-25 13:40:25,906 [pool-70-thread-1] (CallableResult.java:52) - CallableResult for GetEdge
 INFO 2016-03-25 13:40:25,906 [pool-70-thread-2] (CallableResult.java:52) - CallableResult for GetEdge
 INFO 2016-03-25 13:40:25,912 [pool-70-thread-2] (CallableResult.java:63) - Finished CallableResult in 6 ms.
 INFO 2016-03-25 13:40:25,913 [pool-70-thread-1] (CallableResult.java:63) - Finished CallableResult in 7 ms.
 INFO 2016-03-25 13:40:25,913 [main] (ParallelMetaProducerLessBlocking.java:193) - Global results retrieved in getEdges 7ms.
 INFO 2016-03-25 13:40:25,914 [main] (ParallelMetaProducerLessBlocking.java:61) - Searching for edge : ?region igeo:subdivisionDirecte ?departement
 INFO 2016-03-25 13:40:25,914 [pool-71-thread-1] (CallableResult.java:52) - CallableResult for GetEdge
 INFO 2016-03-25 13:40:25,914 [pool-71-thread-2] (CallableResult.java:52) - CallableResult for GetEdge
 INFO 2016-03-25 13:40:25,917 [pool-71-thread-1] (CallableResult.java:63) - Finished CallableResult in 3 ms.
 INFO 2016-03-25 13:40:25,919 [pool-71-thread-2] (CallableResult.java:63) - Finished CallableResult in 5 ms.
 INFO 2016-03-25 13:40:25,920 [main] (ParallelMetaProducerLessBlocking.java:193) - Global results retrieved in getEdges 6ms.
 INFO 2016-03-25 13:40:25,920 [main] (ParallelMetaProducerLessBlocking.java:61) - Searching for edge : ?departement igeo:nom ?nom
 INFO 2016-03-25 13:40:25,920 [pool-72-thread-1] (CallableResult.java:52) - CallableResult for GetEdge
 INFO 2016-03-25 13:40:25,920 [pool-72-thread-2] (CallableResult.java:52) - CallableResult for GetEdge
 INFO 2016-03-25 13:40:25,924 [pool-72-thread-2] (CallableResult.java:63) - Finished CallableResult in 4 ms.
 INFO 2016-03-25 13:40:25,926 [pool-72-thread-1] (CallableResult.java:63) - Finished CallableResult in 6 ms.
 INFO 2016-03-25 13:40:25,927 [main] (ParallelMetaProducerLessBlocking.java:193) - Global results retrieved in getEdges 7ms.
 INFO 2016-03-25 13:40:25,927 [main] (ParallelMetaProducerLessBlocking.java:61) - Searching for edge : ?region igeo:subdivisionDirecte ?departement
 INFO 2016-03-25 13:40:25,931 [pool-73-thread-1] (CallableResult.java:52) - CallableResult for GetEdge
 INFO 2016-03-25 13:40:25,931 [pool-73-thread-2] (CallableResult.java:52) - CallableResult for GetEdge
 INFO 2016-03-25 13:40:25,935 [pool-73-thread-1] (CallableResult.java:63) - Finished CallableResult in 4 ms.
 INFO 2016-03-25 13:40:25,937 [pool-73-thread-2] (CallableResult.java:63) - Finished CallableResult in 6 ms.
 INFO 2016-03-25 13:40:25,938 [main] (ParallelMetaProducerLessBlocking.java:193) - Global results retrieved in getEdges 11ms.
 INFO 2016-03-25 13:40:25,938 [main] (ParallelMetaProducerLessBlocking.java:61) - Searching for edge : ?departement igeo:nom ?nom
 INFO 2016-03-25 13:40:25,938 [pool-74-thread-1] (CallableResult.java:52) - CallableResult for GetEdge
 INFO 2016-03-25 13:40:25,938 [pool-74-thread-2] (CallableResult.java:52) - CallableResult for GetEdge
 INFO 2016-03-25 13:40:25,942 [pool-74-thread-2] (CallableResult.java:63) - Finished CallableResult in 4 ms.
 INFO 2016-03-25 13:40:25,945 [pool-74-thread-1] (CallableResult.java:63) - Finished CallableResult in 7 ms.
 INFO 2016-03-25 13:40:25,945 [main] (ParallelMetaProducerLessBlocking.java:193) - Global results retrieved in getEdges 7ms.
 INFO 2016-03-25 13:40:25,946 [main] (ParallelMetaProducerLessBlocking.java:61) - Searching for edge : ?region igeo:subdivisionDirecte ?departement
 INFO 2016-03-25 13:40:25,946 [pool-75-thread-1] (CallableResult.java:52) - CallableResult for GetEdge
 INFO 2016-03-25 13:40:25,946 [pool-75-thread-2] (CallableResult.java:52) - CallableResult for GetEdge
 INFO 2016-03-25 13:40:25,949 [pool-75-thread-1] (CallableResult.java:63) - Finished CallableResult in 3 ms.
 INFO 2016-03-25 13:40:25,952 [pool-75-thread-2] (CallableResult.java:63) - Finished CallableResult in 6 ms.
 INFO 2016-03-25 13:40:25,953 [main] (ParallelMetaProducerLessBlocking.java:193) - Global results retrieved in getEdges 7ms.
 INFO 2016-03-25 13:40:25,953 [main] (ParallelMetaProducerLessBlocking.java:61) - Searching for edge : ?departement igeo:nom ?nom
 INFO 2016-03-25 13:40:25,953 [pool-76-thread-1] (CallableResult.java:52) - CallableResult for GetEdge
 INFO 2016-03-25 13:40:25,953 [pool-76-thread-2] (CallableResult.java:52) - CallableResult for GetEdge
 INFO 2016-03-25 13:40:25,956 [pool-76-thread-2] (CallableResult.java:63) - Finished CallableResult in 3 ms.
 INFO 2016-03-25 13:40:25,958 [pool-76-thread-1] (CallableResult.java:63) - Finished CallableResult in 5 ms.
 INFO 2016-03-25 13:40:25,958 [main] (ParallelMetaProducerLessBlocking.java:193) - Global results retrieved in getEdges 5ms.
 INFO 2016-03-25 13:40:25,958 [main] (ParallelMetaProducerLessBlocking.java:61) - Searching for edge : ?region igeo:subdivisionDirecte ?departement
 INFO 2016-03-25 13:40:25,958 [pool-77-thread-1] (CallableResult.java:52) - CallableResult for GetEdge
 INFO 2016-03-25 13:40:25,958 [pool-77-thread-2] (CallableResult.java:52) - CallableResult for GetEdge
 INFO 2016-03-25 13:40:25,962 [pool-77-thread-1] (CallableResult.java:63) - Finished CallableResult in 4 ms.
 INFO 2016-03-25 13:40:25,964 [pool-77-thread-2] (CallableResult.java:63) - Finished CallableResult in 6 ms.
 INFO 2016-03-25 13:40:25,965 [main] (ParallelMetaProducerLessBlocking.java:193) - Global results retrieved in getEdges 7ms.
 INFO 2016-03-25 13:40:25,965 [main] (ParallelMetaProducerLessBlocking.java:61) - Searching for edge : ?departement igeo:nom ?nom
 INFO 2016-03-25 13:40:25,965 [pool-78-thread-1] (CallableResult.java:52) - CallableResult for GetEdge
 INFO 2016-03-25 13:40:25,965 [pool-78-thread-2] (CallableResult.java:52) - CallableResult for GetEdge
 INFO 2016-03-25 13:40:25,976 [pool-78-thread-1] (CallableResult.java:63) - Finished CallableResult in 11 ms.
 INFO 2016-03-25 13:40:25,979 [pool-78-thread-2] (CallableResult.java:63) - Finished CallableResult in 14 ms.
 INFO 2016-03-25 13:40:25,979 [main] (ParallelMetaProducerLessBlocking.java:193) - Global results retrieved in getEdges 14ms.
 INFO 2016-03-25 13:40:25,980 [main] (ParallelMetaProducerLessBlocking.java:61) - Searching for edge : ?region igeo:subdivisionDirecte ?departement
 INFO 2016-03-25 13:40:25,980 [pool-79-thread-1] (CallableResult.java:52) - CallableResult for GetEdge
 INFO 2016-03-25 13:40:25,980 [pool-79-thread-2] (CallableResult.java:52) - CallableResult for GetEdge
 INFO 2016-03-25 13:40:25,984 [pool-79-thread-1] (CallableResult.java:63) - Finished CallableResult in 4 ms.
 INFO 2016-03-25 13:40:25,989 [pool-79-thread-2] (CallableResult.java:63) - Finished CallableResult in 9 ms.
 INFO 2016-03-25 13:40:25,989 [main] (ParallelMetaProducerLessBlocking.java:193) - Global results retrieved in getEdges 9ms.
 INFO 2016-03-25 13:40:25,990 [main] (ParallelMetaProducerLessBlocking.java:61) - Searching for edge : ?departement igeo:nom ?nom
 INFO 2016-03-25 13:40:25,990 [pool-80-thread-1] (CallableResult.java:52) - CallableResult for GetEdge
 INFO 2016-03-25 13:40:25,990 [pool-80-thread-2] (CallableResult.java:52) - CallableResult for GetEdge
 INFO 2016-03-25 13:40:25,993 [pool-80-thread-2] (CallableResult.java:63) - Finished CallableResult in 3 ms.
 INFO 2016-03-25 13:40:25,994 [pool-80-thread-1] (CallableResult.java:63) - Finished CallableResult in 4 ms.
 INFO 2016-03-25 13:40:25,994 [main] (ParallelMetaProducerLessBlocking.java:193) - Global results retrieved in getEdges 4ms.
 INFO 2016-03-25 13:40:25,995 [main] (ParallelMetaProducerLessBlocking.java:61) - Searching for edge : ?departement igeo:nom ?nom
 INFO 2016-03-25 13:40:25,995 [pool-81-thread-1] (CallableResult.java:52) - CallableResult for GetEdge
 INFO 2016-03-25 13:40:25,995 [pool-81-thread-2] (CallableResult.java:52) - CallableResult for GetEdge
 INFO 2016-03-25 13:40:26,000 [pool-81-thread-2] (CallableResult.java:63) - Finished CallableResult in 5 ms.
 INFO 2016-03-25 13:40:26,000 [pool-81-thread-1] (CallableResult.java:63) - Finished CallableResult in 5 ms.
 INFO 2016-03-25 13:40:26,000 [main] (ParallelMetaProducerLessBlocking.java:193) - Global results retrieved in getEdges 5ms.
 INFO 2016-03-25 13:40:26,001 [main] (ParallelMetaProducerLessBlocking.java:61) - Searching for edge : ?departement igeo:nom ?nom
 INFO 2016-03-25 13:40:26,001 [pool-82-thread-1] (CallableResult.java:52) - CallableResult for GetEdge
 INFO 2016-03-25 13:40:26,001 [pool-82-thread-2] (CallableResult.java:52) - CallableResult for GetEdge
 INFO 2016-03-25 13:40:26,004 [pool-82-thread-2] (CallableResult.java:63) - Finished CallableResult in 3 ms.
 INFO 2016-03-25 13:40:26,005 [pool-82-thread-1] (CallableResult.java:63) - Finished CallableResult in 4 ms.
 INFO 2016-03-25 13:40:26,006 [main] (ParallelMetaProducerLessBlocking.java:193) - Global results retrieved in getEdges 5ms.
 INFO 2016-03-25 13:40:26,008 [main] (ProviderImplCostMonitoring.java:229) - ** Provider: 
prefix idemo: <http://rdf.insee.fr/def/demo#>
prefix igeo: <http://rdf.insee.fr/def/geo#>
select * 
where
{?departement idemo:population ?popLeg . 
?popLeg idemo:populationTotale ?popTotale . 
filter ((((((((((((((((((((?departement = <http://id.insee.fr/geo/departement/51>) || (?departement = <http://id.insee.fr/geo/departement/10>)) || (?departement = <http://id.insee.fr/geo/departement/52>)) || (?departement = <http://id.insee.fr/geo/departement/38>)) || (?departement = <http://id.insee.fr/geo/departement/74>)) || (?departement = <http://id.insee.fr/geo/departement/42>)) || (?departement = <http://id.insee.fr/geo/departement/26>)) || (?departement = <http://id.insee.fr/geo/departement/73>)) || (?departement = <http://id.insee.fr/geo/departement/69>)) || (?departement = <http://id.insee.fr/geo/departement/13>)) || (?departement = <http://id.insee.fr/geo/departement/976>)) || (?departement = <http://id.insee.fr/geo/departement/90>)) || (?departement = <http://id.insee.fr/geo/departement/39>)) || (?departement = <http://id.insee.fr/geo/departement/25>)) || (?departement = <http://id.insee.fr/geo/departement/54>)) || (?departement = <http://id.insee.fr/geo/departement/12>)) || (?departement = <http://id.insee.fr/geo/departement/65>)) || (?departement = <http://id.insee.fr/geo/departement/23>)) || (?departement = <http://id.insee.fr/geo/departement/78>)) || (?departement = <http://id.insee.fr/geo/departement/75>)) }


 INFO 2016-03-25 13:40:26,092 [main] (ProviderImplCostMonitoring.java:229) - ** Provider: 
prefix idemo: <http://rdf.insee.fr/def/demo#>
prefix igeo: <http://rdf.insee.fr/def/geo#>
select * 
where
{?departement idemo:population ?popLeg . 
?popLeg idemo:populationTotale ?popTotale . 
filter ((((((((((((((((((((?departement = <http://id.insee.fr/geo/departement/77>) || (?departement = <http://id.insee.fr/geo/departement/91>)) || (?departement = <http://id.insee.fr/geo/departement/64>)) || (?departement = <http://id.insee.fr/geo/departement/24>)) || (?departement = <http://id.insee.fr/geo/departement/33>)) || (?departement = <http://id.insee.fr/geo/departement/21>)) || (?departement = <http://id.insee.fr/geo/departement/71>)) || (?departement = <http://id.insee.fr/geo/departement/14>)) || (?departement = <http://id.insee.fr/geo/departement/50>)) || (?departement = <http://id.insee.fr/geo/departement/61>)) || (?departement = <http://id.insee.fr/geo/departement/36>)) || (?departement = <http://id.insee.fr/geo/departement/37>)) || (?departement = <http://id.insee.fr/geo/departement/28>)) || (?departement = <http://id.insee.fr/geo/departement/27>)) || (?departement = <http://id.insee.fr/geo/departement/76>)) || (?departement = <http://id.insee.fr/geo/departement/79>)) || (?departement = <http://id.insee.fr/geo/departement/17>)) || (?departement = <http://id.insee.fr/geo/departement/16>)) || (?departement = <http://id.insee.fr/geo/departement/29>)) || (?departement = <http://id.insee.fr/geo/departement/35>)) }


 INFO 2016-03-25 13:40:26,172 [main] (ProviderImplCostMonitoring.java:229) - ** Provider: 
prefix idemo: <http://rdf.insee.fr/def/demo#>
prefix igeo: <http://rdf.insee.fr/def/geo#>
select * 
where
{?departement idemo:population ?popLeg . 
?popLeg idemo:populationTotale ?popTotale . 
filter ((((((((((((((?departement = <http://id.insee.fr/geo/departement/22>) || (?departement = <http://id.insee.fr/geo/departement/60>)) || (?departement = <http://id.insee.fr/geo/departement/72>)) || (?departement = <http://id.insee.fr/geo/departement/53>)) || (?departement = <http://id.insee.fr/geo/departement/15>)) || (?departement = <http://id.insee.fr/geo/departement/63>)) || (?departement = <http://id.insee.fr/geo/departement/974>)) || (?departement = <http://id.insee.fr/geo/departement/973>)) || (?departement = <http://id.insee.fr/geo/departement/972>)) || (?departement = <http://id.insee.fr/geo/departement/971>)) || (?departement = <http://id.insee.fr/geo/departement/2A>)) || (?departement = <http://id.insee.fr/geo/departement/66>)) || (?departement = <http://id.insee.fr/geo/departement/11>)) || (?departement = <http://id.insee.fr/geo/departement/34>)) }


 INFO 2016-03-25 13:40:26,237 [main] (TestDQP.java:207) - 53 results in 1479 ms
 INFO 2016-03-25 13:40:26,238 [main] (TestDQP.java:208) - 
01 ?nom = "Creuse"; ?popTotale = 125714; 
02 ?nom = "Territoire de Belfort"; ?popTotale = 147777; 
03 ?nom = "Corse-du-Sud"; ?popTotale = 151621; 
04 ?nom = "Cantal"; ?popTotale = 152797; 
05 ?nom = "Haute-Marne"; ?popTotale = 188083; 
06 ?nom = "Indre"; ?popTotale = 235181; 
07 ?nom = "Hautes-Pyrnes"; ?popTotale = 236728; 
08 ?nom = "Guyane"; ?popTotale = 246507; 
09 ?nom = "Jura"; ?popTotale = 270914; 
10 ?nom = "Aveyron"; ?popTotale = 289257; 
11 ?nom = "Orne"; ?popTotale = 298248; 
12 ?nom = "Aube"; ?popTotale = 314825; 
13 ?nom = "Mayenne"; ?popTotale = 318095; 
14 ?nom = "Charente"; ?popTotale = 366587; 
15 ?nom = "Aude"; ?popTotale = 374868; 
16 ?nom = "Deux-Svres"; ?popTotale = 383079; 
17 ?nom = "Martinique"; ?popTotale = 391837; 
18 ?nom = "Guadeloupe"; ?popTotale = 409055; 
19 ?nom = "Dordogne"; ?popTotale = 429579; 
20 ?nom = "Savoie"; ?popTotale = 437915; 
21 ?nom = "Eure-et-Loir"; ?popTotale = 444385; 
22 ?nom = "Pyrnes-Orientales"; ?popTotale = 471573; 
23 ?nom = "Drme"; ?popTotale = 509444; 
24 ?nom = "Manche"; ?popTotale = 518364; 
25 ?nom = "Cte-d\'Or"; ?popTotale = 543648; 
26 ?nom = "Doubs"; ?popTotale = 548026; 
27 ?nom = "Sane-et-Loire"; ?popTotale = 575097; 
28 ?nom = "Marne"; ?popTotale = 583691; 
29 ?nom = "Sarthe"; ?popTotale = 584865; 
30 ?nom = "Eure"; ?popTotale = 612518; 
31 ?nom = "Indre-et-Loire"; ?popTotale = 615557; 
32 ?nom = "Ctes-d\'Armor"; ?popTotale = 617565; 
33 ?nom = "Charente-Maritime"; ?popTotale = 652610; 
34 ?nom = "Puy-de-Dme"; ?popTotale = 658489; 
35 ?nom = "Pyrnes-Atlantiques"; ?popTotale = 685564; 
36 ?nom = "Calvados"; ?popTotale = 706635; 
37 ?nom = "Meurthe-et-Moselle"; ?popTotale = 745398; 
38 ?nom = "Loire"; ?popTotale = 774144; 
39 ?nom = "Haute-Savoie"; ?popTotale = 793342; 
40 ?nom = "Oise"; ?popTotale = 835918; 
41 ?nom = "La Runion"; ?popTotale = 844741; 
42 ?nom = "Finistre"; ?popTotale = 934625; 
43 ?nom = "Ille-et-Vilaine"; ?popTotale = 1047873; 
44 ?nom = "Hrault"; ?popTotale = 1111881; 
45 ?nom = "Isre"; ?popTotale = 1263850; 
46 ?nom = "Essonne"; ?popTotale = 1273233; 
47 ?nom = "Seine-Maritime"; ?popTotale = 1280410; 
48 ?nom = "Seine-et-Marne"; ?popTotale = 1387830; 
49 ?nom = "Yvelines"; ?popTotale = 1446301; 
50 ?nom = "Gironde"; ?popTotale = 1536448; 
51 ?nom = "Rhne"; ?popTotale = 1812196; 
52 ?nom = "Bouches-du-Rhne"; ?popTotale = 2022604; 
53 ?nom = "Paris"; ?popTotale = 2254262; 

 INFO 2016-03-25 13:40:26,238 [main] (TestDQP.java:209) - Remote queries
 INFO 2016-03-25 13:40:26,239 [main] (TestDQP.java:210) - =========
	?region igeo:subdivisionDirecte ?departement
	50
--
	prefix idemo: <http://rdf.insee.fr/def/demo#> prefix igeo: <http://rdf.insee.fr/def/geo#> select *  where {?departement idemo:population ?popLeg .  ?popLeg idemo:populationTotale ?popTotale .  filter ((((((((((((((((((((?departement = <http://id.insee.fr/geo/departement/51>) || (?departement = <http://id.insee.fr/geo/departement/10>)) || (?departement = <http://id.insee.fr/geo/departement/52>)) || (?departement = <http://id.insee.fr/geo/departement/38>)) || (?departement = <http://id.insee.fr/geo/departement/74>)) || (?departement = <http://id.insee.fr/geo/departement/42>)) || (?departement = <http://id.insee.fr/geo/departement/26>)) || (?departement = <http://id.insee.fr/geo/departement/73>)) || (?departement = <http://id.insee.fr/geo/departement/69>)) || (?departement = <http://id.insee.fr/geo/departement/13>)) || (?departement = <http://id.insee.fr/geo/departement/976>)) || (?departement = <http://id.insee.fr/geo/departement/90>)) || (?departement = <http://id.insee.fr/geo/departement/39>)) || (?departement = <http://id.insee.fr/geo/departement/25>)) || (?departement = <http://id.insee.fr/geo/departement/54>)) || (?departement = <http://id.insee.fr/geo/departement/12>)) || (?departement = <http://id.insee.fr/geo/departement/65>)) || (?departement = <http://id.insee.fr/geo/departement/23>)) || (?departement = <http://id.insee.fr/geo/departement/78>)) || (?departement = <http://id.insee.fr/geo/departement/75>)) }  
	1
--
	?region igeo:codeRegion ?v
	3
--
	prefix idemo: <http://rdf.insee.fr/def/demo#> prefix igeo: <http://rdf.insee.fr/def/geo#> select *  where {?departement idemo:population ?popLeg .  ?popLeg idemo:populationTotale ?popTotale .  filter ((((((((((((((?departement = <http://id.insee.fr/geo/departement/22>) || (?departement = <http://id.insee.fr/geo/departement/60>)) || (?departement = <http://id.insee.fr/geo/departement/72>)) || (?departement = <http://id.insee.fr/geo/departement/53>)) || (?departement = <http://id.insee.fr/geo/departement/15>)) || (?departement = <http://id.insee.fr/geo/departement/63>)) || (?departement = <http://id.insee.fr/geo/departement/974>)) || (?departement = <http://id.insee.fr/geo/departement/973>)) || (?departement = <http://id.insee.fr/geo/departement/972>)) || (?departement = <http://id.insee.fr/geo/departement/971>)) || (?departement = <http://id.insee.fr/geo/departement/2A>)) || (?departement = <http://id.insee.fr/geo/departement/66>)) || (?departement = <http://id.insee.fr/geo/departement/11>)) || (?departement = <http://id.insee.fr/geo/departement/34>)) }  
	1
--
	?departement igeo:nom ?nom
	112
--
	prefix idemo: <http://rdf.insee.fr/def/demo#> prefix igeo: <http://rdf.insee.fr/def/geo#> select *  where {?departement idemo:population ?popLeg .  ?popLeg idemo:populationTotale ?popTotale .  filter ((((((((((((((((((((?departement = <http://id.insee.fr/geo/departement/77>) || (?departement = <http://id.insee.fr/geo/departement/91>)) || (?departement = <http://id.insee.fr/geo/departement/64>)) || (?departement = <http://id.insee.fr/geo/departement/24>)) || (?departement = <http://id.insee.fr/geo/departement/33>)) || (?departement = <http://id.insee.fr/geo/departement/21>)) || (?departement = <http://id.insee.fr/geo/departement/71>)) || (?departement = <http://id.insee.fr/geo/departement/14>)) || (?departement = <http://id.insee.fr/geo/departement/50>)) || (?departement = <http://id.insee.fr/geo/departement/61>)) || (?departement = <http://id.insee.fr/geo/departement/36>)) || (?departement = <http://id.insee.fr/geo/departement/37>)) || (?departement = <http://id.insee.fr/geo/departement/28>)) || (?departement = <http://id.insee.fr/geo/departement/27>)) || (?departement = <http://id.insee.fr/geo/departement/76>)) || (?departement = <http://id.insee.fr/geo/departement/79>)) || (?departement = <http://id.insee.fr/geo/departement/17>)) || (?departement = <http://id.insee.fr/geo/departement/16>)) || (?departement = <http://id.insee.fr/geo/departement/29>)) || (?departement = <http://id.insee.fr/geo/departement/35>)) }  
	1
--
	>====  Sum = 168  =====

 INFO 2016-03-25 13:40:26,239 [main] (TestDQP.java:211) - Transferred results per query
 INFO 2016-03-25 13:40:26,240 [main] (TestDQP.java:212) - =========
	?region igeo:subdivisionDirecte ?departement
	56
--
	prefix idemo: <http://rdf.insee.fr/def/demo#> prefix igeo: <http://rdf.insee.fr/def/geo#> select *  where {?departement idemo:population ?popLeg .  ?popLeg idemo:populationTotale ?popTotale .  filter ((((((((((((((((((((?departement = <http://id.insee.fr/geo/departement/51>) || (?departement = <http://id.insee.fr/geo/departement/10>)) || (?departement = <http://id.insee.fr/geo/departement/52>)) || (?departement = <http://id.insee.fr/geo/departement/38>)) || (?departement = <http://id.insee.fr/geo/departement/74>)) || (?departement = <http://id.insee.fr/geo/departement/42>)) || (?departement = <http://id.insee.fr/geo/departement/26>)) || (?departement = <http://id.insee.fr/geo/departement/73>)) || (?departement = <http://id.insee.fr/geo/departement/69>)) || (?departement = <http://id.insee.fr/geo/departement/13>)) || (?departement = <http://id.insee.fr/geo/departement/976>)) || (?departement = <http://id.insee.fr/geo/departement/90>)) || (?departement = <http://id.insee.fr/geo/departement/39>)) || (?departement = <http://id.insee.fr/geo/departement/25>)) || (?departement = <http://id.insee.fr/geo/departement/54>)) || (?departement = <http://id.insee.fr/geo/departement/12>)) || (?departement = <http://id.insee.fr/geo/departement/65>)) || (?departement = <http://id.insee.fr/geo/departement/23>)) || (?departement = <http://id.insee.fr/geo/departement/78>)) || (?departement = <http://id.insee.fr/geo/departement/75>)) }  
	19
--
	?region igeo:codeRegion ?v
	51
--
	prefix idemo: <http://rdf.insee.fr/def/demo#> prefix igeo: <http://rdf.insee.fr/def/geo#> select *  where {?departement idemo:population ?popLeg .  ?popLeg idemo:populationTotale ?popTotale .  filter ((((((((((((((?departement = <http://id.insee.fr/geo/departement/22>) || (?departement = <http://id.insee.fr/geo/departement/60>)) || (?departement = <http://id.insee.fr/geo/departement/72>)) || (?departement = <http://id.insee.fr/geo/departement/53>)) || (?departement = <http://id.insee.fr/geo/departement/15>)) || (?departement = <http://id.insee.fr/geo/departement/63>)) || (?departement = <http://id.insee.fr/geo/departement/974>)) || (?departement = <http://id.insee.fr/geo/departement/973>)) || (?departement = <http://id.insee.fr/geo/departement/972>)) || (?departement = <http://id.insee.fr/geo/departement/971>)) || (?departement = <http://id.insee.fr/geo/departement/2A>)) || (?departement = <http://id.insee.fr/geo/departement/66>)) || (?departement = <http://id.insee.fr/geo/departement/11>)) || (?departement = <http://id.insee.fr/geo/departement/34>)) }  
	14
--
	?departement igeo:nom ?nom
	54
--
	prefix idemo: <http://rdf.insee.fr/def/demo#> prefix igeo: <http://rdf.insee.fr/def/geo#> select *  where {?departement idemo:population ?popLeg .  ?popLeg idemo:populationTotale ?popTotale .  filter ((((((((((((((((((((?departement = <http://id.insee.fr/geo/departement/77>) || (?departement = <http://id.insee.fr/geo/departement/91>)) || (?departement = <http://id.insee.fr/geo/departement/64>)) || (?departement = <http://id.insee.fr/geo/departement/24>)) || (?departement = <http://id.insee.fr/geo/departement/33>)) || (?departement = <http://id.insee.fr/geo/departement/21>)) || (?departement = <http://id.insee.fr/geo/departement/71>)) || (?departement = <http://id.insee.fr/geo/departement/14>)) || (?departement = <http://id.insee.fr/geo/departement/50>)) || (?departement = <http://id.insee.fr/geo/departement/61>)) || (?departement = <http://id.insee.fr/geo/departement/36>)) || (?departement = <http://id.insee.fr/geo/departement/37>)) || (?departement = <http://id.insee.fr/geo/departement/28>)) || (?departement = <http://id.insee.fr/geo/departement/27>)) || (?departement = <http://id.insee.fr/geo/departement/76>)) || (?departement = <http://id.insee.fr/geo/departement/79>)) || (?departement = <http://id.insee.fr/geo/departement/17>)) || (?departement = <http://id.insee.fr/geo/departement/16>)) || (?departement = <http://id.insee.fr/geo/departement/29>)) || (?departement = <http://id.insee.fr/geo/departement/35>)) }  
	20
--
	>====  Sum = 214  =====

 INFO 2016-03-25 13:40:26,240 [main] (TestDQP.java:213) - Remote queries per data source
 INFO 2016-03-25 13:40:26,240 [main] (TestDQP.java:214) - =========
	http://localhost:8095/sparql
	57
--
	http://localhost:8093/sparql
	26
--
	http://localhost:8094/sparql
	82
--
	http://localhost:8096/sparql
	3
--
	>====  Sum = 168  =====

 INFO 2016-03-25 13:40:26,240 [main] (TestDQP.java:215) - Transferred results per source
 INFO 2016-03-25 13:40:26,240 [main] (TestDQP.java:216) - =========
	http://localhost:8095/sparql
	37
--
	http://localhost:8093/sparql
	22
--
	http://localhost:8094/sparql
	102
--
	http://localhost:8096/sparql
	53
--
	>====  Sum = 214  =====

